240910232842589 ThreadServer.run()	INFO: (0) > Thread waiting for new client....
240910232847460 ThreadServer.run()	INFO: 



240910232847462 ThreadServer.run()	INFO: paquete recibido LENGHT: 40
240910232847463 ThreadServer.run()	INFO: paquete recibido creado LENGHT: 40
240910232847464 ThreadServer.run()	INFO: paquete enviado a DNS 0
240910232847466 ThreadServer.run()	INFO: (0) > Thread waiting for new client....
240910232847554 ThreadServer.run()	INFO: source del packet: /8.8.8.8
240910232847564 ThreadServer.run()	INFO: HEXADECIMAL recibido: 0 1 81 83 0 1 0 0 0 1 0 0 1 31 1 30 1 30 3 31 32 37 7 69 6e 2d 61 64 64 72 4 61 72 70 61 0 0 c 0 1 c0 16 0 6 0 1 0 0 4 d8 0 38 1 62 f 69 6e 2d 61 64 64 72 2d 73 65 72 76 65 72 73 c0 1e 5 6e 73 74 6c 64 4 69 61 6e 61 3 6f 72 67 0 78 86 b8 bf 0 0 7 8 0 0 3 84 0 9 3a 80 0 0 e 10
240910232847576 ThreadServer.run()	INFO: (0) > Thread waiting for new client....
240910232847586 ThreadServer.run()	INFO: 



240910232847588 ThreadServer.run()	INFO: paquete recibido LENGHT: 25
240910232847589 ThreadServer.run()	INFO: paquete recibido creado LENGHT: 25
240910232847591 ThreadServer.run()	INFO: paquete enviado a DNS 0
240910232847592 ThreadServer.run()	INFO: (0) > Thread waiting for new client....
240910232847676 ThreadServer.run()	INFO: source del packet: /8.8.8.8
240910232847692 ThreadServer.run()	INFO: HEXADECIMAL recibido: 0 2 81 80 0 1 0 2 0 0 0 0 3 75 66 6d 3 65 64 75 0 0 1 0 1 c0 c 0 1 0 1 0 0 0 3c 0 4 12 cd 1e ca c0 c 0 1 0 1 0 0 0 3c 0 4 6b 16 6a e6
240910232847709 ThreadServer.run()	INFO: (0) > Thread waiting for new client....
240910232847722 ThreadServer.run()	INFO: 



240910232847725 ThreadServer.run()	INFO: paquete recibido LENGHT: 25
240910232847726 ThreadServer.run()	INFO: paquete recibido creado LENGHT: 25
240910232847727 ThreadServer.run()	INFO: paquete enviado a DNS 0
240910232847728 ThreadServer.run()	INFO: (0) > Thread waiting for new client....
240910232847876 ThreadServer.run()	INFO: source del packet: /8.8.8.8
240910232847879 ThreadServer.run()	INFO: HEXADECIMAL recibido: 0 3 81 80 0 1 0 0 0 1 0 0 3 75 66 6d 3 65 64 75 0 0 1c 0 1 c0 c 0 6 0 1 0 0 3 84 0 49 7 6e 73 2d 31 31 36 38 9 61 77 73 64 6e 73 2d 31 38 3 6f 72 67 0 11 61 77 73 64 6e 73 2d 68 6f 73 74 6d 61 73 74 65 72 6 61 6d 61 7a 6f 6e 3 63 6f 6d 0 0 0 0 1 0 0 1c 20 0 0 3 84 0 12 75 0 0 1 51 80
240910232847885 ThreadServer.run()	INFO: (0) > Thread waiting for new client....
240910232854835 ThreadServer.run()	INFO: 



240910232854836 ThreadServer.run()	INFO: paquete recibido LENGHT: 40
240910232854837 ThreadServer.run()	INFO: paquete recibido creado LENGHT: 40
240910232854838 ThreadServer.run()	INFO: paquete enviado a DNS 0
240910232854839 ThreadServer.run()	INFO: (0) > Thread waiting for new client....
240910232854973 ThreadServer.run()	INFO: source del packet: /8.8.8.8
240910232854975 ThreadServer.run()	INFO: HEXADECIMAL recibido: 0 1 81 83 0 1 0 0 0 1 0 0 1 31 1 30 1 30 3 31 32 37 7 69 6e 2d 61 64 64 72 4 61 72 70 61 0 0 c 0 1 c0 16 0 6 0 1 0 0 c b4 0 38 1 62 f 69 6e 2d 61 64 64 72 2d 73 65 72 76 65 72 73 c0 1e 5 6e 73 74 6c 64 4 69 61 6e 61 3 6f 72 67 0 78 86 b8 bf 0 0 7 8 0 0 3 84 0 9 3a 80 0 0 e 10
240910232854979 ThreadServer.run()	INFO: (0) > Thread waiting for new client....
240910232854984 ThreadServer.run()	INFO: 



240910232854985 ThreadServer.run()	INFO: paquete recibido LENGHT: 29
240910232854985 ThreadServer.run()	INFO: paquete recibido creado LENGHT: 29
240910232854986 ThreadServer.run()	INFO: paquete enviado a DNS 0
240910232854986 ThreadServer.run()	INFO: (0) > Thread waiting for new client....
240910232855047 ThreadServer.run()	INFO: source del packet: /8.8.8.8
240910232855057 ThreadServer.run()	INFO: HEXADECIMAL recibido: 0 2 81 80 0 1 0 4 0 0 0 0 7 67 61 6c 69 6c 65 6f 3 65 64 75 0 0 1 0 1 c0 c 0 1 0 1 0 0 6 56 0 4 d8 ef 26 15 c0 c 0 1 0 1 0 0 6 56 0 4 d8 ef 20 15 c0 c 0 1 0 1 0 0 6 56 0 4 d8 ef 24 15 c0 c 0 1 0 1 0 0 6 56 0 4 d8 ef 22 15
240910232855073 ThreadServer.run()	INFO: (0) > Thread waiting for new client....
240910232855084 ThreadServer.run()	INFO: 



240910232855086 ThreadServer.run()	INFO: paquete recibido LENGHT: 29
240910232855087 ThreadServer.run()	INFO: paquete recibido creado LENGHT: 29
240910232855088 ThreadServer.run()	INFO: paquete enviado a DNS 0
240910232855089 ThreadServer.run()	INFO: (0) > Thread waiting for new client....
240910232855245 ThreadServer.run()	INFO: source del packet: /8.8.8.8
240910232855248 ThreadServer.run()	INFO: HEXADECIMAL recibido: 0 3 81 80 0 1 0 0 0 1 0 0 7 67 61 6c 69 6c 65 6f 3 65 64 75 0 0 1c 0 1 c0 c 0 6 0 1 0 0 1 2c 0 40 b 6e 73 2d 63 6c 6f 75 64 2d 63 31 d 67 6f 6f 67 6c 65 64 6f 6d 61 69 6e 73 3 63 6f 6d 0 a 68 6f 73 74 6d 61 73 74 65 72 c0 c 78 a5 a b5 0 0 54 60 0 0 e 10 0 12 75 0 0 0 1 2c
240910232855255 ThreadServer.run()	INFO: (0) > Thread waiting for new client....
240910232901283 ThreadServer.run()	INFO: 



240910232901284 ThreadServer.run()	INFO: paquete recibido LENGHT: 32
240910232901284 ThreadServer.run()	INFO: paquete recibido creado LENGHT: 32
240910232901285 ThreadServer.run()	INFO: paquete enviado a DNS 0
240910232901286 ThreadServer.run()	INFO: (0) > Thread waiting for new client....
240910232901290 ThreadServer.run()	INFO: 



240910232901291 ThreadServer.run()	INFO: paquete recibido LENGHT: 32
240910232901292 ThreadServer.run()	INFO: paquete recibido creado LENGHT: 32
240910232901292 ThreadServer.run()	INFO: paquete enviado a DNS 0
240910232901293 ThreadServer.run()	INFO: (0) > Thread waiting for new client....
240910232901342 ThreadServer.run()	INFO: source del packet: /8.8.8.8
240910232901348 ThreadServer.run()	INFO: HEXADECIMAL recibido: dc bc 81 80 0 1 0 3 0 0 0 0 4 61 70 69 32 6 63 75 72 73 6f 72 2 73 68 0 0 1 0 1 c0 c 0 1 0 1 0 0 0 5 0 4 22 cd ef ab c0 c 0 1 0 1 0 0 0 5 0 4 3 e8 dc 45 c0 c 0 1 0 1 0 0 0 5 0 4 3 de 6a 54
240910232901358 ThreadServer.run()	INFO: (0) > Thread waiting for new client....
240910232901358 ThreadServer.run()	INFO: source del packet: /8.8.8.8
240910232901360 ThreadServer.run()	INFO: HEXADECIMAL recibido: b4 90 81 80 0 1 0 0 0 1 0 0 4 61 70 69 32 6 63 75 72 73 6f 72 2 73 68 0 0 1c 0 1 c0 11 0 6 0 1 0 0 1 88 0 49 7 6e 73 2d 31 31 34 33 9 61 77 73 64 6e 73 2d 31 34 3 6f 72 67 0 11 61 77 73 64 6e 73 2d 68 6f 73 74 6d 61 73 74 65 72 6 61 6d 61 7a 6f 6e 3 63 6f 6d 0 0 0 0 1 0 0 1c 20 0 0 3 84 0 12 75 0 0 1 51 80
240910232901365 ThreadServer.run()	INFO: (0) > Thread waiting for new client....
240910232901750 ThreadServer.run()	INFO: 



240910232901751 ThreadServer.run()	INFO: paquete recibido LENGHT: 49
240910232901752 ThreadServer.run()	INFO: paquete recibido creado LENGHT: 49
240910232901753 ThreadServer.run()	INFO: paquete enviado a DNS 0
240910232901754 ThreadServer.run()	INFO: (0) > Thread waiting for new client....
240910232901762 ThreadServer.run()	INFO: 



240910232901763 ThreadServer.run()	INFO: paquete recibido LENGHT: 49
240910232901764 ThreadServer.run()	INFO: paquete recibido creado LENGHT: 49
240910232901764 ThreadServer.run()	INFO: paquete enviado a DNS 0
240910232901765 ThreadServer.run()	INFO: (0) > Thread waiting for new client....
240910232901823 ThreadServer.run()	INFO: source del packet: /8.8.8.8
240910232901853 ThreadServer.run()	INFO: HEXADECIMAL recibido: 50 8f 81 80 0 1 0 b 0 0 0 0 10 64 72 69 76 65 66 72 6f 6e 74 65 6e 64 2d 70 61 a 67 6f 6f 67 6c 65 61 70 69 73 3 63 6f 6d 0 0 1 0 1 c0 c 0 1 0 1 0 0 1 2c 0 4 c0 b2 32 2a c0 c 0 1 0 1 0 0 1 2c 0 4 8e fa 40 aa c0 c 0 1 0 1 0 0 1 2c 0 4 ac d9 a5 ca c0 c 0 1 0 1 0 0 1 2c 0 4 8e fa d9 ca c0 c 0 1 0 1 0 0 1 2c 0 4 8e fa bd 8a c0 c 0 1 0 1 0 0 1 2c 0 4 ac d9 3 4a c0 c 0 1 0 1 0 0 1 2c 0 4 c0 b2 32 4a c0 c 0 1 0 1 0 0 1 2c 0 4 8e fa d9 ea c0 c 0 1 0 1 0 0 1 2c 0 4 ac d9 2 ca c0 c 0 1 0 1 0 0 1 2c 0 4 8e fa 40 ca c0 c 0 1 0 1 0 0 1 2c 0 4 8e fa d9 aa
240910232901884 ThreadServer.run()	INFO: (0) > Thread waiting for new client....
240910232901885 ThreadServer.run()	INFO: source del packet: /8.8.8.8
240910232901923 ThreadServer.run()	INFO: HEXADECIMAL recibido: 4c ad 81 80 0 1 0 4 0 0 0 0 10 64 72 69 76 65 66 72 6f 6e 74 65 6e 64 2d 70 61 a 67 6f 6f 67 6c 65 61 70 69 73 3 63 6f 6d 0 0 1c 0 1 c0 c 0 1c 0 1 0 0 1 2c 0 10 26 7 f8 b0 40 8 8 0 0 0 0 0 0 0 20 a c0 c 0 1c 0 1 0 0 1 2c 0 10 26 7 f8 b0 40 8 8 5 0 0 0 0 0 0 20 a c0 c 0 1c 0 1 0 0 1 2c 0 10 26 7 f8 b0 40 8 8 13 0 0 0 0 0 0 20 a c0 c 0 1c 0 1 0 0 1 2c 0 10 26 7 f8 b0 40 8 8 d 0 0 0 0 0 0 20 a
240910232901940 ThreadServer.run()	INFO: (0) > Thread waiting for new client....
240910232901945 ThreadServer.run()	INFO: 



240910232901945 ThreadServer.run()	INFO: paquete recibido LENGHT: 49
240910232901946 ThreadServer.run()	INFO: paquete recibido creado LENGHT: 49
240910232901947 ThreadServer.run()	INFO: paquete enviado a DNS 0
240910232901948 ThreadServer.run()	INFO: (0) > Thread waiting for new client....
240910232901999 ThreadServer.run()	INFO: 



240910232902001 ThreadServer.run()	INFO: paquete recibido LENGHT: 32
240910232902001 ThreadServer.run()	INFO: paquete recibido creado LENGHT: 32
240910232902002 ThreadServer.run()	INFO: paquete enviado a DNS 0
240910232902003 ThreadServer.run()	INFO: (0) > Thread waiting for new client....
240910232902008 ThreadServer.run()	INFO: 



240910232902010 ThreadServer.run()	INFO: paquete recibido LENGHT: 32
240910232902011 ThreadServer.run()	INFO: paquete recibido creado LENGHT: 32
240910232902012 ThreadServer.run()	INFO: paquete enviado a DNS 0
240910232902013 ThreadServer.run()	INFO: (0) > Thread waiting for new client....
240910232902019 ThreadServer.run()	INFO: 



240910232902020 ThreadServer.run()	INFO: paquete recibido LENGHT: 32
240910232902021 ThreadServer.run()	INFO: paquete recibido creado LENGHT: 32
240910232902022 ThreadServer.run()	INFO: paquete enviado a DNS 0
240910232902023 ThreadServer.run()	INFO: (0) > Thread waiting for new client....
240910232902023 ThreadServer.run()	INFO: source del packet: /8.8.8.8
240910232902046 ThreadServer.run()	INFO: HEXADECIMAL recibido: 4c ad 81 80 0 1 0 4 0 0 0 0 10 64 72 69 76 65 66 72 6f 6e 74 65 6e 64 2d 70 61 a 67 6f 6f 67 6c 65 61 70 69 73 3 63 6f 6d 0 0 1c 0 1 c0 c 0 1c 0 1 0 0 1 2c 0 10 26 7 f8 b0 40 8 8 b 0 0 0 0 0 0 20 a c0 c 0 1c 0 1 0 0 1 2c 0 10 26 7 f8 b0 40 8 8 a 0 0 0 0 0 0 20 a c0 c 0 1c 0 1 0 0 1 2c 0 10 26 7 f8 b0 40 8 8 15 0 0 0 0 0 0 20 a c0 c 0 1c 0 1 0 0 1 2c 0 10 26 7 f8 b0 40 8 8 14 0 0 0 0 0 0 20 a
240910232902072 ThreadServer.run()	INFO: (0) > Thread waiting for new client....
240910232902073 ThreadServer.run()	INFO: source del packet: /8.8.8.8
240910232902075 ThreadServer.run()	INFO: HEXADECIMAL recibido: 11 67 81 80 0 1 0 0 0 1 0 0 4 61 70 69 32 6 63 75 72 73 6f 72 2 73 68 0 0 1c 0 1 c0 11 0 6 0 1 0 0 0 82 0 49 7 6e 73 2d 31 31 34 33 9 61 77 73 64 6e 73 2d 31 34 3 6f 72 67 0 11 61 77 73 64 6e 73 2d 68 6f 73 74 6d 61 73 74 65 72 6 61 6d 61 7a 6f 6e 3 63 6f 6d 0 0 0 0 1 0 0 1c 20 0 0 3 84 0 12 75 0 0 1 51 80
240910232902081 ThreadServer.run()	INFO: (0) > Thread waiting for new client....
240910232902082 ThreadServer.run()	INFO: source del packet: /8.8.8.8
240910232902091 ThreadServer.run()	INFO: HEXADECIMAL recibido: e9 b4 81 80 0 1 0 3 0 0 0 0 4 61 70 69 32 6 63 75 72 73 6f 72 2 73 68 0 0 1 0 1 c0 c 0 1 0 1 0 0 0 2 0 4 3 e8 dc 45 c0 c 0 1 0 1 0 0 0 2 0 4 3 de 6a 54 c0 c 0 1 0 1 0 0 0 2 0 4 22 cd ef ab
240910232902103 ThreadServer.run()	INFO: (0) > Thread waiting for new client....
240910232902104 ThreadServer.run()	INFO: source del packet: /8.8.8.8
240910232902106 ThreadServer.run()	INFO: HEXADECIMAL recibido: a6 5e 81 80 0 1 0 0 0 1 0 0 4 61 70 69 32 6 63 75 72 73 6f 72 2 73 68 0 0 41 0 1 c0 11 0 6 0 1 0 0 0 a4 0 49 7 6e 73 2d 31 31 34 33 9 61 77 73 64 6e 73 2d 31 34 3 6f 72 67 0 11 61 77 73 64 6e 73 2d 68 6f 73 74 6d 61 73 74 65 72 6 61 6d 61 7a 6f 6e 3 63 6f 6d 0 0 0 0 1 0 0 1c 20 0 0 3 84 0 12 75 0 0 1 51 80
240910232902110 ThreadServer.run()	INFO: (0) > Thread waiting for new client....
240910232903065 ThreadServer.run()	INFO: 



240910232903067 ThreadServer.run()	INFO: paquete recibido LENGHT: 32
240910232903068 ThreadServer.run()	INFO: paquete recibido creado LENGHT: 32
240910232903068 ThreadServer.run()	INFO: paquete enviado a DNS 0
240910232903069 ThreadServer.run()	INFO: (0) > Thread waiting for new client....
240910232903075 ThreadServer.run()	INFO: 



240910232903076 ThreadServer.run()	INFO: paquete recibido LENGHT: 32
240910232903077 ThreadServer.run()	INFO: paquete recibido creado LENGHT: 32
240910232903078 ThreadServer.run()	INFO: paquete enviado a DNS 0
240910232903079 ThreadServer.run()	INFO: (0) > Thread waiting for new client....
240910232903143 ThreadServer.run()	INFO: source del packet: /8.8.8.8
240910232903146 ThreadServer.run()	INFO: HEXADECIMAL recibido: fe 60 81 80 0 1 0 0 0 1 0 0 4 61 70 69 34 6 63 75 72 73 6f 72 2 73 68 0 0 1c 0 1 c0 11 0 6 0 1 0 0 0 31 0 49 7 6e 73 2d 31 31 34 33 9 61 77 73 64 6e 73 2d 31 34 3 6f 72 67 0 11 61 77 73 64 6e 73 2d 68 6f 73 74 6d 61 73 74 65 72 6 61 6d 61 7a 6f 6e 3 63 6f 6d 0 0 0 0 1 0 0 1c 20 0 0 3 84 0 12 75 0 0 1 51 80
240910232903154 ThreadServer.run()	INFO: (0) > Thread waiting for new client....
240910232903157 ThreadServer.run()	INFO: source del packet: /8.8.8.8
240910232903164 ThreadServer.run()	INFO: HEXADECIMAL recibido: e8 aa 81 80 0 1 0 2 0 0 0 0 4 61 70 69 34 6 63 75 72 73 6f 72 2 73 68 0 0 1 0 1 c0 c 0 1 0 1 0 0 0 79 0 4 23 47 a2 18 c0 c 0 1 0 1 0 0 0 79 0 4 d f8 f1 7
240910232903176 ThreadServer.run()	INFO: (0) > Thread waiting for new client....
240910232911756 ThreadServer.run()	INFO: 



240910232911757 ThreadServer.run()	INFO: paquete recibido LENGHT: 37
240910232911757 ThreadServer.run()	INFO: paquete recibido creado LENGHT: 37
240910232911757 ThreadServer.run()	INFO: paquete enviado a DNS 0
240910232911758 ThreadServer.run()	INFO: (0) > Thread waiting for new client....
240910232911762 ThreadServer.run()	INFO: 



240910232911762 ThreadServer.run()	INFO: paquete recibido LENGHT: 37
240910232911763 ThreadServer.run()	INFO: paquete recibido creado LENGHT: 37
240910232911763 ThreadServer.run()	INFO: paquete enviado a DNS 0
240910232911764 ThreadServer.run()	INFO: (0) > Thread waiting for new client....
240910232911832 ThreadServer.run()	INFO: source del packet: /8.8.8.8
240910232911840 ThreadServer.run()	INFO: HEXADECIMAL recibido: 55 42 81 80 0 1 0 4 0 0 0 0 4 70 6c 61 79 a 67 6f 6f 67 6c 65 61 70 69 73 3 63 6f 6d 0 0 1 0 1 c0 c 0 1 0 1 0 0 0 34 0 4 d8 ef 24 df c0 c 0 1 0 1 0 0 0 34 0 4 d8 ef 22 df c0 c 0 1 0 1 0 0 0 34 0 4 d8 ef 26 df c0 c 0 1 0 1 0 0 0 34 0 4 d8 ef 20 df
240910232911853 ThreadServer.run()	INFO: (0) > Thread waiting for new client....
240910232911854 ThreadServer.run()	INFO: source del packet: /8.8.8.8
240910232911860 ThreadServer.run()	INFO: HEXADECIMAL recibido: c c8 81 80 0 1 0 4 0 0 0 0 4 70 6c 61 79 a 67 6f 6f 67 6c 65 61 70 69 73 3 63 6f 6d 0 0 1c 0 1 c0 c 0 1c 0 1 0 0 1 21 0 10 20 1 48 60 48 2 0 34 0 0 0 0 0 0 2 23 c0 c 0 1c 0 1 0 0 1 21 0 10 20 1 48 60 48 2 0 32 0 0 0 0 0 0 2 23 c0 c 0 1c 0 1 0 0 1 21 0 10 20 1 48 60 48 2 0 36 0 0 0 0 0 0 2 23 c0 c 0 1c 0 1 0 0 1 21 0 10 20 1 48 60 48 2 0 38 0 0 0 0 0 0 2 23
240910232911876 ThreadServer.run()	INFO: (0) > Thread waiting for new client....
240910232914521 ThreadServer.run()	INFO: 



240910232914522 ThreadServer.run()	INFO: paquete recibido LENGHT: 32
240910232914523 ThreadServer.run()	INFO: paquete recibido creado LENGHT: 32
240910232914523 ThreadServer.run()	INFO: paquete enviado a DNS 0
240910232914524 ThreadServer.run()	INFO: (0) > Thread waiting for new client....
240910232914529 ThreadServer.run()	INFO: 



240910232914530 ThreadServer.run()	INFO: paquete recibido LENGHT: 32
240910232914531 ThreadServer.run()	INFO: paquete recibido creado LENGHT: 32
240910232914531 ThreadServer.run()	INFO: paquete enviado a DNS 0
240910232914532 ThreadServer.run()	INFO: (0) > Thread waiting for new client....
240910232914619 ThreadServer.run()	INFO: source del packet: /8.8.8.8
240910232914626 ThreadServer.run()	INFO: HEXADECIMAL recibido: 79 4b 81 80 0 1 0 3 0 0 0 0 4 61 70 69 32 6 63 75 72 73 6f 72 2 73 68 0 0 1 0 1 c0 c 0 1 0 1 0 0 0 31 0 4 3 de 6a 54 c0 c 0 1 0 1 0 0 0 31 0 4 3 e8 dc 45 c0 c 0 1 0 1 0 0 0 31 0 4 22 cd ef ab
240910232914637 ThreadServer.run()	INFO: (0) > Thread waiting for new client....
240910232914638 ThreadServer.run()	INFO: source del packet: /8.8.8.8
240910232914640 ThreadServer.run()	INFO: HEXADECIMAL recibido: 73 1 81 80 0 1 0 0 0 1 0 0 4 61 70 69 32 6 63 75 72 73 6f 72 2 73 68 0 0 1c 0 1 c0 11 0 6 0 1 0 0 0 75 0 49 7 6e 73 2d 31 31 34 33 9 61 77 73 64 6e 73 2d 31 34 3 6f 72 67 0 11 61 77 73 64 6e 73 2d 68 6f 73 74 6d 61 73 74 65 72 6 61 6d 61 7a 6f 6e 3 63 6f 6d 0 0 0 0 1 0 0 1c 20 0 0 3 84 0 12 75 0 0 1 51 80
240910232914646 ThreadServer.run()	INFO: (0) > Thread waiting for new client....
240910232942020 ThreadServer.run()	INFO: 



240910232942021 ThreadServer.run()	INFO: paquete recibido LENGHT: 41
240910232942021 ThreadServer.run()	INFO: paquete recibido creado LENGHT: 41
240910232942022 ThreadServer.run()	INFO: paquete enviado a DNS 0
240910232942022 ThreadServer.run()	INFO: (0) > Thread waiting for new client....
240910232942026 ThreadServer.run()	INFO: 



240910232942028 ThreadServer.run()	INFO: paquete recibido LENGHT: 41
240910232942029 ThreadServer.run()	INFO: paquete recibido creado LENGHT: 41
240910232942029 ThreadServer.run()	INFO: paquete enviado a DNS 0
240910232942030 ThreadServer.run()	INFO: (0) > Thread waiting for new client....
240910232942034 ThreadServer.run()	INFO: 



240910232942035 ThreadServer.run()	INFO: paquete recibido LENGHT: 41
240910232942036 ThreadServer.run()	INFO: paquete recibido creado LENGHT: 41
240910232942037 ThreadServer.run()	INFO: paquete enviado a DNS 0
240910232942038 ThreadServer.run()	INFO: (0) > Thread waiting for new client....
240910232942084 ThreadServer.run()	INFO: source del packet: /8.8.8.8
240910232942920 ThreadServer.run()	INFO: HEXADECIMAL recibido: ce 9d 81 80 0 1 0 2 0 0 0 0 c 73 61 66 65 62 72 6f 77 73 69 6e 67 6 67 6f 6f 67 6c 65 3 63 6f 6d 0 0 1c 0 1 c0 c 0 5 0 1 0 0 1 2c 0 7 2 73 62 1 6c c0 19 c0 35 0 1c 0 1 0 0 1 2c 0 10 26 7 f8 b0 40 8 8 b 0 0 0 0 0 0 20 e
240910232942933 ThreadServer.run()	INFO: (0) > Thread waiting for new client....
240910232942934 ThreadServer.run()	INFO: source del packet: /8.8.8.8
240910232944152 ThreadServer.run()	INFO: HEXADECIMAL recibido: cd 1c 81 80 0 1 0 2 0 0 0 0 c 73 61 66 65 62 72 6f 77 73 69 6e 67 6 67 6f 6f 67 6c 65 3 63 6f 6d 0 0 1 0 1 c0 c 0 5 0 1 0 0 1 2c 0 7 2 73 62 1 6c c0 19 c0 35 0 1 0 1 0 0 1 2c 0 4 8e fa d9 ce
240910232944167 ThreadServer.run()	INFO: (0) > Thread waiting for new client....
240910232944168 ThreadServer.run()	INFO: source del packet: /8.8.8.8
240910232945141 ThreadServer.run()	INFO: HEXADECIMAL recibido: 2b 9 81 80 0 1 0 1 0 1 0 0 c 73 61 66 65 62 72 6f 77 73 69 6e 67 6 67 6f 6f 67 6c 65 3 63 6f 6d 0 0 41 0 1 c0 c 0 5 0 1 0 0 1 2c 0 7 2 73 62 1 6c c0 19 c0 38 0 6 0 1 0 0 0 3c 0 26 3 6e 73 31 c0 19 9 64 6e 73 2d 61 64 6d 69 6e c0 19 28 1b 64 26 0 0 3 84 0 0 3 84 0 0 7 8 0 0 0 3c
240910232945153 ThreadServer.run()	INFO: (0) > Thread waiting for new client....
