240718221434246 ThreadServer.run()	INFO: (0) > Thread waiting for new client....
240718221505265 ThreadServer.run()	INFO: (0) > Thread Accepting connection >
240718221505267 Request.getData()	INFO: (0) request: [GET /test03/assets/css/font-awesome.min.css HTTP/1.1, Host: localhost:1000, Connection: keep-alive, sec-ch-ua: "Not/A)Brand";v="8", "Chromium";v="126", "Google Chrome";v="126", sec-ch-ua-mobile: ?0, User-Agent: Mozilla/5.0 (Windows NT 10.0; Win64; x64) AppleWebKit/537.36 (KHTML, like Gecko) Chrome/126.0.0.0 Safari/537.36, sec-ch-ua-platform: "Windows", Accept: text/css,*/*;q=0.1, Sec-Fetch-Site: same-origin, Sec-Fetch-Mode: no-cors, Sec-Fetch-Dest: style, Referer: http://localhost:1000/test03/contact.html, Accept-Encoding: gzip, deflate, br, zstd, Accept-Language: es-US,es;q=0.9,es-419;q=0.8,en;q=0.7, ]
240718221505269 Response.sendData()	INFO: GET /test03/assets/css/font-awesome.min.css HTTP/1.1 || Host: localhost:1000 || Connection: keep-alive || sec-ch-ua: "Not/A)Brand";v="8", "Chromium";v="126", "Google Chrome";v="126" || sec-ch-ua-mobile: ?0 || User-Agent: Mozilla/5.0 (Windows NT 10.0; Win64; x64) AppleWebKit/537.36 (KHTML, like Gecko) Chrome/126.0.0.0 Safari/537.36 || sec-ch-ua-platform: "Windows" || Accept: text/css,*/*;q=0.1 || Sec-Fetch-Site: same-origin || Sec-Fetch-Mode: no-cors || Sec-Fetch-Dest: style || Referer: http://localhost:1000/test03/contact.html || Accept-Encoding: gzip, deflate, br, zstd || Accept-Language: es-US,es;q=0.9,es-419;q=0.8,en;q=0.7 || 
240718221505274 Response.sendData()	INFO: requestContentType: 
240718221505279 Response.sendData()	INFO: GET /test03/assets/css/font-awesome.min.css HTTP/1.1 
240718221505280 Response.sendData()	INFO:  Host: localhost:1000 
240718221505282 Response.sendData()	INFO:  
240718221505283 Response.sendData()	INFO: path: /test03/assets/css/font-awesome.min.css
240718221505285 Response.sendData()	INFO: POST PARAMS : 
240718221505286 Response.sendData()	INFO: POST PAIRS MAP: {}
240718221505288 Response.sendData()	INFO: method: GET
240718221505290 Response.sendData()	INFO: path: /test03/assets/css/font-awesome.min.css
240718221505292 Response.sendData()	INFO: fileContentType: text/css
240718221505294 Response.sendData()	INFO: extension: css
240718221505295 Response.sendData()	INFO: fileContentType: text/css
240718221505297 Response.sendData()	INFO: GET: []
240718221505299 Response.sendData()	INFO: GET MAP: {}
240718221505300 Response.sendData()	INFO: POST PARAMS: 
240718221505302 Response.sendData()	INFO: POST PARAMS MAP: {}
240718221505303 Response.sendData()	INFO: POST PARAMS MAP`KEYS: []
240718221505307 ThreadServer.run()	INFO: (0) > Thread :: Time: 42 milliseconds
240718221505308 ThreadServer.run()	INFO: (0) > END #
240718221510318 ThreadServer.run()	INFO: (0) > Thread waiting for new client....
240718221541323 ThreadServer.run()	INFO: (0) > Thread Accepting connection >
240718221541324 Request.getData()	INFO: (0) request: [GET /test03/assets/img/blog/instagram/inst4.png HTTP/1.1, Host: localhost:1000, Connection: keep-alive, sec-ch-ua: "Not/A)Brand";v="8", "Chromium";v="126", "Google Chrome";v="126", sec-ch-ua-mobile: ?0, User-Agent: Mozilla/5.0 (Windows NT 10.0; Win64; x64) AppleWebKit/537.36 (KHTML, like Gecko) Chrome/126.0.0.0 Safari/537.36, sec-ch-ua-platform: "Windows", Accept: image/avif,image/webp,image/apng,image/svg+xml,image/*,*/*;q=0.8, Sec-Fetch-Site: same-origin, Sec-Fetch-Mode: no-cors, Sec-Fetch-Dest: image, Referer: http://localhost:1000/test03/blog.html, Accept-Encoding: gzip, deflate, br, zstd, Accept-Language: es-US,es;q=0.9,es-419;q=0.8,en;q=0.7, ]
240718221541326 Response.sendData()	INFO: GET /test03/assets/img/blog/instagram/inst4.png HTTP/1.1 || Host: localhost:1000 || Connection: keep-alive || sec-ch-ua: "Not/A)Brand";v="8", "Chromium";v="126", "Google Chrome";v="126" || sec-ch-ua-mobile: ?0 || User-Agent: Mozilla/5.0 (Windows NT 10.0; Win64; x64) AppleWebKit/537.36 (KHTML, like Gecko) Chrome/126.0.0.0 Safari/537.36 || sec-ch-ua-platform: "Windows" || Accept: image/avif,image/webp,image/apng,image/svg+xml,image/*,*/*;q=0.8 || Sec-Fetch-Site: same-origin || Sec-Fetch-Mode: no-cors || Sec-Fetch-Dest: image || Referer: http://localhost:1000/test03/blog.html || Accept-Encoding: gzip, deflate, br, zstd || Accept-Language: es-US,es;q=0.9,es-419;q=0.8,en;q=0.7 || 
240718221541329 Response.sendData()	INFO: requestContentType: 
240718221541329 Response.sendData()	INFO: GET /test03/assets/img/blog/instagram/inst4.png HTTP/1.1 
240718221541331 Response.sendData()	INFO:  Host: localhost:1000 
240718221541332 Response.sendData()	INFO:  
240718221541333 Response.sendData()	INFO: path: /test03/assets/img/blog/instagram/inst4.png
240718221541334 Response.sendData()	INFO: POST PARAMS : 
240718221541335 Response.sendData()	INFO: POST PAIRS MAP: {}
240718221541336 Response.sendData()	INFO: method: GET
240718221541337 Response.sendData()	INFO: path: /test03/assets/img/blog/instagram/inst4.png
240718221541340 Response.sendData()	INFO: fileContentType: image/png
240718221541341 Response.sendData()	INFO: extension: png
240718221541342 Response.sendData()	INFO: fileContentType: image/png
240718221541344 Response.sendData()	INFO: GET: []
240718221541344 Response.sendData()	INFO: GET MAP: {}
240718221541345 Response.sendData()	INFO: POST PARAMS: 
240718221541345 Response.sendData()	INFO: POST PARAMS MAP: {}
240718221541346 Response.sendData()	INFO: POST PARAMS MAP`KEYS: []
240718221541347 ThreadServer.run()	INFO: (0) > Thread :: Time: 23 milliseconds
240718221541347 ThreadServer.run()	INFO: (0) > END #
240718221546358 ThreadServer.run()	INFO: (0) > Thread waiting for new client....
240718221610976 ThreadServer.run()	INFO: (0) > Thread Accepting connection >
240718221610976 Request.getData()	INFO: (0) request: [POST /test02/displayFields.cc8 HTTP/1.1, Host: localhost:1000, Connection: keep-alive, Content-Length: 49, Cache-Control: max-age=0, sec-ch-ua: "Not/A)Brand";v="8", "Chromium";v="126", "Google Chrome";v="126", sec-ch-ua-mobile: ?0, sec-ch-ua-platform: "Windows", Upgrade-Insecure-Requests: 1, Origin: http://localhost:1000, Content-Type: text/plain, User-Agent: Mozilla/5.0 (Windows NT 10.0; Win64; x64) AppleWebKit/537.36 (KHTML, like Gecko) Chrome/126.0.0.0 Safari/537.36, Accept: text/html,application/xhtml+xml,application/xml;q=0.9,image/avif,image/webp,image/apng,*/*;q=0.8,application/signed-exchange;v=b3;q=0.7, Sec-Fetch-Site: same-origin, Sec-Fetch-Mode: navigate, Sec-Fetch-User: ?1, Sec-Fetch-Dest: document, Referer: http://localhost:1000/test02, Accept-Encoding: gzip, deflate, br, zstd, Accept-Language: es-US,es;q=0.9,es-419;q=0.8,en;q=0.7, name=POST - text/plain
email=lab02@galileo.edu
]
240718221610978 Response.sendData()	INFO: POST /test02/displayFields.cc8 HTTP/1.1 || Host: localhost:1000 || Connection: keep-alive || Content-Length: 49 || Cache-Control: max-age=0 || sec-ch-ua: "Not/A)Brand";v="8", "Chromium";v="126", "Google Chrome";v="126" || sec-ch-ua-mobile: ?0 || sec-ch-ua-platform: "Windows" || Upgrade-Insecure-Requests: 1 || Origin: http://localhost:1000 || Content-Type: text/plain || User-Agent: Mozilla/5.0 (Windows NT 10.0; Win64; x64) AppleWebKit/537.36 (KHTML, like Gecko) Chrome/126.0.0.0 Safari/537.36 || Accept: text/html,application/xhtml+xml,application/xml;q=0.9,image/avif,image/webp,image/apng,*/*;q=0.8,application/signed-exchange;v=b3;q=0.7 || Sec-Fetch-Site: same-origin || Sec-Fetch-Mode: navigate || Sec-Fetch-User: ?1 || Sec-Fetch-Dest: document || Referer: http://localhost:1000/test02 || Accept-Encoding: gzip, deflate, br, zstd || Accept-Language: es-US,es;q=0.9,es-419;q=0.8,en;q=0.7 || name=POST - text/plain
email=lab02@galileo.edu

240718221610979 Response.sendData()	INFO: requestContentType: text/plain 
240718221610979 Response.sendData()	INFO: POST /test02/displayFields.cc8 HTTP/1.1 
240718221610979 Response.sendData()	INFO:  Host: localhost:1000 
240718221610980 Response.sendData()	INFO:  name=POST - text/plain
email=lab02@galileo.edu

240718221610980 Response.sendData()	INFO: path: /test02/displayFields.cc8
240718221610980 Response.sendData()	INFO: POST PARAMS : name=POST - text/plain
email=lab02@galileo.edu
240718221610981 Response.sendData()	INFO: Post Params ARRAY: [name=POST - text/plain, email=lab02@galileo.edu]
240718221610981 Response.sendData()	INFO: Post Params ARRAY: 2
240718221610981 Response.sendData()	INFO: POST PAIRS MAP: {name=POST - text/plain, email=lab02@galileo.edu}
240718221610981 Response.sendData()	INFO: method: POST
240718221610982 Response.sendData()	INFO: path: /test02/displayFields.cc8
240718221610982 Response.sendData()	INFO: fileContentType: application/octet-stream
240718221610982 Response.sendData()	INFO: extension: cc8
240718221610982 Response.sendData()	INFO: fileContentType: text/html
240718221610983 Response.sendData()	INFO: GET: []
240718221610983 Response.sendData()	INFO: GET MAP: {}
240718221610983 Response.sendData()	INFO: POST PARAMS: name=POST - text/plain
email=lab02@galileo.edu
240718221610983 Response.sendData()	INFO: POST PARAMS MAP: {name=POST - text/plain, email=lab02@galileo.edu}
240718221610984 Response.sendData()	INFO: POST PARAMS MAP`KEYS: [name, email]
240718221610984 ThreadServer.run()	INFO: (0) > Thread :: Time: 8 milliseconds
240718221610984 ThreadServer.run()	INFO: (0) > END #
240718221615992 ThreadServer.run()	INFO: (0) > Thread waiting for new client....
