240717211000004 ThreadServer.run()	INFO: (0) > Thread waiting for new client....
240717211002032 ThreadServer.run()	INFO: (0) > Thread Accepting connection >
240717211002034 Request.getData()	INFO: (0) request: [GET /test01/styles/style.css HTTP/1.1, Host: localhost:1000, Connection: keep-alive, sec-ch-ua: "Not/A)Brand";v="8", "Chromium";v="126", "Google Chrome";v="126", sec-ch-ua-mobile: ?0, User-Agent: Mozilla/5.0 (Windows NT 10.0; Win64; x64) AppleWebKit/537.36 (KHTML, like Gecko) Chrome/126.0.0.0 Safari/537.36, sec-ch-ua-platform: "Windows", Accept: text/css,*/*;q=0.1, Sec-Fetch-Site: same-origin, Sec-Fetch-Mode: no-cors, Sec-Fetch-Dest: style, Referer: http://localhost:1000/test01/, Accept-Encoding: gzip, deflate, br, zstd, Accept-Language: es-US,es;q=0.9,es-419;q=0.8,en;q=0.7, ]
240717211002037 Response.sendData()	INFO: GET /test01/styles/style.css HTTP/1.1 || Host: localhost:1000 || Connection: keep-alive || sec-ch-ua: "Not/A)Brand";v="8", "Chromium";v="126", "Google Chrome";v="126" || sec-ch-ua-mobile: ?0 || User-Agent: Mozilla/5.0 (Windows NT 10.0; Win64; x64) AppleWebKit/537.36 (KHTML, like Gecko) Chrome/126.0.0.0 Safari/537.36 || sec-ch-ua-platform: "Windows" || Accept: text/css,*/*;q=0.1 || Sec-Fetch-Site: same-origin || Sec-Fetch-Mode: no-cors || Sec-Fetch-Dest: style || Referer: http://localhost:1000/test01/ || Accept-Encoding: gzip, deflate, br, zstd || Accept-Language: es-US,es;q=0.9,es-419;q=0.8,en;q=0.7 || 
240717211002039 Response.sendData()	INFO: GET /test01/styles/style.css HTTP/1.1 
240717211002040 Response.sendData()	INFO:  Host: localhost:1000 
240717211002041 Response.sendData()	INFO:  
240717211002042 Response.sendData()	INFO: GET
240717211002043 Response.sendData()	INFO: /test01/styles/style.css
240717211002044 Response.sendData()	INFO: HTTP/1.1
240717211002046 Response.sendData()	INFO: text/css
240717211002048 Response.sendData()	INFO: (0) response: [HTTP/1.1 200 OK, Content-Type: text/css, ClaseCC8: Alumnos, Content-Length: 129, ]
240717211002049 Response.sendData()	INFO: (0) response: [B@374c8e54
240717211002051 ThreadServer.run()	INFO: (0) > Thread :: Time: 17 milliseconds
240717211002052 ThreadServer.run()	INFO: (0) > END #
240717211007061 ThreadServer.run()	INFO: (0) > Thread waiting for new client....
240717211007062 ThreadServer.run()	INFO: (0) > Thread Accepting connection >
240717211007063 Request.getData()	INFO: (0) request: [GET /test01/images/galileo.jpg HTTP/1.1, Host: localhost:1000, Connection: keep-alive, sec-ch-ua: "Not/A)Brand";v="8", "Chromium";v="126", "Google Chrome";v="126", sec-ch-ua-mobile: ?0, User-Agent: Mozilla/5.0 (Windows NT 10.0; Win64; x64) AppleWebKit/537.36 (KHTML, like Gecko) Chrome/126.0.0.0 Safari/537.36, sec-ch-ua-platform: "Windows", Accept: image/avif,image/webp,image/apng,image/svg+xml,image/*,*/*;q=0.8, Sec-Fetch-Site: same-origin, Sec-Fetch-Mode: no-cors, Sec-Fetch-Dest: image, Referer: http://localhost:1000/test01/, Accept-Encoding: gzip, deflate, br, zstd, Accept-Language: es-US,es;q=0.9,es-419;q=0.8,en;q=0.7, ]
240717211007064 Response.sendData()	INFO: GET /test01/images/galileo.jpg HTTP/1.1 || Host: localhost:1000 || Connection: keep-alive || sec-ch-ua: "Not/A)Brand";v="8", "Chromium";v="126", "Google Chrome";v="126" || sec-ch-ua-mobile: ?0 || User-Agent: Mozilla/5.0 (Windows NT 10.0; Win64; x64) AppleWebKit/537.36 (KHTML, like Gecko) Chrome/126.0.0.0 Safari/537.36 || sec-ch-ua-platform: "Windows" || Accept: image/avif,image/webp,image/apng,image/svg+xml,image/*,*/*;q=0.8 || Sec-Fetch-Site: same-origin || Sec-Fetch-Mode: no-cors || Sec-Fetch-Dest: image || Referer: http://localhost:1000/test01/ || Accept-Encoding: gzip, deflate, br, zstd || Accept-Language: es-US,es;q=0.9,es-419;q=0.8,en;q=0.7 || 
240717211007066 Response.sendData()	INFO: GET /test01/images/galileo.jpg HTTP/1.1 
240717211007067 Response.sendData()	INFO:  Host: localhost:1000 
240717211007068 Response.sendData()	INFO:  
240717211007068 Response.sendData()	INFO: GET
240717211007069 Response.sendData()	INFO: /test01/images/galileo.jpg
240717211007070 Response.sendData()	INFO: HTTP/1.1
240717211007072 Response.sendData()	INFO: image/jpeg
240717211007073 Response.sendData()	INFO: (0) response: [HTTP/1.1 200 OK, Content-Type: image/jpeg, ClaseCC8: Alumnos, Content-Length: 154396, ]
240717211007075 Response.sendData()	INFO: (0) response: [B@4736a66
240717211007076 ThreadServer.run()	INFO: (0) > Thread :: Time: 14 milliseconds
240717211007078 ThreadServer.run()	INFO: (0) > END #
240717211012083 ThreadServer.run()	INFO: (0) > Thread waiting for new client....
240717211012084 ThreadServer.run()	INFO: (0) > Thread Accepting connection >
240717211012085 Request.getData()	INFO: (0) request: [GET /favicon.ico HTTP/1.1, Host: localhost:1000, Connection: keep-alive, sec-ch-ua: "Not/A)Brand";v="8", "Chromium";v="126", "Google Chrome";v="126", sec-ch-ua-mobile: ?0, User-Agent: Mozilla/5.0 (Windows NT 10.0; Win64; x64) AppleWebKit/537.36 (KHTML, like Gecko) Chrome/126.0.0.0 Safari/537.36, sec-ch-ua-platform: "Windows", Accept: */*, Sec-Fetch-Site: same-origin, Sec-Fetch-Mode: cors, Sec-Fetch-Dest: empty, Referer: http://localhost:1000/test01/, Accept-Encoding: gzip, deflate, br, zstd, Accept-Language: es-US,es;q=0.9,es-419;q=0.8,en;q=0.7, ]
240717211012087 Response.sendData()	INFO: GET /favicon.ico HTTP/1.1 || Host: localhost:1000 || Connection: keep-alive || sec-ch-ua: "Not/A)Brand";v="8", "Chromium";v="126", "Google Chrome";v="126" || sec-ch-ua-mobile: ?0 || User-Agent: Mozilla/5.0 (Windows NT 10.0; Win64; x64) AppleWebKit/537.36 (KHTML, like Gecko) Chrome/126.0.0.0 Safari/537.36 || sec-ch-ua-platform: "Windows" || Accept: */* || Sec-Fetch-Site: same-origin || Sec-Fetch-Mode: cors || Sec-Fetch-Dest: empty || Referer: http://localhost:1000/test01/ || Accept-Encoding: gzip, deflate, br, zstd || Accept-Language: es-US,es;q=0.9,es-419;q=0.8,en;q=0.7 || 
240717211012090 Response.sendData()	INFO: GET /favicon.ico HTTP/1.1 
240717211012091 Response.sendData()	INFO:  Host: localhost:1000 
240717211012092 Response.sendData()	INFO:  
240717211012093 Response.sendData()	INFO: GET
240717211012094 Response.sendData()	INFO: /favicon.ico
240717211012096 Response.sendData()	INFO: HTTP/1.1
240717211012097 Response.sendData()	INFO: NO SE ENCONTRÓ EL ARCHIVO SOLICITADO. (/favicon.ico)
240717211012097 Response.sendData()	INFO: application/octet-stream
240717211012098 ThreadServer.run()	INFO: (0) > Thread :: Time: 14 milliseconds
240717211012098 ThreadServer.run()	INFO: (0) > END #
240717211017113 ThreadServer.run()	INFO: (0) > Thread waiting for new client....
