240717211034896 ThreadServer.run()	INFO: (0) > Thread waiting for new client....
240717211039819 ThreadServer.run()	INFO: (0) > Thread Accepting connection >
240717211039821 Request.getData()	INFO: (0) request: [GET /test01/styles/style.css HTTP/1.1, Host: localhost:1000, Connection: keep-alive, sec-ch-ua: "Not/A)Brand";v="8", "Chromium";v="126", "Google Chrome";v="126", sec-ch-ua-mobile: ?0, User-Agent: Mozilla/5.0 (Windows NT 10.0; Win64; x64) AppleWebKit/537.36 (KHTML, like Gecko) Chrome/126.0.0.0 Safari/537.36, sec-ch-ua-platform: "Windows", Accept: text/css,*/*;q=0.1, Sec-Fetch-Site: same-origin, Sec-Fetch-Mode: no-cors, Sec-Fetch-Dest: style, Referer: http://localhost:1000/test01/, Accept-Encoding: gzip, deflate, br, zstd, Accept-Language: es-US,es;q=0.9,es-419;q=0.8,en;q=0.7, ]
240717211039823 Response.sendData()	INFO: GET /test01/styles/style.css HTTP/1.1 || Host: localhost:1000 || Connection: keep-alive || sec-ch-ua: "Not/A)Brand";v="8", "Chromium";v="126", "Google Chrome";v="126" || sec-ch-ua-mobile: ?0 || User-Agent: Mozilla/5.0 (Windows NT 10.0; Win64; x64) AppleWebKit/537.36 (KHTML, like Gecko) Chrome/126.0.0.0 Safari/537.36 || sec-ch-ua-platform: "Windows" || Accept: text/css,*/*;q=0.1 || Sec-Fetch-Site: same-origin || Sec-Fetch-Mode: no-cors || Sec-Fetch-Dest: style || Referer: http://localhost:1000/test01/ || Accept-Encoding: gzip, deflate, br, zstd || Accept-Language: es-US,es;q=0.9,es-419;q=0.8,en;q=0.7 || 
240717211039827 Response.sendData()	INFO: GET /test01/styles/style.css HTTP/1.1 
240717211039829 Response.sendData()	INFO:  Host: localhost:1000 
240717211039830 Response.sendData()	INFO:  
240717211039831 Response.sendData()	INFO: GET
240717211039832 Response.sendData()	INFO: /test01/styles/style.css
240717211039833 Response.sendData()	INFO: HTTP/1.1
240717211039835 Response.sendData()	INFO: text/css
240717211039836 Response.sendData()	INFO: (0) response: [HTTP/1.1 200 OK, Content-Type: text/css, ClaseCC8: Alumnos, Content-Length: 129, ]
240717211039837 Response.sendData()	INFO: (0) response: [B@b15a48d
240717211039838 ThreadServer.run()	INFO: (0) > Thread :: Time: 18 milliseconds
240717211039839 ThreadServer.run()	INFO: (0) > END #
240717211044850 ThreadServer.run()	INFO: (0) > Thread waiting for new client....
240717211044850 ThreadServer.run()	INFO: (0) > Thread Accepting connection >
240717211044851 Request.getData()	INFO: (0) request: [GET /test01/images/galileo.jpg HTTP/1.1, Host: localhost:1000, Connection: keep-alive, sec-ch-ua: "Not/A)Brand";v="8", "Chromium";v="126", "Google Chrome";v="126", sec-ch-ua-mobile: ?0, User-Agent: Mozilla/5.0 (Windows NT 10.0; Win64; x64) AppleWebKit/537.36 (KHTML, like Gecko) Chrome/126.0.0.0 Safari/537.36, sec-ch-ua-platform: "Windows", Accept: image/avif,image/webp,image/apng,image/svg+xml,image/*,*/*;q=0.8, Sec-Fetch-Site: same-origin, Sec-Fetch-Mode: no-cors, Sec-Fetch-Dest: image, Referer: http://localhost:1000/test01/, Accept-Encoding: gzip, deflate, br, zstd, Accept-Language: es-US,es;q=0.9,es-419;q=0.8,en;q=0.7, ]
240717211044852 Response.sendData()	INFO: GET /test01/images/galileo.jpg HTTP/1.1 || Host: localhost:1000 || Connection: keep-alive || sec-ch-ua: "Not/A)Brand";v="8", "Chromium";v="126", "Google Chrome";v="126" || sec-ch-ua-mobile: ?0 || User-Agent: Mozilla/5.0 (Windows NT 10.0; Win64; x64) AppleWebKit/537.36 (KHTML, like Gecko) Chrome/126.0.0.0 Safari/537.36 || sec-ch-ua-platform: "Windows" || Accept: image/avif,image/webp,image/apng,image/svg+xml,image/*,*/*;q=0.8 || Sec-Fetch-Site: same-origin || Sec-Fetch-Mode: no-cors || Sec-Fetch-Dest: image || Referer: http://localhost:1000/test01/ || Accept-Encoding: gzip, deflate, br, zstd || Accept-Language: es-US,es;q=0.9,es-419;q=0.8,en;q=0.7 || 
240717211044852 Response.sendData()	INFO: GET /test01/images/galileo.jpg HTTP/1.1 
240717211044852 Response.sendData()	INFO:  Host: localhost:1000 
240717211044853 Response.sendData()	INFO:  
240717211044853 Response.sendData()	INFO: GET
240717211044854 Response.sendData()	INFO: /test01/images/galileo.jpg
240717211044854 Response.sendData()	INFO: HTTP/1.1
240717211044855 Response.sendData()	INFO: image/jpeg
240717211044855 Response.sendData()	INFO: (0) response: [HTTP/1.1 200 OK, Content-Type: image/jpeg, ClaseCC8: Alumnos, Content-Length: 154396, ]
240717211044856 Response.sendData()	INFO: (0) response: [B@79baa3ac
240717211044857 ThreadServer.run()	INFO: (0) > Thread :: Time: 6 milliseconds
240717211044858 ThreadServer.run()	INFO: (0) > END #
240717211049873 ThreadServer.run()	INFO: (0) > Thread waiting for new client....
240717211049874 ThreadServer.run()	INFO: (0) > Thread Accepting connection >
240717211049875 Request.getData()	INFO: (0) request: [GET /favicon.ico HTTP/1.1, Host: localhost:1000, Connection: keep-alive, sec-ch-ua: "Not/A)Brand";v="8", "Chromium";v="126", "Google Chrome";v="126", sec-ch-ua-mobile: ?0, User-Agent: Mozilla/5.0 (Windows NT 10.0; Win64; x64) AppleWebKit/537.36 (KHTML, like Gecko) Chrome/126.0.0.0 Safari/537.36, sec-ch-ua-platform: "Windows", Accept: */*, Sec-Fetch-Site: same-origin, Sec-Fetch-Mode: cors, Sec-Fetch-Dest: empty, Referer: http://localhost:1000/test01/, Accept-Encoding: gzip, deflate, br, zstd, Accept-Language: es-US,es;q=0.9,es-419;q=0.8,en;q=0.7, ]
240717211049875 Response.sendData()	INFO: GET /favicon.ico HTTP/1.1 || Host: localhost:1000 || Connection: keep-alive || sec-ch-ua: "Not/A)Brand";v="8", "Chromium";v="126", "Google Chrome";v="126" || sec-ch-ua-mobile: ?0 || User-Agent: Mozilla/5.0 (Windows NT 10.0; Win64; x64) AppleWebKit/537.36 (KHTML, like Gecko) Chrome/126.0.0.0 Safari/537.36 || sec-ch-ua-platform: "Windows" || Accept: */* || Sec-Fetch-Site: same-origin || Sec-Fetch-Mode: cors || Sec-Fetch-Dest: empty || Referer: http://localhost:1000/test01/ || Accept-Encoding: gzip, deflate, br, zstd || Accept-Language: es-US,es;q=0.9,es-419;q=0.8,en;q=0.7 || 
240717211049876 Response.sendData()	INFO: GET /favicon.ico HTTP/1.1 
240717211049876 Response.sendData()	INFO:  Host: localhost:1000 
240717211049877 Response.sendData()	INFO:  
240717211049877 Response.sendData()	INFO: GET
240717211049877 Response.sendData()	INFO: /favicon.ico
240717211049878 Response.sendData()	INFO: HTTP/1.1
240717211049878 Response.sendData()	INFO: NO SE ENCONTRÓ EL ARCHIVO SOLICITADO. (/favicon.ico)
240717211049879 Response.sendData()	INFO: application/octet-stream
240717211049880 ThreadServer.run()	INFO: (0) > Thread :: Time: 6 milliseconds
240717211049881 ThreadServer.run()	INFO: (0) > END #
240717211054893 ThreadServer.run()	INFO: (0) > Thread waiting for new client....
