240718220600451 ThreadServer.run()	INFO: (0) > Thread waiting for new client....
240718220609062 ThreadServer.run()	INFO: (0) > Thread Accepting connection >
240718220609063 Request.getData()	INFO: (0) request: [GET /favicon.ico HTTP/1.1, Host: localhost:1000, Connection: keep-alive, sec-ch-ua: "Not/A)Brand";v="8", "Chromium";v="126", "Google Chrome";v="126", sec-ch-ua-mobile: ?0, User-Agent: Mozilla/5.0 (Windows NT 10.0; Win64; x64) AppleWebKit/537.36 (KHTML, like Gecko) Chrome/126.0.0.0 Safari/537.36, sec-ch-ua-platform: "Windows", Accept: */*, Sec-Fetch-Site: same-origin, Sec-Fetch-Mode: cors, Sec-Fetch-Dest: empty, Referer: http://localhost:1000/test02/displayFields.cc8, Accept-Encoding: gzip, deflate, br, zstd, Accept-Language: es-US,es;q=0.9,es-419;q=0.8,en;q=0.7, ]
240718220609065 Response.sendData()	INFO: GET /favicon.ico HTTP/1.1 || Host: localhost:1000 || Connection: keep-alive || sec-ch-ua: "Not/A)Brand";v="8", "Chromium";v="126", "Google Chrome";v="126" || sec-ch-ua-mobile: ?0 || User-Agent: Mozilla/5.0 (Windows NT 10.0; Win64; x64) AppleWebKit/537.36 (KHTML, like Gecko) Chrome/126.0.0.0 Safari/537.36 || sec-ch-ua-platform: "Windows" || Accept: */* || Sec-Fetch-Site: same-origin || Sec-Fetch-Mode: cors || Sec-Fetch-Dest: empty || Referer: http://localhost:1000/test02/displayFields.cc8 || Accept-Encoding: gzip, deflate, br, zstd || Accept-Language: es-US,es;q=0.9,es-419;q=0.8,en;q=0.7 || 
240718220609066 Response.sendData()	INFO: requestContentType: 
240718220609067 Response.sendData()	INFO: GET /favicon.ico HTTP/1.1 
240718220609068 Response.sendData()	INFO:  Host: localhost:1000 
240718220609070 Response.sendData()	INFO:  
240718220609071 Response.sendData()	INFO: path: /favicon.ico
240718220609073 Response.sendData()	INFO: POST PARAMS : 
240718220609074 Response.sendData()	INFO: POST PAIRS MAP: {}
240718220609075 Response.sendData()	INFO: method: GET
240718220609077 Response.sendData()	INFO: path: /favicon.ico
240718220609078 Response.sendData()	INFO: NO SE ENCONTRÓ EL ARCHIVO SOLICITADO. (/favicon.ico)
240718220609079 Response.sendData()	INFO: fileContentType: application/octet-stream
240718220609080 Response.sendData()	INFO: extension: ico
240718220609080 Response.sendData()	INFO: fileContentType: application/octet-stream
240718220609081 Response.sendData()	INFO: GET: []
240718220609082 Response.sendData()	INFO: GET MAP: {}
240718220609083 Response.sendData()	INFO: POST PARAMS: 
240718220609084 Response.sendData()	INFO: POST PARAMS MAP: {}
240718220609085 Response.sendData()	INFO: POST PARAMS MAP`KEYS: []
240718220609085 Response.sendData()	INFO: NO SE ENCONTRÓ EL ARCHIVO SOLICITADO. (/favicon.ico)
240718220609087 ThreadServer.run()	INFO: (0) > Thread :: Time: 24 milliseconds
240718220609087 ThreadServer.run()	INFO: (0) > END #
240718220614102 ThreadServer.run()	INFO: (0) > Thread waiting for new client....
