240717212214210 ThreadServer.run()	INFO: (0) > Thread waiting for new client....
240717212219282 ThreadServer.run()	INFO: (0) > Thread Accepting connection >
240717212219284 Request.getData()	INFO: (0) request: [GET /test01/styles/style.css HTTP/1.1, Host: localhost:1000, Connection: keep-alive, sec-ch-ua: "Not/A)Brand";v="8", "Chromium";v="126", "Google Chrome";v="126", sec-ch-ua-mobile: ?0, User-Agent: Mozilla/5.0 (Windows NT 10.0; Win64; x64) AppleWebKit/537.36 (KHTML, like Gecko) Chrome/126.0.0.0 Safari/537.36, sec-ch-ua-platform: "Windows", Accept: text/css,*/*;q=0.1, Sec-Fetch-Site: same-origin, Sec-Fetch-Mode: no-cors, Sec-Fetch-Dest: style, Referer: http://localhost:1000/test01/, Accept-Encoding: gzip, deflate, br, zstd, Accept-Language: es-US,es;q=0.9,es-419;q=0.8,en;q=0.7, ]
240717212219287 Response.sendData()	INFO: GET /test01/styles/style.css HTTP/1.1 || Host: localhost:1000 || Connection: keep-alive || sec-ch-ua: "Not/A)Brand";v="8", "Chromium";v="126", "Google Chrome";v="126" || sec-ch-ua-mobile: ?0 || User-Agent: Mozilla/5.0 (Windows NT 10.0; Win64; x64) AppleWebKit/537.36 (KHTML, like Gecko) Chrome/126.0.0.0 Safari/537.36 || sec-ch-ua-platform: "Windows" || Accept: text/css,*/*;q=0.1 || Sec-Fetch-Site: same-origin || Sec-Fetch-Mode: no-cors || Sec-Fetch-Dest: style || Referer: http://localhost:1000/test01/ || Accept-Encoding: gzip, deflate, br, zstd || Accept-Language: es-US,es;q=0.9,es-419;q=0.8,en;q=0.7 || 
240717212219289 Response.sendData()	INFO: GET /test01/styles/style.css HTTP/1.1 
240717212219290 Response.sendData()	INFO:  Host: localhost:1000 
240717212219291 Response.sendData()	INFO:  
240717212219292 Response.sendData()	INFO: GET
240717212219293 Response.sendData()	INFO: /test01/styles/style.css
240717212219295 Response.sendData()	INFO: HTTP/1.1
240717212219297 Response.sendData()	INFO: text/css
240717212219301 Response.sendData()	INFO: (0) response: [HTTP/1.1 200 OK, Content-Type: text/css, ClaseCC8: Alumnos, Content-Length: 129, ]
240717212219302 Response.sendData()	INFO: (0) response: [B@777dccc7
240717212219303 ThreadServer.run()	INFO: (0) > Thread :: Time: 19 milliseconds
240717212219304 ThreadServer.run()	INFO: (0) > END #
240717212224315 ThreadServer.run()	INFO: (0) > Thread waiting for new client....
240717212224316 ThreadServer.run()	INFO: (0) > Thread Accepting connection >
240717212224316 Request.getData()	INFO: (0) request: [GET /test01/images/galileo.jpg HTTP/1.1, Host: localhost:1000, Connection: keep-alive, sec-ch-ua: "Not/A)Brand";v="8", "Chromium";v="126", "Google Chrome";v="126", sec-ch-ua-mobile: ?0, User-Agent: Mozilla/5.0 (Windows NT 10.0; Win64; x64) AppleWebKit/537.36 (KHTML, like Gecko) Chrome/126.0.0.0 Safari/537.36, sec-ch-ua-platform: "Windows", Accept: image/avif,image/webp,image/apng,image/svg+xml,image/*,*/*;q=0.8, Sec-Fetch-Site: same-origin, Sec-Fetch-Mode: no-cors, Sec-Fetch-Dest: image, Referer: http://localhost:1000/test01/, Accept-Encoding: gzip, deflate, br, zstd, Accept-Language: es-US,es;q=0.9,es-419;q=0.8,en;q=0.7, ]
240717212224317 Response.sendData()	INFO: GET /test01/images/galileo.jpg HTTP/1.1 || Host: localhost:1000 || Connection: keep-alive || sec-ch-ua: "Not/A)Brand";v="8", "Chromium";v="126", "Google Chrome";v="126" || sec-ch-ua-mobile: ?0 || User-Agent: Mozilla/5.0 (Windows NT 10.0; Win64; x64) AppleWebKit/537.36 (KHTML, like Gecko) Chrome/126.0.0.0 Safari/537.36 || sec-ch-ua-platform: "Windows" || Accept: image/avif,image/webp,image/apng,image/svg+xml,image/*,*/*;q=0.8 || Sec-Fetch-Site: same-origin || Sec-Fetch-Mode: no-cors || Sec-Fetch-Dest: image || Referer: http://localhost:1000/test01/ || Accept-Encoding: gzip, deflate, br, zstd || Accept-Language: es-US,es;q=0.9,es-419;q=0.8,en;q=0.7 || 
240717212224318 Response.sendData()	INFO: GET /test01/images/galileo.jpg HTTP/1.1 
240717212224318 Response.sendData()	INFO:  Host: localhost:1000 
240717212224318 Response.sendData()	INFO:  
240717212224319 Response.sendData()	INFO: GET
240717212224319 Response.sendData()	INFO: /test01/images/galileo.jpg
240717212224319 Response.sendData()	INFO: HTTP/1.1
240717212224320 Response.sendData()	INFO: image/jpeg
240717212224321 Response.sendData()	INFO: (0) response: [HTTP/1.1 200 OK, Content-Type: image/jpeg, ClaseCC8: Alumnos, Content-Length: 154396, ]
240717212224322 Response.sendData()	INFO: (0) response: [B@2a442d4a
240717212224323 ThreadServer.run()	INFO: (0) > Thread :: Time: 7 milliseconds
240717212224323 ThreadServer.run()	INFO: (0) > END #
240717212229327 ThreadServer.run()	INFO: (0) > Thread waiting for new client....
240717212229328 ThreadServer.run()	INFO: (0) > Thread Accepting connection >
240717212229329 Request.getData()	INFO: (0) request: [GET /favicon.ico HTTP/1.1, Host: localhost:1000, Connection: keep-alive, sec-ch-ua: "Not/A)Brand";v="8", "Chromium";v="126", "Google Chrome";v="126", sec-ch-ua-mobile: ?0, User-Agent: Mozilla/5.0 (Windows NT 10.0; Win64; x64) AppleWebKit/537.36 (KHTML, like Gecko) Chrome/126.0.0.0 Safari/537.36, sec-ch-ua-platform: "Windows", Accept: */*, Sec-Fetch-Site: same-origin, Sec-Fetch-Mode: cors, Sec-Fetch-Dest: empty, Referer: http://localhost:1000/test01/, Accept-Encoding: gzip, deflate, br, zstd, Accept-Language: es-US,es;q=0.9,es-419;q=0.8,en;q=0.7, ]
240717212229329 Response.sendData()	INFO: GET /favicon.ico HTTP/1.1 || Host: localhost:1000 || Connection: keep-alive || sec-ch-ua: "Not/A)Brand";v="8", "Chromium";v="126", "Google Chrome";v="126" || sec-ch-ua-mobile: ?0 || User-Agent: Mozilla/5.0 (Windows NT 10.0; Win64; x64) AppleWebKit/537.36 (KHTML, like Gecko) Chrome/126.0.0.0 Safari/537.36 || sec-ch-ua-platform: "Windows" || Accept: */* || Sec-Fetch-Site: same-origin || Sec-Fetch-Mode: cors || Sec-Fetch-Dest: empty || Referer: http://localhost:1000/test01/ || Accept-Encoding: gzip, deflate, br, zstd || Accept-Language: es-US,es;q=0.9,es-419;q=0.8,en;q=0.7 || 
240717212229330 Response.sendData()	INFO: GET /favicon.ico HTTP/1.1 
240717212229330 Response.sendData()	INFO:  Host: localhost:1000 
240717212229330 Response.sendData()	INFO:  
240717212229331 Response.sendData()	INFO: GET
240717212229331 Response.sendData()	INFO: /favicon.ico
240717212229331 Response.sendData()	INFO: HTTP/1.1
240717212229332 Response.sendData()	INFO: NO SE ENCONTRÓ EL ARCHIVO SOLICITADO. (/favicon.ico)
240717212229332 Response.sendData()	INFO: application/octet-stream
240717212229333 ThreadServer.run()	INFO: (0) > Thread :: Time: 5 milliseconds
240717212229333 ThreadServer.run()	INFO: (0) > END #
240717212234338 ThreadServer.run()	INFO: (0) > Thread waiting for new client....
