240717210819536 ThreadServer.run()	INFO: (0) > Thread waiting for new client....
240717210822560 ThreadServer.run()	INFO: (0) > Thread Accepting connection >
240717210822564 Request.getData()	INFO: (0) request: [GET /test01/styles/style.css HTTP/1.1, Host: localhost:1000, Connection: keep-alive, sec-ch-ua: "Not/A)Brand";v="8", "Chromium";v="126", "Google Chrome";v="126", sec-ch-ua-mobile: ?0, User-Agent: Mozilla/5.0 (Windows NT 10.0; Win64; x64) AppleWebKit/537.36 (KHTML, like Gecko) Chrome/126.0.0.0 Safari/537.36, sec-ch-ua-platform: "Windows", Accept: text/css,*/*;q=0.1, Sec-Fetch-Site: same-origin, Sec-Fetch-Mode: no-cors, Sec-Fetch-Dest: style, Referer: http://localhost:1000/test01/, Accept-Encoding: gzip, deflate, br, zstd, Accept-Language: es-US,es;q=0.9,es-419;q=0.8,en;q=0.7, ]
240717210822568 Response.sendData()	INFO: GET /test01/styles/style.css HTTP/1.1 || Host: localhost:1000 || Connection: keep-alive || sec-ch-ua: "Not/A)Brand";v="8", "Chromium";v="126", "Google Chrome";v="126" || sec-ch-ua-mobile: ?0 || User-Agent: Mozilla/5.0 (Windows NT 10.0; Win64; x64) AppleWebKit/537.36 (KHTML, like Gecko) Chrome/126.0.0.0 Safari/537.36 || sec-ch-ua-platform: "Windows" || Accept: text/css,*/*;q=0.1 || Sec-Fetch-Site: same-origin || Sec-Fetch-Mode: no-cors || Sec-Fetch-Dest: style || Referer: http://localhost:1000/test01/ || Accept-Encoding: gzip, deflate, br, zstd || Accept-Language: es-US,es;q=0.9,es-419;q=0.8,en;q=0.7 || 
240717210822570 Response.sendData()	INFO: GET /test01/styles/style.css HTTP/1.1 
240717210822571 Response.sendData()	INFO:  Host: localhost:1000 
240717210822572 Response.sendData()	INFO:  
240717210822573 Response.sendData()	INFO: GET
240717210822574 Response.sendData()	INFO: /test01/styles/style.css
240717210822575 Response.sendData()	INFO: HTTP/1.1
240717210822577 Response.sendData()	INFO: text/css
240717210822584 Response.sendData()	INFO: (0) response: [HTTP/1.1 200 OK, Content-Type: text/css, ClaseCC8: Alumnos, Content-Length: 129, ]
240717210822586 ThreadServer.run()	INFO: (0) > Thread :: Time: 25 milliseconds
240717210822588 ThreadServer.run()	INFO: (0) > END #
240717210827594 ThreadServer.run()	INFO: (0) > Thread waiting for new client....
240717210827595 ThreadServer.run()	INFO: (0) > Thread Accepting connection >
240717210827595 Request.getData()	INFO: (0) request: [GET /test01/images/galileo.jpg HTTP/1.1, Host: localhost:1000, Connection: keep-alive, sec-ch-ua: "Not/A)Brand";v="8", "Chromium";v="126", "Google Chrome";v="126", sec-ch-ua-mobile: ?0, User-Agent: Mozilla/5.0 (Windows NT 10.0; Win64; x64) AppleWebKit/537.36 (KHTML, like Gecko) Chrome/126.0.0.0 Safari/537.36, sec-ch-ua-platform: "Windows", Accept: image/avif,image/webp,image/apng,image/svg+xml,image/*,*/*;q=0.8, Sec-Fetch-Site: same-origin, Sec-Fetch-Mode: no-cors, Sec-Fetch-Dest: image, Referer: http://localhost:1000/test01/, Accept-Encoding: gzip, deflate, br, zstd, Accept-Language: es-US,es;q=0.9,es-419;q=0.8,en;q=0.7, ]
240717210827596 Response.sendData()	INFO: GET /test01/images/galileo.jpg HTTP/1.1 || Host: localhost:1000 || Connection: keep-alive || sec-ch-ua: "Not/A)Brand";v="8", "Chromium";v="126", "Google Chrome";v="126" || sec-ch-ua-mobile: ?0 || User-Agent: Mozilla/5.0 (Windows NT 10.0; Win64; x64) AppleWebKit/537.36 (KHTML, like Gecko) Chrome/126.0.0.0 Safari/537.36 || sec-ch-ua-platform: "Windows" || Accept: image/avif,image/webp,image/apng,image/svg+xml,image/*,*/*;q=0.8 || Sec-Fetch-Site: same-origin || Sec-Fetch-Mode: no-cors || Sec-Fetch-Dest: image || Referer: http://localhost:1000/test01/ || Accept-Encoding: gzip, deflate, br, zstd || Accept-Language: es-US,es;q=0.9,es-419;q=0.8,en;q=0.7 || 
240717210827597 Response.sendData()	INFO: GET /test01/images/galileo.jpg HTTP/1.1 
240717210827597 Response.sendData()	INFO:  Host: localhost:1000 
240717210827597 Response.sendData()	INFO:  
240717210827598 Response.sendData()	INFO: GET
240717210827598 Response.sendData()	INFO: /test01/images/galileo.jpg
240717210827599 Response.sendData()	INFO: HTTP/1.1
240717210827599 Response.sendData()	INFO: image/jpeg
240717210827600 Response.sendData()	INFO: (0) response: [HTTP/1.1 200 OK, Content-Type: image/jpeg, ClaseCC8: Alumnos, Content-Length: 154396, ]
240717210827600 ThreadServer.run()	INFO: (0) > Thread :: Time: 5 milliseconds
240717210827601 ThreadServer.run()	INFO: (0) > END #
240717210832613 ThreadServer.run()	INFO: (0) > Thread waiting for new client....
240717210832613 ThreadServer.run()	INFO: (0) > Thread Accepting connection >
240717210832614 Request.getData()	INFO: (0) request: [GET /favicon.ico HTTP/1.1, Host: localhost:1000, Connection: keep-alive, sec-ch-ua: "Not/A)Brand";v="8", "Chromium";v="126", "Google Chrome";v="126", sec-ch-ua-mobile: ?0, User-Agent: Mozilla/5.0 (Windows NT 10.0; Win64; x64) AppleWebKit/537.36 (KHTML, like Gecko) Chrome/126.0.0.0 Safari/537.36, sec-ch-ua-platform: "Windows", Accept: */*, Sec-Fetch-Site: same-origin, Sec-Fetch-Mode: cors, Sec-Fetch-Dest: empty, Referer: http://localhost:1000/test01/, Accept-Encoding: gzip, deflate, br, zstd, Accept-Language: es-US,es;q=0.9,es-419;q=0.8,en;q=0.7, ]
240717210832615 Response.sendData()	INFO: GET /favicon.ico HTTP/1.1 || Host: localhost:1000 || Connection: keep-alive || sec-ch-ua: "Not/A)Brand";v="8", "Chromium";v="126", "Google Chrome";v="126" || sec-ch-ua-mobile: ?0 || User-Agent: Mozilla/5.0 (Windows NT 10.0; Win64; x64) AppleWebKit/537.36 (KHTML, like Gecko) Chrome/126.0.0.0 Safari/537.36 || sec-ch-ua-platform: "Windows" || Accept: */* || Sec-Fetch-Site: same-origin || Sec-Fetch-Mode: cors || Sec-Fetch-Dest: empty || Referer: http://localhost:1000/test01/ || Accept-Encoding: gzip, deflate, br, zstd || Accept-Language: es-US,es;q=0.9,es-419;q=0.8,en;q=0.7 || 
240717210832616 Response.sendData()	INFO: GET /favicon.ico HTTP/1.1 
240717210832616 Response.sendData()	INFO:  Host: localhost:1000 
240717210832617 Response.sendData()	INFO:  
240717210832617 Response.sendData()	INFO: GET
240717210832618 Response.sendData()	INFO: /favicon.ico
240717210832618 Response.sendData()	INFO: HTTP/1.1
240717210832619 Response.sendData()	INFO: NO SE ENCONTRÓ EL ARCHIVO SOLICITADO. (/favicon.ico)
240717210832619 Response.sendData()	INFO: application/octet-stream
240717210832620 ThreadServer.run()	INFO: (0) > Thread :: Time: 6 milliseconds
240717210832621 ThreadServer.run()	INFO: (0) > END #
240717210837630 ThreadServer.run()	INFO: (0) > Thread waiting for new client....
