240718182611090 ThreadServer.run()	INFO: (0) > Thread waiting for new client....
240718182616452 ThreadServer.run()	INFO: (0) > Thread Accepting connection >
240718182616453 Request.getData()	INFO: (0) request: [GET /favicon.ico HTTP/1.1, Host: localhost:1000, Connection: keep-alive, sec-ch-ua: "Not/A)Brand";v="8", "Chromium";v="126", "Google Chrome";v="126", sec-ch-ua-mobile: ?0, User-Agent: Mozilla/5.0 (Windows NT 10.0; Win64; x64) AppleWebKit/537.36 (KHTML, like Gecko) Chrome/126.0.0.0 Safari/537.36, sec-ch-ua-platform: "Windows", Accept: image/avif,image/webp,image/apng,image/svg+xml,image/*,*/*;q=0.8, Sec-Fetch-Site: same-origin, Sec-Fetch-Mode: no-cors, Sec-Fetch-Dest: image, Referer: http://localhost:1000/test02/, Accept-Encoding: gzip, deflate, br, zstd, Accept-Language: es-US,es;q=0.9,es-419;q=0.8,en;q=0.7, ]
240718182616456 Response.sendData()	INFO: GET /favicon.ico HTTP/1.1 || Host: localhost:1000 || Connection: keep-alive || sec-ch-ua: "Not/A)Brand";v="8", "Chromium";v="126", "Google Chrome";v="126" || sec-ch-ua-mobile: ?0 || User-Agent: Mozilla/5.0 (Windows NT 10.0; Win64; x64) AppleWebKit/537.36 (KHTML, like Gecko) Chrome/126.0.0.0 Safari/537.36 || sec-ch-ua-platform: "Windows" || Accept: image/avif,image/webp,image/apng,image/svg+xml,image/*,*/*;q=0.8 || Sec-Fetch-Site: same-origin || Sec-Fetch-Mode: no-cors || Sec-Fetch-Dest: image || Referer: http://localhost:1000/test02/ || Accept-Encoding: gzip, deflate, br, zstd || Accept-Language: es-US,es;q=0.9,es-419;q=0.8,en;q=0.7 || 
240718182616459 Response.sendData()	INFO: GET /favicon.ico HTTP/1.1 
240718182616460 Response.sendData()	INFO:  Host: localhost:1000 
240718182616461 Response.sendData()	INFO:  
240718182616462 Response.sendData()	INFO: path: /favicon.ico
240718182616462 Response.sendData()	INFO: POST PARAMS :  
240718182616463 Response.sendData()	INFO: POST PAIRS MAP: {}
240718182616464 Response.sendData()	INFO: method: GET
240718182616464 Response.sendData()	INFO: path: /favicon.ico
240718182616466 Response.sendData()	INFO: NO SE ENCONTRÓ EL ARCHIVO SOLICITADO. (/favicon.ico)
240718182616466 Response.sendData()	INFO: fileContentType: application/octet-stream
240718182616467 Response.sendData()	INFO: extension: ico
240718182616468 Response.sendData()	INFO: fileContentType: application/octet-stream
240718182616469 Response.sendData()	INFO: GET: []
240718182616469 Response.sendData()	INFO: GET MAP: {}
240718182616470 Response.sendData()	INFO: POST PARAMS:  
240718182616471 Response.sendData()	INFO: POST PARAMS MAP: {}
240718182616471 Response.sendData()	INFO: NO SE ENCONTRÓ EL ARCHIVO SOLICITADO. (/favicon.ico)
240718182616473 ThreadServer.run()	INFO: (0) > Thread :: Time: 20 milliseconds
240718182616475 ThreadServer.run()	INFO: (0) > END #
240718182621481 ThreadServer.run()	INFO: (0) > Thread waiting for new client....
