240724182147643 ThreadServer.run()	INFO: (0) > Thread waiting for new client....
240724182749427 ThreadServer.run()	INFO: (0) > Thread Accepting connection >
240724182749436 Request.getData()	INFO: (0) request: [GET /test03/assets/js/wow.min.js HTTP/1.1, Host: localhost:1000, Connection: keep-alive, sec-ch-ua: "Not/A)Brand";v="8", "Chromium";v="126", "Google Chrome";v="126", sec-ch-ua-mobile: ?0, User-Agent: Mozilla/5.0 (Windows NT 10.0; Win64; x64) AppleWebKit/537.36 (KHTML, like Gecko) Chrome/126.0.0.0 Safari/537.36, sec-ch-ua-platform: "Windows", Accept: */*, Sec-Fetch-Site: same-origin, Sec-Fetch-Mode: no-cors, Sec-Fetch-Dest: script, Referer: http://localhost:1000/test03/, Accept-Encoding: gzip, deflate, br, zstd, Accept-Language: es-US,es;q=0.9,es-419;q=0.8,en;q=0.7, ]
240724182749444 Response.sendData()	INFO: GET /test03/assets/js/wow.min.js HTTP/1.1 || Host: localhost:1000 || Connection: keep-alive || sec-ch-ua: "Not/A)Brand";v="8", "Chromium";v="126", "Google Chrome";v="126" || sec-ch-ua-mobile: ?0 || User-Agent: Mozilla/5.0 (Windows NT 10.0; Win64; x64) AppleWebKit/537.36 (KHTML, like Gecko) Chrome/126.0.0.0 Safari/537.36 || sec-ch-ua-platform: "Windows" || Accept: */* || Sec-Fetch-Site: same-origin || Sec-Fetch-Mode: no-cors || Sec-Fetch-Dest: script || Referer: http://localhost:1000/test03/ || Accept-Encoding: gzip, deflate, br, zstd || Accept-Language: es-US,es;q=0.9,es-419;q=0.8,en;q=0.7 || 
240724182749467 Response.sendData()	INFO: requestContentType: 
240724182749515 Response.sendData()	INFO: GET /test03/assets/js/wow.min.js HTTP/1.1 
240724182749529 Response.sendData()	INFO:  Host: localhost:1000 
240724182749535 Response.sendData()	INFO:  
240724182749544 Response.sendData()	INFO: path: /test03/assets/js/wow.min.js
240724182749544 Response.sendData()	INFO: POST PARAMS : 
240724182749549 Response.sendData()	INFO: POST PAIRS MAP: {}
240724182749554 Response.sendData()	INFO: method: GET
240724182749555 Response.sendData()	INFO: path: /test03/assets/js/wow.min.js
240724182749558 Response.sendData()	INFO: fileContentType: text/javascript
240724182749559 Response.sendData()	INFO: extension: js
240724182749560 Response.sendData()	INFO: fileContentType: text/javascript
240724182749561 Response.sendData()	INFO: GET: []
240724182749562 Response.sendData()	INFO: GET MAP: {}
240724182749563 Response.sendData()	INFO: POST PARAMS: 
240724182749564 Response.sendData()	INFO: POST PARAMS MAP: {}
240724182749565 Response.sendData()	INFO: POST PARAMS MAP`KEYS: []
240724182749583 ThreadServer.run()	INFO: (0) > Thread :: Time: 147 milliseconds
240724182749626 ThreadServer.run()	INFO: (0) > END #
240724182754641 ThreadServer.run()	INFO: (0) > Thread waiting for new client....
