240718181725301 ThreadServer.run()	INFO: (1) > Thread waiting for new client....
240718181732144 ThreadServer.run()	INFO: (1) > Thread Accepting connection >
240718181732145 Request.getData()	INFO: (1) request: [POST /test02/displayFields.cc8 HTTP/1.1, Host: localhost:1000, Connection: keep-alive, Content-Length: 73, Cache-Control: max-age=0, sec-ch-ua: "Not/A)Brand";v="8", "Chromium";v="126", "Google Chrome";v="126", sec-ch-ua-mobile: ?0, sec-ch-ua-platform: "Windows", Upgrade-Insecure-Requests: 1, Origin: http://localhost:1000, Content-Type: application/x-www-form-urlencoded, User-Agent: Mozilla/5.0 (Windows NT 10.0; Win64; x64) AppleWebKit/537.36 (KHTML, like Gecko) Chrome/126.0.0.0 Safari/537.36, Accept: text/html,application/xhtml+xml,application/xml;q=0.9,image/avif,image/webp,image/apng,*/*;q=0.8,application/signed-exchange;v=b3;q=0.7, Sec-Fetch-Site: same-origin, Sec-Fetch-Mode: navigate, Sec-Fetch-User: ?1, Sec-Fetch-Dest: document, Referer: http://localhost:1000/test02/, Accept-Encoding: gzip, deflate, br, zstd, Accept-Language: es-US,es;q=0.9,es-419;q=0.8,en;q=0.7, name=POST+-+application%2Fx-www-form-urlencoded&email=lab02%40galileo.edu]
240718181732147 Response.sendData()	INFO: POST /test02/displayFields.cc8 HTTP/1.1 || Host: localhost:1000 || Connection: keep-alive || Content-Length: 73 || Cache-Control: max-age=0 || sec-ch-ua: "Not/A)Brand";v="8", "Chromium";v="126", "Google Chrome";v="126" || sec-ch-ua-mobile: ?0 || sec-ch-ua-platform: "Windows" || Upgrade-Insecure-Requests: 1 || Origin: http://localhost:1000 || Content-Type: application/x-www-form-urlencoded || User-Agent: Mozilla/5.0 (Windows NT 10.0; Win64; x64) AppleWebKit/537.36 (KHTML, like Gecko) Chrome/126.0.0.0 Safari/537.36 || Accept: text/html,application/xhtml+xml,application/xml;q=0.9,image/avif,image/webp,image/apng,*/*;q=0.8,application/signed-exchange;v=b3;q=0.7 || Sec-Fetch-Site: same-origin || Sec-Fetch-Mode: navigate || Sec-Fetch-User: ?1 || Sec-Fetch-Dest: document || Referer: http://localhost:1000/test02/ || Accept-Encoding: gzip, deflate, br, zstd || Accept-Language: es-US,es;q=0.9,es-419;q=0.8,en;q=0.7 || name=POST+-+application%2Fx-www-form-urlencoded&email=lab02%40galileo.edu
240718181732149 Response.sendData()	INFO: POST /test02/displayFields.cc8 HTTP/1.1 
240718181732149 Response.sendData()	INFO:  Host: localhost:1000 
240718181732150 Response.sendData()	INFO:  name=POST+-+application%2Fx-www-form-urlencoded&email=lab02%40galileo.edu
240718181732150 Response.sendData()	INFO: path: /test02/displayFields.cc8
240718181732151 Response.sendData()	INFO: POST PARAMS :  name=POST+-+application%2Fx-www-form-urlencoded&email=lab02%40galileo.edu
240718181732151 Response.sendData()	INFO: POST PAIRS MAP: {}
240718181732152 Response.sendData()	INFO: method: POST
240718181732152 Response.sendData()	INFO: path: /test02/displayFields.cc8
240718181732153 Response.sendData()	INFO: fileContentType: application/octet-stream
240718181732153 Response.sendData()	INFO: extension: cc8
240718181732154 Response.sendData()	INFO: fileContentType: text/html
240718181732155 Response.sendData()	INFO: GET: []
240718181732155 Response.sendData()	INFO: GET MAP: {}
240718181732156 Response.sendData()	INFO: POST PARAMS :  name=POST+-+application%2Fx-www-form-urlencoded&email=lab02%40galileo.edu
240718181732157 ThreadServer.run()	INFO: (1) > Thread :: Time: 12 milliseconds
240718181732158 ThreadServer.run()	INFO: (1) > END #
240718181737165 ThreadServer.run()	INFO: (1) > Thread waiting for new client....
