240717192739838 ThreadServer.run()	INFO: (1) > Thread waiting for new client....
240717192750078 ThreadServer.run()	INFO: (1) > Thread Accepting connection >
240717192750079 Request.getData()	INFO: (1) request: [GET /favicon.ico HTTP/1.1, Host: localhost:1000, Connection: keep-alive, sec-ch-ua: "Not/A)Brand";v="8", "Chromium";v="126", "Google Chrome";v="126", sec-ch-ua-mobile: ?0, User-Agent: Mozilla/5.0 (Windows NT 10.0; Win64; x64) AppleWebKit/537.36 (KHTML, like Gecko) Chrome/126.0.0.0 Safari/537.36, sec-ch-ua-platform: "Windows", Accept: */*, Sec-Fetch-Site: same-origin, Sec-Fetch-Mode: cors, Sec-Fetch-Dest: empty, Referer: http://localhost:1000/, Accept-Encoding: gzip, deflate, br, zstd, Accept-Language: es-US,es;q=0.9,es-419;q=0.8,en;q=0.7, ]
240717192750081 Response.sendData()	INFO: (1) response: [HTTP/1.1 200 OK, Content-Type: text/html, ClaseCC8: Alumnos, Content-Length: 639, , <!DOCTYPE html>
<html lang="es">
<head>
    <meta charset="UTF-8">
    <meta name="viewport" content="width=device-width, initial-scale=1.0">
    <title>Lab HTTP</title>
    <style>
        body {
            text-align: center;
            font-size: 1.8em;
        }
     </style>
</head>
<body>
    <h1>Pruebas de Web Server</h1>
    <p>Test 1: <a href="test01/">HTML Simple con Media</a></p>
    <p>Test 2: <a href="test02/">Formularios GET/POST con enctype</a></p>
    <p>Test 3: <a href="test03/">Página Web Completa</a></p>
    <br>
    <p>
        El servidor cambió esto y agregó un número aleatorio: 996
    </p>
</body>
</html>
]
240717192750086 Response.sendData()	INFO: (1) request: GET /favicon.ico HTTP/1.1 || Host: localhost:1000 || Connection: keep-alive || sec-ch-ua: "Not/A)Brand";v="8", "Chromium";v="126", "Google Chrome";v="126" || sec-ch-ua-mobile: ?0 || User-Agent: Mozilla/5.0 (Windows NT 10.0; Win64; x64) AppleWebKit/537.36 (KHTML, like Gecko) Chrome/126.0.0.0 Safari/537.36 || sec-ch-ua-platform: "Windows" || Accept: */* || Sec-Fetch-Site: same-origin || Sec-Fetch-Mode: cors || Sec-Fetch-Dest: empty || Referer: http://localhost:1000/ || Accept-Encoding: gzip, deflate, br, zstd || Accept-Language: es-US,es;q=0.9,es-419;q=0.8,en;q=0.7 || 
240717192750089 ThreadServer.run()	INFO: (1) > Thread :: Time: 10 milliseconds
240717192750091 ThreadServer.run()	INFO: (1) > END #
240717192755105 ThreadServer.run()	INFO: (1) > Thread waiting for new client....
240717192755106 ThreadServer.run()	INFO: (1) > Thread Accepting connection >
240717192755107 Request.getData()	INFO: (1) request: [GET / HTTP/1.1, Host: localhost:1000, Connection: keep-alive, Cache-Control: max-age=0, sec-ch-ua: "Not/A)Brand";v="8", "Chromium";v="126", "Google Chrome";v="126", sec-ch-ua-mobile: ?0, sec-ch-ua-platform: "Windows", Upgrade-Insecure-Requests: 1, User-Agent: Mozilla/5.0 (Windows NT 10.0; Win64; x64) AppleWebKit/537.36 (KHTML, like Gecko) Chrome/126.0.0.0 Safari/537.36, Accept: text/html,application/xhtml+xml,application/xml;q=0.9,image/avif,image/webp,image/apng,*/*;q=0.8,application/signed-exchange;v=b3;q=0.7, Sec-Fetch-Site: none, Sec-Fetch-Mode: navigate, Sec-Fetch-User: ?1, Sec-Fetch-Dest: document, Accept-Encoding: gzip, deflate, br, zstd, Accept-Language: es-US,es;q=0.9,es-419;q=0.8,en;q=0.7, ]
240717192755108 Response.sendData()	INFO: (1) response: [HTTP/1.1 200 OK, Content-Type: text/html, ClaseCC8: Alumnos, Content-Length: 639, , <!DOCTYPE html>
<html lang="es">
<head>
    <meta charset="UTF-8">
    <meta name="viewport" content="width=device-width, initial-scale=1.0">
    <title>Lab HTTP</title>
    <style>
        body {
            text-align: center;
            font-size: 1.8em;
        }
     </style>
</head>
<body>
    <h1>Pruebas de Web Server</h1>
    <p>Test 1: <a href="test01/">HTML Simple con Media</a></p>
    <p>Test 2: <a href="test02/">Formularios GET/POST con enctype</a></p>
    <p>Test 3: <a href="test03/">Página Web Completa</a></p>
    <br>
    <p>
        El servidor cambió esto y agregó un número aleatorio: 436
    </p>
</body>
</html>
]
240717192755131 Response.sendData()	INFO: (1) request: GET / HTTP/1.1 || Host: localhost:1000 || Connection: keep-alive || Cache-Control: max-age=0 || sec-ch-ua: "Not/A)Brand";v="8", "Chromium";v="126", "Google Chrome";v="126" || sec-ch-ua-mobile: ?0 || sec-ch-ua-platform: "Windows" || Upgrade-Insecure-Requests: 1 || User-Agent: Mozilla/5.0 (Windows NT 10.0; Win64; x64) AppleWebKit/537.36 (KHTML, like Gecko) Chrome/126.0.0.0 Safari/537.36 || Accept: text/html,application/xhtml+xml,application/xml;q=0.9,image/avif,image/webp,image/apng,*/*;q=0.8,application/signed-exchange;v=b3;q=0.7 || Sec-Fetch-Site: none || Sec-Fetch-Mode: navigate || Sec-Fetch-User: ?1 || Sec-Fetch-Dest: document || Accept-Encoding: gzip, deflate, br, zstd || Accept-Language: es-US,es;q=0.9,es-419;q=0.8,en;q=0.7 || 
240717192755133 ThreadServer.run()	INFO: (1) > Thread :: Time: 26 milliseconds
240717192755134 ThreadServer.run()	INFO: (1) > END #
240717192800145 ThreadServer.run()	INFO: (1) > Thread waiting for new client....
240717192800145 ThreadServer.run()	INFO: (1) > Thread Accepting connection >
240717192800146 Request.getData()	INFO: (1) request: [GET /favicon.ico HTTP/1.1, Host: localhost:1000, Connection: keep-alive, sec-ch-ua: "Not/A)Brand";v="8", "Chromium";v="126", "Google Chrome";v="126", sec-ch-ua-mobile: ?0, User-Agent: Mozilla/5.0 (Windows NT 10.0; Win64; x64) AppleWebKit/537.36 (KHTML, like Gecko) Chrome/126.0.0.0 Safari/537.36, sec-ch-ua-platform: "Windows", Accept: image/avif,image/webp,image/apng,image/svg+xml,image/*,*/*;q=0.8, Sec-Fetch-Site: same-origin, Sec-Fetch-Mode: no-cors, Sec-Fetch-Dest: image, Referer: http://localhost:1000/, Accept-Encoding: gzip, deflate, br, zstd, Accept-Language: es-US,es;q=0.9,es-419;q=0.8,en;q=0.7, ]
240717192800147 Response.sendData()	INFO: (1) response: [HTTP/1.1 200 OK, Content-Type: text/html, ClaseCC8: Alumnos, Content-Length: 638, , <!DOCTYPE html>
<html lang="es">
<head>
    <meta charset="UTF-8">
    <meta name="viewport" content="width=device-width, initial-scale=1.0">
    <title>Lab HTTP</title>
    <style>
        body {
            text-align: center;
            font-size: 1.8em;
        }
     </style>
</head>
<body>
    <h1>Pruebas de Web Server</h1>
    <p>Test 1: <a href="test01/">HTML Simple con Media</a></p>
    <p>Test 2: <a href="test02/">Formularios GET/POST con enctype</a></p>
    <p>Test 3: <a href="test03/">Página Web Completa</a></p>
    <br>
    <p>
        El servidor cambió esto y agregó un número aleatorio: 31
    </p>
</body>
</html>
]
240717192800150 Response.sendData()	INFO: (1) request: GET /favicon.ico HTTP/1.1 || Host: localhost:1000 || Connection: keep-alive || sec-ch-ua: "Not/A)Brand";v="8", "Chromium";v="126", "Google Chrome";v="126" || sec-ch-ua-mobile: ?0 || User-Agent: Mozilla/5.0 (Windows NT 10.0; Win64; x64) AppleWebKit/537.36 (KHTML, like Gecko) Chrome/126.0.0.0 Safari/537.36 || sec-ch-ua-platform: "Windows" || Accept: image/avif,image/webp,image/apng,image/svg+xml,image/*,*/*;q=0.8 || Sec-Fetch-Site: same-origin || Sec-Fetch-Mode: no-cors || Sec-Fetch-Dest: image || Referer: http://localhost:1000/ || Accept-Encoding: gzip, deflate, br, zstd || Accept-Language: es-US,es;q=0.9,es-419;q=0.8,en;q=0.7 || 
240717192800151 ThreadServer.run()	INFO: (1) > Thread :: Time: 5 milliseconds
240717192800151 ThreadServer.run()	INFO: (1) > END #
240717192805153 ThreadServer.run()	INFO: (1) > Thread waiting for new client....
240717192847961 ThreadServer.run()	INFO: (1) > Thread Accepting connection >
240717192847963 Request.getData()	INFO: (1) request: [GET /test01/ HTTP/1.1, Host: localhost:1000, Connection: keep-alive, sec-ch-ua: "Not/A)Brand";v="8", "Chromium";v="126", "Google Chrome";v="126", sec-ch-ua-mobile: ?0, sec-ch-ua-platform: "Windows", Upgrade-Insecure-Requests: 1, User-Agent: Mozilla/5.0 (Windows NT 10.0; Win64; x64) AppleWebKit/537.36 (KHTML, like Gecko) Chrome/126.0.0.0 Safari/537.36, Accept: text/html,application/xhtml+xml,application/xml;q=0.9,image/avif,image/webp,image/apng,*/*;q=0.8,application/signed-exchange;v=b3;q=0.7, Sec-Fetch-Site: same-origin, Sec-Fetch-Mode: navigate, Sec-Fetch-User: ?1, Sec-Fetch-Dest: document, Referer: http://localhost:1000/, Accept-Encoding: gzip, deflate, br, zstd, Accept-Language: es-US,es;q=0.9,es-419;q=0.8,en;q=0.7, ]
240717192847966 Response.sendData()	INFO: (1) response: [HTTP/1.1 200 OK, Content-Type: text/html, ClaseCC8: Alumnos, Content-Length: 639, , <!DOCTYPE html>
<html lang="es">
<head>
    <meta charset="UTF-8">
    <meta name="viewport" content="width=device-width, initial-scale=1.0">
    <title>Lab HTTP</title>
    <style>
        body {
            text-align: center;
            font-size: 1.8em;
        }
     </style>
</head>
<body>
    <h1>Pruebas de Web Server</h1>
    <p>Test 1: <a href="test01/">HTML Simple con Media</a></p>
    <p>Test 2: <a href="test02/">Formularios GET/POST con enctype</a></p>
    <p>Test 3: <a href="test03/">Página Web Completa</a></p>
    <br>
    <p>
        El servidor cambió esto y agregó un número aleatorio: 198
    </p>
</body>
</html>
]
240717192847971 Response.sendData()	INFO: (1) request: GET /test01/ HTTP/1.1 || Host: localhost:1000 || Connection: keep-alive || sec-ch-ua: "Not/A)Brand";v="8", "Chromium";v="126", "Google Chrome";v="126" || sec-ch-ua-mobile: ?0 || sec-ch-ua-platform: "Windows" || Upgrade-Insecure-Requests: 1 || User-Agent: Mozilla/5.0 (Windows NT 10.0; Win64; x64) AppleWebKit/537.36 (KHTML, like Gecko) Chrome/126.0.0.0 Safari/537.36 || Accept: text/html,application/xhtml+xml,application/xml;q=0.9,image/avif,image/webp,image/apng,*/*;q=0.8,application/signed-exchange;v=b3;q=0.7 || Sec-Fetch-Site: same-origin || Sec-Fetch-Mode: navigate || Sec-Fetch-User: ?1 || Sec-Fetch-Dest: document || Referer: http://localhost:1000/ || Accept-Encoding: gzip, deflate, br, zstd || Accept-Language: es-US,es;q=0.9,es-419;q=0.8,en;q=0.7 || 
240717192847974 ThreadServer.run()	INFO: (1) > Thread :: Time: 11 milliseconds
240717192847976 ThreadServer.run()	INFO: (1) > END #
240717192852993 ThreadServer.run()	INFO: (1) > Thread waiting for new client....
240717192852994 ThreadServer.run()	INFO: (1) > Thread Accepting connection >
240717192852994 Request.getData()	INFO: (1) request: [GET /favicon.ico HTTP/1.1, Host: localhost:1000, Connection: keep-alive, sec-ch-ua: "Not/A)Brand";v="8", "Chromium";v="126", "Google Chrome";v="126", sec-ch-ua-mobile: ?0, User-Agent: Mozilla/5.0 (Windows NT 10.0; Win64; x64) AppleWebKit/537.36 (KHTML, like Gecko) Chrome/126.0.0.0 Safari/537.36, sec-ch-ua-platform: "Windows", Accept: image/avif,image/webp,image/apng,image/svg+xml,image/*,*/*;q=0.8, Sec-Fetch-Site: same-origin, Sec-Fetch-Mode: no-cors, Sec-Fetch-Dest: image, Referer: http://localhost:1000/test01/, Accept-Encoding: gzip, deflate, br, zstd, Accept-Language: es-US,es;q=0.9,es-419;q=0.8,en;q=0.7, ]
240717192852996 Response.sendData()	INFO: (1) response: [HTTP/1.1 200 OK, Content-Type: text/html, ClaseCC8: Alumnos, Content-Length: 639, , <!DOCTYPE html>
<html lang="es">
<head>
    <meta charset="UTF-8">
    <meta name="viewport" content="width=device-width, initial-scale=1.0">
    <title>Lab HTTP</title>
    <style>
        body {
            text-align: center;
            font-size: 1.8em;
        }
     </style>
</head>
<body>
    <h1>Pruebas de Web Server</h1>
    <p>Test 1: <a href="test01/">HTML Simple con Media</a></p>
    <p>Test 2: <a href="test02/">Formularios GET/POST con enctype</a></p>
    <p>Test 3: <a href="test03/">Página Web Completa</a></p>
    <br>
    <p>
        El servidor cambió esto y agregó un número aleatorio: 164
    </p>
</body>
</html>
]
240717192853001 Response.sendData()	INFO: (1) request: GET /favicon.ico HTTP/1.1 || Host: localhost:1000 || Connection: keep-alive || sec-ch-ua: "Not/A)Brand";v="8", "Chromium";v="126", "Google Chrome";v="126" || sec-ch-ua-mobile: ?0 || User-Agent: Mozilla/5.0 (Windows NT 10.0; Win64; x64) AppleWebKit/537.36 (KHTML, like Gecko) Chrome/126.0.0.0 Safari/537.36 || sec-ch-ua-platform: "Windows" || Accept: image/avif,image/webp,image/apng,image/svg+xml,image/*,*/*;q=0.8 || Sec-Fetch-Site: same-origin || Sec-Fetch-Mode: no-cors || Sec-Fetch-Dest: image || Referer: http://localhost:1000/test01/ || Accept-Encoding: gzip, deflate, br, zstd || Accept-Language: es-US,es;q=0.9,es-419;q=0.8,en;q=0.7 || 
240717192853002 ThreadServer.run()	INFO: (1) > Thread :: Time: 8 milliseconds
240717192853002 ThreadServer.run()	INFO: (1) > END #
240717192858005 ThreadServer.run()	INFO: (1) > Thread waiting for new client....
240717192858005 ThreadServer.run()	INFO: (1) > Thread Accepting connection >
240717192858006 Request.getData()	INFO: (1) request: [GET /favicon.ico HTTP/1.1, Host: localhost:1000, Connection: keep-alive, sec-ch-ua: "Not/A)Brand";v="8", "Chromium";v="126", "Google Chrome";v="126", sec-ch-ua-mobile: ?0, User-Agent: Mozilla/5.0 (Windows NT 10.0; Win64; x64) AppleWebKit/537.36 (KHTML, like Gecko) Chrome/126.0.0.0 Safari/537.36, sec-ch-ua-platform: "Windows", Accept: */*, Sec-Fetch-Site: same-origin, Sec-Fetch-Mode: cors, Sec-Fetch-Dest: empty, Referer: http://localhost:1000/test01/, Accept-Encoding: gzip, deflate, br, zstd, Accept-Language: es-US,es;q=0.9,es-419;q=0.8,en;q=0.7, ]
240717192858007 Response.sendData()	INFO: (1) response: [HTTP/1.1 200 OK, Content-Type: text/html, ClaseCC8: Alumnos, Content-Length: 639, , <!DOCTYPE html>
<html lang="es">
<head>
    <meta charset="UTF-8">
    <meta name="viewport" content="width=device-width, initial-scale=1.0">
    <title>Lab HTTP</title>
    <style>
        body {
            text-align: center;
            font-size: 1.8em;
        }
     </style>
</head>
<body>
    <h1>Pruebas de Web Server</h1>
    <p>Test 1: <a href="test01/">HTML Simple con Media</a></p>
    <p>Test 2: <a href="test02/">Formularios GET/POST con enctype</a></p>
    <p>Test 3: <a href="test03/">Página Web Completa</a></p>
    <br>
    <p>
        El servidor cambió esto y agregó un número aleatorio: 858
    </p>
</body>
</html>
]
240717192858010 Response.sendData()	INFO: (1) request: GET /favicon.ico HTTP/1.1 || Host: localhost:1000 || Connection: keep-alive || sec-ch-ua: "Not/A)Brand";v="8", "Chromium";v="126", "Google Chrome";v="126" || sec-ch-ua-mobile: ?0 || User-Agent: Mozilla/5.0 (Windows NT 10.0; Win64; x64) AppleWebKit/537.36 (KHTML, like Gecko) Chrome/126.0.0.0 Safari/537.36 || sec-ch-ua-platform: "Windows" || Accept: */* || Sec-Fetch-Site: same-origin || Sec-Fetch-Mode: cors || Sec-Fetch-Dest: empty || Referer: http://localhost:1000/test01/ || Accept-Encoding: gzip, deflate, br, zstd || Accept-Language: es-US,es;q=0.9,es-419;q=0.8,en;q=0.7 || 
240717192858011 ThreadServer.run()	INFO: (1) > Thread :: Time: 5 milliseconds
240717192858011 ThreadServer.run()	INFO: (1) > END #
240717192903022 ThreadServer.run()	INFO: (1) > Thread waiting for new client....
