240724182147564 ThreadServer.run()	INFO: (1) > Thread waiting for new client....
240724182748927 ThreadServer.run()	INFO: (1) > Thread Accepting connection >
240724182748942 Request.getData()	INFO: (1) request: [GET /test03/assets/js/waypoints.min.js HTTP/1.1, Host: localhost:1000, Connection: keep-alive, sec-ch-ua: "Not/A)Brand";v="8", "Chromium";v="126", "Google Chrome";v="126", sec-ch-ua-mobile: ?0, User-Agent: Mozilla/5.0 (Windows NT 10.0; Win64; x64) AppleWebKit/537.36 (KHTML, like Gecko) Chrome/126.0.0.0 Safari/537.36, sec-ch-ua-platform: "Windows", Accept: */*, Sec-Fetch-Site: same-origin, Sec-Fetch-Mode: no-cors, Sec-Fetch-Dest: script, Referer: http://localhost:1000/test03/, Accept-Encoding: gzip, deflate, br, zstd, Accept-Language: es-US,es;q=0.9,es-419;q=0.8,en;q=0.7, ]
240724182748949 Response.sendData()	INFO: GET /test03/assets/js/waypoints.min.js HTTP/1.1 || Host: localhost:1000 || Connection: keep-alive || sec-ch-ua: "Not/A)Brand";v="8", "Chromium";v="126", "Google Chrome";v="126" || sec-ch-ua-mobile: ?0 || User-Agent: Mozilla/5.0 (Windows NT 10.0; Win64; x64) AppleWebKit/537.36 (KHTML, like Gecko) Chrome/126.0.0.0 Safari/537.36 || sec-ch-ua-platform: "Windows" || Accept: */* || Sec-Fetch-Site: same-origin || Sec-Fetch-Mode: no-cors || Sec-Fetch-Dest: script || Referer: http://localhost:1000/test03/ || Accept-Encoding: gzip, deflate, br, zstd || Accept-Language: es-US,es;q=0.9,es-419;q=0.8,en;q=0.7 || 
240724182748974 Response.sendData()	INFO: requestContentType: 
240724182748986 Response.sendData()	INFO: GET /test03/assets/js/waypoints.min.js HTTP/1.1 
240724182749100 Response.sendData()	INFO:  Host: localhost:1000 
240724182749101 Response.sendData()	INFO:  
240724182749104 Response.sendData()	INFO: path: /test03/assets/js/waypoints.min.js
240724182749106 Response.sendData()	INFO: POST PARAMS : 
240724182749107 Response.sendData()	INFO: POST PAIRS MAP: {}
240724182749108 Response.sendData()	INFO: method: GET
240724182749109 Response.sendData()	INFO: path: /test03/assets/js/waypoints.min.js
240724182749112 Response.sendData()	INFO: fileContentType: text/javascript
240724182749136 Response.sendData()	INFO: extension: js
240724182749139 Response.sendData()	INFO: fileContentType: text/javascript
240724182749153 Response.sendData()	INFO: GET: []
240724182749160 Response.sendData()	INFO: GET MAP: {}
240724182749178 Response.sendData()	INFO: POST PARAMS: 
240724182749183 Response.sendData()	INFO: POST PARAMS MAP: {}
240724182749199 Response.sendData()	INFO: POST PARAMS MAP`KEYS: []
240724182749203 ThreadServer.run()	INFO: (1) > Thread :: Time: 260 milliseconds
240724182749208 ThreadServer.run()	INFO: (1) > END #
240724182754224 ThreadServer.run()	INFO: (1) > Thread waiting for new client....
