240717212833257 ThreadServer.run()	INFO: (1) > Thread waiting for new client....
240717212837905 ThreadServer.run()	INFO: (1) > Thread Accepting connection >
240717212837916 Request.getData()	INFO: (1) request: [GET /test01/ HTTP/1.1, Host: localhost:1000, Connection: keep-alive, Cache-Control: max-age=0, sec-ch-ua: "Not/A)Brand";v="8", "Chromium";v="126", "Google Chrome";v="126", sec-ch-ua-mobile: ?0, sec-ch-ua-platform: "Windows", Upgrade-Insecure-Requests: 1, User-Agent: Mozilla/5.0 (Windows NT 10.0; Win64; x64) AppleWebKit/537.36 (KHTML, like Gecko) Chrome/126.0.0.0 Safari/537.36, Accept: text/html,application/xhtml+xml,application/xml;q=0.9,image/avif,image/webp,image/apng,*/*;q=0.8,application/signed-exchange;v=b3;q=0.7, Sec-Fetch-Site: same-origin, Sec-Fetch-Mode: navigate, Sec-Fetch-User: ?1, Sec-Fetch-Dest: document, Referer: http://localhost:1000/, Accept-Encoding: gzip, deflate, br, zstd, Accept-Language: es-US,es;q=0.9,es-419;q=0.8,en;q=0.7, ]
240717212837922 Response.sendData()	INFO: GET /test01/ HTTP/1.1 || Host: localhost:1000 || Connection: keep-alive || Cache-Control: max-age=0 || sec-ch-ua: "Not/A)Brand";v="8", "Chromium";v="126", "Google Chrome";v="126" || sec-ch-ua-mobile: ?0 || sec-ch-ua-platform: "Windows" || Upgrade-Insecure-Requests: 1 || User-Agent: Mozilla/5.0 (Windows NT 10.0; Win64; x64) AppleWebKit/537.36 (KHTML, like Gecko) Chrome/126.0.0.0 Safari/537.36 || Accept: text/html,application/xhtml+xml,application/xml;q=0.9,image/avif,image/webp,image/apng,*/*;q=0.8,application/signed-exchange;v=b3;q=0.7 || Sec-Fetch-Site: same-origin || Sec-Fetch-Mode: navigate || Sec-Fetch-User: ?1 || Sec-Fetch-Dest: document || Referer: http://localhost:1000/ || Accept-Encoding: gzip, deflate, br, zstd || Accept-Language: es-US,es;q=0.9,es-419;q=0.8,en;q=0.7 || 
240717212837926 Response.sendData()	INFO: GET /test01/ HTTP/1.1 
240717212837928 Response.sendData()	INFO:  Host: localhost:1000 
240717212837929 Response.sendData()	INFO:  
240717212837930 Response.sendData()	INFO: GET
240717212837931 Response.sendData()	INFO: /test01/
240717212837932 Response.sendData()	INFO: HTTP/1.1
240717212837953 Response.sendData()	INFO: text/html
240717212837971 Response.sendData()	INFO: (1) response: [HTTP/1.1 200 OK, Content-Type: text/html, ClaseCC8: Alumnos, Content-Length: 4241, ]
240717212837974 Response.sendData()	INFO: (1) response: [B@49944e35
240717212837988 ThreadServer.run()	INFO: (1) > Thread :: Time: 68 milliseconds
240717212837990 ThreadServer.run()	INFO: (1) > END #
240717212842999 ThreadServer.run()	INFO: (1) > Thread waiting for new client....
240717212843000 ThreadServer.run()	INFO: (1) > Thread Accepting connection >
240717212843001 Request.getData()	INFO: (1) request: [GET /test01/images/fisicc.png HTTP/1.1, Host: localhost:1000, Connection: keep-alive, sec-ch-ua: "Not/A)Brand";v="8", "Chromium";v="126", "Google Chrome";v="126", sec-ch-ua-mobile: ?0, User-Agent: Mozilla/5.0 (Windows NT 10.0; Win64; x64) AppleWebKit/537.36 (KHTML, like Gecko) Chrome/126.0.0.0 Safari/537.36, sec-ch-ua-platform: "Windows", Accept: image/avif,image/webp,image/apng,image/svg+xml,image/*,*/*;q=0.8, Sec-Fetch-Site: same-origin, Sec-Fetch-Mode: no-cors, Sec-Fetch-Dest: image, Referer: http://localhost:1000/test01/, Accept-Encoding: gzip, deflate, br, zstd, Accept-Language: es-US,es;q=0.9,es-419;q=0.8,en;q=0.7, ]
240717212843002 Response.sendData()	INFO: GET /test01/images/fisicc.png HTTP/1.1 || Host: localhost:1000 || Connection: keep-alive || sec-ch-ua: "Not/A)Brand";v="8", "Chromium";v="126", "Google Chrome";v="126" || sec-ch-ua-mobile: ?0 || User-Agent: Mozilla/5.0 (Windows NT 10.0; Win64; x64) AppleWebKit/537.36 (KHTML, like Gecko) Chrome/126.0.0.0 Safari/537.36 || sec-ch-ua-platform: "Windows" || Accept: image/avif,image/webp,image/apng,image/svg+xml,image/*,*/*;q=0.8 || Sec-Fetch-Site: same-origin || Sec-Fetch-Mode: no-cors || Sec-Fetch-Dest: image || Referer: http://localhost:1000/test01/ || Accept-Encoding: gzip, deflate, br, zstd || Accept-Language: es-US,es;q=0.9,es-419;q=0.8,en;q=0.7 || 
240717212843003 Response.sendData()	INFO: GET /test01/images/fisicc.png HTTP/1.1 
240717212843003 Response.sendData()	INFO:  Host: localhost:1000 
240717212843004 Response.sendData()	INFO:  
240717212843004 Response.sendData()	INFO: GET
240717212843004 Response.sendData()	INFO: /test01/images/fisicc.png
240717212843005 Response.sendData()	INFO: HTTP/1.1
240717212843006 Response.sendData()	INFO: image/png
240717212843008 Response.sendData()	INFO: (1) response: [HTTP/1.1 200 OK, Content-Type: image/png, ClaseCC8: Alumnos, Content-Length: 822792, ]
240717212843009 Response.sendData()	INFO: (1) response: [B@26982ab6
240717212843010 ThreadServer.run()	INFO: (1) > Thread :: Time: 9 milliseconds
240717212843011 ThreadServer.run()	INFO: (1) > END #
240717212848022 ThreadServer.run()	INFO: (1) > Thread waiting for new client....
240717212848022 ThreadServer.run()	INFO: (1) > Thread Accepting connection >
240717212848023 Request.getData()	INFO: (1) request: [GET /test01/styles/BungeeSpice-Regular.ttf HTTP/1.1, Host: localhost:1000, Connection: keep-alive, sec-ch-ua: "Not/A)Brand";v="8", "Chromium";v="126", "Google Chrome";v="126", Origin: http://localhost:1000, sec-ch-ua-mobile: ?0, User-Agent: Mozilla/5.0 (Windows NT 10.0; Win64; x64) AppleWebKit/537.36 (KHTML, like Gecko) Chrome/126.0.0.0 Safari/537.36, sec-ch-ua-platform: "Windows", Accept: */*, Sec-Fetch-Site: same-origin, Sec-Fetch-Mode: cors, Sec-Fetch-Dest: font, Referer: http://localhost:1000/test01/styles/style.css, Accept-Encoding: gzip, deflate, br, zstd, Accept-Language: es-US,es;q=0.9,es-419;q=0.8,en;q=0.7, ]
240717212848024 Response.sendData()	INFO: GET /test01/styles/BungeeSpice-Regular.ttf HTTP/1.1 || Host: localhost:1000 || Connection: keep-alive || sec-ch-ua: "Not/A)Brand";v="8", "Chromium";v="126", "Google Chrome";v="126" || Origin: http://localhost:1000 || sec-ch-ua-mobile: ?0 || User-Agent: Mozilla/5.0 (Windows NT 10.0; Win64; x64) AppleWebKit/537.36 (KHTML, like Gecko) Chrome/126.0.0.0 Safari/537.36 || sec-ch-ua-platform: "Windows" || Accept: */* || Sec-Fetch-Site: same-origin || Sec-Fetch-Mode: cors || Sec-Fetch-Dest: font || Referer: http://localhost:1000/test01/styles/style.css || Accept-Encoding: gzip, deflate, br, zstd || Accept-Language: es-US,es;q=0.9,es-419;q=0.8,en;q=0.7 || 
240717212848025 Response.sendData()	INFO: GET /test01/styles/BungeeSpice-Regular.ttf HTTP/1.1 
240717212848025 Response.sendData()	INFO:  Host: localhost:1000 
240717212848026 Response.sendData()	INFO:  
240717212848026 Response.sendData()	INFO: GET
240717212848026 Response.sendData()	INFO: /test01/styles/BungeeSpice-Regular.ttf
240717212848027 Response.sendData()	INFO: HTTP/1.1
240717212848028 Response.sendData()	INFO: application/octet-stream
240717212848031 ThreadServer.run()	INFO: (1) > Thread :: Time: 8 milliseconds
240717212848032 ThreadServer.run()	INFO: (1) > END #
240717212853040 ThreadServer.run()	INFO: (1) > Thread waiting for new client....
240717212908069 ThreadServer.run()	INFO: (1) > Thread Accepting connection >
240717212908070 Request.getData()	INFO: (1) request: [GET /favicon.ico HTTP/1.1, Host: localhost:1000, Connection: keep-alive, sec-ch-ua: "Not/A)Brand";v="8", "Chromium";v="126", "Google Chrome";v="126", sec-ch-ua-mobile: ?0, User-Agent: Mozilla/5.0 (Windows NT 10.0; Win64; x64) AppleWebKit/537.36 (KHTML, like Gecko) Chrome/126.0.0.0 Safari/537.36, sec-ch-ua-platform: "Windows", Accept: image/avif,image/webp,image/apng,image/svg+xml,image/*,*/*;q=0.8, Sec-Fetch-Site: same-origin, Sec-Fetch-Mode: no-cors, Sec-Fetch-Dest: image, Referer: http://localhost:1000/test01/, Accept-Encoding: gzip, deflate, br, zstd, Accept-Language: es-US,es;q=0.9,es-419;q=0.8,en;q=0.7, ]
240717212908071 Response.sendData()	INFO: GET /favicon.ico HTTP/1.1 || Host: localhost:1000 || Connection: keep-alive || sec-ch-ua: "Not/A)Brand";v="8", "Chromium";v="126", "Google Chrome";v="126" || sec-ch-ua-mobile: ?0 || User-Agent: Mozilla/5.0 (Windows NT 10.0; Win64; x64) AppleWebKit/537.36 (KHTML, like Gecko) Chrome/126.0.0.0 Safari/537.36 || sec-ch-ua-platform: "Windows" || Accept: image/avif,image/webp,image/apng,image/svg+xml,image/*,*/*;q=0.8 || Sec-Fetch-Site: same-origin || Sec-Fetch-Mode: no-cors || Sec-Fetch-Dest: image || Referer: http://localhost:1000/test01/ || Accept-Encoding: gzip, deflate, br, zstd || Accept-Language: es-US,es;q=0.9,es-419;q=0.8,en;q=0.7 || 
240717212908072 Response.sendData()	INFO: GET /favicon.ico HTTP/1.1 
240717212908072 Response.sendData()	INFO:  Host: localhost:1000 
240717212908073 Response.sendData()	INFO:  
240717212908073 Response.sendData()	INFO: GET
240717212908073 Response.sendData()	INFO: /favicon.ico
240717212908074 Response.sendData()	INFO: HTTP/1.1
