240717211349255 ThreadServer.run()	INFO: (1) > Thread waiting for new client....
240717211402044 ThreadServer.run()	INFO: (1) > Thread Accepting connection >
240717211402051 Request.getData()	INFO: (1) request: [GET /test01/ HTTP/1.1, Host: localhost:1000, Connection: keep-alive, Cache-Control: max-age=0, sec-ch-ua: "Not/A)Brand";v="8", "Chromium";v="126", "Google Chrome";v="126", sec-ch-ua-mobile: ?0, sec-ch-ua-platform: "Windows", Upgrade-Insecure-Requests: 1, User-Agent: Mozilla/5.0 (Windows NT 10.0; Win64; x64) AppleWebKit/537.36 (KHTML, like Gecko) Chrome/126.0.0.0 Safari/537.36, Accept: text/html,application/xhtml+xml,application/xml;q=0.9,image/avif,image/webp,image/apng,*/*;q=0.8,application/signed-exchange;v=b3;q=0.7, Sec-Fetch-Site: same-origin, Sec-Fetch-Mode: navigate, Sec-Fetch-User: ?1, Sec-Fetch-Dest: document, Referer: http://localhost:1000/, Accept-Encoding: gzip, deflate, br, zstd, Accept-Language: es-US,es;q=0.9,es-419;q=0.8,en;q=0.7, ]
240717211402056 Response.sendData()	INFO: GET /test01/ HTTP/1.1 || Host: localhost:1000 || Connection: keep-alive || Cache-Control: max-age=0 || sec-ch-ua: "Not/A)Brand";v="8", "Chromium";v="126", "Google Chrome";v="126" || sec-ch-ua-mobile: ?0 || sec-ch-ua-platform: "Windows" || Upgrade-Insecure-Requests: 1 || User-Agent: Mozilla/5.0 (Windows NT 10.0; Win64; x64) AppleWebKit/537.36 (KHTML, like Gecko) Chrome/126.0.0.0 Safari/537.36 || Accept: text/html,application/xhtml+xml,application/xml;q=0.9,image/avif,image/webp,image/apng,*/*;q=0.8,application/signed-exchange;v=b3;q=0.7 || Sec-Fetch-Site: same-origin || Sec-Fetch-Mode: navigate || Sec-Fetch-User: ?1 || Sec-Fetch-Dest: document || Referer: http://localhost:1000/ || Accept-Encoding: gzip, deflate, br, zstd || Accept-Language: es-US,es;q=0.9,es-419;q=0.8,en;q=0.7 || 
240717211402058 Response.sendData()	INFO: GET /test01/ HTTP/1.1 
240717211402059 Response.sendData()	INFO:  Host: localhost:1000 
240717211402060 Response.sendData()	INFO:  
240717211402061 Response.sendData()	INFO: GET
240717211402062 Response.sendData()	INFO: /test01/
240717211402063 Response.sendData()	INFO: HTTP/1.1
240717211402072 Response.sendData()	INFO: text/html
240717211402081 Response.sendData()	INFO: (1) response: [HTTP/1.1 200 OK, Content-Type: text/html, ClaseCC8: Alumnos, Content-Length: 4241, ]
240717211402082 Response.sendData()	INFO: (1) response: [B@549b7ef
240717211402093 ThreadServer.run()	INFO: (1) > Thread :: Time: 37 milliseconds
240717211402095 ThreadServer.run()	INFO: (1) > END #
240717211407110 ThreadServer.run()	INFO: (1) > Thread waiting for new client....
240717211407110 ThreadServer.run()	INFO: (1) > Thread Accepting connection >
240717211407111 Request.getData()	INFO: (1) request: [GET /test01/images/fisicc.png HTTP/1.1, Host: localhost:1000, Connection: keep-alive, sec-ch-ua: "Not/A)Brand";v="8", "Chromium";v="126", "Google Chrome";v="126", sec-ch-ua-mobile: ?0, User-Agent: Mozilla/5.0 (Windows NT 10.0; Win64; x64) AppleWebKit/537.36 (KHTML, like Gecko) Chrome/126.0.0.0 Safari/537.36, sec-ch-ua-platform: "Windows", Accept: image/avif,image/webp,image/apng,image/svg+xml,image/*,*/*;q=0.8, Sec-Fetch-Site: same-origin, Sec-Fetch-Mode: no-cors, Sec-Fetch-Dest: image, Referer: http://localhost:1000/test01/, Accept-Encoding: gzip, deflate, br, zstd, Accept-Language: es-US,es;q=0.9,es-419;q=0.8,en;q=0.7, ]
240717211407112 Response.sendData()	INFO: GET /test01/images/fisicc.png HTTP/1.1 || Host: localhost:1000 || Connection: keep-alive || sec-ch-ua: "Not/A)Brand";v="8", "Chromium";v="126", "Google Chrome";v="126" || sec-ch-ua-mobile: ?0 || User-Agent: Mozilla/5.0 (Windows NT 10.0; Win64; x64) AppleWebKit/537.36 (KHTML, like Gecko) Chrome/126.0.0.0 Safari/537.36 || sec-ch-ua-platform: "Windows" || Accept: image/avif,image/webp,image/apng,image/svg+xml,image/*,*/*;q=0.8 || Sec-Fetch-Site: same-origin || Sec-Fetch-Mode: no-cors || Sec-Fetch-Dest: image || Referer: http://localhost:1000/test01/ || Accept-Encoding: gzip, deflate, br, zstd || Accept-Language: es-US,es;q=0.9,es-419;q=0.8,en;q=0.7 || 
240717211407112 Response.sendData()	INFO: GET /test01/images/fisicc.png HTTP/1.1 
240717211407113 Response.sendData()	INFO:  Host: localhost:1000 
240717211407113 Response.sendData()	INFO:  
240717211407114 Response.sendData()	INFO: GET
240717211407114 Response.sendData()	INFO: /test01/images/fisicc.png
240717211407114 Response.sendData()	INFO: HTTP/1.1
240717211407116 Response.sendData()	INFO: image/png
240717211407118 Response.sendData()	INFO: (1) response: [HTTP/1.1 200 OK, Content-Type: image/png, ClaseCC8: Alumnos, Content-Length: 822792, ]
240717211407118 Response.sendData()	INFO: (1) response: [B@18b7f55e
240717211407119 ThreadServer.run()	INFO: (1) > Thread :: Time: 8 milliseconds
240717211407120 ThreadServer.run()	INFO: (1) > END #
240717211412126 ThreadServer.run()	INFO: (1) > Thread waiting for new client....
240717211412127 ThreadServer.run()	INFO: (1) > Thread Accepting connection >
240717211412127 Request.getData()	INFO: (1) request: [GET /test01/styles/BungeeSpice-Regular.ttf HTTP/1.1, Host: localhost:1000, Connection: keep-alive, sec-ch-ua: "Not/A)Brand";v="8", "Chromium";v="126", "Google Chrome";v="126", Origin: http://localhost:1000, sec-ch-ua-mobile: ?0, User-Agent: Mozilla/5.0 (Windows NT 10.0; Win64; x64) AppleWebKit/537.36 (KHTML, like Gecko) Chrome/126.0.0.0 Safari/537.36, sec-ch-ua-platform: "Windows", Accept: */*, Sec-Fetch-Site: same-origin, Sec-Fetch-Mode: cors, Sec-Fetch-Dest: font, Referer: http://localhost:1000/test01/styles/style.css, Accept-Encoding: gzip, deflate, br, zstd, Accept-Language: es-US,es;q=0.9,es-419;q=0.8,en;q=0.7, ]
240717211412128 Response.sendData()	INFO: GET /test01/styles/BungeeSpice-Regular.ttf HTTP/1.1 || Host: localhost:1000 || Connection: keep-alive || sec-ch-ua: "Not/A)Brand";v="8", "Chromium";v="126", "Google Chrome";v="126" || Origin: http://localhost:1000 || sec-ch-ua-mobile: ?0 || User-Agent: Mozilla/5.0 (Windows NT 10.0; Win64; x64) AppleWebKit/537.36 (KHTML, like Gecko) Chrome/126.0.0.0 Safari/537.36 || sec-ch-ua-platform: "Windows" || Accept: */* || Sec-Fetch-Site: same-origin || Sec-Fetch-Mode: cors || Sec-Fetch-Dest: font || Referer: http://localhost:1000/test01/styles/style.css || Accept-Encoding: gzip, deflate, br, zstd || Accept-Language: es-US,es;q=0.9,es-419;q=0.8,en;q=0.7 || 
240717211412129 Response.sendData()	INFO: GET /test01/styles/BungeeSpice-Regular.ttf HTTP/1.1 
240717211412129 Response.sendData()	INFO:  Host: localhost:1000 
240717211412130 Response.sendData()	INFO:  
240717211412130 Response.sendData()	INFO: GET
240717211412130 Response.sendData()	INFO: /test01/styles/BungeeSpice-Regular.ttf
240717211412131 Response.sendData()	INFO: HTTP/1.1
240717211412133 Response.sendData()	INFO: application/octet-stream
240717211412134 ThreadServer.run()	INFO: (1) > Thread :: Time: 7 milliseconds
240717211412135 ThreadServer.run()	INFO: (1) > END #
240717211417141 ThreadServer.run()	INFO: (1) > Thread waiting for new client....
240717211417142 ThreadServer.run()	INFO: (1) > Thread Accepting connection >
240717211417144 Request.getData()	INFO: (1) request: [GET /favicon.ico HTTP/1.1, Host: localhost:1000, Connection: keep-alive, sec-ch-ua: "Not/A)Brand";v="8", "Chromium";v="126", "Google Chrome";v="126", sec-ch-ua-mobile: ?0, User-Agent: Mozilla/5.0 (Windows NT 10.0; Win64; x64) AppleWebKit/537.36 (KHTML, like Gecko) Chrome/126.0.0.0 Safari/537.36, sec-ch-ua-platform: "Windows", Accept: image/avif,image/webp,image/apng,image/svg+xml,image/*,*/*;q=0.8, Sec-Fetch-Site: same-origin, Sec-Fetch-Mode: no-cors, Sec-Fetch-Dest: image, Referer: http://localhost:1000/test01/, Accept-Encoding: gzip, deflate, br, zstd, Accept-Language: es-US,es;q=0.9,es-419;q=0.8,en;q=0.7, ]
240717211417145 Response.sendData()	INFO: GET /favicon.ico HTTP/1.1 || Host: localhost:1000 || Connection: keep-alive || sec-ch-ua: "Not/A)Brand";v="8", "Chromium";v="126", "Google Chrome";v="126" || sec-ch-ua-mobile: ?0 || User-Agent: Mozilla/5.0 (Windows NT 10.0; Win64; x64) AppleWebKit/537.36 (KHTML, like Gecko) Chrome/126.0.0.0 Safari/537.36 || sec-ch-ua-platform: "Windows" || Accept: image/avif,image/webp,image/apng,image/svg+xml,image/*,*/*;q=0.8 || Sec-Fetch-Site: same-origin || Sec-Fetch-Mode: no-cors || Sec-Fetch-Dest: image || Referer: http://localhost:1000/test01/ || Accept-Encoding: gzip, deflate, br, zstd || Accept-Language: es-US,es;q=0.9,es-419;q=0.8,en;q=0.7 || 
240717211417146 Response.sendData()	INFO: GET /favicon.ico HTTP/1.1 
240717211417146 Response.sendData()	INFO:  Host: localhost:1000 
240717211417146 Response.sendData()	INFO:  
240717211417147 Response.sendData()	INFO: GET
240717211417147 Response.sendData()	INFO: /favicon.ico
240717211417148 Response.sendData()	INFO: HTTP/1.1
240717211417148 Response.sendData()	INFO: NO SE ENCONTRÓ EL ARCHIVO SOLICITADO. (/favicon.ico)
240717211417149 Response.sendData()	INFO: application/octet-stream
240717211417150 ThreadServer.run()	INFO: (1) > Thread :: Time: 5 milliseconds
240717211417150 ThreadServer.run()	INFO: (1) > END #
240717211422164 ThreadServer.run()	INFO: (1) > Thread waiting for new client....
