240717205853202 ThreadServer.run()	INFO: (1) > Thread waiting for new client....
240717205855521 ThreadServer.run()	INFO: (1) > Thread Accepting connection >
240717205855525 Request.getData()	INFO: (1) request: [GET /test01/styles/style.css HTTP/1.1, Host: localhost:1000, Connection: keep-alive, sec-ch-ua: "Not/A)Brand";v="8", "Chromium";v="126", "Google Chrome";v="126", sec-ch-ua-mobile: ?0, User-Agent: Mozilla/5.0 (Windows NT 10.0; Win64; x64) AppleWebKit/537.36 (KHTML, like Gecko) Chrome/126.0.0.0 Safari/537.36, sec-ch-ua-platform: "Windows", Accept: text/css,*/*;q=0.1, Sec-Fetch-Site: same-origin, Sec-Fetch-Mode: no-cors, Sec-Fetch-Dest: style, Referer: http://localhost:1000/test01/, Accept-Encoding: gzip, deflate, br, zstd, Accept-Language: es-US,es;q=0.9,es-419;q=0.8,en;q=0.7, ]
240717205855529 Response.sendData()	INFO: GET /test01/styles/style.css HTTP/1.1 || Host: localhost:1000 || Connection: keep-alive || sec-ch-ua: "Not/A)Brand";v="8", "Chromium";v="126", "Google Chrome";v="126" || sec-ch-ua-mobile: ?0 || User-Agent: Mozilla/5.0 (Windows NT 10.0; Win64; x64) AppleWebKit/537.36 (KHTML, like Gecko) Chrome/126.0.0.0 Safari/537.36 || sec-ch-ua-platform: "Windows" || Accept: text/css,*/*;q=0.1 || Sec-Fetch-Site: same-origin || Sec-Fetch-Mode: no-cors || Sec-Fetch-Dest: style || Referer: http://localhost:1000/test01/ || Accept-Encoding: gzip, deflate, br, zstd || Accept-Language: es-US,es;q=0.9,es-419;q=0.8,en;q=0.7 || 
240717205855531 Response.sendData()	INFO: GET /test01/styles/style.css HTTP/1.1 
240717205855532 Response.sendData()	INFO:  Host: localhost:1000 
240717205855534 Response.sendData()	INFO:  
240717205855535 Response.sendData()	INFO: GET
240717205855536 Response.sendData()	INFO: /test01/styles/style.css
240717205855540 Response.sendData()	INFO: HTTP/1.1
240717205855542 Response.sendData()	INFO: text/css
240717205855544 Response.sendData()	INFO: (1) response: [HTTP/1.1 200 OK, Content-Type: text/css, ClaseCC8: Alumnos, Content-Length: 129, , @font-face {
    font-family: BungeeSpice;
    src: url(BungeeSpice-Regular.ttf);
  }

  body {
    font-family: BungeeSpice;
  }]
240717205855547 ThreadServer.run()	INFO: (1) > Thread :: Time: 24 milliseconds
240717205855548 ThreadServer.run()	INFO: (1) > END #
240717205900552 ThreadServer.run()	INFO: (1) > Thread waiting for new client....
240717205900553 ThreadServer.run()	INFO: (1) > Thread Accepting connection >
240717205900553 Request.getData()	INFO: (1) request: [GET /test01/images/galileo.jpg HTTP/1.1, Host: localhost:1000, Connection: keep-alive, sec-ch-ua: "Not/A)Brand";v="8", "Chromium";v="126", "Google Chrome";v="126", sec-ch-ua-mobile: ?0, User-Agent: Mozilla/5.0 (Windows NT 10.0; Win64; x64) AppleWebKit/537.36 (KHTML, like Gecko) Chrome/126.0.0.0 Safari/537.36, sec-ch-ua-platform: "Windows", Accept: image/avif,image/webp,image/apng,image/svg+xml,image/*,*/*;q=0.8, Sec-Fetch-Site: same-origin, Sec-Fetch-Mode: no-cors, Sec-Fetch-Dest: image, Referer: http://localhost:1000/test01/, Accept-Encoding: gzip, deflate, br, zstd, Accept-Language: es-US,es;q=0.9,es-419;q=0.8,en;q=0.7, ]
240717205900555 Response.sendData()	INFO: GET /test01/images/galileo.jpg HTTP/1.1 || Host: localhost:1000 || Connection: keep-alive || sec-ch-ua: "Not/A)Brand";v="8", "Chromium";v="126", "Google Chrome";v="126" || sec-ch-ua-mobile: ?0 || User-Agent: Mozilla/5.0 (Windows NT 10.0; Win64; x64) AppleWebKit/537.36 (KHTML, like Gecko) Chrome/126.0.0.0 Safari/537.36 || sec-ch-ua-platform: "Windows" || Accept: image/avif,image/webp,image/apng,image/svg+xml,image/*,*/*;q=0.8 || Sec-Fetch-Site: same-origin || Sec-Fetch-Mode: no-cors || Sec-Fetch-Dest: image || Referer: http://localhost:1000/test01/ || Accept-Encoding: gzip, deflate, br, zstd || Accept-Language: es-US,es;q=0.9,es-419;q=0.8,en;q=0.7 || 
240717205900556 Response.sendData()	INFO: GET /test01/images/galileo.jpg HTTP/1.1 
240717205900556 Response.sendData()	INFO:  Host: localhost:1000 
240717205900556 Response.sendData()	INFO:  
240717205900557 Response.sendData()	INFO: GET
240717205900557 Response.sendData()	INFO: /test01/images/galileo.jpg
240717205900558 Response.sendData()	INFO: HTTP/1.1
240717205900561 Response.sendData()	INFO: image/jpeg
240717205900562 Response.sendData()	INFO: (1) response: [HTTP/1.1 200 OK, Content-Type: image/jpeg, ClaseCC8: Alumnos, Content-Length: 154396, ]
240717205900563 ThreadServer.run()	INFO: (1) > Thread :: Time: 10 milliseconds
240717205900563 ThreadServer.run()	INFO: (1) > END #
240717205905569 ThreadServer.run()	INFO: (1) > Thread waiting for new client....
240717205905571 ThreadServer.run()	INFO: (1) > Thread Accepting connection >
240717205905572 Request.getData()	INFO: (1) request: [GET /favicon.ico HTTP/1.1, Host: localhost:1000, Connection: keep-alive, sec-ch-ua: "Not/A)Brand";v="8", "Chromium";v="126", "Google Chrome";v="126", sec-ch-ua-mobile: ?0, User-Agent: Mozilla/5.0 (Windows NT 10.0; Win64; x64) AppleWebKit/537.36 (KHTML, like Gecko) Chrome/126.0.0.0 Safari/537.36, sec-ch-ua-platform: "Windows", Accept: */*, Sec-Fetch-Site: same-origin, Sec-Fetch-Mode: cors, Sec-Fetch-Dest: empty, Referer: http://localhost:1000/test01/, Accept-Encoding: gzip, deflate, br, zstd, Accept-Language: es-US,es;q=0.9,es-419;q=0.8,en;q=0.7, ]
240717205905573 Response.sendData()	INFO: GET /favicon.ico HTTP/1.1 || Host: localhost:1000 || Connection: keep-alive || sec-ch-ua: "Not/A)Brand";v="8", "Chromium";v="126", "Google Chrome";v="126" || sec-ch-ua-mobile: ?0 || User-Agent: Mozilla/5.0 (Windows NT 10.0; Win64; x64) AppleWebKit/537.36 (KHTML, like Gecko) Chrome/126.0.0.0 Safari/537.36 || sec-ch-ua-platform: "Windows" || Accept: */* || Sec-Fetch-Site: same-origin || Sec-Fetch-Mode: cors || Sec-Fetch-Dest: empty || Referer: http://localhost:1000/test01/ || Accept-Encoding: gzip, deflate, br, zstd || Accept-Language: es-US,es;q=0.9,es-419;q=0.8,en;q=0.7 || 
240717205905574 Response.sendData()	INFO: GET /favicon.ico HTTP/1.1 
240717205905575 Response.sendData()	INFO:  Host: localhost:1000 
240717205905576 Response.sendData()	INFO:  
240717205905578 Response.sendData()	INFO: GET
240717205905578 Response.sendData()	INFO: /favicon.ico
240717205905579 Response.sendData()	INFO: HTTP/1.1
240717205905580 Response.sendData()	INFO: NO SE ENCONTRÓ EL ARCHIVO SOLICITADO. (/favicon.ico)
240717205905581 Response.sendData()	INFO: application/octet-stream
240717205905584 ThreadServer.run()	INFO: (1) > Thread :: Time: 11 milliseconds
240717205905588 ThreadServer.run()	INFO: (1) > END #
240717205910599 ThreadServer.run()	INFO: (1) > Thread waiting for new client....
