240717211651217 ThreadServer.run()	INFO: (1) > Thread waiting for new client....
240717211654396 ThreadServer.run()	INFO: (1) > Thread Accepting connection >
240717211654398 Request.getData()	INFO: (1) request: [GET /test01/styles/style.css HTTP/1.1, Host: localhost:1000, Connection: keep-alive, sec-ch-ua: "Not/A)Brand";v="8", "Chromium";v="126", "Google Chrome";v="126", sec-ch-ua-mobile: ?0, User-Agent: Mozilla/5.0 (Windows NT 10.0; Win64; x64) AppleWebKit/537.36 (KHTML, like Gecko) Chrome/126.0.0.0 Safari/537.36, sec-ch-ua-platform: "Windows", Accept: text/css,*/*;q=0.1, Sec-Fetch-Site: same-origin, Sec-Fetch-Mode: no-cors, Sec-Fetch-Dest: style, Referer: http://localhost:1000/test01/, Accept-Encoding: gzip, deflate, br, zstd, Accept-Language: es-US,es;q=0.9,es-419;q=0.8,en;q=0.7, ]
240717211654400 Response.sendData()	INFO: GET /test01/styles/style.css HTTP/1.1 || Host: localhost:1000 || Connection: keep-alive || sec-ch-ua: "Not/A)Brand";v="8", "Chromium";v="126", "Google Chrome";v="126" || sec-ch-ua-mobile: ?0 || User-Agent: Mozilla/5.0 (Windows NT 10.0; Win64; x64) AppleWebKit/537.36 (KHTML, like Gecko) Chrome/126.0.0.0 Safari/537.36 || sec-ch-ua-platform: "Windows" || Accept: text/css,*/*;q=0.1 || Sec-Fetch-Site: same-origin || Sec-Fetch-Mode: no-cors || Sec-Fetch-Dest: style || Referer: http://localhost:1000/test01/ || Accept-Encoding: gzip, deflate, br, zstd || Accept-Language: es-US,es;q=0.9,es-419;q=0.8,en;q=0.7 || 
240717211654404 Response.sendData()	INFO: GET /test01/styles/style.css HTTP/1.1 
240717211654405 Response.sendData()	INFO:  Host: localhost:1000 
240717211654406 Response.sendData()	INFO:  
240717211654407 Response.sendData()	INFO: GET
240717211654408 Response.sendData()	INFO: /test01/styles/style.css
240717211654410 Response.sendData()	INFO: HTTP/1.1
240717211654412 Response.sendData()	INFO: text/css
240717211654413 Response.sendData()	INFO: (1) response: [HTTP/1.1 200 OK, Content-Type: text/css, ClaseCC8: Alumnos, Content-Length: 129, , @font-face {
    font-family: BungeeSpice;
    src: url(BungeeSpice-Regular.ttf);
  }

  body {
    font-family: BungeeSpice;
  }]
240717211654416 ThreadServer.run()	INFO: (1) > Thread :: Time: 19 milliseconds
240717211654418 ThreadServer.run()	INFO: (1) > END #
240717211659426 ThreadServer.run()	INFO: (1) > Thread waiting for new client....
240717211659427 ThreadServer.run()	INFO: (1) > Thread Accepting connection >
240717211659428 Request.getData()	INFO: (1) request: [GET /test01/images/galileo.jpg HTTP/1.1, Host: localhost:1000, Connection: keep-alive, sec-ch-ua: "Not/A)Brand";v="8", "Chromium";v="126", "Google Chrome";v="126", sec-ch-ua-mobile: ?0, User-Agent: Mozilla/5.0 (Windows NT 10.0; Win64; x64) AppleWebKit/537.36 (KHTML, like Gecko) Chrome/126.0.0.0 Safari/537.36, sec-ch-ua-platform: "Windows", Accept: image/avif,image/webp,image/apng,image/svg+xml,image/*,*/*;q=0.8, Sec-Fetch-Site: same-origin, Sec-Fetch-Mode: no-cors, Sec-Fetch-Dest: image, Referer: http://localhost:1000/test01/, Accept-Encoding: gzip, deflate, br, zstd, Accept-Language: es-US,es;q=0.9,es-419;q=0.8,en;q=0.7, ]
240717211659429 Response.sendData()	INFO: GET /test01/images/galileo.jpg HTTP/1.1 || Host: localhost:1000 || Connection: keep-alive || sec-ch-ua: "Not/A)Brand";v="8", "Chromium";v="126", "Google Chrome";v="126" || sec-ch-ua-mobile: ?0 || User-Agent: Mozilla/5.0 (Windows NT 10.0; Win64; x64) AppleWebKit/537.36 (KHTML, like Gecko) Chrome/126.0.0.0 Safari/537.36 || sec-ch-ua-platform: "Windows" || Accept: image/avif,image/webp,image/apng,image/svg+xml,image/*,*/*;q=0.8 || Sec-Fetch-Site: same-origin || Sec-Fetch-Mode: no-cors || Sec-Fetch-Dest: image || Referer: http://localhost:1000/test01/ || Accept-Encoding: gzip, deflate, br, zstd || Accept-Language: es-US,es;q=0.9,es-419;q=0.8,en;q=0.7 || 
240717211659432 Response.sendData()	INFO: GET /test01/images/galileo.jpg HTTP/1.1 
240717211659434 Response.sendData()	INFO:  Host: localhost:1000 
240717211659434 Response.sendData()	INFO:  
240717211659435 Response.sendData()	INFO: GET
240717211659436 Response.sendData()	INFO: /test01/images/galileo.jpg
240717211659437 Response.sendData()	INFO: HTTP/1.1
240717211659445 Response.sendData()	INFO: image/jpeg
240717211659448 Response.sendData()	INFO: (1) response: [HTTP/1.1 200 OK, Content-Type: image/jpeg, ClaseCC8: Alumnos, Content-Length: 154396, ]
240717211659449 ThreadServer.run()	INFO: (1) > Thread :: Time: 22 milliseconds
240717211659450 ThreadServer.run()	INFO: (1) > END #
240717211704458 ThreadServer.run()	INFO: (1) > Thread waiting for new client....
240717211704460 ThreadServer.run()	INFO: (1) > Thread Accepting connection >
240717211704462 Request.getData()	INFO: (1) request: [GET /favicon.ico HTTP/1.1, Host: localhost:1000, Connection: keep-alive, sec-ch-ua: "Not/A)Brand";v="8", "Chromium";v="126", "Google Chrome";v="126", sec-ch-ua-mobile: ?0, User-Agent: Mozilla/5.0 (Windows NT 10.0; Win64; x64) AppleWebKit/537.36 (KHTML, like Gecko) Chrome/126.0.0.0 Safari/537.36, sec-ch-ua-platform: "Windows", Accept: */*, Sec-Fetch-Site: same-origin, Sec-Fetch-Mode: cors, Sec-Fetch-Dest: empty, Referer: http://localhost:1000/test01/, Accept-Encoding: gzip, deflate, br, zstd, Accept-Language: es-US,es;q=0.9,es-419;q=0.8,en;q=0.7, ]
240717211704464 Response.sendData()	INFO: GET /favicon.ico HTTP/1.1 || Host: localhost:1000 || Connection: keep-alive || sec-ch-ua: "Not/A)Brand";v="8", "Chromium";v="126", "Google Chrome";v="126" || sec-ch-ua-mobile: ?0 || User-Agent: Mozilla/5.0 (Windows NT 10.0; Win64; x64) AppleWebKit/537.36 (KHTML, like Gecko) Chrome/126.0.0.0 Safari/537.36 || sec-ch-ua-platform: "Windows" || Accept: */* || Sec-Fetch-Site: same-origin || Sec-Fetch-Mode: cors || Sec-Fetch-Dest: empty || Referer: http://localhost:1000/test01/ || Accept-Encoding: gzip, deflate, br, zstd || Accept-Language: es-US,es;q=0.9,es-419;q=0.8,en;q=0.7 || 
240717211704466 Response.sendData()	INFO: GET /favicon.ico HTTP/1.1 
240717211704468 Response.sendData()	INFO:  Host: localhost:1000 
240717211704468 Response.sendData()	INFO:  
240717211704469 Response.sendData()	INFO: GET
240717211704469 Response.sendData()	INFO: /favicon.ico
240717211704470 Response.sendData()	INFO: HTTP/1.1
240717211704471 Response.sendData()	INFO: NO SE ENCONTRÓ EL ARCHIVO SOLICITADO. (/favicon.ico)
240717211704472 Response.sendData()	INFO: application/octet-stream
240717211704473 ThreadServer.run()	INFO: (1) > Thread :: Time: 12 milliseconds
240717211704475 ThreadServer.run()	INFO: (1) > END #
240717211709492 ThreadServer.run()	INFO: (1) > Thread waiting for new client....
