240718215741223 ThreadServer.run()	INFO: (1) > Thread waiting for new client....
240718215800120 ThreadServer.run()	INFO: (1) > Thread Accepting connection >
240718215800121 Request.getData()	INFO: (1) request: [GET /test02 HTTP/1.1, Host: localhost:1000, Connection: keep-alive, sec-ch-ua: "Not/A)Brand";v="8", "Chromium";v="126", "Google Chrome";v="126", sec-ch-ua-mobile: ?0, sec-ch-ua-platform: "Windows", Upgrade-Insecure-Requests: 1, User-Agent: Mozilla/5.0 (Windows NT 10.0; Win64; x64) AppleWebKit/537.36 (KHTML, like Gecko) Chrome/126.0.0.0 Safari/537.36, Accept: text/html,application/xhtml+xml,application/xml;q=0.9,image/avif,image/webp,image/apng,*/*;q=0.8,application/signed-exchange;v=b3;q=0.7, Sec-Fetch-Site: same-origin, Sec-Fetch-Mode: navigate, Sec-Fetch-User: ?1, Sec-Fetch-Dest: document, Referer: http://localhost:1000/test02, Accept-Encoding: gzip, deflate, br, zstd, Accept-Language: es-US,es;q=0.9,es-419;q=0.8,en;q=0.7, ]
240718215800139 Response.sendData()	INFO: GET /test02 HTTP/1.1 || Host: localhost:1000 || Connection: keep-alive || sec-ch-ua: "Not/A)Brand";v="8", "Chromium";v="126", "Google Chrome";v="126" || sec-ch-ua-mobile: ?0 || sec-ch-ua-platform: "Windows" || Upgrade-Insecure-Requests: 1 || User-Agent: Mozilla/5.0 (Windows NT 10.0; Win64; x64) AppleWebKit/537.36 (KHTML, like Gecko) Chrome/126.0.0.0 Safari/537.36 || Accept: text/html,application/xhtml+xml,application/xml;q=0.9,image/avif,image/webp,image/apng,*/*;q=0.8,application/signed-exchange;v=b3;q=0.7 || Sec-Fetch-Site: same-origin || Sec-Fetch-Mode: navigate || Sec-Fetch-User: ?1 || Sec-Fetch-Dest: document || Referer: http://localhost:1000/test02 || Accept-Encoding: gzip, deflate, br, zstd || Accept-Language: es-US,es;q=0.9,es-419;q=0.8,en;q=0.7 || 
240718215800140 Response.sendData()	INFO: requestContentType: 
240718215800140 Response.sendData()	INFO: GET /test02 HTTP/1.1 
240718215800141 Response.sendData()	INFO:  Host: localhost:1000 
240718215800141 Response.sendData()	INFO:  
240718215800141 Response.sendData()	INFO: path: /test02
240718215800142 Response.sendData()	INFO: POST PARAMS : 
240718215800142 Response.sendData()	INFO: POST PAIRS MAP: {}
240718215800143 Response.sendData()	INFO: method: GET
240718215800144 Response.sendData()	INFO: path: /test02/index.html
240718215800145 Response.sendData()	INFO: fileContentType: text/html
240718215800146 Response.sendData()	INFO: extension: html
240718215800147 Response.sendData()	INFO: fileContentType: text/html
240718215800148 Response.sendData()	INFO: GET: []
240718215800148 Response.sendData()	INFO: GET MAP: {}
240718215800149 Response.sendData()	INFO: POST PARAMS: 
240718215800150 Response.sendData()	INFO: POST PARAMS MAP: {}
240718215800150 Response.sendData()	INFO: POST PARAMS MAP`KEYS: []
240718215800151 ThreadServer.run()	INFO: (1) > Thread :: Time: 30 milliseconds
240718215800152 ThreadServer.run()	INFO: (1) > END #
240718215805159 ThreadServer.run()	INFO: (1) > Thread waiting for new client....
