240717204125725 ThreadServer.run()	INFO: (1) > Thread waiting for new client....
240717204128432 ThreadServer.run()	INFO: (1) > Thread Accepting connection >
240717204128443 Request.getData()	INFO: (1) request: [GET /test01/ HTTP/1.1, Host: localhost:1000, Connection: keep-alive, Cache-Control: max-age=0, sec-ch-ua: "Not/A)Brand";v="8", "Chromium";v="126", "Google Chrome";v="126", sec-ch-ua-mobile: ?0, sec-ch-ua-platform: "Windows", Upgrade-Insecure-Requests: 1, User-Agent: Mozilla/5.0 (Windows NT 10.0; Win64; x64) AppleWebKit/537.36 (KHTML, like Gecko) Chrome/126.0.0.0 Safari/537.36, Accept: text/html,application/xhtml+xml,application/xml;q=0.9,image/avif,image/webp,image/apng,*/*;q=0.8,application/signed-exchange;v=b3;q=0.7, Sec-Fetch-Site: same-origin, Sec-Fetch-Mode: navigate, Sec-Fetch-User: ?1, Sec-Fetch-Dest: document, Referer: http://localhost:1000/, Accept-Encoding: gzip, deflate, br, zstd, Accept-Language: es-US,es;q=0.9,es-419;q=0.8,en;q=0.7, ]
240717204128448 Response.sendData()	INFO: GET /test01/ HTTP/1.1 || Host: localhost:1000 || Connection: keep-alive || Cache-Control: max-age=0 || sec-ch-ua: "Not/A)Brand";v="8", "Chromium";v="126", "Google Chrome";v="126" || sec-ch-ua-mobile: ?0 || sec-ch-ua-platform: "Windows" || Upgrade-Insecure-Requests: 1 || User-Agent: Mozilla/5.0 (Windows NT 10.0; Win64; x64) AppleWebKit/537.36 (KHTML, like Gecko) Chrome/126.0.0.0 Safari/537.36 || Accept: text/html,application/xhtml+xml,application/xml;q=0.9,image/avif,image/webp,image/apng,*/*;q=0.8,application/signed-exchange;v=b3;q=0.7 || Sec-Fetch-Site: same-origin || Sec-Fetch-Mode: navigate || Sec-Fetch-User: ?1 || Sec-Fetch-Dest: document || Referer: http://localhost:1000/ || Accept-Encoding: gzip, deflate, br, zstd || Accept-Language: es-US,es;q=0.9,es-419;q=0.8,en;q=0.7 || 
240717204128451 Response.sendData()	INFO: GET /test01/ HTTP/1.1 
240717204128453 Response.sendData()	INFO:  Host: localhost:1000 
240717204128456 Response.sendData()	INFO:  
240717204128457 Response.sendData()	INFO: GET
240717204128459 Response.sendData()	INFO: /test01/
240717204128463 Response.sendData()	INFO: HTTP/1.1
240717204128480 Response.sendData()	INFO: text/html
240717204128490 Response.sendData()	INFO: (1) response: [HTTP/1.1 200 OK, Content-Type: text/html, ClaseCC8: Alumnos, Content-Length: 4241, ]
240717204128514 ThreadServer.run()	INFO: (1) > Thread :: Time: 59 milliseconds
240717204128516 ThreadServer.run()	INFO: (1) > END #
240717204133531 ThreadServer.run()	INFO: (1) > Thread waiting for new client....
240717204133532 ThreadServer.run()	INFO: (1) > Thread Accepting connection >
240717204133534 Request.getData()	INFO: (1) request: [GET /test01/images/fisicc.png HTTP/1.1, Host: localhost:1000, Connection: keep-alive, sec-ch-ua: "Not/A)Brand";v="8", "Chromium";v="126", "Google Chrome";v="126", sec-ch-ua-mobile: ?0, User-Agent: Mozilla/5.0 (Windows NT 10.0; Win64; x64) AppleWebKit/537.36 (KHTML, like Gecko) Chrome/126.0.0.0 Safari/537.36, sec-ch-ua-platform: "Windows", Accept: image/avif,image/webp,image/apng,image/svg+xml,image/*,*/*;q=0.8, Sec-Fetch-Site: same-origin, Sec-Fetch-Mode: no-cors, Sec-Fetch-Dest: image, Referer: http://localhost:1000/test01/, Accept-Encoding: gzip, deflate, br, zstd, Accept-Language: es-US,es;q=0.9,es-419;q=0.8,en;q=0.7, ]
240717204133536 Response.sendData()	INFO: GET /test01/images/fisicc.png HTTP/1.1 || Host: localhost:1000 || Connection: keep-alive || sec-ch-ua: "Not/A)Brand";v="8", "Chromium";v="126", "Google Chrome";v="126" || sec-ch-ua-mobile: ?0 || User-Agent: Mozilla/5.0 (Windows NT 10.0; Win64; x64) AppleWebKit/537.36 (KHTML, like Gecko) Chrome/126.0.0.0 Safari/537.36 || sec-ch-ua-platform: "Windows" || Accept: image/avif,image/webp,image/apng,image/svg+xml,image/*,*/*;q=0.8 || Sec-Fetch-Site: same-origin || Sec-Fetch-Mode: no-cors || Sec-Fetch-Dest: image || Referer: http://localhost:1000/test01/ || Accept-Encoding: gzip, deflate, br, zstd || Accept-Language: es-US,es;q=0.9,es-419;q=0.8,en;q=0.7 || 
240717204133538 Response.sendData()	INFO: GET /test01/images/fisicc.png HTTP/1.1 
240717204133539 Response.sendData()	INFO:  Host: localhost:1000 
240717204133540 Response.sendData()	INFO:  
240717204133541 Response.sendData()	INFO: GET
240717204133542 Response.sendData()	INFO: /test01/images/fisicc.png
240717204133543 Response.sendData()	INFO: HTTP/1.1
240717204133547 Response.sendData()	INFO: image/png
240717204133548 Response.sendData()	INFO: (1) response: [HTTP/1.1 200 OK, Content-Type: image/png, ClaseCC8: Alumnos, Content-Length: 822792, ]
240717204133549 ThreadServer.run()	INFO: (1) > Thread :: Time: 15 milliseconds
240717204133550 ThreadServer.run()	INFO: (1) > END #
240717204138562 ThreadServer.run()	INFO: (1) > Thread waiting for new client....
