240724182147352 ThreadServer.run()	INFO: (10) > Thread waiting for new client....
240724182420621 ThreadServer.run()	INFO: (10) > Thread Accepting connection >
240724182420632 Request.getData()	INFO: (10) request: [POST /test02/displayFields.cc8 HTTP/1.1, Host: localhost:1000, Connection: keep-alive, Content-Length: 270, Cache-Control: max-age=0, sec-ch-ua: "Not/A)Brand";v="8", "Chromium";v="126", "Google Chrome";v="126", sec-ch-ua-mobile: ?0, sec-ch-ua-platform: "Windows", Upgrade-Insecure-Requests: 1, Origin: http://localhost:1000, Content-Type: multipart/form-data; boundary=----WebKitFormBoundarybvqHBHOihK4DERYp, User-Agent: Mozilla/5.0 (Windows NT 10.0; Win64; x64) AppleWebKit/537.36 (KHTML, like Gecko) Chrome/126.0.0.0 Safari/537.36, Accept: text/html,application/xhtml+xml,application/xml;q=0.9,image/avif,image/webp,image/apng,*/*;q=0.8,application/signed-exchange;v=b3;q=0.7, Sec-Fetch-Site: same-origin, Sec-Fetch-Mode: navigate, Sec-Fetch-User: ?1, Sec-Fetch-Dest: document, Referer: http://localhost:1000/test02/, Accept-Encoding: gzip, deflate, br, zstd, Accept-Language: es-US,es;q=0.9,es-419;q=0.8,en;q=0.7, ------WebKitFormBoundarybvqHBHOihK4DERYp
Content-Disposition: form-data; name="name"

POST - multipart/form-data
------WebKitFormBoundarybvqHBHOihK4DERYp
Content-Disposition: form-data; name="email"

lab02@galileo.edu
------WebKitFormBoundarybvqHBHOihK4DERYp--
]
240724182420643 Response.sendData()	INFO: POST /test02/displayFields.cc8 HTTP/1.1 || Host: localhost:1000 || Connection: keep-alive || Content-Length: 270 || Cache-Control: max-age=0 || sec-ch-ua: "Not/A)Brand";v="8", "Chromium";v="126", "Google Chrome";v="126" || sec-ch-ua-mobile: ?0 || sec-ch-ua-platform: "Windows" || Upgrade-Insecure-Requests: 1 || Origin: http://localhost:1000 || Content-Type: multipart/form-data; boundary=----WebKitFormBoundarybvqHBHOihK4DERYp || User-Agent: Mozilla/5.0 (Windows NT 10.0; Win64; x64) AppleWebKit/537.36 (KHTML, like Gecko) Chrome/126.0.0.0 Safari/537.36 || Accept: text/html,application/xhtml+xml,application/xml;q=0.9,image/avif,image/webp,image/apng,*/*;q=0.8,application/signed-exchange;v=b3;q=0.7 || Sec-Fetch-Site: same-origin || Sec-Fetch-Mode: navigate || Sec-Fetch-User: ?1 || Sec-Fetch-Dest: document || Referer: http://localhost:1000/test02/ || Accept-Encoding: gzip, deflate, br, zstd || Accept-Language: es-US,es;q=0.9,es-419;q=0.8,en;q=0.7 || ------WebKitFormBoundarybvqHBHOihK4DERYp
Content-Disposition: form-data; name="name"

POST - multipart/form-data
------WebKitFormBoundarybvqHBHOihK4DERYp
Content-Disposition: form-data; name="email"

lab02@galileo.edu
------WebKitFormBoundarybvqHBHOihK4DERYp--

240724182420655 Response.sendData()	INFO: requestContentType: multipart/form-data; boundary=----WebKitFormBoundarybvqHBHOihK4DERYp 
240724182420656 Response.sendData()	INFO: POST /test02/displayFields.cc8 HTTP/1.1 
240724182420657 Response.sendData()	INFO:  Host: localhost:1000 
240724182420659 Response.sendData()	INFO:  ------WebKitFormBoundarybvqHBHOihK4DERYp
Content-Disposition: form-data; name="name"

POST - multipart/form-data
------WebKitFormBoundarybvqHBHOihK4DERYp
Content-Disposition: form-data; name="email"

lab02@galileo.edu
------WebKitFormBoundarybvqHBHOihK4DERYp--

240724182420665 Response.sendData()	INFO: path: /test02/displayFields.cc8
240724182420667 Response.sendData()	INFO: POST PARAMS : ------WebKitFormBoundarybvqHBHOihK4DERYp
Content-Disposition: form-data; name="name"

POST - multipart/form-data
------WebKitFormBoundarybvqHBHOihK4DERYp
Content-Disposition: form-data; name="email"

lab02@galileo.edu
------WebKitFormBoundarybvqHBHOihK4DERYp--
240724182420674 Response.sendData()	INFO: 


 reqBoundary:----WebKitFormBoundarybvqHBHOihK4DERYp 



240724182420681 Response.sendData()	INFO: Post Params ARRAY: [------WebKitFormBoundarybvqHBHOihK4DERYp, Content-Disposition: form-data; name="name", , POST - multipart/form-data, ------WebKitFormBoundarybvqHBHOihK4DERYp, Content-Disposition: form-data; name="email", , lab02@galileo.edu, ------WebKitFormBoundarybvqHBHOihK4DERYp--]
240724182420684 Response.sendData()	INFO: Post Params ARRAY: 9
240724182420686 Response.sendData()	INFO: POST PAIRS MAP: {name=POST - multipart/form-data, email=lab02@galileo.edu}
240724182420687 Response.sendData()	INFO: method: POST
240724182420688 Response.sendData()	INFO: path: /test02/displayFields.cc8
240724182420692 Response.sendData()	INFO: fileContentType: application/octet-stream
240724182420693 Response.sendData()	INFO: extension: cc8
240724182420694 Response.sendData()	INFO: fileContentType: text/html
240724182420696 Response.sendData()	INFO: GET: []
240724182420697 Response.sendData()	INFO: GET MAP: {}
240724182420698 Response.sendData()	INFO: POST PARAMS: ------WebKitFormBoundarybvqHBHOihK4DERYp
Content-Disposition: form-data; name="name"

POST - multipart/form-data
------WebKitFormBoundarybvqHBHOihK4DERYp
Content-Disposition: form-data; name="email"

lab02@galileo.edu
------WebKitFormBoundarybvqHBHOihK4DERYp--
240724182420703 Response.sendData()	INFO: POST PARAMS MAP: {name=POST - multipart/form-data, email=lab02@galileo.edu}
240724182420704 Response.sendData()	INFO: POST PARAMS MAP`KEYS: [name, email]
240724182420708 ThreadServer.run()	INFO: (10) > Thread :: Time: 83 milliseconds
240724182420709 ThreadServer.run()	INFO: (10) > END #
240724182425713 ThreadServer.run()	INFO: (10) > Thread waiting for new client....
240724182759230 ThreadServer.run()	INFO: (10) > Thread Accepting connection >
240724182759235 Request.getData()	INFO: (10) request: [GET /test03/assets/img/logo.png HTTP/1.1, Host: localhost:1000, Connection: keep-alive, sec-ch-ua: "Not/A)Brand";v="8", "Chromium";v="126", "Google Chrome";v="126", sec-ch-ua-mobile: ?0, User-Agent: Mozilla/5.0 (Windows NT 10.0; Win64; x64) AppleWebKit/537.36 (KHTML, like Gecko) Chrome/126.0.0.0 Safari/537.36, sec-ch-ua-platform: "Windows", Accept: image/avif,image/webp,image/apng,image/svg+xml,image/*,*/*;q=0.8, Sec-Fetch-Site: same-origin, Sec-Fetch-Mode: no-cors, Sec-Fetch-Dest: image, Referer: http://localhost:1000/test03/contact.html, Accept-Encoding: gzip, deflate, br, zstd, Accept-Language: es-US,es;q=0.9,es-419;q=0.8,en;q=0.7, ]
240724182759239 Response.sendData()	INFO: GET /test03/assets/img/logo.png HTTP/1.1 || Host: localhost:1000 || Connection: keep-alive || sec-ch-ua: "Not/A)Brand";v="8", "Chromium";v="126", "Google Chrome";v="126" || sec-ch-ua-mobile: ?0 || User-Agent: Mozilla/5.0 (Windows NT 10.0; Win64; x64) AppleWebKit/537.36 (KHTML, like Gecko) Chrome/126.0.0.0 Safari/537.36 || sec-ch-ua-platform: "Windows" || Accept: image/avif,image/webp,image/apng,image/svg+xml,image/*,*/*;q=0.8 || Sec-Fetch-Site: same-origin || Sec-Fetch-Mode: no-cors || Sec-Fetch-Dest: image || Referer: http://localhost:1000/test03/contact.html || Accept-Encoding: gzip, deflate, br, zstd || Accept-Language: es-US,es;q=0.9,es-419;q=0.8,en;q=0.7 || 
240724182759244 Response.sendData()	INFO: requestContentType: 
240724182759248 Response.sendData()	INFO: GET /test03/assets/img/logo.png HTTP/1.1 
240724182759254 Response.sendData()	INFO:  Host: localhost:1000 
240724182759263 Response.sendData()	INFO:  
240724182759268 Response.sendData()	INFO: path: /test03/assets/img/logo.png
240724182759275 Response.sendData()	INFO: POST PARAMS : 
240724182759280 Response.sendData()	INFO: POST PAIRS MAP: {}
240724182759287 Response.sendData()	INFO: method: GET
240724182759291 Response.sendData()	INFO: path: /test03/assets/img/logo.png
240724182759297 Response.sendData()	INFO: fileContentType: image/png
240724182759301 Response.sendData()	INFO: extension: png
240724182759305 Response.sendData()	INFO: fileContentType: image/png
240724182759309 Response.sendData()	INFO: GET: []
240724182759313 Response.sendData()	INFO: GET MAP: {}
240724182759320 Response.sendData()	INFO: POST PARAMS: 
240724182759324 Response.sendData()	INFO: POST PARAMS MAP: {}
240724182759327 Response.sendData()	INFO: POST PARAMS MAP`KEYS: []
240724182759384 ThreadServer.run()	INFO: (10) > Thread :: Time: 150 milliseconds
240724182759391 ThreadServer.run()	INFO: (10) > END #
240724182804400 ThreadServer.run()	INFO: (10) > Thread waiting for new client....
