240718220352726 ThreadServer.run()	INFO: (10) > Thread waiting for new client....
240718220356102 ThreadServer.run()	INFO: (10) > Thread Accepting connection >
240718220356104 Request.getData()	INFO: (10) request: [GET /favicon.ico HTTP/1.1, Host: localhost:1000, Connection: keep-alive, sec-ch-ua: "Not/A)Brand";v="8", "Chromium";v="126", "Google Chrome";v="126", sec-ch-ua-mobile: ?0, User-Agent: Mozilla/5.0 (Windows NT 10.0; Win64; x64) AppleWebKit/537.36 (KHTML, like Gecko) Chrome/126.0.0.0 Safari/537.36, sec-ch-ua-platform: "Windows", Accept: */*, Sec-Fetch-Site: same-origin, Sec-Fetch-Mode: cors, Sec-Fetch-Dest: empty, Referer: http://localhost:1000/test02, Accept-Encoding: gzip, deflate, br, zstd, Accept-Language: es-US,es;q=0.9,es-419;q=0.8,en;q=0.7, ]
240718220356106 Response.sendData()	INFO: GET /favicon.ico HTTP/1.1 || Host: localhost:1000 || Connection: keep-alive || sec-ch-ua: "Not/A)Brand";v="8", "Chromium";v="126", "Google Chrome";v="126" || sec-ch-ua-mobile: ?0 || User-Agent: Mozilla/5.0 (Windows NT 10.0; Win64; x64) AppleWebKit/537.36 (KHTML, like Gecko) Chrome/126.0.0.0 Safari/537.36 || sec-ch-ua-platform: "Windows" || Accept: */* || Sec-Fetch-Site: same-origin || Sec-Fetch-Mode: cors || Sec-Fetch-Dest: empty || Referer: http://localhost:1000/test02 || Accept-Encoding: gzip, deflate, br, zstd || Accept-Language: es-US,es;q=0.9,es-419;q=0.8,en;q=0.7 || 
240718220356108 Response.sendData()	INFO: requestContentType: 
240718220356110 Response.sendData()	INFO: GET /favicon.ico HTTP/1.1 
240718220356111 Response.sendData()	INFO:  Host: localhost:1000 
240718220356112 Response.sendData()	INFO:  
240718220356113 Response.sendData()	INFO: path: /favicon.ico
240718220356114 Response.sendData()	INFO: POST PARAMS : 
240718220356116 Response.sendData()	INFO: POST PAIRS MAP: {}
240718220356117 Response.sendData()	INFO: method: GET
240718220356117 Response.sendData()	INFO: path: /favicon.ico
240718220356119 Response.sendData()	INFO: NO SE ENCONTRÓ EL ARCHIVO SOLICITADO. (/favicon.ico)
240718220356120 Response.sendData()	INFO: fileContentType: application/octet-stream
240718220356121 Response.sendData()	INFO: extension: ico
240718220356122 Response.sendData()	INFO: fileContentType: application/octet-stream
240718220356123 Response.sendData()	INFO: GET: []
240718220356125 Response.sendData()	INFO: GET MAP: {}
240718220356126 Response.sendData()	INFO: POST PARAMS: 
240718220356128 Response.sendData()	INFO: POST PARAMS MAP: {}
240718220356130 Response.sendData()	INFO: POST PARAMS MAP`KEYS: []
240718220356132 Response.sendData()	INFO: NO SE ENCONTRÓ EL ARCHIVO SOLICITADO. (/favicon.ico)
240718220356134 ThreadServer.run()	INFO: (10) > Thread :: Time: 31 milliseconds
240718220356135 ThreadServer.run()	INFO: (10) > END #
240718220401148 ThreadServer.run()	INFO: (10) > Thread waiting for new client....
