240718181945838 ThreadServer.run()	INFO: (10) > Thread waiting for new client....
240718181950935 ThreadServer.run()	INFO: (10) > Thread Accepting connection >
240718181950937 Request.getData()	INFO: (10) request: [POST /test02/displayFields.cc8 HTTP/1.1, Host: localhost:1000, Connection: keep-alive, Content-Length: 270, Cache-Control: max-age=0, sec-ch-ua: "Not/A)Brand";v="8", "Chromium";v="126", "Google Chrome";v="126", sec-ch-ua-mobile: ?0, sec-ch-ua-platform: "Windows", Upgrade-Insecure-Requests: 1, Origin: http://localhost:1000, Content-Type: multipart/form-data; boundary=----WebKitFormBoundary7onshoOA2nsrzY7P, User-Agent: Mozilla/5.0 (Windows NT 10.0; Win64; x64) AppleWebKit/537.36 (KHTML, like Gecko) Chrome/126.0.0.0 Safari/537.36, Accept: text/html,application/xhtml+xml,application/xml;q=0.9,image/avif,image/webp,image/apng,*/*;q=0.8,application/signed-exchange;v=b3;q=0.7, Sec-Fetch-Site: same-origin, Sec-Fetch-Mode: navigate, Sec-Fetch-User: ?1, Sec-Fetch-Dest: document, Referer: http://localhost:1000/test02/, Accept-Encoding: gzip, deflate, br, zstd, Accept-Language: es-US,es;q=0.9,es-419;q=0.8,en;q=0.7, ------WebKitFormBoundary7onshoOA2nsrzY7P
Content-Disposition: form-data; name="name"

POST - multipart/form-data
------WebKitFormBoundary7onshoOA2nsrzY7P
Content-Disposition: form-data; name="email"

lab02@galileo.edu
------WebKitFormBoundary7onshoOA2nsrzY7P--
]
240718181950939 Response.sendData()	INFO: POST /test02/displayFields.cc8 HTTP/1.1 || Host: localhost:1000 || Connection: keep-alive || Content-Length: 270 || Cache-Control: max-age=0 || sec-ch-ua: "Not/A)Brand";v="8", "Chromium";v="126", "Google Chrome";v="126" || sec-ch-ua-mobile: ?0 || sec-ch-ua-platform: "Windows" || Upgrade-Insecure-Requests: 1 || Origin: http://localhost:1000 || Content-Type: multipart/form-data; boundary=----WebKitFormBoundary7onshoOA2nsrzY7P || User-Agent: Mozilla/5.0 (Windows NT 10.0; Win64; x64) AppleWebKit/537.36 (KHTML, like Gecko) Chrome/126.0.0.0 Safari/537.36 || Accept: text/html,application/xhtml+xml,application/xml;q=0.9,image/avif,image/webp,image/apng,*/*;q=0.8,application/signed-exchange;v=b3;q=0.7 || Sec-Fetch-Site: same-origin || Sec-Fetch-Mode: navigate || Sec-Fetch-User: ?1 || Sec-Fetch-Dest: document || Referer: http://localhost:1000/test02/ || Accept-Encoding: gzip, deflate, br, zstd || Accept-Language: es-US,es;q=0.9,es-419;q=0.8,en;q=0.7 || ------WebKitFormBoundary7onshoOA2nsrzY7P
Content-Disposition: form-data; name="name"

POST - multipart/form-data
------WebKitFormBoundary7onshoOA2nsrzY7P
Content-Disposition: form-data; name="email"

lab02@galileo.edu
------WebKitFormBoundary7onshoOA2nsrzY7P--

240718181950943 Response.sendData()	INFO: POST /test02/displayFields.cc8 HTTP/1.1 
240718181950943 Response.sendData()	INFO:  Host: localhost:1000 
240718181950944 Response.sendData()	INFO:  ------WebKitFormBoundary7onshoOA2nsrzY7P
Content-Disposition: form-data; name="name"

POST - multipart/form-data
------WebKitFormBoundary7onshoOA2nsrzY7P
Content-Disposition: form-data; name="email"

lab02@galileo.edu
------WebKitFormBoundary7onshoOA2nsrzY7P--

240718181950946 Response.sendData()	INFO: path: /test02/displayFields.cc8
240718181950946 Response.sendData()	INFO: POST PARAMS :  ------WebKitFormBoundary7onshoOA2nsrzY7P
Content-Disposition: form-data; name="name"

POST - multipart/form-data
------WebKitFormBoundary7onshoOA2nsrzY7P
Content-Disposition: form-data; name="email"

lab02@galileo.edu
------WebKitFormBoundary7onshoOA2nsrzY7P--

240718181950950 Response.sendData()	INFO: POST PAIRS MAP: { ------WebKitFormBoundary7onshoOA2nsrzY7P
Content-Disposition: form-data; name="name"

POST - multipart/form-data
------WebKitFormBoundary7onshoOA2nsrzY7P
Content-Disposition: form-data; name="email"

lab02@galileo.edu
------WebKitFormBoundary7onshoOA2nsrzY7P--
}
240718181950953 Response.sendData()	INFO: method: POST
240718181950953 Response.sendData()	INFO: path: /test02/displayFields.cc8
240718181950961 Response.sendData()	INFO: fileContentType: application/octet-stream
240718181950962 Response.sendData()	INFO: extension: cc8
240718181950963 Response.sendData()	INFO: fileContentType: text/html
240718181950965 Response.sendData()	INFO: GET: []
240718181950965 Response.sendData()	INFO: GET MAP: {}
240718181950966 Response.sendData()	INFO: POST PARAMS :  ------WebKitFormBoundary7onshoOA2nsrzY7P
Content-Disposition: form-data; name="name"

POST - multipart/form-data
------WebKitFormBoundary7onshoOA2nsrzY7P
Content-Disposition: form-data; name="email"

lab02@galileo.edu
------WebKitFormBoundary7onshoOA2nsrzY7P--

