240718221434238 ThreadServer.run()	INFO: (10) > Thread waiting for new client....
240718221453249 ThreadServer.run()	INFO: (10) > Thread Accepting connection >
240718221453250 Request.getData()	INFO: (10) request: [GET /test03/assets/css/et-line.css HTTP/1.1, Host: localhost:1000, Connection: keep-alive, sec-ch-ua: "Not/A)Brand";v="8", "Chromium";v="126", "Google Chrome";v="126", sec-ch-ua-mobile: ?0, User-Agent: Mozilla/5.0 (Windows NT 10.0; Win64; x64) AppleWebKit/537.36 (KHTML, like Gecko) Chrome/126.0.0.0 Safari/537.36, sec-ch-ua-platform: "Windows", Accept: text/css,*/*;q=0.1, Sec-Fetch-Site: same-origin, Sec-Fetch-Mode: no-cors, Sec-Fetch-Dest: style, Referer: http://localhost:1000/test03/, Accept-Encoding: gzip, deflate, br, zstd, Accept-Language: es-US,es;q=0.9,es-419;q=0.8,en;q=0.7, ]
240718221453252 Response.sendData()	INFO: GET /test03/assets/css/et-line.css HTTP/1.1 || Host: localhost:1000 || Connection: keep-alive || sec-ch-ua: "Not/A)Brand";v="8", "Chromium";v="126", "Google Chrome";v="126" || sec-ch-ua-mobile: ?0 || User-Agent: Mozilla/5.0 (Windows NT 10.0; Win64; x64) AppleWebKit/537.36 (KHTML, like Gecko) Chrome/126.0.0.0 Safari/537.36 || sec-ch-ua-platform: "Windows" || Accept: text/css,*/*;q=0.1 || Sec-Fetch-Site: same-origin || Sec-Fetch-Mode: no-cors || Sec-Fetch-Dest: style || Referer: http://localhost:1000/test03/ || Accept-Encoding: gzip, deflate, br, zstd || Accept-Language: es-US,es;q=0.9,es-419;q=0.8,en;q=0.7 || 
240718221453253 Response.sendData()	INFO: requestContentType: 
240718221453254 Response.sendData()	INFO: GET /test03/assets/css/et-line.css HTTP/1.1 
240718221453254 Response.sendData()	INFO:  Host: localhost:1000 
240718221453255 Response.sendData()	INFO:  
240718221453256 Response.sendData()	INFO: path: /test03/assets/css/et-line.css
240718221453256 Response.sendData()	INFO: POST PARAMS : 
240718221453257 Response.sendData()	INFO: POST PAIRS MAP: {}
240718221453258 Response.sendData()	INFO: method: GET
240718221453259 Response.sendData()	INFO: path: /test03/assets/css/et-line.css
240718221453260 Response.sendData()	INFO: fileContentType: text/css
240718221453261 Response.sendData()	INFO: extension: css
240718221453261 Response.sendData()	INFO: fileContentType: text/css
240718221453262 Response.sendData()	INFO: GET: []
240718221453262 Response.sendData()	INFO: GET MAP: {}
240718221453263 Response.sendData()	INFO: POST PARAMS: 
240718221453264 Response.sendData()	INFO: POST PARAMS MAP: {}
240718221453265 Response.sendData()	INFO: POST PARAMS MAP`KEYS: []
240718221453268 ThreadServer.run()	INFO: (10) > Thread :: Time: 18 milliseconds
240718221453269 ThreadServer.run()	INFO: (10) > END #
240718221458281 ThreadServer.run()	INFO: (10) > Thread waiting for new client....
240718221505351 ThreadServer.run()	INFO: (10) > Thread Accepting connection >
240718221505357 Request.getData()	INFO: (10) request: [GET /test03/assets/fonts/ionicons.ttf?v=2.0.0 HTTP/1.1, Host: localhost:1000, Connection: keep-alive, sec-ch-ua: "Not/A)Brand";v="8", "Chromium";v="126", "Google Chrome";v="126", Origin: http://localhost:1000, sec-ch-ua-mobile: ?0, User-Agent: Mozilla/5.0 (Windows NT 10.0; Win64; x64) AppleWebKit/537.36 (KHTML, like Gecko) Chrome/126.0.0.0 Safari/537.36, sec-ch-ua-platform: "Windows", Accept: */*, Sec-Fetch-Site: same-origin, Sec-Fetch-Mode: cors, Sec-Fetch-Dest: font, Referer: http://localhost:1000/test03/assets/css/ionicons.min.css, Accept-Encoding: gzip, deflate, br, zstd, Accept-Language: es-US,es;q=0.9,es-419;q=0.8,en;q=0.7, ]
240718221505360 Response.sendData()	INFO: GET /test03/assets/fonts/ionicons.ttf?v=2.0.0 HTTP/1.1 || Host: localhost:1000 || Connection: keep-alive || sec-ch-ua: "Not/A)Brand";v="8", "Chromium";v="126", "Google Chrome";v="126" || Origin: http://localhost:1000 || sec-ch-ua-mobile: ?0 || User-Agent: Mozilla/5.0 (Windows NT 10.0; Win64; x64) AppleWebKit/537.36 (KHTML, like Gecko) Chrome/126.0.0.0 Safari/537.36 || sec-ch-ua-platform: "Windows" || Accept: */* || Sec-Fetch-Site: same-origin || Sec-Fetch-Mode: cors || Sec-Fetch-Dest: font || Referer: http://localhost:1000/test03/assets/css/ionicons.min.css || Accept-Encoding: gzip, deflate, br, zstd || Accept-Language: es-US,es;q=0.9,es-419;q=0.8,en;q=0.7 || 
240718221505363 Response.sendData()	INFO: requestContentType: 
240718221505363 Response.sendData()	INFO: GET /test03/assets/fonts/ionicons.ttf?v=2.0.0 HTTP/1.1 
240718221505365 Response.sendData()	INFO:  Host: localhost:1000 
240718221505370 Response.sendData()	INFO:  
240718221505372 Response.sendData()	INFO: path: /test03/assets/fonts/ionicons.ttf?v=2.0.0
240718221505373 Response.sendData()	INFO: POST PARAMS : 
240718221505374 Response.sendData()	INFO: POST PAIRS MAP: {}
240718221505374 Response.sendData()	INFO: method: GET
240718221505375 Response.sendData()	INFO: path: /test03/assets/fonts/ionicons.ttf
240718221505377 Response.sendData()	INFO: fileContentType: application/octet-stream
240718221505378 Response.sendData()	INFO: extension: ttf
240718221505379 Response.sendData()	INFO: fileContentType: application/octet-stream
240718221505379 Response.sendData()	INFO: GET: [v=2.0.0]
240718221505380 Response.sendData()	INFO: GET MAP: {v=2.0.0}
240718221505380 Response.sendData()	INFO: POST PARAMS: 
240718221505381 Response.sendData()	INFO: POST PARAMS MAP: {}
240718221505381 Response.sendData()	INFO: POST PARAMS MAP`KEYS: []
240718221505383 ThreadServer.run()	INFO: (10) > Thread :: Time: 26 milliseconds
240718221505393 ThreadServer.run()	INFO: (10) > END #
240718221510412 ThreadServer.run()	INFO: (10) > Thread waiting for new client....
240718221541483 ThreadServer.run()	INFO: (10) > Thread Accepting connection >
240718221541487 Request.getData()	INFO: (10) request: [GET /test03/assets/img/blog/blog1.png HTTP/1.1, Host: localhost:1000, Connection: keep-alive, sec-ch-ua: "Not/A)Brand";v="8", "Chromium";v="126", "Google Chrome";v="126", sec-ch-ua-mobile: ?0, User-Agent: Mozilla/5.0 (Windows NT 10.0; Win64; x64) AppleWebKit/537.36 (KHTML, like Gecko) Chrome/126.0.0.0 Safari/537.36, sec-ch-ua-platform: "Windows", Accept: image/avif,image/webp,image/apng,image/svg+xml,image/*,*/*;q=0.8, Sec-Fetch-Site: same-origin, Sec-Fetch-Mode: no-cors, Sec-Fetch-Dest: image, Referer: http://localhost:1000/test03/blog.html, Accept-Encoding: gzip, deflate, br, zstd, Accept-Language: es-US,es;q=0.9,es-419;q=0.8,en;q=0.7, ]
240718221541490 Response.sendData()	INFO: GET /test03/assets/img/blog/blog1.png HTTP/1.1 || Host: localhost:1000 || Connection: keep-alive || sec-ch-ua: "Not/A)Brand";v="8", "Chromium";v="126", "Google Chrome";v="126" || sec-ch-ua-mobile: ?0 || User-Agent: Mozilla/5.0 (Windows NT 10.0; Win64; x64) AppleWebKit/537.36 (KHTML, like Gecko) Chrome/126.0.0.0 Safari/537.36 || sec-ch-ua-platform: "Windows" || Accept: image/avif,image/webp,image/apng,image/svg+xml,image/*,*/*;q=0.8 || Sec-Fetch-Site: same-origin || Sec-Fetch-Mode: no-cors || Sec-Fetch-Dest: image || Referer: http://localhost:1000/test03/blog.html || Accept-Encoding: gzip, deflate, br, zstd || Accept-Language: es-US,es;q=0.9,es-419;q=0.8,en;q=0.7 || 
240718221541492 Response.sendData()	INFO: requestContentType: 
240718221541494 Response.sendData()	INFO: GET /test03/assets/img/blog/blog1.png HTTP/1.1 
240718221541495 Response.sendData()	INFO:  Host: localhost:1000 
240718221541497 Response.sendData()	INFO:  
240718221541498 Response.sendData()	INFO: path: /test03/assets/img/blog/blog1.png
240718221541500 Response.sendData()	INFO: POST PARAMS : 
240718221541502 Response.sendData()	INFO: POST PAIRS MAP: {}
240718221541504 Response.sendData()	INFO: method: GET
240718221541506 Response.sendData()	INFO: path: /test03/assets/img/blog/blog1.png
240718221541511 Response.sendData()	INFO: fileContentType: image/png
240718221541511 Response.sendData()	INFO: extension: png
240718221541514 Response.sendData()	INFO: fileContentType: image/png
240718221541516 Response.sendData()	INFO: GET: []
240718221541516 Response.sendData()	INFO: GET MAP: {}
240718221541521 Response.sendData()	INFO: POST PARAMS: 
240718221541526 Response.sendData()	INFO: POST PARAMS MAP: {}
240718221541529 Response.sendData()	INFO: POST PARAMS MAP`KEYS: []
240718221541533 ThreadServer.run()	INFO: (10) > Thread :: Time: 47 milliseconds
240718221541535 ThreadServer.run()	INFO: (10) > END #
240718221546543 ThreadServer.run()	INFO: (10) > Thread waiting for new client....
