240718201912264 ThreadServer.run()	INFO: (11) > Thread waiting for new client....
240718201923867 ThreadServer.run()	INFO: (11) > Thread Accepting connection >
240718201923869 Request.getData()	INFO: (11) request: [GET /test02 HTTP/1.1, Host: localhost:1000, Connection: keep-alive, sec-ch-ua: "Not/A)Brand";v="8", "Chromium";v="126", "Google Chrome";v="126", sec-ch-ua-mobile: ?0, sec-ch-ua-platform: "Windows", Upgrade-Insecure-Requests: 1, User-Agent: Mozilla/5.0 (Windows NT 10.0; Win64; x64) AppleWebKit/537.36 (KHTML, like Gecko) Chrome/126.0.0.0 Safari/537.36, Accept: text/html,application/xhtml+xml,application/xml;q=0.9,image/avif,image/webp,image/apng,*/*;q=0.8,application/signed-exchange;v=b3;q=0.7, Sec-Fetch-Site: same-origin, Sec-Fetch-Mode: navigate, Sec-Fetch-User: ?1, Sec-Fetch-Dest: document, Referer: http://localhost:1000/test02/displayFields.cc8, Accept-Encoding: gzip, deflate, br, zstd, Accept-Language: es-US,es;q=0.9,es-419;q=0.8,en;q=0.7, ]
240718201923870 Response.sendData()	INFO: GET /test02 HTTP/1.1 || Host: localhost:1000 || Connection: keep-alive || sec-ch-ua: "Not/A)Brand";v="8", "Chromium";v="126", "Google Chrome";v="126" || sec-ch-ua-mobile: ?0 || sec-ch-ua-platform: "Windows" || Upgrade-Insecure-Requests: 1 || User-Agent: Mozilla/5.0 (Windows NT 10.0; Win64; x64) AppleWebKit/537.36 (KHTML, like Gecko) Chrome/126.0.0.0 Safari/537.36 || Accept: text/html,application/xhtml+xml,application/xml;q=0.9,image/avif,image/webp,image/apng,*/*;q=0.8,application/signed-exchange;v=b3;q=0.7 || Sec-Fetch-Site: same-origin || Sec-Fetch-Mode: navigate || Sec-Fetch-User: ?1 || Sec-Fetch-Dest: document || Referer: http://localhost:1000/test02/displayFields.cc8 || Accept-Encoding: gzip, deflate, br, zstd || Accept-Language: es-US,es;q=0.9,es-419;q=0.8,en;q=0.7 || 
240718201923872 Response.sendData()	INFO: GET /test02 HTTP/1.1 
240718201923872 Response.sendData()	INFO:  Host: localhost:1000 
240718201923873 Response.sendData()	INFO:  
240718201923874 Response.sendData()	INFO: path: /test02
240718201923875 Response.sendData()	INFO: POST PARAMS : 
240718201923876 Response.sendData()	INFO: POST PAIRS MAP: {}
240718201923876 Response.sendData()	INFO: method: GET
240718201923877 Response.sendData()	INFO: path: /test02/index.html
240718201923877 Response.sendData()	INFO: fileContentType: text/html
240718201923878 Response.sendData()	INFO: extension: html
240718201923878 Response.sendData()	INFO: fileContentType: text/html
240718201923879 Response.sendData()	INFO: GET: []
240718201923879 Response.sendData()	INFO: GET MAP: {}
240718201923879 Response.sendData()	INFO: POST PARAMS: 
240718201923880 Response.sendData()	INFO: POST PARAMS MAP: {}
240718201923880 Response.sendData()	INFO: POST PARAMS MAP`KEYS: []
240718201923881 ThreadServer.run()	INFO: (11) > Thread :: Time: 13 milliseconds
240718201923881 ThreadServer.run()	INFO: (11) > END #
240718201928889 ThreadServer.run()	INFO: (11) > Thread waiting for new client....
