240718213650254 ThreadServer.run()	INFO: (11) > Thread waiting for new client....
240718213703686 ThreadServer.run()	INFO: (11) > Thread Accepting connection >
240718213703687 Request.getData()	INFO: (11) request: [POST /test02/displayFields.cc8 HTTP/1.1, Host: localhost:1000, Connection: keep-alive, Content-Length: 73, Cache-Control: max-age=0, sec-ch-ua: "Not/A)Brand";v="8", "Chromium";v="126", "Google Chrome";v="126", sec-ch-ua-mobile: ?0, sec-ch-ua-platform: "Windows", Upgrade-Insecure-Requests: 1, Origin: http://localhost:1000, Content-Type: application/x-www-form-urlencoded, User-Agent: Mozilla/5.0 (Windows NT 10.0; Win64; x64) AppleWebKit/537.36 (KHTML, like Gecko) Chrome/126.0.0.0 Safari/537.36, Accept: text/html,application/xhtml+xml,application/xml;q=0.9,image/avif,image/webp,image/apng,*/*;q=0.8,application/signed-exchange;v=b3;q=0.7, Sec-Fetch-Site: same-origin, Sec-Fetch-Mode: navigate, Sec-Fetch-User: ?1, Sec-Fetch-Dest: document, Referer: http://localhost:1000/test02, Accept-Encoding: gzip, deflate, br, zstd, Accept-Language: es-US,es;q=0.9,es-419;q=0.8,en;q=0.7, name=POST+-+application%2Fx-www-form-urlencoded&email=lab02%40galileo.edu]
240718213703689 Response.sendData()	INFO: POST /test02/displayFields.cc8 HTTP/1.1 || Host: localhost:1000 || Connection: keep-alive || Content-Length: 73 || Cache-Control: max-age=0 || sec-ch-ua: "Not/A)Brand";v="8", "Chromium";v="126", "Google Chrome";v="126" || sec-ch-ua-mobile: ?0 || sec-ch-ua-platform: "Windows" || Upgrade-Insecure-Requests: 1 || Origin: http://localhost:1000 || Content-Type: application/x-www-form-urlencoded || User-Agent: Mozilla/5.0 (Windows NT 10.0; Win64; x64) AppleWebKit/537.36 (KHTML, like Gecko) Chrome/126.0.0.0 Safari/537.36 || Accept: text/html,application/xhtml+xml,application/xml;q=0.9,image/avif,image/webp,image/apng,*/*;q=0.8,application/signed-exchange;v=b3;q=0.7 || Sec-Fetch-Site: same-origin || Sec-Fetch-Mode: navigate || Sec-Fetch-User: ?1 || Sec-Fetch-Dest: document || Referer: http://localhost:1000/test02 || Accept-Encoding: gzip, deflate, br, zstd || Accept-Language: es-US,es;q=0.9,es-419;q=0.8,en;q=0.7 || name=POST+-+application%2Fx-www-form-urlencoded&email=lab02%40galileo.edu
240718213703691 Response.sendData()	INFO: POST /test02/displayFields.cc8 HTTP/1.1 
240718213703692 Response.sendData()	INFO:  Host: localhost:1000 
240718213703693 Response.sendData()	INFO:  name=POST+-+application%2Fx-www-form-urlencoded&email=lab02%40galileo.edu
240718213703693 Response.sendData()	INFO: path: /test02/displayFields.cc8
240718213703694 Response.sendData()	INFO: POST PARAMS : name=POST+-+application%2Fx-www-form-urlencoded&email=lab02%40galileo.edu
240718213703695 Response.sendData()	INFO: Post Params ARRAY: [name=POST+-+application%2Fx-www-form-urlencoded, email=lab02%40galileo.edu]
240718213703696 Response.sendData()	INFO: Post Params ARRAY: 2
240718213703697 Response.sendData()	INFO: POST PAIRS MAP: {name=POST - application/x-www-form-urlencoded, email=lab02@galileo.edu}
240718213703697 Response.sendData()	INFO: method: POST
240718213703698 Response.sendData()	INFO: path: /test02/displayFields.cc8
240718213703698 Response.sendData()	INFO: fileContentType: application/octet-stream
240718213703699 Response.sendData()	INFO: extension: cc8
240718213703700 Response.sendData()	INFO: fileContentType: text/html
240718213703700 Response.sendData()	INFO: GET: []
240718213703701 Response.sendData()	INFO: GET MAP: {}
240718213703701 Response.sendData()	INFO: POST PARAMS: name=POST+-+application%2Fx-www-form-urlencoded&email=lab02%40galileo.edu
240718213703702 Response.sendData()	INFO: POST PARAMS MAP: {name=POST - application/x-www-form-urlencoded, email=lab02@galileo.edu}
240718213703703 Response.sendData()	INFO: POST PARAMS MAP`KEYS: [name, email]
240718213703704 ThreadServer.run()	INFO: (11) > Thread :: Time: 17 milliseconds
240718213703705 ThreadServer.run()	INFO: (11) > END #
240718213708708 ThreadServer.run()	INFO: (11) > Thread waiting for new client....
