240718182739056 ThreadServer.run()	INFO: (11) > Thread waiting for new client....
240718182833130 ThreadServer.run()	INFO: (11) > Thread Accepting connection >
240718182833131 Request.getData()	INFO: (11) request: [GET /favicon.ico HTTP/1.1, Host: localhost:1000, Connection: keep-alive, sec-ch-ua: "Not/A)Brand";v="8", "Chromium";v="126", "Google Chrome";v="126", sec-ch-ua-mobile: ?0, User-Agent: Mozilla/5.0 (Windows NT 10.0; Win64; x64) AppleWebKit/537.36 (KHTML, like Gecko) Chrome/126.0.0.0 Safari/537.36, sec-ch-ua-platform: "Windows", Accept: */*, Sec-Fetch-Site: same-origin, Sec-Fetch-Mode: cors, Sec-Fetch-Dest: empty, Referer: http://localhost:1000/test02/displayFields.cc8?name=GET+-+application%2Fx-www-form-urlencoded&email=lab02%40galileo.edu, Accept-Encoding: gzip, deflate, br, zstd, Accept-Language: es-US,es;q=0.9,es-419;q=0.8,en;q=0.7, ]
240718182833132 Response.sendData()	INFO: GET /favicon.ico HTTP/1.1 || Host: localhost:1000 || Connection: keep-alive || sec-ch-ua: "Not/A)Brand";v="8", "Chromium";v="126", "Google Chrome";v="126" || sec-ch-ua-mobile: ?0 || User-Agent: Mozilla/5.0 (Windows NT 10.0; Win64; x64) AppleWebKit/537.36 (KHTML, like Gecko) Chrome/126.0.0.0 Safari/537.36 || sec-ch-ua-platform: "Windows" || Accept: */* || Sec-Fetch-Site: same-origin || Sec-Fetch-Mode: cors || Sec-Fetch-Dest: empty || Referer: http://localhost:1000/test02/displayFields.cc8?name=GET+-+application%2Fx-www-form-urlencoded&email=lab02%40galileo.edu || Accept-Encoding: gzip, deflate, br, zstd || Accept-Language: es-US,es;q=0.9,es-419;q=0.8,en;q=0.7 || 
240718182833133 Response.sendData()	INFO: GET /favicon.ico HTTP/1.1 
240718182833133 Response.sendData()	INFO:  Host: localhost:1000 
240718182833134 Response.sendData()	INFO:  
240718182833134 Response.sendData()	INFO: path: /favicon.ico
240718182833134 Response.sendData()	INFO: POST PARAMS :  
240718182833135 Response.sendData()	INFO: POST PAIRS MAP: {}
240718182833135 Response.sendData()	INFO: method: GET
240718182833136 Response.sendData()	INFO: path: /favicon.ico
240718182833136 Response.sendData()	INFO: NO SE ENCONTRÓ EL ARCHIVO SOLICITADO. (/favicon.ico)
240718182833137 Response.sendData()	INFO: fileContentType: application/octet-stream
240718182833137 Response.sendData()	INFO: extension: ico
240718182833138 Response.sendData()	INFO: fileContentType: application/octet-stream
240718182833138 Response.sendData()	INFO: GET: []
240718182833139 Response.sendData()	INFO: GET MAP: {}
240718182833139 Response.sendData()	INFO: POST PARAMS:  
240718182833140 Response.sendData()	INFO: POST PARAMS MAP: {}
240718182833141 Response.sendData()	INFO: NO SE ENCONTRÓ EL ARCHIVO SOLICITADO. (/favicon.ico)
240718182833142 ThreadServer.run()	INFO: (11) > Thread :: Time: 12 milliseconds
240718182833142 ThreadServer.run()	INFO: (11) > END #
240718182838149 ThreadServer.run()	INFO: (11) > Thread waiting for new client....
