240718221434262 ThreadServer.run()	INFO: (11) > Thread waiting for new client....
240718221505266 ThreadServer.run()	INFO: (11) > Thread Accepting connection >
240718221505269 Request.getData()	INFO: (11) request: [GET /test03/assets/css/ionicons.min.css HTTP/1.1, Host: localhost:1000, Connection: keep-alive, sec-ch-ua: "Not/A)Brand";v="8", "Chromium";v="126", "Google Chrome";v="126", sec-ch-ua-mobile: ?0, User-Agent: Mozilla/5.0 (Windows NT 10.0; Win64; x64) AppleWebKit/537.36 (KHTML, like Gecko) Chrome/126.0.0.0 Safari/537.36, sec-ch-ua-platform: "Windows", Accept: text/css,*/*;q=0.1, Sec-Fetch-Site: same-origin, Sec-Fetch-Mode: no-cors, Sec-Fetch-Dest: style, Referer: http://localhost:1000/test03/contact.html, Accept-Encoding: gzip, deflate, br, zstd, Accept-Language: es-US,es;q=0.9,es-419;q=0.8,en;q=0.7, ]
240718221505272 Response.sendData()	INFO: GET /test03/assets/css/ionicons.min.css HTTP/1.1 || Host: localhost:1000 || Connection: keep-alive || sec-ch-ua: "Not/A)Brand";v="8", "Chromium";v="126", "Google Chrome";v="126" || sec-ch-ua-mobile: ?0 || User-Agent: Mozilla/5.0 (Windows NT 10.0; Win64; x64) AppleWebKit/537.36 (KHTML, like Gecko) Chrome/126.0.0.0 Safari/537.36 || sec-ch-ua-platform: "Windows" || Accept: text/css,*/*;q=0.1 || Sec-Fetch-Site: same-origin || Sec-Fetch-Mode: no-cors || Sec-Fetch-Dest: style || Referer: http://localhost:1000/test03/contact.html || Accept-Encoding: gzip, deflate, br, zstd || Accept-Language: es-US,es;q=0.9,es-419;q=0.8,en;q=0.7 || 
240718221505275 Response.sendData()	INFO: requestContentType: 
240718221505278 Response.sendData()	INFO: GET /test03/assets/css/ionicons.min.css HTTP/1.1 
240718221505279 Response.sendData()	INFO:  Host: localhost:1000 
240718221505281 Response.sendData()	INFO:  
240718221505282 Response.sendData()	INFO: path: /test03/assets/css/ionicons.min.css
240718221505284 Response.sendData()	INFO: POST PARAMS : 
240718221505285 Response.sendData()	INFO: POST PAIRS MAP: {}
240718221505287 Response.sendData()	INFO: method: GET
240718221505288 Response.sendData()	INFO: path: /test03/assets/css/ionicons.min.css
240718221505291 Response.sendData()	INFO: fileContentType: text/css
240718221505293 Response.sendData()	INFO: extension: css
240718221505294 Response.sendData()	INFO: fileContentType: text/css
240718221505295 Response.sendData()	INFO: GET: []
240718221505298 Response.sendData()	INFO: GET MAP: {}
240718221505300 Response.sendData()	INFO: POST PARAMS: 
240718221505301 Response.sendData()	INFO: POST PARAMS MAP: {}
240718221505303 Response.sendData()	INFO: POST PARAMS MAP`KEYS: []
240718221505309 ThreadServer.run()	INFO: (11) > Thread :: Time: 43 milliseconds
240718221505310 ThreadServer.run()	INFO: (11) > END #
240718221510318 ThreadServer.run()	INFO: (11) > Thread waiting for new client....
240718221541322 ThreadServer.run()	INFO: (11) > Thread Accepting connection >
240718221541324 Request.getData()	INFO: (11) request: [GET /test03/assets/img/blog/instagram/inst3.png HTTP/1.1, Host: localhost:1000, Connection: keep-alive, sec-ch-ua: "Not/A)Brand";v="8", "Chromium";v="126", "Google Chrome";v="126", sec-ch-ua-mobile: ?0, User-Agent: Mozilla/5.0 (Windows NT 10.0; Win64; x64) AppleWebKit/537.36 (KHTML, like Gecko) Chrome/126.0.0.0 Safari/537.36, sec-ch-ua-platform: "Windows", Accept: image/avif,image/webp,image/apng,image/svg+xml,image/*,*/*;q=0.8, Sec-Fetch-Site: same-origin, Sec-Fetch-Mode: no-cors, Sec-Fetch-Dest: image, Referer: http://localhost:1000/test03/blog.html, Accept-Encoding: gzip, deflate, br, zstd, Accept-Language: es-US,es;q=0.9,es-419;q=0.8,en;q=0.7, ]
240718221541327 Response.sendData()	INFO: GET /test03/assets/img/blog/instagram/inst3.png HTTP/1.1 || Host: localhost:1000 || Connection: keep-alive || sec-ch-ua: "Not/A)Brand";v="8", "Chromium";v="126", "Google Chrome";v="126" || sec-ch-ua-mobile: ?0 || User-Agent: Mozilla/5.0 (Windows NT 10.0; Win64; x64) AppleWebKit/537.36 (KHTML, like Gecko) Chrome/126.0.0.0 Safari/537.36 || sec-ch-ua-platform: "Windows" || Accept: image/avif,image/webp,image/apng,image/svg+xml,image/*,*/*;q=0.8 || Sec-Fetch-Site: same-origin || Sec-Fetch-Mode: no-cors || Sec-Fetch-Dest: image || Referer: http://localhost:1000/test03/blog.html || Accept-Encoding: gzip, deflate, br, zstd || Accept-Language: es-US,es;q=0.9,es-419;q=0.8,en;q=0.7 || 
240718221541330 Response.sendData()	INFO: requestContentType: 
240718221541331 Response.sendData()	INFO: GET /test03/assets/img/blog/instagram/inst3.png HTTP/1.1 
240718221541332 Response.sendData()	INFO:  Host: localhost:1000 
240718221541333 Response.sendData()	INFO:  
240718221541336 Response.sendData()	INFO: path: /test03/assets/img/blog/instagram/inst3.png
240718221541340 Response.sendData()	INFO: POST PARAMS : 
240718221541341 Response.sendData()	INFO: POST PAIRS MAP: {}
240718221541344 Response.sendData()	INFO: method: GET
240718221541345 Response.sendData()	INFO: path: /test03/assets/img/blog/instagram/inst3.png
240718221541346 Response.sendData()	INFO: fileContentType: image/png
240718221541347 Response.sendData()	INFO: extension: png
240718221541347 Response.sendData()	INFO: fileContentType: image/png
240718221541348 Response.sendData()	INFO: GET: []
240718221541349 Response.sendData()	INFO: GET MAP: {}
240718221541350 Response.sendData()	INFO: POST PARAMS: 
240718221541350 Response.sendData()	INFO: POST PARAMS MAP: {}
240718221541351 Response.sendData()	INFO: POST PARAMS MAP`KEYS: []
240718221541353 ThreadServer.run()	INFO: (11) > Thread :: Time: 29 milliseconds
240718221541354 ThreadServer.run()	INFO: (11) > END #
240718221546358 ThreadServer.run()	INFO: (11) > Thread waiting for new client....
240718221611116 ThreadServer.run()	INFO: (11) > Thread Accepting connection >
240718221611117 Request.getData()	INFO: (11) request: [GET /favicon.ico HTTP/1.1, Host: localhost:1000, Connection: keep-alive, sec-ch-ua: "Not/A)Brand";v="8", "Chromium";v="126", "Google Chrome";v="126", sec-ch-ua-mobile: ?0, User-Agent: Mozilla/5.0 (Windows NT 10.0; Win64; x64) AppleWebKit/537.36 (KHTML, like Gecko) Chrome/126.0.0.0 Safari/537.36, sec-ch-ua-platform: "Windows", Accept: */*, Sec-Fetch-Site: same-origin, Sec-Fetch-Mode: cors, Sec-Fetch-Dest: empty, Referer: http://localhost:1000/test02/displayFields.cc8, Accept-Encoding: gzip, deflate, br, zstd, Accept-Language: es-US,es;q=0.9,es-419;q=0.8,en;q=0.7, ]
240718221611119 Response.sendData()	INFO: GET /favicon.ico HTTP/1.1 || Host: localhost:1000 || Connection: keep-alive || sec-ch-ua: "Not/A)Brand";v="8", "Chromium";v="126", "Google Chrome";v="126" || sec-ch-ua-mobile: ?0 || User-Agent: Mozilla/5.0 (Windows NT 10.0; Win64; x64) AppleWebKit/537.36 (KHTML, like Gecko) Chrome/126.0.0.0 Safari/537.36 || sec-ch-ua-platform: "Windows" || Accept: */* || Sec-Fetch-Site: same-origin || Sec-Fetch-Mode: cors || Sec-Fetch-Dest: empty || Referer: http://localhost:1000/test02/displayFields.cc8 || Accept-Encoding: gzip, deflate, br, zstd || Accept-Language: es-US,es;q=0.9,es-419;q=0.8,en;q=0.7 || 
240718221611120 Response.sendData()	INFO: requestContentType: 
240718221611120 Response.sendData()	INFO: GET /favicon.ico HTTP/1.1 
240718221611120 Response.sendData()	INFO:  Host: localhost:1000 
240718221611121 Response.sendData()	INFO:  
240718221611121 Response.sendData()	INFO: path: /favicon.ico
240718221611121 Response.sendData()	INFO: POST PARAMS : 
240718221611122 Response.sendData()	INFO: POST PAIRS MAP: {}
240718221611122 Response.sendData()	INFO: method: GET
240718221611123 Response.sendData()	INFO: path: /favicon.ico
240718221611124 Response.sendData()	INFO: NO SE ENCONTRÓ EL ARCHIVO SOLICITADO. (/favicon.ico)
240718221611124 Response.sendData()	INFO: fileContentType: application/octet-stream
240718221611124 Response.sendData()	INFO: extension: ico
240718221611125 Response.sendData()	INFO: fileContentType: application/octet-stream
240718221611125 Response.sendData()	INFO: GET: []
240718221611125 Response.sendData()	INFO: GET MAP: {}
240718221611126 Response.sendData()	INFO: POST PARAMS: 
240718221611126 Response.sendData()	INFO: POST PARAMS MAP: {}
240718221611126 Response.sendData()	INFO: POST PARAMS MAP`KEYS: []
240718221611127 Response.sendData()	INFO: NO SE ENCONTRÓ EL ARCHIVO SOLICITADO. (/favicon.ico)
240718221611127 ThreadServer.run()	INFO: (11) > Thread :: Time: 11 milliseconds
240718221611128 ThreadServer.run()	INFO: (11) > END #
240718221616132 ThreadServer.run()	INFO: (11) > Thread waiting for new client....
