240718202130503 ThreadServer.run()	INFO: (12) > Thread waiting for new client....
240718202235870 ThreadServer.run()	INFO: (12) > Thread Accepting connection >
240718202235871 Request.getData()	INFO: (12) request: [POST /test02/displayFields.cc8 HTTP/1.1, Host: localhost:1000, Connection: keep-alive, Content-Length: 49, Cache-Control: max-age=0, sec-ch-ua: "Not/A)Brand";v="8", "Chromium";v="126", "Google Chrome";v="126", sec-ch-ua-mobile: ?0, sec-ch-ua-platform: "Windows", Upgrade-Insecure-Requests: 1, Origin: http://localhost:1000, Content-Type: text/plain, User-Agent: Mozilla/5.0 (Windows NT 10.0; Win64; x64) AppleWebKit/537.36 (KHTML, like Gecko) Chrome/126.0.0.0 Safari/537.36, Accept: text/html,application/xhtml+xml,application/xml;q=0.9,image/avif,image/webp,image/apng,*/*;q=0.8,application/signed-exchange;v=b3;q=0.7, Sec-Fetch-Site: same-origin, Sec-Fetch-Mode: navigate, Sec-Fetch-User: ?1, Sec-Fetch-Dest: document, Referer: http://localhost:1000/test02, Accept-Encoding: gzip, deflate, br, zstd, Accept-Language: es-US,es;q=0.9,es-419;q=0.8,en;q=0.7, name=POST - text/plain
email=lab02@galileo.edu
]
240718202235874 Response.sendData()	INFO: POST /test02/displayFields.cc8 HTTP/1.1 || Host: localhost:1000 || Connection: keep-alive || Content-Length: 49 || Cache-Control: max-age=0 || sec-ch-ua: "Not/A)Brand";v="8", "Chromium";v="126", "Google Chrome";v="126" || sec-ch-ua-mobile: ?0 || sec-ch-ua-platform: "Windows" || Upgrade-Insecure-Requests: 1 || Origin: http://localhost:1000 || Content-Type: text/plain || User-Agent: Mozilla/5.0 (Windows NT 10.0; Win64; x64) AppleWebKit/537.36 (KHTML, like Gecko) Chrome/126.0.0.0 Safari/537.36 || Accept: text/html,application/xhtml+xml,application/xml;q=0.9,image/avif,image/webp,image/apng,*/*;q=0.8,application/signed-exchange;v=b3;q=0.7 || Sec-Fetch-Site: same-origin || Sec-Fetch-Mode: navigate || Sec-Fetch-User: ?1 || Sec-Fetch-Dest: document || Referer: http://localhost:1000/test02 || Accept-Encoding: gzip, deflate, br, zstd || Accept-Language: es-US,es;q=0.9,es-419;q=0.8,en;q=0.7 || name=POST - text/plain
email=lab02@galileo.edu

240718202235875 Response.sendData()	INFO: POST /test02/displayFields.cc8 HTTP/1.1 
240718202235876 Response.sendData()	INFO:  Host: localhost:1000 
240718202235876 Response.sendData()	INFO:  name=POST - text/plain
email=lab02@galileo.edu

240718202235877 Response.sendData()	INFO: path: /test02/displayFields.cc8
240718202235877 Response.sendData()	INFO: POST PARAMS : name=POST - text/plain
email=lab02@galileo.edu
240718202235877 Response.sendData()	INFO: Post Params ARRAY: [name=POST - text/plain
email=lab02@galileo.edu]
240718202235878 Response.sendData()	INFO: Post Params ARRAY: 1
240718202235878 Response.sendData()	INFO: POST PAIRS MAP: {name=POST - text/plain
email=lab02@galileo.edu}
240718202235879 Response.sendData()	INFO: method: POST
240718202235879 Response.sendData()	INFO: path: /test02/displayFields.cc8
240718202235880 Response.sendData()	INFO: fileContentType: application/octet-stream
240718202235880 Response.sendData()	INFO: extension: cc8
240718202235881 Response.sendData()	INFO: fileContentType: text/html
240718202235881 Response.sendData()	INFO: GET: []
240718202235881 Response.sendData()	INFO: GET MAP: {}
240718202235882 Response.sendData()	INFO: POST PARAMS: name=POST - text/plain
email=lab02@galileo.edu
240718202235882 Response.sendData()	INFO: POST PARAMS MAP: {name=POST - text/plain
email=lab02@galileo.edu}
240718202235882 Response.sendData()	INFO: POST PARAMS MAP`KEYS: [name]
240718202235883 ThreadServer.run()	INFO: (12) > Thread :: Time: 12 milliseconds
240718202235883 ThreadServer.run()	INFO: (12) > END #
240718202240894 ThreadServer.run()	INFO: (12) > Thread waiting for new client....
