240718215741220 ThreadServer.run()	INFO: (12) > Thread waiting for new client....
240718215744054 ThreadServer.run()	INFO: (12) > Thread Accepting connection >
240718215744065 Request.getData()	INFO: (12) request: [GET /test02 HTTP/1.1, Host: localhost:1000, Connection: keep-alive, Cache-Control: max-age=0, sec-ch-ua: "Not/A)Brand";v="8", "Chromium";v="126", "Google Chrome";v="126", sec-ch-ua-mobile: ?0, sec-ch-ua-platform: "Windows", Upgrade-Insecure-Requests: 1, User-Agent: Mozilla/5.0 (Windows NT 10.0; Win64; x64) AppleWebKit/537.36 (KHTML, like Gecko) Chrome/126.0.0.0 Safari/537.36, Accept: text/html,application/xhtml+xml,application/xml;q=0.9,image/avif,image/webp,image/apng,*/*;q=0.8,application/signed-exchange;v=b3;q=0.7, Sec-Fetch-Site: same-origin, Sec-Fetch-Mode: navigate, Sec-Fetch-User: ?1, Sec-Fetch-Dest: document, Referer: http://localhost:1000/test02/displayFields.cc8, Accept-Encoding: gzip, deflate, br, zstd, Accept-Language: es-US,es;q=0.9,es-419;q=0.8,en;q=0.7, ]
240718215744071 Response.sendData()	INFO: GET /test02 HTTP/1.1 || Host: localhost:1000 || Connection: keep-alive || Cache-Control: max-age=0 || sec-ch-ua: "Not/A)Brand";v="8", "Chromium";v="126", "Google Chrome";v="126" || sec-ch-ua-mobile: ?0 || sec-ch-ua-platform: "Windows" || Upgrade-Insecure-Requests: 1 || User-Agent: Mozilla/5.0 (Windows NT 10.0; Win64; x64) AppleWebKit/537.36 (KHTML, like Gecko) Chrome/126.0.0.0 Safari/537.36 || Accept: text/html,application/xhtml+xml,application/xml;q=0.9,image/avif,image/webp,image/apng,*/*;q=0.8,application/signed-exchange;v=b3;q=0.7 || Sec-Fetch-Site: same-origin || Sec-Fetch-Mode: navigate || Sec-Fetch-User: ?1 || Sec-Fetch-Dest: document || Referer: http://localhost:1000/test02/displayFields.cc8 || Accept-Encoding: gzip, deflate, br, zstd || Accept-Language: es-US,es;q=0.9,es-419;q=0.8,en;q=0.7 || 
240718215744076 Response.sendData()	INFO: requestContentType: 
240718215744078 Response.sendData()	INFO: GET /test02 HTTP/1.1 
240718215744079 Response.sendData()	INFO:  Host: localhost:1000 
240718215744081 Response.sendData()	INFO:  
240718215744083 Response.sendData()	INFO: path: /test02
240718215744087 Response.sendData()	INFO: POST PARAMS : 
240718215744089 Response.sendData()	INFO: POST PAIRS MAP: {}
240718215744090 Response.sendData()	INFO: method: GET
240718215744092 Response.sendData()	INFO: path: /test02/index.html
240718215744112 Response.sendData()	INFO: fileContentType: text/html
240718215744114 Response.sendData()	INFO: extension: html
240718215744117 Response.sendData()	INFO: fileContentType: text/html
240718215744118 Response.sendData()	INFO: GET: []
240718215744120 Response.sendData()	INFO: GET MAP: {}
240718215744122 Response.sendData()	INFO: POST PARAMS: 
240718215744123 Response.sendData()	INFO: POST PARAMS MAP: {}
240718215744125 Response.sendData()	INFO: POST PARAMS MAP`KEYS: []
240718215744163 ThreadServer.run()	INFO: (12) > Thread :: Time: 91 milliseconds
240718215744165 ThreadServer.run()	INFO: (12) > END #
240718215749174 ThreadServer.run()	INFO: (12) > Thread waiting for new client....
