240718221434213 ThreadServer.run()	INFO: (12) > Thread waiting for new client....
240718221453483 ThreadServer.run()	INFO: (12) > Thread Accepting connection >
240718221453484 Request.getData()	INFO: (12) request: [GET /test03/assets/img/portfolio/home-port1.png HTTP/1.1, Host: localhost:1000, Connection: keep-alive, sec-ch-ua: "Not/A)Brand";v="8", "Chromium";v="126", "Google Chrome";v="126", sec-ch-ua-mobile: ?0, User-Agent: Mozilla/5.0 (Windows NT 10.0; Win64; x64) AppleWebKit/537.36 (KHTML, like Gecko) Chrome/126.0.0.0 Safari/537.36, sec-ch-ua-platform: "Windows", Accept: image/avif,image/webp,image/apng,image/svg+xml,image/*,*/*;q=0.8, Sec-Fetch-Site: same-origin, Sec-Fetch-Mode: no-cors, Sec-Fetch-Dest: image, Referer: http://localhost:1000/test03/, Accept-Encoding: gzip, deflate, br, zstd, Accept-Language: es-US,es;q=0.9,es-419;q=0.8,en;q=0.7, ]
240718221453492 Response.sendData()	INFO: GET /test03/assets/img/portfolio/home-port1.png HTTP/1.1 || Host: localhost:1000 || Connection: keep-alive || sec-ch-ua: "Not/A)Brand";v="8", "Chromium";v="126", "Google Chrome";v="126" || sec-ch-ua-mobile: ?0 || User-Agent: Mozilla/5.0 (Windows NT 10.0; Win64; x64) AppleWebKit/537.36 (KHTML, like Gecko) Chrome/126.0.0.0 Safari/537.36 || sec-ch-ua-platform: "Windows" || Accept: image/avif,image/webp,image/apng,image/svg+xml,image/*,*/*;q=0.8 || Sec-Fetch-Site: same-origin || Sec-Fetch-Mode: no-cors || Sec-Fetch-Dest: image || Referer: http://localhost:1000/test03/ || Accept-Encoding: gzip, deflate, br, zstd || Accept-Language: es-US,es;q=0.9,es-419;q=0.8,en;q=0.7 || 
240718221453494 Response.sendData()	INFO: requestContentType: 
240718221453494 Response.sendData()	INFO: GET /test03/assets/img/portfolio/home-port1.png HTTP/1.1 
240718221453494 Response.sendData()	INFO:  Host: localhost:1000 
240718221453494 Response.sendData()	INFO:  
240718221453495 Response.sendData()	INFO: path: /test03/assets/img/portfolio/home-port1.png
240718221453495 Response.sendData()	INFO: POST PARAMS : 
240718221453495 Response.sendData()	INFO: POST PAIRS MAP: {}
240718221453496 Response.sendData()	INFO: method: GET
240718221453496 Response.sendData()	INFO: path: /test03/assets/img/portfolio/home-port1.png
240718221453510 Response.sendData()	INFO: fileContentType: image/png
240718221453510 Response.sendData()	INFO: extension: png
240718221453511 Response.sendData()	INFO: fileContentType: image/png
240718221453511 Response.sendData()	INFO: GET: []
240718221453512 Response.sendData()	INFO: GET MAP: {}
240718221453512 Response.sendData()	INFO: POST PARAMS: 
240718221453513 Response.sendData()	INFO: POST PARAMS MAP: {}
240718221453513 Response.sendData()	INFO: POST PARAMS MAP`KEYS: []
240718221453515 ThreadServer.run()	INFO: (12) > Thread :: Time: 31 milliseconds
240718221453515 ThreadServer.run()	INFO: (12) > END #
240718221458530 ThreadServer.run()	INFO: (12) > Thread waiting for new client....
240718221505450 ThreadServer.run()	INFO: (12) > Thread Accepting connection >
240718221505472 Request.getData()	INFO: (12) request: [GET /test03/assets/js/main.js HTTP/1.1, Host: localhost:1000, Connection: keep-alive, sec-ch-ua: "Not/A)Brand";v="8", "Chromium";v="126", "Google Chrome";v="126", sec-ch-ua-mobile: ?0, User-Agent: Mozilla/5.0 (Windows NT 10.0; Win64; x64) AppleWebKit/537.36 (KHTML, like Gecko) Chrome/126.0.0.0 Safari/537.36, sec-ch-ua-platform: "Windows", Accept: */*, Sec-Fetch-Site: same-origin, Sec-Fetch-Mode: no-cors, Sec-Fetch-Dest: script, Referer: http://localhost:1000/test03/contact.html, Accept-Encoding: gzip, deflate, br, zstd, Accept-Language: es-US,es;q=0.9,es-419;q=0.8,en;q=0.7, ]
240718221505474 Response.sendData()	INFO: GET /test03/assets/js/main.js HTTP/1.1 || Host: localhost:1000 || Connection: keep-alive || sec-ch-ua: "Not/A)Brand";v="8", "Chromium";v="126", "Google Chrome";v="126" || sec-ch-ua-mobile: ?0 || User-Agent: Mozilla/5.0 (Windows NT 10.0; Win64; x64) AppleWebKit/537.36 (KHTML, like Gecko) Chrome/126.0.0.0 Safari/537.36 || sec-ch-ua-platform: "Windows" || Accept: */* || Sec-Fetch-Site: same-origin || Sec-Fetch-Mode: no-cors || Sec-Fetch-Dest: script || Referer: http://localhost:1000/test03/contact.html || Accept-Encoding: gzip, deflate, br, zstd || Accept-Language: es-US,es;q=0.9,es-419;q=0.8,en;q=0.7 || 
240718221505479 Response.sendData()	INFO: requestContentType: 
240718221505481 Response.sendData()	INFO: GET /test03/assets/js/main.js HTTP/1.1 
240718221505483 Response.sendData()	INFO:  Host: localhost:1000 
240718221505484 Response.sendData()	INFO:  
240718221505485 Response.sendData()	INFO: path: /test03/assets/js/main.js
240718221505487 Response.sendData()	INFO: POST PARAMS : 
240718221505487 Response.sendData()	INFO: POST PAIRS MAP: {}
240718221505488 Response.sendData()	INFO: method: GET
240718221505489 Response.sendData()	INFO: path: /test03/assets/js/main.js
240718221505490 Response.sendData()	INFO: fileContentType: text/javascript
240718221505490 Response.sendData()	INFO: extension: js
240718221505491 Response.sendData()	INFO: fileContentType: text/javascript
240718221505491 Response.sendData()	INFO: GET: []
240718221505492 Response.sendData()	INFO: GET MAP: {}
240718221505492 Response.sendData()	INFO: POST PARAMS: 
240718221505492 Response.sendData()	INFO: POST PARAMS MAP: {}
240718221505493 Response.sendData()	INFO: POST PARAMS MAP`KEYS: []
240718221505493 ThreadServer.run()	INFO: (12) > Thread :: Time: 22 milliseconds
240718221505494 ThreadServer.run()	INFO: (12) > END #
240718221510506 ThreadServer.run()	INFO: (12) > Thread waiting for new client....
240718221546814 ThreadServer.run()	INFO: (12) > Thread Accepting connection >
240718221546814 Request.getData()	INFO: (12) request: [GET / HTTP/1.1, Host: localhost:1000, Connection: keep-alive, sec-ch-ua: "Not/A)Brand";v="8", "Chromium";v="126", "Google Chrome";v="126", sec-ch-ua-mobile: ?0, sec-ch-ua-platform: "Windows", Upgrade-Insecure-Requests: 1, User-Agent: Mozilla/5.0 (Windows NT 10.0; Win64; x64) AppleWebKit/537.36 (KHTML, like Gecko) Chrome/126.0.0.0 Safari/537.36, Accept: text/html,application/xhtml+xml,application/xml;q=0.9,image/avif,image/webp,image/apng,*/*;q=0.8,application/signed-exchange;v=b3;q=0.7, Sec-Fetch-Site: same-origin, Sec-Fetch-Mode: navigate, Sec-Fetch-User: ?1, Sec-Fetch-Dest: document, Referer: http://localhost:1000/test03/blog.html, Accept-Encoding: gzip, deflate, br, zstd, Accept-Language: es-US,es;q=0.9,es-419;q=0.8,en;q=0.7, ]
240718221546815 Response.sendData()	INFO: GET / HTTP/1.1 || Host: localhost:1000 || Connection: keep-alive || sec-ch-ua: "Not/A)Brand";v="8", "Chromium";v="126", "Google Chrome";v="126" || sec-ch-ua-mobile: ?0 || sec-ch-ua-platform: "Windows" || Upgrade-Insecure-Requests: 1 || User-Agent: Mozilla/5.0 (Windows NT 10.0; Win64; x64) AppleWebKit/537.36 (KHTML, like Gecko) Chrome/126.0.0.0 Safari/537.36 || Accept: text/html,application/xhtml+xml,application/xml;q=0.9,image/avif,image/webp,image/apng,*/*;q=0.8,application/signed-exchange;v=b3;q=0.7 || Sec-Fetch-Site: same-origin || Sec-Fetch-Mode: navigate || Sec-Fetch-User: ?1 || Sec-Fetch-Dest: document || Referer: http://localhost:1000/test03/blog.html || Accept-Encoding: gzip, deflate, br, zstd || Accept-Language: es-US,es;q=0.9,es-419;q=0.8,en;q=0.7 || 
240718221546816 Response.sendData()	INFO: requestContentType: 
240718221546816 Response.sendData()	INFO: GET / HTTP/1.1 
240718221546816 Response.sendData()	INFO:  Host: localhost:1000 
240718221546816 Response.sendData()	INFO:  
240718221546816 Response.sendData()	INFO: path: /
240718221546817 Response.sendData()	INFO: POST PARAMS : 
240718221546817 Response.sendData()	INFO: POST PAIRS MAP: {}
240718221546817 Response.sendData()	INFO: method: GET
240718221546817 Response.sendData()	INFO: path: /index.html
240718221546818 Response.sendData()	INFO: fileContentType: text/html
240718221546818 Response.sendData()	INFO: extension: html
240718221546818 Response.sendData()	INFO: fileContentType: text/html
240718221546818 Response.sendData()	INFO: GET: []
240718221546818 Response.sendData()	INFO: GET MAP: {}
240718221546819 Response.sendData()	INFO: POST PARAMS: 
240718221546819 Response.sendData()	INFO: POST PARAMS MAP: {}
240718221546819 Response.sendData()	INFO: POST PARAMS MAP`KEYS: []
240718221546820 ThreadServer.run()	INFO: (12) > Thread :: Time: 6 milliseconds
240718221546821 ThreadServer.run()	INFO: (12) > END #
240718221551834 ThreadServer.run()	INFO: (12) > Thread waiting for new client....
