240724182147389 ThreadServer.run()	INFO: (12) > Thread waiting for new client....
240724182742897 ThreadServer.run()	INFO: (12) > Thread Accepting connection >
240724182742900 Request.getData()	INFO: (12) request: [GET /favicon.ico HTTP/1.1, Host: localhost:1000, Connection: keep-alive, sec-ch-ua: "Not/A)Brand";v="8", "Chromium";v="126", "Google Chrome";v="126", sec-ch-ua-mobile: ?0, User-Agent: Mozilla/5.0 (Windows NT 10.0; Win64; x64) AppleWebKit/537.36 (KHTML, like Gecko) Chrome/126.0.0.0 Safari/537.36, sec-ch-ua-platform: "Windows", Accept: image/avif,image/webp,image/apng,image/svg+xml,image/*,*/*;q=0.8, Sec-Fetch-Site: same-origin, Sec-Fetch-Mode: no-cors, Sec-Fetch-Dest: image, Referer: http://localhost:1000/test02, Accept-Encoding: gzip, deflate, br, zstd, Accept-Language: es-US,es;q=0.9,es-419;q=0.8,en;q=0.7, ]
240724182742903 Response.sendData()	INFO: GET /favicon.ico HTTP/1.1 || Host: localhost:1000 || Connection: keep-alive || sec-ch-ua: "Not/A)Brand";v="8", "Chromium";v="126", "Google Chrome";v="126" || sec-ch-ua-mobile: ?0 || User-Agent: Mozilla/5.0 (Windows NT 10.0; Win64; x64) AppleWebKit/537.36 (KHTML, like Gecko) Chrome/126.0.0.0 Safari/537.36 || sec-ch-ua-platform: "Windows" || Accept: image/avif,image/webp,image/apng,image/svg+xml,image/*,*/*;q=0.8 || Sec-Fetch-Site: same-origin || Sec-Fetch-Mode: no-cors || Sec-Fetch-Dest: image || Referer: http://localhost:1000/test02 || Accept-Encoding: gzip, deflate, br, zstd || Accept-Language: es-US,es;q=0.9,es-419;q=0.8,en;q=0.7 || 
240724182742906 Response.sendData()	INFO: requestContentType: 
240724182742907 Response.sendData()	INFO: GET /favicon.ico HTTP/1.1 
240724182742909 Response.sendData()	INFO:  Host: localhost:1000 
240724182742910 Response.sendData()	INFO:  
240724182742912 Response.sendData()	INFO: path: /favicon.ico
240724182742913 Response.sendData()	INFO: POST PARAMS : 
240724182742914 Response.sendData()	INFO: POST PAIRS MAP: {}
240724182742915 Response.sendData()	INFO: method: GET
240724182742917 Response.sendData()	INFO: path: /favicon.ico
240724182742918 Response.sendData()	INFO: NO SE ENCONTRÓ EL ARCHIVO SOLICITADO. (/favicon.ico)
240724182742919 Response.sendData()	INFO: fileContentType: application/octet-stream
240724182742920 Response.sendData()	INFO: extension: ico
240724182742921 Response.sendData()	INFO: fileContentType: application/octet-stream
240724182742922 Response.sendData()	INFO: GET: []
240724182742923 Response.sendData()	INFO: GET MAP: {}
240724182742924 Response.sendData()	INFO: POST PARAMS: 
240724182742926 Response.sendData()	INFO: POST PARAMS MAP: {}
240724182742927 Response.sendData()	INFO: POST PARAMS MAP`KEYS: []
240724182742929 Response.sendData()	INFO: NO SE ENCONTRÓ EL ARCHIVO SOLICITADO. (/favicon.ico)
240724182742931 ThreadServer.run()	INFO: (12) > Thread :: Time: 32 milliseconds
240724182742932 ThreadServer.run()	INFO: (12) > END #
240724182747947 ThreadServer.run()	INFO: (12) > Thread waiting for new client....
240724182759333 ThreadServer.run()	INFO: (12) > Thread Accepting connection >
240724182759398 Request.getData()	INFO: (12) request: [GET /test03/assets/js/popper.js HTTP/1.1, Host: localhost:1000, Connection: keep-alive, sec-ch-ua: "Not/A)Brand";v="8", "Chromium";v="126", "Google Chrome";v="126", sec-ch-ua-mobile: ?0, User-Agent: Mozilla/5.0 (Windows NT 10.0; Win64; x64) AppleWebKit/537.36 (KHTML, like Gecko) Chrome/126.0.0.0 Safari/537.36, sec-ch-ua-platform: "Windows", Accept: */*, Sec-Fetch-Site: same-origin, Sec-Fetch-Mode: no-cors, Sec-Fetch-Dest: script, Referer: http://localhost:1000/test03/contact.html, Accept-Encoding: gzip, deflate, br, zstd, Accept-Language: es-US,es;q=0.9,es-419;q=0.8,en;q=0.7, ]
240724182759405 Response.sendData()	INFO: GET /test03/assets/js/popper.js HTTP/1.1 || Host: localhost:1000 || Connection: keep-alive || sec-ch-ua: "Not/A)Brand";v="8", "Chromium";v="126", "Google Chrome";v="126" || sec-ch-ua-mobile: ?0 || User-Agent: Mozilla/5.0 (Windows NT 10.0; Win64; x64) AppleWebKit/537.36 (KHTML, like Gecko) Chrome/126.0.0.0 Safari/537.36 || sec-ch-ua-platform: "Windows" || Accept: */* || Sec-Fetch-Site: same-origin || Sec-Fetch-Mode: no-cors || Sec-Fetch-Dest: script || Referer: http://localhost:1000/test03/contact.html || Accept-Encoding: gzip, deflate, br, zstd || Accept-Language: es-US,es;q=0.9,es-419;q=0.8,en;q=0.7 || 
240724182759428 Response.sendData()	INFO: requestContentType: 
240724182759443 Response.sendData()	INFO: GET /test03/assets/js/popper.js HTTP/1.1 
240724182759447 Response.sendData()	INFO:  Host: localhost:1000 
240724182759509 Response.sendData()	INFO:  
240724182759514 Response.sendData()	INFO: path: /test03/assets/js/popper.js
240724182759531 Response.sendData()	INFO: POST PARAMS : 
240724182759550 Response.sendData()	INFO: POST PAIRS MAP: {}
240724182759552 Response.sendData()	INFO: method: GET
240724182759569 Response.sendData()	INFO: path: /test03/assets/js/popper.js
240724182759591 Response.sendData()	INFO: fileContentType: text/javascript
240724182759628 Response.sendData()	INFO: extension: js
240724182759650 Response.sendData()	INFO: fileContentType: text/javascript
240724182759664 Response.sendData()	INFO: GET: []
240724182759666 Response.sendData()	INFO: GET MAP: {}
240724182759683 Response.sendData()	INFO: POST PARAMS: 
240724182759694 Response.sendData()	INFO: POST PARAMS MAP: {}
240724182759698 Response.sendData()	INFO: POST PARAMS MAP`KEYS: []
240724182759706 ThreadServer.run()	INFO: (12) > Thread :: Time: 312 milliseconds
240724182759727 ThreadServer.run()	INFO: (12) > END #
240724182804730 ThreadServer.run()	INFO: (12) > Thread waiting for new client....
