240718215741213 ThreadServer.run()	INFO: (13) > Thread waiting for new client....
240718215803273 ThreadServer.run()	INFO: (13) > Thread Accepting connection >
240718215803274 Request.getData()	INFO: (13) request: [POST /test02/displayFields.cc8 HTTP/1.1, Host: localhost:1000, Connection: keep-alive, Content-Length: 73, Cache-Control: max-age=0, sec-ch-ua: "Not/A)Brand";v="8", "Chromium";v="126", "Google Chrome";v="126", sec-ch-ua-mobile: ?0, sec-ch-ua-platform: "Windows", Upgrade-Insecure-Requests: 1, Origin: http://localhost:1000, Content-Type: application/x-www-form-urlencoded, User-Agent: Mozilla/5.0 (Windows NT 10.0; Win64; x64) AppleWebKit/537.36 (KHTML, like Gecko) Chrome/126.0.0.0 Safari/537.36, Accept: text/html,application/xhtml+xml,application/xml;q=0.9,image/avif,image/webp,image/apng,*/*;q=0.8,application/signed-exchange;v=b3;q=0.7, Sec-Fetch-Site: same-origin, Sec-Fetch-Mode: navigate, Sec-Fetch-User: ?1, Sec-Fetch-Dest: document, Referer: http://localhost:1000/test02, Accept-Encoding: gzip, deflate, br, zstd, Accept-Language: es-US,es;q=0.9,es-419;q=0.8,en;q=0.7, name=POST+-+application%2Fx-www-form-urlencoded&email=lab02%40galileo.edu]
240718215803275 Response.sendData()	INFO: POST /test02/displayFields.cc8 HTTP/1.1 || Host: localhost:1000 || Connection: keep-alive || Content-Length: 73 || Cache-Control: max-age=0 || sec-ch-ua: "Not/A)Brand";v="8", "Chromium";v="126", "Google Chrome";v="126" || sec-ch-ua-mobile: ?0 || sec-ch-ua-platform: "Windows" || Upgrade-Insecure-Requests: 1 || Origin: http://localhost:1000 || Content-Type: application/x-www-form-urlencoded || User-Agent: Mozilla/5.0 (Windows NT 10.0; Win64; x64) AppleWebKit/537.36 (KHTML, like Gecko) Chrome/126.0.0.0 Safari/537.36 || Accept: text/html,application/xhtml+xml,application/xml;q=0.9,image/avif,image/webp,image/apng,*/*;q=0.8,application/signed-exchange;v=b3;q=0.7 || Sec-Fetch-Site: same-origin || Sec-Fetch-Mode: navigate || Sec-Fetch-User: ?1 || Sec-Fetch-Dest: document || Referer: http://localhost:1000/test02 || Accept-Encoding: gzip, deflate, br, zstd || Accept-Language: es-US,es;q=0.9,es-419;q=0.8,en;q=0.7 || name=POST+-+application%2Fx-www-form-urlencoded&email=lab02%40galileo.edu
240718215803277 Response.sendData()	INFO: requestContentType: application/x-www-form-urlencoded 
240718215803277 Response.sendData()	INFO: POST /test02/displayFields.cc8 HTTP/1.1 
240718215803277 Response.sendData()	INFO:  Host: localhost:1000 
240718215803278 Response.sendData()	INFO:  name=POST+-+application%2Fx-www-form-urlencoded&email=lab02%40galileo.edu
240718215803278 Response.sendData()	INFO: path: /test02/displayFields.cc8
240718215803278 Response.sendData()	INFO: POST PARAMS : name=POST+-+application%2Fx-www-form-urlencoded&email=lab02%40galileo.edu
240718215803279 Response.sendData()	INFO: DENTRO DE APPLICATION
240718215803280 Response.sendData()	INFO: Post Params ARRAY: [name=POST+-+application%2Fx-www-form-urlencoded, email=lab02%40galileo.edu]
240718215803280 Response.sendData()	INFO: Post Params ARRAY: 2
240718215803281 Response.sendData()	INFO: POST PAIRS MAP: {name=POST - application/x-www-form-urlencoded, email=lab02@galileo.edu}
240718215803281 Response.sendData()	INFO: method: POST
240718215803282 Response.sendData()	INFO: path: /test02/displayFields.cc8
240718215803283 Response.sendData()	INFO: fileContentType: application/octet-stream
240718215803283 Response.sendData()	INFO: extension: cc8
240718215803284 Response.sendData()	INFO: fileContentType: text/html
240718215803284 Response.sendData()	INFO: GET: []
240718215803285 Response.sendData()	INFO: GET MAP: {}
240718215803285 Response.sendData()	INFO: POST PARAMS: name=POST+-+application%2Fx-www-form-urlencoded&email=lab02%40galileo.edu
240718215803286 Response.sendData()	INFO: POST PARAMS MAP: {name=POST - application/x-www-form-urlencoded, email=lab02@galileo.edu}
240718215803286 Response.sendData()	INFO: POST PARAMS MAP`KEYS: [name, email]
240718215803288 ThreadServer.run()	INFO: (13) > Thread :: Time: 14 milliseconds
240718215803288 ThreadServer.run()	INFO: (13) > END #
240718215808294 ThreadServer.run()	INFO: (13) > Thread waiting for new client....
