240718182506594 ThreadServer.run()	INFO: (13) > Thread waiting for new client....
240718182513452 ThreadServer.run()	INFO: (13) > Thread Accepting connection >
240718182513453 Request.getData()	INFO: (13) request: [GET /favicon.ico HTTP/1.1, Host: localhost:1000, Connection: keep-alive, sec-ch-ua: "Not/A)Brand";v="8", "Chromium";v="126", "Google Chrome";v="126", sec-ch-ua-mobile: ?0, User-Agent: Mozilla/5.0 (Windows NT 10.0; Win64; x64) AppleWebKit/537.36 (KHTML, like Gecko) Chrome/126.0.0.0 Safari/537.36, sec-ch-ua-platform: "Windows", Accept: */*, Sec-Fetch-Site: same-origin, Sec-Fetch-Mode: cors, Sec-Fetch-Dest: empty, Referer: http://localhost:1000/test02/, Accept-Encoding: gzip, deflate, br, zstd, Accept-Language: es-US,es;q=0.9,es-419;q=0.8,en;q=0.7, ]
240718182513455 Response.sendData()	INFO: GET /favicon.ico HTTP/1.1 || Host: localhost:1000 || Connection: keep-alive || sec-ch-ua: "Not/A)Brand";v="8", "Chromium";v="126", "Google Chrome";v="126" || sec-ch-ua-mobile: ?0 || User-Agent: Mozilla/5.0 (Windows NT 10.0; Win64; x64) AppleWebKit/537.36 (KHTML, like Gecko) Chrome/126.0.0.0 Safari/537.36 || sec-ch-ua-platform: "Windows" || Accept: */* || Sec-Fetch-Site: same-origin || Sec-Fetch-Mode: cors || Sec-Fetch-Dest: empty || Referer: http://localhost:1000/test02/ || Accept-Encoding: gzip, deflate, br, zstd || Accept-Language: es-US,es;q=0.9,es-419;q=0.8,en;q=0.7 || 
240718182513457 Response.sendData()	INFO: GET /favicon.ico HTTP/1.1 
240718182513466 Response.sendData()	INFO:  Host: localhost:1000 
240718182513468 Response.sendData()	INFO:  
240718182513469 Response.sendData()	INFO: path: /favicon.ico
240718182513470 Response.sendData()	INFO: POST PARAMS :  
240718182513470 Response.sendData()	INFO: POST PAIRS MAP: {}
240718182513471 Response.sendData()	INFO: method: GET
240718182513472 Response.sendData()	INFO: path: /favicon.ico
240718182513474 Response.sendData()	INFO: NO SE ENCONTRÓ EL ARCHIVO SOLICITADO. (/favicon.ico)
240718182513475 Response.sendData()	INFO: fileContentType: application/octet-stream
240718182513475 Response.sendData()	INFO: extension: ico
240718182513476 Response.sendData()	INFO: fileContentType: application/octet-stream
240718182513477 Response.sendData()	INFO: GET: []
240718182513478 Response.sendData()	INFO: GET MAP: {}
240718182513479 Response.sendData()	INFO: POST PARAMS :  
240718182513481 Response.sendData()	INFO: NO SE ENCONTRÓ EL ARCHIVO SOLICITADO. (/favicon.ico)
240718182513482 ThreadServer.run()	INFO: (13) > Thread :: Time: 29 milliseconds
240718182513483 ThreadServer.run()	INFO: (13) > END #
240718182518487 ThreadServer.run()	INFO: (13) > Thread waiting for new client....
