240718201912301 ThreadServer.run()	INFO: (13) > Thread waiting for new client....
240718201925729 ThreadServer.run()	INFO: (13) > Thread Accepting connection >
240718201925730 Request.getData()	INFO: (13) request: [POST /test02/displayFields.cc8 HTTP/1.1, Host: localhost:1000, Connection: keep-alive, Content-Length: 270, Cache-Control: max-age=0, sec-ch-ua: "Not/A)Brand";v="8", "Chromium";v="126", "Google Chrome";v="126", sec-ch-ua-mobile: ?0, sec-ch-ua-platform: "Windows", Upgrade-Insecure-Requests: 1, Origin: http://localhost:1000, Content-Type: multipart/form-data; boundary=----WebKitFormBoundaryVXjDgkQx6uoMlps0, User-Agent: Mozilla/5.0 (Windows NT 10.0; Win64; x64) AppleWebKit/537.36 (KHTML, like Gecko) Chrome/126.0.0.0 Safari/537.36, Accept: text/html,application/xhtml+xml,application/xml;q=0.9,image/avif,image/webp,image/apng,*/*;q=0.8,application/signed-exchange;v=b3;q=0.7, Sec-Fetch-Site: same-origin, Sec-Fetch-Mode: navigate, Sec-Fetch-User: ?1, Sec-Fetch-Dest: document, Referer: http://localhost:1000/test02, Accept-Encoding: gzip, deflate, br, zstd, Accept-Language: es-US,es;q=0.9,es-419;q=0.8,en;q=0.7, ------WebKitFormBoundaryVXjDgkQx6uoMlps0
Content-Disposition: form-data; name="name"

POST - multipart/form-data
------WebKitFormBoundaryVXjDgkQx6uoMlps0
Content-Disposition: form-data; name="email"

lab02@galileo.edu
------WebKitFormBoundaryVXjDgkQx6uoMlps0--
]
240718201925734 Response.sendData()	INFO: POST /test02/displayFields.cc8 HTTP/1.1 || Host: localhost:1000 || Connection: keep-alive || Content-Length: 270 || Cache-Control: max-age=0 || sec-ch-ua: "Not/A)Brand";v="8", "Chromium";v="126", "Google Chrome";v="126" || sec-ch-ua-mobile: ?0 || sec-ch-ua-platform: "Windows" || Upgrade-Insecure-Requests: 1 || Origin: http://localhost:1000 || Content-Type: multipart/form-data; boundary=----WebKitFormBoundaryVXjDgkQx6uoMlps0 || User-Agent: Mozilla/5.0 (Windows NT 10.0; Win64; x64) AppleWebKit/537.36 (KHTML, like Gecko) Chrome/126.0.0.0 Safari/537.36 || Accept: text/html,application/xhtml+xml,application/xml;q=0.9,image/avif,image/webp,image/apng,*/*;q=0.8,application/signed-exchange;v=b3;q=0.7 || Sec-Fetch-Site: same-origin || Sec-Fetch-Mode: navigate || Sec-Fetch-User: ?1 || Sec-Fetch-Dest: document || Referer: http://localhost:1000/test02 || Accept-Encoding: gzip, deflate, br, zstd || Accept-Language: es-US,es;q=0.9,es-419;q=0.8,en;q=0.7 || ------WebKitFormBoundaryVXjDgkQx6uoMlps0
Content-Disposition: form-data; name="name"

POST - multipart/form-data
------WebKitFormBoundaryVXjDgkQx6uoMlps0
Content-Disposition: form-data; name="email"

lab02@galileo.edu
------WebKitFormBoundaryVXjDgkQx6uoMlps0--

240718201925737 Response.sendData()	INFO: POST /test02/displayFields.cc8 HTTP/1.1 
240718201925738 Response.sendData()	INFO:  Host: localhost:1000 
240718201925739 Response.sendData()	INFO:  ------WebKitFormBoundaryVXjDgkQx6uoMlps0
Content-Disposition: form-data; name="name"

POST - multipart/form-data
------WebKitFormBoundaryVXjDgkQx6uoMlps0
Content-Disposition: form-data; name="email"

lab02@galileo.edu
------WebKitFormBoundaryVXjDgkQx6uoMlps0--

240718201925741 Response.sendData()	INFO: path: /test02/displayFields.cc8
240718201925742 Response.sendData()	INFO: POST PARAMS : ------WebKitFormBoundaryVXjDgkQx6uoMlps0
Content-Disposition: form-data; name="name"

POST - multipart/form-data
------WebKitFormBoundaryVXjDgkQx6uoMlps0
Content-Disposition: form-data; name="email"

lab02@galileo.edu
------WebKitFormBoundaryVXjDgkQx6uoMlps0--
240718201925744 Response.sendData()	INFO: POST PAIRS MAP: {name="name"

POST - multipart/form-data
------WebKitFormBoundaryVXjDgkQx6uoMlps0
Content-Disposition: form-data; name="email"

lab02@galileo.edu
------WebKitFormBoundaryVXjDgkQx6uoMlps0--}
240718201925746 Response.sendData()	INFO: method: POST
240718201925746 Response.sendData()	INFO: path: /test02/displayFields.cc8
240718201925747 Response.sendData()	INFO: fileContentType: application/octet-stream
240718201925747 Response.sendData()	INFO: extension: cc8
240718201925748 Response.sendData()	INFO: fileContentType: text/html
240718201925748 Response.sendData()	INFO: GET: []
240718201925748 Response.sendData()	INFO: GET MAP: {}
240718201925749 Response.sendData()	INFO: POST PARAMS: ------WebKitFormBoundaryVXjDgkQx6uoMlps0
Content-Disposition: form-data; name="name"

POST - multipart/form-data
------WebKitFormBoundaryVXjDgkQx6uoMlps0
Content-Disposition: form-data; name="email"

lab02@galileo.edu
------WebKitFormBoundaryVXjDgkQx6uoMlps0--
240718201925750 Response.sendData()	INFO: POST PARAMS MAP: {name="name"

POST - multipart/form-data
------WebKitFormBoundaryVXjDgkQx6uoMlps0
Content-Disposition: form-data; name="email"

lab02@galileo.edu
------WebKitFormBoundaryVXjDgkQx6uoMlps0--}
240718201925752 Response.sendData()	INFO: POST PARAMS MAP`KEYS: [name]
240718201925753 ThreadServer.run()	INFO: (13) > Thread :: Time: 23 milliseconds
240718201925754 ThreadServer.run()	INFO: (13) > END #
240718201930759 ThreadServer.run()	INFO: (13) > Thread waiting for new client....
