240718182739080 ThreadServer.run()	INFO: (13) > Thread waiting for new client....
240718182745827 ThreadServer.run()	INFO: (13) > Thread Accepting connection >
240718182745829 Request.getData()	INFO: (13) request: [GET /test02/displayFields.cc8?name=GET+-+text%2Fplain&email=lab02%40galileo.edu HTTP/1.1, Host: localhost:1000, Connection: keep-alive, sec-ch-ua: "Not/A)Brand";v="8", "Chromium";v="126", "Google Chrome";v="126", sec-ch-ua-mobile: ?0, sec-ch-ua-platform: "Windows", Upgrade-Insecure-Requests: 1, User-Agent: Mozilla/5.0 (Windows NT 10.0; Win64; x64) AppleWebKit/537.36 (KHTML, like Gecko) Chrome/126.0.0.0 Safari/537.36, Accept: text/html,application/xhtml+xml,application/xml;q=0.9,image/avif,image/webp,image/apng,*/*;q=0.8,application/signed-exchange;v=b3;q=0.7, Sec-Fetch-Site: same-origin, Sec-Fetch-Mode: navigate, Sec-Fetch-User: ?1, Sec-Fetch-Dest: document, Referer: http://localhost:1000/test02/, Accept-Encoding: gzip, deflate, br, zstd, Accept-Language: es-US,es;q=0.9,es-419;q=0.8,en;q=0.7, ]
240718182745831 Response.sendData()	INFO: GET /test02/displayFields.cc8?name=GET+-+text%2Fplain&email=lab02%40galileo.edu HTTP/1.1 || Host: localhost:1000 || Connection: keep-alive || sec-ch-ua: "Not/A)Brand";v="8", "Chromium";v="126", "Google Chrome";v="126" || sec-ch-ua-mobile: ?0 || sec-ch-ua-platform: "Windows" || Upgrade-Insecure-Requests: 1 || User-Agent: Mozilla/5.0 (Windows NT 10.0; Win64; x64) AppleWebKit/537.36 (KHTML, like Gecko) Chrome/126.0.0.0 Safari/537.36 || Accept: text/html,application/xhtml+xml,application/xml;q=0.9,image/avif,image/webp,image/apng,*/*;q=0.8,application/signed-exchange;v=b3;q=0.7 || Sec-Fetch-Site: same-origin || Sec-Fetch-Mode: navigate || Sec-Fetch-User: ?1 || Sec-Fetch-Dest: document || Referer: http://localhost:1000/test02/ || Accept-Encoding: gzip, deflate, br, zstd || Accept-Language: es-US,es;q=0.9,es-419;q=0.8,en;q=0.7 || 
240718182745832 Response.sendData()	INFO: GET /test02/displayFields.cc8?name=GET+-+text%2Fplain&email=lab02%40galileo.edu HTTP/1.1 
240718182745833 Response.sendData()	INFO:  Host: localhost:1000 
240718182745834 Response.sendData()	INFO:  
240718182745834 Response.sendData()	INFO: path: /test02/displayFields.cc8?name=GET+-+text%2Fplain&email=lab02%40galileo.edu
240718182745836 Response.sendData()	INFO: POST PARAMS :  
240718182745836 Response.sendData()	INFO: POST PAIRS MAP: {}
240718182745837 Response.sendData()	INFO: method: GET
240718182745837 Response.sendData()	INFO: path: /test02/displayFields.cc8
240718182745838 Response.sendData()	INFO: fileContentType: application/octet-stream
240718182745839 Response.sendData()	INFO: extension: cc8
240718182745840 Response.sendData()	INFO: fileContentType: text/html
240718182745840 Response.sendData()	INFO: GET: [name=GET+-+text%2Fplain, email=lab02%40galileo.edu]
240718182745840 Response.sendData()	INFO: GET MAP: {name=GET - text/plain, email=lab02@galileo.edu}
240718182745841 Response.sendData()	INFO: POST PARAMS:  
240718182745841 Response.sendData()	INFO: POST PARAMS MAP: {}
240718182745842 ThreadServer.run()	INFO: (13) > Thread :: Time: 14 milliseconds
240718182745842 ThreadServer.run()	INFO: (13) > END #
240718182750855 ThreadServer.run()	INFO: (13) > Thread waiting for new client....
