240718182739082 ThreadServer.run()	INFO: (14) > Thread waiting for new client....
240718182743852 ThreadServer.run()	INFO: (14) > Thread Accepting connection >
240718182743855 Request.getData()	INFO: (14) request: [GET /favicon.ico HTTP/1.1, Host: localhost:1000, Connection: keep-alive, sec-ch-ua: "Not/A)Brand";v="8", "Chromium";v="126", "Google Chrome";v="126", sec-ch-ua-mobile: ?0, User-Agent: Mozilla/5.0 (Windows NT 10.0; Win64; x64) AppleWebKit/537.36 (KHTML, like Gecko) Chrome/126.0.0.0 Safari/537.36, sec-ch-ua-platform: "Windows", Accept: */*, Sec-Fetch-Site: same-origin, Sec-Fetch-Mode: cors, Sec-Fetch-Dest: empty, Referer: http://localhost:1000/test02/, Accept-Encoding: gzip, deflate, br, zstd, Accept-Language: es-US,es;q=0.9,es-419;q=0.8,en;q=0.7, ]
240718182743857 Response.sendData()	INFO: GET /favicon.ico HTTP/1.1 || Host: localhost:1000 || Connection: keep-alive || sec-ch-ua: "Not/A)Brand";v="8", "Chromium";v="126", "Google Chrome";v="126" || sec-ch-ua-mobile: ?0 || User-Agent: Mozilla/5.0 (Windows NT 10.0; Win64; x64) AppleWebKit/537.36 (KHTML, like Gecko) Chrome/126.0.0.0 Safari/537.36 || sec-ch-ua-platform: "Windows" || Accept: */* || Sec-Fetch-Site: same-origin || Sec-Fetch-Mode: cors || Sec-Fetch-Dest: empty || Referer: http://localhost:1000/test02/ || Accept-Encoding: gzip, deflate, br, zstd || Accept-Language: es-US,es;q=0.9,es-419;q=0.8,en;q=0.7 || 
240718182743858 Response.sendData()	INFO: GET /favicon.ico HTTP/1.1 
240718182743860 Response.sendData()	INFO:  Host: localhost:1000 
240718182743861 Response.sendData()	INFO:  
240718182743862 Response.sendData()	INFO: path: /favicon.ico
240718182743863 Response.sendData()	INFO: POST PARAMS :  
240718182743865 Response.sendData()	INFO: POST PAIRS MAP: {}
240718182743866 Response.sendData()	INFO: method: GET
240718182743867 Response.sendData()	INFO: path: /favicon.ico
240718182743869 Response.sendData()	INFO: NO SE ENCONTRÓ EL ARCHIVO SOLICITADO. (/favicon.ico)
240718182743870 Response.sendData()	INFO: fileContentType: application/octet-stream
240718182743871 Response.sendData()	INFO: extension: ico
240718182743872 Response.sendData()	INFO: fileContentType: application/octet-stream
240718182743873 Response.sendData()	INFO: GET: []
240718182743874 Response.sendData()	INFO: GET MAP: {}
240718182743878 Response.sendData()	INFO: POST PARAMS:  
240718182743886 Response.sendData()	INFO: POST PARAMS MAP: {}
240718182743893 Response.sendData()	INFO: NO SE ENCONTRÓ EL ARCHIVO SOLICITADO. (/favicon.ico)
240718182743899 ThreadServer.run()	INFO: (14) > Thread :: Time: 45 milliseconds
240718182743904 ThreadServer.run()	INFO: (14) > END #
240718182748916 ThreadServer.run()	INFO: (14) > Thread waiting for new client....
