240718182506592 ThreadServer.run()	INFO: (14) > Thread waiting for new client....
240718182513483 ThreadServer.run()	INFO: (14) > Thread Accepting connection >
240718182513485 Request.getData()	INFO: (14) request: [GET /favicon.ico HTTP/1.1, Host: localhost:1000, Connection: keep-alive, sec-ch-ua: "Not/A)Brand";v="8", "Chromium";v="126", "Google Chrome";v="126", sec-ch-ua-mobile: ?0, User-Agent: Mozilla/5.0 (Windows NT 10.0; Win64; x64) AppleWebKit/537.36 (KHTML, like Gecko) Chrome/126.0.0.0 Safari/537.36, sec-ch-ua-platform: "Windows", Accept: image/avif,image/webp,image/apng,image/svg+xml,image/*,*/*;q=0.8, Sec-Fetch-Site: same-origin, Sec-Fetch-Mode: no-cors, Sec-Fetch-Dest: image, Referer: http://localhost:1000/test02/, Accept-Encoding: gzip, deflate, br, zstd, Accept-Language: es-US,es;q=0.9,es-419;q=0.8,en;q=0.7, ]
240718182513486 Response.sendData()	INFO: GET /favicon.ico HTTP/1.1 || Host: localhost:1000 || Connection: keep-alive || sec-ch-ua: "Not/A)Brand";v="8", "Chromium";v="126", "Google Chrome";v="126" || sec-ch-ua-mobile: ?0 || User-Agent: Mozilla/5.0 (Windows NT 10.0; Win64; x64) AppleWebKit/537.36 (KHTML, like Gecko) Chrome/126.0.0.0 Safari/537.36 || sec-ch-ua-platform: "Windows" || Accept: image/avif,image/webp,image/apng,image/svg+xml,image/*,*/*;q=0.8 || Sec-Fetch-Site: same-origin || Sec-Fetch-Mode: no-cors || Sec-Fetch-Dest: image || Referer: http://localhost:1000/test02/ || Accept-Encoding: gzip, deflate, br, zstd || Accept-Language: es-US,es;q=0.9,es-419;q=0.8,en;q=0.7 || 
240718182513488 Response.sendData()	INFO: GET /favicon.ico HTTP/1.1 
240718182513489 Response.sendData()	INFO:  Host: localhost:1000 
240718182513489 Response.sendData()	INFO:  
240718182513490 Response.sendData()	INFO: path: /favicon.ico
240718182513491 Response.sendData()	INFO: POST PARAMS :  
240718182513492 Response.sendData()	INFO: POST PAIRS MAP: {}
240718182513492 Response.sendData()	INFO: method: GET
240718182513494 Response.sendData()	INFO: path: /favicon.ico
240718182513495 Response.sendData()	INFO: NO SE ENCONTRÓ EL ARCHIVO SOLICITADO. (/favicon.ico)
240718182513496 Response.sendData()	INFO: fileContentType: application/octet-stream
240718182513496 Response.sendData()	INFO: extension: ico
240718182513497 Response.sendData()	INFO: fileContentType: application/octet-stream
240718182513498 Response.sendData()	INFO: GET: []
240718182513499 Response.sendData()	INFO: GET MAP: {}
240718182513500 Response.sendData()	INFO: POST PARAMS :  
240718182513501 Response.sendData()	INFO: NO SE ENCONTRÓ EL ARCHIVO SOLICITADO. (/favicon.ico)
240718182513503 ThreadServer.run()	INFO: (14) > Thread :: Time: 18 milliseconds
240718182513504 ThreadServer.run()	INFO: (14) > END #
240718182518519 ThreadServer.run()	INFO: (14) > Thread waiting for new client....
