240718221434245 ThreadServer.run()	INFO: (14) > Thread waiting for new client....
240718221453825 ThreadServer.run()	INFO: (14) > Thread Accepting connection >
240718221453828 Request.getData()	INFO: (14) request: [GET /test03/assets/img/portfolio/home-port9.png HTTP/1.1, Host: localhost:1000, Connection: keep-alive, sec-ch-ua: "Not/A)Brand";v="8", "Chromium";v="126", "Google Chrome";v="126", sec-ch-ua-mobile: ?0, User-Agent: Mozilla/5.0 (Windows NT 10.0; Win64; x64) AppleWebKit/537.36 (KHTML, like Gecko) Chrome/126.0.0.0 Safari/537.36, sec-ch-ua-platform: "Windows", Accept: image/avif,image/webp,image/apng,image/svg+xml,image/*,*/*;q=0.8, Sec-Fetch-Site: same-origin, Sec-Fetch-Mode: no-cors, Sec-Fetch-Dest: image, Referer: http://localhost:1000/test03/, Accept-Encoding: gzip, deflate, br, zstd, Accept-Language: es-US,es;q=0.9,es-419;q=0.8,en;q=0.7, ]
240718221453829 Response.sendData()	INFO: GET /test03/assets/img/portfolio/home-port9.png HTTP/1.1 || Host: localhost:1000 || Connection: keep-alive || sec-ch-ua: "Not/A)Brand";v="8", "Chromium";v="126", "Google Chrome";v="126" || sec-ch-ua-mobile: ?0 || User-Agent: Mozilla/5.0 (Windows NT 10.0; Win64; x64) AppleWebKit/537.36 (KHTML, like Gecko) Chrome/126.0.0.0 Safari/537.36 || sec-ch-ua-platform: "Windows" || Accept: image/avif,image/webp,image/apng,image/svg+xml,image/*,*/*;q=0.8 || Sec-Fetch-Site: same-origin || Sec-Fetch-Mode: no-cors || Sec-Fetch-Dest: image || Referer: http://localhost:1000/test03/ || Accept-Encoding: gzip, deflate, br, zstd || Accept-Language: es-US,es;q=0.9,es-419;q=0.8,en;q=0.7 || 
240718221453831 Response.sendData()	INFO: requestContentType: 
240718221453832 Response.sendData()	INFO: GET /test03/assets/img/portfolio/home-port9.png HTTP/1.1 
240718221453833 Response.sendData()	INFO:  Host: localhost:1000 
240718221453834 Response.sendData()	INFO:  
240718221453836 Response.sendData()	INFO: path: /test03/assets/img/portfolio/home-port9.png
240718221453838 Response.sendData()	INFO: POST PARAMS : 
240718221453839 Response.sendData()	INFO: POST PAIRS MAP: {}
240718221453840 Response.sendData()	INFO: method: GET
240718221453841 Response.sendData()	INFO: path: /test03/assets/img/portfolio/home-port9.png
240718221453843 Response.sendData()	INFO: fileContentType: image/png
240718221453844 Response.sendData()	INFO: extension: png
240718221453844 Response.sendData()	INFO: fileContentType: image/png
240718221453844 Response.sendData()	INFO: GET: []
240718221453845 Response.sendData()	INFO: GET MAP: {}
240718221453845 Response.sendData()	INFO: POST PARAMS: 
240718221453845 Response.sendData()	INFO: POST PARAMS MAP: {}
240718221453845 Response.sendData()	INFO: POST PARAMS MAP`KEYS: []
240718221453846 ThreadServer.run()	INFO: (14) > Thread :: Time: 19 milliseconds
240718221453847 ThreadServer.run()	INFO: (14) > END #
240718221458857 ThreadServer.run()	INFO: (14) > Thread waiting for new client....
240718221541106 ThreadServer.run()	INFO: (14) > Thread Accepting connection >
240718221541109 Request.getData()	INFO: (14) request: [GET /test03/assets/css/et-line.css HTTP/1.1, Host: localhost:1000, Connection: keep-alive, sec-ch-ua: "Not/A)Brand";v="8", "Chromium";v="126", "Google Chrome";v="126", sec-ch-ua-mobile: ?0, User-Agent: Mozilla/5.0 (Windows NT 10.0; Win64; x64) AppleWebKit/537.36 (KHTML, like Gecko) Chrome/126.0.0.0 Safari/537.36, sec-ch-ua-platform: "Windows", Accept: text/css,*/*;q=0.1, Sec-Fetch-Site: same-origin, Sec-Fetch-Mode: no-cors, Sec-Fetch-Dest: style, Referer: http://localhost:1000/test03/blog.html, Accept-Encoding: gzip, deflate, br, zstd, Accept-Language: es-US,es;q=0.9,es-419;q=0.8,en;q=0.7, ]
240718221541111 Response.sendData()	INFO: GET /test03/assets/css/et-line.css HTTP/1.1 || Host: localhost:1000 || Connection: keep-alive || sec-ch-ua: "Not/A)Brand";v="8", "Chromium";v="126", "Google Chrome";v="126" || sec-ch-ua-mobile: ?0 || User-Agent: Mozilla/5.0 (Windows NT 10.0; Win64; x64) AppleWebKit/537.36 (KHTML, like Gecko) Chrome/126.0.0.0 Safari/537.36 || sec-ch-ua-platform: "Windows" || Accept: text/css,*/*;q=0.1 || Sec-Fetch-Site: same-origin || Sec-Fetch-Mode: no-cors || Sec-Fetch-Dest: style || Referer: http://localhost:1000/test03/blog.html || Accept-Encoding: gzip, deflate, br, zstd || Accept-Language: es-US,es;q=0.9,es-419;q=0.8,en;q=0.7 || 
240718221541113 Response.sendData()	INFO: requestContentType: 
240718221541114 Response.sendData()	INFO: GET /test03/assets/css/et-line.css HTTP/1.1 
240718221541114 Response.sendData()	INFO:  Host: localhost:1000 
240718221541114 Response.sendData()	INFO:  
240718221541116 Response.sendData()	INFO: path: /test03/assets/css/et-line.css
240718221541117 Response.sendData()	INFO: POST PARAMS : 
240718221541117 Response.sendData()	INFO: POST PAIRS MAP: {}
240718221541117 Response.sendData()	INFO: method: GET
240718221541118 Response.sendData()	INFO: path: /test03/assets/css/et-line.css
240718221541119 Response.sendData()	INFO: fileContentType: text/css
240718221541122 Response.sendData()	INFO: extension: css
240718221541124 Response.sendData()	INFO: fileContentType: text/css
240718221541125 Response.sendData()	INFO: GET: []
240718221541127 Response.sendData()	INFO: GET MAP: {}
240718221541130 Response.sendData()	INFO: POST PARAMS: 
240718221541134 Response.sendData()	INFO: POST PARAMS MAP: {}
240718221541140 Response.sendData()	INFO: POST PARAMS MAP`KEYS: []
240718221541148 ThreadServer.run()	INFO: (14) > Thread :: Time: 39 milliseconds
240718221541151 ThreadServer.run()	INFO: (14) > END #
240718221546157 ThreadServer.run()	INFO: (14) > Thread waiting for new client....
240718221559862 ThreadServer.run()	INFO: (14) > Thread Accepting connection >
240718221559862 Request.getData()	INFO: (14) request: [GET /favicon.ico HTTP/1.1, Host: localhost:1000, Connection: keep-alive, sec-ch-ua: "Not/A)Brand";v="8", "Chromium";v="126", "Google Chrome";v="126", sec-ch-ua-mobile: ?0, User-Agent: Mozilla/5.0 (Windows NT 10.0; Win64; x64) AppleWebKit/537.36 (KHTML, like Gecko) Chrome/126.0.0.0 Safari/537.36, sec-ch-ua-platform: "Windows", Accept: */*, Sec-Fetch-Site: same-origin, Sec-Fetch-Mode: cors, Sec-Fetch-Dest: empty, Referer: http://localhost:1000/test02, Accept-Encoding: gzip, deflate, br, zstd, Accept-Language: es-US,es;q=0.9,es-419;q=0.8,en;q=0.7, ]
240718221559863 Response.sendData()	INFO: GET /favicon.ico HTTP/1.1 || Host: localhost:1000 || Connection: keep-alive || sec-ch-ua: "Not/A)Brand";v="8", "Chromium";v="126", "Google Chrome";v="126" || sec-ch-ua-mobile: ?0 || User-Agent: Mozilla/5.0 (Windows NT 10.0; Win64; x64) AppleWebKit/537.36 (KHTML, like Gecko) Chrome/126.0.0.0 Safari/537.36 || sec-ch-ua-platform: "Windows" || Accept: */* || Sec-Fetch-Site: same-origin || Sec-Fetch-Mode: cors || Sec-Fetch-Dest: empty || Referer: http://localhost:1000/test02 || Accept-Encoding: gzip, deflate, br, zstd || Accept-Language: es-US,es;q=0.9,es-419;q=0.8,en;q=0.7 || 
240718221559864 Response.sendData()	INFO: requestContentType: 
240718221559865 Response.sendData()	INFO: GET /favicon.ico HTTP/1.1 
240718221559865 Response.sendData()	INFO:  Host: localhost:1000 
240718221559865 Response.sendData()	INFO:  
240718221559865 Response.sendData()	INFO: path: /favicon.ico
240718221559866 Response.sendData()	INFO: POST PARAMS : 
240718221559866 Response.sendData()	INFO: POST PAIRS MAP: {}
240718221559866 Response.sendData()	INFO: method: GET
240718221559867 Response.sendData()	INFO: path: /favicon.ico
240718221559867 Response.sendData()	INFO: NO SE ENCONTRÓ EL ARCHIVO SOLICITADO. (/favicon.ico)
240718221559868 Response.sendData()	INFO: fileContentType: application/octet-stream
240718221559868 Response.sendData()	INFO: extension: ico
240718221559868 Response.sendData()	INFO: fileContentType: application/octet-stream
240718221559869 Response.sendData()	INFO: GET: []
240718221559869 Response.sendData()	INFO: GET MAP: {}
240718221559869 Response.sendData()	INFO: POST PARAMS: 
240718221559869 Response.sendData()	INFO: POST PARAMS MAP: {}
240718221559870 Response.sendData()	INFO: POST PARAMS MAP`KEYS: []
240718221559870 Response.sendData()	INFO: NO SE ENCONTRÓ EL ARCHIVO SOLICITADO. (/favicon.ico)
240718221559871 ThreadServer.run()	INFO: (14) > Thread :: Time: 9 milliseconds
240718221559871 ThreadServer.run()	INFO: (14) > END #
240718221604881 ThreadServer.run()	INFO: (14) > Thread waiting for new client....
