240718213650301 ThreadServer.run()	INFO: (14) > Thread waiting for new client....
240718213701256 ThreadServer.run()	INFO: (14) > Thread Accepting connection >
240718213701257 Request.getData()	INFO: (14) request: [GET /test02 HTTP/1.1, Host: localhost:1000, Connection: keep-alive, sec-ch-ua: "Not/A)Brand";v="8", "Chromium";v="126", "Google Chrome";v="126", sec-ch-ua-mobile: ?0, sec-ch-ua-platform: "Windows", Upgrade-Insecure-Requests: 1, User-Agent: Mozilla/5.0 (Windows NT 10.0; Win64; x64) AppleWebKit/537.36 (KHTML, like Gecko) Chrome/126.0.0.0 Safari/537.36, Accept: text/html,application/xhtml+xml,application/xml;q=0.9,image/avif,image/webp,image/apng,*/*;q=0.8,application/signed-exchange;v=b3;q=0.7, Sec-Fetch-Site: same-origin, Sec-Fetch-Mode: navigate, Sec-Fetch-User: ?1, Sec-Fetch-Dest: document, Referer: http://localhost:1000/test02/displayFields.cc8?name=GET+-+text%2Fplain&email=lab02%40galileo.edu, Accept-Encoding: gzip, deflate, br, zstd, Accept-Language: es-US,es;q=0.9,es-419;q=0.8,en;q=0.7, ]
240718213701258 Response.sendData()	INFO: GET /test02 HTTP/1.1 || Host: localhost:1000 || Connection: keep-alive || sec-ch-ua: "Not/A)Brand";v="8", "Chromium";v="126", "Google Chrome";v="126" || sec-ch-ua-mobile: ?0 || sec-ch-ua-platform: "Windows" || Upgrade-Insecure-Requests: 1 || User-Agent: Mozilla/5.0 (Windows NT 10.0; Win64; x64) AppleWebKit/537.36 (KHTML, like Gecko) Chrome/126.0.0.0 Safari/537.36 || Accept: text/html,application/xhtml+xml,application/xml;q=0.9,image/avif,image/webp,image/apng,*/*;q=0.8,application/signed-exchange;v=b3;q=0.7 || Sec-Fetch-Site: same-origin || Sec-Fetch-Mode: navigate || Sec-Fetch-User: ?1 || Sec-Fetch-Dest: document || Referer: http://localhost:1000/test02/displayFields.cc8?name=GET+-+text%2Fplain&email=lab02%40galileo.edu || Accept-Encoding: gzip, deflate, br, zstd || Accept-Language: es-US,es;q=0.9,es-419;q=0.8,en;q=0.7 || 
240718213701259 Response.sendData()	INFO: GET /test02 HTTP/1.1 
240718213701259 Response.sendData()	INFO:  Host: localhost:1000 
240718213701260 Response.sendData()	INFO:  
240718213701260 Response.sendData()	INFO: path: /test02
240718213701260 Response.sendData()	INFO: POST PARAMS : 
240718213701261 Response.sendData()	INFO: POST PAIRS MAP: {}
240718213701261 Response.sendData()	INFO: method: GET
240718213701262 Response.sendData()	INFO: path: /test02/index.html
240718213701262 Response.sendData()	INFO: fileContentType: text/html
240718213701263 Response.sendData()	INFO: extension: html
240718213701263 Response.sendData()	INFO: fileContentType: text/html
240718213701264 Response.sendData()	INFO: GET: []
240718213701264 Response.sendData()	INFO: GET MAP: {}
240718213701264 Response.sendData()	INFO: POST PARAMS: 
240718213701265 Response.sendData()	INFO: POST PARAMS MAP: {}
240718213701266 Response.sendData()	INFO: POST PARAMS MAP`KEYS: []
240718213701267 ThreadServer.run()	INFO: (14) > Thread :: Time: 11 milliseconds
240718213701267 ThreadServer.run()	INFO: (14) > END #
240718213706272 ThreadServer.run()	INFO: (14) > Thread waiting for new client....
