240718182506604 ThreadServer.run()	INFO: (15) > Thread waiting for new client....
240718182509091 ThreadServer.run()	INFO: (15) > Thread Accepting connection >
240718182509092 Request.getData()	INFO: (15) request: [GET /favicon.ico HTTP/1.1, Host: localhost:1000, Connection: keep-alive, sec-ch-ua: "Not/A)Brand";v="8", "Chromium";v="126", "Google Chrome";v="126", sec-ch-ua-mobile: ?0, User-Agent: Mozilla/5.0 (Windows NT 10.0; Win64; x64) AppleWebKit/537.36 (KHTML, like Gecko) Chrome/126.0.0.0 Safari/537.36, sec-ch-ua-platform: "Windows", Accept: */*, Sec-Fetch-Site: same-origin, Sec-Fetch-Mode: cors, Sec-Fetch-Dest: empty, Referer: http://localhost:1000/test02/, Accept-Encoding: gzip, deflate, br, zstd, Accept-Language: es-US,es;q=0.9,es-419;q=0.8,en;q=0.7, ]
240718182509095 Response.sendData()	INFO: GET /favicon.ico HTTP/1.1 || Host: localhost:1000 || Connection: keep-alive || sec-ch-ua: "Not/A)Brand";v="8", "Chromium";v="126", "Google Chrome";v="126" || sec-ch-ua-mobile: ?0 || User-Agent: Mozilla/5.0 (Windows NT 10.0; Win64; x64) AppleWebKit/537.36 (KHTML, like Gecko) Chrome/126.0.0.0 Safari/537.36 || sec-ch-ua-platform: "Windows" || Accept: */* || Sec-Fetch-Site: same-origin || Sec-Fetch-Mode: cors || Sec-Fetch-Dest: empty || Referer: http://localhost:1000/test02/ || Accept-Encoding: gzip, deflate, br, zstd || Accept-Language: es-US,es;q=0.9,es-419;q=0.8,en;q=0.7 || 
240718182509097 Response.sendData()	INFO: GET /favicon.ico HTTP/1.1 
240718182509098 Response.sendData()	INFO:  Host: localhost:1000 
240718182509099 Response.sendData()	INFO:  
240718182509100 Response.sendData()	INFO: path: /favicon.ico
240718182509101 Response.sendData()	INFO: POST PARAMS :  
240718182509102 Response.sendData()	INFO: POST PAIRS MAP: {}
240718182509104 Response.sendData()	INFO: method: GET
240718182509105 Response.sendData()	INFO: path: /favicon.ico
240718182509107 Response.sendData()	INFO: NO SE ENCONTRÓ EL ARCHIVO SOLICITADO. (/favicon.ico)
240718182509108 Response.sendData()	INFO: fileContentType: application/octet-stream
240718182509108 Response.sendData()	INFO: extension: ico
240718182509109 Response.sendData()	INFO: fileContentType: application/octet-stream
240718182509110 Response.sendData()	INFO: GET: []
240718182509111 Response.sendData()	INFO: GET MAP: {}
240718182509112 Response.sendData()	INFO: POST PARAMS :  
240718182509114 Response.sendData()	INFO: NO SE ENCONTRÓ EL ARCHIVO SOLICITADO. (/favicon.ico)
240718182509117 ThreadServer.run()	INFO: (15) > Thread :: Time: 24 milliseconds
240718182509117 ThreadServer.run()	INFO: (15) > END #
240718182514119 ThreadServer.run()	INFO: (15) > Thread waiting for new client....
