240718213650268 ThreadServer.run()	INFO: (15) > Thread waiting for new client....
240718213655939 ThreadServer.run()	INFO: (15) > Thread Accepting connection >
240718213655950 Request.getData()	INFO: (15) request: [GET /test02 HTTP/1.1, Host: localhost:1000, Connection: keep-alive, Cache-Control: max-age=0, sec-ch-ua: "Not/A)Brand";v="8", "Chromium";v="126", "Google Chrome";v="126", sec-ch-ua-mobile: ?0, sec-ch-ua-platform: "Windows", Upgrade-Insecure-Requests: 1, User-Agent: Mozilla/5.0 (Windows NT 10.0; Win64; x64) AppleWebKit/537.36 (KHTML, like Gecko) Chrome/126.0.0.0 Safari/537.36, Accept: text/html,application/xhtml+xml,application/xml;q=0.9,image/avif,image/webp,image/apng,*/*;q=0.8,application/signed-exchange;v=b3;q=0.7, Sec-Fetch-Site: same-origin, Sec-Fetch-Mode: navigate, Sec-Fetch-User: ?1, Sec-Fetch-Dest: document, Referer: http://localhost:1000/test02/displayFields.cc8?name=GET+-+multipart%2Fform-data&email=lab02%40galileo.edu, Accept-Encoding: gzip, deflate, br, zstd, Accept-Language: es-US,es;q=0.9,es-419;q=0.8,en;q=0.7, ]
240718213655955 Response.sendData()	INFO: GET /test02 HTTP/1.1 || Host: localhost:1000 || Connection: keep-alive || Cache-Control: max-age=0 || sec-ch-ua: "Not/A)Brand";v="8", "Chromium";v="126", "Google Chrome";v="126" || sec-ch-ua-mobile: ?0 || sec-ch-ua-platform: "Windows" || Upgrade-Insecure-Requests: 1 || User-Agent: Mozilla/5.0 (Windows NT 10.0; Win64; x64) AppleWebKit/537.36 (KHTML, like Gecko) Chrome/126.0.0.0 Safari/537.36 || Accept: text/html,application/xhtml+xml,application/xml;q=0.9,image/avif,image/webp,image/apng,*/*;q=0.8,application/signed-exchange;v=b3;q=0.7 || Sec-Fetch-Site: same-origin || Sec-Fetch-Mode: navigate || Sec-Fetch-User: ?1 || Sec-Fetch-Dest: document || Referer: http://localhost:1000/test02/displayFields.cc8?name=GET+-+multipart%2Fform-data&email=lab02%40galileo.edu || Accept-Encoding: gzip, deflate, br, zstd || Accept-Language: es-US,es;q=0.9,es-419;q=0.8,en;q=0.7 || 
240718213655958 Response.sendData()	INFO: GET /test02 HTTP/1.1 
240718213655959 Response.sendData()	INFO:  Host: localhost:1000 
240718213655960 Response.sendData()	INFO:  
240718213655962 Response.sendData()	INFO: path: /test02
240718213655963 Response.sendData()	INFO: POST PARAMS : 
240718213655965 Response.sendData()	INFO: POST PAIRS MAP: {}
240718213655967 Response.sendData()	INFO: method: GET
240718213655969 Response.sendData()	INFO: path: /test02/index.html
240718213655982 Response.sendData()	INFO: fileContentType: text/html
240718213655983 Response.sendData()	INFO: extension: html
240718213655985 Response.sendData()	INFO: fileContentType: text/html
240718213655986 Response.sendData()	INFO: GET: []
240718213655987 Response.sendData()	INFO: GET MAP: {}
240718213655988 Response.sendData()	INFO: POST PARAMS: 
240718213655988 Response.sendData()	INFO: POST PARAMS MAP: {}
240718213655989 Response.sendData()	INFO: POST PARAMS MAP`KEYS: []
240718213656019 ThreadServer.run()	INFO: (15) > Thread :: Time: 65 milliseconds
240718213656022 ThreadServer.run()	INFO: (15) > END #
240718213701027 ThreadServer.run()	INFO: (15) > Thread waiting for new client....
