240718220231658 ThreadServer.run()	INFO: (15) > Thread waiting for new client....
240718220233537 ThreadServer.run()	INFO: (15) > Thread Accepting connection >
240718220233547 Request.getData()	INFO: (15) request: [GET /test02 HTTP/1.1, Host: localhost:1000, Connection: keep-alive, sec-ch-ua: "Not/A)Brand";v="8", "Chromium";v="126", "Google Chrome";v="126", sec-ch-ua-mobile: ?0, sec-ch-ua-platform: "Windows", Upgrade-Insecure-Requests: 1, User-Agent: Mozilla/5.0 (Windows NT 10.0; Win64; x64) AppleWebKit/537.36 (KHTML, like Gecko) Chrome/126.0.0.0 Safari/537.36, Accept: text/html,application/xhtml+xml,application/xml;q=0.9,image/avif,image/webp,image/apng,*/*;q=0.8,application/signed-exchange;v=b3;q=0.7, Sec-Fetch-Site: same-origin, Sec-Fetch-Mode: navigate, Sec-Fetch-User: ?1, Sec-Fetch-Dest: document, Referer: http://localhost:1000/test02/displayFields.cc8, Accept-Encoding: gzip, deflate, br, zstd, Accept-Language: es-US,es;q=0.9,es-419;q=0.8,en;q=0.7, ]
240718220233552 Response.sendData()	INFO: GET /test02 HTTP/1.1 || Host: localhost:1000 || Connection: keep-alive || sec-ch-ua: "Not/A)Brand";v="8", "Chromium";v="126", "Google Chrome";v="126" || sec-ch-ua-mobile: ?0 || sec-ch-ua-platform: "Windows" || Upgrade-Insecure-Requests: 1 || User-Agent: Mozilla/5.0 (Windows NT 10.0; Win64; x64) AppleWebKit/537.36 (KHTML, like Gecko) Chrome/126.0.0.0 Safari/537.36 || Accept: text/html,application/xhtml+xml,application/xml;q=0.9,image/avif,image/webp,image/apng,*/*;q=0.8,application/signed-exchange;v=b3;q=0.7 || Sec-Fetch-Site: same-origin || Sec-Fetch-Mode: navigate || Sec-Fetch-User: ?1 || Sec-Fetch-Dest: document || Referer: http://localhost:1000/test02/displayFields.cc8 || Accept-Encoding: gzip, deflate, br, zstd || Accept-Language: es-US,es;q=0.9,es-419;q=0.8,en;q=0.7 || 
240718220233555 Response.sendData()	INFO: requestContentType: 
240718220233556 Response.sendData()	INFO: GET /test02 HTTP/1.1 
240718220233557 Response.sendData()	INFO:  Host: localhost:1000 
240718220233557 Response.sendData()	INFO:  
240718220233559 Response.sendData()	INFO: path: /test02
240718220233561 Response.sendData()	INFO: POST PARAMS : 
240718220233563 Response.sendData()	INFO: POST PAIRS MAP: {}
240718220233565 Response.sendData()	INFO: method: GET
240718220233566 Response.sendData()	INFO: path: /test02/index.html
240718220233585 Response.sendData()	INFO: fileContentType: text/html
240718220233587 Response.sendData()	INFO: extension: html
240718220233588 Response.sendData()	INFO: fileContentType: text/html
240718220233590 Response.sendData()	INFO: GET: []
240718220233591 Response.sendData()	INFO: GET MAP: {}
240718220233593 Response.sendData()	INFO: POST PARAMS: 
240718220233594 Response.sendData()	INFO: POST PARAMS MAP: {}
240718220233594 Response.sendData()	INFO: POST PARAMS MAP`KEYS: []
240718220233625 ThreadServer.run()	INFO: (15) > Thread :: Time: 71 milliseconds
240718220233628 ThreadServer.run()	INFO: (15) > END #
240718220238633 ThreadServer.run()	INFO: (15) > Thread waiting for new client....
