240718181725332 ThreadServer.run()	INFO: (15) > Thread waiting for new client....
240718181728695 ThreadServer.run()	INFO: (15) > Thread Accepting connection >
240718181728707 Request.getData()	INFO: (15) request: [GET /test02/ HTTP/1.1, Host: localhost:1000, Connection: keep-alive, Cache-Control: max-age=0, sec-ch-ua: "Not/A)Brand";v="8", "Chromium";v="126", "Google Chrome";v="126", sec-ch-ua-mobile: ?0, sec-ch-ua-platform: "Windows", Upgrade-Insecure-Requests: 1, User-Agent: Mozilla/5.0 (Windows NT 10.0; Win64; x64) AppleWebKit/537.36 (KHTML, like Gecko) Chrome/126.0.0.0 Safari/537.36, Accept: text/html,application/xhtml+xml,application/xml;q=0.9,image/avif,image/webp,image/apng,*/*;q=0.8,application/signed-exchange;v=b3;q=0.7, Sec-Fetch-Site: same-origin, Sec-Fetch-Mode: navigate, Sec-Fetch-User: ?1, Sec-Fetch-Dest: document, Referer: http://localhost:1000/, Accept-Encoding: gzip, deflate, br, zstd, Accept-Language: es-US,es;q=0.9,es-419;q=0.8,en;q=0.7, ]
240718181728713 Response.sendData()	INFO: GET /test02/ HTTP/1.1 || Host: localhost:1000 || Connection: keep-alive || Cache-Control: max-age=0 || sec-ch-ua: "Not/A)Brand";v="8", "Chromium";v="126", "Google Chrome";v="126" || sec-ch-ua-mobile: ?0 || sec-ch-ua-platform: "Windows" || Upgrade-Insecure-Requests: 1 || User-Agent: Mozilla/5.0 (Windows NT 10.0; Win64; x64) AppleWebKit/537.36 (KHTML, like Gecko) Chrome/126.0.0.0 Safari/537.36 || Accept: text/html,application/xhtml+xml,application/xml;q=0.9,image/avif,image/webp,image/apng,*/*;q=0.8,application/signed-exchange;v=b3;q=0.7 || Sec-Fetch-Site: same-origin || Sec-Fetch-Mode: navigate || Sec-Fetch-User: ?1 || Sec-Fetch-Dest: document || Referer: http://localhost:1000/ || Accept-Encoding: gzip, deflate, br, zstd || Accept-Language: es-US,es;q=0.9,es-419;q=0.8,en;q=0.7 || 
240718181728716 Response.sendData()	INFO: GET /test02/ HTTP/1.1 
240718181728718 Response.sendData()	INFO:  Host: localhost:1000 
240718181728720 Response.sendData()	INFO:  
240718181728722 Response.sendData()	INFO: path: /test02/
240718181728725 Response.sendData()	INFO: POST PARAMS :  
240718181728726 Response.sendData()	INFO: POST PAIRS MAP: {}
240718181728727 Response.sendData()	INFO: method: GET
240718181728728 Response.sendData()	INFO: path: /test02/index.html
240718181728746 Response.sendData()	INFO: fileContentType: text/html
240718181728747 Response.sendData()	INFO: extension: html
240718181728748 Response.sendData()	INFO: fileContentType: text/html
240718181728751 Response.sendData()	INFO: GET: []
240718181728753 Response.sendData()	INFO: GET MAP: {}
240718181728754 Response.sendData()	INFO: POST PARAMS :  
240718181728789 ThreadServer.run()	INFO: (15) > Thread :: Time: 78 milliseconds
240718181728792 ThreadServer.run()	INFO: (15) > END #
240718181733804 ThreadServer.run()	INFO: (15) > Thread waiting for new client....
