240718221153671 ThreadServer.run()	INFO: (15) > Thread waiting for new client....
240718221159012 ThreadServer.run()	INFO: (15) > Thread Accepting connection >
240718221159014 Request.getData()	INFO: (15) request: [POST /test02/displayFields.cc8 HTTP/1.1, Host: localhost:1000, Connection: keep-alive, Content-Length: 270, Cache-Control: max-age=0, sec-ch-ua: "Not/A)Brand";v="8", "Chromium";v="126", "Google Chrome";v="126", sec-ch-ua-mobile: ?0, sec-ch-ua-platform: "Windows", Upgrade-Insecure-Requests: 1, Origin: http://localhost:1000, Content-Type: multipart/form-data; boundary=----WebKitFormBoundary21dfezVSQEOa2JAJ, User-Agent: Mozilla/5.0 (Windows NT 10.0; Win64; x64) AppleWebKit/537.36 (KHTML, like Gecko) Chrome/126.0.0.0 Safari/537.36, Accept: text/html,application/xhtml+xml,application/xml;q=0.9,image/avif,image/webp,image/apng,*/*;q=0.8,application/signed-exchange;v=b3;q=0.7, Sec-Fetch-Site: same-origin, Sec-Fetch-Mode: navigate, Sec-Fetch-User: ?1, Sec-Fetch-Dest: document, Referer: http://localhost:1000/test02, Accept-Encoding: gzip, deflate, br, zstd, Accept-Language: es-US,es;q=0.9,es-419;q=0.8,en;q=0.7, ------WebKitFormBoundary21dfezVSQEOa2JAJ
Content-Disposition: form-data; name="name"

POST - multipart/form-data
------WebKitFormBoundary21dfezVSQEOa2JAJ
Content-Disposition: form-data; name="email"

lab02@galileo.edu
------WebKitFormBoundary21dfezVSQEOa2JAJ--
]
240718221159018 Response.sendData()	INFO: POST /test02/displayFields.cc8 HTTP/1.1 || Host: localhost:1000 || Connection: keep-alive || Content-Length: 270 || Cache-Control: max-age=0 || sec-ch-ua: "Not/A)Brand";v="8", "Chromium";v="126", "Google Chrome";v="126" || sec-ch-ua-mobile: ?0 || sec-ch-ua-platform: "Windows" || Upgrade-Insecure-Requests: 1 || Origin: http://localhost:1000 || Content-Type: multipart/form-data; boundary=----WebKitFormBoundary21dfezVSQEOa2JAJ || User-Agent: Mozilla/5.0 (Windows NT 10.0; Win64; x64) AppleWebKit/537.36 (KHTML, like Gecko) Chrome/126.0.0.0 Safari/537.36 || Accept: text/html,application/xhtml+xml,application/xml;q=0.9,image/avif,image/webp,image/apng,*/*;q=0.8,application/signed-exchange;v=b3;q=0.7 || Sec-Fetch-Site: same-origin || Sec-Fetch-Mode: navigate || Sec-Fetch-User: ?1 || Sec-Fetch-Dest: document || Referer: http://localhost:1000/test02 || Accept-Encoding: gzip, deflate, br, zstd || Accept-Language: es-US,es;q=0.9,es-419;q=0.8,en;q=0.7 || ------WebKitFormBoundary21dfezVSQEOa2JAJ
Content-Disposition: form-data; name="name"

POST - multipart/form-data
------WebKitFormBoundary21dfezVSQEOa2JAJ
Content-Disposition: form-data; name="email"

lab02@galileo.edu
------WebKitFormBoundary21dfezVSQEOa2JAJ--

240718221159021 Response.sendData()	INFO: requestContentType: multipart/form-data; boundary=----WebKitFormBoundary21dfezVSQEOa2JAJ 
240718221159022 Response.sendData()	INFO: POST /test02/displayFields.cc8 HTTP/1.1 
240718221159023 Response.sendData()	INFO:  Host: localhost:1000 
240718221159025 Response.sendData()	INFO:  ------WebKitFormBoundary21dfezVSQEOa2JAJ
Content-Disposition: form-data; name="name"

POST - multipart/form-data
------WebKitFormBoundary21dfezVSQEOa2JAJ
Content-Disposition: form-data; name="email"

lab02@galileo.edu
------WebKitFormBoundary21dfezVSQEOa2JAJ--

240718221159027 Response.sendData()	INFO: path: /test02/displayFields.cc8
240718221159028 Response.sendData()	INFO: POST PARAMS : ------WebKitFormBoundary21dfezVSQEOa2JAJ
Content-Disposition: form-data; name="name"

POST - multipart/form-data
------WebKitFormBoundary21dfezVSQEOa2JAJ
Content-Disposition: form-data; name="email"

lab02@galileo.edu
------WebKitFormBoundary21dfezVSQEOa2JAJ--
240718221159031 Response.sendData()	INFO: 


 reqBoundary:----WebKitFormBoundary21dfezVSQEOa2JAJ 



240718221159033 Response.sendData()	INFO: Post Params ARRAY: [------WebKitFormBoundary21dfezVSQEOa2JAJ, Content-Disposition: form-data; name="name", , POST - multipart/form-data, ------WebKitFormBoundary21dfezVSQEOa2JAJ, Content-Disposition: form-data; name="email", , lab02@galileo.edu, ------WebKitFormBoundary21dfezVSQEOa2JAJ--]
240718221159035 Response.sendData()	INFO: Post Params ARRAY: 9
240718221159036 Response.sendData()	INFO: POST PAIRS MAP: {"name"=POST - multipart/form-data, "email"=lab02@galileo.edu}
240718221159037 Response.sendData()	INFO: method: POST
240718221159037 Response.sendData()	INFO: path: /test02/displayFields.cc8
240718221159038 Response.sendData()	INFO: fileContentType: application/octet-stream
240718221159039 Response.sendData()	INFO: extension: cc8
240718221159040 Response.sendData()	INFO: fileContentType: text/html
240718221159040 Response.sendData()	INFO: GET: []
240718221159041 Response.sendData()	INFO: GET MAP: {}
240718221159042 Response.sendData()	INFO: POST PARAMS: ------WebKitFormBoundary21dfezVSQEOa2JAJ
Content-Disposition: form-data; name="name"

POST - multipart/form-data
------WebKitFormBoundary21dfezVSQEOa2JAJ
Content-Disposition: form-data; name="email"

lab02@galileo.edu
------WebKitFormBoundary21dfezVSQEOa2JAJ--
240718221159044 Response.sendData()	INFO: POST PARAMS MAP: {"name"=POST - multipart/form-data, "email"=lab02@galileo.edu}
240718221159045 Response.sendData()	INFO: POST PARAMS MAP`KEYS: ["name", "email"]
240718221159047 ThreadServer.run()	INFO: (15) > Thread :: Time: 34 milliseconds
240718221159048 ThreadServer.run()	INFO: (15) > END #
240718221204050 ThreadServer.run()	INFO: (15) > Thread waiting for new client....
