240718215741221 ThreadServer.run()	INFO: (15) > Thread waiting for new client....
240718215752019 ThreadServer.run()	INFO: (15) > Thread Accepting connection >
240718215752020 Request.getData()	INFO: (15) request: [GET /favicon.ico HTTP/1.1, Host: localhost:1000, Connection: keep-alive, sec-ch-ua: "Not/A)Brand";v="8", "Chromium";v="126", "Google Chrome";v="126", sec-ch-ua-mobile: ?0, User-Agent: Mozilla/5.0 (Windows NT 10.0; Win64; x64) AppleWebKit/537.36 (KHTML, like Gecko) Chrome/126.0.0.0 Safari/537.36, sec-ch-ua-platform: "Windows", Accept: */*, Sec-Fetch-Site: same-origin, Sec-Fetch-Mode: cors, Sec-Fetch-Dest: empty, Referer: http://localhost:1000/test02, Accept-Encoding: gzip, deflate, br, zstd, Accept-Language: es-US,es;q=0.9,es-419;q=0.8,en;q=0.7, ]
240718215752021 Response.sendData()	INFO: GET /favicon.ico HTTP/1.1 || Host: localhost:1000 || Connection: keep-alive || sec-ch-ua: "Not/A)Brand";v="8", "Chromium";v="126", "Google Chrome";v="126" || sec-ch-ua-mobile: ?0 || User-Agent: Mozilla/5.0 (Windows NT 10.0; Win64; x64) AppleWebKit/537.36 (KHTML, like Gecko) Chrome/126.0.0.0 Safari/537.36 || sec-ch-ua-platform: "Windows" || Accept: */* || Sec-Fetch-Site: same-origin || Sec-Fetch-Mode: cors || Sec-Fetch-Dest: empty || Referer: http://localhost:1000/test02 || Accept-Encoding: gzip, deflate, br, zstd || Accept-Language: es-US,es;q=0.9,es-419;q=0.8,en;q=0.7 || 
240718215752022 Response.sendData()	INFO: requestContentType: 
240718215752023 Response.sendData()	INFO: GET /favicon.ico HTTP/1.1 
240718215752023 Response.sendData()	INFO:  Host: localhost:1000 
240718215752024 Response.sendData()	INFO:  
240718215752024 Response.sendData()	INFO: path: /favicon.ico
240718215752025 Response.sendData()	INFO: POST PARAMS : 
240718215752025 Response.sendData()	INFO: POST PAIRS MAP: {}
240718215752026 Response.sendData()	INFO: method: GET
240718215752026 Response.sendData()	INFO: path: /favicon.ico
240718215752027 Response.sendData()	INFO: NO SE ENCONTRÓ EL ARCHIVO SOLICITADO. (/favicon.ico)
240718215752028 Response.sendData()	INFO: fileContentType: application/octet-stream
240718215752029 Response.sendData()	INFO: extension: ico
240718215752029 Response.sendData()	INFO: fileContentType: application/octet-stream
240718215752030 Response.sendData()	INFO: GET: []
240718215752031 Response.sendData()	INFO: GET MAP: {}
240718215752031 Response.sendData()	INFO: POST PARAMS: 
240718215752032 Response.sendData()	INFO: POST PARAMS MAP: {}
240718215752032 Response.sendData()	INFO: POST PARAMS MAP`KEYS: []
240718215752033 Response.sendData()	INFO: NO SE ENCONTRÓ EL ARCHIVO SOLICITADO. (/favicon.ico)
240718215752034 ThreadServer.run()	INFO: (15) > Thread :: Time: 14 milliseconds
240718215752034 ThreadServer.run()	INFO: (15) > END #
240718215757044 ThreadServer.run()	INFO: (15) > Thread waiting for new client....
