240718201530964 ThreadServer.run()	INFO: (15) > Thread waiting for new client....
240718201539422 ThreadServer.run()	INFO: (15) > Thread Accepting connection >
240718201539423 Request.getData()	INFO: (15) request: [GET /favicon.ico HTTP/1.1, Host: localhost:1000, Connection: keep-alive, sec-ch-ua: "Not/A)Brand";v="8", "Chromium";v="126", "Google Chrome";v="126", sec-ch-ua-mobile: ?0, User-Agent: Mozilla/5.0 (Windows NT 10.0; Win64; x64) AppleWebKit/537.36 (KHTML, like Gecko) Chrome/126.0.0.0 Safari/537.36, sec-ch-ua-platform: "Windows", Accept: */*, Sec-Fetch-Site: same-origin, Sec-Fetch-Mode: cors, Sec-Fetch-Dest: empty, Referer: http://localhost:1000/test02, Accept-Encoding: gzip, deflate, br, zstd, Accept-Language: es-US,es;q=0.9,es-419;q=0.8,en;q=0.7, ]
240718201539424 Response.sendData()	INFO: GET /favicon.ico HTTP/1.1 || Host: localhost:1000 || Connection: keep-alive || sec-ch-ua: "Not/A)Brand";v="8", "Chromium";v="126", "Google Chrome";v="126" || sec-ch-ua-mobile: ?0 || User-Agent: Mozilla/5.0 (Windows NT 10.0; Win64; x64) AppleWebKit/537.36 (KHTML, like Gecko) Chrome/126.0.0.0 Safari/537.36 || sec-ch-ua-platform: "Windows" || Accept: */* || Sec-Fetch-Site: same-origin || Sec-Fetch-Mode: cors || Sec-Fetch-Dest: empty || Referer: http://localhost:1000/test02 || Accept-Encoding: gzip, deflate, br, zstd || Accept-Language: es-US,es;q=0.9,es-419;q=0.8,en;q=0.7 || 
240718201539426 Response.sendData()	INFO: GET /favicon.ico HTTP/1.1 
240718201539426 Response.sendData()	INFO:  Host: localhost:1000 
240718201539427 Response.sendData()	INFO:  
240718201539427 Response.sendData()	INFO: path: /favicon.ico
240718201539428 Response.sendData()	INFO: POST PARAMS : 
240718201539428 Response.sendData()	INFO: POST PAIRS MAP: {}
240718201539429 Response.sendData()	INFO: method: GET
240718201539430 Response.sendData()	INFO: path: /favicon.ico
240718201539431 Response.sendData()	INFO: NO SE ENCONTRÓ EL ARCHIVO SOLICITADO. (/favicon.ico)
240718201539431 Response.sendData()	INFO: fileContentType: application/octet-stream
240718201539432 Response.sendData()	INFO: extension: ico
240718201539433 Response.sendData()	INFO: fileContentType: application/octet-stream
240718201539434 Response.sendData()	INFO: GET: []
240718201539434 Response.sendData()	INFO: GET MAP: {}
240718201539435 Response.sendData()	INFO: POST PARAMS: 
240718201539436 Response.sendData()	INFO: POST PARAMS MAP: {}
240718201539436 Response.sendData()	INFO: POST PARAMS MAP`KEYS: []
240718201539438 Response.sendData()	INFO: NO SE ENCONTRÓ EL ARCHIVO SOLICITADO. (/favicon.ico)
240718201539440 ThreadServer.run()	INFO: (15) > Thread :: Time: 18 milliseconds
240718201539441 ThreadServer.run()	INFO: (15) > END #
240718201544452 ThreadServer.run()	INFO: (15) > Thread waiting for new client....
