240718221434239 ThreadServer.run()	INFO: (15) > Thread waiting for new client....
240718221438893 ThreadServer.run()	INFO: (15) > Thread Accepting connection >
240718221438894 Request.getData()	INFO: (15) request: [POST /test02/displayFields.cc8 HTTP/1.1, Host: localhost:1000, Connection: keep-alive, Content-Length: 270, Cache-Control: max-age=0, sec-ch-ua: "Not/A)Brand";v="8", "Chromium";v="126", "Google Chrome";v="126", sec-ch-ua-mobile: ?0, sec-ch-ua-platform: "Windows", Upgrade-Insecure-Requests: 1, Origin: http://localhost:1000, Content-Type: multipart/form-data; boundary=----WebKitFormBoundaryQ2CrhCXnkdKxLk41, User-Agent: Mozilla/5.0 (Windows NT 10.0; Win64; x64) AppleWebKit/537.36 (KHTML, like Gecko) Chrome/126.0.0.0 Safari/537.36, Accept: text/html,application/xhtml+xml,application/xml;q=0.9,image/avif,image/webp,image/apng,*/*;q=0.8,application/signed-exchange;v=b3;q=0.7, Sec-Fetch-Site: same-origin, Sec-Fetch-Mode: navigate, Sec-Fetch-User: ?1, Sec-Fetch-Dest: document, Referer: http://localhost:1000/test02, Accept-Encoding: gzip, deflate, br, zstd, Accept-Language: es-US,es;q=0.9,es-419;q=0.8,en;q=0.7, ------WebKitFormBoundaryQ2CrhCXnkdKxLk41
Content-Disposition: form-data; name="name"

POST - multipart/form-data
------WebKitFormBoundaryQ2CrhCXnkdKxLk41
Content-Disposition: form-data; name="email"

lab02@galileo.edu
------WebKitFormBoundaryQ2CrhCXnkdKxLk41--
]
240718221438899 Response.sendData()	INFO: POST /test02/displayFields.cc8 HTTP/1.1 || Host: localhost:1000 || Connection: keep-alive || Content-Length: 270 || Cache-Control: max-age=0 || sec-ch-ua: "Not/A)Brand";v="8", "Chromium";v="126", "Google Chrome";v="126" || sec-ch-ua-mobile: ?0 || sec-ch-ua-platform: "Windows" || Upgrade-Insecure-Requests: 1 || Origin: http://localhost:1000 || Content-Type: multipart/form-data; boundary=----WebKitFormBoundaryQ2CrhCXnkdKxLk41 || User-Agent: Mozilla/5.0 (Windows NT 10.0; Win64; x64) AppleWebKit/537.36 (KHTML, like Gecko) Chrome/126.0.0.0 Safari/537.36 || Accept: text/html,application/xhtml+xml,application/xml;q=0.9,image/avif,image/webp,image/apng,*/*;q=0.8,application/signed-exchange;v=b3;q=0.7 || Sec-Fetch-Site: same-origin || Sec-Fetch-Mode: navigate || Sec-Fetch-User: ?1 || Sec-Fetch-Dest: document || Referer: http://localhost:1000/test02 || Accept-Encoding: gzip, deflate, br, zstd || Accept-Language: es-US,es;q=0.9,es-419;q=0.8,en;q=0.7 || ------WebKitFormBoundaryQ2CrhCXnkdKxLk41
Content-Disposition: form-data; name="name"

POST - multipart/form-data
------WebKitFormBoundaryQ2CrhCXnkdKxLk41
Content-Disposition: form-data; name="email"

lab02@galileo.edu
------WebKitFormBoundaryQ2CrhCXnkdKxLk41--

240718221438903 Response.sendData()	INFO: requestContentType: multipart/form-data; boundary=----WebKitFormBoundaryQ2CrhCXnkdKxLk41 
240718221438904 Response.sendData()	INFO: POST /test02/displayFields.cc8 HTTP/1.1 
240718221438905 Response.sendData()	INFO:  Host: localhost:1000 
240718221438906 Response.sendData()	INFO:  ------WebKitFormBoundaryQ2CrhCXnkdKxLk41
Content-Disposition: form-data; name="name"

POST - multipart/form-data
------WebKitFormBoundaryQ2CrhCXnkdKxLk41
Content-Disposition: form-data; name="email"

lab02@galileo.edu
------WebKitFormBoundaryQ2CrhCXnkdKxLk41--

240718221438908 Response.sendData()	INFO: path: /test02/displayFields.cc8
240718221438909 Response.sendData()	INFO: POST PARAMS : ------WebKitFormBoundaryQ2CrhCXnkdKxLk41
Content-Disposition: form-data; name="name"

POST - multipart/form-data
------WebKitFormBoundaryQ2CrhCXnkdKxLk41
Content-Disposition: form-data; name="email"

lab02@galileo.edu
------WebKitFormBoundaryQ2CrhCXnkdKxLk41--
240718221438913 Response.sendData()	INFO: 


 reqBoundary:----WebKitFormBoundaryQ2CrhCXnkdKxLk41 



240718221438916 Response.sendData()	INFO: Post Params ARRAY: [------WebKitFormBoundaryQ2CrhCXnkdKxLk41, Content-Disposition: form-data; name="name", , POST - multipart/form-data, ------WebKitFormBoundaryQ2CrhCXnkdKxLk41, Content-Disposition: form-data; name="email", , lab02@galileo.edu, ------WebKitFormBoundaryQ2CrhCXnkdKxLk41--]
240718221438918 Response.sendData()	INFO: Post Params ARRAY: 9
240718221438919 Response.sendData()	INFO: POST PAIRS MAP: {name=POST - multipart/form-data, email=lab02@galileo.edu}
240718221438920 Response.sendData()	INFO: method: POST
240718221438922 Response.sendData()	INFO: path: /test02/displayFields.cc8
240718221438924 Response.sendData()	INFO: fileContentType: application/octet-stream
240718221438925 Response.sendData()	INFO: extension: cc8
240718221438926 Response.sendData()	INFO: fileContentType: text/html
240718221438927 Response.sendData()	INFO: GET: []
240718221438928 Response.sendData()	INFO: GET MAP: {}
240718221438929 Response.sendData()	INFO: POST PARAMS: ------WebKitFormBoundaryQ2CrhCXnkdKxLk41
Content-Disposition: form-data; name="name"

POST - multipart/form-data
------WebKitFormBoundaryQ2CrhCXnkdKxLk41
Content-Disposition: form-data; name="email"

lab02@galileo.edu
------WebKitFormBoundaryQ2CrhCXnkdKxLk41--
240718221438932 Response.sendData()	INFO: POST PARAMS MAP: {name=POST - multipart/form-data, email=lab02@galileo.edu}
240718221438933 Response.sendData()	INFO: POST PARAMS MAP`KEYS: [name, email]
240718221438934 ThreadServer.run()	INFO: (15) > Thread :: Time: 40 milliseconds
240718221438935 ThreadServer.run()	INFO: (15) > END #
240718221443938 ThreadServer.run()	INFO: (15) > Thread waiting for new client....
240718221505306 ThreadServer.run()	INFO: (15) > Thread Accepting connection >
240718221505309 Request.getData()	INFO: (15) request: [GET /test03/assets/css/main.css HTTP/1.1, Host: localhost:1000, Connection: keep-alive, sec-ch-ua: "Not/A)Brand";v="8", "Chromium";v="126", "Google Chrome";v="126", sec-ch-ua-mobile: ?0, User-Agent: Mozilla/5.0 (Windows NT 10.0; Win64; x64) AppleWebKit/537.36 (KHTML, like Gecko) Chrome/126.0.0.0 Safari/537.36, sec-ch-ua-platform: "Windows", Accept: text/css,*/*;q=0.1, Sec-Fetch-Site: same-origin, Sec-Fetch-Mode: no-cors, Sec-Fetch-Dest: style, Referer: http://localhost:1000/test03/contact.html, Accept-Encoding: gzip, deflate, br, zstd, Accept-Language: es-US,es;q=0.9,es-419;q=0.8,en;q=0.7, ]
240718221505310 Response.sendData()	INFO: GET /test03/assets/css/main.css HTTP/1.1 || Host: localhost:1000 || Connection: keep-alive || sec-ch-ua: "Not/A)Brand";v="8", "Chromium";v="126", "Google Chrome";v="126" || sec-ch-ua-mobile: ?0 || User-Agent: Mozilla/5.0 (Windows NT 10.0; Win64; x64) AppleWebKit/537.36 (KHTML, like Gecko) Chrome/126.0.0.0 Safari/537.36 || sec-ch-ua-platform: "Windows" || Accept: text/css,*/*;q=0.1 || Sec-Fetch-Site: same-origin || Sec-Fetch-Mode: no-cors || Sec-Fetch-Dest: style || Referer: http://localhost:1000/test03/contact.html || Accept-Encoding: gzip, deflate, br, zstd || Accept-Language: es-US,es;q=0.9,es-419;q=0.8,en;q=0.7 || 
240718221505311 Response.sendData()	INFO: requestContentType: 
240718221505311 Response.sendData()	INFO: GET /test03/assets/css/main.css HTTP/1.1 
240718221505311 Response.sendData()	INFO:  Host: localhost:1000 
240718221505312 Response.sendData()	INFO:  
240718221505312 Response.sendData()	INFO: path: /test03/assets/css/main.css
240718221505313 Response.sendData()	INFO: POST PARAMS : 
240718221505314 Response.sendData()	INFO: POST PAIRS MAP: {}
240718221505316 Response.sendData()	INFO: method: GET
240718221505317 Response.sendData()	INFO: path: /test03/assets/css/main.css
240718221505318 Response.sendData()	INFO: fileContentType: text/css
240718221505319 Response.sendData()	INFO: extension: css
240718221505320 Response.sendData()	INFO: fileContentType: text/css
240718221505321 Response.sendData()	INFO: GET: []
240718221505321 Response.sendData()	INFO: GET MAP: {}
240718221505322 Response.sendData()	INFO: POST PARAMS: 
240718221505323 Response.sendData()	INFO: POST PARAMS MAP: {}
240718221505324 Response.sendData()	INFO: POST PARAMS MAP`KEYS: []
240718221505327 ThreadServer.run()	INFO: (15) > Thread :: Time: 19 milliseconds
240718221505329 ThreadServer.run()	INFO: (15) > END #
240718221510334 ThreadServer.run()	INFO: (15) > Thread waiting for new client....
240718221541434 ThreadServer.run()	INFO: (15) > Thread Accepting connection >
240718221541435 Request.getData()	INFO: (15) request: [GET /test03/assets/js/slick.min.js HTTP/1.1, Host: localhost:1000, Connection: keep-alive, sec-ch-ua: "Not/A)Brand";v="8", "Chromium";v="126", "Google Chrome";v="126", sec-ch-ua-mobile: ?0, User-Agent: Mozilla/5.0 (Windows NT 10.0; Win64; x64) AppleWebKit/537.36 (KHTML, like Gecko) Chrome/126.0.0.0 Safari/537.36, sec-ch-ua-platform: "Windows", Accept: */*, Sec-Fetch-Site: same-origin, Sec-Fetch-Mode: no-cors, Sec-Fetch-Dest: script, Referer: http://localhost:1000/test03/blog.html, Accept-Encoding: gzip, deflate, br, zstd, Accept-Language: es-US,es;q=0.9,es-419;q=0.8,en;q=0.7, ]
240718221541438 Response.sendData()	INFO: GET /test03/assets/js/slick.min.js HTTP/1.1 || Host: localhost:1000 || Connection: keep-alive || sec-ch-ua: "Not/A)Brand";v="8", "Chromium";v="126", "Google Chrome";v="126" || sec-ch-ua-mobile: ?0 || User-Agent: Mozilla/5.0 (Windows NT 10.0; Win64; x64) AppleWebKit/537.36 (KHTML, like Gecko) Chrome/126.0.0.0 Safari/537.36 || sec-ch-ua-platform: "Windows" || Accept: */* || Sec-Fetch-Site: same-origin || Sec-Fetch-Mode: no-cors || Sec-Fetch-Dest: script || Referer: http://localhost:1000/test03/blog.html || Accept-Encoding: gzip, deflate, br, zstd || Accept-Language: es-US,es;q=0.9,es-419;q=0.8,en;q=0.7 || 
240718221541442 Response.sendData()	INFO: requestContentType: 
240718221541444 Response.sendData()	INFO: GET /test03/assets/js/slick.min.js HTTP/1.1 
240718221541448 Response.sendData()	INFO:  Host: localhost:1000 
240718221541449 Response.sendData()	INFO:  
240718221541451 Response.sendData()	INFO: path: /test03/assets/js/slick.min.js
240718221541452 Response.sendData()	INFO: POST PARAMS : 
240718221541454 Response.sendData()	INFO: POST PAIRS MAP: {}
240718221541456 Response.sendData()	INFO: method: GET
240718221541457 Response.sendData()	INFO: path: /test03/assets/js/slick.min.js
240718221541459 Response.sendData()	INFO: fileContentType: text/javascript
240718221541460 Response.sendData()	INFO: extension: js
240718221541461 Response.sendData()	INFO: fileContentType: text/javascript
240718221541462 Response.sendData()	INFO: GET: []
240718221541464 Response.sendData()	INFO: GET MAP: {}
240718221541465 Response.sendData()	INFO: POST PARAMS: 
240718221541466 Response.sendData()	INFO: POST PARAMS MAP: {}
240718221541467 Response.sendData()	INFO: POST PARAMS MAP`KEYS: []
240718221541469 ThreadServer.run()	INFO: (15) > Thread :: Time: 35 milliseconds
240718221541470 ThreadServer.run()	INFO: (15) > END #
240718221546485 ThreadServer.run()	INFO: (15) > Thread waiting for new client....
