240718221352101 ThreadServer.run()	INFO: (16) > Thread waiting for new client....
240718221404104 ThreadServer.run()	INFO: (16) > Thread Accepting connection >
240718221404105 Request.getData()	INFO: (16) request: [GET /favicon.ico HTTP/1.1, Host: localhost:1000, Connection: keep-alive, sec-ch-ua: "Not/A)Brand";v="8", "Chromium";v="126", "Google Chrome";v="126", sec-ch-ua-mobile: ?0, User-Agent: Mozilla/5.0 (Windows NT 10.0; Win64; x64) AppleWebKit/537.36 (KHTML, like Gecko) Chrome/126.0.0.0 Safari/537.36, sec-ch-ua-platform: "Windows", Accept: */*, Sec-Fetch-Site: same-origin, Sec-Fetch-Mode: cors, Sec-Fetch-Dest: empty, Referer: http://localhost:1000/test02/displayFields.cc8, Accept-Encoding: gzip, deflate, br, zstd, Accept-Language: es-US,es;q=0.9,es-419;q=0.8,en;q=0.7, ]
240718221404106 Response.sendData()	INFO: GET /favicon.ico HTTP/1.1 || Host: localhost:1000 || Connection: keep-alive || sec-ch-ua: "Not/A)Brand";v="8", "Chromium";v="126", "Google Chrome";v="126" || sec-ch-ua-mobile: ?0 || User-Agent: Mozilla/5.0 (Windows NT 10.0; Win64; x64) AppleWebKit/537.36 (KHTML, like Gecko) Chrome/126.0.0.0 Safari/537.36 || sec-ch-ua-platform: "Windows" || Accept: */* || Sec-Fetch-Site: same-origin || Sec-Fetch-Mode: cors || Sec-Fetch-Dest: empty || Referer: http://localhost:1000/test02/displayFields.cc8 || Accept-Encoding: gzip, deflate, br, zstd || Accept-Language: es-US,es;q=0.9,es-419;q=0.8,en;q=0.7 || 
240718221404108 Response.sendData()	INFO: requestContentType: 
240718221404109 Response.sendData()	INFO: GET /favicon.ico HTTP/1.1 
240718221404110 Response.sendData()	INFO:  Host: localhost:1000 
240718221404110 Response.sendData()	INFO:  
240718221404111 Response.sendData()	INFO: path: /favicon.ico
240718221404112 Response.sendData()	INFO: POST PARAMS : 
240718221404113 Response.sendData()	INFO: POST PAIRS MAP: {}
240718221404113 Response.sendData()	INFO: method: GET
240718221404114 Response.sendData()	INFO: path: /favicon.ico
240718221404115 Response.sendData()	INFO: NO SE ENCONTRÓ EL ARCHIVO SOLICITADO. (/favicon.ico)
240718221404116 Response.sendData()	INFO: fileContentType: application/octet-stream
240718221404117 Response.sendData()	INFO: extension: ico
240718221404118 Response.sendData()	INFO: fileContentType: application/octet-stream
240718221404119 Response.sendData()	INFO: GET: []
240718221404120 Response.sendData()	INFO: GET MAP: {}
240718221404121 Response.sendData()	INFO: POST PARAMS: 
240718221404123 Response.sendData()	INFO: POST PARAMS MAP: {}
240718221404124 Response.sendData()	INFO: POST PARAMS MAP`KEYS: []
240718221404125 Response.sendData()	INFO: NO SE ENCONTRÓ EL ARCHIVO SOLICITADO. (/favicon.ico)
240718221404127 ThreadServer.run()	INFO: (16) > Thread :: Time: 22 milliseconds
240718221404128 ThreadServer.run()	INFO: (16) > END #
240718221409131 ThreadServer.run()	INFO: (16) > Thread waiting for new client....
