240718221153693 ThreadServer.run()	INFO: (16) > Thread waiting for new client....
240718221156440 ThreadServer.run()	INFO: (16) > Thread Accepting connection >
240718221156453 Request.getData()	INFO: (16) request: [GET /test02 HTTP/1.1, Host: localhost:1000, Connection: keep-alive, Cache-Control: max-age=0, sec-ch-ua: "Not/A)Brand";v="8", "Chromium";v="126", "Google Chrome";v="126", sec-ch-ua-mobile: ?0, sec-ch-ua-platform: "Windows", Upgrade-Insecure-Requests: 1, User-Agent: Mozilla/5.0 (Windows NT 10.0; Win64; x64) AppleWebKit/537.36 (KHTML, like Gecko) Chrome/126.0.0.0 Safari/537.36, Accept: text/html,application/xhtml+xml,application/xml;q=0.9,image/avif,image/webp,image/apng,*/*;q=0.8,application/signed-exchange;v=b3;q=0.7, Sec-Fetch-Site: same-origin, Sec-Fetch-Mode: navigate, Sec-Fetch-User: ?1, Sec-Fetch-Dest: document, Referer: http://localhost:1000/test02/displayFields.cc8, Accept-Encoding: gzip, deflate, br, zstd, Accept-Language: es-US,es;q=0.9,es-419;q=0.8,en;q=0.7, ]
240718221156459 Response.sendData()	INFO: GET /test02 HTTP/1.1 || Host: localhost:1000 || Connection: keep-alive || Cache-Control: max-age=0 || sec-ch-ua: "Not/A)Brand";v="8", "Chromium";v="126", "Google Chrome";v="126" || sec-ch-ua-mobile: ?0 || sec-ch-ua-platform: "Windows" || Upgrade-Insecure-Requests: 1 || User-Agent: Mozilla/5.0 (Windows NT 10.0; Win64; x64) AppleWebKit/537.36 (KHTML, like Gecko) Chrome/126.0.0.0 Safari/537.36 || Accept: text/html,application/xhtml+xml,application/xml;q=0.9,image/avif,image/webp,image/apng,*/*;q=0.8,application/signed-exchange;v=b3;q=0.7 || Sec-Fetch-Site: same-origin || Sec-Fetch-Mode: navigate || Sec-Fetch-User: ?1 || Sec-Fetch-Dest: document || Referer: http://localhost:1000/test02/displayFields.cc8 || Accept-Encoding: gzip, deflate, br, zstd || Accept-Language: es-US,es;q=0.9,es-419;q=0.8,en;q=0.7 || 
240718221156462 Response.sendData()	INFO: requestContentType: 
240718221156464 Response.sendData()	INFO: GET /test02 HTTP/1.1 
240718221156466 Response.sendData()	INFO:  Host: localhost:1000 
240718221156467 Response.sendData()	INFO:  
240718221156469 Response.sendData()	INFO: path: /test02
240718221156472 Response.sendData()	INFO: POST PARAMS : 
240718221156474 Response.sendData()	INFO: POST PAIRS MAP: {}
240718221156475 Response.sendData()	INFO: method: GET
240718221156476 Response.sendData()	INFO: path: /test02/index.html
240718221156501 Response.sendData()	INFO: fileContentType: text/html
240718221156503 Response.sendData()	INFO: extension: html
240718221156506 Response.sendData()	INFO: fileContentType: text/html
240718221156508 Response.sendData()	INFO: GET: []
240718221156512 Response.sendData()	INFO: GET MAP: {}
240718221156514 Response.sendData()	INFO: POST PARAMS: 
240718221156515 Response.sendData()	INFO: POST PARAMS MAP: {}
240718221156517 Response.sendData()	INFO: POST PARAMS MAP`KEYS: []
240718221156555 ThreadServer.run()	INFO: (16) > Thread :: Time: 99 milliseconds
240718221156570 ThreadServer.run()	INFO: (16) > END #
240718221201577 ThreadServer.run()	INFO: (16) > Thread waiting for new client....
