240724182147445 ThreadServer.run()	INFO: (16) > Thread waiting for new client....
240724182416255 ThreadServer.run()	INFO: (16) > Thread Accepting connection >
240724182416267 Request.getData()	INFO: (16) request: [GET /test02/ HTTP/1.1, Host: localhost:1000, Connection: keep-alive, sec-ch-ua: "Not/A)Brand";v="8", "Chromium";v="126", "Google Chrome";v="126", sec-ch-ua-mobile: ?0, sec-ch-ua-platform: "Windows", Upgrade-Insecure-Requests: 1, User-Agent: Mozilla/5.0 (Windows NT 10.0; Win64; x64) AppleWebKit/537.36 (KHTML, like Gecko) Chrome/126.0.0.0 Safari/537.36, Accept: text/html,application/xhtml+xml,application/xml;q=0.9,image/avif,image/webp,image/apng,*/*;q=0.8,application/signed-exchange;v=b3;q=0.7, Sec-Fetch-Site: same-origin, Sec-Fetch-Mode: navigate, Sec-Fetch-User: ?1, Sec-Fetch-Dest: document, Referer: http://localhost:1000/, Accept-Encoding: gzip, deflate, br, zstd, Accept-Language: es-US,es;q=0.9,es-419;q=0.8,en;q=0.7, ]
240724182416271 Response.sendData()	INFO: GET /test02/ HTTP/1.1 || Host: localhost:1000 || Connection: keep-alive || sec-ch-ua: "Not/A)Brand";v="8", "Chromium";v="126", "Google Chrome";v="126" || sec-ch-ua-mobile: ?0 || sec-ch-ua-platform: "Windows" || Upgrade-Insecure-Requests: 1 || User-Agent: Mozilla/5.0 (Windows NT 10.0; Win64; x64) AppleWebKit/537.36 (KHTML, like Gecko) Chrome/126.0.0.0 Safari/537.36 || Accept: text/html,application/xhtml+xml,application/xml;q=0.9,image/avif,image/webp,image/apng,*/*;q=0.8,application/signed-exchange;v=b3;q=0.7 || Sec-Fetch-Site: same-origin || Sec-Fetch-Mode: navigate || Sec-Fetch-User: ?1 || Sec-Fetch-Dest: document || Referer: http://localhost:1000/ || Accept-Encoding: gzip, deflate, br, zstd || Accept-Language: es-US,es;q=0.9,es-419;q=0.8,en;q=0.7 || 
240724182416275 Response.sendData()	INFO: requestContentType: 
240724182416277 Response.sendData()	INFO: GET /test02/ HTTP/1.1 
240724182416278 Response.sendData()	INFO:  Host: localhost:1000 
240724182416280 Response.sendData()	INFO:  
240724182416281 Response.sendData()	INFO: path: /test02/
240724182416282 Response.sendData()	INFO: POST PARAMS : 
240724182416284 Response.sendData()	INFO: POST PAIRS MAP: {}
240724182416285 Response.sendData()	INFO: method: GET
240724182416286 Response.sendData()	INFO: path: /test02/index.html
240724182416290 Response.sendData()	INFO: fileContentType: text/html
240724182416293 Response.sendData()	INFO: extension: html
240724182416294 Response.sendData()	INFO: fileContentType: text/html
240724182416295 Response.sendData()	INFO: GET: []
240724182416297 Response.sendData()	INFO: GET MAP: {}
240724182416298 Response.sendData()	INFO: POST PARAMS: 
240724182416299 Response.sendData()	INFO: POST PARAMS MAP: {}
240724182416301 Response.sendData()	INFO: POST PARAMS MAP`KEYS: []
240724182416303 ThreadServer.run()	INFO: (16) > Thread :: Time: 43 milliseconds
240724182416305 ThreadServer.run()	INFO: (16) > END #
240724182421325 ThreadServer.run()	INFO: (16) > Thread waiting for new client....
240724182759105 ThreadServer.run()	INFO: (16) > Thread Accepting connection >
240724182759110 Request.getData()	INFO: (16) request: [GET /test03/assets/css/magnific-popup.css HTTP/1.1, Host: localhost:1000, Connection: keep-alive, sec-ch-ua: "Not/A)Brand";v="8", "Chromium";v="126", "Google Chrome";v="126", sec-ch-ua-mobile: ?0, User-Agent: Mozilla/5.0 (Windows NT 10.0; Win64; x64) AppleWebKit/537.36 (KHTML, like Gecko) Chrome/126.0.0.0 Safari/537.36, sec-ch-ua-platform: "Windows", Accept: text/css,*/*;q=0.1, Sec-Fetch-Site: same-origin, Sec-Fetch-Mode: no-cors, Sec-Fetch-Dest: style, Referer: http://localhost:1000/test03/contact.html, Accept-Encoding: gzip, deflate, br, zstd, Accept-Language: es-US,es;q=0.9,es-419;q=0.8,en;q=0.7, ]
240724182759122 Response.sendData()	INFO: GET /test03/assets/css/magnific-popup.css HTTP/1.1 || Host: localhost:1000 || Connection: keep-alive || sec-ch-ua: "Not/A)Brand";v="8", "Chromium";v="126", "Google Chrome";v="126" || sec-ch-ua-mobile: ?0 || User-Agent: Mozilla/5.0 (Windows NT 10.0; Win64; x64) AppleWebKit/537.36 (KHTML, like Gecko) Chrome/126.0.0.0 Safari/537.36 || sec-ch-ua-platform: "Windows" || Accept: text/css,*/*;q=0.1 || Sec-Fetch-Site: same-origin || Sec-Fetch-Mode: no-cors || Sec-Fetch-Dest: style || Referer: http://localhost:1000/test03/contact.html || Accept-Encoding: gzip, deflate, br, zstd || Accept-Language: es-US,es;q=0.9,es-419;q=0.8,en;q=0.7 || 
240724182759136 Response.sendData()	INFO: requestContentType: 
240724182759139 Response.sendData()	INFO: GET /test03/assets/css/magnific-popup.css HTTP/1.1 
240724182759143 Response.sendData()	INFO:  Host: localhost:1000 
240724182759146 Response.sendData()	INFO:  
240724182759152 Response.sendData()	INFO: path: /test03/assets/css/magnific-popup.css
240724182759155 Response.sendData()	INFO: POST PARAMS : 
240724182759159 Response.sendData()	INFO: POST PAIRS MAP: {}
240724182759162 Response.sendData()	INFO: method: GET
240724182759166 Response.sendData()	INFO: path: /test03/assets/css/magnific-popup.css
240724182759172 Response.sendData()	INFO: fileContentType: text/css
240724182759177 Response.sendData()	INFO: extension: css
240724182759190 Response.sendData()	INFO: fileContentType: text/css
240724182759194 Response.sendData()	INFO: GET: []
240724182759198 Response.sendData()	INFO: GET MAP: {}
240724182759204 Response.sendData()	INFO: POST PARAMS: 
240724182759208 Response.sendData()	INFO: POST PARAMS MAP: {}
240724182759213 Response.sendData()	INFO: POST PARAMS MAP`KEYS: []
240724182759219 ThreadServer.run()	INFO: (16) > Thread :: Time: 112 milliseconds
240724182759225 ThreadServer.run()	INFO: (16) > END #
240724182804243 ThreadServer.run()	INFO: (16) > Thread waiting for new client....
