240718201530963 ThreadServer.run()	INFO: (17) > Thread waiting for new client....
240718201540910 ThreadServer.run()	INFO: (17) > Thread Accepting connection >
240718201540911 Request.getData()	INFO: (17) request: [GET / HTTP/1.1, Host: localhost:1000, Connection: keep-alive, sec-ch-ua: "Not/A)Brand";v="8", "Chromium";v="126", "Google Chrome";v="126", sec-ch-ua-mobile: ?0, sec-ch-ua-platform: "Windows", Upgrade-Insecure-Requests: 1, User-Agent: Mozilla/5.0 (Windows NT 10.0; Win64; x64) AppleWebKit/537.36 (KHTML, like Gecko) Chrome/126.0.0.0 Safari/537.36, Accept: text/html,application/xhtml+xml,application/xml;q=0.9,image/avif,image/webp,image/apng,*/*;q=0.8,application/signed-exchange;v=b3;q=0.7, Sec-Fetch-Site: same-origin, Sec-Fetch-Mode: navigate, Sec-Fetch-User: ?1, Sec-Fetch-Dest: document, Referer: http://localhost:1000/test02, Accept-Encoding: gzip, deflate, br, zstd, Accept-Language: es-US,es;q=0.9,es-419;q=0.8,en;q=0.7, ]
240718201540912 Response.sendData()	INFO: GET / HTTP/1.1 || Host: localhost:1000 || Connection: keep-alive || sec-ch-ua: "Not/A)Brand";v="8", "Chromium";v="126", "Google Chrome";v="126" || sec-ch-ua-mobile: ?0 || sec-ch-ua-platform: "Windows" || Upgrade-Insecure-Requests: 1 || User-Agent: Mozilla/5.0 (Windows NT 10.0; Win64; x64) AppleWebKit/537.36 (KHTML, like Gecko) Chrome/126.0.0.0 Safari/537.36 || Accept: text/html,application/xhtml+xml,application/xml;q=0.9,image/avif,image/webp,image/apng,*/*;q=0.8,application/signed-exchange;v=b3;q=0.7 || Sec-Fetch-Site: same-origin || Sec-Fetch-Mode: navigate || Sec-Fetch-User: ?1 || Sec-Fetch-Dest: document || Referer: http://localhost:1000/test02 || Accept-Encoding: gzip, deflate, br, zstd || Accept-Language: es-US,es;q=0.9,es-419;q=0.8,en;q=0.7 || 
240718201540913 Response.sendData()	INFO: GET / HTTP/1.1 
240718201540913 Response.sendData()	INFO:  Host: localhost:1000 
240718201540914 Response.sendData()	INFO:  
240718201540914 Response.sendData()	INFO: path: /
240718201540914 Response.sendData()	INFO: POST PARAMS : 
240718201540915 Response.sendData()	INFO: POST PAIRS MAP: {}
240718201540915 Response.sendData()	INFO: method: GET
240718201540916 Response.sendData()	INFO: path: /index.html
240718201540917 Response.sendData()	INFO: fileContentType: text/html
240718201540918 Response.sendData()	INFO: extension: html
240718201540919 Response.sendData()	INFO: fileContentType: text/html
240718201540919 Response.sendData()	INFO: GET: []
240718201540920 Response.sendData()	INFO: GET MAP: {}
240718201540920 Response.sendData()	INFO: POST PARAMS: 
240718201540920 Response.sendData()	INFO: POST PARAMS MAP: {}
240718201540921 Response.sendData()	INFO: POST PARAMS MAP`KEYS: []
240718201540921 ThreadServer.run()	INFO: (17) > Thread :: Time: 10 milliseconds
240718201540922 ThreadServer.run()	INFO: (17) > END #
240718201545927 ThreadServer.run()	INFO: (17) > Thread waiting for new client....
