240718220012752 ThreadServer.run()	INFO: (17) > Thread waiting for new client....
240718220015258 ThreadServer.run()	INFO: (17) > Thread Accepting connection >
240718220015259 Request.getData()	INFO: (17) request: [GET /favicon.ico HTTP/1.1, Host: localhost:1000, Connection: keep-alive, sec-ch-ua: "Not/A)Brand";v="8", "Chromium";v="126", "Google Chrome";v="126", sec-ch-ua-mobile: ?0, User-Agent: Mozilla/5.0 (Windows NT 10.0; Win64; x64) AppleWebKit/537.36 (KHTML, like Gecko) Chrome/126.0.0.0 Safari/537.36, sec-ch-ua-platform: "Windows", Accept: */*, Sec-Fetch-Site: same-origin, Sec-Fetch-Mode: cors, Sec-Fetch-Dest: empty, Referer: http://localhost:1000/test02, Accept-Encoding: gzip, deflate, br, zstd, Accept-Language: es-US,es;q=0.9,es-419;q=0.8,en;q=0.7, ]
240718220015262 Response.sendData()	INFO: GET /favicon.ico HTTP/1.1 || Host: localhost:1000 || Connection: keep-alive || sec-ch-ua: "Not/A)Brand";v="8", "Chromium";v="126", "Google Chrome";v="126" || sec-ch-ua-mobile: ?0 || User-Agent: Mozilla/5.0 (Windows NT 10.0; Win64; x64) AppleWebKit/537.36 (KHTML, like Gecko) Chrome/126.0.0.0 Safari/537.36 || sec-ch-ua-platform: "Windows" || Accept: */* || Sec-Fetch-Site: same-origin || Sec-Fetch-Mode: cors || Sec-Fetch-Dest: empty || Referer: http://localhost:1000/test02 || Accept-Encoding: gzip, deflate, br, zstd || Accept-Language: es-US,es;q=0.9,es-419;q=0.8,en;q=0.7 || 
240718220015264 Response.sendData()	INFO: requestContentType: 
240718220015265 Response.sendData()	INFO: GET /favicon.ico HTTP/1.1 
240718220015266 Response.sendData()	INFO:  Host: localhost:1000 
240718220015267 Response.sendData()	INFO:  
240718220015269 Response.sendData()	INFO: path: /favicon.ico
240718220015270 Response.sendData()	INFO: POST PARAMS : 
240718220015271 Response.sendData()	INFO: POST PAIRS MAP: {}
240718220015272 Response.sendData()	INFO: method: GET
240718220015273 Response.sendData()	INFO: path: /favicon.ico
240718220015275 Response.sendData()	INFO: NO SE ENCONTRÓ EL ARCHIVO SOLICITADO. (/favicon.ico)
240718220015276 Response.sendData()	INFO: fileContentType: application/octet-stream
240718220015277 Response.sendData()	INFO: extension: ico
240718220015278 Response.sendData()	INFO: fileContentType: application/octet-stream
240718220015278 Response.sendData()	INFO: GET: []
240718220015279 Response.sendData()	INFO: GET MAP: {}
240718220015280 Response.sendData()	INFO: POST PARAMS: 
240718220015281 Response.sendData()	INFO: POST PARAMS MAP: {}
240718220015282 Response.sendData()	INFO: POST PARAMS MAP`KEYS: []
240718220015284 Response.sendData()	INFO: NO SE ENCONTRÓ EL ARCHIVO SOLICITADO. (/favicon.ico)
240718220015286 ThreadServer.run()	INFO: (17) > Thread :: Time: 27 milliseconds
240718220015287 ThreadServer.run()	INFO: (17) > END #
240718220020298 ThreadServer.run()	INFO: (17) > Thread waiting for new client....
