240718221434226 ThreadServer.run()	INFO: (19) > Thread waiting for new client....
240718221453484 ThreadServer.run()	INFO: (19) > Thread Accepting connection >
240718221453485 Request.getData()	INFO: (19) request: [GET /test03/assets/img/portfolio/home-port2.png HTTP/1.1, Host: localhost:1000, Connection: keep-alive, sec-ch-ua: "Not/A)Brand";v="8", "Chromium";v="126", "Google Chrome";v="126", sec-ch-ua-mobile: ?0, User-Agent: Mozilla/5.0 (Windows NT 10.0; Win64; x64) AppleWebKit/537.36 (KHTML, like Gecko) Chrome/126.0.0.0 Safari/537.36, sec-ch-ua-platform: "Windows", Accept: image/avif,image/webp,image/apng,image/svg+xml,image/*,*/*;q=0.8, Sec-Fetch-Site: same-origin, Sec-Fetch-Mode: no-cors, Sec-Fetch-Dest: image, Referer: http://localhost:1000/test03/, Accept-Encoding: gzip, deflate, br, zstd, Accept-Language: es-US,es;q=0.9,es-419;q=0.8,en;q=0.7, ]
240718221453491 Response.sendData()	INFO: GET /test03/assets/img/portfolio/home-port2.png HTTP/1.1 || Host: localhost:1000 || Connection: keep-alive || sec-ch-ua: "Not/A)Brand";v="8", "Chromium";v="126", "Google Chrome";v="126" || sec-ch-ua-mobile: ?0 || User-Agent: Mozilla/5.0 (Windows NT 10.0; Win64; x64) AppleWebKit/537.36 (KHTML, like Gecko) Chrome/126.0.0.0 Safari/537.36 || sec-ch-ua-platform: "Windows" || Accept: image/avif,image/webp,image/apng,image/svg+xml,image/*,*/*;q=0.8 || Sec-Fetch-Site: same-origin || Sec-Fetch-Mode: no-cors || Sec-Fetch-Dest: image || Referer: http://localhost:1000/test03/ || Accept-Encoding: gzip, deflate, br, zstd || Accept-Language: es-US,es;q=0.9,es-419;q=0.8,en;q=0.7 || 
240718221453493 Response.sendData()	INFO: requestContentType: 
240718221453494 Response.sendData()	INFO: GET /test03/assets/img/portfolio/home-port2.png HTTP/1.1 
240718221453494 Response.sendData()	INFO:  Host: localhost:1000 
240718221453494 Response.sendData()	INFO:  
240718221453495 Response.sendData()	INFO: path: /test03/assets/img/portfolio/home-port2.png
240718221453495 Response.sendData()	INFO: POST PARAMS : 
240718221453495 Response.sendData()	INFO: POST PAIRS MAP: {}
240718221453496 Response.sendData()	INFO: method: GET
240718221453496 Response.sendData()	INFO: path: /test03/assets/img/portfolio/home-port2.png
240718221453507 Response.sendData()	INFO: fileContentType: image/png
240718221453508 Response.sendData()	INFO: extension: png
240718221453508 Response.sendData()	INFO: fileContentType: image/png
240718221453509 Response.sendData()	INFO: GET: []
240718221453509 Response.sendData()	INFO: GET MAP: {}
240718221453510 Response.sendData()	INFO: POST PARAMS: 
240718221453510 Response.sendData()	INFO: POST PARAMS MAP: {}
240718221453511 Response.sendData()	INFO: POST PARAMS MAP`KEYS: []
240718221453512 ThreadServer.run()	INFO: (19) > Thread :: Time: 27 milliseconds
240718221453513 ThreadServer.run()	INFO: (19) > END #
240718221458515 ThreadServer.run()	INFO: (19) > Thread waiting for new client....
240718221505428 ThreadServer.run()	INFO: (19) > Thread Accepting connection >
240718221505429 Request.getData()	INFO: (19) request: [GET /test03/assets/js/wow.min.js HTTP/1.1, Host: localhost:1000, Connection: keep-alive, sec-ch-ua: "Not/A)Brand";v="8", "Chromium";v="126", "Google Chrome";v="126", sec-ch-ua-mobile: ?0, User-Agent: Mozilla/5.0 (Windows NT 10.0; Win64; x64) AppleWebKit/537.36 (KHTML, like Gecko) Chrome/126.0.0.0 Safari/537.36, sec-ch-ua-platform: "Windows", Accept: */*, Sec-Fetch-Site: same-origin, Sec-Fetch-Mode: no-cors, Sec-Fetch-Dest: script, Referer: http://localhost:1000/test03/contact.html, Accept-Encoding: gzip, deflate, br, zstd, Accept-Language: es-US,es;q=0.9,es-419;q=0.8,en;q=0.7, ]
240718221505432 Response.sendData()	INFO: GET /test03/assets/js/wow.min.js HTTP/1.1 || Host: localhost:1000 || Connection: keep-alive || sec-ch-ua: "Not/A)Brand";v="8", "Chromium";v="126", "Google Chrome";v="126" || sec-ch-ua-mobile: ?0 || User-Agent: Mozilla/5.0 (Windows NT 10.0; Win64; x64) AppleWebKit/537.36 (KHTML, like Gecko) Chrome/126.0.0.0 Safari/537.36 || sec-ch-ua-platform: "Windows" || Accept: */* || Sec-Fetch-Site: same-origin || Sec-Fetch-Mode: no-cors || Sec-Fetch-Dest: script || Referer: http://localhost:1000/test03/contact.html || Accept-Encoding: gzip, deflate, br, zstd || Accept-Language: es-US,es;q=0.9,es-419;q=0.8,en;q=0.7 || 
240718221505434 Response.sendData()	INFO: requestContentType: 
240718221505435 Response.sendData()	INFO: GET /test03/assets/js/wow.min.js HTTP/1.1 
240718221505436 Response.sendData()	INFO:  Host: localhost:1000 
240718221505436 Response.sendData()	INFO:  
240718221505437 Response.sendData()	INFO: path: /test03/assets/js/wow.min.js
240718221505441 Response.sendData()	INFO: POST PARAMS : 
240718221505442 Response.sendData()	INFO: POST PAIRS MAP: {}
240718221505443 Response.sendData()	INFO: method: GET
240718221505445 Response.sendData()	INFO: path: /test03/assets/js/wow.min.js
240718221505460 Response.sendData()	INFO: fileContentType: text/javascript
240718221505475 Response.sendData()	INFO: extension: js
240718221505476 Response.sendData()	INFO: fileContentType: text/javascript
240718221505476 Response.sendData()	INFO: GET: []
240718221505477 Response.sendData()	INFO: GET MAP: {}
240718221505479 Response.sendData()	INFO: POST PARAMS: 
240718221505482 Response.sendData()	INFO: POST PARAMS MAP: {}
240718221505483 Response.sendData()	INFO: POST PARAMS MAP`KEYS: []
240718221505485 ThreadServer.run()	INFO: (19) > Thread :: Time: 56 milliseconds
240718221505486 ThreadServer.run()	INFO: (19) > END #
240718221510491 ThreadServer.run()	INFO: (19) > Thread waiting for new client....
240718221541587 ThreadServer.run()	INFO: (19) > Thread Accepting connection >
240718221541596 Request.getData()	INFO: (19) request: [GET /test03/assets/fonts/fontawesome-webfont.woff2?v=4.7.0 HTTP/1.1, Host: localhost:1000, Connection: keep-alive, sec-ch-ua: "Not/A)Brand";v="8", "Chromium";v="126", "Google Chrome";v="126", Origin: http://localhost:1000, sec-ch-ua-mobile: ?0, User-Agent: Mozilla/5.0 (Windows NT 10.0; Win64; x64) AppleWebKit/537.36 (KHTML, like Gecko) Chrome/126.0.0.0 Safari/537.36, sec-ch-ua-platform: "Windows", Accept: */*, Sec-Fetch-Site: same-origin, Sec-Fetch-Mode: cors, Sec-Fetch-Dest: font, Referer: http://localhost:1000/test03/assets/css/font-awesome.min.css, Accept-Encoding: gzip, deflate, br, zstd, Accept-Language: es-US,es;q=0.9,es-419;q=0.8,en;q=0.7, ]
240718221541598 Response.sendData()	INFO: GET /test03/assets/fonts/fontawesome-webfont.woff2?v=4.7.0 HTTP/1.1 || Host: localhost:1000 || Connection: keep-alive || sec-ch-ua: "Not/A)Brand";v="8", "Chromium";v="126", "Google Chrome";v="126" || Origin: http://localhost:1000 || sec-ch-ua-mobile: ?0 || User-Agent: Mozilla/5.0 (Windows NT 10.0; Win64; x64) AppleWebKit/537.36 (KHTML, like Gecko) Chrome/126.0.0.0 Safari/537.36 || sec-ch-ua-platform: "Windows" || Accept: */* || Sec-Fetch-Site: same-origin || Sec-Fetch-Mode: cors || Sec-Fetch-Dest: font || Referer: http://localhost:1000/test03/assets/css/font-awesome.min.css || Accept-Encoding: gzip, deflate, br, zstd || Accept-Language: es-US,es;q=0.9,es-419;q=0.8,en;q=0.7 || 
240718221541599 Response.sendData()	INFO: requestContentType: 
240718221541600 Response.sendData()	INFO: GET /test03/assets/fonts/fontawesome-webfont.woff2?v=4.7.0 HTTP/1.1 
240718221541600 Response.sendData()	INFO:  Host: localhost:1000 
240718221541601 Response.sendData()	INFO:  
240718221541602 Response.sendData()	INFO: path: /test03/assets/fonts/fontawesome-webfont.woff2?v=4.7.0
240718221541603 Response.sendData()	INFO: POST PARAMS : 
240718221541605 Response.sendData()	INFO: POST PAIRS MAP: {}
240718221541605 Response.sendData()	INFO: method: GET
240718221541606 Response.sendData()	INFO: path: /test03/assets/fonts/fontawesome-webfont.woff2
240718221541609 Response.sendData()	INFO: fileContentType: application/octet-stream
240718221541610 Response.sendData()	INFO: extension: woff2
240718221541611 Response.sendData()	INFO: fileContentType: application/octet-stream
240718221541611 Response.sendData()	INFO: GET: [v=4.7.0]
240718221541613 Response.sendData()	INFO: GET MAP: {v=4.7.0}
240718221541614 Response.sendData()	INFO: POST PARAMS: 
240718221541616 Response.sendData()	INFO: POST PARAMS MAP: {}
240718221541617 Response.sendData()	INFO: POST PARAMS MAP`KEYS: []
240718221541618 ThreadServer.run()	INFO: (19) > Thread :: Time: 22 milliseconds
240718221541620 ThreadServer.run()	INFO: (19) > END #
240718221546621 ThreadServer.run()	INFO: (19) > Thread waiting for new client....
