240718215741177 ThreadServer.run()	INFO: (19) > Thread waiting for new client....
240718215751602 ThreadServer.run()	INFO: (19) > Thread Accepting connection >
240718215751604 Request.getData()	INFO: (19) request: [GET /test02 HTTP/1.1, Host: localhost:1000, Connection: keep-alive, sec-ch-ua: "Not/A)Brand";v="8", "Chromium";v="126", "Google Chrome";v="126", sec-ch-ua-mobile: ?0, sec-ch-ua-platform: "Windows", Upgrade-Insecure-Requests: 1, User-Agent: Mozilla/5.0 (Windows NT 10.0; Win64; x64) AppleWebKit/537.36 (KHTML, like Gecko) Chrome/126.0.0.0 Safari/537.36, Accept: text/html,application/xhtml+xml,application/xml;q=0.9,image/avif,image/webp,image/apng,*/*;q=0.8,application/signed-exchange;v=b3;q=0.7, Sec-Fetch-Site: same-origin, Sec-Fetch-Mode: navigate, Sec-Fetch-User: ?1, Sec-Fetch-Dest: document, Referer: http://localhost:1000/test02/displayFields.cc8, Accept-Encoding: gzip, deflate, br, zstd, Accept-Language: es-US,es;q=0.9,es-419;q=0.8,en;q=0.7, ]
240718215751606 Response.sendData()	INFO: GET /test02 HTTP/1.1 || Host: localhost:1000 || Connection: keep-alive || sec-ch-ua: "Not/A)Brand";v="8", "Chromium";v="126", "Google Chrome";v="126" || sec-ch-ua-mobile: ?0 || sec-ch-ua-platform: "Windows" || Upgrade-Insecure-Requests: 1 || User-Agent: Mozilla/5.0 (Windows NT 10.0; Win64; x64) AppleWebKit/537.36 (KHTML, like Gecko) Chrome/126.0.0.0 Safari/537.36 || Accept: text/html,application/xhtml+xml,application/xml;q=0.9,image/avif,image/webp,image/apng,*/*;q=0.8,application/signed-exchange;v=b3;q=0.7 || Sec-Fetch-Site: same-origin || Sec-Fetch-Mode: navigate || Sec-Fetch-User: ?1 || Sec-Fetch-Dest: document || Referer: http://localhost:1000/test02/displayFields.cc8 || Accept-Encoding: gzip, deflate, br, zstd || Accept-Language: es-US,es;q=0.9,es-419;q=0.8,en;q=0.7 || 
240718215751608 Response.sendData()	INFO: requestContentType: 
240718215751609 Response.sendData()	INFO: GET /test02 HTTP/1.1 
240718215751609 Response.sendData()	INFO:  Host: localhost:1000 
240718215751610 Response.sendData()	INFO:  
240718215751611 Response.sendData()	INFO: path: /test02
240718215751611 Response.sendData()	INFO: POST PARAMS : 
240718215751612 Response.sendData()	INFO: POST PAIRS MAP: {}
240718215751613 Response.sendData()	INFO: method: GET
240718215751613 Response.sendData()	INFO: path: /test02/index.html
240718215751615 Response.sendData()	INFO: fileContentType: text/html
240718215751617 Response.sendData()	INFO: extension: html
240718215751617 Response.sendData()	INFO: fileContentType: text/html
240718215751618 Response.sendData()	INFO: GET: []
240718215751619 Response.sendData()	INFO: GET MAP: {}
240718215751620 Response.sendData()	INFO: POST PARAMS: 
240718215751620 Response.sendData()	INFO: POST PARAMS MAP: {}
240718215751622 Response.sendData()	INFO: POST PARAMS MAP`KEYS: []
240718215751623 ThreadServer.run()	INFO: (19) > Thread :: Time: 20 milliseconds
240718215751624 ThreadServer.run()	INFO: (19) > END #
240718215756625 ThreadServer.run()	INFO: (19) > Thread waiting for new client....
