240718182739031 ThreadServer.run()	INFO: (19) > Thread waiting for new client....
240718182832843 ThreadServer.run()	INFO: (19) > Thread Accepting connection >
240718182832844 Request.getData()	INFO: (19) request: [GET /test02/displayFields.cc8?name=GET+-+application%2Fx-www-form-urlencoded&email=lab02%40galileo.edu HTTP/1.1, Host: localhost:1000, Connection: keep-alive, sec-ch-ua: "Not/A)Brand";v="8", "Chromium";v="126", "Google Chrome";v="126", sec-ch-ua-mobile: ?0, sec-ch-ua-platform: "Windows", Upgrade-Insecure-Requests: 1, User-Agent: Mozilla/5.0 (Windows NT 10.0; Win64; x64) AppleWebKit/537.36 (KHTML, like Gecko) Chrome/126.0.0.0 Safari/537.36, Accept: text/html,application/xhtml+xml,application/xml;q=0.9,image/avif,image/webp,image/apng,*/*;q=0.8,application/signed-exchange;v=b3;q=0.7, Sec-Fetch-Site: same-origin, Sec-Fetch-Mode: navigate, Sec-Fetch-User: ?1, Sec-Fetch-Dest: document, Referer: http://localhost:1000/test02/, Accept-Encoding: gzip, deflate, br, zstd, Accept-Language: es-US,es;q=0.9,es-419;q=0.8,en;q=0.7, ]
240718182832845 Response.sendData()	INFO: GET /test02/displayFields.cc8?name=GET+-+application%2Fx-www-form-urlencoded&email=lab02%40galileo.edu HTTP/1.1 || Host: localhost:1000 || Connection: keep-alive || sec-ch-ua: "Not/A)Brand";v="8", "Chromium";v="126", "Google Chrome";v="126" || sec-ch-ua-mobile: ?0 || sec-ch-ua-platform: "Windows" || Upgrade-Insecure-Requests: 1 || User-Agent: Mozilla/5.0 (Windows NT 10.0; Win64; x64) AppleWebKit/537.36 (KHTML, like Gecko) Chrome/126.0.0.0 Safari/537.36 || Accept: text/html,application/xhtml+xml,application/xml;q=0.9,image/avif,image/webp,image/apng,*/*;q=0.8,application/signed-exchange;v=b3;q=0.7 || Sec-Fetch-Site: same-origin || Sec-Fetch-Mode: navigate || Sec-Fetch-User: ?1 || Sec-Fetch-Dest: document || Referer: http://localhost:1000/test02/ || Accept-Encoding: gzip, deflate, br, zstd || Accept-Language: es-US,es;q=0.9,es-419;q=0.8,en;q=0.7 || 
240718182832846 Response.sendData()	INFO: GET /test02/displayFields.cc8?name=GET+-+application%2Fx-www-form-urlencoded&email=lab02%40galileo.edu HTTP/1.1 
240718182832846 Response.sendData()	INFO:  Host: localhost:1000 
240718182832847 Response.sendData()	INFO:  
240718182832847 Response.sendData()	INFO: path: /test02/displayFields.cc8?name=GET+-+application%2Fx-www-form-urlencoded&email=lab02%40galileo.edu
240718182832847 Response.sendData()	INFO: POST PARAMS :  
240718182832848 Response.sendData()	INFO: POST PAIRS MAP: {}
240718182832848 Response.sendData()	INFO: method: GET
240718182832848 Response.sendData()	INFO: path: /test02/displayFields.cc8
240718182832849 Response.sendData()	INFO: fileContentType: application/octet-stream
240718182832849 Response.sendData()	INFO: extension: cc8
240718182832849 Response.sendData()	INFO: fileContentType: text/html
240718182832850 Response.sendData()	INFO: GET: [name=GET+-+application%2Fx-www-form-urlencoded, email=lab02%40galileo.edu]
240718182832850 Response.sendData()	INFO: GET MAP: {name=GET - application/x-www-form-urlencoded, email=lab02@galileo.edu}
240718182832850 Response.sendData()	INFO: POST PARAMS:  
240718182832851 Response.sendData()	INFO: POST PARAMS MAP: {}
240718182832851 ThreadServer.run()	INFO: (19) > Thread :: Time: 8 milliseconds
240718182832851 ThreadServer.run()	INFO: (19) > END #
240718182837862 ThreadServer.run()	INFO: (19) > Thread waiting for new client....
