240724182147353 ThreadServer.run()	INFO: (19) > Thread waiting for new client....
240724182749450 ThreadServer.run()	INFO: (19) > Thread Accepting connection >
240724182749453 Request.getData()	INFO: (19) request: [GET /test03/assets/img/portfolio/home-port5.png HTTP/1.1, Host: localhost:1000, Connection: keep-alive, sec-ch-ua: "Not/A)Brand";v="8", "Chromium";v="126", "Google Chrome";v="126", sec-ch-ua-mobile: ?0, User-Agent: Mozilla/5.0 (Windows NT 10.0; Win64; x64) AppleWebKit/537.36 (KHTML, like Gecko) Chrome/126.0.0.0 Safari/537.36, sec-ch-ua-platform: "Windows", Accept: image/avif,image/webp,image/apng,image/svg+xml,image/*,*/*;q=0.8, Sec-Fetch-Site: same-origin, Sec-Fetch-Mode: no-cors, Sec-Fetch-Dest: image, Referer: http://localhost:1000/test03/, Accept-Encoding: gzip, deflate, br, zstd, Accept-Language: es-US,es;q=0.9,es-419;q=0.8,en;q=0.7, ]
240724182749510 Response.sendData()	INFO: GET /test03/assets/img/portfolio/home-port5.png HTTP/1.1 || Host: localhost:1000 || Connection: keep-alive || sec-ch-ua: "Not/A)Brand";v="8", "Chromium";v="126", "Google Chrome";v="126" || sec-ch-ua-mobile: ?0 || User-Agent: Mozilla/5.0 (Windows NT 10.0; Win64; x64) AppleWebKit/537.36 (KHTML, like Gecko) Chrome/126.0.0.0 Safari/537.36 || sec-ch-ua-platform: "Windows" || Accept: image/avif,image/webp,image/apng,image/svg+xml,image/*,*/*;q=0.8 || Sec-Fetch-Site: same-origin || Sec-Fetch-Mode: no-cors || Sec-Fetch-Dest: image || Referer: http://localhost:1000/test03/ || Accept-Encoding: gzip, deflate, br, zstd || Accept-Language: es-US,es;q=0.9,es-419;q=0.8,en;q=0.7 || 
240724182749514 Response.sendData()	INFO: requestContentType: 
240724182749526 Response.sendData()	INFO: GET /test03/assets/img/portfolio/home-port5.png HTTP/1.1 
240724182749531 Response.sendData()	INFO:  Host: localhost:1000 
240724182749536 Response.sendData()	INFO:  
240724182749547 Response.sendData()	INFO: path: /test03/assets/img/portfolio/home-port5.png
240724182749552 Response.sendData()	INFO: POST PARAMS : 
240724182749579 Response.sendData()	INFO: POST PAIRS MAP: {}
240724182749611 Response.sendData()	INFO: method: GET
240724182749615 Response.sendData()	INFO: path: /test03/assets/img/portfolio/home-port5.png
240724182749654 Response.sendData()	INFO: fileContentType: image/png
240724182749655 Response.sendData()	INFO: extension: png
240724182749657 Response.sendData()	INFO: fileContentType: image/png
240724182749664 Response.sendData()	INFO: GET: []
240724182749669 Response.sendData()	INFO: GET MAP: {}
240724182749683 Response.sendData()	INFO: POST PARAMS: 
240724182749701 Response.sendData()	INFO: POST PARAMS MAP: {}
240724182749714 Response.sendData()	INFO: POST PARAMS MAP`KEYS: []
240724182749746 ThreadServer.run()	INFO: (19) > Thread :: Time: 294 milliseconds
240724182749757 ThreadServer.run()	INFO: (19) > END #
240724182754787 ThreadServer.run()	INFO: (19) > Thread waiting for new client....
