240718182506603 ThreadServer.run()	INFO: (19) > Thread waiting for new client....
240718182508434 ThreadServer.run()	INFO: (19) > Thread Accepting connection >
240718182508451 Request.getData()	INFO: (19) request: [GET /test02/ HTTP/1.1, Host: localhost:1000, Connection: keep-alive, Cache-Control: max-age=0, sec-ch-ua: "Not/A)Brand";v="8", "Chromium";v="126", "Google Chrome";v="126", sec-ch-ua-mobile: ?0, sec-ch-ua-platform: "Windows", Upgrade-Insecure-Requests: 1, User-Agent: Mozilla/5.0 (Windows NT 10.0; Win64; x64) AppleWebKit/537.36 (KHTML, like Gecko) Chrome/126.0.0.0 Safari/537.36, Accept: text/html,application/xhtml+xml,application/xml;q=0.9,image/avif,image/webp,image/apng,*/*;q=0.8,application/signed-exchange;v=b3;q=0.7, Sec-Fetch-Site: same-origin, Sec-Fetch-Mode: navigate, Sec-Fetch-Dest: document, Referer: http://localhost:1000/, Accept-Encoding: gzip, deflate, br, zstd, Accept-Language: es-US,es;q=0.9,es-419;q=0.8,en;q=0.7, ]
240718182508457 Response.sendData()	INFO: GET /test02/ HTTP/1.1 || Host: localhost:1000 || Connection: keep-alive || Cache-Control: max-age=0 || sec-ch-ua: "Not/A)Brand";v="8", "Chromium";v="126", "Google Chrome";v="126" || sec-ch-ua-mobile: ?0 || sec-ch-ua-platform: "Windows" || Upgrade-Insecure-Requests: 1 || User-Agent: Mozilla/5.0 (Windows NT 10.0; Win64; x64) AppleWebKit/537.36 (KHTML, like Gecko) Chrome/126.0.0.0 Safari/537.36 || Accept: text/html,application/xhtml+xml,application/xml;q=0.9,image/avif,image/webp,image/apng,*/*;q=0.8,application/signed-exchange;v=b3;q=0.7 || Sec-Fetch-Site: same-origin || Sec-Fetch-Mode: navigate || Sec-Fetch-Dest: document || Referer: http://localhost:1000/ || Accept-Encoding: gzip, deflate, br, zstd || Accept-Language: es-US,es;q=0.9,es-419;q=0.8,en;q=0.7 || 
240718182508460 Response.sendData()	INFO: GET /test02/ HTTP/1.1 
240718182508462 Response.sendData()	INFO:  Host: localhost:1000 
240718182508463 Response.sendData()	INFO:  
240718182508467 Response.sendData()	INFO: path: /test02/
240718182508470 Response.sendData()	INFO: POST PARAMS :  
240718182508472 Response.sendData()	INFO: POST PAIRS MAP: {}
240718182508473 Response.sendData()	INFO: method: GET
240718182508474 Response.sendData()	INFO: path: /test02/index.html
240718182508496 Response.sendData()	INFO: fileContentType: text/html
240718182508500 Response.sendData()	INFO: extension: html
240718182508502 Response.sendData()	INFO: fileContentType: text/html
240718182508503 Response.sendData()	INFO: GET: []
240718182508504 Response.sendData()	INFO: GET MAP: {}
240718182508505 Response.sendData()	INFO: POST PARAMS :  
240718182508579 ThreadServer.run()	INFO: (19) > Thread :: Time: 97 milliseconds
240718182508586 ThreadServer.run()	INFO: (19) > END #
240718182513596 ThreadServer.run()	INFO: (19) > Thread waiting for new client....
