240718204901350 ThreadServer.run()	INFO: (2) > Thread waiting for new client....
240718204904694 ThreadServer.run()	INFO: (2) > Thread Accepting connection >
240718204904696 Request.getData()	INFO: (2) request: [GET /favicon.ico HTTP/1.1, Host: localhost:1000, Connection: keep-alive, sec-ch-ua: "Not/A)Brand";v="8", "Chromium";v="126", "Google Chrome";v="126", sec-ch-ua-mobile: ?0, User-Agent: Mozilla/5.0 (Windows NT 10.0; Win64; x64) AppleWebKit/537.36 (KHTML, like Gecko) Chrome/126.0.0.0 Safari/537.36, sec-ch-ua-platform: "Windows", Accept: */*, Sec-Fetch-Site: same-origin, Sec-Fetch-Mode: cors, Sec-Fetch-Dest: empty, Referer: http://localhost:1000/test02, Accept-Encoding: gzip, deflate, br, zstd, Accept-Language: es-US,es;q=0.9,es-419;q=0.8,en;q=0.7, ]
240718204904698 Response.sendData()	INFO: GET /favicon.ico HTTP/1.1 || Host: localhost:1000 || Connection: keep-alive || sec-ch-ua: "Not/A)Brand";v="8", "Chromium";v="126", "Google Chrome";v="126" || sec-ch-ua-mobile: ?0 || User-Agent: Mozilla/5.0 (Windows NT 10.0; Win64; x64) AppleWebKit/537.36 (KHTML, like Gecko) Chrome/126.0.0.0 Safari/537.36 || sec-ch-ua-platform: "Windows" || Accept: */* || Sec-Fetch-Site: same-origin || Sec-Fetch-Mode: cors || Sec-Fetch-Dest: empty || Referer: http://localhost:1000/test02 || Accept-Encoding: gzip, deflate, br, zstd || Accept-Language: es-US,es;q=0.9,es-419;q=0.8,en;q=0.7 || 
240718204904699 Response.sendData()	INFO: GET /favicon.ico HTTP/1.1 
240718204904700 Response.sendData()	INFO:  Host: localhost:1000 
240718204904701 Response.sendData()	INFO:  
240718204904703 Response.sendData()	INFO: path: /favicon.ico
240718204904704 Response.sendData()	INFO: POST PARAMS : 
240718204904705 Response.sendData()	INFO: POST PAIRS MAP: {}
240718204904706 Response.sendData()	INFO: method: GET
240718204904707 Response.sendData()	INFO: path: /favicon.ico
240718204904709 Response.sendData()	INFO: NO SE ENCONTRÓ EL ARCHIVO SOLICITADO. (/favicon.ico)
240718204904710 Response.sendData()	INFO: fileContentType: application/octet-stream
240718204904711 Response.sendData()	INFO: extension: ico
240718204904712 Response.sendData()	INFO: fileContentType: application/octet-stream
240718204904712 Response.sendData()	INFO: GET: []
240718204904713 Response.sendData()	INFO: GET MAP: {}
240718204904715 Response.sendData()	INFO: POST PARAMS: 
240718204904716 Response.sendData()	INFO: POST PARAMS MAP: {}
240718204904717 Response.sendData()	INFO: POST PARAMS MAP`KEYS: []
240718204904718 Response.sendData()	INFO: NO SE ENCONTRÓ EL ARCHIVO SOLICITADO. (/favicon.ico)
240718204904720 ThreadServer.run()	INFO: (2) > Thread :: Time: 25 milliseconds
240718204904721 ThreadServer.run()	INFO: (2) > END #
240718204909730 ThreadServer.run()	INFO: (2) > Thread waiting for new client....
