240718182739074 ThreadServer.run()	INFO: (20) > Thread waiting for new client....
240718182746238 ThreadServer.run()	INFO: (20) > Thread Accepting connection >
240718182746239 Request.getData()	INFO: (20) request: [GET /favicon.ico HTTP/1.1, Host: localhost:1000, Connection: keep-alive, sec-ch-ua: "Not/A)Brand";v="8", "Chromium";v="126", "Google Chrome";v="126", sec-ch-ua-mobile: ?0, User-Agent: Mozilla/5.0 (Windows NT 10.0; Win64; x64) AppleWebKit/537.36 (KHTML, like Gecko) Chrome/126.0.0.0 Safari/537.36, sec-ch-ua-platform: "Windows", Accept: image/avif,image/webp,image/apng,image/svg+xml,image/*,*/*;q=0.8, Sec-Fetch-Site: same-origin, Sec-Fetch-Mode: no-cors, Sec-Fetch-Dest: image, Referer: http://localhost:1000/test02/displayFields.cc8?name=GET+-+text%2Fplain&email=lab02%40galileo.edu, Accept-Encoding: gzip, deflate, br, zstd, Accept-Language: es-US,es;q=0.9,es-419;q=0.8,en;q=0.7, ]
240718182746242 Response.sendData()	INFO: GET /favicon.ico HTTP/1.1 || Host: localhost:1000 || Connection: keep-alive || sec-ch-ua: "Not/A)Brand";v="8", "Chromium";v="126", "Google Chrome";v="126" || sec-ch-ua-mobile: ?0 || User-Agent: Mozilla/5.0 (Windows NT 10.0; Win64; x64) AppleWebKit/537.36 (KHTML, like Gecko) Chrome/126.0.0.0 Safari/537.36 || sec-ch-ua-platform: "Windows" || Accept: image/avif,image/webp,image/apng,image/svg+xml,image/*,*/*;q=0.8 || Sec-Fetch-Site: same-origin || Sec-Fetch-Mode: no-cors || Sec-Fetch-Dest: image || Referer: http://localhost:1000/test02/displayFields.cc8?name=GET+-+text%2Fplain&email=lab02%40galileo.edu || Accept-Encoding: gzip, deflate, br, zstd || Accept-Language: es-US,es;q=0.9,es-419;q=0.8,en;q=0.7 || 
240718182746243 Response.sendData()	INFO: GET /favicon.ico HTTP/1.1 
240718182746245 Response.sendData()	INFO:  Host: localhost:1000 
240718182746247 Response.sendData()	INFO:  
240718182746248 Response.sendData()	INFO: path: /favicon.ico
240718182746249 Response.sendData()	INFO: POST PARAMS :  
240718182746250 Response.sendData()	INFO: POST PAIRS MAP: {}
240718182746251 Response.sendData()	INFO: method: GET
240718182746252 Response.sendData()	INFO: path: /favicon.ico
240718182746253 Response.sendData()	INFO: NO SE ENCONTRÓ EL ARCHIVO SOLICITADO. (/favicon.ico)
240718182746253 Response.sendData()	INFO: fileContentType: application/octet-stream
240718182746254 Response.sendData()	INFO: extension: ico
240718182746255 Response.sendData()	INFO: fileContentType: application/octet-stream
240718182746255 Response.sendData()	INFO: GET: []
240718182746256 Response.sendData()	INFO: GET MAP: {}
240718182746256 Response.sendData()	INFO: POST PARAMS:  
240718182746257 Response.sendData()	INFO: POST PARAMS MAP: {}
240718182746258 Response.sendData()	INFO: NO SE ENCONTRÓ EL ARCHIVO SOLICITADO. (/favicon.ico)
240718182746259 ThreadServer.run()	INFO: (20) > Thread :: Time: 20 milliseconds
240718182746261 ThreadServer.run()	INFO: (20) > END #
240718182751275 ThreadServer.run()	INFO: (20) > Thread waiting for new client....
