240718221434236 ThreadServer.run()	INFO: (20) > Thread waiting for new client....
240718221453802 ThreadServer.run()	INFO: (20) > Thread Accepting connection >
240718221453804 Request.getData()	INFO: (20) request: [GET /test03/assets/img/portfolio/home-port5.png HTTP/1.1, Host: localhost:1000, Connection: keep-alive, sec-ch-ua: "Not/A)Brand";v="8", "Chromium";v="126", "Google Chrome";v="126", sec-ch-ua-mobile: ?0, User-Agent: Mozilla/5.0 (Windows NT 10.0; Win64; x64) AppleWebKit/537.36 (KHTML, like Gecko) Chrome/126.0.0.0 Safari/537.36, sec-ch-ua-platform: "Windows", Accept: image/avif,image/webp,image/apng,image/svg+xml,image/*,*/*;q=0.8, Sec-Fetch-Site: same-origin, Sec-Fetch-Mode: no-cors, Sec-Fetch-Dest: image, Referer: http://localhost:1000/test03/, Accept-Encoding: gzip, deflate, br, zstd, Accept-Language: es-US,es;q=0.9,es-419;q=0.8,en;q=0.7, ]
240718221453806 Response.sendData()	INFO: GET /test03/assets/img/portfolio/home-port5.png HTTP/1.1 || Host: localhost:1000 || Connection: keep-alive || sec-ch-ua: "Not/A)Brand";v="8", "Chromium";v="126", "Google Chrome";v="126" || sec-ch-ua-mobile: ?0 || User-Agent: Mozilla/5.0 (Windows NT 10.0; Win64; x64) AppleWebKit/537.36 (KHTML, like Gecko) Chrome/126.0.0.0 Safari/537.36 || sec-ch-ua-platform: "Windows" || Accept: image/avif,image/webp,image/apng,image/svg+xml,image/*,*/*;q=0.8 || Sec-Fetch-Site: same-origin || Sec-Fetch-Mode: no-cors || Sec-Fetch-Dest: image || Referer: http://localhost:1000/test03/ || Accept-Encoding: gzip, deflate, br, zstd || Accept-Language: es-US,es;q=0.9,es-419;q=0.8,en;q=0.7 || 
240718221453809 Response.sendData()	INFO: requestContentType: 
240718221453811 Response.sendData()	INFO: GET /test03/assets/img/portfolio/home-port5.png HTTP/1.1 
240718221453812 Response.sendData()	INFO:  Host: localhost:1000 
240718221453814 Response.sendData()	INFO:  
240718221453816 Response.sendData()	INFO: path: /test03/assets/img/portfolio/home-port5.png
240718221453817 Response.sendData()	INFO: POST PARAMS : 
240718221453818 Response.sendData()	INFO: POST PAIRS MAP: {}
240718221453820 Response.sendData()	INFO: method: GET
240718221453820 Response.sendData()	INFO: path: /test03/assets/img/portfolio/home-port5.png
240718221453823 Response.sendData()	INFO: fileContentType: image/png
240718221453827 Response.sendData()	INFO: extension: png
240718221453830 Response.sendData()	INFO: fileContentType: image/png
240718221453831 Response.sendData()	INFO: GET: []
240718221453832 Response.sendData()	INFO: GET MAP: {}
240718221453834 Response.sendData()	INFO: POST PARAMS: 
240718221453835 Response.sendData()	INFO: POST PARAMS MAP: {}
240718221453837 Response.sendData()	INFO: POST PARAMS MAP`KEYS: []
240718221453840 ThreadServer.run()	INFO: (20) > Thread :: Time: 37 milliseconds
240718221453841 ThreadServer.run()	INFO: (20) > END #
240718221458841 ThreadServer.run()	INFO: (20) > Thread waiting for new client....
240718221541088 ThreadServer.run()	INFO: (20) > Thread Accepting connection >
240718221541088 Request.getData()	INFO: (20) request: [GET /test03/assets/css/bootstrap.min.css.map HTTP/1.1, Host: localhost:1000, Connection: keep-alive, Sec-Fetch-Site: same-origin, Sec-Fetch-Mode: no-cors, Sec-Fetch-Dest: empty, User-Agent: Mozilla/5.0 (Windows NT 10.0; Win64; x64) AppleWebKit/537.36 (KHTML, like Gecko) Chrome/126.0.0.0 Safari/537.36, Accept-Encoding: gzip, deflate, br, zstd, Accept-Language: es-US,es;q=0.9,es-419;q=0.8,en;q=0.7, ]
240718221541089 Response.sendData()	INFO: GET /test03/assets/css/bootstrap.min.css.map HTTP/1.1 || Host: localhost:1000 || Connection: keep-alive || Sec-Fetch-Site: same-origin || Sec-Fetch-Mode: no-cors || Sec-Fetch-Dest: empty || User-Agent: Mozilla/5.0 (Windows NT 10.0; Win64; x64) AppleWebKit/537.36 (KHTML, like Gecko) Chrome/126.0.0.0 Safari/537.36 || Accept-Encoding: gzip, deflate, br, zstd || Accept-Language: es-US,es;q=0.9,es-419;q=0.8,en;q=0.7 || 
240718221541090 Response.sendData()	INFO: requestContentType: 
240718221541090 Response.sendData()	INFO: GET /test03/assets/css/bootstrap.min.css.map HTTP/1.1 
240718221541091 Response.sendData()	INFO:  Host: localhost:1000 
240718221541091 Response.sendData()	INFO:  
240718221541092 Response.sendData()	INFO: path: /test03/assets/css/bootstrap.min.css.map
240718221541092 Response.sendData()	INFO: POST PARAMS : 
240718221541092 Response.sendData()	INFO: POST PAIRS MAP: {}
240718221541093 Response.sendData()	INFO: method: GET
240718221541093 Response.sendData()	INFO: path: /test03/assets/css/bootstrap.min.css.map
240718221541094 Response.sendData()	INFO: NO SE ENCONTRÓ EL ARCHIVO SOLICITADO. (/test03/assets/css/bootstrap.min.css.map)
240718221541094 Response.sendData()	INFO: fileContentType: application/octet-stream
240718221541094 Response.sendData()	INFO: extension: map
240718221541095 Response.sendData()	INFO: fileContentType: application/octet-stream
240718221541095 Response.sendData()	INFO: GET: []
240718221541096 Response.sendData()	INFO: GET MAP: {}
240718221541096 Response.sendData()	INFO: POST PARAMS: 
240718221541096 Response.sendData()	INFO: POST PARAMS MAP: {}
240718221541097 Response.sendData()	INFO: POST PARAMS MAP`KEYS: []
240718221541098 Response.sendData()	INFO: NO SE ENCONTRÓ EL ARCHIVO SOLICITADO. (/test03/assets/css/bootstrap.min.css.map)
240718221541099 ThreadServer.run()	INFO: (20) > Thread :: Time: 11 milliseconds
240718221541100 ThreadServer.run()	INFO: (20) > END #
240718221546109 ThreadServer.run()	INFO: (20) > Thread waiting for new client....
240718221558409 ThreadServer.run()	INFO: (20) > Thread Accepting connection >
240718221558410 Request.getData()	INFO: (20) request: [GET /favicon.ico HTTP/1.1, Host: localhost:1000, Connection: keep-alive, sec-ch-ua: "Not/A)Brand";v="8", "Chromium";v="126", "Google Chrome";v="126", sec-ch-ua-mobile: ?0, User-Agent: Mozilla/5.0 (Windows NT 10.0; Win64; x64) AppleWebKit/537.36 (KHTML, like Gecko) Chrome/126.0.0.0 Safari/537.36, sec-ch-ua-platform: "Windows", Accept: */*, Sec-Fetch-Site: same-origin, Sec-Fetch-Mode: cors, Sec-Fetch-Dest: empty, Referer: http://localhost:1000/test02/displayFields.cc8?name=GET+-+text%2Fplain&email=lab02%40galileo.edu, Accept-Encoding: gzip, deflate, br, zstd, Accept-Language: es-US,es;q=0.9,es-419;q=0.8,en;q=0.7, ]
240718221558411 Response.sendData()	INFO: GET /favicon.ico HTTP/1.1 || Host: localhost:1000 || Connection: keep-alive || sec-ch-ua: "Not/A)Brand";v="8", "Chromium";v="126", "Google Chrome";v="126" || sec-ch-ua-mobile: ?0 || User-Agent: Mozilla/5.0 (Windows NT 10.0; Win64; x64) AppleWebKit/537.36 (KHTML, like Gecko) Chrome/126.0.0.0 Safari/537.36 || sec-ch-ua-platform: "Windows" || Accept: */* || Sec-Fetch-Site: same-origin || Sec-Fetch-Mode: cors || Sec-Fetch-Dest: empty || Referer: http://localhost:1000/test02/displayFields.cc8?name=GET+-+text%2Fplain&email=lab02%40galileo.edu || Accept-Encoding: gzip, deflate, br, zstd || Accept-Language: es-US,es;q=0.9,es-419;q=0.8,en;q=0.7 || 
240718221558412 Response.sendData()	INFO: requestContentType: 
240718221558412 Response.sendData()	INFO: GET /favicon.ico HTTP/1.1 
240718221558413 Response.sendData()	INFO:  Host: localhost:1000 
240718221558413 Response.sendData()	INFO:  
240718221558413 Response.sendData()	INFO: path: /favicon.ico
240718221558413 Response.sendData()	INFO: POST PARAMS : 
240718221558414 Response.sendData()	INFO: POST PAIRS MAP: {}
240718221558414 Response.sendData()	INFO: method: GET
240718221558414 Response.sendData()	INFO: path: /favicon.ico
240718221558415 Response.sendData()	INFO: NO SE ENCONTRÓ EL ARCHIVO SOLICITADO. (/favicon.ico)
240718221558415 Response.sendData()	INFO: fileContentType: application/octet-stream
240718221558415 Response.sendData()	INFO: extension: ico
240718221558416 Response.sendData()	INFO: fileContentType: application/octet-stream
240718221558416 Response.sendData()	INFO: GET: []
240718221558416 Response.sendData()	INFO: GET MAP: {}
240718221558417 Response.sendData()	INFO: POST PARAMS: 
240718221558417 Response.sendData()	INFO: POST PARAMS MAP: {}
240718221558417 Response.sendData()	INFO: POST PARAMS MAP`KEYS: []
240718221558418 Response.sendData()	INFO: NO SE ENCONTRÓ EL ARCHIVO SOLICITADO. (/favicon.ico)
240718221558418 ThreadServer.run()	INFO: (20) > Thread :: Time: 8 milliseconds
240718221558419 ThreadServer.run()	INFO: (20) > END #
240718221603421 ThreadServer.run()	INFO: (20) > Thread waiting for new client....
