240724182147434 ThreadServer.run()	INFO: (20) > Thread waiting for new client....
240724182158479 ThreadServer.run()	INFO: (20) > Thread Accepting connection >
240724182158483 Request.getData()	INFO: (20) request: [GET / HTTP/1.1, Host: localhost:1000, Connection: keep-alive, sec-ch-ua: "Not/A)Brand";v="8", "Chromium";v="126", "Google Chrome";v="126", sec-ch-ua-mobile: ?0, sec-ch-ua-platform: "Windows", Upgrade-Insecure-Requests: 1, User-Agent: Mozilla/5.0 (Windows NT 10.0; Win64; x64) AppleWebKit/537.36 (KHTML, like Gecko) Chrome/126.0.0.0 Safari/537.36, Accept: text/html,application/xhtml+xml,application/xml;q=0.9,image/avif,image/webp,image/apng,*/*;q=0.8,application/signed-exchange;v=b3;q=0.7, Sec-Fetch-Site: same-origin, Sec-Fetch-Mode: navigate, Sec-Fetch-User: ?1, Sec-Fetch-Dest: document, Referer: http://localhost:1000/test01/, Accept-Encoding: gzip, deflate, br, zstd, Accept-Language: es-US,es;q=0.9,es-419;q=0.8,en;q=0.7, ]
240724182158572 Response.sendData()	INFO: GET / HTTP/1.1 || Host: localhost:1000 || Connection: keep-alive || sec-ch-ua: "Not/A)Brand";v="8", "Chromium";v="126", "Google Chrome";v="126" || sec-ch-ua-mobile: ?0 || sec-ch-ua-platform: "Windows" || Upgrade-Insecure-Requests: 1 || User-Agent: Mozilla/5.0 (Windows NT 10.0; Win64; x64) AppleWebKit/537.36 (KHTML, like Gecko) Chrome/126.0.0.0 Safari/537.36 || Accept: text/html,application/xhtml+xml,application/xml;q=0.9,image/avif,image/webp,image/apng,*/*;q=0.8,application/signed-exchange;v=b3;q=0.7 || Sec-Fetch-Site: same-origin || Sec-Fetch-Mode: navigate || Sec-Fetch-User: ?1 || Sec-Fetch-Dest: document || Referer: http://localhost:1000/test01/ || Accept-Encoding: gzip, deflate, br, zstd || Accept-Language: es-US,es;q=0.9,es-419;q=0.8,en;q=0.7 || 
240724182158587 Response.sendData()	INFO: requestContentType: 
240724182158594 Response.sendData()	INFO: GET / HTTP/1.1 
240724182158600 Response.sendData()	INFO:  Host: localhost:1000 
240724182158605 Response.sendData()	INFO:  
240724182158617 Response.sendData()	INFO: path: /
240724182158620 Response.sendData()	INFO: POST PARAMS : 
240724182158622 Response.sendData()	INFO: POST PAIRS MAP: {}
240724182158629 Response.sendData()	INFO: method: GET
240724182158632 Response.sendData()	INFO: path: /index.html
240724182158635 Response.sendData()	INFO: fileContentType: text/html
240724182158636 Response.sendData()	INFO: extension: html
240724182158643 Response.sendData()	INFO: fileContentType: text/html
240724182158646 Response.sendData()	INFO: GET: []
240724182158648 Response.sendData()	INFO: GET MAP: {}
240724182158650 Response.sendData()	INFO: POST PARAMS: 
240724182158652 Response.sendData()	INFO: POST PARAMS MAP: {}
240724182158653 Response.sendData()	INFO: POST PARAMS MAP`KEYS: []
240724182158657 ThreadServer.run()	INFO: (20) > Thread :: Time: 175 milliseconds
240724182158697 ThreadServer.run()	INFO: (20) > END #
240724182203707 ThreadServer.run()	INFO: (20) > Thread waiting for new client....
240724182759104 ThreadServer.run()	INFO: (20) > Thread Accepting connection >
240724182759110 Request.getData()	INFO: (20) request: [GET /test03/assets/css/ionicons.min.css HTTP/1.1, Host: localhost:1000, Connection: keep-alive, sec-ch-ua: "Not/A)Brand";v="8", "Chromium";v="126", "Google Chrome";v="126", sec-ch-ua-mobile: ?0, User-Agent: Mozilla/5.0 (Windows NT 10.0; Win64; x64) AppleWebKit/537.36 (KHTML, like Gecko) Chrome/126.0.0.0 Safari/537.36, sec-ch-ua-platform: "Windows", Accept: text/css,*/*;q=0.1, Sec-Fetch-Site: same-origin, Sec-Fetch-Mode: no-cors, Sec-Fetch-Dest: style, Referer: http://localhost:1000/test03/contact.html, Accept-Encoding: gzip, deflate, br, zstd, Accept-Language: es-US,es;q=0.9,es-419;q=0.8,en;q=0.7, ]
240724182759118 Response.sendData()	INFO: GET /test03/assets/css/ionicons.min.css HTTP/1.1 || Host: localhost:1000 || Connection: keep-alive || sec-ch-ua: "Not/A)Brand";v="8", "Chromium";v="126", "Google Chrome";v="126" || sec-ch-ua-mobile: ?0 || User-Agent: Mozilla/5.0 (Windows NT 10.0; Win64; x64) AppleWebKit/537.36 (KHTML, like Gecko) Chrome/126.0.0.0 Safari/537.36 || sec-ch-ua-platform: "Windows" || Accept: text/css,*/*;q=0.1 || Sec-Fetch-Site: same-origin || Sec-Fetch-Mode: no-cors || Sec-Fetch-Dest: style || Referer: http://localhost:1000/test03/contact.html || Accept-Encoding: gzip, deflate, br, zstd || Accept-Language: es-US,es;q=0.9,es-419;q=0.8,en;q=0.7 || 
240724182759131 Response.sendData()	INFO: requestContentType: 
240724182759138 Response.sendData()	INFO: GET /test03/assets/css/ionicons.min.css HTTP/1.1 
240724182759142 Response.sendData()	INFO:  Host: localhost:1000 
240724182759145 Response.sendData()	INFO:  
240724182759150 Response.sendData()	INFO: path: /test03/assets/css/ionicons.min.css
240724182759154 Response.sendData()	INFO: POST PARAMS : 
240724182759158 Response.sendData()	INFO: POST PAIRS MAP: {}
240724182759161 Response.sendData()	INFO: method: GET
240724182759165 Response.sendData()	INFO: path: /test03/assets/css/ionicons.min.css
240724182759171 Response.sendData()	INFO: fileContentType: text/css
240724182759176 Response.sendData()	INFO: extension: css
240724182759189 Response.sendData()	INFO: fileContentType: text/css
240724182759193 Response.sendData()	INFO: GET: []
240724182759198 Response.sendData()	INFO: GET MAP: {}
240724182759203 Response.sendData()	INFO: POST PARAMS: 
240724182759208 Response.sendData()	INFO: POST PARAMS MAP: {}
240724182759212 Response.sendData()	INFO: POST PARAMS MAP`KEYS: []
240724182759226 ThreadServer.run()	INFO: (20) > Thread :: Time: 117 milliseconds
240724182759230 ThreadServer.run()	INFO: (20) > END #
240724182804265 ThreadServer.run()	INFO: (20) > Thread waiting for new client....
