240718220352678 ThreadServer.run()	INFO: (21) > Thread waiting for new client....
240718220357910 ThreadServer.run()	INFO: (21) > Thread Accepting connection >
240718220357911 Request.getData()	INFO: (21) request: [GET /favicon.ico HTTP/1.1, Host: localhost:1000, Connection: keep-alive, sec-ch-ua: "Not/A)Brand";v="8", "Chromium";v="126", "Google Chrome";v="126", sec-ch-ua-mobile: ?0, User-Agent: Mozilla/5.0 (Windows NT 10.0; Win64; x64) AppleWebKit/537.36 (KHTML, like Gecko) Chrome/126.0.0.0 Safari/537.36, sec-ch-ua-platform: "Windows", Accept: */*, Sec-Fetch-Site: same-origin, Sec-Fetch-Mode: cors, Sec-Fetch-Dest: empty, Referer: http://localhost:1000/test02/displayFields.cc8, Accept-Encoding: gzip, deflate, br, zstd, Accept-Language: es-US,es;q=0.9,es-419;q=0.8,en;q=0.7, ]
240718220357913 Response.sendData()	INFO: GET /favicon.ico HTTP/1.1 || Host: localhost:1000 || Connection: keep-alive || sec-ch-ua: "Not/A)Brand";v="8", "Chromium";v="126", "Google Chrome";v="126" || sec-ch-ua-mobile: ?0 || User-Agent: Mozilla/5.0 (Windows NT 10.0; Win64; x64) AppleWebKit/537.36 (KHTML, like Gecko) Chrome/126.0.0.0 Safari/537.36 || sec-ch-ua-platform: "Windows" || Accept: */* || Sec-Fetch-Site: same-origin || Sec-Fetch-Mode: cors || Sec-Fetch-Dest: empty || Referer: http://localhost:1000/test02/displayFields.cc8 || Accept-Encoding: gzip, deflate, br, zstd || Accept-Language: es-US,es;q=0.9,es-419;q=0.8,en;q=0.7 || 
240718220357914 Response.sendData()	INFO: requestContentType: 
240718220357915 Response.sendData()	INFO: GET /favicon.ico HTTP/1.1 
240718220357916 Response.sendData()	INFO:  Host: localhost:1000 
240718220357917 Response.sendData()	INFO:  
240718220357918 Response.sendData()	INFO: path: /favicon.ico
240718220357919 Response.sendData()	INFO: POST PARAMS : 
240718220357919 Response.sendData()	INFO: POST PAIRS MAP: {}
240718220357920 Response.sendData()	INFO: method: GET
240718220357921 Response.sendData()	INFO: path: /favicon.ico
240718220357924 Response.sendData()	INFO: NO SE ENCONTRÓ EL ARCHIVO SOLICITADO. (/favicon.ico)
240718220357925 Response.sendData()	INFO: fileContentType: application/octet-stream
240718220357926 Response.sendData()	INFO: extension: ico
240718220357926 Response.sendData()	INFO: fileContentType: application/octet-stream
240718220357927 Response.sendData()	INFO: GET: []
240718220357928 Response.sendData()	INFO: GET MAP: {}
240718220357929 Response.sendData()	INFO: POST PARAMS: 
240718220357930 Response.sendData()	INFO: POST PARAMS MAP: {}
240718220357931 Response.sendData()	INFO: POST PARAMS MAP`KEYS: []
240718220357932 Response.sendData()	INFO: NO SE ENCONTRÓ EL ARCHIVO SOLICITADO. (/favicon.ico)
240718220357933 ThreadServer.run()	INFO: (21) > Thread :: Time: 22 milliseconds
240718220357933 ThreadServer.run()	INFO: (21) > END #
240718220402945 ThreadServer.run()	INFO: (21) > Thread waiting for new client....
