240724182147597 ThreadServer.run()	INFO: (21) > Thread waiting for new client....
240724182749162 ThreadServer.run()	INFO: (21) > Thread Accepting connection >
240724182749179 Request.getData()	INFO: (21) request: [GET /test03/assets/js/slick.min.js HTTP/1.1, Host: localhost:1000, Connection: keep-alive, sec-ch-ua: "Not/A)Brand";v="8", "Chromium";v="126", "Google Chrome";v="126", sec-ch-ua-mobile: ?0, User-Agent: Mozilla/5.0 (Windows NT 10.0; Win64; x64) AppleWebKit/537.36 (KHTML, like Gecko) Chrome/126.0.0.0 Safari/537.36, sec-ch-ua-platform: "Windows", Accept: */*, Sec-Fetch-Site: same-origin, Sec-Fetch-Mode: no-cors, Sec-Fetch-Dest: script, Referer: http://localhost:1000/test03/, Accept-Encoding: gzip, deflate, br, zstd, Accept-Language: es-US,es;q=0.9,es-419;q=0.8,en;q=0.7, ]
240724182749182 Response.sendData()	INFO: GET /test03/assets/js/slick.min.js HTTP/1.1 || Host: localhost:1000 || Connection: keep-alive || sec-ch-ua: "Not/A)Brand";v="8", "Chromium";v="126", "Google Chrome";v="126" || sec-ch-ua-mobile: ?0 || User-Agent: Mozilla/5.0 (Windows NT 10.0; Win64; x64) AppleWebKit/537.36 (KHTML, like Gecko) Chrome/126.0.0.0 Safari/537.36 || sec-ch-ua-platform: "Windows" || Accept: */* || Sec-Fetch-Site: same-origin || Sec-Fetch-Mode: no-cors || Sec-Fetch-Dest: script || Referer: http://localhost:1000/test03/ || Accept-Encoding: gzip, deflate, br, zstd || Accept-Language: es-US,es;q=0.9,es-419;q=0.8,en;q=0.7 || 
240724182749198 Response.sendData()	INFO: requestContentType: 
240724182749201 Response.sendData()	INFO: GET /test03/assets/js/slick.min.js HTTP/1.1 
240724182749207 Response.sendData()	INFO:  Host: localhost:1000 
240724182749211 Response.sendData()	INFO:  
240724182749213 Response.sendData()	INFO: path: /test03/assets/js/slick.min.js
240724182749214 Response.sendData()	INFO: POST PARAMS : 
240724182749216 Response.sendData()	INFO: POST PAIRS MAP: {}
240724182749218 Response.sendData()	INFO: method: GET
240724182749220 Response.sendData()	INFO: path: /test03/assets/js/slick.min.js
240724182749226 Response.sendData()	INFO: fileContentType: text/javascript
240724182749229 Response.sendData()	INFO: extension: js
240724182749230 Response.sendData()	INFO: fileContentType: text/javascript
240724182749231 Response.sendData()	INFO: GET: []
240724182749233 Response.sendData()	INFO: GET MAP: {}
240724182749234 Response.sendData()	INFO: POST PARAMS: 
240724182749251 Response.sendData()	INFO: POST PARAMS MAP: {}
240724182749264 Response.sendData()	INFO: POST PARAMS MAP`KEYS: []
240724182749282 ThreadServer.run()	INFO: (21) > Thread :: Time: 104 milliseconds
240724182749384 ThreadServer.run()	INFO: (21) > END #
240724182754403 ThreadServer.run()	INFO: (21) > Thread waiting for new client....
