240718221153690 ThreadServer.run()	INFO: (21) > Thread waiting for new client....
240718221157459 ThreadServer.run()	INFO: (21) > Thread Accepting connection >
240718221157461 Request.getData()	INFO: (21) request: [GET /favicon.ico HTTP/1.1, Host: localhost:1000, Connection: keep-alive, sec-ch-ua: "Not/A)Brand";v="8", "Chromium";v="126", "Google Chrome";v="126", sec-ch-ua-mobile: ?0, User-Agent: Mozilla/5.0 (Windows NT 10.0; Win64; x64) AppleWebKit/537.36 (KHTML, like Gecko) Chrome/126.0.0.0 Safari/537.36, sec-ch-ua-platform: "Windows", Accept: */*, Sec-Fetch-Site: same-origin, Sec-Fetch-Mode: cors, Sec-Fetch-Dest: empty, Referer: http://localhost:1000/test02, Accept-Encoding: gzip, deflate, br, zstd, Accept-Language: es-US,es;q=0.9,es-419;q=0.8,en;q=0.7, ]
240718221157463 Response.sendData()	INFO: GET /favicon.ico HTTP/1.1 || Host: localhost:1000 || Connection: keep-alive || sec-ch-ua: "Not/A)Brand";v="8", "Chromium";v="126", "Google Chrome";v="126" || sec-ch-ua-mobile: ?0 || User-Agent: Mozilla/5.0 (Windows NT 10.0; Win64; x64) AppleWebKit/537.36 (KHTML, like Gecko) Chrome/126.0.0.0 Safari/537.36 || sec-ch-ua-platform: "Windows" || Accept: */* || Sec-Fetch-Site: same-origin || Sec-Fetch-Mode: cors || Sec-Fetch-Dest: empty || Referer: http://localhost:1000/test02 || Accept-Encoding: gzip, deflate, br, zstd || Accept-Language: es-US,es;q=0.9,es-419;q=0.8,en;q=0.7 || 
240718221157465 Response.sendData()	INFO: requestContentType: 
240718221157466 Response.sendData()	INFO: GET /favicon.ico HTTP/1.1 
240718221157468 Response.sendData()	INFO:  Host: localhost:1000 
240718221157469 Response.sendData()	INFO:  
240718221157469 Response.sendData()	INFO: path: /favicon.ico
240718221157470 Response.sendData()	INFO: POST PARAMS : 
240718221157471 Response.sendData()	INFO: POST PAIRS MAP: {}
240718221157472 Response.sendData()	INFO: method: GET
240718221157472 Response.sendData()	INFO: path: /favicon.ico
240718221157473 Response.sendData()	INFO: NO SE ENCONTRÓ EL ARCHIVO SOLICITADO. (/favicon.ico)
240718221157474 Response.sendData()	INFO: fileContentType: application/octet-stream
240718221157475 Response.sendData()	INFO: extension: ico
240718221157476 Response.sendData()	INFO: fileContentType: application/octet-stream
240718221157477 Response.sendData()	INFO: GET: []
240718221157478 Response.sendData()	INFO: GET MAP: {}
240718221157478 Response.sendData()	INFO: POST PARAMS: 
240718221157479 Response.sendData()	INFO: POST PARAMS MAP: {}
240718221157480 Response.sendData()	INFO: POST PARAMS MAP`KEYS: []
240718221157481 Response.sendData()	INFO: NO SE ENCONTRÓ EL ARCHIVO SOLICITADO. (/favicon.ico)
240718221157482 ThreadServer.run()	INFO: (21) > Thread :: Time: 22 milliseconds
240718221157483 ThreadServer.run()	INFO: (21) > END #
240718221202496 ThreadServer.run()	INFO: (21) > Thread waiting for new client....
