240718175955848 ThreadServer.run()	INFO: (21) > Thread waiting for new client....
240718180009715 ThreadServer.run()	INFO: (21) > Thread Accepting connection >
240718180009717 Request.getData()	INFO: (21) request: [GET /favicon.ico HTTP/1.1, Host: localhost:1000, Connection: keep-alive, sec-ch-ua: "Not/A)Brand";v="8", "Chromium";v="126", "Google Chrome";v="126", sec-ch-ua-mobile: ?0, User-Agent: Mozilla/5.0 (Windows NT 10.0; Win64; x64) AppleWebKit/537.36 (KHTML, like Gecko) Chrome/126.0.0.0 Safari/537.36, sec-ch-ua-platform: "Windows", Accept: image/avif,image/webp,image/apng,image/svg+xml,image/*,*/*;q=0.8, Sec-Fetch-Site: same-origin, Sec-Fetch-Mode: no-cors, Sec-Fetch-Dest: image, Referer: http://localhost:1000/test02/, Accept-Encoding: gzip, deflate, br, zstd, Accept-Language: es-US,es;q=0.9,es-419;q=0.8,en;q=0.7, ]
240718180009719 Response.sendData()	INFO: GET /favicon.ico HTTP/1.1 || Host: localhost:1000 || Connection: keep-alive || sec-ch-ua: "Not/A)Brand";v="8", "Chromium";v="126", "Google Chrome";v="126" || sec-ch-ua-mobile: ?0 || User-Agent: Mozilla/5.0 (Windows NT 10.0; Win64; x64) AppleWebKit/537.36 (KHTML, like Gecko) Chrome/126.0.0.0 Safari/537.36 || sec-ch-ua-platform: "Windows" || Accept: image/avif,image/webp,image/apng,image/svg+xml,image/*,*/*;q=0.8 || Sec-Fetch-Site: same-origin || Sec-Fetch-Mode: no-cors || Sec-Fetch-Dest: image || Referer: http://localhost:1000/test02/ || Accept-Encoding: gzip, deflate, br, zstd || Accept-Language: es-US,es;q=0.9,es-419;q=0.8,en;q=0.7 || 
240718180009720 Response.sendData()	INFO: GET /favicon.ico HTTP/1.1 
240718180009721 Response.sendData()	INFO:  Host: localhost:1000 
240718180009722 Response.sendData()	INFO:  
240718180009724 Response.sendData()	INFO: path: /favicon.ico
240718180009725 Response.sendData()	INFO: method: GET
240718180009726 Response.sendData()	INFO: path: /favicon.ico
240718180009727 Response.sendData()	INFO: NO SE ENCONTRÓ EL ARCHIVO SOLICITADO. (/favicon.ico)
240718180009729 Response.sendData()	INFO: fileContentType: application/octet-stream
240718180009730 Response.sendData()	INFO: extension: ico
240718180009731 Response.sendData()	INFO: fileContentType: application/octet-stream
240718180009732 Response.sendData()	INFO: GET: []
240718180009733 Response.sendData()	INFO: GET MAP: {}
240718180009734 Response.sendData()	INFO: NO SE ENCONTRÓ EL ARCHIVO SOLICITADO. (/favicon.ico)
240718180009737 ThreadServer.run()	INFO: (21) > Thread :: Time: 20 milliseconds
240718180009738 ThreadServer.run()	INFO: (21) > END #
240718180014748 ThreadServer.run()	INFO: (21) > Thread waiting for new client....
