240718174335169 ThreadServer.run()	INFO: (21) > Thread waiting for new client....
240718175815400 ThreadServer.run()	INFO: (21) > Thread Accepting connection >
240718175815408 Request.getData()	INFO: (21) request: [GET /favicon.ico HTTP/1.1, Host: localhost:1000, Connection: keep-alive, sec-ch-ua: "Not/A)Brand";v="8", "Chromium";v="126", "Google Chrome";v="126", sec-ch-ua-mobile: ?0, User-Agent: Mozilla/5.0 (Windows NT 10.0; Win64; x64) AppleWebKit/537.36 (KHTML, like Gecko) Chrome/126.0.0.0 Safari/537.36, sec-ch-ua-platform: "Windows", Accept: */*, Sec-Fetch-Site: same-origin, Sec-Fetch-Mode: cors, Sec-Fetch-Dest: empty, Referer: http://localhost:1000/test02/displayFields.cc8?name=GET+-+application%2Fx-www-form-urlencoded&email=lab02%40galileo.edu, Accept-Encoding: gzip, deflate, br, zstd, Accept-Language: es-US,es;q=0.9,es-419;q=0.8,en;q=0.7, ]
240718175815409 Response.sendData()	INFO: GET /favicon.ico HTTP/1.1 || Host: localhost:1000 || Connection: keep-alive || sec-ch-ua: "Not/A)Brand";v="8", "Chromium";v="126", "Google Chrome";v="126" || sec-ch-ua-mobile: ?0 || User-Agent: Mozilla/5.0 (Windows NT 10.0; Win64; x64) AppleWebKit/537.36 (KHTML, like Gecko) Chrome/126.0.0.0 Safari/537.36 || sec-ch-ua-platform: "Windows" || Accept: */* || Sec-Fetch-Site: same-origin || Sec-Fetch-Mode: cors || Sec-Fetch-Dest: empty || Referer: http://localhost:1000/test02/displayFields.cc8?name=GET+-+application%2Fx-www-form-urlencoded&email=lab02%40galileo.edu || Accept-Encoding: gzip, deflate, br, zstd || Accept-Language: es-US,es;q=0.9,es-419;q=0.8,en;q=0.7 || 
240718175815411 Response.sendData()	INFO: GET /favicon.ico HTTP/1.1 
240718175815411 Response.sendData()	INFO:  Host: localhost:1000 
240718175815412 Response.sendData()	INFO:  
240718175815412 Response.sendData()	INFO: path: /favicon.ico
240718175815413 Response.sendData()	INFO: method: GET
240718175815413 Response.sendData()	INFO: path: /favicon.ico
240718175815414 Response.sendData()	INFO: NO SE ENCONTRÓ EL ARCHIVO SOLICITADO. (/favicon.ico)
240718175815414 Response.sendData()	INFO: fileContentType: application/octet-stream
240718175815414 Response.sendData()	INFO: extension: ico
240718175815415 Response.sendData()	INFO: fileContentType: application/octet-stream
240718175815415 Response.sendData()	INFO: GET: []
240718175815416 Response.sendData()	INFO: GET MAP: {}
240718175815416 Response.sendData()	INFO: NO SE ENCONTRÓ EL ARCHIVO SOLICITADO. (/favicon.ico)
240718175815417 ThreadServer.run()	INFO: (21) > Thread :: Time: 16 milliseconds
240718175815417 ThreadServer.run()	INFO: (21) > END #
240718175820431 ThreadServer.run()	INFO: (21) > Thread waiting for new client....
