240718182739057 ThreadServer.run()	INFO: (21) > Thread waiting for new client....
240718182836314 ThreadServer.run()	INFO: (21) > Thread Accepting connection >
240718182836316 Request.getData()	INFO: (21) request: [POST /test02/displayFields.cc8 HTTP/1.1, Host: localhost:1000, Connection: keep-alive, Content-Length: 49, Cache-Control: max-age=0, sec-ch-ua: "Not/A)Brand";v="8", "Chromium";v="126", "Google Chrome";v="126", sec-ch-ua-mobile: ?0, sec-ch-ua-platform: "Windows", Upgrade-Insecure-Requests: 1, Origin: http://localhost:1000, Content-Type: text/plain, User-Agent: Mozilla/5.0 (Windows NT 10.0; Win64; x64) AppleWebKit/537.36 (KHTML, like Gecko) Chrome/126.0.0.0 Safari/537.36, Accept: text/html,application/xhtml+xml,application/xml;q=0.9,image/avif,image/webp,image/apng,*/*;q=0.8,application/signed-exchange;v=b3;q=0.7, Sec-Fetch-Site: same-origin, Sec-Fetch-Mode: navigate, Sec-Fetch-User: ?1, Sec-Fetch-Dest: document, Referer: http://localhost:1000/test02/, Accept-Encoding: gzip, deflate, br, zstd, Accept-Language: es-US,es;q=0.9,es-419;q=0.8,en;q=0.7, name=POST - text/plain
email=lab02@galileo.edu
]
240718182836318 Response.sendData()	INFO: POST /test02/displayFields.cc8 HTTP/1.1 || Host: localhost:1000 || Connection: keep-alive || Content-Length: 49 || Cache-Control: max-age=0 || sec-ch-ua: "Not/A)Brand";v="8", "Chromium";v="126", "Google Chrome";v="126" || sec-ch-ua-mobile: ?0 || sec-ch-ua-platform: "Windows" || Upgrade-Insecure-Requests: 1 || Origin: http://localhost:1000 || Content-Type: text/plain || User-Agent: Mozilla/5.0 (Windows NT 10.0; Win64; x64) AppleWebKit/537.36 (KHTML, like Gecko) Chrome/126.0.0.0 Safari/537.36 || Accept: text/html,application/xhtml+xml,application/xml;q=0.9,image/avif,image/webp,image/apng,*/*;q=0.8,application/signed-exchange;v=b3;q=0.7 || Sec-Fetch-Site: same-origin || Sec-Fetch-Mode: navigate || Sec-Fetch-User: ?1 || Sec-Fetch-Dest: document || Referer: http://localhost:1000/test02/ || Accept-Encoding: gzip, deflate, br, zstd || Accept-Language: es-US,es;q=0.9,es-419;q=0.8,en;q=0.7 || name=POST - text/plain
email=lab02@galileo.edu

240718182836320 Response.sendData()	INFO: POST /test02/displayFields.cc8 HTTP/1.1 
240718182836320 Response.sendData()	INFO:  Host: localhost:1000 
240718182836321 Response.sendData()	INFO:  name=POST - text/plain
email=lab02@galileo.edu

240718182836322 Response.sendData()	INFO: path: /test02/displayFields.cc8
240718182836323 Response.sendData()	INFO: POST PARAMS :  name=POST - text/plain
email=lab02@galileo.edu

240718182836323 Response.sendData()	INFO: POST PAIRS MAP: { name=POST - text/plain
email=lab02@galileo.edu
}
240718182836324 Response.sendData()	INFO: method: POST
240718182836324 Response.sendData()	INFO: path: /test02/displayFields.cc8
240718182836325 Response.sendData()	INFO: fileContentType: application/octet-stream
240718182836326 Response.sendData()	INFO: extension: cc8
240718182836326 Response.sendData()	INFO: fileContentType: text/html
240718182836326 Response.sendData()	INFO: GET: []
240718182836327 Response.sendData()	INFO: GET MAP: {}
240718182836327 Response.sendData()	INFO: POST PARAMS:  name=POST - text/plain
email=lab02@galileo.edu

240718182836328 Response.sendData()	INFO: POST PARAMS MAP: { name=POST - text/plain
email=lab02@galileo.edu
}
240718182836329 ThreadServer.run()	INFO: (21) > Thread :: Time: 14 milliseconds
240718182836330 ThreadServer.run()	INFO: (21) > END #
240718182841338 ThreadServer.run()	INFO: (21) > Thread waiting for new client....
