240718213650275 ThreadServer.run()	INFO: (22) > Thread waiting for new client....
240718213659467 ThreadServer.run()	INFO: (22) > Thread Accepting connection >
240718213659469 Request.getData()	INFO: (22) request: [GET /test02/displayFields.cc8?name=GET+-+text%2Fplain&email=lab02%40galileo.edu HTTP/1.1, Host: localhost:1000, Connection: keep-alive, sec-ch-ua: "Not/A)Brand";v="8", "Chromium";v="126", "Google Chrome";v="126", sec-ch-ua-mobile: ?0, sec-ch-ua-platform: "Windows", Upgrade-Insecure-Requests: 1, User-Agent: Mozilla/5.0 (Windows NT 10.0; Win64; x64) AppleWebKit/537.36 (KHTML, like Gecko) Chrome/126.0.0.0 Safari/537.36, Accept: text/html,application/xhtml+xml,application/xml;q=0.9,image/avif,image/webp,image/apng,*/*;q=0.8,application/signed-exchange;v=b3;q=0.7, Sec-Fetch-Site: same-origin, Sec-Fetch-Mode: navigate, Sec-Fetch-User: ?1, Sec-Fetch-Dest: document, Referer: http://localhost:1000/test02, Accept-Encoding: gzip, deflate, br, zstd, Accept-Language: es-US,es;q=0.9,es-419;q=0.8,en;q=0.7, ]
240718213659471 Response.sendData()	INFO: GET /test02/displayFields.cc8?name=GET+-+text%2Fplain&email=lab02%40galileo.edu HTTP/1.1 || Host: localhost:1000 || Connection: keep-alive || sec-ch-ua: "Not/A)Brand";v="8", "Chromium";v="126", "Google Chrome";v="126" || sec-ch-ua-mobile: ?0 || sec-ch-ua-platform: "Windows" || Upgrade-Insecure-Requests: 1 || User-Agent: Mozilla/5.0 (Windows NT 10.0; Win64; x64) AppleWebKit/537.36 (KHTML, like Gecko) Chrome/126.0.0.0 Safari/537.36 || Accept: text/html,application/xhtml+xml,application/xml;q=0.9,image/avif,image/webp,image/apng,*/*;q=0.8,application/signed-exchange;v=b3;q=0.7 || Sec-Fetch-Site: same-origin || Sec-Fetch-Mode: navigate || Sec-Fetch-User: ?1 || Sec-Fetch-Dest: document || Referer: http://localhost:1000/test02 || Accept-Encoding: gzip, deflate, br, zstd || Accept-Language: es-US,es;q=0.9,es-419;q=0.8,en;q=0.7 || 
240718213659472 Response.sendData()	INFO: GET /test02/displayFields.cc8?name=GET+-+text%2Fplain&email=lab02%40galileo.edu HTTP/1.1 
240718213659473 Response.sendData()	INFO:  Host: localhost:1000 
240718213659473 Response.sendData()	INFO:  
240718213659474 Response.sendData()	INFO: path: /test02/displayFields.cc8?name=GET+-+text%2Fplain&email=lab02%40galileo.edu
240718213659475 Response.sendData()	INFO: POST PARAMS : 
240718213659476 Response.sendData()	INFO: POST PAIRS MAP: {}
240718213659476 Response.sendData()	INFO: method: GET
240718213659477 Response.sendData()	INFO: path: /test02/displayFields.cc8
240718213659479 Response.sendData()	INFO: fileContentType: application/octet-stream
240718213659479 Response.sendData()	INFO: extension: cc8
240718213659480 Response.sendData()	INFO: fileContentType: text/html
240718213659481 Response.sendData()	INFO: GET: [name=GET+-+text%2Fplain, email=lab02%40galileo.edu]
240718213659481 Response.sendData()	INFO: GET MAP: {name=GET - text/plain, email=lab02@galileo.edu}
240718213659482 Response.sendData()	INFO: POST PARAMS: 
240718213659482 Response.sendData()	INFO: POST PARAMS MAP: {}
240718213659483 Response.sendData()	INFO: POST PARAMS MAP`KEYS: []
240718213659484 ThreadServer.run()	INFO: (22) > Thread :: Time: 16 milliseconds
240718213659485 ThreadServer.run()	INFO: (22) > END #
240718213704492 ThreadServer.run()	INFO: (22) > Thread waiting for new client....
