240718221434215 ThreadServer.run()	INFO: (23) > Thread waiting for new client....
240718221453515 ThreadServer.run()	INFO: (23) > Thread Accepting connection >
240718221453516 Request.getData()	INFO: (23) request: [GET /test03/assets/js/jquery.min.js HTTP/1.1, Host: localhost:1000, Connection: keep-alive, sec-ch-ua: "Not/A)Brand";v="8", "Chromium";v="126", "Google Chrome";v="126", sec-ch-ua-mobile: ?0, User-Agent: Mozilla/5.0 (Windows NT 10.0; Win64; x64) AppleWebKit/537.36 (KHTML, like Gecko) Chrome/126.0.0.0 Safari/537.36, sec-ch-ua-platform: "Windows", Accept: */*, Sec-Fetch-Site: same-origin, Sec-Fetch-Mode: no-cors, Sec-Fetch-Dest: script, Referer: http://localhost:1000/test03/, Accept-Encoding: gzip, deflate, br, zstd, Accept-Language: es-US,es;q=0.9,es-419;q=0.8,en;q=0.7, ]
240718221453518 Response.sendData()	INFO: GET /test03/assets/js/jquery.min.js HTTP/1.1 || Host: localhost:1000 || Connection: keep-alive || sec-ch-ua: "Not/A)Brand";v="8", "Chromium";v="126", "Google Chrome";v="126" || sec-ch-ua-mobile: ?0 || User-Agent: Mozilla/5.0 (Windows NT 10.0; Win64; x64) AppleWebKit/537.36 (KHTML, like Gecko) Chrome/126.0.0.0 Safari/537.36 || sec-ch-ua-platform: "Windows" || Accept: */* || Sec-Fetch-Site: same-origin || Sec-Fetch-Mode: no-cors || Sec-Fetch-Dest: script || Referer: http://localhost:1000/test03/ || Accept-Encoding: gzip, deflate, br, zstd || Accept-Language: es-US,es;q=0.9,es-419;q=0.8,en;q=0.7 || 
240718221453521 Response.sendData()	INFO: requestContentType: 
240718221453522 Response.sendData()	INFO: GET /test03/assets/js/jquery.min.js HTTP/1.1 
240718221453523 Response.sendData()	INFO:  Host: localhost:1000 
240718221453525 Response.sendData()	INFO:  
240718221453526 Response.sendData()	INFO: path: /test03/assets/js/jquery.min.js
240718221453526 Response.sendData()	INFO: POST PARAMS : 
240718221453528 Response.sendData()	INFO: POST PAIRS MAP: {}
240718221453530 Response.sendData()	INFO: method: GET
240718221453539 Response.sendData()	INFO: path: /test03/assets/js/jquery.min.js
240718221453540 Response.sendData()	INFO: fileContentType: text/javascript
240718221453541 Response.sendData()	INFO: extension: js
240718221453542 Response.sendData()	INFO: fileContentType: text/javascript
240718221453543 Response.sendData()	INFO: GET: []
240718221453544 Response.sendData()	INFO: GET MAP: {}
240718221453545 Response.sendData()	INFO: POST PARAMS: 
240718221453546 Response.sendData()	INFO: POST PARAMS MAP: {}
240718221453546 Response.sendData()	INFO: POST PARAMS MAP`KEYS: []
240718221453548 ThreadServer.run()	INFO: (23) > Thread :: Time: 32 milliseconds
240718221453548 ThreadServer.run()	INFO: (23) > END #
240718221458561 ThreadServer.run()	INFO: (23) > Thread waiting for new client....
240718221509005 ThreadServer.run()	INFO: (23) > Thread Accepting connection >
240718221509006 Request.getData()	INFO: (23) request: [GET /favicon.ico HTTP/1.1, Host: localhost:1000, Connection: keep-alive, sec-ch-ua: "Not/A)Brand";v="8", "Chromium";v="126", "Google Chrome";v="126", sec-ch-ua-mobile: ?0, User-Agent: Mozilla/5.0 (Windows NT 10.0; Win64; x64) AppleWebKit/537.36 (KHTML, like Gecko) Chrome/126.0.0.0 Safari/537.36, sec-ch-ua-platform: "Windows", Accept: */*, Sec-Fetch-Site: same-origin, Sec-Fetch-Mode: cors, Sec-Fetch-Dest: empty, Referer: http://localhost:1000/test03/contact.html, Accept-Encoding: gzip, deflate, br, zstd, Accept-Language: es-US,es;q=0.9,es-419;q=0.8,en;q=0.7, ]
240718221509007 Response.sendData()	INFO: GET /favicon.ico HTTP/1.1 || Host: localhost:1000 || Connection: keep-alive || sec-ch-ua: "Not/A)Brand";v="8", "Chromium";v="126", "Google Chrome";v="126" || sec-ch-ua-mobile: ?0 || User-Agent: Mozilla/5.0 (Windows NT 10.0; Win64; x64) AppleWebKit/537.36 (KHTML, like Gecko) Chrome/126.0.0.0 Safari/537.36 || sec-ch-ua-platform: "Windows" || Accept: */* || Sec-Fetch-Site: same-origin || Sec-Fetch-Mode: cors || Sec-Fetch-Dest: empty || Referer: http://localhost:1000/test03/contact.html || Accept-Encoding: gzip, deflate, br, zstd || Accept-Language: es-US,es;q=0.9,es-419;q=0.8,en;q=0.7 || 
240718221509008 Response.sendData()	INFO: requestContentType: 
240718221509008 Response.sendData()	INFO: GET /favicon.ico HTTP/1.1 
240718221509009 Response.sendData()	INFO:  Host: localhost:1000 
240718221509009 Response.sendData()	INFO:  
240718221509009 Response.sendData()	INFO: path: /favicon.ico
240718221509010 Response.sendData()	INFO: POST PARAMS : 
240718221509010 Response.sendData()	INFO: POST PAIRS MAP: {}
240718221509010 Response.sendData()	INFO: method: GET
240718221509011 Response.sendData()	INFO: path: /favicon.ico
240718221509011 Response.sendData()	INFO: NO SE ENCONTRÓ EL ARCHIVO SOLICITADO. (/favicon.ico)
240718221509012 Response.sendData()	INFO: fileContentType: application/octet-stream
240718221509012 Response.sendData()	INFO: extension: ico
240718221509012 Response.sendData()	INFO: fileContentType: application/octet-stream
240718221509013 Response.sendData()	INFO: GET: []
240718221509013 Response.sendData()	INFO: GET MAP: {}
240718221509013 Response.sendData()	INFO: POST PARAMS: 
240718221509014 Response.sendData()	INFO: POST PARAMS MAP: {}
240718221509014 Response.sendData()	INFO: POST PARAMS MAP`KEYS: []
240718221509015 Response.sendData()	INFO: NO SE ENCONTRÓ EL ARCHIVO SOLICITADO. (/favicon.ico)
240718221509015 ThreadServer.run()	INFO: (23) > Thread :: Time: 9 milliseconds
240718221509016 ThreadServer.run()	INFO: (23) > END #
240718221514018 ThreadServer.run()	INFO: (23) > Thread waiting for new client....
240718221547165 ThreadServer.run()	INFO: (23) > Thread Accepting connection >
240718221547166 Request.getData()	INFO: (23) request: [GET /favicon.ico HTTP/1.1, Host: localhost:1000, Connection: keep-alive, sec-ch-ua: "Not/A)Brand";v="8", "Chromium";v="126", "Google Chrome";v="126", sec-ch-ua-mobile: ?0, User-Agent: Mozilla/5.0 (Windows NT 10.0; Win64; x64) AppleWebKit/537.36 (KHTML, like Gecko) Chrome/126.0.0.0 Safari/537.36, sec-ch-ua-platform: "Windows", Accept: */*, Sec-Fetch-Site: same-origin, Sec-Fetch-Mode: cors, Sec-Fetch-Dest: empty, Referer: http://localhost:1000/, Accept-Encoding: gzip, deflate, br, zstd, Accept-Language: es-US,es;q=0.9,es-419;q=0.8,en;q=0.7, ]
240718221547166 Response.sendData()	INFO: GET /favicon.ico HTTP/1.1 || Host: localhost:1000 || Connection: keep-alive || sec-ch-ua: "Not/A)Brand";v="8", "Chromium";v="126", "Google Chrome";v="126" || sec-ch-ua-mobile: ?0 || User-Agent: Mozilla/5.0 (Windows NT 10.0; Win64; x64) AppleWebKit/537.36 (KHTML, like Gecko) Chrome/126.0.0.0 Safari/537.36 || sec-ch-ua-platform: "Windows" || Accept: */* || Sec-Fetch-Site: same-origin || Sec-Fetch-Mode: cors || Sec-Fetch-Dest: empty || Referer: http://localhost:1000/ || Accept-Encoding: gzip, deflate, br, zstd || Accept-Language: es-US,es;q=0.9,es-419;q=0.8,en;q=0.7 || 
240718221547167 Response.sendData()	INFO: requestContentType: 
240718221547168 Response.sendData()	INFO: GET /favicon.ico HTTP/1.1 
240718221547168 Response.sendData()	INFO:  Host: localhost:1000 
240718221547168 Response.sendData()	INFO:  
240718221547169 Response.sendData()	INFO: path: /favicon.ico
240718221547169 Response.sendData()	INFO: POST PARAMS : 
240718221547169 Response.sendData()	INFO: POST PAIRS MAP: {}
240718221547169 Response.sendData()	INFO: method: GET
240718221547170 Response.sendData()	INFO: path: /favicon.ico
240718221547170 Response.sendData()	INFO: NO SE ENCONTRÓ EL ARCHIVO SOLICITADO. (/favicon.ico)
240718221547171 Response.sendData()	INFO: fileContentType: application/octet-stream
240718221547171 Response.sendData()	INFO: extension: ico
240718221547171 Response.sendData()	INFO: fileContentType: application/octet-stream
240718221547172 Response.sendData()	INFO: GET: []
240718221547172 Response.sendData()	INFO: GET MAP: {}
240718221547172 Response.sendData()	INFO: POST PARAMS: 
240718221547173 Response.sendData()	INFO: POST PARAMS MAP: {}
240718221547173 Response.sendData()	INFO: POST PARAMS MAP`KEYS: []
240718221547173 Response.sendData()	INFO: NO SE ENCONTRÓ EL ARCHIVO SOLICITADO. (/favicon.ico)
240718221547174 ThreadServer.run()	INFO: (23) > Thread :: Time: 8 milliseconds
240718221547174 ThreadServer.run()	INFO: (23) > END #
240718221552186 ThreadServer.run()	INFO: (23) > Thread waiting for new client....
