240718201912273 ThreadServer.run()	INFO: (24) > Thread waiting for new client....
240718201922394 ThreadServer.run()	INFO: (24) > Thread Accepting connection >
240718201922395 Request.getData()	INFO: (24) request: [GET /favicon.ico HTTP/1.1, Host: localhost:1000, Connection: keep-alive, sec-ch-ua: "Not/A)Brand";v="8", "Chromium";v="126", "Google Chrome";v="126", sec-ch-ua-mobile: ?0, User-Agent: Mozilla/5.0 (Windows NT 10.0; Win64; x64) AppleWebKit/537.36 (KHTML, like Gecko) Chrome/126.0.0.0 Safari/537.36, sec-ch-ua-platform: "Windows", Accept: */*, Sec-Fetch-Site: same-origin, Sec-Fetch-Mode: cors, Sec-Fetch-Dest: empty, Referer: http://localhost:1000/test02/displayFields.cc8, Accept-Encoding: gzip, deflate, br, zstd, Accept-Language: es-US,es;q=0.9,es-419;q=0.8,en;q=0.7, ]
240718201922396 Response.sendData()	INFO: GET /favicon.ico HTTP/1.1 || Host: localhost:1000 || Connection: keep-alive || sec-ch-ua: "Not/A)Brand";v="8", "Chromium";v="126", "Google Chrome";v="126" || sec-ch-ua-mobile: ?0 || User-Agent: Mozilla/5.0 (Windows NT 10.0; Win64; x64) AppleWebKit/537.36 (KHTML, like Gecko) Chrome/126.0.0.0 Safari/537.36 || sec-ch-ua-platform: "Windows" || Accept: */* || Sec-Fetch-Site: same-origin || Sec-Fetch-Mode: cors || Sec-Fetch-Dest: empty || Referer: http://localhost:1000/test02/displayFields.cc8 || Accept-Encoding: gzip, deflate, br, zstd || Accept-Language: es-US,es;q=0.9,es-419;q=0.8,en;q=0.7 || 
240718201922397 Response.sendData()	INFO: GET /favicon.ico HTTP/1.1 
240718201922420 Response.sendData()	INFO:  Host: localhost:1000 
240718201922420 Response.sendData()	INFO:  
240718201922421 Response.sendData()	INFO: path: /favicon.ico
240718201922421 Response.sendData()	INFO: POST PARAMS : 
240718201922422 Response.sendData()	INFO: POST PAIRS MAP: {}
240718201922423 Response.sendData()	INFO: method: GET
240718201922424 Response.sendData()	INFO: path: /favicon.ico
240718201922425 Response.sendData()	INFO: NO SE ENCONTRÓ EL ARCHIVO SOLICITADO. (/favicon.ico)
240718201922426 Response.sendData()	INFO: fileContentType: application/octet-stream
240718201922427 Response.sendData()	INFO: extension: ico
240718201922427 Response.sendData()	INFO: fileContentType: application/octet-stream
240718201922428 Response.sendData()	INFO: GET: []
240718201922428 Response.sendData()	INFO: GET MAP: {}
240718201922428 Response.sendData()	INFO: POST PARAMS: 
240718201922429 Response.sendData()	INFO: POST PARAMS MAP: {}
240718201922429 Response.sendData()	INFO: POST PARAMS MAP`KEYS: []
240718201922430 Response.sendData()	INFO: NO SE ENCONTRÓ EL ARCHIVO SOLICITADO. (/favicon.ico)
240718201922431 ThreadServer.run()	INFO: (24) > Thread :: Time: 36 milliseconds
240718201922431 ThreadServer.run()	INFO: (24) > END #
240718201927442 ThreadServer.run()	INFO: (24) > Thread waiting for new client....
