240718221434217 ThreadServer.run()	INFO: (25) > Thread waiting for new client....
240718221453565 ThreadServer.run()	INFO: (25) > Thread Accepting connection >
240718221453566 Request.getData()	INFO: (25) request: [GET /test03/assets/js/bootstrap.min.js HTTP/1.1, Host: localhost:1000, Connection: keep-alive, sec-ch-ua: "Not/A)Brand";v="8", "Chromium";v="126", "Google Chrome";v="126", sec-ch-ua-mobile: ?0, User-Agent: Mozilla/5.0 (Windows NT 10.0; Win64; x64) AppleWebKit/537.36 (KHTML, like Gecko) Chrome/126.0.0.0 Safari/537.36, sec-ch-ua-platform: "Windows", Accept: */*, Sec-Fetch-Site: same-origin, Sec-Fetch-Mode: no-cors, Sec-Fetch-Dest: script, Referer: http://localhost:1000/test03/, Accept-Encoding: gzip, deflate, br, zstd, Accept-Language: es-US,es;q=0.9,es-419;q=0.8,en;q=0.7, ]
240718221453567 Response.sendData()	INFO: GET /test03/assets/js/bootstrap.min.js HTTP/1.1 || Host: localhost:1000 || Connection: keep-alive || sec-ch-ua: "Not/A)Brand";v="8", "Chromium";v="126", "Google Chrome";v="126" || sec-ch-ua-mobile: ?0 || User-Agent: Mozilla/5.0 (Windows NT 10.0; Win64; x64) AppleWebKit/537.36 (KHTML, like Gecko) Chrome/126.0.0.0 Safari/537.36 || sec-ch-ua-platform: "Windows" || Accept: */* || Sec-Fetch-Site: same-origin || Sec-Fetch-Mode: no-cors || Sec-Fetch-Dest: script || Referer: http://localhost:1000/test03/ || Accept-Encoding: gzip, deflate, br, zstd || Accept-Language: es-US,es;q=0.9,es-419;q=0.8,en;q=0.7 || 
240718221453569 Response.sendData()	INFO: requestContentType: 
240718221453569 Response.sendData()	INFO: GET /test03/assets/js/bootstrap.min.js HTTP/1.1 
240718221453569 Response.sendData()	INFO:  Host: localhost:1000 
240718221453570 Response.sendData()	INFO:  
240718221453571 Response.sendData()	INFO: path: /test03/assets/js/bootstrap.min.js
240718221453572 Response.sendData()	INFO: POST PARAMS : 
240718221453573 Response.sendData()	INFO: POST PAIRS MAP: {}
240718221453573 Response.sendData()	INFO: method: GET
240718221453573 Response.sendData()	INFO: path: /test03/assets/js/bootstrap.min.js
240718221453575 Response.sendData()	INFO: fileContentType: text/javascript
240718221453575 Response.sendData()	INFO: extension: js
240718221453576 Response.sendData()	INFO: fileContentType: text/javascript
240718221453576 Response.sendData()	INFO: GET: []
240718221453576 Response.sendData()	INFO: GET MAP: {}
240718221453577 Response.sendData()	INFO: POST PARAMS: 
240718221453577 Response.sendData()	INFO: POST PARAMS MAP: {}
240718221453577 Response.sendData()	INFO: POST PARAMS MAP`KEYS: []
240718221453579 ThreadServer.run()	INFO: (25) > Thread :: Time: 12 milliseconds
240718221453579 ThreadServer.run()	INFO: (25) > END #
240718221458592 ThreadServer.run()	INFO: (25) > Thread waiting for new client....
240718221523144 ThreadServer.run()	INFO: (25) > Thread Accepting connection >
240718221523145 Request.getData()	INFO: (25) request: [GET /test03/assets/css/et-line.css HTTP/1.1, Host: localhost:1000, Connection: keep-alive, sec-ch-ua: "Not/A)Brand";v="8", "Chromium";v="126", "Google Chrome";v="126", sec-ch-ua-mobile: ?0, User-Agent: Mozilla/5.0 (Windows NT 10.0; Win64; x64) AppleWebKit/537.36 (KHTML, like Gecko) Chrome/126.0.0.0 Safari/537.36, sec-ch-ua-platform: "Windows", Accept: text/css,*/*;q=0.1, Sec-Fetch-Site: same-origin, Sec-Fetch-Mode: no-cors, Sec-Fetch-Dest: style, Referer: http://localhost:1000/test03/contact.html, Accept-Encoding: gzip, deflate, br, zstd, Accept-Language: es-US,es;q=0.9,es-419;q=0.8,en;q=0.7, ]
240718221523148 Response.sendData()	INFO: GET /test03/assets/css/et-line.css HTTP/1.1 || Host: localhost:1000 || Connection: keep-alive || sec-ch-ua: "Not/A)Brand";v="8", "Chromium";v="126", "Google Chrome";v="126" || sec-ch-ua-mobile: ?0 || User-Agent: Mozilla/5.0 (Windows NT 10.0; Win64; x64) AppleWebKit/537.36 (KHTML, like Gecko) Chrome/126.0.0.0 Safari/537.36 || sec-ch-ua-platform: "Windows" || Accept: text/css,*/*;q=0.1 || Sec-Fetch-Site: same-origin || Sec-Fetch-Mode: no-cors || Sec-Fetch-Dest: style || Referer: http://localhost:1000/test03/contact.html || Accept-Encoding: gzip, deflate, br, zstd || Accept-Language: es-US,es;q=0.9,es-419;q=0.8,en;q=0.7 || 
240718221523151 Response.sendData()	INFO: requestContentType: 
240718221523155 Response.sendData()	INFO: GET /test03/assets/css/et-line.css HTTP/1.1 
240718221523156 Response.sendData()	INFO:  Host: localhost:1000 
240718221523157 Response.sendData()	INFO:  
240718221523159 Response.sendData()	INFO: path: /test03/assets/css/et-line.css
240718221523160 Response.sendData()	INFO: POST PARAMS : 
240718221523162 Response.sendData()	INFO: POST PAIRS MAP: {}
240718221523163 Response.sendData()	INFO: method: GET
240718221523165 Response.sendData()	INFO: path: /test03/assets/css/et-line.css
240718221523166 Response.sendData()	INFO: fileContentType: text/css
240718221523171 Response.sendData()	INFO: extension: css
240718221523173 Response.sendData()	INFO: fileContentType: text/css
240718221523174 Response.sendData()	INFO: GET: []
240718221523176 Response.sendData()	INFO: GET MAP: {}
240718221523177 Response.sendData()	INFO: POST PARAMS: 
240718221523178 Response.sendData()	INFO: POST PARAMS MAP: {}
240718221523180 Response.sendData()	INFO: POST PARAMS MAP`KEYS: []
240718221523182 ThreadServer.run()	INFO: (25) > Thread :: Time: 38 milliseconds
240718221523183 ThreadServer.run()	INFO: (25) > END #
240718221528198 ThreadServer.run()	INFO: (25) > Thread waiting for new client....
240718221552059 ThreadServer.run()	INFO: (25) > Thread Accepting connection >
240718221552060 Request.getData()	INFO: (25) request: [GET /favicon.ico HTTP/1.1, Host: localhost:1000, Connection: keep-alive, sec-ch-ua: "Not/A)Brand";v="8", "Chromium";v="126", "Google Chrome";v="126", sec-ch-ua-mobile: ?0, User-Agent: Mozilla/5.0 (Windows NT 10.0; Win64; x64) AppleWebKit/537.36 (KHTML, like Gecko) Chrome/126.0.0.0 Safari/537.36, sec-ch-ua-platform: "Windows", Accept: */*, Sec-Fetch-Site: same-origin, Sec-Fetch-Mode: cors, Sec-Fetch-Dest: empty, Referer: http://localhost:1000/test02/displayFields.cc8?name=GET+-+application%2Fx-www-form-urlencoded&email=lab02%40galileo.edu, Accept-Encoding: gzip, deflate, br, zstd, Accept-Language: es-US,es;q=0.9,es-419;q=0.8,en;q=0.7, ]
240718221552061 Response.sendData()	INFO: GET /favicon.ico HTTP/1.1 || Host: localhost:1000 || Connection: keep-alive || sec-ch-ua: "Not/A)Brand";v="8", "Chromium";v="126", "Google Chrome";v="126" || sec-ch-ua-mobile: ?0 || User-Agent: Mozilla/5.0 (Windows NT 10.0; Win64; x64) AppleWebKit/537.36 (KHTML, like Gecko) Chrome/126.0.0.0 Safari/537.36 || sec-ch-ua-platform: "Windows" || Accept: */* || Sec-Fetch-Site: same-origin || Sec-Fetch-Mode: cors || Sec-Fetch-Dest: empty || Referer: http://localhost:1000/test02/displayFields.cc8?name=GET+-+application%2Fx-www-form-urlencoded&email=lab02%40galileo.edu || Accept-Encoding: gzip, deflate, br, zstd || Accept-Language: es-US,es;q=0.9,es-419;q=0.8,en;q=0.7 || 
240718221552061 Response.sendData()	INFO: requestContentType: 
240718221552062 Response.sendData()	INFO: GET /favicon.ico HTTP/1.1 
240718221552062 Response.sendData()	INFO:  Host: localhost:1000 
240718221552062 Response.sendData()	INFO:  
240718221552063 Response.sendData()	INFO: path: /favicon.ico
240718221552063 Response.sendData()	INFO: POST PARAMS : 
240718221552063 Response.sendData()	INFO: POST PAIRS MAP: {}
240718221552063 Response.sendData()	INFO: method: GET
240718221552064 Response.sendData()	INFO: path: /favicon.ico
240718221552064 Response.sendData()	INFO: NO SE ENCONTRÓ EL ARCHIVO SOLICITADO. (/favicon.ico)
240718221552065 Response.sendData()	INFO: fileContentType: application/octet-stream
240718221552065 Response.sendData()	INFO: extension: ico
240718221552065 Response.sendData()	INFO: fileContentType: application/octet-stream
240718221552065 Response.sendData()	INFO: GET: []
240718221552066 Response.sendData()	INFO: GET MAP: {}
240718221552066 Response.sendData()	INFO: POST PARAMS: 
240718221552066 Response.sendData()	INFO: POST PARAMS MAP: {}
240718221552067 Response.sendData()	INFO: POST PARAMS MAP`KEYS: []
240718221552067 Response.sendData()	INFO: NO SE ENCONTRÓ EL ARCHIVO SOLICITADO. (/favicon.ico)
240718221552068 ThreadServer.run()	INFO: (25) > Thread :: Time: 9 milliseconds
240718221552068 ThreadServer.run()	INFO: (25) > END #
240718221557076 ThreadServer.run()	INFO: (25) > Thread waiting for new client....
