240718202130538 ThreadServer.run()	INFO: (25) > Thread waiting for new client....
240718204756040 ThreadServer.run()	INFO: (25) > Thread Accepting connection >
240718204756041 Request.getData()	INFO: (25) request: [GET /favicon.ico HTTP/1.1, Host: localhost:1000, Connection: keep-alive, sec-ch-ua: "Not/A)Brand";v="8", "Chromium";v="126", "Google Chrome";v="126", sec-ch-ua-mobile: ?0, User-Agent: Mozilla/5.0 (Windows NT 10.0; Win64; x64) AppleWebKit/537.36 (KHTML, like Gecko) Chrome/126.0.0.0 Safari/537.36, sec-ch-ua-platform: "Windows", Accept: */*, Sec-Fetch-Site: same-origin, Sec-Fetch-Mode: cors, Sec-Fetch-Dest: empty, Referer: http://localhost:1000/test02, Accept-Encoding: gzip, deflate, br, zstd, Accept-Language: es-US,es;q=0.9,es-419;q=0.8,en;q=0.7, ]
240718204756042 Response.sendData()	INFO: GET /favicon.ico HTTP/1.1 || Host: localhost:1000 || Connection: keep-alive || sec-ch-ua: "Not/A)Brand";v="8", "Chromium";v="126", "Google Chrome";v="126" || sec-ch-ua-mobile: ?0 || User-Agent: Mozilla/5.0 (Windows NT 10.0; Win64; x64) AppleWebKit/537.36 (KHTML, like Gecko) Chrome/126.0.0.0 Safari/537.36 || sec-ch-ua-platform: "Windows" || Accept: */* || Sec-Fetch-Site: same-origin || Sec-Fetch-Mode: cors || Sec-Fetch-Dest: empty || Referer: http://localhost:1000/test02 || Accept-Encoding: gzip, deflate, br, zstd || Accept-Language: es-US,es;q=0.9,es-419;q=0.8,en;q=0.7 || 
240718204756043 Response.sendData()	INFO: GET /favicon.ico HTTP/1.1 
240718204756044 Response.sendData()	INFO:  Host: localhost:1000 
240718204756044 Response.sendData()	INFO:  
240718204756045 Response.sendData()	INFO: path: /favicon.ico
240718204756045 Response.sendData()	INFO: POST PARAMS : 
240718204756046 Response.sendData()	INFO: POST PAIRS MAP: {}
240718204756046 Response.sendData()	INFO: method: GET
240718204756047 Response.sendData()	INFO: path: /favicon.ico
240718204756047 Response.sendData()	INFO: NO SE ENCONTRÓ EL ARCHIVO SOLICITADO. (/favicon.ico)
240718204756048 Response.sendData()	INFO: fileContentType: application/octet-stream
240718204756048 Response.sendData()	INFO: extension: ico
240718204756049 Response.sendData()	INFO: fileContentType: application/octet-stream
240718204756049 Response.sendData()	INFO: GET: []
240718204756050 Response.sendData()	INFO: GET MAP: {}
240718204756050 Response.sendData()	INFO: POST PARAMS: 
240718204756050 Response.sendData()	INFO: POST PARAMS MAP: {}
240718204756051 Response.sendData()	INFO: POST PARAMS MAP`KEYS: []
240718204756051 Response.sendData()	INFO: NO SE ENCONTRÓ EL ARCHIVO SOLICITADO. (/favicon.ico)
240718204756052 ThreadServer.run()	INFO: (25) > Thread :: Time: 11 milliseconds
240718204756053 ThreadServer.run()	INFO: (25) > END #
240718204801056 ThreadServer.run()	INFO: (25) > Thread waiting for new client....
