240718182739040 ThreadServer.run()	INFO: (25) > Thread waiting for new client....
240718182807819 ThreadServer.run()	INFO: (25) > Thread Accepting connection >
240718182807821 Request.getData()	INFO: (25) request: [GET /favicon.ico HTTP/1.1, Host: localhost:1000, Connection: keep-alive, sec-ch-ua: "Not/A)Brand";v="8", "Chromium";v="126", "Google Chrome";v="126", sec-ch-ua-mobile: ?0, User-Agent: Mozilla/5.0 (Windows NT 10.0; Win64; x64) AppleWebKit/537.36 (KHTML, like Gecko) Chrome/126.0.0.0 Safari/537.36, sec-ch-ua-platform: "Windows", Accept: */*, Sec-Fetch-Site: same-origin, Sec-Fetch-Mode: cors, Sec-Fetch-Dest: empty, Referer: http://localhost:1000/test02/displayFields.cc8, Accept-Encoding: gzip, deflate, br, zstd, Accept-Language: es-US,es;q=0.9,es-419;q=0.8,en;q=0.7, ]
240718182807822 Response.sendData()	INFO: GET /favicon.ico HTTP/1.1 || Host: localhost:1000 || Connection: keep-alive || sec-ch-ua: "Not/A)Brand";v="8", "Chromium";v="126", "Google Chrome";v="126" || sec-ch-ua-mobile: ?0 || User-Agent: Mozilla/5.0 (Windows NT 10.0; Win64; x64) AppleWebKit/537.36 (KHTML, like Gecko) Chrome/126.0.0.0 Safari/537.36 || sec-ch-ua-platform: "Windows" || Accept: */* || Sec-Fetch-Site: same-origin || Sec-Fetch-Mode: cors || Sec-Fetch-Dest: empty || Referer: http://localhost:1000/test02/displayFields.cc8 || Accept-Encoding: gzip, deflate, br, zstd || Accept-Language: es-US,es;q=0.9,es-419;q=0.8,en;q=0.7 || 
240718182807823 Response.sendData()	INFO: GET /favicon.ico HTTP/1.1 
240718182807824 Response.sendData()	INFO:  Host: localhost:1000 
240718182807824 Response.sendData()	INFO:  
240718182807825 Response.sendData()	INFO: path: /favicon.ico
240718182807826 Response.sendData()	INFO: POST PARAMS :  
240718182807826 Response.sendData()	INFO: POST PAIRS MAP: {}
240718182807827 Response.sendData()	INFO: method: GET
240718182807827 Response.sendData()	INFO: path: /favicon.ico
240718182807828 Response.sendData()	INFO: NO SE ENCONTRÓ EL ARCHIVO SOLICITADO. (/favicon.ico)
240718182807829 Response.sendData()	INFO: fileContentType: application/octet-stream
240718182807829 Response.sendData()	INFO: extension: ico
240718182807830 Response.sendData()	INFO: fileContentType: application/octet-stream
240718182807830 Response.sendData()	INFO: GET: []
240718182807831 Response.sendData()	INFO: GET MAP: {}
240718182807831 Response.sendData()	INFO: POST PARAMS:  
240718182807832 Response.sendData()	INFO: POST PARAMS MAP: {}
240718182807832 Response.sendData()	INFO: NO SE ENCONTRÓ EL ARCHIVO SOLICITADO. (/favicon.ico)
240718182807833 ThreadServer.run()	INFO: (25) > Thread :: Time: 13 milliseconds
240718182807834 ThreadServer.run()	INFO: (25) > END #
240718182812838 ThreadServer.run()	INFO: (25) > Thread waiting for new client....
