240718213650273 ThreadServer.run()	INFO: (25) > Thread waiting for new client....
240718213713260 ThreadServer.run()	INFO: (25) > Thread Accepting connection >
240718213713262 Request.getData()	INFO: (25) request: [GET /favicon.ico HTTP/1.1, Host: localhost:1000, Connection: keep-alive, sec-ch-ua: "Not/A)Brand";v="8", "Chromium";v="126", "Google Chrome";v="126", sec-ch-ua-mobile: ?0, User-Agent: Mozilla/5.0 (Windows NT 10.0; Win64; x64) AppleWebKit/537.36 (KHTML, like Gecko) Chrome/126.0.0.0 Safari/537.36, sec-ch-ua-platform: "Windows", Accept: */*, Sec-Fetch-Site: same-origin, Sec-Fetch-Mode: cors, Sec-Fetch-Dest: empty, Referer: http://localhost:1000/test02, Accept-Encoding: gzip, deflate, br, zstd, Accept-Language: es-US,es;q=0.9,es-419;q=0.8,en;q=0.7, ]
240718213713265 Response.sendData()	INFO: GET /favicon.ico HTTP/1.1 || Host: localhost:1000 || Connection: keep-alive || sec-ch-ua: "Not/A)Brand";v="8", "Chromium";v="126", "Google Chrome";v="126" || sec-ch-ua-mobile: ?0 || User-Agent: Mozilla/5.0 (Windows NT 10.0; Win64; x64) AppleWebKit/537.36 (KHTML, like Gecko) Chrome/126.0.0.0 Safari/537.36 || sec-ch-ua-platform: "Windows" || Accept: */* || Sec-Fetch-Site: same-origin || Sec-Fetch-Mode: cors || Sec-Fetch-Dest: empty || Referer: http://localhost:1000/test02 || Accept-Encoding: gzip, deflate, br, zstd || Accept-Language: es-US,es;q=0.9,es-419;q=0.8,en;q=0.7 || 
240718213713267 Response.sendData()	INFO: GET /favicon.ico HTTP/1.1 
240718213713269 Response.sendData()	INFO:  Host: localhost:1000 
240718213713269 Response.sendData()	INFO:  
240718213713270 Response.sendData()	INFO: path: /favicon.ico
240718213713271 Response.sendData()	INFO: POST PARAMS : 
240718213713272 Response.sendData()	INFO: POST PAIRS MAP: {}
240718213713272 Response.sendData()	INFO: method: GET
240718213713273 Response.sendData()	INFO: path: /favicon.ico
240718213713274 Response.sendData()	INFO: NO SE ENCONTRÓ EL ARCHIVO SOLICITADO. (/favicon.ico)
240718213713274 Response.sendData()	INFO: fileContentType: application/octet-stream
240718213713275 Response.sendData()	INFO: extension: ico
240718213713276 Response.sendData()	INFO: fileContentType: application/octet-stream
240718213713279 Response.sendData()	INFO: GET: []
240718213713280 Response.sendData()	INFO: GET MAP: {}
240718213713281 Response.sendData()	INFO: POST PARAMS: 
240718213713283 Response.sendData()	INFO: POST PARAMS MAP: {}
240718213713284 Response.sendData()	INFO: POST PARAMS MAP`KEYS: []
240718213713285 Response.sendData()	INFO: NO SE ENCONTRÓ EL ARCHIVO SOLICITADO. (/favicon.ico)
240718213713287 ThreadServer.run()	INFO: (25) > Thread :: Time: 26 milliseconds
240718213713289 ThreadServer.run()	INFO: (25) > END #
240718213718297 ThreadServer.run()	INFO: (25) > Thread waiting for new client....
