240718221434230 ThreadServer.run()	INFO: (26) > Thread waiting for new client....
240718221436655 ThreadServer.run()	INFO: (26) > Thread Accepting connection >
240718221436657 Request.getData()	INFO: (26) request: [GET /favicon.ico HTTP/1.1, Host: localhost:1000, Connection: keep-alive, sec-ch-ua: "Not/A)Brand";v="8", "Chromium";v="126", "Google Chrome";v="126", sec-ch-ua-mobile: ?0, User-Agent: Mozilla/5.0 (Windows NT 10.0; Win64; x64) AppleWebKit/537.36 (KHTML, like Gecko) Chrome/126.0.0.0 Safari/537.36, sec-ch-ua-platform: "Windows", Accept: */*, Sec-Fetch-Site: same-origin, Sec-Fetch-Mode: cors, Sec-Fetch-Dest: empty, Referer: http://localhost:1000/test02, Accept-Encoding: gzip, deflate, br, zstd, Accept-Language: es-US,es;q=0.9,es-419;q=0.8,en;q=0.7, ]
240718221436660 Response.sendData()	INFO: GET /favicon.ico HTTP/1.1 || Host: localhost:1000 || Connection: keep-alive || sec-ch-ua: "Not/A)Brand";v="8", "Chromium";v="126", "Google Chrome";v="126" || sec-ch-ua-mobile: ?0 || User-Agent: Mozilla/5.0 (Windows NT 10.0; Win64; x64) AppleWebKit/537.36 (KHTML, like Gecko) Chrome/126.0.0.0 Safari/537.36 || sec-ch-ua-platform: "Windows" || Accept: */* || Sec-Fetch-Site: same-origin || Sec-Fetch-Mode: cors || Sec-Fetch-Dest: empty || Referer: http://localhost:1000/test02 || Accept-Encoding: gzip, deflate, br, zstd || Accept-Language: es-US,es;q=0.9,es-419;q=0.8,en;q=0.7 || 
240718221436663 Response.sendData()	INFO: requestContentType: 
240718221436664 Response.sendData()	INFO: GET /favicon.ico HTTP/1.1 
240718221436665 Response.sendData()	INFO:  Host: localhost:1000 
240718221436666 Response.sendData()	INFO:  
240718221436666 Response.sendData()	INFO: path: /favicon.ico
240718221436668 Response.sendData()	INFO: POST PARAMS : 
240718221436669 Response.sendData()	INFO: POST PAIRS MAP: {}
240718221436670 Response.sendData()	INFO: method: GET
240718221436670 Response.sendData()	INFO: path: /favicon.ico
240718221436672 Response.sendData()	INFO: NO SE ENCONTRÓ EL ARCHIVO SOLICITADO. (/favicon.ico)
240718221436673 Response.sendData()	INFO: fileContentType: application/octet-stream
240718221436675 Response.sendData()	INFO: extension: ico
240718221436675 Response.sendData()	INFO: fileContentType: application/octet-stream
240718221436677 Response.sendData()	INFO: GET: []
240718221436678 Response.sendData()	INFO: GET MAP: {}
240718221436680 Response.sendData()	INFO: POST PARAMS: 
240718221436681 Response.sendData()	INFO: POST PARAMS MAP: {}
240718221436682 Response.sendData()	INFO: POST PARAMS MAP`KEYS: []
240718221436683 Response.sendData()	INFO: NO SE ENCONTRÓ EL ARCHIVO SOLICITADO. (/favicon.ico)
240718221436686 ThreadServer.run()	INFO: (26) > Thread :: Time: 30 milliseconds
240718221436688 ThreadServer.run()	INFO: (26) > END #
240718221441697 ThreadServer.run()	INFO: (26) > Thread waiting for new client....
240718221505268 ThreadServer.run()	INFO: (26) > Thread Accepting connection >
240718221505270 Request.getData()	INFO: (26) request: [GET /test03/assets/css/animate.min.css HTTP/1.1, Host: localhost:1000, Connection: keep-alive, sec-ch-ua: "Not/A)Brand";v="8", "Chromium";v="126", "Google Chrome";v="126", sec-ch-ua-mobile: ?0, User-Agent: Mozilla/5.0 (Windows NT 10.0; Win64; x64) AppleWebKit/537.36 (KHTML, like Gecko) Chrome/126.0.0.0 Safari/537.36, sec-ch-ua-platform: "Windows", Accept: text/css,*/*;q=0.1, Sec-Fetch-Site: same-origin, Sec-Fetch-Mode: no-cors, Sec-Fetch-Dest: style, Referer: http://localhost:1000/test03/contact.html, Accept-Encoding: gzip, deflate, br, zstd, Accept-Language: es-US,es;q=0.9,es-419;q=0.8,en;q=0.7, ]
240718221505275 Response.sendData()	INFO: GET /test03/assets/css/animate.min.css HTTP/1.1 || Host: localhost:1000 || Connection: keep-alive || sec-ch-ua: "Not/A)Brand";v="8", "Chromium";v="126", "Google Chrome";v="126" || sec-ch-ua-mobile: ?0 || User-Agent: Mozilla/5.0 (Windows NT 10.0; Win64; x64) AppleWebKit/537.36 (KHTML, like Gecko) Chrome/126.0.0.0 Safari/537.36 || sec-ch-ua-platform: "Windows" || Accept: text/css,*/*;q=0.1 || Sec-Fetch-Site: same-origin || Sec-Fetch-Mode: no-cors || Sec-Fetch-Dest: style || Referer: http://localhost:1000/test03/contact.html || Accept-Encoding: gzip, deflate, br, zstd || Accept-Language: es-US,es;q=0.9,es-419;q=0.8,en;q=0.7 || 
240718221505278 Response.sendData()	INFO: requestContentType: 
240718221505279 Response.sendData()	INFO: GET /test03/assets/css/animate.min.css HTTP/1.1 
240718221505281 Response.sendData()	INFO:  Host: localhost:1000 
240718221505282 Response.sendData()	INFO:  
240718221505283 Response.sendData()	INFO: path: /test03/assets/css/animate.min.css
240718221505285 Response.sendData()	INFO: POST PARAMS : 
240718221505286 Response.sendData()	INFO: POST PAIRS MAP: {}
240718221505288 Response.sendData()	INFO: method: GET
240718221505290 Response.sendData()	INFO: path: /test03/assets/css/animate.min.css
240718221505293 Response.sendData()	INFO: fileContentType: text/css
240718221505294 Response.sendData()	INFO: extension: css
240718221505296 Response.sendData()	INFO: fileContentType: text/css
240718221505298 Response.sendData()	INFO: GET: []
240718221505299 Response.sendData()	INFO: GET MAP: {}
240718221505301 Response.sendData()	INFO: POST PARAMS: 
240718221505302 Response.sendData()	INFO: POST PARAMS MAP: {}
240718221505304 Response.sendData()	INFO: POST PARAMS MAP`KEYS: []
240718221505307 ThreadServer.run()	INFO: (26) > Thread :: Time: 37 milliseconds
240718221505308 ThreadServer.run()	INFO: (26) > END #
240718221510318 ThreadServer.run()	INFO: (26) > Thread waiting for new client....
240718221541431 ThreadServer.run()	INFO: (26) > Thread Accepting connection >
240718221541431 Request.getData()	INFO: (26) request: [GET /test03/assets/js/popper.js HTTP/1.1, Host: localhost:1000, Connection: keep-alive, sec-ch-ua: "Not/A)Brand";v="8", "Chromium";v="126", "Google Chrome";v="126", sec-ch-ua-mobile: ?0, User-Agent: Mozilla/5.0 (Windows NT 10.0; Win64; x64) AppleWebKit/537.36 (KHTML, like Gecko) Chrome/126.0.0.0 Safari/537.36, sec-ch-ua-platform: "Windows", Accept: */*, Sec-Fetch-Site: same-origin, Sec-Fetch-Mode: no-cors, Sec-Fetch-Dest: script, Referer: http://localhost:1000/test03/blog.html, Accept-Encoding: gzip, deflate, br, zstd, Accept-Language: es-US,es;q=0.9,es-419;q=0.8,en;q=0.7, ]
240718221541432 Response.sendData()	INFO: GET /test03/assets/js/popper.js HTTP/1.1 || Host: localhost:1000 || Connection: keep-alive || sec-ch-ua: "Not/A)Brand";v="8", "Chromium";v="126", "Google Chrome";v="126" || sec-ch-ua-mobile: ?0 || User-Agent: Mozilla/5.0 (Windows NT 10.0; Win64; x64) AppleWebKit/537.36 (KHTML, like Gecko) Chrome/126.0.0.0 Safari/537.36 || sec-ch-ua-platform: "Windows" || Accept: */* || Sec-Fetch-Site: same-origin || Sec-Fetch-Mode: no-cors || Sec-Fetch-Dest: script || Referer: http://localhost:1000/test03/blog.html || Accept-Encoding: gzip, deflate, br, zstd || Accept-Language: es-US,es;q=0.9,es-419;q=0.8,en;q=0.7 || 
240718221541434 Response.sendData()	INFO: requestContentType: 
240718221541435 Response.sendData()	INFO: GET /test03/assets/js/popper.js HTTP/1.1 
240718221541436 Response.sendData()	INFO:  Host: localhost:1000 
240718221541439 Response.sendData()	INFO:  
240718221541443 Response.sendData()	INFO: path: /test03/assets/js/popper.js
240718221541445 Response.sendData()	INFO: POST PARAMS : 
240718221541445 Response.sendData()	INFO: POST PAIRS MAP: {}
240718221541448 Response.sendData()	INFO: method: GET
240718221541449 Response.sendData()	INFO: path: /test03/assets/js/popper.js
240718221541451 Response.sendData()	INFO: fileContentType: text/javascript
240718221541452 Response.sendData()	INFO: extension: js
240718221541454 Response.sendData()	INFO: fileContentType: text/javascript
240718221541457 Response.sendData()	INFO: GET: []
240718221541458 Response.sendData()	INFO: GET MAP: {}
240718221541459 Response.sendData()	INFO: POST PARAMS: 
240718221541461 Response.sendData()	INFO: POST PARAMS MAP: {}
240718221541462 Response.sendData()	INFO: POST PARAMS MAP`KEYS: []
240718221541463 ThreadServer.run()	INFO: (26) > Thread :: Time: 32 milliseconds
240718221541465 ThreadServer.run()	INFO: (26) > END #
240718221546467 ThreadServer.run()	INFO: (26) > Thread waiting for new client....
240718221613541 ThreadServer.run()	INFO: (26) > Thread Accepting connection >
240718221613542 Request.getData()	INFO: (26) request: [POST /test02/displayFields.cc8 HTTP/1.1, Host: localhost:1000, Connection: keep-alive, Content-Length: 62, sec-ch-ua: "Not/A)Brand";v="8", "Chromium";v="126", "Google Chrome";v="126", sec-ch-ua-platform: "Windows", sec-ch-ua-mobile: ?0, User-Agent: Mozilla/5.0 (Windows NT 10.0; Win64; x64) AppleWebKit/537.36 (KHTML, like Gecko) Chrome/126.0.0.0 Safari/537.36, Content-Type: application/json; charset=UTF-8, Accept: */*, Origin: http://localhost:1000, Sec-Fetch-Site: same-origin, Sec-Fetch-Mode: cors, Sec-Fetch-Dest: empty, Referer: http://localhost:1000/test02, Accept-Encoding: gzip, deflate, br, zstd, Accept-Language: es-US,es;q=0.9,es-419;q=0.8,en;q=0.7, {"name":"POST - application/json","email":"lab02@galileo.edu"}]
240718221613543 Response.sendData()	INFO: POST /test02/displayFields.cc8 HTTP/1.1 || Host: localhost:1000 || Connection: keep-alive || Content-Length: 62 || sec-ch-ua: "Not/A)Brand";v="8", "Chromium";v="126", "Google Chrome";v="126" || sec-ch-ua-platform: "Windows" || sec-ch-ua-mobile: ?0 || User-Agent: Mozilla/5.0 (Windows NT 10.0; Win64; x64) AppleWebKit/537.36 (KHTML, like Gecko) Chrome/126.0.0.0 Safari/537.36 || Content-Type: application/json; charset=UTF-8 || Accept: */* || Origin: http://localhost:1000 || Sec-Fetch-Site: same-origin || Sec-Fetch-Mode: cors || Sec-Fetch-Dest: empty || Referer: http://localhost:1000/test02 || Accept-Encoding: gzip, deflate, br, zstd || Accept-Language: es-US,es;q=0.9,es-419;q=0.8,en;q=0.7 || {"name":"POST - application/json","email":"lab02@galileo.edu"}
240718221613543 Response.sendData()	INFO: requestContentType: application/json; charset=UTF-8 
240718221613544 Response.sendData()	INFO: POST /test02/displayFields.cc8 HTTP/1.1 
240718221613544 Response.sendData()	INFO:  Host: localhost:1000 
240718221613544 Response.sendData()	INFO:  {"name":"POST - application/json","email":"lab02@galileo.edu"}
240718221613544 Response.sendData()	INFO: path: /test02/displayFields.cc8
240718221613544 Response.sendData()	INFO: POST PARAMS : {"name":"POST - application/json","email":"lab02@galileo.edu"}
240718221613545 Response.sendData()	INFO: Post Params ARRAY: ["name":"POST - application/json", "email":"lab02@galileo.edu"]
240718221613545 Response.sendData()	INFO: Post Params ARRAY: 2
240718221613545 Response.sendData()	INFO: POST PAIRS MAP: {name=POST - application/json, email=lab02@galileo.edu}
240718221613545 Response.sendData()	INFO: method: POST
240718221613546 Response.sendData()	INFO: path: /test02/displayFields.cc8
240718221613546 Response.sendData()	INFO: fileContentType: application/octet-stream
240718221613546 Response.sendData()	INFO: extension: cc8
240718221613546 Response.sendData()	INFO: fileContentType: text/html
240718221613547 Response.sendData()	INFO: GET: []
240718221613547 Response.sendData()	INFO: GET MAP: {}
240718221613547 Response.sendData()	INFO: POST PARAMS: "name":"POST - application/json","email":"lab02@galileo.edu"
240718221613547 Response.sendData()	INFO: POST PARAMS MAP: {name=POST - application/json, email=lab02@galileo.edu}
240718221613548 Response.sendData()	INFO: POST PARAMS MAP`KEYS: [name, email]
240718221613549 ThreadServer.run()	INFO: (26) > Thread :: Time: 7 milliseconds
240718221613549 ThreadServer.run()	INFO: (26) > END #
