240718214538969 ThreadServer.run()	INFO: (27) > Thread waiting for new client....
240718214539046 ThreadServer.run()	INFO: (27) > Thread Accepting connection >
240718214539075 Request.getData()	INFO: (27) request: [GET /test02 HTTP/1.1, Host: localhost:1000, Connection: keep-alive, Cache-Control: max-age=0, sec-ch-ua: "Not/A)Brand";v="8", "Chromium";v="126", "Google Chrome";v="126", sec-ch-ua-mobile: ?0, sec-ch-ua-platform: "Windows", Upgrade-Insecure-Requests: 1, User-Agent: Mozilla/5.0 (Windows NT 10.0; Win64; x64) AppleWebKit/537.36 (KHTML, like Gecko) Chrome/126.0.0.0 Safari/537.36, Accept: text/html,application/xhtml+xml,application/xml;q=0.9,image/avif,image/webp,image/apng,*/*;q=0.8,application/signed-exchange;v=b3;q=0.7, Sec-Fetch-Site: same-origin, Sec-Fetch-Mode: navigate, Sec-Fetch-Dest: document, Referer: http://localhost:1000/test02/displayFields.cc8, Accept-Encoding: gzip, deflate, br, zstd, Accept-Language: es-US,es;q=0.9,es-419;q=0.8,en;q=0.7, ]
240718214539082 Response.sendData()	INFO: GET /test02 HTTP/1.1 || Host: localhost:1000 || Connection: keep-alive || Cache-Control: max-age=0 || sec-ch-ua: "Not/A)Brand";v="8", "Chromium";v="126", "Google Chrome";v="126" || sec-ch-ua-mobile: ?0 || sec-ch-ua-platform: "Windows" || Upgrade-Insecure-Requests: 1 || User-Agent: Mozilla/5.0 (Windows NT 10.0; Win64; x64) AppleWebKit/537.36 (KHTML, like Gecko) Chrome/126.0.0.0 Safari/537.36 || Accept: text/html,application/xhtml+xml,application/xml;q=0.9,image/avif,image/webp,image/apng,*/*;q=0.8,application/signed-exchange;v=b3;q=0.7 || Sec-Fetch-Site: same-origin || Sec-Fetch-Mode: navigate || Sec-Fetch-Dest: document || Referer: http://localhost:1000/test02/displayFields.cc8 || Accept-Encoding: gzip, deflate, br, zstd || Accept-Language: es-US,es;q=0.9,es-419;q=0.8,en;q=0.7 || 
240718214539086 Response.sendData()	INFO: requestContentType: 
240718214539087 Response.sendData()	INFO: GET /test02 HTTP/1.1 
240718214539088 Response.sendData()	INFO:  Host: localhost:1000 
240718214539089 Response.sendData()	INFO:  
240718214539090 Response.sendData()	INFO: path: /test02
240718214539092 Response.sendData()	INFO: POST PARAMS : 
240718214539093 Response.sendData()	INFO: POST PAIRS MAP: {}
240718214539098 Response.sendData()	INFO: method: GET
240718214539100 Response.sendData()	INFO: path: /test02/index.html
240718214539117 Response.sendData()	INFO: fileContentType: text/html
240718214539119 Response.sendData()	INFO: extension: html
240718214539120 Response.sendData()	INFO: fileContentType: text/html
240718214539122 Response.sendData()	INFO: GET: []
240718214539123 Response.sendData()	INFO: GET MAP: {}
240718214539124 Response.sendData()	INFO: POST PARAMS: 
240718214539125 Response.sendData()	INFO: POST PARAMS MAP: {}
240718214539127 Response.sendData()	INFO: POST PARAMS MAP`KEYS: []
240718214539163 ThreadServer.run()	INFO: (27) > Thread :: Time: 82 milliseconds
240718214539167 ThreadServer.run()	INFO: (27) > END #
240718214544179 ThreadServer.run()	INFO: (27) > Thread waiting for new client....
