240718213650275 ThreadServer.run()	INFO: (27) > Thread waiting for new client....
240718213859753 ThreadServer.run()	INFO: (27) > Thread Accepting connection >
240718213859754 Request.getData()	INFO: (27) request: [POST /test02/displayFields.cc8 HTTP/1.1, Host: localhost:1000, Connection: keep-alive, Content-Length: 73, Cache-Control: max-age=0, sec-ch-ua: "Not/A)Brand";v="8", "Chromium";v="126", "Google Chrome";v="126", sec-ch-ua-mobile: ?0, sec-ch-ua-platform: "Windows", Upgrade-Insecure-Requests: 1, Origin: http://localhost:1000, Content-Type: application/x-www-form-urlencoded, User-Agent: Mozilla/5.0 (Windows NT 10.0; Win64; x64) AppleWebKit/537.36 (KHTML, like Gecko) Chrome/126.0.0.0 Safari/537.36, Accept: text/html,application/xhtml+xml,application/xml;q=0.9,image/avif,image/webp,image/apng,*/*;q=0.8,application/signed-exchange;v=b3;q=0.7, Sec-Fetch-Site: same-origin, Sec-Fetch-Mode: navigate, Sec-Fetch-User: ?1, Sec-Fetch-Dest: document, Referer: http://localhost:1000/test02, Accept-Encoding: gzip, deflate, br, zstd, Accept-Language: es-US,es;q=0.9,es-419;q=0.8,en;q=0.7, name=POST+-+application%2Fx-www-form-urlencoded&email=lab02%40galileo.edu]
240718213859755 Response.sendData()	INFO: POST /test02/displayFields.cc8 HTTP/1.1 || Host: localhost:1000 || Connection: keep-alive || Content-Length: 73 || Cache-Control: max-age=0 || sec-ch-ua: "Not/A)Brand";v="8", "Chromium";v="126", "Google Chrome";v="126" || sec-ch-ua-mobile: ?0 || sec-ch-ua-platform: "Windows" || Upgrade-Insecure-Requests: 1 || Origin: http://localhost:1000 || Content-Type: application/x-www-form-urlencoded || User-Agent: Mozilla/5.0 (Windows NT 10.0; Win64; x64) AppleWebKit/537.36 (KHTML, like Gecko) Chrome/126.0.0.0 Safari/537.36 || Accept: text/html,application/xhtml+xml,application/xml;q=0.9,image/avif,image/webp,image/apng,*/*;q=0.8,application/signed-exchange;v=b3;q=0.7 || Sec-Fetch-Site: same-origin || Sec-Fetch-Mode: navigate || Sec-Fetch-User: ?1 || Sec-Fetch-Dest: document || Referer: http://localhost:1000/test02 || Accept-Encoding: gzip, deflate, br, zstd || Accept-Language: es-US,es;q=0.9,es-419;q=0.8,en;q=0.7 || name=POST+-+application%2Fx-www-form-urlencoded&email=lab02%40galileo.edu
240718213859756 Response.sendData()	INFO: POST /test02/displayFields.cc8 HTTP/1.1 
240718213859756 Response.sendData()	INFO:  Host: localhost:1000 
240718213859756 Response.sendData()	INFO:  name=POST+-+application%2Fx-www-form-urlencoded&email=lab02%40galileo.edu
240718213859757 Response.sendData()	INFO: path: /test02/displayFields.cc8
240718213859757 Response.sendData()	INFO: POST PARAMS : name=POST+-+application%2Fx-www-form-urlencoded&email=lab02%40galileo.edu
240718213859757 Response.sendData()	INFO: Post Params ARRAY: [name=POST+-+application%2Fx-www-form-urlencoded, email=lab02%40galileo.edu]
240718213859758 Response.sendData()	INFO: Post Params ARRAY: 2
240718213859758 Response.sendData()	INFO: POST PAIRS MAP: {name=POST - application/x-www-form-urlencoded, email=lab02@galileo.edu}
240718213859758 Response.sendData()	INFO: method: POST
240718213859759 Response.sendData()	INFO: path: /test02/displayFields.cc8
240718213859760 Response.sendData()	INFO: fileContentType: application/octet-stream
240718213859760 Response.sendData()	INFO: extension: cc8
240718213859760 Response.sendData()	INFO: fileContentType: text/html
240718213859761 Response.sendData()	INFO: GET: []
240718213859761 Response.sendData()	INFO: GET MAP: {}
240718213859761 Response.sendData()	INFO: POST PARAMS: name=POST+-+application%2Fx-www-form-urlencoded&email=lab02%40galileo.edu
240718213859762 Response.sendData()	INFO: POST PARAMS MAP: {name=POST - application/x-www-form-urlencoded, email=lab02@galileo.edu}
240718213859762 Response.sendData()	INFO: POST PARAMS MAP`KEYS: [name, email]
240718213859762 ThreadServer.run()	INFO: (27) > Thread :: Time: 9 milliseconds
240718213859763 ThreadServer.run()	INFO: (27) > END #
240718213904765 ThreadServer.run()	INFO: (27) > Thread waiting for new client....
