240718181307981 ThreadServer.run()	INFO: (27) > Thread waiting for new client....
240718181314451 ThreadServer.run()	INFO: (27) > Thread Accepting connection >
240718181314461 Request.getData()	INFO: (27) request: [GET /favicon.ico HTTP/1.1, Host: localhost:1000, Connection: keep-alive, sec-ch-ua: "Not/A)Brand";v="8", "Chromium";v="126", "Google Chrome";v="126", sec-ch-ua-mobile: ?0, User-Agent: Mozilla/5.0 (Windows NT 10.0; Win64; x64) AppleWebKit/537.36 (KHTML, like Gecko) Chrome/126.0.0.0 Safari/537.36, sec-ch-ua-platform: "Windows", Accept: image/avif,image/webp,image/apng,image/svg+xml,image/*,*/*;q=0.8, Sec-Fetch-Site: same-origin, Sec-Fetch-Mode: no-cors, Sec-Fetch-Dest: image, Referer: http://localhost:1000/test02/, Accept-Encoding: gzip, deflate, br, zstd, Accept-Language: es-US,es;q=0.9,es-419;q=0.8,en;q=0.7, ]
240718181314465 Response.sendData()	INFO: GET /favicon.ico HTTP/1.1 || Host: localhost:1000 || Connection: keep-alive || sec-ch-ua: "Not/A)Brand";v="8", "Chromium";v="126", "Google Chrome";v="126" || sec-ch-ua-mobile: ?0 || User-Agent: Mozilla/5.0 (Windows NT 10.0; Win64; x64) AppleWebKit/537.36 (KHTML, like Gecko) Chrome/126.0.0.0 Safari/537.36 || sec-ch-ua-platform: "Windows" || Accept: image/avif,image/webp,image/apng,image/svg+xml,image/*,*/*;q=0.8 || Sec-Fetch-Site: same-origin || Sec-Fetch-Mode: no-cors || Sec-Fetch-Dest: image || Referer: http://localhost:1000/test02/ || Accept-Encoding: gzip, deflate, br, zstd || Accept-Language: es-US,es;q=0.9,es-419;q=0.8,en;q=0.7 || 
240718181314466 Response.sendData()	INFO: GET /favicon.ico HTTP/1.1 
240718181314467 Response.sendData()	INFO:  Host: localhost:1000 
240718181314467 Response.sendData()	INFO:  
240718181314468 Response.sendData()	INFO: path: /favicon.ico
240718181314469 Response.sendData()	INFO: method: GET
240718181314470 Response.sendData()	INFO: path: /favicon.ico
240718181314471 Response.sendData()	INFO: NO SE ENCONTRÓ EL ARCHIVO SOLICITADO. (/favicon.ico)
240718181314478 Response.sendData()	INFO: fileContentType: application/octet-stream
240718181314479 Response.sendData()	INFO: extension: ico
240718181314480 Response.sendData()	INFO: fileContentType: application/octet-stream
240718181314480 Response.sendData()	INFO: GET: []
240718181314481 Response.sendData()	INFO: GET MAP: {}
240718181314481 Response.sendData()	INFO: POST PARAMS :  
240718181314482 Response.sendData()	INFO: NO SE ENCONTRÓ EL ARCHIVO SOLICITADO. (/favicon.ico)
240718181314500 ThreadServer.run()	INFO: (27) > Thread :: Time: 38 milliseconds
240718181314500 ThreadServer.run()	INFO: (27) > END #
240718181319515 ThreadServer.run()	INFO: (27) > Thread waiting for new client....
