240718221434236 ThreadServer.run()	INFO: (27) > Thread waiting for new client....
240718221453775 ThreadServer.run()	INFO: (27) > Thread Accepting connection >
240718221453776 Request.getData()	INFO: (27) request: [GET /test03/assets/js/main.js HTTP/1.1, Host: localhost:1000, Connection: keep-alive, sec-ch-ua: "Not/A)Brand";v="8", "Chromium";v="126", "Google Chrome";v="126", sec-ch-ua-mobile: ?0, User-Agent: Mozilla/5.0 (Windows NT 10.0; Win64; x64) AppleWebKit/537.36 (KHTML, like Gecko) Chrome/126.0.0.0 Safari/537.36, sec-ch-ua-platform: "Windows", Accept: */*, Sec-Fetch-Site: same-origin, Sec-Fetch-Mode: no-cors, Sec-Fetch-Dest: script, Referer: http://localhost:1000/test03/, Accept-Encoding: gzip, deflate, br, zstd, Accept-Language: es-US,es;q=0.9,es-419;q=0.8,en;q=0.7, ]
240718221453777 Response.sendData()	INFO: GET /test03/assets/js/main.js HTTP/1.1 || Host: localhost:1000 || Connection: keep-alive || sec-ch-ua: "Not/A)Brand";v="8", "Chromium";v="126", "Google Chrome";v="126" || sec-ch-ua-mobile: ?0 || User-Agent: Mozilla/5.0 (Windows NT 10.0; Win64; x64) AppleWebKit/537.36 (KHTML, like Gecko) Chrome/126.0.0.0 Safari/537.36 || sec-ch-ua-platform: "Windows" || Accept: */* || Sec-Fetch-Site: same-origin || Sec-Fetch-Mode: no-cors || Sec-Fetch-Dest: script || Referer: http://localhost:1000/test03/ || Accept-Encoding: gzip, deflate, br, zstd || Accept-Language: es-US,es;q=0.9,es-419;q=0.8,en;q=0.7 || 
240718221453778 Response.sendData()	INFO: requestContentType: 
240718221453778 Response.sendData()	INFO: GET /test03/assets/js/main.js HTTP/1.1 
240718221453778 Response.sendData()	INFO:  Host: localhost:1000 
240718221453778 Response.sendData()	INFO:  
240718221453779 Response.sendData()	INFO: path: /test03/assets/js/main.js
240718221453779 Response.sendData()	INFO: POST PARAMS : 
240718221453779 Response.sendData()	INFO: POST PAIRS MAP: {}
240718221453779 Response.sendData()	INFO: method: GET
240718221453780 Response.sendData()	INFO: path: /test03/assets/js/main.js
240718221453780 Response.sendData()	INFO: fileContentType: text/javascript
240718221453781 Response.sendData()	INFO: extension: js
240718221453781 Response.sendData()	INFO: fileContentType: text/javascript
240718221453781 Response.sendData()	INFO: GET: []
240718221453781 Response.sendData()	INFO: GET MAP: {}
240718221453782 Response.sendData()	INFO: POST PARAMS: 
240718221453782 Response.sendData()	INFO: POST PARAMS MAP: {}
240718221453783 Response.sendData()	INFO: POST PARAMS MAP`KEYS: []
240718221453784 ThreadServer.run()	INFO: (27) > Thread :: Time: 8 milliseconds
240718221453784 ThreadServer.run()	INFO: (27) > END #
240718221458794 ThreadServer.run()	INFO: (27) > Thread waiting for new client....
240718221523631 ThreadServer.run()	INFO: (27) > Thread Accepting connection >
240718221523632 Request.getData()	INFO: (27) request: [GET /test03/assets/css/bootstrap.min.css.map HTTP/1.1, Host: localhost:1000, Connection: keep-alive, Sec-Fetch-Site: same-origin, Sec-Fetch-Mode: no-cors, Sec-Fetch-Dest: empty, User-Agent: Mozilla/5.0 (Windows NT 10.0; Win64; x64) AppleWebKit/537.36 (KHTML, like Gecko) Chrome/126.0.0.0 Safari/537.36, Accept-Encoding: gzip, deflate, br, zstd, Accept-Language: es-US,es;q=0.9,es-419;q=0.8,en;q=0.7, ]
240718221523633 Response.sendData()	INFO: GET /test03/assets/css/bootstrap.min.css.map HTTP/1.1 || Host: localhost:1000 || Connection: keep-alive || Sec-Fetch-Site: same-origin || Sec-Fetch-Mode: no-cors || Sec-Fetch-Dest: empty || User-Agent: Mozilla/5.0 (Windows NT 10.0; Win64; x64) AppleWebKit/537.36 (KHTML, like Gecko) Chrome/126.0.0.0 Safari/537.36 || Accept-Encoding: gzip, deflate, br, zstd || Accept-Language: es-US,es;q=0.9,es-419;q=0.8,en;q=0.7 || 
240718221523634 Response.sendData()	INFO: requestContentType: 
240718221523634 Response.sendData()	INFO: GET /test03/assets/css/bootstrap.min.css.map HTTP/1.1 
240718221523634 Response.sendData()	INFO:  Host: localhost:1000 
240718221523635 Response.sendData()	INFO:  
240718221523635 Response.sendData()	INFO: path: /test03/assets/css/bootstrap.min.css.map
240718221523635 Response.sendData()	INFO: POST PARAMS : 
240718221523636 Response.sendData()	INFO: POST PAIRS MAP: {}
240718221523636 Response.sendData()	INFO: method: GET
240718221523636 Response.sendData()	INFO: path: /test03/assets/css/bootstrap.min.css.map
240718221523637 Response.sendData()	INFO: NO SE ENCONTRÓ EL ARCHIVO SOLICITADO. (/test03/assets/css/bootstrap.min.css.map)
240718221523637 Response.sendData()	INFO: fileContentType: application/octet-stream
240718221523638 Response.sendData()	INFO: extension: map
240718221523638 Response.sendData()	INFO: fileContentType: application/octet-stream
240718221523639 Response.sendData()	INFO: GET: []
240718221523639 Response.sendData()	INFO: GET MAP: {}
240718221523639 Response.sendData()	INFO: POST PARAMS: 
240718221523640 Response.sendData()	INFO: POST PARAMS MAP: {}
240718221523640 Response.sendData()	INFO: POST PARAMS MAP`KEYS: []
240718221523640 Response.sendData()	INFO: NO SE ENCONTRÓ EL ARCHIVO SOLICITADO. (/test03/assets/css/bootstrap.min.css.map)
240718221523641 ThreadServer.run()	INFO: (27) > Thread :: Time: 9 milliseconds
240718221523641 ThreadServer.run()	INFO: (27) > END #
240718221528644 ThreadServer.run()	INFO: (27) > Thread waiting for new client....
240718221556884 ThreadServer.run()	INFO: (27) > Thread Accepting connection >
240718221556884 Request.getData()	INFO: (27) request: [GET /favicon.ico HTTP/1.1, Host: localhost:1000, Connection: keep-alive, sec-ch-ua: "Not/A)Brand";v="8", "Chromium";v="126", "Google Chrome";v="126", sec-ch-ua-mobile: ?0, User-Agent: Mozilla/5.0 (Windows NT 10.0; Win64; x64) AppleWebKit/537.36 (KHTML, like Gecko) Chrome/126.0.0.0 Safari/537.36, sec-ch-ua-platform: "Windows", Accept: */*, Sec-Fetch-Site: same-origin, Sec-Fetch-Mode: cors, Sec-Fetch-Dest: empty, Referer: http://localhost:1000/test02, Accept-Encoding: gzip, deflate, br, zstd, Accept-Language: es-US,es;q=0.9,es-419;q=0.8,en;q=0.7, ]
240718221556885 Response.sendData()	INFO: GET /favicon.ico HTTP/1.1 || Host: localhost:1000 || Connection: keep-alive || sec-ch-ua: "Not/A)Brand";v="8", "Chromium";v="126", "Google Chrome";v="126" || sec-ch-ua-mobile: ?0 || User-Agent: Mozilla/5.0 (Windows NT 10.0; Win64; x64) AppleWebKit/537.36 (KHTML, like Gecko) Chrome/126.0.0.0 Safari/537.36 || sec-ch-ua-platform: "Windows" || Accept: */* || Sec-Fetch-Site: same-origin || Sec-Fetch-Mode: cors || Sec-Fetch-Dest: empty || Referer: http://localhost:1000/test02 || Accept-Encoding: gzip, deflate, br, zstd || Accept-Language: es-US,es;q=0.9,es-419;q=0.8,en;q=0.7 || 
240718221556886 Response.sendData()	INFO: requestContentType: 
240718221556886 Response.sendData()	INFO: GET /favicon.ico HTTP/1.1 
240718221556886 Response.sendData()	INFO:  Host: localhost:1000 
240718221556887 Response.sendData()	INFO:  
240718221556887 Response.sendData()	INFO: path: /favicon.ico
240718221556887 Response.sendData()	INFO: POST PARAMS : 
240718221556887 Response.sendData()	INFO: POST PAIRS MAP: {}
240718221556888 Response.sendData()	INFO: method: GET
240718221556888 Response.sendData()	INFO: path: /favicon.ico
240718221556888 Response.sendData()	INFO: NO SE ENCONTRÓ EL ARCHIVO SOLICITADO. (/favicon.ico)
240718221556888 Response.sendData()	INFO: fileContentType: application/octet-stream
240718221556889 Response.sendData()	INFO: extension: ico
240718221556889 Response.sendData()	INFO: fileContentType: application/octet-stream
240718221556889 Response.sendData()	INFO: GET: []
240718221556889 Response.sendData()	INFO: GET MAP: {}
240718221556890 Response.sendData()	INFO: POST PARAMS: 
240718221556890 Response.sendData()	INFO: POST PARAMS MAP: {}
240718221556890 Response.sendData()	INFO: POST PARAMS MAP`KEYS: []
240718221556891 Response.sendData()	INFO: NO SE ENCONTRÓ EL ARCHIVO SOLICITADO. (/favicon.ico)
240718221556891 ThreadServer.run()	INFO: (27) > Thread :: Time: 7 milliseconds
240718221556892 ThreadServer.run()	INFO: (27) > END #
240718221601904 ThreadServer.run()	INFO: (27) > Thread waiting for new client....
