240718221434221 ThreadServer.run()	INFO: (28) > Thread waiting for new client....
240718221453344 ThreadServer.run()	INFO: (28) > Thread Accepting connection >
240718221453346 Request.getData()	INFO: (28) request: [GET /test03/assets/css/animate.min.css HTTP/1.1, Host: localhost:1000, Connection: keep-alive, sec-ch-ua: "Not/A)Brand";v="8", "Chromium";v="126", "Google Chrome";v="126", sec-ch-ua-mobile: ?0, User-Agent: Mozilla/5.0 (Windows NT 10.0; Win64; x64) AppleWebKit/537.36 (KHTML, like Gecko) Chrome/126.0.0.0 Safari/537.36, sec-ch-ua-platform: "Windows", Accept: text/css,*/*;q=0.1, Sec-Fetch-Site: same-origin, Sec-Fetch-Mode: no-cors, Sec-Fetch-Dest: style, Referer: http://localhost:1000/test03/, Accept-Encoding: gzip, deflate, br, zstd, Accept-Language: es-US,es;q=0.9,es-419;q=0.8,en;q=0.7, ]
240718221453347 Response.sendData()	INFO: GET /test03/assets/css/animate.min.css HTTP/1.1 || Host: localhost:1000 || Connection: keep-alive || sec-ch-ua: "Not/A)Brand";v="8", "Chromium";v="126", "Google Chrome";v="126" || sec-ch-ua-mobile: ?0 || User-Agent: Mozilla/5.0 (Windows NT 10.0; Win64; x64) AppleWebKit/537.36 (KHTML, like Gecko) Chrome/126.0.0.0 Safari/537.36 || sec-ch-ua-platform: "Windows" || Accept: text/css,*/*;q=0.1 || Sec-Fetch-Site: same-origin || Sec-Fetch-Mode: no-cors || Sec-Fetch-Dest: style || Referer: http://localhost:1000/test03/ || Accept-Encoding: gzip, deflate, br, zstd || Accept-Language: es-US,es;q=0.9,es-419;q=0.8,en;q=0.7 || 
240718221453349 Response.sendData()	INFO: requestContentType: 
240718221453350 Response.sendData()	INFO: GET /test03/assets/css/animate.min.css HTTP/1.1 
240718221453351 Response.sendData()	INFO:  Host: localhost:1000 
240718221453351 Response.sendData()	INFO:  
240718221453352 Response.sendData()	INFO: path: /test03/assets/css/animate.min.css
240718221453352 Response.sendData()	INFO: POST PARAMS : 
240718221453353 Response.sendData()	INFO: POST PAIRS MAP: {}
240718221453353 Response.sendData()	INFO: method: GET
240718221453353 Response.sendData()	INFO: path: /test03/assets/css/animate.min.css
240718221453354 Response.sendData()	INFO: fileContentType: text/css
240718221453355 Response.sendData()	INFO: extension: css
240718221453355 Response.sendData()	INFO: fileContentType: text/css
240718221453356 Response.sendData()	INFO: GET: []
240718221453356 Response.sendData()	INFO: GET MAP: {}
240718221453357 Response.sendData()	INFO: POST PARAMS: 
240718221453357 Response.sendData()	INFO: POST PARAMS MAP: {}
240718221453357 Response.sendData()	INFO: POST PARAMS MAP`KEYS: []
240718221453359 ThreadServer.run()	INFO: (28) > Thread :: Time: 12 milliseconds
240718221453359 ThreadServer.run()	INFO: (28) > END #
240718221458373 ThreadServer.run()	INFO: (28) > Thread waiting for new client....
240718221505386 ThreadServer.run()	INFO: (28) > Thread Accepting connection >
240718221505393 Request.getData()	INFO: (28) request: [GET /test03/assets/js/isotope.js HTTP/1.1, Host: localhost:1000, Connection: keep-alive, sec-ch-ua: "Not/A)Brand";v="8", "Chromium";v="126", "Google Chrome";v="126", sec-ch-ua-mobile: ?0, User-Agent: Mozilla/5.0 (Windows NT 10.0; Win64; x64) AppleWebKit/537.36 (KHTML, like Gecko) Chrome/126.0.0.0 Safari/537.36, sec-ch-ua-platform: "Windows", Accept: */*, Sec-Fetch-Site: same-origin, Sec-Fetch-Mode: no-cors, Sec-Fetch-Dest: script, Referer: http://localhost:1000/test03/contact.html, Accept-Encoding: gzip, deflate, br, zstd, Accept-Language: es-US,es;q=0.9,es-419;q=0.8,en;q=0.7, ]
240718221505400 Response.sendData()	INFO: GET /test03/assets/js/isotope.js HTTP/1.1 || Host: localhost:1000 || Connection: keep-alive || sec-ch-ua: "Not/A)Brand";v="8", "Chromium";v="126", "Google Chrome";v="126" || sec-ch-ua-mobile: ?0 || User-Agent: Mozilla/5.0 (Windows NT 10.0; Win64; x64) AppleWebKit/537.36 (KHTML, like Gecko) Chrome/126.0.0.0 Safari/537.36 || sec-ch-ua-platform: "Windows" || Accept: */* || Sec-Fetch-Site: same-origin || Sec-Fetch-Mode: no-cors || Sec-Fetch-Dest: script || Referer: http://localhost:1000/test03/contact.html || Accept-Encoding: gzip, deflate, br, zstd || Accept-Language: es-US,es;q=0.9,es-419;q=0.8,en;q=0.7 || 
240718221505405 Response.sendData()	INFO: requestContentType: 
240718221505406 Response.sendData()	INFO: GET /test03/assets/js/isotope.js HTTP/1.1 
240718221505414 Response.sendData()	INFO:  Host: localhost:1000 
240718221505418 Response.sendData()	INFO:  
240718221505424 Response.sendData()	INFO: path: /test03/assets/js/isotope.js
240718221505425 Response.sendData()	INFO: POST PARAMS : 
240718221505426 Response.sendData()	INFO: POST PAIRS MAP: {}
240718221505427 Response.sendData()	INFO: method: GET
240718221505428 Response.sendData()	INFO: path: /test03/assets/js/isotope.js
240718221505430 Response.sendData()	INFO: fileContentType: text/javascript
240718221505430 Response.sendData()	INFO: extension: js
240718221505438 Response.sendData()	INFO: fileContentType: text/javascript
240718221505442 Response.sendData()	INFO: GET: []
240718221505444 Response.sendData()	INFO: GET MAP: {}
240718221505459 Response.sendData()	INFO: POST PARAMS: 
240718221505462 Response.sendData()	INFO: POST PARAMS MAP: {}
240718221505463 Response.sendData()	INFO: POST PARAMS MAP`KEYS: []
240718221505472 ThreadServer.run()	INFO: (28) > Thread :: Time: 79 milliseconds
240718221505478 ThreadServer.run()	INFO: (28) > END #
240718221510491 ThreadServer.run()	INFO: (28) > Thread waiting for new client....
240718221541535 ThreadServer.run()	INFO: (28) > Thread Accepting connection >
240718221541543 Request.getData()	INFO: (28) request: [GET /test03/assets/js/jquery.min.map HTTP/1.1, Host: localhost:1000, Connection: keep-alive, Sec-Fetch-Site: same-origin, Sec-Fetch-Mode: no-cors, Sec-Fetch-Dest: empty, User-Agent: Mozilla/5.0 (Windows NT 10.0; Win64; x64) AppleWebKit/537.36 (KHTML, like Gecko) Chrome/126.0.0.0 Safari/537.36, Accept-Encoding: gzip, deflate, br, zstd, Accept-Language: es-US,es;q=0.9,es-419;q=0.8,en;q=0.7, ]
240718221541545 Response.sendData()	INFO: GET /test03/assets/js/jquery.min.map HTTP/1.1 || Host: localhost:1000 || Connection: keep-alive || Sec-Fetch-Site: same-origin || Sec-Fetch-Mode: no-cors || Sec-Fetch-Dest: empty || User-Agent: Mozilla/5.0 (Windows NT 10.0; Win64; x64) AppleWebKit/537.36 (KHTML, like Gecko) Chrome/126.0.0.0 Safari/537.36 || Accept-Encoding: gzip, deflate, br, zstd || Accept-Language: es-US,es;q=0.9,es-419;q=0.8,en;q=0.7 || 
240718221541548 Response.sendData()	INFO: requestContentType: 
240718221541549 Response.sendData()	INFO: GET /test03/assets/js/jquery.min.map HTTP/1.1 
240718221541551 Response.sendData()	INFO:  Host: localhost:1000 
240718221541558 Response.sendData()	INFO:  
240718221541561 Response.sendData()	INFO: path: /test03/assets/js/jquery.min.map
240718221541562 Response.sendData()	INFO: POST PARAMS : 
240718221541563 Response.sendData()	INFO: POST PAIRS MAP: {}
240718221541564 Response.sendData()	INFO: method: GET
240718221541565 Response.sendData()	INFO: path: /test03/assets/js/jquery.min.map
240718221541566 Response.sendData()	INFO: NO SE ENCONTRÓ EL ARCHIVO SOLICITADO. (/test03/assets/js/jquery.min.map)
240718221541567 Response.sendData()	INFO: fileContentType: application/octet-stream
240718221541580 Response.sendData()	INFO: extension: map
240718221541583 Response.sendData()	INFO: fileContentType: application/octet-stream
240718221541583 Response.sendData()	INFO: GET: []
240718221541584 Response.sendData()	INFO: GET MAP: {}
240718221541585 Response.sendData()	INFO: POST PARAMS: 
240718221541587 Response.sendData()	INFO: POST PARAMS MAP: {}
240718221541589 Response.sendData()	INFO: POST PARAMS MAP`KEYS: []
240718221541590 Response.sendData()	INFO: NO SE ENCONTRÓ EL ARCHIVO SOLICITADO. (/test03/assets/js/jquery.min.map)
240718221541591 ThreadServer.run()	INFO: (28) > Thread :: Time: 49 milliseconds
240718221541592 ThreadServer.run()	INFO: (28) > END #
240718221546606 ThreadServer.run()	INFO: (28) > Thread waiting for new client....
