240718220231672 ThreadServer.run()	INFO: (29) > Thread waiting for new client....
240718220236043 ThreadServer.run()	INFO: (29) > Thread Accepting connection >
240718220236045 Request.getData()	INFO: (29) request: [GET /favicon.ico HTTP/1.1, Host: localhost:1000, Connection: keep-alive, sec-ch-ua: "Not/A)Brand";v="8", "Chromium";v="126", "Google Chrome";v="126", sec-ch-ua-mobile: ?0, User-Agent: Mozilla/5.0 (Windows NT 10.0; Win64; x64) AppleWebKit/537.36 (KHTML, like Gecko) Chrome/126.0.0.0 Safari/537.36, sec-ch-ua-platform: "Windows", Accept: */*, Sec-Fetch-Site: same-origin, Sec-Fetch-Mode: cors, Sec-Fetch-Dest: empty, Referer: http://localhost:1000/test02/displayFields.cc8, Accept-Encoding: gzip, deflate, br, zstd, Accept-Language: es-US,es;q=0.9,es-419;q=0.8,en;q=0.7, ]
240718220236046 Response.sendData()	INFO: GET /favicon.ico HTTP/1.1 || Host: localhost:1000 || Connection: keep-alive || sec-ch-ua: "Not/A)Brand";v="8", "Chromium";v="126", "Google Chrome";v="126" || sec-ch-ua-mobile: ?0 || User-Agent: Mozilla/5.0 (Windows NT 10.0; Win64; x64) AppleWebKit/537.36 (KHTML, like Gecko) Chrome/126.0.0.0 Safari/537.36 || sec-ch-ua-platform: "Windows" || Accept: */* || Sec-Fetch-Site: same-origin || Sec-Fetch-Mode: cors || Sec-Fetch-Dest: empty || Referer: http://localhost:1000/test02/displayFields.cc8 || Accept-Encoding: gzip, deflate, br, zstd || Accept-Language: es-US,es;q=0.9,es-419;q=0.8,en;q=0.7 || 
240718220236047 Response.sendData()	INFO: requestContentType: 
240718220236048 Response.sendData()	INFO: GET /favicon.ico HTTP/1.1 
240718220236049 Response.sendData()	INFO:  Host: localhost:1000 
240718220236050 Response.sendData()	INFO:  
240718220236050 Response.sendData()	INFO: path: /favicon.ico
240718220236051 Response.sendData()	INFO: POST PARAMS : 
240718220236052 Response.sendData()	INFO: POST PAIRS MAP: {}
240718220236053 Response.sendData()	INFO: method: GET
240718220236055 Response.sendData()	INFO: path: /favicon.ico
240718220236056 Response.sendData()	INFO: NO SE ENCONTRÓ EL ARCHIVO SOLICITADO. (/favicon.ico)
240718220236057 Response.sendData()	INFO: fileContentType: application/octet-stream
240718220236058 Response.sendData()	INFO: extension: ico
240718220236058 Response.sendData()	INFO: fileContentType: application/octet-stream
240718220236059 Response.sendData()	INFO: GET: []
240718220236059 Response.sendData()	INFO: GET MAP: {}
240718220236060 Response.sendData()	INFO: POST PARAMS: 
240718220236061 Response.sendData()	INFO: POST PARAMS MAP: {}
240718220236062 Response.sendData()	INFO: POST PARAMS MAP`KEYS: []
240718220236062 Response.sendData()	INFO: NO SE ENCONTRÓ EL ARCHIVO SOLICITADO. (/favicon.ico)
240718220236063 ThreadServer.run()	INFO: (29) > Thread :: Time: 19 milliseconds
240718220236064 ThreadServer.run()	INFO: (29) > END #
240718220241076 ThreadServer.run()	INFO: (29) > Thread waiting for new client....
