240718181725321 ThreadServer.run()	INFO: (29) > Thread waiting for new client....
240718181732501 ThreadServer.run()	INFO: (29) > Thread Accepting connection >
240718181732503 Request.getData()	INFO: (29) request: [GET /favicon.ico HTTP/1.1, Host: localhost:1000, Connection: keep-alive, sec-ch-ua: "Not/A)Brand";v="8", "Chromium";v="126", "Google Chrome";v="126", sec-ch-ua-mobile: ?0, User-Agent: Mozilla/5.0 (Windows NT 10.0; Win64; x64) AppleWebKit/537.36 (KHTML, like Gecko) Chrome/126.0.0.0 Safari/537.36, sec-ch-ua-platform: "Windows", Accept: image/avif,image/webp,image/apng,image/svg+xml,image/*,*/*;q=0.8, Sec-Fetch-Site: same-origin, Sec-Fetch-Mode: no-cors, Sec-Fetch-Dest: image, Referer: http://localhost:1000/test02/displayFields.cc8, Accept-Encoding: gzip, deflate, br, zstd, Accept-Language: es-US,es;q=0.9,es-419;q=0.8,en;q=0.7, ]
240718181732505 Response.sendData()	INFO: GET /favicon.ico HTTP/1.1 || Host: localhost:1000 || Connection: keep-alive || sec-ch-ua: "Not/A)Brand";v="8", "Chromium";v="126", "Google Chrome";v="126" || sec-ch-ua-mobile: ?0 || User-Agent: Mozilla/5.0 (Windows NT 10.0; Win64; x64) AppleWebKit/537.36 (KHTML, like Gecko) Chrome/126.0.0.0 Safari/537.36 || sec-ch-ua-platform: "Windows" || Accept: image/avif,image/webp,image/apng,image/svg+xml,image/*,*/*;q=0.8 || Sec-Fetch-Site: same-origin || Sec-Fetch-Mode: no-cors || Sec-Fetch-Dest: image || Referer: http://localhost:1000/test02/displayFields.cc8 || Accept-Encoding: gzip, deflate, br, zstd || Accept-Language: es-US,es;q=0.9,es-419;q=0.8,en;q=0.7 || 
240718181732507 Response.sendData()	INFO: GET /favicon.ico HTTP/1.1 
240718181732507 Response.sendData()	INFO:  Host: localhost:1000 
240718181732508 Response.sendData()	INFO:  
240718181732509 Response.sendData()	INFO: path: /favicon.ico
240718181732510 Response.sendData()	INFO: POST PARAMS :  
240718181732510 Response.sendData()	INFO: POST PAIRS MAP: {}
240718181732511 Response.sendData()	INFO: method: GET
240718181732512 Response.sendData()	INFO: path: /favicon.ico
240718181732513 Response.sendData()	INFO: NO SE ENCONTRÓ EL ARCHIVO SOLICITADO. (/favicon.ico)
240718181732514 Response.sendData()	INFO: fileContentType: application/octet-stream
240718181732515 Response.sendData()	INFO: extension: ico
240718181732516 Response.sendData()	INFO: fileContentType: application/octet-stream
240718181732517 Response.sendData()	INFO: GET: []
240718181732517 Response.sendData()	INFO: GET MAP: {}
240718181732518 Response.sendData()	INFO: POST PARAMS :  
240718181732519 Response.sendData()	INFO: NO SE ENCONTRÓ EL ARCHIVO SOLICITADO. (/favicon.ico)
240718181732520 ThreadServer.run()	INFO: (29) > Thread :: Time: 18 milliseconds
240718181732521 ThreadServer.run()	INFO: (29) > END #
240718181737530 ThreadServer.run()	INFO: (29) > Thread waiting for new client....
