240724182147626 ThreadServer.run()	INFO: (29) > Thread waiting for new client....
240724182749281 ThreadServer.run()	INFO: (29) > Thread Accepting connection >
240724182749388 Request.getData()	INFO: (29) request: [GET /test03/assets/js/isotope.js HTTP/1.1, Host: localhost:1000, Connection: keep-alive, sec-ch-ua: "Not/A)Brand";v="8", "Chromium";v="126", "Google Chrome";v="126", sec-ch-ua-mobile: ?0, User-Agent: Mozilla/5.0 (Windows NT 10.0; Win64; x64) AppleWebKit/537.36 (KHTML, like Gecko) Chrome/126.0.0.0 Safari/537.36, sec-ch-ua-platform: "Windows", Accept: */*, Sec-Fetch-Site: same-origin, Sec-Fetch-Mode: no-cors, Sec-Fetch-Dest: script, Referer: http://localhost:1000/test03/, Accept-Encoding: gzip, deflate, br, zstd, Accept-Language: es-US,es;q=0.9,es-419;q=0.8,en;q=0.7, ]
240724182749402 Response.sendData()	INFO: GET /test03/assets/js/isotope.js HTTP/1.1 || Host: localhost:1000 || Connection: keep-alive || sec-ch-ua: "Not/A)Brand";v="8", "Chromium";v="126", "Google Chrome";v="126" || sec-ch-ua-mobile: ?0 || User-Agent: Mozilla/5.0 (Windows NT 10.0; Win64; x64) AppleWebKit/537.36 (KHTML, like Gecko) Chrome/126.0.0.0 Safari/537.36 || sec-ch-ua-platform: "Windows" || Accept: */* || Sec-Fetch-Site: same-origin || Sec-Fetch-Mode: no-cors || Sec-Fetch-Dest: script || Referer: http://localhost:1000/test03/ || Accept-Encoding: gzip, deflate, br, zstd || Accept-Language: es-US,es;q=0.9,es-419;q=0.8,en;q=0.7 || 
240724182749433 Response.sendData()	INFO: requestContentType: 
240724182749441 Response.sendData()	INFO: GET /test03/assets/js/isotope.js HTTP/1.1 
240724182749452 Response.sendData()	INFO:  Host: localhost:1000 
240724182749492 Response.sendData()	INFO:  
240724182749494 Response.sendData()	INFO: path: /test03/assets/js/isotope.js
240724182749495 Response.sendData()	INFO: POST PARAMS : 
240724182749501 Response.sendData()	INFO: POST PAIRS MAP: {}
240724182749519 Response.sendData()	INFO: method: GET
240724182749522 Response.sendData()	INFO: path: /test03/assets/js/isotope.js
240724182749526 Response.sendData()	INFO: fileContentType: text/javascript
240724182749532 Response.sendData()	INFO: extension: js
240724182749537 Response.sendData()	INFO: fileContentType: text/javascript
240724182749538 Response.sendData()	INFO: GET: []
240724182749539 Response.sendData()	INFO: GET MAP: {}
240724182749540 Response.sendData()	INFO: POST PARAMS: 
240724182749542 Response.sendData()	INFO: POST PARAMS MAP: {}
240724182749547 Response.sendData()	INFO: POST PARAMS MAP`KEYS: []
240724182749555 ThreadServer.run()	INFO: (29) > Thread :: Time: 168 milliseconds
240724182749579 ThreadServer.run()	INFO: (29) > END #
240724182754657 ThreadServer.run()	INFO: (29) > Thread waiting for new client....
