240718221434203 ThreadServer.run()	INFO: (29) > Thread waiting for new client....
240718221453249 ThreadServer.run()	INFO: (29) > Thread Accepting connection >
240718221453250 Request.getData()	INFO: (29) request: [GET /test03/assets/css/font-awesome.min.css HTTP/1.1, Host: localhost:1000, Connection: keep-alive, sec-ch-ua: "Not/A)Brand";v="8", "Chromium";v="126", "Google Chrome";v="126", sec-ch-ua-mobile: ?0, User-Agent: Mozilla/5.0 (Windows NT 10.0; Win64; x64) AppleWebKit/537.36 (KHTML, like Gecko) Chrome/126.0.0.0 Safari/537.36, sec-ch-ua-platform: "Windows", Accept: text/css,*/*;q=0.1, Sec-Fetch-Site: same-origin, Sec-Fetch-Mode: no-cors, Sec-Fetch-Dest: style, Referer: http://localhost:1000/test03/, Accept-Encoding: gzip, deflate, br, zstd, Accept-Language: es-US,es;q=0.9,es-419;q=0.8,en;q=0.7, ]
240718221453251 Response.sendData()	INFO: GET /test03/assets/css/font-awesome.min.css HTTP/1.1 || Host: localhost:1000 || Connection: keep-alive || sec-ch-ua: "Not/A)Brand";v="8", "Chromium";v="126", "Google Chrome";v="126" || sec-ch-ua-mobile: ?0 || User-Agent: Mozilla/5.0 (Windows NT 10.0; Win64; x64) AppleWebKit/537.36 (KHTML, like Gecko) Chrome/126.0.0.0 Safari/537.36 || sec-ch-ua-platform: "Windows" || Accept: text/css,*/*;q=0.1 || Sec-Fetch-Site: same-origin || Sec-Fetch-Mode: no-cors || Sec-Fetch-Dest: style || Referer: http://localhost:1000/test03/ || Accept-Encoding: gzip, deflate, br, zstd || Accept-Language: es-US,es;q=0.9,es-419;q=0.8,en;q=0.7 || 
240718221453252 Response.sendData()	INFO: requestContentType: 
240718221453253 Response.sendData()	INFO: GET /test03/assets/css/font-awesome.min.css HTTP/1.1 
240718221453254 Response.sendData()	INFO:  Host: localhost:1000 
240718221453255 Response.sendData()	INFO:  
240718221453255 Response.sendData()	INFO: path: /test03/assets/css/font-awesome.min.css
240718221453256 Response.sendData()	INFO: POST PARAMS : 
240718221453256 Response.sendData()	INFO: POST PAIRS MAP: {}
240718221453257 Response.sendData()	INFO: method: GET
240718221453258 Response.sendData()	INFO: path: /test03/assets/css/font-awesome.min.css
240718221453260 Response.sendData()	INFO: fileContentType: text/css
240718221453261 Response.sendData()	INFO: extension: css
240718221453261 Response.sendData()	INFO: fileContentType: text/css
240718221453262 Response.sendData()	INFO: GET: []
240718221453263 Response.sendData()	INFO: GET MAP: {}
240718221453264 Response.sendData()	INFO: POST PARAMS: 
240718221453265 Response.sendData()	INFO: POST PARAMS MAP: {}
240718221453267 Response.sendData()	INFO: POST PARAMS MAP`KEYS: []
240718221453270 ThreadServer.run()	INFO: (29) > Thread :: Time: 20 milliseconds
240718221453271 ThreadServer.run()	INFO: (29) > END #
240718221458281 ThreadServer.run()	INFO: (29) > Thread waiting for new client....
240718221505356 ThreadServer.run()	INFO: (29) > Thread Accepting connection >
240718221505359 Request.getData()	INFO: (29) request: [GET /test03/assets/js/waypoints.min.js HTTP/1.1, Host: localhost:1000, Connection: keep-alive, sec-ch-ua: "Not/A)Brand";v="8", "Chromium";v="126", "Google Chrome";v="126", sec-ch-ua-mobile: ?0, User-Agent: Mozilla/5.0 (Windows NT 10.0; Win64; x64) AppleWebKit/537.36 (KHTML, like Gecko) Chrome/126.0.0.0 Safari/537.36, sec-ch-ua-platform: "Windows", Accept: */*, Sec-Fetch-Site: same-origin, Sec-Fetch-Mode: no-cors, Sec-Fetch-Dest: script, Referer: http://localhost:1000/test03/contact.html, Accept-Encoding: gzip, deflate, br, zstd, Accept-Language: es-US,es;q=0.9,es-419;q=0.8,en;q=0.7, ]
240718221505362 Response.sendData()	INFO: GET /test03/assets/js/waypoints.min.js HTTP/1.1 || Host: localhost:1000 || Connection: keep-alive || sec-ch-ua: "Not/A)Brand";v="8", "Chromium";v="126", "Google Chrome";v="126" || sec-ch-ua-mobile: ?0 || User-Agent: Mozilla/5.0 (Windows NT 10.0; Win64; x64) AppleWebKit/537.36 (KHTML, like Gecko) Chrome/126.0.0.0 Safari/537.36 || sec-ch-ua-platform: "Windows" || Accept: */* || Sec-Fetch-Site: same-origin || Sec-Fetch-Mode: no-cors || Sec-Fetch-Dest: script || Referer: http://localhost:1000/test03/contact.html || Accept-Encoding: gzip, deflate, br, zstd || Accept-Language: es-US,es;q=0.9,es-419;q=0.8,en;q=0.7 || 
240718221505364 Response.sendData()	INFO: requestContentType: 
240718221505365 Response.sendData()	INFO: GET /test03/assets/js/waypoints.min.js HTTP/1.1 
240718221505366 Response.sendData()	INFO:  Host: localhost:1000 
240718221505366 Response.sendData()	INFO:  
240718221505366 Response.sendData()	INFO: path: /test03/assets/js/waypoints.min.js
240718221505367 Response.sendData()	INFO: POST PARAMS : 
240718221505367 Response.sendData()	INFO: POST PAIRS MAP: {}
240718221505367 Response.sendData()	INFO: method: GET
240718221505368 Response.sendData()	INFO: path: /test03/assets/js/waypoints.min.js
240718221505368 Response.sendData()	INFO: fileContentType: text/javascript
240718221505369 Response.sendData()	INFO: extension: js
240718221505369 Response.sendData()	INFO: fileContentType: text/javascript
240718221505369 Response.sendData()	INFO: GET: []
240718221505371 Response.sendData()	INFO: GET MAP: {}
240718221505372 Response.sendData()	INFO: POST PARAMS: 
240718221505373 Response.sendData()	INFO: POST PARAMS MAP: {}
240718221505374 Response.sendData()	INFO: POST PARAMS MAP`KEYS: []
240718221505375 ThreadServer.run()	INFO: (29) > Thread :: Time: 16 milliseconds
240718221505375 ThreadServer.run()	INFO: (29) > END #
240718221510381 ThreadServer.run()	INFO: (29) > Thread waiting for new client....
240718221541474 ThreadServer.run()	INFO: (29) > Thread Accepting connection >
240718221541478 Request.getData()	INFO: (29) request: [GET /test03/assets/js/jquery.counterup.min.js HTTP/1.1, Host: localhost:1000, Connection: keep-alive, sec-ch-ua: "Not/A)Brand";v="8", "Chromium";v="126", "Google Chrome";v="126", sec-ch-ua-mobile: ?0, User-Agent: Mozilla/5.0 (Windows NT 10.0; Win64; x64) AppleWebKit/537.36 (KHTML, like Gecko) Chrome/126.0.0.0 Safari/537.36, sec-ch-ua-platform: "Windows", Accept: */*, Sec-Fetch-Site: same-origin, Sec-Fetch-Mode: no-cors, Sec-Fetch-Dest: script, Referer: http://localhost:1000/test03/blog.html, Accept-Encoding: gzip, deflate, br, zstd, Accept-Language: es-US,es;q=0.9,es-419;q=0.8,en;q=0.7, ]
240718221541479 Response.sendData()	INFO: GET /test03/assets/js/jquery.counterup.min.js HTTP/1.1 || Host: localhost:1000 || Connection: keep-alive || sec-ch-ua: "Not/A)Brand";v="8", "Chromium";v="126", "Google Chrome";v="126" || sec-ch-ua-mobile: ?0 || User-Agent: Mozilla/5.0 (Windows NT 10.0; Win64; x64) AppleWebKit/537.36 (KHTML, like Gecko) Chrome/126.0.0.0 Safari/537.36 || sec-ch-ua-platform: "Windows" || Accept: */* || Sec-Fetch-Site: same-origin || Sec-Fetch-Mode: no-cors || Sec-Fetch-Dest: script || Referer: http://localhost:1000/test03/blog.html || Accept-Encoding: gzip, deflate, br, zstd || Accept-Language: es-US,es;q=0.9,es-419;q=0.8,en;q=0.7 || 
240718221541480 Response.sendData()	INFO: requestContentType: 
240718221541482 Response.sendData()	INFO: GET /test03/assets/js/jquery.counterup.min.js HTTP/1.1 
240718221541484 Response.sendData()	INFO:  Host: localhost:1000 
240718221541485 Response.sendData()	INFO:  
240718221541488 Response.sendData()	INFO: path: /test03/assets/js/jquery.counterup.min.js
240718221541491 Response.sendData()	INFO: POST PARAMS : 
240718221541493 Response.sendData()	INFO: POST PAIRS MAP: {}
240718221541495 Response.sendData()	INFO: method: GET
240718221541496 Response.sendData()	INFO: path: /test03/assets/js/jquery.counterup.min.js
240718221541498 Response.sendData()	INFO: fileContentType: text/javascript
240718221541500 Response.sendData()	INFO: extension: js
240718221541502 Response.sendData()	INFO: fileContentType: text/javascript
240718221541503 Response.sendData()	INFO: GET: []
240718221541505 Response.sendData()	INFO: GET MAP: {}
240718221541507 Response.sendData()	INFO: POST PARAMS: 
240718221541509 Response.sendData()	INFO: POST PARAMS MAP: {}
240718221541510 Response.sendData()	INFO: POST PARAMS MAP`KEYS: []
240718221541514 ThreadServer.run()	INFO: (29) > Thread :: Time: 36 milliseconds
240718221541515 ThreadServer.run()	INFO: (29) > END #
240718221546528 ThreadServer.run()	INFO: (29) > Thread waiting for new client....
