240724182147352 ThreadServer.run()	INFO: (3) > Thread waiting for new client....
240724182748362 ThreadServer.run()	INFO: (3) > Thread Accepting connection >
240724182748367 Request.getData()	INFO: (3) request: [GET /test03/assets/css/ionicons.min.css HTTP/1.1, Host: localhost:1000, Connection: keep-alive, sec-ch-ua: "Not/A)Brand";v="8", "Chromium";v="126", "Google Chrome";v="126", sec-ch-ua-mobile: ?0, User-Agent: Mozilla/5.0 (Windows NT 10.0; Win64; x64) AppleWebKit/537.36 (KHTML, like Gecko) Chrome/126.0.0.0 Safari/537.36, sec-ch-ua-platform: "Windows", Accept: text/css,*/*;q=0.1, Sec-Fetch-Site: same-origin, Sec-Fetch-Mode: no-cors, Sec-Fetch-Dest: style, Referer: http://localhost:1000/test03/, Accept-Encoding: gzip, deflate, br, zstd, Accept-Language: es-US,es;q=0.9,es-419;q=0.8,en;q=0.7, ]
240724182748376 Response.sendData()	INFO: GET /test03/assets/css/ionicons.min.css HTTP/1.1 || Host: localhost:1000 || Connection: keep-alive || sec-ch-ua: "Not/A)Brand";v="8", "Chromium";v="126", "Google Chrome";v="126" || sec-ch-ua-mobile: ?0 || User-Agent: Mozilla/5.0 (Windows NT 10.0; Win64; x64) AppleWebKit/537.36 (KHTML, like Gecko) Chrome/126.0.0.0 Safari/537.36 || sec-ch-ua-platform: "Windows" || Accept: text/css,*/*;q=0.1 || Sec-Fetch-Site: same-origin || Sec-Fetch-Mode: no-cors || Sec-Fetch-Dest: style || Referer: http://localhost:1000/test03/ || Accept-Encoding: gzip, deflate, br, zstd || Accept-Language: es-US,es;q=0.9,es-419;q=0.8,en;q=0.7 || 
240724182748381 Response.sendData()	INFO: requestContentType: 
240724182748386 Response.sendData()	INFO: GET /test03/assets/css/ionicons.min.css HTTP/1.1 
240724182748398 Response.sendData()	INFO:  Host: localhost:1000 
240724182748425 Response.sendData()	INFO:  
240724182748433 Response.sendData()	INFO: path: /test03/assets/css/ionicons.min.css
240724182748434 Response.sendData()	INFO: POST PARAMS : 
240724182748435 Response.sendData()	INFO: POST PAIRS MAP: {}
240724182748436 Response.sendData()	INFO: method: GET
240724182748437 Response.sendData()	INFO: path: /test03/assets/css/ionicons.min.css
240724182748441 Response.sendData()	INFO: fileContentType: text/css
240724182748482 Response.sendData()	INFO: extension: css
240724182748496 Response.sendData()	INFO: fileContentType: text/css
240724182748509 Response.sendData()	INFO: GET: []
240724182748528 Response.sendData()	INFO: GET MAP: {}
240724182748553 Response.sendData()	INFO: POST PARAMS: 
240724182748566 Response.sendData()	INFO: POST PARAMS MAP: {}
240724182748591 Response.sendData()	INFO: POST PARAMS MAP`KEYS: []
240724182748622 ThreadServer.run()	INFO: (3) > Thread :: Time: 256 milliseconds
240724182748646 ThreadServer.run()	INFO: (3) > END #
240724182753671 ThreadServer.run()	INFO: (3) > Thread waiting for new client....
240724182759721 ThreadServer.run()	INFO: (3) > Thread Accepting connection >
240724182759735 Request.getData()	INFO: (3) request: [GET /test03/assets/js/jquery.magnific-popup.min.js HTTP/1.1, Host: localhost:1000, Connection: keep-alive, sec-ch-ua: "Not/A)Brand";v="8", "Chromium";v="126", "Google Chrome";v="126", sec-ch-ua-mobile: ?0, User-Agent: Mozilla/5.0 (Windows NT 10.0; Win64; x64) AppleWebKit/537.36 (KHTML, like Gecko) Chrome/126.0.0.0 Safari/537.36, sec-ch-ua-platform: "Windows", Accept: */*, Sec-Fetch-Site: same-origin, Sec-Fetch-Mode: no-cors, Sec-Fetch-Dest: script, Referer: http://localhost:1000/test03/contact.html, Accept-Encoding: gzip, deflate, br, zstd, Accept-Language: es-US,es;q=0.9,es-419;q=0.8,en;q=0.7, ]
240724182759737 Response.sendData()	INFO: GET /test03/assets/js/jquery.magnific-popup.min.js HTTP/1.1 || Host: localhost:1000 || Connection: keep-alive || sec-ch-ua: "Not/A)Brand";v="8", "Chromium";v="126", "Google Chrome";v="126" || sec-ch-ua-mobile: ?0 || User-Agent: Mozilla/5.0 (Windows NT 10.0; Win64; x64) AppleWebKit/537.36 (KHTML, like Gecko) Chrome/126.0.0.0 Safari/537.36 || sec-ch-ua-platform: "Windows" || Accept: */* || Sec-Fetch-Site: same-origin || Sec-Fetch-Mode: no-cors || Sec-Fetch-Dest: script || Referer: http://localhost:1000/test03/contact.html || Accept-Encoding: gzip, deflate, br, zstd || Accept-Language: es-US,es;q=0.9,es-419;q=0.8,en;q=0.7 || 
240724182759741 Response.sendData()	INFO: requestContentType: 
240724182759742 Response.sendData()	INFO: GET /test03/assets/js/jquery.magnific-popup.min.js HTTP/1.1 
240724182759743 Response.sendData()	INFO:  Host: localhost:1000 
240724182759744 Response.sendData()	INFO:  
240724182759744 Response.sendData()	INFO: path: /test03/assets/js/jquery.magnific-popup.min.js
240724182759766 Response.sendData()	INFO: POST PARAMS : 
240724182759773 Response.sendData()	INFO: POST PAIRS MAP: {}
240724182759783 Response.sendData()	INFO: method: GET
240724182759794 Response.sendData()	INFO: path: /test03/assets/js/jquery.magnific-popup.min.js
240724182759805 Response.sendData()	INFO: fileContentType: text/javascript
240724182759806 Response.sendData()	INFO: extension: js
240724182759806 Response.sendData()	INFO: fileContentType: text/javascript
240724182759807 Response.sendData()	INFO: GET: []
240724182759813 Response.sendData()	INFO: GET MAP: {}
240724182759823 Response.sendData()	INFO: POST PARAMS: 
240724182759826 Response.sendData()	INFO: POST PARAMS MAP: {}
240724182759829 Response.sendData()	INFO: POST PARAMS MAP`KEYS: []
240724182759834 ThreadServer.run()	INFO: (3) > Thread :: Time: 100 milliseconds
240724182759838 ThreadServer.run()	INFO: (3) > END #
240724182804854 ThreadServer.run()	INFO: (3) > Thread waiting for new client....
