240718214254365 ThreadServer.run()	INFO: (3) > Thread waiting for new client....
240718214300007 ThreadServer.run()	INFO: (3) > Thread Accepting connection >
240718214300009 Request.getData()	INFO: (3) request: [GET /favicon.ico HTTP/1.1, Host: localhost:1000, Connection: keep-alive, sec-ch-ua: "Not/A)Brand";v="8", "Chromium";v="126", "Google Chrome";v="126", sec-ch-ua-mobile: ?0, User-Agent: Mozilla/5.0 (Windows NT 10.0; Win64; x64) AppleWebKit/537.36 (KHTML, like Gecko) Chrome/126.0.0.0 Safari/537.36, sec-ch-ua-platform: "Windows", Accept: */*, Sec-Fetch-Site: same-origin, Sec-Fetch-Mode: cors, Sec-Fetch-Dest: empty, Referer: http://localhost:1000/test02/displayFields.cc8, Accept-Encoding: gzip, deflate, br, zstd, Accept-Language: es-US,es;q=0.9,es-419;q=0.8,en;q=0.7, ]
240718214300011 Response.sendData()	INFO: GET /favicon.ico HTTP/1.1 || Host: localhost:1000 || Connection: keep-alive || sec-ch-ua: "Not/A)Brand";v="8", "Chromium";v="126", "Google Chrome";v="126" || sec-ch-ua-mobile: ?0 || User-Agent: Mozilla/5.0 (Windows NT 10.0; Win64; x64) AppleWebKit/537.36 (KHTML, like Gecko) Chrome/126.0.0.0 Safari/537.36 || sec-ch-ua-platform: "Windows" || Accept: */* || Sec-Fetch-Site: same-origin || Sec-Fetch-Mode: cors || Sec-Fetch-Dest: empty || Referer: http://localhost:1000/test02/displayFields.cc8 || Accept-Encoding: gzip, deflate, br, zstd || Accept-Language: es-US,es;q=0.9,es-419;q=0.8,en;q=0.7 || 
240718214300013 Response.sendData()	INFO: GET /favicon.ico HTTP/1.1 
240718214300014 Response.sendData()	INFO:  Host: localhost:1000 
240718214300014 Response.sendData()	INFO:  
240718214300015 Response.sendData()	INFO: path: /favicon.ico
240718214300016 Response.sendData()	INFO: POST PARAMS : 
240718214300017 Response.sendData()	INFO: POST PAIRS MAP: {}
240718214300018 Response.sendData()	INFO: method: GET
240718214300019 Response.sendData()	INFO: path: /favicon.ico
240718214300020 Response.sendData()	INFO: NO SE ENCONTRÓ EL ARCHIVO SOLICITADO. (/favicon.ico)
240718214300022 Response.sendData()	INFO: fileContentType: application/octet-stream
240718214300023 Response.sendData()	INFO: extension: ico
240718214300023 Response.sendData()	INFO: fileContentType: application/octet-stream
240718214300024 Response.sendData()	INFO: GET: []
240718214300025 Response.sendData()	INFO: GET MAP: {}
240718214300025 Response.sendData()	INFO: POST PARAMS: 
240718214300026 Response.sendData()	INFO: POST PARAMS MAP: {}
240718214300026 Response.sendData()	INFO: POST PARAMS MAP`KEYS: []
240718214300027 Response.sendData()	INFO: NO SE ENCONTRÓ EL ARCHIVO SOLICITADO. (/favicon.ico)
240718214300028 ThreadServer.run()	INFO: (3) > Thread :: Time: 20 milliseconds
240718214300029 ThreadServer.run()	INFO: (3) > END #
240718214305036 ThreadServer.run()	INFO: (3) > Thread waiting for new client....
