240718221031938 ThreadServer.run()	INFO: (30) > Thread waiting for new client....
240718221035369 ThreadServer.run()	INFO: (30) > Thread Accepting connection >
240718221035384 Request.getData()	INFO: (30) request: [GET /test02 HTTP/1.1, Host: localhost:1000, Connection: keep-alive, sec-ch-ua: "Not/A)Brand";v="8", "Chromium";v="126", "Google Chrome";v="126", sec-ch-ua-mobile: ?0, sec-ch-ua-platform: "Windows", Upgrade-Insecure-Requests: 1, User-Agent: Mozilla/5.0 (Windows NT 10.0; Win64; x64) AppleWebKit/537.36 (KHTML, like Gecko) Chrome/126.0.0.0 Safari/537.36, Accept: text/html,application/xhtml+xml,application/xml;q=0.9,image/avif,image/webp,image/apng,*/*;q=0.8,application/signed-exchange;v=b3;q=0.7, Sec-Fetch-Site: same-origin, Sec-Fetch-Mode: navigate, Sec-Fetch-User: ?1, Sec-Fetch-Dest: document, Referer: http://localhost:1000/test02/displayFields.cc8, Accept-Encoding: gzip, deflate, br, zstd, Accept-Language: es-US,es;q=0.9,es-419;q=0.8,en;q=0.7, ]
240718221035391 Response.sendData()	INFO: GET /test02 HTTP/1.1 || Host: localhost:1000 || Connection: keep-alive || sec-ch-ua: "Not/A)Brand";v="8", "Chromium";v="126", "Google Chrome";v="126" || sec-ch-ua-mobile: ?0 || sec-ch-ua-platform: "Windows" || Upgrade-Insecure-Requests: 1 || User-Agent: Mozilla/5.0 (Windows NT 10.0; Win64; x64) AppleWebKit/537.36 (KHTML, like Gecko) Chrome/126.0.0.0 Safari/537.36 || Accept: text/html,application/xhtml+xml,application/xml;q=0.9,image/avif,image/webp,image/apng,*/*;q=0.8,application/signed-exchange;v=b3;q=0.7 || Sec-Fetch-Site: same-origin || Sec-Fetch-Mode: navigate || Sec-Fetch-User: ?1 || Sec-Fetch-Dest: document || Referer: http://localhost:1000/test02/displayFields.cc8 || Accept-Encoding: gzip, deflate, br, zstd || Accept-Language: es-US,es;q=0.9,es-419;q=0.8,en;q=0.7 || 
240718221035395 Response.sendData()	INFO: requestContentType: 
240718221035397 Response.sendData()	INFO: GET /test02 HTTP/1.1 
240718221035398 Response.sendData()	INFO:  Host: localhost:1000 
240718221035399 Response.sendData()	INFO:  
240718221035401 Response.sendData()	INFO: path: /test02
240718221035404 Response.sendData()	INFO: POST PARAMS : 
240718221035406 Response.sendData()	INFO: POST PAIRS MAP: {}
240718221035408 Response.sendData()	INFO: method: GET
240718221035409 Response.sendData()	INFO: path: /test02/index.html
240718221035434 Response.sendData()	INFO: fileContentType: text/html
240718221035436 Response.sendData()	INFO: extension: html
240718221035437 Response.sendData()	INFO: fileContentType: text/html
240718221035440 Response.sendData()	INFO: GET: []
240718221035441 Response.sendData()	INFO: GET MAP: {}
240718221035442 Response.sendData()	INFO: POST PARAMS: 
240718221035444 Response.sendData()	INFO: POST PARAMS MAP: {}
240718221035446 Response.sendData()	INFO: POST PARAMS MAP`KEYS: []
240718221035500 ThreadServer.run()	INFO: (30) > Thread :: Time: 107 milliseconds
240718221035503 ThreadServer.run()	INFO: (30) > END #
240718221040508 ThreadServer.run()	INFO: (30) > Thread waiting for new client....
