240718175955859 ThreadServer.run()	INFO: (32) > Thread waiting for new client....
240718180011795 ThreadServer.run()	INFO: (32) > Thread Accepting connection >
240718180011797 Request.getData()	INFO: (32) request: [GET /favicon.ico HTTP/1.1, Host: localhost:1000, Connection: keep-alive, sec-ch-ua: "Not/A)Brand";v="8", "Chromium";v="126", "Google Chrome";v="126", sec-ch-ua-mobile: ?0, User-Agent: Mozilla/5.0 (Windows NT 10.0; Win64; x64) AppleWebKit/537.36 (KHTML, like Gecko) Chrome/126.0.0.0 Safari/537.36, sec-ch-ua-platform: "Windows", Accept: image/avif,image/webp,image/apng,image/svg+xml,image/*,*/*;q=0.8, Sec-Fetch-Site: same-origin, Sec-Fetch-Mode: no-cors, Sec-Fetch-Dest: image, Referer: http://localhost:1000/test02/, Accept-Encoding: gzip, deflate, br, zstd, Accept-Language: es-US,es;q=0.9,es-419;q=0.8,en;q=0.7, ]
240718180011800 Response.sendData()	INFO: GET /favicon.ico HTTP/1.1 || Host: localhost:1000 || Connection: keep-alive || sec-ch-ua: "Not/A)Brand";v="8", "Chromium";v="126", "Google Chrome";v="126" || sec-ch-ua-mobile: ?0 || User-Agent: Mozilla/5.0 (Windows NT 10.0; Win64; x64) AppleWebKit/537.36 (KHTML, like Gecko) Chrome/126.0.0.0 Safari/537.36 || sec-ch-ua-platform: "Windows" || Accept: image/avif,image/webp,image/apng,image/svg+xml,image/*,*/*;q=0.8 || Sec-Fetch-Site: same-origin || Sec-Fetch-Mode: no-cors || Sec-Fetch-Dest: image || Referer: http://localhost:1000/test02/ || Accept-Encoding: gzip, deflate, br, zstd || Accept-Language: es-US,es;q=0.9,es-419;q=0.8,en;q=0.7 || 
240718180011801 Response.sendData()	INFO: GET /favicon.ico HTTP/1.1 
240718180011802 Response.sendData()	INFO:  Host: localhost:1000 
240718180011803 Response.sendData()	INFO:  
240718180011804 Response.sendData()	INFO: path: /favicon.ico
240718180011805 Response.sendData()	INFO: method: GET
240718180011806 Response.sendData()	INFO: path: /favicon.ico
240718180011808 Response.sendData()	INFO: NO SE ENCONTRÓ EL ARCHIVO SOLICITADO. (/favicon.ico)
240718180011808 Response.sendData()	INFO: fileContentType: application/octet-stream
240718180011809 Response.sendData()	INFO: extension: ico
240718180011810 Response.sendData()	INFO: fileContentType: application/octet-stream
240718180011810 Response.sendData()	INFO: GET: []
240718180011811 Response.sendData()	INFO: GET MAP: {}
240718180011811 Response.sendData()	INFO: NO SE ENCONTRÓ EL ARCHIVO SOLICITADO. (/favicon.ico)
240718180011812 ThreadServer.run()	INFO: (32) > Thread :: Time: 15 milliseconds
240718180011813 ThreadServer.run()	INFO: (32) > END #
240718180016828 ThreadServer.run()	INFO: (32) > Thread waiting for new client....
