240724182147354 ThreadServer.run()	INFO: (33) > Thread waiting for new client....
240724182742129 ThreadServer.run()	INFO: (33) > Thread Accepting connection >
240724182742131 Request.getData()	INFO: (33) request: [GET /test02 HTTP/1.1, Host: localhost:1000, Connection: keep-alive, sec-ch-ua: "Not/A)Brand";v="8", "Chromium";v="126", "Google Chrome";v="126", sec-ch-ua-mobile: ?0, sec-ch-ua-platform: "Windows", Upgrade-Insecure-Requests: 1, User-Agent: Mozilla/5.0 (Windows NT 10.0; Win64; x64) AppleWebKit/537.36 (KHTML, like Gecko) Chrome/126.0.0.0 Safari/537.36, Accept: text/html,application/xhtml+xml,application/xml;q=0.9,image/avif,image/webp,image/apng,*/*;q=0.8,application/signed-exchange;v=b3;q=0.7, Sec-Fetch-Site: same-origin, Sec-Fetch-Mode: navigate, Sec-Fetch-User: ?1, Sec-Fetch-Dest: document, Referer: http://localhost:1000/test02/displayFields.cc8, Accept-Encoding: gzip, deflate, br, zstd, Accept-Language: es-US,es;q=0.9,es-419;q=0.8,en;q=0.7, ]
240724182742133 Response.sendData()	INFO: GET /test02 HTTP/1.1 || Host: localhost:1000 || Connection: keep-alive || sec-ch-ua: "Not/A)Brand";v="8", "Chromium";v="126", "Google Chrome";v="126" || sec-ch-ua-mobile: ?0 || sec-ch-ua-platform: "Windows" || Upgrade-Insecure-Requests: 1 || User-Agent: Mozilla/5.0 (Windows NT 10.0; Win64; x64) AppleWebKit/537.36 (KHTML, like Gecko) Chrome/126.0.0.0 Safari/537.36 || Accept: text/html,application/xhtml+xml,application/xml;q=0.9,image/avif,image/webp,image/apng,*/*;q=0.8,application/signed-exchange;v=b3;q=0.7 || Sec-Fetch-Site: same-origin || Sec-Fetch-Mode: navigate || Sec-Fetch-User: ?1 || Sec-Fetch-Dest: document || Referer: http://localhost:1000/test02/displayFields.cc8 || Accept-Encoding: gzip, deflate, br, zstd || Accept-Language: es-US,es;q=0.9,es-419;q=0.8,en;q=0.7 || 
240724182742135 Response.sendData()	INFO: requestContentType: 
240724182742136 Response.sendData()	INFO: GET /test02 HTTP/1.1 
240724182742137 Response.sendData()	INFO:  Host: localhost:1000 
240724182742137 Response.sendData()	INFO:  
240724182742138 Response.sendData()	INFO: path: /test02
240724182742138 Response.sendData()	INFO: POST PARAMS : 
240724182742139 Response.sendData()	INFO: POST PAIRS MAP: {}
240724182742140 Response.sendData()	INFO: method: GET
240724182742140 Response.sendData()	INFO: path: /test02/index.html
240724182742142 Response.sendData()	INFO: fileContentType: text/html
240724182742142 Response.sendData()	INFO: extension: html
240724182742143 Response.sendData()	INFO: fileContentType: text/html
240724182742144 Response.sendData()	INFO: GET: []
240724182742145 Response.sendData()	INFO: GET MAP: {}
240724182742146 Response.sendData()	INFO: POST PARAMS: 
240724182742147 Response.sendData()	INFO: POST PARAMS MAP: {}
240724182742147 Response.sendData()	INFO: POST PARAMS MAP`KEYS: []
240724182742151 ThreadServer.run()	INFO: (33) > Thread :: Time: 21 milliseconds
240724182742151 ThreadServer.run()	INFO: (33) > END #
240724182747158 ThreadServer.run()	INFO: (33) > Thread waiting for new client....
240724182759252 ThreadServer.run()	INFO: (33) > Thread Accepting connection >
240724182759263 Request.getData()	INFO: (33) request: [GET /test03/assets/img/icons/smartphone.png HTTP/1.1, Host: localhost:1000, Connection: keep-alive, sec-ch-ua: "Not/A)Brand";v="8", "Chromium";v="126", "Google Chrome";v="126", sec-ch-ua-mobile: ?0, User-Agent: Mozilla/5.0 (Windows NT 10.0; Win64; x64) AppleWebKit/537.36 (KHTML, like Gecko) Chrome/126.0.0.0 Safari/537.36, sec-ch-ua-platform: "Windows", Accept: image/avif,image/webp,image/apng,image/svg+xml,image/*,*/*;q=0.8, Sec-Fetch-Site: same-origin, Sec-Fetch-Mode: no-cors, Sec-Fetch-Dest: image, Referer: http://localhost:1000/test03/contact.html, Accept-Encoding: gzip, deflate, br, zstd, Accept-Language: es-US,es;q=0.9,es-419;q=0.8,en;q=0.7, ]
240724182759267 Response.sendData()	INFO: GET /test03/assets/img/icons/smartphone.png HTTP/1.1 || Host: localhost:1000 || Connection: keep-alive || sec-ch-ua: "Not/A)Brand";v="8", "Chromium";v="126", "Google Chrome";v="126" || sec-ch-ua-mobile: ?0 || User-Agent: Mozilla/5.0 (Windows NT 10.0; Win64; x64) AppleWebKit/537.36 (KHTML, like Gecko) Chrome/126.0.0.0 Safari/537.36 || sec-ch-ua-platform: "Windows" || Accept: image/avif,image/webp,image/apng,image/svg+xml,image/*,*/*;q=0.8 || Sec-Fetch-Site: same-origin || Sec-Fetch-Mode: no-cors || Sec-Fetch-Dest: image || Referer: http://localhost:1000/test03/contact.html || Accept-Encoding: gzip, deflate, br, zstd || Accept-Language: es-US,es;q=0.9,es-419;q=0.8,en;q=0.7 || 
240724182759275 Response.sendData()	INFO: requestContentType: 
240724182759279 Response.sendData()	INFO: GET /test03/assets/img/icons/smartphone.png HTTP/1.1 
240724182759285 Response.sendData()	INFO:  Host: localhost:1000 
240724182759289 Response.sendData()	INFO:  
240724182759294 Response.sendData()	INFO: path: /test03/assets/img/icons/smartphone.png
240724182759299 Response.sendData()	INFO: POST PARAMS : 
240724182759303 Response.sendData()	INFO: POST PAIRS MAP: {}
240724182759307 Response.sendData()	INFO: method: GET
240724182759312 Response.sendData()	INFO: path: /test03/assets/img/icons/smartphone.png
240724182759317 Response.sendData()	INFO: fileContentType: image/png
240724182759318 Response.sendData()	INFO: extension: png
240724182759323 Response.sendData()	INFO: fileContentType: image/png
240724182759327 Response.sendData()	INFO: GET: []
240724182759380 Response.sendData()	INFO: GET MAP: {}
240724182759381 Response.sendData()	INFO: POST PARAMS: 
240724182759390 Response.sendData()	INFO: POST PARAMS MAP: {}
240724182759395 Response.sendData()	INFO: POST PARAMS MAP`KEYS: []
240724182759402 ThreadServer.run()	INFO: (33) > Thread :: Time: 139 milliseconds
240724182759409 ThreadServer.run()	INFO: (33) > END #
240724182804431 ThreadServer.run()	INFO: (33) > Thread waiting for new client....
