240718202130528 ThreadServer.run()	INFO: (34) > Thread waiting for new client....
240718202233992 ThreadServer.run()	INFO: (34) > Thread Accepting connection >
240718202233993 Request.getData()	INFO: (34) request: [GET /favicon.ico HTTP/1.1, Host: localhost:1000, Connection: keep-alive, sec-ch-ua: "Not/A)Brand";v="8", "Chromium";v="126", "Google Chrome";v="126", sec-ch-ua-mobile: ?0, User-Agent: Mozilla/5.0 (Windows NT 10.0; Win64; x64) AppleWebKit/537.36 (KHTML, like Gecko) Chrome/126.0.0.0 Safari/537.36, sec-ch-ua-platform: "Windows", Accept: */*, Sec-Fetch-Site: same-origin, Sec-Fetch-Mode: cors, Sec-Fetch-Dest: empty, Referer: http://localhost:1000/test02, Accept-Encoding: gzip, deflate, br, zstd, Accept-Language: es-US,es;q=0.9,es-419;q=0.8,en;q=0.7, ]
240718202233995 Response.sendData()	INFO: GET /favicon.ico HTTP/1.1 || Host: localhost:1000 || Connection: keep-alive || sec-ch-ua: "Not/A)Brand";v="8", "Chromium";v="126", "Google Chrome";v="126" || sec-ch-ua-mobile: ?0 || User-Agent: Mozilla/5.0 (Windows NT 10.0; Win64; x64) AppleWebKit/537.36 (KHTML, like Gecko) Chrome/126.0.0.0 Safari/537.36 || sec-ch-ua-platform: "Windows" || Accept: */* || Sec-Fetch-Site: same-origin || Sec-Fetch-Mode: cors || Sec-Fetch-Dest: empty || Referer: http://localhost:1000/test02 || Accept-Encoding: gzip, deflate, br, zstd || Accept-Language: es-US,es;q=0.9,es-419;q=0.8,en;q=0.7 || 
240718202233996 Response.sendData()	INFO: GET /favicon.ico HTTP/1.1 
240718202233997 Response.sendData()	INFO:  Host: localhost:1000 
240718202233997 Response.sendData()	INFO:  
240718202233998 Response.sendData()	INFO: path: /favicon.ico
240718202233998 Response.sendData()	INFO: POST PARAMS : 
240718202233999 Response.sendData()	INFO: POST PAIRS MAP: {}
240718202234000 Response.sendData()	INFO: method: GET
240718202234001 Response.sendData()	INFO: path: /favicon.ico
240718202234002 Response.sendData()	INFO: NO SE ENCONTRÓ EL ARCHIVO SOLICITADO. (/favicon.ico)
240718202234002 Response.sendData()	INFO: fileContentType: application/octet-stream
240718202234003 Response.sendData()	INFO: extension: ico
240718202234003 Response.sendData()	INFO: fileContentType: application/octet-stream
240718202234004 Response.sendData()	INFO: GET: []
240718202234004 Response.sendData()	INFO: GET MAP: {}
240718202234005 Response.sendData()	INFO: POST PARAMS: 
240718202234005 Response.sendData()	INFO: POST PARAMS MAP: {}
240718202234006 Response.sendData()	INFO: POST PARAMS MAP`KEYS: []
240718202234008 Response.sendData()	INFO: NO SE ENCONTRÓ EL ARCHIVO SOLICITADO. (/favicon.ico)
240718202234010 ThreadServer.run()	INFO: (34) > Thread :: Time: 17 milliseconds
240718202234010 ThreadServer.run()	INFO: (34) > END #
240718202239026 ThreadServer.run()	INFO: (34) > Thread waiting for new client....
