240718215741190 ThreadServer.run()	INFO: (35) > Thread waiting for new client....
240718215748849 ThreadServer.run()	INFO: (35) > Thread Accepting connection >
240718215748850 Request.getData()	INFO: (35) request: [GET /favicon.ico HTTP/1.1, Host: localhost:1000, Connection: keep-alive, sec-ch-ua: "Not/A)Brand";v="8", "Chromium";v="126", "Google Chrome";v="126", sec-ch-ua-mobile: ?0, User-Agent: Mozilla/5.0 (Windows NT 10.0; Win64; x64) AppleWebKit/537.36 (KHTML, like Gecko) Chrome/126.0.0.0 Safari/537.36, sec-ch-ua-platform: "Windows", Accept: */*, Sec-Fetch-Site: same-origin, Sec-Fetch-Mode: cors, Sec-Fetch-Dest: empty, Referer: http://localhost:1000/test02, Accept-Encoding: gzip, deflate, br, zstd, Accept-Language: es-US,es;q=0.9,es-419;q=0.8,en;q=0.7, ]
240718215748852 Response.sendData()	INFO: GET /favicon.ico HTTP/1.1 || Host: localhost:1000 || Connection: keep-alive || sec-ch-ua: "Not/A)Brand";v="8", "Chromium";v="126", "Google Chrome";v="126" || sec-ch-ua-mobile: ?0 || User-Agent: Mozilla/5.0 (Windows NT 10.0; Win64; x64) AppleWebKit/537.36 (KHTML, like Gecko) Chrome/126.0.0.0 Safari/537.36 || sec-ch-ua-platform: "Windows" || Accept: */* || Sec-Fetch-Site: same-origin || Sec-Fetch-Mode: cors || Sec-Fetch-Dest: empty || Referer: http://localhost:1000/test02 || Accept-Encoding: gzip, deflate, br, zstd || Accept-Language: es-US,es;q=0.9,es-419;q=0.8,en;q=0.7 || 
240718215748853 Response.sendData()	INFO: requestContentType: 
240718215748854 Response.sendData()	INFO: GET /favicon.ico HTTP/1.1 
240718215748856 Response.sendData()	INFO:  Host: localhost:1000 
240718215748858 Response.sendData()	INFO:  
240718215748860 Response.sendData()	INFO: path: /favicon.ico
240718215748861 Response.sendData()	INFO: POST PARAMS : 
240718215748862 Response.sendData()	INFO: POST PAIRS MAP: {}
240718215748863 Response.sendData()	INFO: method: GET
240718215748863 Response.sendData()	INFO: path: /favicon.ico
240718215748865 Response.sendData()	INFO: NO SE ENCONTRÓ EL ARCHIVO SOLICITADO. (/favicon.ico)
240718215748866 Response.sendData()	INFO: fileContentType: application/octet-stream
240718215748867 Response.sendData()	INFO: extension: ico
240718215748868 Response.sendData()	INFO: fileContentType: application/octet-stream
240718215748869 Response.sendData()	INFO: GET: []
240718215748870 Response.sendData()	INFO: GET MAP: {}
240718215748870 Response.sendData()	INFO: POST PARAMS: 
240718215748871 Response.sendData()	INFO: POST PARAMS MAP: {}
240718215748872 Response.sendData()	INFO: POST PARAMS MAP`KEYS: []
240718215748872 Response.sendData()	INFO: NO SE ENCONTRÓ EL ARCHIVO SOLICITADO. (/favicon.ico)
240718215748874 ThreadServer.run()	INFO: (35) > Thread :: Time: 24 milliseconds
240718215748875 ThreadServer.run()	INFO: (35) > END #
240718215753888 ThreadServer.run()	INFO: (35) > Thread waiting for new client....
