240718221434205 ThreadServer.run()	INFO: (35) > Thread waiting for new client....
240718221453702 ThreadServer.run()	INFO: (35) > Thread Accepting connection >
240718221453704 Request.getData()	INFO: (35) request: [GET /test03/assets/js/imgloaded.js HTTP/1.1, Host: localhost:1000, Connection: keep-alive, sec-ch-ua: "Not/A)Brand";v="8", "Chromium";v="126", "Google Chrome";v="126", sec-ch-ua-mobile: ?0, User-Agent: Mozilla/5.0 (Windows NT 10.0; Win64; x64) AppleWebKit/537.36 (KHTML, like Gecko) Chrome/126.0.0.0 Safari/537.36, sec-ch-ua-platform: "Windows", Accept: */*, Sec-Fetch-Site: same-origin, Sec-Fetch-Mode: no-cors, Sec-Fetch-Dest: script, Referer: http://localhost:1000/test03/, Accept-Encoding: gzip, deflate, br, zstd, Accept-Language: es-US,es;q=0.9,es-419;q=0.8,en;q=0.7, ]
240718221453706 Response.sendData()	INFO: GET /test03/assets/js/imgloaded.js HTTP/1.1 || Host: localhost:1000 || Connection: keep-alive || sec-ch-ua: "Not/A)Brand";v="8", "Chromium";v="126", "Google Chrome";v="126" || sec-ch-ua-mobile: ?0 || User-Agent: Mozilla/5.0 (Windows NT 10.0; Win64; x64) AppleWebKit/537.36 (KHTML, like Gecko) Chrome/126.0.0.0 Safari/537.36 || sec-ch-ua-platform: "Windows" || Accept: */* || Sec-Fetch-Site: same-origin || Sec-Fetch-Mode: no-cors || Sec-Fetch-Dest: script || Referer: http://localhost:1000/test03/ || Accept-Encoding: gzip, deflate, br, zstd || Accept-Language: es-US,es;q=0.9,es-419;q=0.8,en;q=0.7 || 
240718221453709 Response.sendData()	INFO: requestContentType: 
240718221453710 Response.sendData()	INFO: GET /test03/assets/js/imgloaded.js HTTP/1.1 
240718221453712 Response.sendData()	INFO:  Host: localhost:1000 
240718221453714 Response.sendData()	INFO:  
240718221453715 Response.sendData()	INFO: path: /test03/assets/js/imgloaded.js
240718221453716 Response.sendData()	INFO: POST PARAMS : 
240718221453717 Response.sendData()	INFO: POST PAIRS MAP: {}
240718221453718 Response.sendData()	INFO: method: GET
240718221453718 Response.sendData()	INFO: path: /test03/assets/js/imgloaded.js
240718221453720 Response.sendData()	INFO: fileContentType: text/javascript
240718221453722 Response.sendData()	INFO: extension: js
240718221453722 Response.sendData()	INFO: fileContentType: text/javascript
240718221453723 Response.sendData()	INFO: GET: []
240718221453724 Response.sendData()	INFO: GET MAP: {}
240718221453725 Response.sendData()	INFO: POST PARAMS: 
240718221453726 Response.sendData()	INFO: POST PARAMS MAP: {}
240718221453727 Response.sendData()	INFO: POST PARAMS MAP`KEYS: []
240718221453728 ThreadServer.run()	INFO: (35) > Thread :: Time: 25 milliseconds
240718221453729 ThreadServer.run()	INFO: (35) > END #
240718221458732 ThreadServer.run()	INFO: (35) > Thread waiting for new client....
240718221523146 ThreadServer.run()	INFO: (35) > Thread Accepting connection >
240718221523150 Request.getData()	INFO: (35) request: [GET /test03/assets/css/magnific-popup.css HTTP/1.1, Host: localhost:1000, Connection: keep-alive, sec-ch-ua: "Not/A)Brand";v="8", "Chromium";v="126", "Google Chrome";v="126", sec-ch-ua-mobile: ?0, User-Agent: Mozilla/5.0 (Windows NT 10.0; Win64; x64) AppleWebKit/537.36 (KHTML, like Gecko) Chrome/126.0.0.0 Safari/537.36, sec-ch-ua-platform: "Windows", Accept: text/css,*/*;q=0.1, Sec-Fetch-Site: same-origin, Sec-Fetch-Mode: no-cors, Sec-Fetch-Dest: style, Referer: http://localhost:1000/test03/contact.html, Accept-Encoding: gzip, deflate, br, zstd, Accept-Language: es-US,es;q=0.9,es-419;q=0.8,en;q=0.7, ]
240718221523153 Response.sendData()	INFO: GET /test03/assets/css/magnific-popup.css HTTP/1.1 || Host: localhost:1000 || Connection: keep-alive || sec-ch-ua: "Not/A)Brand";v="8", "Chromium";v="126", "Google Chrome";v="126" || sec-ch-ua-mobile: ?0 || User-Agent: Mozilla/5.0 (Windows NT 10.0; Win64; x64) AppleWebKit/537.36 (KHTML, like Gecko) Chrome/126.0.0.0 Safari/537.36 || sec-ch-ua-platform: "Windows" || Accept: text/css,*/*;q=0.1 || Sec-Fetch-Site: same-origin || Sec-Fetch-Mode: no-cors || Sec-Fetch-Dest: style || Referer: http://localhost:1000/test03/contact.html || Accept-Encoding: gzip, deflate, br, zstd || Accept-Language: es-US,es;q=0.9,es-419;q=0.8,en;q=0.7 || 
240718221523154 Response.sendData()	INFO: requestContentType: 
240718221523155 Response.sendData()	INFO: GET /test03/assets/css/magnific-popup.css HTTP/1.1 
240718221523156 Response.sendData()	INFO:  Host: localhost:1000 
240718221523157 Response.sendData()	INFO:  
240718221523159 Response.sendData()	INFO: path: /test03/assets/css/magnific-popup.css
240718221523161 Response.sendData()	INFO: POST PARAMS : 
240718221523162 Response.sendData()	INFO: POST PAIRS MAP: {}
240718221523163 Response.sendData()	INFO: method: GET
240718221523165 Response.sendData()	INFO: path: /test03/assets/css/magnific-popup.css
240718221523167 Response.sendData()	INFO: fileContentType: text/css
240718221523170 Response.sendData()	INFO: extension: css
240718221523171 Response.sendData()	INFO: fileContentType: text/css
240718221523173 Response.sendData()	INFO: GET: []
240718221523175 Response.sendData()	INFO: GET MAP: {}
240718221523176 Response.sendData()	INFO: POST PARAMS: 
240718221523177 Response.sendData()	INFO: POST PARAMS MAP: {}
240718221523178 Response.sendData()	INFO: POST PARAMS MAP`KEYS: []
240718221523181 ThreadServer.run()	INFO: (35) > Thread :: Time: 31 milliseconds
240718221523182 ThreadServer.run()	INFO: (35) > END #
240718221528198 ThreadServer.run()	INFO: (35) > Thread waiting for new client....
240718221551919 ThreadServer.run()	INFO: (35) > Thread Accepting connection >
240718221551920 Request.getData()	INFO: (35) request: [GET /test02/displayFields.cc8?name=GET+-+application%2Fx-www-form-urlencoded&email=lab02%40galileo.edu HTTP/1.1, Host: localhost:1000, Connection: keep-alive, sec-ch-ua: "Not/A)Brand";v="8", "Chromium";v="126", "Google Chrome";v="126", sec-ch-ua-mobile: ?0, sec-ch-ua-platform: "Windows", Upgrade-Insecure-Requests: 1, User-Agent: Mozilla/5.0 (Windows NT 10.0; Win64; x64) AppleWebKit/537.36 (KHTML, like Gecko) Chrome/126.0.0.0 Safari/537.36, Accept: text/html,application/xhtml+xml,application/xml;q=0.9,image/avif,image/webp,image/apng,*/*;q=0.8,application/signed-exchange;v=b3;q=0.7, Sec-Fetch-Site: same-origin, Sec-Fetch-Mode: navigate, Sec-Fetch-User: ?1, Sec-Fetch-Dest: document, Referer: http://localhost:1000/test02/, Accept-Encoding: gzip, deflate, br, zstd, Accept-Language: es-US,es;q=0.9,es-419;q=0.8,en;q=0.7, ]
240718221551920 Response.sendData()	INFO: GET /test02/displayFields.cc8?name=GET+-+application%2Fx-www-form-urlencoded&email=lab02%40galileo.edu HTTP/1.1 || Host: localhost:1000 || Connection: keep-alive || sec-ch-ua: "Not/A)Brand";v="8", "Chromium";v="126", "Google Chrome";v="126" || sec-ch-ua-mobile: ?0 || sec-ch-ua-platform: "Windows" || Upgrade-Insecure-Requests: 1 || User-Agent: Mozilla/5.0 (Windows NT 10.0; Win64; x64) AppleWebKit/537.36 (KHTML, like Gecko) Chrome/126.0.0.0 Safari/537.36 || Accept: text/html,application/xhtml+xml,application/xml;q=0.9,image/avif,image/webp,image/apng,*/*;q=0.8,application/signed-exchange;v=b3;q=0.7 || Sec-Fetch-Site: same-origin || Sec-Fetch-Mode: navigate || Sec-Fetch-User: ?1 || Sec-Fetch-Dest: document || Referer: http://localhost:1000/test02/ || Accept-Encoding: gzip, deflate, br, zstd || Accept-Language: es-US,es;q=0.9,es-419;q=0.8,en;q=0.7 || 
240718221551921 Response.sendData()	INFO: requestContentType: 
240718221551922 Response.sendData()	INFO: GET /test02/displayFields.cc8?name=GET+-+application%2Fx-www-form-urlencoded&email=lab02%40galileo.edu HTTP/1.1 
240718221551922 Response.sendData()	INFO:  Host: localhost:1000 
240718221551922 Response.sendData()	INFO:  
240718221551922 Response.sendData()	INFO: path: /test02/displayFields.cc8?name=GET+-+application%2Fx-www-form-urlencoded&email=lab02%40galileo.edu
240718221551923 Response.sendData()	INFO: POST PARAMS : 
240718221551923 Response.sendData()	INFO: POST PAIRS MAP: {}
240718221551923 Response.sendData()	INFO: method: GET
240718221551923 Response.sendData()	INFO: path: /test02/displayFields.cc8
240718221551923 Response.sendData()	INFO: fileContentType: application/octet-stream
240718221551924 Response.sendData()	INFO: extension: cc8
240718221551924 Response.sendData()	INFO: fileContentType: text/html
240718221551924 Response.sendData()	INFO: GET: [name=GET+-+application%2Fx-www-form-urlencoded, email=lab02%40galileo.edu]
240718221551924 Response.sendData()	INFO: GET MAP: {name=GET - application/x-www-form-urlencoded, email=lab02@galileo.edu}
240718221551924 Response.sendData()	INFO: POST PARAMS: 
240718221551924 Response.sendData()	INFO: POST PARAMS MAP: {}
240718221551925 Response.sendData()	INFO: POST PARAMS MAP`KEYS: []
240718221551925 ThreadServer.run()	INFO: (35) > Thread :: Time: 6 milliseconds
240718221551925 ThreadServer.run()	INFO: (35) > END #
240718221556937 ThreadServer.run()	INFO: (35) > Thread waiting for new client....
