240724182147415 ThreadServer.run()	INFO: (35) > Thread waiting for new client....
240724182742855 ThreadServer.run()	INFO: (35) > Thread Accepting connection >
240724182742857 Request.getData()	INFO: (35) request: [GET /favicon.ico HTTP/1.1, Host: localhost:1000, Connection: keep-alive, sec-ch-ua: "Not/A)Brand";v="8", "Chromium";v="126", "Google Chrome";v="126", sec-ch-ua-mobile: ?0, User-Agent: Mozilla/5.0 (Windows NT 10.0; Win64; x64) AppleWebKit/537.36 (KHTML, like Gecko) Chrome/126.0.0.0 Safari/537.36, sec-ch-ua-platform: "Windows", Accept: */*, Sec-Fetch-Site: same-origin, Sec-Fetch-Mode: cors, Sec-Fetch-Dest: empty, Referer: http://localhost:1000/test02, Accept-Encoding: gzip, deflate, br, zstd, Accept-Language: es-US,es;q=0.9,es-419;q=0.8,en;q=0.7, ]
240724182742862 Response.sendData()	INFO: GET /favicon.ico HTTP/1.1 || Host: localhost:1000 || Connection: keep-alive || sec-ch-ua: "Not/A)Brand";v="8", "Chromium";v="126", "Google Chrome";v="126" || sec-ch-ua-mobile: ?0 || User-Agent: Mozilla/5.0 (Windows NT 10.0; Win64; x64) AppleWebKit/537.36 (KHTML, like Gecko) Chrome/126.0.0.0 Safari/537.36 || sec-ch-ua-platform: "Windows" || Accept: */* || Sec-Fetch-Site: same-origin || Sec-Fetch-Mode: cors || Sec-Fetch-Dest: empty || Referer: http://localhost:1000/test02 || Accept-Encoding: gzip, deflate, br, zstd || Accept-Language: es-US,es;q=0.9,es-419;q=0.8,en;q=0.7 || 
240724182742867 Response.sendData()	INFO: requestContentType: 
240724182742868 Response.sendData()	INFO: GET /favicon.ico HTTP/1.1 
240724182742870 Response.sendData()	INFO:  Host: localhost:1000 
240724182742871 Response.sendData()	INFO:  
240724182742872 Response.sendData()	INFO: path: /favicon.ico
240724182742873 Response.sendData()	INFO: POST PARAMS : 
240724182742874 Response.sendData()	INFO: POST PAIRS MAP: {}
240724182742875 Response.sendData()	INFO: method: GET
240724182742877 Response.sendData()	INFO: path: /favicon.ico
240724182742879 Response.sendData()	INFO: NO SE ENCONTRÓ EL ARCHIVO SOLICITADO. (/favicon.ico)
240724182742880 Response.sendData()	INFO: fileContentType: application/octet-stream
240724182742881 Response.sendData()	INFO: extension: ico
240724182742883 Response.sendData()	INFO: fileContentType: application/octet-stream
240724182742884 Response.sendData()	INFO: GET: []
240724182742885 Response.sendData()	INFO: GET MAP: {}
240724182742886 Response.sendData()	INFO: POST PARAMS: 
240724182742887 Response.sendData()	INFO: POST PARAMS MAP: {}
240724182742888 Response.sendData()	INFO: POST PARAMS MAP`KEYS: []
240724182742890 Response.sendData()	INFO: NO SE ENCONTRÓ EL ARCHIVO SOLICITADO. (/favicon.ico)
240724182742894 ThreadServer.run()	INFO: (35) > Thread :: Time: 38 milliseconds
240724182742895 ThreadServer.run()	INFO: (35) > END #
240724182747900 ThreadServer.run()	INFO: (35) > Thread waiting for new client....
240724182759264 ThreadServer.run()	INFO: (35) > Thread Accepting connection >
240724182759271 Request.getData()	INFO: (35) request: [GET /test03/assets/js/jquery.min.js HTTP/1.1, Host: localhost:1000, Connection: keep-alive, sec-ch-ua: "Not/A)Brand";v="8", "Chromium";v="126", "Google Chrome";v="126", sec-ch-ua-mobile: ?0, User-Agent: Mozilla/5.0 (Windows NT 10.0; Win64; x64) AppleWebKit/537.36 (KHTML, like Gecko) Chrome/126.0.0.0 Safari/537.36, sec-ch-ua-platform: "Windows", Accept: */*, Sec-Fetch-Site: same-origin, Sec-Fetch-Mode: no-cors, Sec-Fetch-Dest: script, Referer: http://localhost:1000/test03/contact.html, Accept-Encoding: gzip, deflate, br, zstd, Accept-Language: es-US,es;q=0.9,es-419;q=0.8,en;q=0.7, ]
240724182759279 Response.sendData()	INFO: GET /test03/assets/js/jquery.min.js HTTP/1.1 || Host: localhost:1000 || Connection: keep-alive || sec-ch-ua: "Not/A)Brand";v="8", "Chromium";v="126", "Google Chrome";v="126" || sec-ch-ua-mobile: ?0 || User-Agent: Mozilla/5.0 (Windows NT 10.0; Win64; x64) AppleWebKit/537.36 (KHTML, like Gecko) Chrome/126.0.0.0 Safari/537.36 || sec-ch-ua-platform: "Windows" || Accept: */* || Sec-Fetch-Site: same-origin || Sec-Fetch-Mode: no-cors || Sec-Fetch-Dest: script || Referer: http://localhost:1000/test03/contact.html || Accept-Encoding: gzip, deflate, br, zstd || Accept-Language: es-US,es;q=0.9,es-419;q=0.8,en;q=0.7 || 
240724182759284 Response.sendData()	INFO: requestContentType: 
240724182759289 Response.sendData()	INFO: GET /test03/assets/js/jquery.min.js HTTP/1.1 
240724182759293 Response.sendData()	INFO:  Host: localhost:1000 
240724182759298 Response.sendData()	INFO:  
240724182759302 Response.sendData()	INFO: path: /test03/assets/js/jquery.min.js
240724182759306 Response.sendData()	INFO: POST PARAMS : 
240724182759311 Response.sendData()	INFO: POST PAIRS MAP: {}
240724182759315 Response.sendData()	INFO: method: GET
240724182759322 Response.sendData()	INFO: path: /test03/assets/js/jquery.min.js
240724182759328 Response.sendData()	INFO: fileContentType: text/javascript
240724182759383 Response.sendData()	INFO: extension: js
240724182759384 Response.sendData()	INFO: fileContentType: text/javascript
240724182759385 Response.sendData()	INFO: GET: []
240724182759394 Response.sendData()	INFO: GET MAP: {}
240724182759398 Response.sendData()	INFO: POST PARAMS: 
240724182759478 Response.sendData()	INFO: POST PARAMS MAP: {}
240724182759501 Response.sendData()	INFO: POST PARAMS MAP`KEYS: []
240724182759510 ThreadServer.run()	INFO: (35) > Thread :: Time: 240 milliseconds
240724182759516 ThreadServer.run()	INFO: (35) > END #
240724182804542 ThreadServer.run()	INFO: (35) > Thread waiting for new client....
