240724182147559 ThreadServer.run()	INFO: (36) > Thread waiting for new client....
240724182748738 ThreadServer.run()	INFO: (36) > Thread Accepting connection >
240724182748796 Request.getData()	INFO: (36) request: [GET /test03/assets/js/jquery.min.js HTTP/1.1, Host: localhost:1000, Connection: keep-alive, sec-ch-ua: "Not/A)Brand";v="8", "Chromium";v="126", "Google Chrome";v="126", sec-ch-ua-mobile: ?0, User-Agent: Mozilla/5.0 (Windows NT 10.0; Win64; x64) AppleWebKit/537.36 (KHTML, like Gecko) Chrome/126.0.0.0 Safari/537.36, sec-ch-ua-platform: "Windows", Accept: */*, Sec-Fetch-Site: same-origin, Sec-Fetch-Mode: no-cors, Sec-Fetch-Dest: script, Referer: http://localhost:1000/test03/, Accept-Encoding: gzip, deflate, br, zstd, Accept-Language: es-US,es;q=0.9,es-419;q=0.8,en;q=0.7, ]
240724182748801 Response.sendData()	INFO: GET /test03/assets/js/jquery.min.js HTTP/1.1 || Host: localhost:1000 || Connection: keep-alive || sec-ch-ua: "Not/A)Brand";v="8", "Chromium";v="126", "Google Chrome";v="126" || sec-ch-ua-mobile: ?0 || User-Agent: Mozilla/5.0 (Windows NT 10.0; Win64; x64) AppleWebKit/537.36 (KHTML, like Gecko) Chrome/126.0.0.0 Safari/537.36 || sec-ch-ua-platform: "Windows" || Accept: */* || Sec-Fetch-Site: same-origin || Sec-Fetch-Mode: no-cors || Sec-Fetch-Dest: script || Referer: http://localhost:1000/test03/ || Accept-Encoding: gzip, deflate, br, zstd || Accept-Language: es-US,es;q=0.9,es-419;q=0.8,en;q=0.7 || 
240724182748805 Response.sendData()	INFO: requestContentType: 
240724182748834 Response.sendData()	INFO: GET /test03/assets/js/jquery.min.js HTTP/1.1 
240724182748835 Response.sendData()	INFO:  Host: localhost:1000 
240724182748875 Response.sendData()	INFO:  
240724182748883 Response.sendData()	INFO: path: /test03/assets/js/jquery.min.js
240724182748910 Response.sendData()	INFO: POST PARAMS : 
240724182748913 Response.sendData()	INFO: POST PAIRS MAP: {}
240724182748915 Response.sendData()	INFO: method: GET
240724182748916 Response.sendData()	INFO: path: /test03/assets/js/jquery.min.js
240724182748938 Response.sendData()	INFO: fileContentType: text/javascript
240724182748967 Response.sendData()	INFO: extension: js
240724182748978 Response.sendData()	INFO: fileContentType: text/javascript
240724182748979 Response.sendData()	INFO: GET: []
240724182748980 Response.sendData()	INFO: GET MAP: {}
240724182749021 Response.sendData()	INFO: POST PARAMS: 
240724182749023 Response.sendData()	INFO: POST PARAMS MAP: {}
240724182749051 Response.sendData()	INFO: POST PARAMS MAP`KEYS: []
240724182749055 ThreadServer.run()	INFO: (36) > Thread :: Time: 260 milliseconds
240724182749057 ThreadServer.run()	INFO: (36) > END #
240724182754061 ThreadServer.run()	INFO: (36) > Thread waiting for new client....
240724182817007 ThreadServer.run()	INFO: (36) > Thread Accepting connection >
240724182817010 Request.getData()	INFO: (36) request: [GET /favicon.ico HTTP/1.1, Host: localhost:1000, Connection: keep-alive, sec-ch-ua: "Not/A)Brand";v="8", "Chromium";v="126", "Google Chrome";v="126", sec-ch-ua-mobile: ?0, User-Agent: Mozilla/5.0 (Windows NT 10.0; Win64; x64) AppleWebKit/537.36 (KHTML, like Gecko) Chrome/126.0.0.0 Safari/537.36, sec-ch-ua-platform: "Windows", Accept: */*, Sec-Fetch-Site: same-origin, Sec-Fetch-Mode: cors, Sec-Fetch-Dest: empty, Referer: http://localhost:1000/test03/PrimerTest.cc8, Accept-Encoding: gzip, deflate, br, zstd, Accept-Language: es-US,es;q=0.9,es-419;q=0.8,en;q=0.7, ]
240724182817014 Response.sendData()	INFO: GET /favicon.ico HTTP/1.1 || Host: localhost:1000 || Connection: keep-alive || sec-ch-ua: "Not/A)Brand";v="8", "Chromium";v="126", "Google Chrome";v="126" || sec-ch-ua-mobile: ?0 || User-Agent: Mozilla/5.0 (Windows NT 10.0; Win64; x64) AppleWebKit/537.36 (KHTML, like Gecko) Chrome/126.0.0.0 Safari/537.36 || sec-ch-ua-platform: "Windows" || Accept: */* || Sec-Fetch-Site: same-origin || Sec-Fetch-Mode: cors || Sec-Fetch-Dest: empty || Referer: http://localhost:1000/test03/PrimerTest.cc8 || Accept-Encoding: gzip, deflate, br, zstd || Accept-Language: es-US,es;q=0.9,es-419;q=0.8,en;q=0.7 || 
240724182817017 Response.sendData()	INFO: requestContentType: 
240724182817018 Response.sendData()	INFO: GET /favicon.ico HTTP/1.1 
240724182817019 Response.sendData()	INFO:  Host: localhost:1000 
240724182817020 Response.sendData()	INFO:  
240724182817022 Response.sendData()	INFO: path: /favicon.ico
240724182817023 Response.sendData()	INFO: POST PARAMS : 
240724182817024 Response.sendData()	INFO: POST PAIRS MAP: {}
240724182817025 Response.sendData()	INFO: method: GET
240724182817026 Response.sendData()	INFO: path: /favicon.ico
240724182817027 Response.sendData()	INFO: NO SE ENCONTRÓ EL ARCHIVO SOLICITADO. (/favicon.ico)
240724182817028 Response.sendData()	INFO: fileContentType: application/octet-stream
240724182817029 Response.sendData()	INFO: extension: ico
240724182817030 Response.sendData()	INFO: fileContentType: application/octet-stream
240724182817031 Response.sendData()	INFO: GET: []
240724182817032 Response.sendData()	INFO: GET MAP: {}
240724182817033 Response.sendData()	INFO: POST PARAMS: 
240724182817033 Response.sendData()	INFO: POST PARAMS MAP: {}
240724182817034 Response.sendData()	INFO: POST PARAMS MAP`KEYS: []
240724182817036 Response.sendData()	INFO: NO SE ENCONTRÓ EL ARCHIVO SOLICITADO. (/favicon.ico)
240724182817038 ThreadServer.run()	INFO: (36) > Thread :: Time: 29 milliseconds
240724182817039 ThreadServer.run()	INFO: (36) > END #
240724182822045 ThreadServer.run()	INFO: (36) > Thread waiting for new client....
