240718221352129 ThreadServer.run()	INFO: (36) > Thread waiting for new client....
240718221401214 ThreadServer.run()	INFO: (36) > Thread Accepting connection >
240718221401216 Request.getData()	INFO: (36) request: [GET /favicon.ico HTTP/1.1, Host: localhost:1000, Connection: keep-alive, sec-ch-ua: "Not/A)Brand";v="8", "Chromium";v="126", "Google Chrome";v="126", sec-ch-ua-mobile: ?0, User-Agent: Mozilla/5.0 (Windows NT 10.0; Win64; x64) AppleWebKit/537.36 (KHTML, like Gecko) Chrome/126.0.0.0 Safari/537.36, sec-ch-ua-platform: "Windows", Accept: */*, Sec-Fetch-Site: same-origin, Sec-Fetch-Mode: cors, Sec-Fetch-Dest: empty, Referer: http://localhost:1000/test02, Accept-Encoding: gzip, deflate, br, zstd, Accept-Language: es-US,es;q=0.9,es-419;q=0.8,en;q=0.7, ]
240718221401218 Response.sendData()	INFO: GET /favicon.ico HTTP/1.1 || Host: localhost:1000 || Connection: keep-alive || sec-ch-ua: "Not/A)Brand";v="8", "Chromium";v="126", "Google Chrome";v="126" || sec-ch-ua-mobile: ?0 || User-Agent: Mozilla/5.0 (Windows NT 10.0; Win64; x64) AppleWebKit/537.36 (KHTML, like Gecko) Chrome/126.0.0.0 Safari/537.36 || sec-ch-ua-platform: "Windows" || Accept: */* || Sec-Fetch-Site: same-origin || Sec-Fetch-Mode: cors || Sec-Fetch-Dest: empty || Referer: http://localhost:1000/test02 || Accept-Encoding: gzip, deflate, br, zstd || Accept-Language: es-US,es;q=0.9,es-419;q=0.8,en;q=0.7 || 
240718221401220 Response.sendData()	INFO: requestContentType: 
240718221401221 Response.sendData()	INFO: GET /favicon.ico HTTP/1.1 
240718221401222 Response.sendData()	INFO:  Host: localhost:1000 
240718221401223 Response.sendData()	INFO:  
240718221401224 Response.sendData()	INFO: path: /favicon.ico
240718221401225 Response.sendData()	INFO: POST PARAMS : 
240718221401226 Response.sendData()	INFO: POST PAIRS MAP: {}
240718221401227 Response.sendData()	INFO: method: GET
240718221401228 Response.sendData()	INFO: path: /favicon.ico
240718221401230 Response.sendData()	INFO: NO SE ENCONTRÓ EL ARCHIVO SOLICITADO. (/favicon.ico)
240718221401231 Response.sendData()	INFO: fileContentType: application/octet-stream
240718221401232 Response.sendData()	INFO: extension: ico
240718221401233 Response.sendData()	INFO: fileContentType: application/octet-stream
240718221401234 Response.sendData()	INFO: GET: []
240718221401235 Response.sendData()	INFO: GET MAP: {}
240718221401236 Response.sendData()	INFO: POST PARAMS: 
240718221401238 Response.sendData()	INFO: POST PARAMS MAP: {}
240718221401240 Response.sendData()	INFO: POST PARAMS MAP`KEYS: []
240718221401242 Response.sendData()	INFO: NO SE ENCONTRÓ EL ARCHIVO SOLICITADO. (/favicon.ico)
240718221401243 ThreadServer.run()	INFO: (36) > Thread :: Time: 27 milliseconds
240718221401244 ThreadServer.run()	INFO: (36) > END #
240718221406259 ThreadServer.run()	INFO: (36) > Thread waiting for new client....
