240718202036547 ThreadServer.run()	INFO: (37) > Thread waiting for new client....
240718202041560 ThreadServer.run()	INFO: (37) > Thread Accepting connection >
240718202041563 Request.getData()	INFO: (37) request: [GET /favicon.ico HTTP/1.1, Host: localhost:1000, Connection: keep-alive, sec-ch-ua: "Not/A)Brand";v="8", "Chromium";v="126", "Google Chrome";v="126", sec-ch-ua-mobile: ?0, User-Agent: Mozilla/5.0 (Windows NT 10.0; Win64; x64) AppleWebKit/537.36 (KHTML, like Gecko) Chrome/126.0.0.0 Safari/537.36, sec-ch-ua-platform: "Windows", Accept: */*, Sec-Fetch-Site: same-origin, Sec-Fetch-Mode: cors, Sec-Fetch-Dest: empty, Referer: http://localhost:1000/test02/displayFields.cc8, Accept-Encoding: gzip, deflate, br, zstd, Accept-Language: es-US,es;q=0.9,es-419;q=0.8,en;q=0.7, ]
240718202041566 Response.sendData()	INFO: GET /favicon.ico HTTP/1.1 || Host: localhost:1000 || Connection: keep-alive || sec-ch-ua: "Not/A)Brand";v="8", "Chromium";v="126", "Google Chrome";v="126" || sec-ch-ua-mobile: ?0 || User-Agent: Mozilla/5.0 (Windows NT 10.0; Win64; x64) AppleWebKit/537.36 (KHTML, like Gecko) Chrome/126.0.0.0 Safari/537.36 || sec-ch-ua-platform: "Windows" || Accept: */* || Sec-Fetch-Site: same-origin || Sec-Fetch-Mode: cors || Sec-Fetch-Dest: empty || Referer: http://localhost:1000/test02/displayFields.cc8 || Accept-Encoding: gzip, deflate, br, zstd || Accept-Language: es-US,es;q=0.9,es-419;q=0.8,en;q=0.7 || 
240718202041577 Response.sendData()	INFO: GET /favicon.ico HTTP/1.1 
240718202041579 Response.sendData()	INFO:  Host: localhost:1000 
240718202041580 Response.sendData()	INFO:  
240718202041581 Response.sendData()	INFO: path: /favicon.ico
240718202041582 Response.sendData()	INFO: POST PARAMS : 
240718202041583 Response.sendData()	INFO: POST PAIRS MAP: {}
240718202041584 Response.sendData()	INFO: method: GET
240718202041585 Response.sendData()	INFO: path: /favicon.ico
240718202041587 Response.sendData()	INFO: NO SE ENCONTRÓ EL ARCHIVO SOLICITADO. (/favicon.ico)
240718202041589 Response.sendData()	INFO: fileContentType: application/octet-stream
240718202041591 Response.sendData()	INFO: extension: ico
240718202041592 Response.sendData()	INFO: fileContentType: application/octet-stream
240718202041593 Response.sendData()	INFO: GET: []
240718202041593 Response.sendData()	INFO: GET MAP: {}
240718202041594 Response.sendData()	INFO: POST PARAMS: 
240718202041595 Response.sendData()	INFO: POST PARAMS MAP: {}
240718202041595 Response.sendData()	INFO: POST PARAMS MAP`KEYS: []
240718202041597 Response.sendData()	INFO: NO SE ENCONTRÓ EL ARCHIVO SOLICITADO. (/favicon.ico)
240718202041598 ThreadServer.run()	INFO: (37) > Thread :: Time: 36 milliseconds
240718202041599 ThreadServer.run()	INFO: (37) > END #
240718202046615 ThreadServer.run()	INFO: (37) > Thread waiting for new client....
