240724182147392 ThreadServer.run()	INFO: (38) > Thread waiting for new client....
240724182748633 ThreadServer.run()	INFO: (38) > Thread Accepting connection >
240724182748635 Request.getData()	INFO: (38) request: [GET /test03/assets/img/portfolio/home-port1.png HTTP/1.1, Host: localhost:1000, Connection: keep-alive, sec-ch-ua: "Not/A)Brand";v="8", "Chromium";v="126", "Google Chrome";v="126", sec-ch-ua-mobile: ?0, User-Agent: Mozilla/5.0 (Windows NT 10.0; Win64; x64) AppleWebKit/537.36 (KHTML, like Gecko) Chrome/126.0.0.0 Safari/537.36, sec-ch-ua-platform: "Windows", Accept: image/avif,image/webp,image/apng,image/svg+xml,image/*,*/*;q=0.8, Sec-Fetch-Site: same-origin, Sec-Fetch-Mode: no-cors, Sec-Fetch-Dest: image, Referer: http://localhost:1000/test03/, Accept-Encoding: gzip, deflate, br, zstd, Accept-Language: es-US,es;q=0.9,es-419;q=0.8,en;q=0.7, ]
240724182748650 Response.sendData()	INFO: GET /test03/assets/img/portfolio/home-port1.png HTTP/1.1 || Host: localhost:1000 || Connection: keep-alive || sec-ch-ua: "Not/A)Brand";v="8", "Chromium";v="126", "Google Chrome";v="126" || sec-ch-ua-mobile: ?0 || User-Agent: Mozilla/5.0 (Windows NT 10.0; Win64; x64) AppleWebKit/537.36 (KHTML, like Gecko) Chrome/126.0.0.0 Safari/537.36 || sec-ch-ua-platform: "Windows" || Accept: image/avif,image/webp,image/apng,image/svg+xml,image/*,*/*;q=0.8 || Sec-Fetch-Site: same-origin || Sec-Fetch-Mode: no-cors || Sec-Fetch-Dest: image || Referer: http://localhost:1000/test03/ || Accept-Encoding: gzip, deflate, br, zstd || Accept-Language: es-US,es;q=0.9,es-419;q=0.8,en;q=0.7 || 
240724182748663 Response.sendData()	INFO: requestContentType: 
240724182748672 Response.sendData()	INFO: GET /test03/assets/img/portfolio/home-port1.png HTTP/1.1 
240724182748680 Response.sendData()	INFO:  Host: localhost:1000 
240724182748690 Response.sendData()	INFO:  
240724182748694 Response.sendData()	INFO: path: /test03/assets/img/portfolio/home-port1.png
240724182748705 Response.sendData()	INFO: POST PARAMS : 
240724182748772 Response.sendData()	INFO: POST PAIRS MAP: {}
240724182748782 Response.sendData()	INFO: method: GET
240724182748802 Response.sendData()	INFO: path: /test03/assets/img/portfolio/home-port1.png
240724182748847 Response.sendData()	INFO: fileContentType: image/png
240724182748875 Response.sendData()	INFO: extension: png
240724182748880 Response.sendData()	INFO: fileContentType: image/png
240724182748881 Response.sendData()	INFO: GET: []
240724182748908 Response.sendData()	INFO: GET MAP: {}
240724182748912 Response.sendData()	INFO: POST PARAMS: 
240724182748933 Response.sendData()	INFO: POST PARAMS MAP: {}
240724182748944 Response.sendData()	INFO: POST PARAMS MAP`KEYS: []
240724182748968 ThreadServer.run()	INFO: (38) > Thread :: Time: 333 milliseconds
240724182749069 ThreadServer.run()	INFO: (38) > END #
240724182754081 ThreadServer.run()	INFO: (38) > Thread waiting for new client....
