240718221434232 ThreadServer.run()	INFO: (38) > Thread waiting for new client....
240718221453703 ThreadServer.run()	INFO: (38) > Thread Accepting connection >
240718221453704 Request.getData()	INFO: (38) request: [GET /test03/assets/js/jquery.magnific-popup.min.js HTTP/1.1, Host: localhost:1000, Connection: keep-alive, sec-ch-ua: "Not/A)Brand";v="8", "Chromium";v="126", "Google Chrome";v="126", sec-ch-ua-mobile: ?0, User-Agent: Mozilla/5.0 (Windows NT 10.0; Win64; x64) AppleWebKit/537.36 (KHTML, like Gecko) Chrome/126.0.0.0 Safari/537.36, sec-ch-ua-platform: "Windows", Accept: */*, Sec-Fetch-Site: same-origin, Sec-Fetch-Mode: no-cors, Sec-Fetch-Dest: script, Referer: http://localhost:1000/test03/, Accept-Encoding: gzip, deflate, br, zstd, Accept-Language: es-US,es;q=0.9,es-419;q=0.8,en;q=0.7, ]
240718221453708 Response.sendData()	INFO: GET /test03/assets/js/jquery.magnific-popup.min.js HTTP/1.1 || Host: localhost:1000 || Connection: keep-alive || sec-ch-ua: "Not/A)Brand";v="8", "Chromium";v="126", "Google Chrome";v="126" || sec-ch-ua-mobile: ?0 || User-Agent: Mozilla/5.0 (Windows NT 10.0; Win64; x64) AppleWebKit/537.36 (KHTML, like Gecko) Chrome/126.0.0.0 Safari/537.36 || sec-ch-ua-platform: "Windows" || Accept: */* || Sec-Fetch-Site: same-origin || Sec-Fetch-Mode: no-cors || Sec-Fetch-Dest: script || Referer: http://localhost:1000/test03/ || Accept-Encoding: gzip, deflate, br, zstd || Accept-Language: es-US,es;q=0.9,es-419;q=0.8,en;q=0.7 || 
240718221453710 Response.sendData()	INFO: requestContentType: 
240718221453712 Response.sendData()	INFO: GET /test03/assets/js/jquery.magnific-popup.min.js HTTP/1.1 
240718221453714 Response.sendData()	INFO:  Host: localhost:1000 
240718221453715 Response.sendData()	INFO:  
240718221453716 Response.sendData()	INFO: path: /test03/assets/js/jquery.magnific-popup.min.js
240718221453717 Response.sendData()	INFO: POST PARAMS : 
240718221453718 Response.sendData()	INFO: POST PAIRS MAP: {}
240718221453719 Response.sendData()	INFO: method: GET
240718221453720 Response.sendData()	INFO: path: /test03/assets/js/jquery.magnific-popup.min.js
240718221453722 Response.sendData()	INFO: fileContentType: text/javascript
240718221453723 Response.sendData()	INFO: extension: js
240718221453724 Response.sendData()	INFO: fileContentType: text/javascript
240718221453725 Response.sendData()	INFO: GET: []
240718221453726 Response.sendData()	INFO: GET MAP: {}
240718221453727 Response.sendData()	INFO: POST PARAMS: 
240718221453727 Response.sendData()	INFO: POST PARAMS MAP: {}
240718221453729 Response.sendData()	INFO: POST PARAMS MAP`KEYS: []
240718221453731 ThreadServer.run()	INFO: (38) > Thread :: Time: 27 milliseconds
240718221453731 ThreadServer.run()	INFO: (38) > END #
240718221458732 ThreadServer.run()	INFO: (38) > Thread waiting for new client....
240718221523180 ThreadServer.run()	INFO: (38) > Thread Accepting connection >
240718221523182 Request.getData()	INFO: (38) request: [GET /test03/assets/css/animate.min.css HTTP/1.1, Host: localhost:1000, Connection: keep-alive, sec-ch-ua: "Not/A)Brand";v="8", "Chromium";v="126", "Google Chrome";v="126", sec-ch-ua-mobile: ?0, User-Agent: Mozilla/5.0 (Windows NT 10.0; Win64; x64) AppleWebKit/537.36 (KHTML, like Gecko) Chrome/126.0.0.0 Safari/537.36, sec-ch-ua-platform: "Windows", Accept: text/css,*/*;q=0.1, Sec-Fetch-Site: same-origin, Sec-Fetch-Mode: no-cors, Sec-Fetch-Dest: style, Referer: http://localhost:1000/test03/contact.html, Accept-Encoding: gzip, deflate, br, zstd, Accept-Language: es-US,es;q=0.9,es-419;q=0.8,en;q=0.7, ]
240718221523184 Response.sendData()	INFO: GET /test03/assets/css/animate.min.css HTTP/1.1 || Host: localhost:1000 || Connection: keep-alive || sec-ch-ua: "Not/A)Brand";v="8", "Chromium";v="126", "Google Chrome";v="126" || sec-ch-ua-mobile: ?0 || User-Agent: Mozilla/5.0 (Windows NT 10.0; Win64; x64) AppleWebKit/537.36 (KHTML, like Gecko) Chrome/126.0.0.0 Safari/537.36 || sec-ch-ua-platform: "Windows" || Accept: text/css,*/*;q=0.1 || Sec-Fetch-Site: same-origin || Sec-Fetch-Mode: no-cors || Sec-Fetch-Dest: style || Referer: http://localhost:1000/test03/contact.html || Accept-Encoding: gzip, deflate, br, zstd || Accept-Language: es-US,es;q=0.9,es-419;q=0.8,en;q=0.7 || 
240718221523185 Response.sendData()	INFO: requestContentType: 
240718221523185 Response.sendData()	INFO: GET /test03/assets/css/animate.min.css HTTP/1.1 
240718221523186 Response.sendData()	INFO:  Host: localhost:1000 
240718221523186 Response.sendData()	INFO:  
240718221523186 Response.sendData()	INFO: path: /test03/assets/css/animate.min.css
240718221523187 Response.sendData()	INFO: POST PARAMS : 
240718221523188 Response.sendData()	INFO: POST PAIRS MAP: {}
240718221523188 Response.sendData()	INFO: method: GET
240718221523190 Response.sendData()	INFO: path: /test03/assets/css/animate.min.css
240718221523192 Response.sendData()	INFO: fileContentType: text/css
240718221523192 Response.sendData()	INFO: extension: css
240718221523193 Response.sendData()	INFO: fileContentType: text/css
240718221523193 Response.sendData()	INFO: GET: []
240718221523194 Response.sendData()	INFO: GET MAP: {}
240718221523194 Response.sendData()	INFO: POST PARAMS: 
240718221523196 Response.sendData()	INFO: POST PARAMS MAP: {}
240718221523197 Response.sendData()	INFO: POST PARAMS MAP`KEYS: []
240718221523198 ThreadServer.run()	INFO: (38) > Thread :: Time: 16 milliseconds
240718221523198 ThreadServer.run()	INFO: (38) > END #
240718221528214 ThreadServer.run()	INFO: (38) > Thread waiting for new client....
240718221553695 ThreadServer.run()	INFO: (38) > Thread Accepting connection >
240718221553696 Request.getData()	INFO: (38) request: [GET /favicon.ico HTTP/1.1, Host: localhost:1000, Connection: keep-alive, sec-ch-ua: "Not/A)Brand";v="8", "Chromium";v="126", "Google Chrome";v="126", sec-ch-ua-mobile: ?0, User-Agent: Mozilla/5.0 (Windows NT 10.0; Win64; x64) AppleWebKit/537.36 (KHTML, like Gecko) Chrome/126.0.0.0 Safari/537.36, sec-ch-ua-platform: "Windows", Accept: */*, Sec-Fetch-Site: same-origin, Sec-Fetch-Mode: cors, Sec-Fetch-Dest: empty, Referer: http://localhost:1000/test02, Accept-Encoding: gzip, deflate, br, zstd, Accept-Language: es-US,es;q=0.9,es-419;q=0.8,en;q=0.7, ]
240718221553697 Response.sendData()	INFO: GET /favicon.ico HTTP/1.1 || Host: localhost:1000 || Connection: keep-alive || sec-ch-ua: "Not/A)Brand";v="8", "Chromium";v="126", "Google Chrome";v="126" || sec-ch-ua-mobile: ?0 || User-Agent: Mozilla/5.0 (Windows NT 10.0; Win64; x64) AppleWebKit/537.36 (KHTML, like Gecko) Chrome/126.0.0.0 Safari/537.36 || sec-ch-ua-platform: "Windows" || Accept: */* || Sec-Fetch-Site: same-origin || Sec-Fetch-Mode: cors || Sec-Fetch-Dest: empty || Referer: http://localhost:1000/test02 || Accept-Encoding: gzip, deflate, br, zstd || Accept-Language: es-US,es;q=0.9,es-419;q=0.8,en;q=0.7 || 
240718221553697 Response.sendData()	INFO: requestContentType: 
240718221553698 Response.sendData()	INFO: GET /favicon.ico HTTP/1.1 
240718221553698 Response.sendData()	INFO:  Host: localhost:1000 
240718221553698 Response.sendData()	INFO:  
240718221553699 Response.sendData()	INFO: path: /favicon.ico
240718221553699 Response.sendData()	INFO: POST PARAMS : 
240718221553700 Response.sendData()	INFO: POST PAIRS MAP: {}
240718221553700 Response.sendData()	INFO: method: GET
240718221553701 Response.sendData()	INFO: path: /favicon.ico
240718221553701 Response.sendData()	INFO: NO SE ENCONTRÓ EL ARCHIVO SOLICITADO. (/favicon.ico)
240718221553702 Response.sendData()	INFO: fileContentType: application/octet-stream
240718221553703 Response.sendData()	INFO: extension: ico
240718221553704 Response.sendData()	INFO: fileContentType: application/octet-stream
240718221553704 Response.sendData()	INFO: GET: []
240718221553705 Response.sendData()	INFO: GET MAP: {}
240718221553705 Response.sendData()	INFO: POST PARAMS: 
240718221553706 Response.sendData()	INFO: POST PARAMS MAP: {}
240718221553706 Response.sendData()	INFO: POST PARAMS MAP`KEYS: []
240718221553707 Response.sendData()	INFO: NO SE ENCONTRÓ EL ARCHIVO SOLICITADO. (/favicon.ico)
240718221553709 ThreadServer.run()	INFO: (38) > Thread :: Time: 14 milliseconds
240718221553710 ThreadServer.run()	INFO: (38) > END #
240718221558711 ThreadServer.run()	INFO: (38) > Thread waiting for new client....
