240718215741223 ThreadServer.run()	INFO: (38) > Thread waiting for new client....
240718215744683 ThreadServer.run()	INFO: (38) > Thread Accepting connection >
240718215744686 Request.getData()	INFO: (38) request: [GET /favicon.ico HTTP/1.1, Host: localhost:1000, Connection: keep-alive, sec-ch-ua: "Not/A)Brand";v="8", "Chromium";v="126", "Google Chrome";v="126", sec-ch-ua-mobile: ?0, User-Agent: Mozilla/5.0 (Windows NT 10.0; Win64; x64) AppleWebKit/537.36 (KHTML, like Gecko) Chrome/126.0.0.0 Safari/537.36, sec-ch-ua-platform: "Windows", Accept: */*, Sec-Fetch-Site: same-origin, Sec-Fetch-Mode: cors, Sec-Fetch-Dest: empty, Referer: http://localhost:1000/test02, Accept-Encoding: gzip, deflate, br, zstd, Accept-Language: es-US,es;q=0.9,es-419;q=0.8,en;q=0.7, ]
240718215744689 Response.sendData()	INFO: GET /favicon.ico HTTP/1.1 || Host: localhost:1000 || Connection: keep-alive || sec-ch-ua: "Not/A)Brand";v="8", "Chromium";v="126", "Google Chrome";v="126" || sec-ch-ua-mobile: ?0 || User-Agent: Mozilla/5.0 (Windows NT 10.0; Win64; x64) AppleWebKit/537.36 (KHTML, like Gecko) Chrome/126.0.0.0 Safari/537.36 || sec-ch-ua-platform: "Windows" || Accept: */* || Sec-Fetch-Site: same-origin || Sec-Fetch-Mode: cors || Sec-Fetch-Dest: empty || Referer: http://localhost:1000/test02 || Accept-Encoding: gzip, deflate, br, zstd || Accept-Language: es-US,es;q=0.9,es-419;q=0.8,en;q=0.7 || 
240718215744691 Response.sendData()	INFO: requestContentType: 
240718215744692 Response.sendData()	INFO: GET /favicon.ico HTTP/1.1 
240718215744694 Response.sendData()	INFO:  Host: localhost:1000 
240718215744695 Response.sendData()	INFO:  
240718215744697 Response.sendData()	INFO: path: /favicon.ico
240718215744699 Response.sendData()	INFO: POST PARAMS : 
240718215744700 Response.sendData()	INFO: POST PAIRS MAP: {}
240718215744700 Response.sendData()	INFO: method: GET
240718215744701 Response.sendData()	INFO: path: /favicon.ico
240718215744703 Response.sendData()	INFO: NO SE ENCONTRÓ EL ARCHIVO SOLICITADO. (/favicon.ico)
240718215744704 Response.sendData()	INFO: fileContentType: application/octet-stream
240718215744705 Response.sendData()	INFO: extension: ico
240718215744706 Response.sendData()	INFO: fileContentType: application/octet-stream
240718215744707 Response.sendData()	INFO: GET: []
240718215744708 Response.sendData()	INFO: GET MAP: {}
240718215744709 Response.sendData()	INFO: POST PARAMS: 
240718215744710 Response.sendData()	INFO: POST PARAMS MAP: {}
240718215744711 Response.sendData()	INFO: POST PARAMS MAP`KEYS: []
240718215744715 Response.sendData()	INFO: NO SE ENCONTRÓ EL ARCHIVO SOLICITADO. (/favicon.ico)
240718215744716 ThreadServer.run()	INFO: (38) > Thread :: Time: 31 milliseconds
240718215744717 ThreadServer.run()	INFO: (38) > END #
240718215749728 ThreadServer.run()	INFO: (38) > Thread waiting for new client....
