240718214713356 ThreadServer.run()	INFO: (39) > Thread waiting for new client....
240718214721217 ThreadServer.run()	INFO: (39) > Thread Accepting connection >
240718214721219 Request.getData()	INFO: (39) request: [POST /test02/displayFields.cc8 HTTP/1.1, Host: localhost:1000, Connection: keep-alive, Content-Length: 49, Cache-Control: max-age=0, sec-ch-ua: "Not/A)Brand";v="8", "Chromium";v="126", "Google Chrome";v="126", sec-ch-ua-mobile: ?0, sec-ch-ua-platform: "Windows", Upgrade-Insecure-Requests: 1, Origin: http://localhost:1000, Content-Type: text/plain, User-Agent: Mozilla/5.0 (Windows NT 10.0; Win64; x64) AppleWebKit/537.36 (KHTML, like Gecko) Chrome/126.0.0.0 Safari/537.36, Accept: text/html,application/xhtml+xml,application/xml;q=0.9,image/avif,image/webp,image/apng,*/*;q=0.8,application/signed-exchange;v=b3;q=0.7, Sec-Fetch-Site: same-origin, Sec-Fetch-Mode: navigate, Sec-Fetch-User: ?1, Sec-Fetch-Dest: document, Referer: http://localhost:1000/test02, Accept-Encoding: gzip, deflate, br, zstd, Accept-Language: es-US,es;q=0.9,es-419;q=0.8,en;q=0.7, name=POST - text/plain
email=lab02@galileo.edu
]
240718214721221 Response.sendData()	INFO: POST /test02/displayFields.cc8 HTTP/1.1 || Host: localhost:1000 || Connection: keep-alive || Content-Length: 49 || Cache-Control: max-age=0 || sec-ch-ua: "Not/A)Brand";v="8", "Chromium";v="126", "Google Chrome";v="126" || sec-ch-ua-mobile: ?0 || sec-ch-ua-platform: "Windows" || Upgrade-Insecure-Requests: 1 || Origin: http://localhost:1000 || Content-Type: text/plain || User-Agent: Mozilla/5.0 (Windows NT 10.0; Win64; x64) AppleWebKit/537.36 (KHTML, like Gecko) Chrome/126.0.0.0 Safari/537.36 || Accept: text/html,application/xhtml+xml,application/xml;q=0.9,image/avif,image/webp,image/apng,*/*;q=0.8,application/signed-exchange;v=b3;q=0.7 || Sec-Fetch-Site: same-origin || Sec-Fetch-Mode: navigate || Sec-Fetch-User: ?1 || Sec-Fetch-Dest: document || Referer: http://localhost:1000/test02 || Accept-Encoding: gzip, deflate, br, zstd || Accept-Language: es-US,es;q=0.9,es-419;q=0.8,en;q=0.7 || name=POST - text/plain
email=lab02@galileo.edu

240718214721223 Response.sendData()	INFO: requestContentType: text/plain 
240718214721224 Response.sendData()	INFO: POST /test02/displayFields.cc8 HTTP/1.1 
240718214721224 Response.sendData()	INFO:  Host: localhost:1000 
240718214721225 Response.sendData()	INFO:  name=POST - text/plain
email=lab02@galileo.edu

240718214721226 Response.sendData()	INFO: path: /test02/displayFields.cc8
240718214721227 Response.sendData()	INFO: POST PARAMS : name=POST - text/plain
email=lab02@galileo.edu
240718214721231 Response.sendData()	INFO: Post Params ARRAY: [name=POST - text/plain, email=lab02@galileo.edu]
240718214721238 Response.sendData()	INFO: Post Params ARRAY: 2
240718214721240 Response.sendData()	INFO: POST PAIRS MAP: {name=POST - text/plain, email=lab02@galileo.edu}
240718214721240 Response.sendData()	INFO: method: POST
240718214721241 Response.sendData()	INFO: path: /test02/displayFields.cc8
240718214721242 Response.sendData()	INFO: fileContentType: application/octet-stream
240718214721243 Response.sendData()	INFO: extension: cc8
240718214721245 Response.sendData()	INFO: fileContentType: text/html
240718214721246 Response.sendData()	INFO: GET: []
240718214721246 Response.sendData()	INFO: GET MAP: {}
240718214721247 Response.sendData()	INFO: POST PARAMS: name=POST - text/plain
email=lab02@galileo.edu
240718214721253 Response.sendData()	INFO: POST PARAMS MAP: {name=POST - text/plain, email=lab02@galileo.edu}
240718214721255 Response.sendData()	INFO: POST PARAMS MAP`KEYS: [name, email]
240718214721256 ThreadServer.run()	INFO: (39) > Thread :: Time: 38 milliseconds
240718214721257 ThreadServer.run()	INFO: (39) > END #
240718214726263 ThreadServer.run()	INFO: (39) > Thread waiting for new client....
