240718183618687 ThreadServer.run()	INFO: (39) > Thread waiting for new client....
240718183626490 ThreadServer.run()	INFO: (39) > Thread Accepting connection >
240718183626492 Request.getData()	INFO: (39) request: [GET /favicon.ico HTTP/1.1, Host: localhost:1000, Connection: keep-alive, sec-ch-ua: "Not/A)Brand";v="8", "Chromium";v="126", "Google Chrome";v="126", sec-ch-ua-mobile: ?0, User-Agent: Mozilla/5.0 (Windows NT 10.0; Win64; x64) AppleWebKit/537.36 (KHTML, like Gecko) Chrome/126.0.0.0 Safari/537.36, sec-ch-ua-platform: "Windows", Accept: */*, Sec-Fetch-Site: same-origin, Sec-Fetch-Mode: cors, Sec-Fetch-Dest: empty, Referer: http://localhost:1000/test02/displayFields.cc8, Accept-Encoding: gzip, deflate, br, zstd, Accept-Language: es-US,es;q=0.9,es-419;q=0.8,en;q=0.7, ]
240718183626494 Response.sendData()	INFO: GET /favicon.ico HTTP/1.1 || Host: localhost:1000 || Connection: keep-alive || sec-ch-ua: "Not/A)Brand";v="8", "Chromium";v="126", "Google Chrome";v="126" || sec-ch-ua-mobile: ?0 || User-Agent: Mozilla/5.0 (Windows NT 10.0; Win64; x64) AppleWebKit/537.36 (KHTML, like Gecko) Chrome/126.0.0.0 Safari/537.36 || sec-ch-ua-platform: "Windows" || Accept: */* || Sec-Fetch-Site: same-origin || Sec-Fetch-Mode: cors || Sec-Fetch-Dest: empty || Referer: http://localhost:1000/test02/displayFields.cc8 || Accept-Encoding: gzip, deflate, br, zstd || Accept-Language: es-US,es;q=0.9,es-419;q=0.8,en;q=0.7 || 
240718183626495 Response.sendData()	INFO: GET /favicon.ico HTTP/1.1 
240718183626496 Response.sendData()	INFO:  Host: localhost:1000 
240718183626496 Response.sendData()	INFO:  
240718183626497 Response.sendData()	INFO: path: /favicon.ico
240718183626497 Response.sendData()	INFO: POST PARAMS :  
240718183626498 Response.sendData()	INFO: POST PAIRS MAP: {}
240718183626499 Response.sendData()	INFO: method: GET
240718183626499 Response.sendData()	INFO: path: /favicon.ico
240718183626500 Response.sendData()	INFO: NO SE ENCONTRÓ EL ARCHIVO SOLICITADO. (/favicon.ico)
240718183626501 Response.sendData()	INFO: fileContentType: application/octet-stream
240718183626502 Response.sendData()	INFO: extension: ico
240718183626502 Response.sendData()	INFO: fileContentType: application/octet-stream
240718183626503 Response.sendData()	INFO: GET: []
240718183626504 Response.sendData()	INFO: GET MAP: {}
240718183626505 Response.sendData()	INFO: POST PARAMS:  
240718183626506 Response.sendData()	INFO: POST PARAMS MAP: {}
240718183626506 Response.sendData()	INFO: POST PARAMS MAP`KEYS: []
240718183626508 Response.sendData()	INFO: NO SE ENCONTRÓ EL ARCHIVO SOLICITADO. (/favicon.ico)
240718183626510 ThreadServer.run()	INFO: (39) > Thread :: Time: 18 milliseconds
240718183626511 ThreadServer.run()	INFO: (39) > END #
240718183631514 ThreadServer.run()	INFO: (39) > Thread waiting for new client....
