240718175955852 ThreadServer.run()	INFO: (39) > Thread waiting for new client....
240718180359314 ThreadServer.run()	INFO: (39) > Thread Accepting connection >
240718180359315 Request.getData()	INFO: (39) request: [GET /favicon.ico HTTP/1.1, Host: localhost:1000, Connection: keep-alive, sec-ch-ua: "Not/A)Brand";v="8", "Chromium";v="126", "Google Chrome";v="126", sec-ch-ua-mobile: ?0, User-Agent: Mozilla/5.0 (Windows NT 10.0; Win64; x64) AppleWebKit/537.36 (KHTML, like Gecko) Chrome/126.0.0.0 Safari/537.36, sec-ch-ua-platform: "Windows", Accept: image/avif,image/webp,image/apng,image/svg+xml,image/*,*/*;q=0.8, Sec-Fetch-Site: same-origin, Sec-Fetch-Mode: no-cors, Sec-Fetch-Dest: image, Referer: http://localhost:1000/test02/displayFields.cc8?name=GET+-+application%2Fx-www-form-urlencoded&email=lab02%40galileo.edu, Accept-Encoding: gzip, deflate, br, zstd, Accept-Language: es-US,es;q=0.9,es-419;q=0.8,en;q=0.7, ]
240718180359317 Response.sendData()	INFO: GET /favicon.ico HTTP/1.1 || Host: localhost:1000 || Connection: keep-alive || sec-ch-ua: "Not/A)Brand";v="8", "Chromium";v="126", "Google Chrome";v="126" || sec-ch-ua-mobile: ?0 || User-Agent: Mozilla/5.0 (Windows NT 10.0; Win64; x64) AppleWebKit/537.36 (KHTML, like Gecko) Chrome/126.0.0.0 Safari/537.36 || sec-ch-ua-platform: "Windows" || Accept: image/avif,image/webp,image/apng,image/svg+xml,image/*,*/*;q=0.8 || Sec-Fetch-Site: same-origin || Sec-Fetch-Mode: no-cors || Sec-Fetch-Dest: image || Referer: http://localhost:1000/test02/displayFields.cc8?name=GET+-+application%2Fx-www-form-urlencoded&email=lab02%40galileo.edu || Accept-Encoding: gzip, deflate, br, zstd || Accept-Language: es-US,es;q=0.9,es-419;q=0.8,en;q=0.7 || 
240718180359318 Response.sendData()	INFO: GET /favicon.ico HTTP/1.1 
240718180359319 Response.sendData()	INFO:  Host: localhost:1000 
240718180359319 Response.sendData()	INFO:  
240718180359319 Response.sendData()	INFO: path: /favicon.ico
240718180359320 Response.sendData()	INFO: method: GET
240718180359321 Response.sendData()	INFO: path: /favicon.ico
240718180359322 Response.sendData()	INFO: NO SE ENCONTRÓ EL ARCHIVO SOLICITADO. (/favicon.ico)
240718180359322 Response.sendData()	INFO: fileContentType: application/octet-stream
240718180359323 Response.sendData()	INFO: extension: ico
240718180359323 Response.sendData()	INFO: fileContentType: application/octet-stream
240718180359324 Response.sendData()	INFO: GET: []
240718180359324 Response.sendData()	INFO: GET MAP: {}
240718180359325 Response.sendData()	INFO: NO SE ENCONTRÓ EL ARCHIVO SOLICITADO. (/favicon.ico)
240718180359326 ThreadServer.run()	INFO: (39) > Thread :: Time: 11 milliseconds
240718180359326 ThreadServer.run()	INFO: (39) > END #
240718180404338 ThreadServer.run()	INFO: (39) > Thread waiting for new client....
