240718215741231 ThreadServer.run()	INFO: (39) > Thread waiting for new client....
240718215826589 ThreadServer.run()	INFO: (39) > Thread Accepting connection >
240718215826590 Request.getData()	INFO: (39) request: [GET /favicon.ico HTTP/1.1, Host: localhost:1000, Connection: keep-alive, sec-ch-ua: "Not/A)Brand";v="8", "Chromium";v="126", "Google Chrome";v="126", sec-ch-ua-mobile: ?0, User-Agent: Mozilla/5.0 (Windows NT 10.0; Win64; x64) AppleWebKit/537.36 (KHTML, like Gecko) Chrome/126.0.0.0 Safari/537.36, sec-ch-ua-platform: "Windows", Accept: */*, Sec-Fetch-Site: same-origin, Sec-Fetch-Mode: cors, Sec-Fetch-Dest: empty, Referer: http://localhost:1000/test02/displayFields.cc8, Accept-Encoding: gzip, deflate, br, zstd, Accept-Language: es-US,es;q=0.9,es-419;q=0.8,en;q=0.7, ]
240718215826592 Response.sendData()	INFO: GET /favicon.ico HTTP/1.1 || Host: localhost:1000 || Connection: keep-alive || sec-ch-ua: "Not/A)Brand";v="8", "Chromium";v="126", "Google Chrome";v="126" || sec-ch-ua-mobile: ?0 || User-Agent: Mozilla/5.0 (Windows NT 10.0; Win64; x64) AppleWebKit/537.36 (KHTML, like Gecko) Chrome/126.0.0.0 Safari/537.36 || sec-ch-ua-platform: "Windows" || Accept: */* || Sec-Fetch-Site: same-origin || Sec-Fetch-Mode: cors || Sec-Fetch-Dest: empty || Referer: http://localhost:1000/test02/displayFields.cc8 || Accept-Encoding: gzip, deflate, br, zstd || Accept-Language: es-US,es;q=0.9,es-419;q=0.8,en;q=0.7 || 
240718215826592 Response.sendData()	INFO: requestContentType: 
240718215826593 Response.sendData()	INFO: GET /favicon.ico HTTP/1.1 
240718215826593 Response.sendData()	INFO:  Host: localhost:1000 
240718215826593 Response.sendData()	INFO:  
240718215826594 Response.sendData()	INFO: path: /favicon.ico
240718215826594 Response.sendData()	INFO: POST PARAMS : 
240718215826595 Response.sendData()	INFO: POST PAIRS MAP: {}
240718215826595 Response.sendData()	INFO: method: GET
240718215826595 Response.sendData()	INFO: path: /favicon.ico
240718215826596 Response.sendData()	INFO: NO SE ENCONTRÓ EL ARCHIVO SOLICITADO. (/favicon.ico)
240718215826596 Response.sendData()	INFO: fileContentType: application/octet-stream
240718215826597 Response.sendData()	INFO: extension: ico
240718215826597 Response.sendData()	INFO: fileContentType: application/octet-stream
240718215826597 Response.sendData()	INFO: GET: []
240718215826597 Response.sendData()	INFO: GET MAP: {}
240718215826598 Response.sendData()	INFO: POST PARAMS: 
240718215826598 Response.sendData()	INFO: POST PARAMS MAP: {}
240718215826598 Response.sendData()	INFO: POST PARAMS MAP`KEYS: []
240718215826599 Response.sendData()	INFO: NO SE ENCONTRÓ EL ARCHIVO SOLICITADO. (/favicon.ico)
240718215826600 ThreadServer.run()	INFO: (39) > Thread :: Time: 10 milliseconds
240718215826601 ThreadServer.run()	INFO: (39) > END #
240718215831608 ThreadServer.run()	INFO: (39) > Thread waiting for new client....
