240718201912304 ThreadServer.run()	INFO: (39) > Thread waiting for new client....
240718201918985 ThreadServer.run()	INFO: (39) > Thread Accepting connection >
240718201918986 Request.getData()	INFO: (39) request: [GET /favicon.ico HTTP/1.1, Host: localhost:1000, Connection: keep-alive, sec-ch-ua: "Not/A)Brand";v="8", "Chromium";v="126", "Google Chrome";v="126", sec-ch-ua-mobile: ?0, User-Agent: Mozilla/5.0 (Windows NT 10.0; Win64; x64) AppleWebKit/537.36 (KHTML, like Gecko) Chrome/126.0.0.0 Safari/537.36, sec-ch-ua-platform: "Windows", Accept: */*, Sec-Fetch-Site: same-origin, Sec-Fetch-Mode: cors, Sec-Fetch-Dest: empty, Referer: http://localhost:1000/test02/, Accept-Encoding: gzip, deflate, br, zstd, Accept-Language: es-US,es;q=0.9,es-419;q=0.8,en;q=0.7, ]
240718201918988 Response.sendData()	INFO: GET /favicon.ico HTTP/1.1 || Host: localhost:1000 || Connection: keep-alive || sec-ch-ua: "Not/A)Brand";v="8", "Chromium";v="126", "Google Chrome";v="126" || sec-ch-ua-mobile: ?0 || User-Agent: Mozilla/5.0 (Windows NT 10.0; Win64; x64) AppleWebKit/537.36 (KHTML, like Gecko) Chrome/126.0.0.0 Safari/537.36 || sec-ch-ua-platform: "Windows" || Accept: */* || Sec-Fetch-Site: same-origin || Sec-Fetch-Mode: cors || Sec-Fetch-Dest: empty || Referer: http://localhost:1000/test02/ || Accept-Encoding: gzip, deflate, br, zstd || Accept-Language: es-US,es;q=0.9,es-419;q=0.8,en;q=0.7 || 
240718201918990 Response.sendData()	INFO: GET /favicon.ico HTTP/1.1 
240718201918990 Response.sendData()	INFO:  Host: localhost:1000 
240718201918991 Response.sendData()	INFO:  
240718201918992 Response.sendData()	INFO: path: /favicon.ico
240718201918993 Response.sendData()	INFO: POST PARAMS : 
240718201918994 Response.sendData()	INFO: POST PAIRS MAP: {}
240718201918995 Response.sendData()	INFO: method: GET
240718201918996 Response.sendData()	INFO: path: /favicon.ico
240718201918997 Response.sendData()	INFO: NO SE ENCONTRÓ EL ARCHIVO SOLICITADO. (/favicon.ico)
240718201918998 Response.sendData()	INFO: fileContentType: application/octet-stream
240718201918999 Response.sendData()	INFO: extension: ico
240718201918999 Response.sendData()	INFO: fileContentType: application/octet-stream
240718201919000 Response.sendData()	INFO: GET: []
240718201919001 Response.sendData()	INFO: GET MAP: {}
240718201919002 Response.sendData()	INFO: POST PARAMS: 
240718201919003 Response.sendData()	INFO: POST PARAMS MAP: {}
240718201919004 Response.sendData()	INFO: POST PARAMS MAP`KEYS: []
240718201919005 Response.sendData()	INFO: NO SE ENCONTRÓ EL ARCHIVO SOLICITADO. (/favicon.ico)
240718201919006 ThreadServer.run()	INFO: (39) > Thread :: Time: 20 milliseconds
240718201919007 ThreadServer.run()	INFO: (39) > END #
240718201924022 ThreadServer.run()	INFO: (39) > Thread waiting for new client....
