240718181534566 ThreadServer.run()	INFO: (4) > Thread waiting for new client....
240718181540097 ThreadServer.run()	INFO: (4) > Thread Accepting connection >
240718181540108 Request.getData()	INFO: (4) request: [GET /favicon.ico HTTP/1.1, Host: localhost:1000, Connection: keep-alive, sec-ch-ua: "Not/A)Brand";v="8", "Chromium";v="126", "Google Chrome";v="126", sec-ch-ua-mobile: ?0, User-Agent: Mozilla/5.0 (Windows NT 10.0; Win64; x64) AppleWebKit/537.36 (KHTML, like Gecko) Chrome/126.0.0.0 Safari/537.36, sec-ch-ua-platform: "Windows", Accept: image/avif,image/webp,image/apng,image/svg+xml,image/*,*/*;q=0.8, Sec-Fetch-Site: same-origin, Sec-Fetch-Mode: no-cors, Sec-Fetch-Dest: image, Referer: http://localhost:1000/test02/, Accept-Encoding: gzip, deflate, br, zstd, Accept-Language: es-US,es;q=0.9,es-419;q=0.8,en;q=0.7, ]
240718181540113 Response.sendData()	INFO: GET /favicon.ico HTTP/1.1 || Host: localhost:1000 || Connection: keep-alive || sec-ch-ua: "Not/A)Brand";v="8", "Chromium";v="126", "Google Chrome";v="126" || sec-ch-ua-mobile: ?0 || User-Agent: Mozilla/5.0 (Windows NT 10.0; Win64; x64) AppleWebKit/537.36 (KHTML, like Gecko) Chrome/126.0.0.0 Safari/537.36 || sec-ch-ua-platform: "Windows" || Accept: image/avif,image/webp,image/apng,image/svg+xml,image/*,*/*;q=0.8 || Sec-Fetch-Site: same-origin || Sec-Fetch-Mode: no-cors || Sec-Fetch-Dest: image || Referer: http://localhost:1000/test02/ || Accept-Encoding: gzip, deflate, br, zstd || Accept-Language: es-US,es;q=0.9,es-419;q=0.8,en;q=0.7 || 
240718181540116 Response.sendData()	INFO: GET /favicon.ico HTTP/1.1 
240718181540117 Response.sendData()	INFO:  Host: localhost:1000 
240718181540119 Response.sendData()	INFO:  
240718181540120 Response.sendData()	INFO: path: /favicon.ico
240718181540122 Response.sendData()	INFO: POST PARAMS :  
240718181540123 Response.sendData()	INFO: method: GET
240718181540124 Response.sendData()	INFO: path: /favicon.ico
240718181540126 Response.sendData()	INFO: NO SE ENCONTRÓ EL ARCHIVO SOLICITADO. (/favicon.ico)
240718181540140 Response.sendData()	INFO: fileContentType: application/octet-stream
240718181540141 Response.sendData()	INFO: extension: ico
240718181540142 Response.sendData()	INFO: fileContentType: application/octet-stream
240718181540143 Response.sendData()	INFO: GET: []
240718181540146 Response.sendData()	INFO: GET MAP: {}
240718181540148 Response.sendData()	INFO: POST PARAMS :  
240718181540150 Response.sendData()	INFO: NO SE ENCONTRÓ EL ARCHIVO SOLICITADO. (/favicon.ico)
240718181540172 ThreadServer.run()	INFO: (4) > Thread :: Time: 63 milliseconds
240718181540173 ThreadServer.run()	INFO: (4) > END #
240718181545186 ThreadServer.run()	INFO: (4) > Thread waiting for new client....
