240718221434260 ThreadServer.run()	INFO: (40) > Thread waiting for new client....
240718221505267 ThreadServer.run()	INFO: (40) > Thread Accepting connection >
240718221505269 Request.getData()	INFO: (40) request: [GET /test03/assets/css/slick.css HTTP/1.1, Host: localhost:1000, Connection: keep-alive, sec-ch-ua: "Not/A)Brand";v="8", "Chromium";v="126", "Google Chrome";v="126", sec-ch-ua-mobile: ?0, User-Agent: Mozilla/5.0 (Windows NT 10.0; Win64; x64) AppleWebKit/537.36 (KHTML, like Gecko) Chrome/126.0.0.0 Safari/537.36, sec-ch-ua-platform: "Windows", Accept: text/css,*/*;q=0.1, Sec-Fetch-Site: same-origin, Sec-Fetch-Mode: no-cors, Sec-Fetch-Dest: style, Referer: http://localhost:1000/test03/contact.html, Accept-Encoding: gzip, deflate, br, zstd, Accept-Language: es-US,es;q=0.9,es-419;q=0.8,en;q=0.7, ]
240718221505273 Response.sendData()	INFO: GET /test03/assets/css/slick.css HTTP/1.1 || Host: localhost:1000 || Connection: keep-alive || sec-ch-ua: "Not/A)Brand";v="8", "Chromium";v="126", "Google Chrome";v="126" || sec-ch-ua-mobile: ?0 || User-Agent: Mozilla/5.0 (Windows NT 10.0; Win64; x64) AppleWebKit/537.36 (KHTML, like Gecko) Chrome/126.0.0.0 Safari/537.36 || sec-ch-ua-platform: "Windows" || Accept: text/css,*/*;q=0.1 || Sec-Fetch-Site: same-origin || Sec-Fetch-Mode: no-cors || Sec-Fetch-Dest: style || Referer: http://localhost:1000/test03/contact.html || Accept-Encoding: gzip, deflate, br, zstd || Accept-Language: es-US,es;q=0.9,es-419;q=0.8,en;q=0.7 || 
240718221505277 Response.sendData()	INFO: requestContentType: 
240718221505279 Response.sendData()	INFO: GET /test03/assets/css/slick.css HTTP/1.1 
240718221505280 Response.sendData()	INFO:  Host: localhost:1000 
240718221505281 Response.sendData()	INFO:  
240718221505283 Response.sendData()	INFO: path: /test03/assets/css/slick.css
240718221505284 Response.sendData()	INFO: POST PARAMS : 
240718221505285 Response.sendData()	INFO: POST PAIRS MAP: {}
240718221505287 Response.sendData()	INFO: method: GET
240718221505289 Response.sendData()	INFO: path: /test03/assets/css/slick.css
240718221505292 Response.sendData()	INFO: fileContentType: text/css
240718221505293 Response.sendData()	INFO: extension: css
240718221505294 Response.sendData()	INFO: fileContentType: text/css
240718221505296 Response.sendData()	INFO: GET: []
240718221505298 Response.sendData()	INFO: GET MAP: {}
240718221505299 Response.sendData()	INFO: POST PARAMS: 
240718221505300 Response.sendData()	INFO: POST PARAMS MAP: {}
240718221505301 Response.sendData()	INFO: POST PARAMS MAP`KEYS: []
240718221505304 ThreadServer.run()	INFO: (40) > Thread :: Time: 37 milliseconds
240718221505307 ThreadServer.run()	INFO: (40) > END #
240718221510318 ThreadServer.run()	INFO: (40) > Thread waiting for new client....
240718221541413 ThreadServer.run()	INFO: (40) > Thread Accepting connection >
240718221541413 Request.getData()	INFO: (40) request: [GET /test03/assets/js/jquery.min.js HTTP/1.1, Host: localhost:1000, Connection: keep-alive, sec-ch-ua: "Not/A)Brand";v="8", "Chromium";v="126", "Google Chrome";v="126", sec-ch-ua-mobile: ?0, User-Agent: Mozilla/5.0 (Windows NT 10.0; Win64; x64) AppleWebKit/537.36 (KHTML, like Gecko) Chrome/126.0.0.0 Safari/537.36, sec-ch-ua-platform: "Windows", Accept: */*, Sec-Fetch-Site: same-origin, Sec-Fetch-Mode: no-cors, Sec-Fetch-Dest: script, Referer: http://localhost:1000/test03/blog.html, Accept-Encoding: gzip, deflate, br, zstd, Accept-Language: es-US,es;q=0.9,es-419;q=0.8,en;q=0.7, ]
240718221541414 Response.sendData()	INFO: GET /test03/assets/js/jquery.min.js HTTP/1.1 || Host: localhost:1000 || Connection: keep-alive || sec-ch-ua: "Not/A)Brand";v="8", "Chromium";v="126", "Google Chrome";v="126" || sec-ch-ua-mobile: ?0 || User-Agent: Mozilla/5.0 (Windows NT 10.0; Win64; x64) AppleWebKit/537.36 (KHTML, like Gecko) Chrome/126.0.0.0 Safari/537.36 || sec-ch-ua-platform: "Windows" || Accept: */* || Sec-Fetch-Site: same-origin || Sec-Fetch-Mode: no-cors || Sec-Fetch-Dest: script || Referer: http://localhost:1000/test03/blog.html || Accept-Encoding: gzip, deflate, br, zstd || Accept-Language: es-US,es;q=0.9,es-419;q=0.8,en;q=0.7 || 
240718221541415 Response.sendData()	INFO: requestContentType: 
240718221541416 Response.sendData()	INFO: GET /test03/assets/js/jquery.min.js HTTP/1.1 
240718221541416 Response.sendData()	INFO:  Host: localhost:1000 
240718221541416 Response.sendData()	INFO:  
240718221541417 Response.sendData()	INFO: path: /test03/assets/js/jquery.min.js
240718221541417 Response.sendData()	INFO: POST PARAMS : 
240718221541417 Response.sendData()	INFO: POST PAIRS MAP: {}
240718221541417 Response.sendData()	INFO: method: GET
240718221541418 Response.sendData()	INFO: path: /test03/assets/js/jquery.min.js
240718221541419 Response.sendData()	INFO: fileContentType: text/javascript
240718221541419 Response.sendData()	INFO: extension: js
240718221541419 Response.sendData()	INFO: fileContentType: text/javascript
240718221541420 Response.sendData()	INFO: GET: []
240718221541420 Response.sendData()	INFO: GET MAP: {}
240718221541421 Response.sendData()	INFO: POST PARAMS: 
240718221541421 Response.sendData()	INFO: POST PARAMS MAP: {}
240718221541421 Response.sendData()	INFO: POST PARAMS MAP`KEYS: []
240718221541422 ThreadServer.run()	INFO: (40) > Thread :: Time: 9 milliseconds
240718221541422 ThreadServer.run()	INFO: (40) > END #
240718221546436 ThreadServer.run()	INFO: (40) > Thread waiting for new client....
240718221612103 ThreadServer.run()	INFO: (40) > Thread Accepting connection >
240718221612104 Request.getData()	INFO: (40) request: [GET /favicon.ico HTTP/1.1, Host: localhost:1000, Connection: keep-alive, sec-ch-ua: "Not/A)Brand";v="8", "Chromium";v="126", "Google Chrome";v="126", sec-ch-ua-mobile: ?0, User-Agent: Mozilla/5.0 (Windows NT 10.0; Win64; x64) AppleWebKit/537.36 (KHTML, like Gecko) Chrome/126.0.0.0 Safari/537.36, sec-ch-ua-platform: "Windows", Accept: */*, Sec-Fetch-Site: same-origin, Sec-Fetch-Mode: cors, Sec-Fetch-Dest: empty, Referer: http://localhost:1000/test02, Accept-Encoding: gzip, deflate, br, zstd, Accept-Language: es-US,es;q=0.9,es-419;q=0.8,en;q=0.7, ]
240718221612105 Response.sendData()	INFO: GET /favicon.ico HTTP/1.1 || Host: localhost:1000 || Connection: keep-alive || sec-ch-ua: "Not/A)Brand";v="8", "Chromium";v="126", "Google Chrome";v="126" || sec-ch-ua-mobile: ?0 || User-Agent: Mozilla/5.0 (Windows NT 10.0; Win64; x64) AppleWebKit/537.36 (KHTML, like Gecko) Chrome/126.0.0.0 Safari/537.36 || sec-ch-ua-platform: "Windows" || Accept: */* || Sec-Fetch-Site: same-origin || Sec-Fetch-Mode: cors || Sec-Fetch-Dest: empty || Referer: http://localhost:1000/test02 || Accept-Encoding: gzip, deflate, br, zstd || Accept-Language: es-US,es;q=0.9,es-419;q=0.8,en;q=0.7 || 
240718221612105 Response.sendData()	INFO: requestContentType: 
240718221612106 Response.sendData()	INFO: GET /favicon.ico HTTP/1.1 
240718221612106 Response.sendData()	INFO:  Host: localhost:1000 
240718221612106 Response.sendData()	INFO:  
240718221612107 Response.sendData()	INFO: path: /favicon.ico
240718221612107 Response.sendData()	INFO: POST PARAMS : 
240718221612107 Response.sendData()	INFO: POST PAIRS MAP: {}
240718221612107 Response.sendData()	INFO: method: GET
240718221612108 Response.sendData()	INFO: path: /favicon.ico
240718221612108 Response.sendData()	INFO: NO SE ENCONTRÓ EL ARCHIVO SOLICITADO. (/favicon.ico)
240718221612108 Response.sendData()	INFO: fileContentType: application/octet-stream
240718221612109 Response.sendData()	INFO: extension: ico
240718221612109 Response.sendData()	INFO: fileContentType: application/octet-stream
240718221612109 Response.sendData()	INFO: GET: []
240718221612109 Response.sendData()	INFO: GET MAP: {}
240718221612110 Response.sendData()	INFO: POST PARAMS: 
240718221612110 Response.sendData()	INFO: POST PARAMS MAP: {}
240718221612110 Response.sendData()	INFO: POST PARAMS MAP`KEYS: []
240718221612111 Response.sendData()	INFO: NO SE ENCONTRÓ EL ARCHIVO SOLICITADO. (/favicon.ico)
240718221612111 ThreadServer.run()	INFO: (40) > Thread :: Time: 7 milliseconds
240718221612111 ThreadServer.run()	INFO: (40) > END #
