240718174335186 ThreadServer.run()	INFO: (41) > Thread waiting for new client....
240718174347594 ThreadServer.run()	INFO: (41) > Thread Accepting connection >
240718174347596 Request.getData()	INFO: (41) request: [GET /favicon.ico HTTP/1.1, Host: localhost:1000, Connection: keep-alive, sec-ch-ua: "Not/A)Brand";v="8", "Chromium";v="126", "Google Chrome";v="126", sec-ch-ua-mobile: ?0, User-Agent: Mozilla/5.0 (Windows NT 10.0; Win64; x64) AppleWebKit/537.36 (KHTML, like Gecko) Chrome/126.0.0.0 Safari/537.36, sec-ch-ua-platform: "Windows", Accept: */*, Sec-Fetch-Site: same-origin, Sec-Fetch-Mode: cors, Sec-Fetch-Dest: empty, Referer: http://localhost:1000/test02/, Accept-Encoding: gzip, deflate, br, zstd, Accept-Language: es-US,es;q=0.9,es-419;q=0.8,en;q=0.7, ]
240718174347598 Response.sendData()	INFO: GET /favicon.ico HTTP/1.1 || Host: localhost:1000 || Connection: keep-alive || sec-ch-ua: "Not/A)Brand";v="8", "Chromium";v="126", "Google Chrome";v="126" || sec-ch-ua-mobile: ?0 || User-Agent: Mozilla/5.0 (Windows NT 10.0; Win64; x64) AppleWebKit/537.36 (KHTML, like Gecko) Chrome/126.0.0.0 Safari/537.36 || sec-ch-ua-platform: "Windows" || Accept: */* || Sec-Fetch-Site: same-origin || Sec-Fetch-Mode: cors || Sec-Fetch-Dest: empty || Referer: http://localhost:1000/test02/ || Accept-Encoding: gzip, deflate, br, zstd || Accept-Language: es-US,es;q=0.9,es-419;q=0.8,en;q=0.7 || 
240718174347599 Response.sendData()	INFO: GET /favicon.ico HTTP/1.1 
240718174347600 Response.sendData()	INFO:  Host: localhost:1000 
240718174347600 Response.sendData()	INFO:  
240718174347601 Response.sendData()	INFO: path: /favicon.ico
240718174347602 Response.sendData()	INFO: method: GET
240718174347602 Response.sendData()	INFO: path: /favicon.ico
240718174347604 Response.sendData()	INFO: NO SE ENCONTRÓ EL ARCHIVO SOLICITADO. (/favicon.ico)
240718174347604 Response.sendData()	INFO: fileContentType: application/octet-stream
240718174347605 Response.sendData()	INFO: extension: ico
240718174347606 Response.sendData()	INFO: fileContentType: application/octet-stream
240718174347607 Response.sendData()	INFO: GET: []
240718174347607 Response.sendData()	INFO: GET MAP: {}
240718174347608 Response.sendData()	INFO: NO SE ENCONTRÓ EL ARCHIVO SOLICITADO. (/favicon.ico)
240718174347609 ThreadServer.run()	INFO: (41) > Thread :: Time: 13 milliseconds
240718174347609 ThreadServer.run()	INFO: (41) > END #
240718174352624 ThreadServer.run()	INFO: (41) > Thread waiting for new client....
