240718174335168 ThreadServer.run()	INFO: (42) > Thread waiting for new client....
240718175734864 ThreadServer.run()	INFO: (42) > Thread Accepting connection >
240718175734865 Request.getData()	INFO: (42) request: [GET /test02 HTTP/1.1, Host: localhost:1000, Connection: keep-alive, sec-ch-ua: "Not/A)Brand";v="8", "Chromium";v="126", "Google Chrome";v="126", sec-ch-ua-mobile: ?0, sec-ch-ua-platform: "Windows", Upgrade-Insecure-Requests: 1, User-Agent: Mozilla/5.0 (Windows NT 10.0; Win64; x64) AppleWebKit/537.36 (KHTML, like Gecko) Chrome/126.0.0.0 Safari/537.36, Accept: text/html,application/xhtml+xml,application/xml;q=0.9,image/avif,image/webp,image/apng,*/*;q=0.8,application/signed-exchange;v=b3;q=0.7, Sec-Fetch-Site: same-origin, Sec-Fetch-Mode: navigate, Sec-Fetch-User: ?1, Sec-Fetch-Dest: document, Referer: http://localhost:1000/test02/displayFields.cc8?name=GET+-+application%2Fx-www-form-urlencoded&email=lab02%40galileo.edu, Accept-Encoding: gzip, deflate, br, zstd, Accept-Language: es-US,es;q=0.9,es-419;q=0.8,en;q=0.7, ]
240718175734866 Response.sendData()	INFO: GET /test02 HTTP/1.1 || Host: localhost:1000 || Connection: keep-alive || sec-ch-ua: "Not/A)Brand";v="8", "Chromium";v="126", "Google Chrome";v="126" || sec-ch-ua-mobile: ?0 || sec-ch-ua-platform: "Windows" || Upgrade-Insecure-Requests: 1 || User-Agent: Mozilla/5.0 (Windows NT 10.0; Win64; x64) AppleWebKit/537.36 (KHTML, like Gecko) Chrome/126.0.0.0 Safari/537.36 || Accept: text/html,application/xhtml+xml,application/xml;q=0.9,image/avif,image/webp,image/apng,*/*;q=0.8,application/signed-exchange;v=b3;q=0.7 || Sec-Fetch-Site: same-origin || Sec-Fetch-Mode: navigate || Sec-Fetch-User: ?1 || Sec-Fetch-Dest: document || Referer: http://localhost:1000/test02/displayFields.cc8?name=GET+-+application%2Fx-www-form-urlencoded&email=lab02%40galileo.edu || Accept-Encoding: gzip, deflate, br, zstd || Accept-Language: es-US,es;q=0.9,es-419;q=0.8,en;q=0.7 || 
240718175734867 Response.sendData()	INFO: GET /test02 HTTP/1.1 
240718175734867 Response.sendData()	INFO:  Host: localhost:1000 
240718175734867 Response.sendData()	INFO:  
240718175734868 Response.sendData()	INFO: path: /test02
240718175734868 Response.sendData()	INFO: method: GET
240718175734868 Response.sendData()	INFO: path: /test02
240718175734869 Response.sendData()	INFO: ERROR INESPERADO!: AccessDeniedException
240718175734869 Response.sendData()	INFO: fileContentType: application/octet-stream
240718175734869 Response.sendData()	INFO: extension: 
240718175734870 Response.sendData()	INFO: fileContentType: application/octet-stream
240718175734870 Response.sendData()	INFO: GET: []
240718175734870 Response.sendData()	INFO: GET MAP: {}
240718175734871 Response.sendData()	INFO: ERROR INESPERADO!: AccessDeniedException
240718175734871 ThreadServer.run()	INFO: (42) > Thread :: Time: 7 milliseconds
240718175734872 ThreadServer.run()	INFO: (42) > END #
240718175739880 ThreadServer.run()	INFO: (42) > Thread waiting for new client....
