240718221434203 ThreadServer.run()	INFO: (42) > Thread waiting for new client....
240718221453439 ThreadServer.run()	INFO: (42) > Thread Accepting connection >
240718221453441 Request.getData()	INFO: (42) request: [GET /test03/assets/img/logo.png HTTP/1.1, Host: localhost:1000, Connection: keep-alive, sec-ch-ua: "Not/A)Brand";v="8", "Chromium";v="126", "Google Chrome";v="126", sec-ch-ua-mobile: ?0, User-Agent: Mozilla/5.0 (Windows NT 10.0; Win64; x64) AppleWebKit/537.36 (KHTML, like Gecko) Chrome/126.0.0.0 Safari/537.36, sec-ch-ua-platform: "Windows", Accept: image/avif,image/webp,image/apng,image/svg+xml,image/*,*/*;q=0.8, Sec-Fetch-Site: same-origin, Sec-Fetch-Mode: no-cors, Sec-Fetch-Dest: image, Referer: http://localhost:1000/test03/, Accept-Encoding: gzip, deflate, br, zstd, Accept-Language: es-US,es;q=0.9,es-419;q=0.8,en;q=0.7, ]
240718221453442 Response.sendData()	INFO: GET /test03/assets/img/logo.png HTTP/1.1 || Host: localhost:1000 || Connection: keep-alive || sec-ch-ua: "Not/A)Brand";v="8", "Chromium";v="126", "Google Chrome";v="126" || sec-ch-ua-mobile: ?0 || User-Agent: Mozilla/5.0 (Windows NT 10.0; Win64; x64) AppleWebKit/537.36 (KHTML, like Gecko) Chrome/126.0.0.0 Safari/537.36 || sec-ch-ua-platform: "Windows" || Accept: image/avif,image/webp,image/apng,image/svg+xml,image/*,*/*;q=0.8 || Sec-Fetch-Site: same-origin || Sec-Fetch-Mode: no-cors || Sec-Fetch-Dest: image || Referer: http://localhost:1000/test03/ || Accept-Encoding: gzip, deflate, br, zstd || Accept-Language: es-US,es;q=0.9,es-419;q=0.8,en;q=0.7 || 
240718221453444 Response.sendData()	INFO: requestContentType: 
240718221453444 Response.sendData()	INFO: GET /test03/assets/img/logo.png HTTP/1.1 
240718221453444 Response.sendData()	INFO:  Host: localhost:1000 
240718221453445 Response.sendData()	INFO:  
240718221453445 Response.sendData()	INFO: path: /test03/assets/img/logo.png
240718221453445 Response.sendData()	INFO: POST PARAMS : 
240718221453446 Response.sendData()	INFO: POST PAIRS MAP: {}
240718221453446 Response.sendData()	INFO: method: GET
240718221453447 Response.sendData()	INFO: path: /test03/assets/img/logo.png
240718221453448 Response.sendData()	INFO: fileContentType: image/png
240718221453448 Response.sendData()	INFO: extension: png
240718221453448 Response.sendData()	INFO: fileContentType: image/png
240718221453449 Response.sendData()	INFO: GET: []
240718221453449 Response.sendData()	INFO: GET MAP: {}
240718221453449 Response.sendData()	INFO: POST PARAMS: 
240718221453450 Response.sendData()	INFO: POST PARAMS MAP: {}
240718221453450 Response.sendData()	INFO: POST PARAMS MAP`KEYS: []
240718221453452 ThreadServer.run()	INFO: (42) > Thread :: Time: 12 milliseconds
240718221453453 ThreadServer.run()	INFO: (42) > END #
240718221458468 ThreadServer.run()	INFO: (42) > Thread waiting for new client....
240718221505405 ThreadServer.run()	INFO: (42) > Thread Accepting connection >
240718221505408 Request.getData()	INFO: (42) request: [GET /test03/assets/js/jquery.counterup.min.js HTTP/1.1, Host: localhost:1000, Connection: keep-alive, sec-ch-ua: "Not/A)Brand";v="8", "Chromium";v="126", "Google Chrome";v="126", sec-ch-ua-mobile: ?0, User-Agent: Mozilla/5.0 (Windows NT 10.0; Win64; x64) AppleWebKit/537.36 (KHTML, like Gecko) Chrome/126.0.0.0 Safari/537.36, sec-ch-ua-platform: "Windows", Accept: */*, Sec-Fetch-Site: same-origin, Sec-Fetch-Mode: no-cors, Sec-Fetch-Dest: script, Referer: http://localhost:1000/test03/contact.html, Accept-Encoding: gzip, deflate, br, zstd, Accept-Language: es-US,es;q=0.9,es-419;q=0.8,en;q=0.7, ]
240718221505413 Response.sendData()	INFO: GET /test03/assets/js/jquery.counterup.min.js HTTP/1.1 || Host: localhost:1000 || Connection: keep-alive || sec-ch-ua: "Not/A)Brand";v="8", "Chromium";v="126", "Google Chrome";v="126" || sec-ch-ua-mobile: ?0 || User-Agent: Mozilla/5.0 (Windows NT 10.0; Win64; x64) AppleWebKit/537.36 (KHTML, like Gecko) Chrome/126.0.0.0 Safari/537.36 || sec-ch-ua-platform: "Windows" || Accept: */* || Sec-Fetch-Site: same-origin || Sec-Fetch-Mode: no-cors || Sec-Fetch-Dest: script || Referer: http://localhost:1000/test03/contact.html || Accept-Encoding: gzip, deflate, br, zstd || Accept-Language: es-US,es;q=0.9,es-419;q=0.8,en;q=0.7 || 
240718221505417 Response.sendData()	INFO: requestContentType: 
240718221505421 Response.sendData()	INFO: GET /test03/assets/js/jquery.counterup.min.js HTTP/1.1 
240718221505424 Response.sendData()	INFO:  Host: localhost:1000 
240718221505425 Response.sendData()	INFO:  
240718221505427 Response.sendData()	INFO: path: /test03/assets/js/jquery.counterup.min.js
240718221505428 Response.sendData()	INFO: POST PARAMS : 
240718221505430 Response.sendData()	INFO: POST PAIRS MAP: {}
240718221505438 Response.sendData()	INFO: method: GET
240718221505442 Response.sendData()	INFO: path: /test03/assets/js/jquery.counterup.min.js
240718221505449 Response.sendData()	INFO: fileContentType: text/javascript
240718221505471 Response.sendData()	INFO: extension: js
240718221505472 Response.sendData()	INFO: fileContentType: text/javascript
240718221505477 Response.sendData()	INFO: GET: []
240718221505480 Response.sendData()	INFO: GET MAP: {}
240718221505482 Response.sendData()	INFO: POST PARAMS: 
240718221505484 Response.sendData()	INFO: POST PARAMS MAP: {}
240718221505484 Response.sendData()	INFO: POST PARAMS MAP`KEYS: []
240718221505488 ThreadServer.run()	INFO: (42) > Thread :: Time: 80 milliseconds
240718221505489 ThreadServer.run()	INFO: (42) > END #
240718221510491 ThreadServer.run()	INFO: (42) > Thread waiting for new client....
240718221541893 ThreadServer.run()	INFO: (42) > Thread Accepting connection >
240718221541894 Request.getData()	INFO: (42) request: [GET /favicon.ico HTTP/1.1, Host: localhost:1000, Connection: keep-alive, sec-ch-ua: "Not/A)Brand";v="8", "Chromium";v="126", "Google Chrome";v="126", sec-ch-ua-mobile: ?0, User-Agent: Mozilla/5.0 (Windows NT 10.0; Win64; x64) AppleWebKit/537.36 (KHTML, like Gecko) Chrome/126.0.0.0 Safari/537.36, sec-ch-ua-platform: "Windows", Accept: */*, Sec-Fetch-Site: same-origin, Sec-Fetch-Mode: cors, Sec-Fetch-Dest: empty, Referer: http://localhost:1000/test03/blog.html, Accept-Encoding: gzip, deflate, br, zstd, Accept-Language: es-US,es;q=0.9,es-419;q=0.8,en;q=0.7, ]
240718221541894 Response.sendData()	INFO: GET /favicon.ico HTTP/1.1 || Host: localhost:1000 || Connection: keep-alive || sec-ch-ua: "Not/A)Brand";v="8", "Chromium";v="126", "Google Chrome";v="126" || sec-ch-ua-mobile: ?0 || User-Agent: Mozilla/5.0 (Windows NT 10.0; Win64; x64) AppleWebKit/537.36 (KHTML, like Gecko) Chrome/126.0.0.0 Safari/537.36 || sec-ch-ua-platform: "Windows" || Accept: */* || Sec-Fetch-Site: same-origin || Sec-Fetch-Mode: cors || Sec-Fetch-Dest: empty || Referer: http://localhost:1000/test03/blog.html || Accept-Encoding: gzip, deflate, br, zstd || Accept-Language: es-US,es;q=0.9,es-419;q=0.8,en;q=0.7 || 
240718221541895 Response.sendData()	INFO: requestContentType: 
240718221541895 Response.sendData()	INFO: GET /favicon.ico HTTP/1.1 
240718221541896 Response.sendData()	INFO:  Host: localhost:1000 
240718221541897 Response.sendData()	INFO:  
240718221541897 Response.sendData()	INFO: path: /favicon.ico
240718221541897 Response.sendData()	INFO: POST PARAMS : 
240718221541897 Response.sendData()	INFO: POST PAIRS MAP: {}
240718221541898 Response.sendData()	INFO: method: GET
240718221541898 Response.sendData()	INFO: path: /favicon.ico
240718221541899 Response.sendData()	INFO: NO SE ENCONTRÓ EL ARCHIVO SOLICITADO. (/favicon.ico)
240718221541899 Response.sendData()	INFO: fileContentType: application/octet-stream
240718221541899 Response.sendData()	INFO: extension: ico
240718221541900 Response.sendData()	INFO: fileContentType: application/octet-stream
240718221541900 Response.sendData()	INFO: GET: []
240718221541900 Response.sendData()	INFO: GET MAP: {}
240718221541901 Response.sendData()	INFO: POST PARAMS: 
240718221541901 Response.sendData()	INFO: POST PARAMS MAP: {}
240718221541901 Response.sendData()	INFO: POST PARAMS MAP`KEYS: []
240718221541902 Response.sendData()	INFO: NO SE ENCONTRÓ EL ARCHIVO SOLICITADO. (/favicon.ico)
240718221541902 ThreadServer.run()	INFO: (42) > Thread :: Time: 9 milliseconds
240718221541902 ThreadServer.run()	INFO: (42) > END #
240718221546910 ThreadServer.run()	INFO: (42) > Thread waiting for new client....
