240718182739072 ThreadServer.run()	INFO: (42) > Thread waiting for new client....
240718183511628 ThreadServer.run()	INFO: (42) > Thread Accepting connection >
240718183511629 Request.getData()	INFO: (42) request: [POST /test02/displayFields.cc8 HTTP/1.1, Host: localhost:1000, Connection: keep-alive, Content-Length: 73, Cache-Control: max-age=0, sec-ch-ua: "Not/A)Brand";v="8", "Chromium";v="126", "Google Chrome";v="126", sec-ch-ua-mobile: ?0, sec-ch-ua-platform: "Windows", Upgrade-Insecure-Requests: 1, Origin: http://localhost:1000, Content-Type: application/x-www-form-urlencoded, User-Agent: Mozilla/5.0 (Windows NT 10.0; Win64; x64) AppleWebKit/537.36 (KHTML, like Gecko) Chrome/126.0.0.0 Safari/537.36, Accept: text/html,application/xhtml+xml,application/xml;q=0.9,image/avif,image/webp,image/apng,*/*;q=0.8,application/signed-exchange;v=b3;q=0.7, Sec-Fetch-Site: same-origin, Sec-Fetch-Mode: navigate, Sec-Fetch-User: ?1, Sec-Fetch-Dest: document, Referer: http://localhost:1000/test02/, Accept-Encoding: gzip, deflate, br, zstd, Accept-Language: es-US,es;q=0.9,es-419;q=0.8,en;q=0.7, name=POST+-+application%2Fx-www-form-urlencoded&email=lab02%40galileo.edu]
240718183511630 Response.sendData()	INFO: POST /test02/displayFields.cc8 HTTP/1.1 || Host: localhost:1000 || Connection: keep-alive || Content-Length: 73 || Cache-Control: max-age=0 || sec-ch-ua: "Not/A)Brand";v="8", "Chromium";v="126", "Google Chrome";v="126" || sec-ch-ua-mobile: ?0 || sec-ch-ua-platform: "Windows" || Upgrade-Insecure-Requests: 1 || Origin: http://localhost:1000 || Content-Type: application/x-www-form-urlencoded || User-Agent: Mozilla/5.0 (Windows NT 10.0; Win64; x64) AppleWebKit/537.36 (KHTML, like Gecko) Chrome/126.0.0.0 Safari/537.36 || Accept: text/html,application/xhtml+xml,application/xml;q=0.9,image/avif,image/webp,image/apng,*/*;q=0.8,application/signed-exchange;v=b3;q=0.7 || Sec-Fetch-Site: same-origin || Sec-Fetch-Mode: navigate || Sec-Fetch-User: ?1 || Sec-Fetch-Dest: document || Referer: http://localhost:1000/test02/ || Accept-Encoding: gzip, deflate, br, zstd || Accept-Language: es-US,es;q=0.9,es-419;q=0.8,en;q=0.7 || name=POST+-+application%2Fx-www-form-urlencoded&email=lab02%40galileo.edu
240718183511631 Response.sendData()	INFO: POST /test02/displayFields.cc8 HTTP/1.1 
240718183511631 Response.sendData()	INFO:  Host: localhost:1000 
240718183511631 Response.sendData()	INFO:  name=POST+-+application%2Fx-www-form-urlencoded&email=lab02%40galileo.edu
240718183511631 Response.sendData()	INFO: path: /test02/displayFields.cc8
240718183511631 Response.sendData()	INFO: POST PARAMS :  name=POST+-+application%2Fx-www-form-urlencoded&email=lab02%40galileo.edu
240718183511632 Response.sendData()	INFO: POST PAIRS MAP: { name=POST - application/x-www-form-urlencoded, email=lab02@galileo.edu}
240718183511632 Response.sendData()	INFO: method: POST
240718183511632 Response.sendData()	INFO: path: /test02/displayFields.cc8
240718183511632 Response.sendData()	INFO: fileContentType: application/octet-stream
240718183511633 Response.sendData()	INFO: extension: cc8
240718183511633 Response.sendData()	INFO: fileContentType: text/html
240718183511633 Response.sendData()	INFO: GET: []
240718183511633 Response.sendData()	INFO: GET MAP: {}
240718183511633 Response.sendData()	INFO: POST PARAMS:  name=POST+-+application%2Fx-www-form-urlencoded&email=lab02%40galileo.edu
240718183511634 Response.sendData()	INFO: POST PARAMS MAP: { name=POST - application/x-www-form-urlencoded, email=lab02@galileo.edu}
240718183511634 ThreadServer.run()	INFO: (42) > Thread :: Time: 6 milliseconds
240718183511634 ThreadServer.run()	INFO: (42) > END #
240718183516640 ThreadServer.run()	INFO: (42) > Thread waiting for new client....
