240724182147360 ThreadServer.run()	INFO: (42) > Thread waiting for new client....
240724182417270 ThreadServer.run()	INFO: (42) > Thread Accepting connection >
240724182417276 Request.getData()	INFO: (42) request: [GET /favicon.ico HTTP/1.1, Host: localhost:1000, Connection: keep-alive, sec-ch-ua: "Not/A)Brand";v="8", "Chromium";v="126", "Google Chrome";v="126", sec-ch-ua-mobile: ?0, User-Agent: Mozilla/5.0 (Windows NT 10.0; Win64; x64) AppleWebKit/537.36 (KHTML, like Gecko) Chrome/126.0.0.0 Safari/537.36, sec-ch-ua-platform: "Windows", Accept: */*, Sec-Fetch-Site: same-origin, Sec-Fetch-Mode: cors, Sec-Fetch-Dest: empty, Referer: http://localhost:1000/test02/, Accept-Encoding: gzip, deflate, br, zstd, Accept-Language: es-US,es;q=0.9,es-419;q=0.8,en;q=0.7, ]
240724182417281 Response.sendData()	INFO: GET /favicon.ico HTTP/1.1 || Host: localhost:1000 || Connection: keep-alive || sec-ch-ua: "Not/A)Brand";v="8", "Chromium";v="126", "Google Chrome";v="126" || sec-ch-ua-mobile: ?0 || User-Agent: Mozilla/5.0 (Windows NT 10.0; Win64; x64) AppleWebKit/537.36 (KHTML, like Gecko) Chrome/126.0.0.0 Safari/537.36 || sec-ch-ua-platform: "Windows" || Accept: */* || Sec-Fetch-Site: same-origin || Sec-Fetch-Mode: cors || Sec-Fetch-Dest: empty || Referer: http://localhost:1000/test02/ || Accept-Encoding: gzip, deflate, br, zstd || Accept-Language: es-US,es;q=0.9,es-419;q=0.8,en;q=0.7 || 
240724182417284 Response.sendData()	INFO: requestContentType: 
240724182417285 Response.sendData()	INFO: GET /favicon.ico HTTP/1.1 
240724182417286 Response.sendData()	INFO:  Host: localhost:1000 
240724182417288 Response.sendData()	INFO:  
240724182417290 Response.sendData()	INFO: path: /favicon.ico
240724182417291 Response.sendData()	INFO: POST PARAMS : 
240724182417293 Response.sendData()	INFO: POST PAIRS MAP: {}
240724182417294 Response.sendData()	INFO: method: GET
240724182417295 Response.sendData()	INFO: path: /favicon.ico
240724182417297 Response.sendData()	INFO: NO SE ENCONTRÓ EL ARCHIVO SOLICITADO. (/favicon.ico)
240724182417300 Response.sendData()	INFO: fileContentType: application/octet-stream
240724182417301 Response.sendData()	INFO: extension: ico
240724182417303 Response.sendData()	INFO: fileContentType: application/octet-stream
240724182417304 Response.sendData()	INFO: GET: []
240724182417306 Response.sendData()	INFO: GET MAP: {}
240724182417307 Response.sendData()	INFO: POST PARAMS: 
240724182417308 Response.sendData()	INFO: POST PARAMS MAP: {}
240724182417310 Response.sendData()	INFO: POST PARAMS MAP`KEYS: []
240724182417312 Response.sendData()	INFO: NO SE ENCONTRÓ EL ARCHIVO SOLICITADO. (/favicon.ico)
240724182417314 ThreadServer.run()	INFO: (42) > Thread :: Time: 40 milliseconds
240724182417315 ThreadServer.run()	INFO: (42) > END #
240724182422329 ThreadServer.run()	INFO: (42) > Thread waiting for new client....
240724182759163 ThreadServer.run()	INFO: (42) > Thread Accepting connection >
240724182759167 Request.getData()	INFO: (42) request: [GET /test03/assets/css/animate.min.css HTTP/1.1, Host: localhost:1000, Connection: keep-alive, sec-ch-ua: "Not/A)Brand";v="8", "Chromium";v="126", "Google Chrome";v="126", sec-ch-ua-mobile: ?0, User-Agent: Mozilla/5.0 (Windows NT 10.0; Win64; x64) AppleWebKit/537.36 (KHTML, like Gecko) Chrome/126.0.0.0 Safari/537.36, sec-ch-ua-platform: "Windows", Accept: text/css,*/*;q=0.1, Sec-Fetch-Site: same-origin, Sec-Fetch-Mode: no-cors, Sec-Fetch-Dest: style, Referer: http://localhost:1000/test03/contact.html, Accept-Encoding: gzip, deflate, br, zstd, Accept-Language: es-US,es;q=0.9,es-419;q=0.8,en;q=0.7, ]
240724182759173 Response.sendData()	INFO: GET /test03/assets/css/animate.min.css HTTP/1.1 || Host: localhost:1000 || Connection: keep-alive || sec-ch-ua: "Not/A)Brand";v="8", "Chromium";v="126", "Google Chrome";v="126" || sec-ch-ua-mobile: ?0 || User-Agent: Mozilla/5.0 (Windows NT 10.0; Win64; x64) AppleWebKit/537.36 (KHTML, like Gecko) Chrome/126.0.0.0 Safari/537.36 || sec-ch-ua-platform: "Windows" || Accept: text/css,*/*;q=0.1 || Sec-Fetch-Site: same-origin || Sec-Fetch-Mode: no-cors || Sec-Fetch-Dest: style || Referer: http://localhost:1000/test03/contact.html || Accept-Encoding: gzip, deflate, br, zstd || Accept-Language: es-US,es;q=0.9,es-419;q=0.8,en;q=0.7 || 
240724182759179 Response.sendData()	INFO: requestContentType: 
240724182759180 Response.sendData()	INFO: GET /test03/assets/css/animate.min.css HTTP/1.1 
240724182759181 Response.sendData()	INFO:  Host: localhost:1000 
240724182759182 Response.sendData()	INFO:  
240724182759184 Response.sendData()	INFO: path: /test03/assets/css/animate.min.css
240724182759185 Response.sendData()	INFO: POST PARAMS : 
240724182759186 Response.sendData()	INFO: POST PAIRS MAP: {}
240724182759191 Response.sendData()	INFO: method: GET
240724182759195 Response.sendData()	INFO: path: /test03/assets/css/animate.min.css
240724182759197 Response.sendData()	INFO: fileContentType: text/css
240724182759202 Response.sendData()	INFO: extension: css
240724182759207 Response.sendData()	INFO: fileContentType: text/css
240724182759211 Response.sendData()	INFO: GET: []
240724182759215 Response.sendData()	INFO: GET MAP: {}
240724182759223 Response.sendData()	INFO: POST PARAMS: 
240724182759228 Response.sendData()	INFO: POST PARAMS MAP: {}
240724182759232 Response.sendData()	INFO: POST PARAMS MAP`KEYS: []
240724182759237 ThreadServer.run()	INFO: (42) > Thread :: Time: 70 milliseconds
240724182759241 ThreadServer.run()	INFO: (42) > END #
240724182804259 ThreadServer.run()	INFO: (42) > Thread waiting for new client....
