240718214713374 ThreadServer.run()	INFO: (42) > Thread waiting for new client....
240718214742492 ThreadServer.run()	INFO: (42) > Thread Accepting connection >
240718214742493 Request.getData()	INFO: (42) request: [GET /favicon.ico HTTP/1.1, Host: localhost:1000, Connection: keep-alive, sec-ch-ua: "Not/A)Brand";v="8", "Chromium";v="126", "Google Chrome";v="126", sec-ch-ua-mobile: ?0, User-Agent: Mozilla/5.0 (Windows NT 10.0; Win64; x64) AppleWebKit/537.36 (KHTML, like Gecko) Chrome/126.0.0.0 Safari/537.36, sec-ch-ua-platform: "Windows", Accept: */*, Sec-Fetch-Site: same-origin, Sec-Fetch-Mode: cors, Sec-Fetch-Dest: empty, Referer: http://localhost:1000/test02, Accept-Encoding: gzip, deflate, br, zstd, Accept-Language: es-US,es;q=0.9,es-419;q=0.8,en;q=0.7, ]
240718214742494 Response.sendData()	INFO: GET /favicon.ico HTTP/1.1 || Host: localhost:1000 || Connection: keep-alive || sec-ch-ua: "Not/A)Brand";v="8", "Chromium";v="126", "Google Chrome";v="126" || sec-ch-ua-mobile: ?0 || User-Agent: Mozilla/5.0 (Windows NT 10.0; Win64; x64) AppleWebKit/537.36 (KHTML, like Gecko) Chrome/126.0.0.0 Safari/537.36 || sec-ch-ua-platform: "Windows" || Accept: */* || Sec-Fetch-Site: same-origin || Sec-Fetch-Mode: cors || Sec-Fetch-Dest: empty || Referer: http://localhost:1000/test02 || Accept-Encoding: gzip, deflate, br, zstd || Accept-Language: es-US,es;q=0.9,es-419;q=0.8,en;q=0.7 || 
240718214742495 Response.sendData()	INFO: requestContentType: 
240718214742496 Response.sendData()	INFO: GET /favicon.ico HTTP/1.1 
240718214742497 Response.sendData()	INFO:  Host: localhost:1000 
240718214742497 Response.sendData()	INFO:  
240718214742498 Response.sendData()	INFO: path: /favicon.ico
240718214742499 Response.sendData()	INFO: POST PARAMS : 
240718214742499 Response.sendData()	INFO: POST PAIRS MAP: {}
240718214742500 Response.sendData()	INFO: method: GET
240718214742500 Response.sendData()	INFO: path: /favicon.ico
240718214742501 Response.sendData()	INFO: NO SE ENCONTRÓ EL ARCHIVO SOLICITADO. (/favicon.ico)
240718214742502 Response.sendData()	INFO: fileContentType: application/octet-stream
240718214742502 Response.sendData()	INFO: extension: ico
240718214742503 Response.sendData()	INFO: fileContentType: application/octet-stream
240718214742503 Response.sendData()	INFO: GET: []
240718214742504 Response.sendData()	INFO: GET MAP: {}
240718214742504 Response.sendData()	INFO: POST PARAMS: 
240718214742505 Response.sendData()	INFO: POST PARAMS MAP: {}
240718214742505 Response.sendData()	INFO: POST PARAMS MAP`KEYS: []
240718214742506 Response.sendData()	INFO: NO SE ENCONTRÓ EL ARCHIVO SOLICITADO. (/favicon.ico)
240718214742506 ThreadServer.run()	INFO: (42) > Thread :: Time: 13 milliseconds
240718214742507 ThreadServer.run()	INFO: (42) > END #
240718214747518 ThreadServer.run()	INFO: (42) > Thread waiting for new client....
