240718221352101 ThreadServer.run()	INFO: (43) > Thread waiting for new client....
240718221400677 ThreadServer.run()	INFO: (43) > Thread Accepting connection >
240718221400695 Request.getData()	INFO: (43) request: [GET /test02 HTTP/1.1, Host: localhost:1000, Connection: keep-alive, sec-ch-ua: "Not/A)Brand";v="8", "Chromium";v="126", "Google Chrome";v="126", sec-ch-ua-mobile: ?0, sec-ch-ua-platform: "Windows", Upgrade-Insecure-Requests: 1, User-Agent: Mozilla/5.0 (Windows NT 10.0; Win64; x64) AppleWebKit/537.36 (KHTML, like Gecko) Chrome/126.0.0.0 Safari/537.36, Accept: text/html,application/xhtml+xml,application/xml;q=0.9,image/avif,image/webp,image/apng,*/*;q=0.8,application/signed-exchange;v=b3;q=0.7, Sec-Fetch-Site: same-origin, Sec-Fetch-Mode: navigate, Sec-Fetch-User: ?1, Sec-Fetch-Dest: document, Referer: http://localhost:1000/test02/displayFields.cc8, Accept-Encoding: gzip, deflate, br, zstd, Accept-Language: es-US,es;q=0.9,es-419;q=0.8,en;q=0.7, ]
240718221400702 Response.sendData()	INFO: GET /test02 HTTP/1.1 || Host: localhost:1000 || Connection: keep-alive || sec-ch-ua: "Not/A)Brand";v="8", "Chromium";v="126", "Google Chrome";v="126" || sec-ch-ua-mobile: ?0 || sec-ch-ua-platform: "Windows" || Upgrade-Insecure-Requests: 1 || User-Agent: Mozilla/5.0 (Windows NT 10.0; Win64; x64) AppleWebKit/537.36 (KHTML, like Gecko) Chrome/126.0.0.0 Safari/537.36 || Accept: text/html,application/xhtml+xml,application/xml;q=0.9,image/avif,image/webp,image/apng,*/*;q=0.8,application/signed-exchange;v=b3;q=0.7 || Sec-Fetch-Site: same-origin || Sec-Fetch-Mode: navigate || Sec-Fetch-User: ?1 || Sec-Fetch-Dest: document || Referer: http://localhost:1000/test02/displayFields.cc8 || Accept-Encoding: gzip, deflate, br, zstd || Accept-Language: es-US,es;q=0.9,es-419;q=0.8,en;q=0.7 || 
240718221400705 Response.sendData()	INFO: requestContentType: 
240718221400707 Response.sendData()	INFO: GET /test02 HTTP/1.1 
240718221400708 Response.sendData()	INFO:  Host: localhost:1000 
240718221400710 Response.sendData()	INFO:  
240718221400712 Response.sendData()	INFO: path: /test02
240718221400715 Response.sendData()	INFO: POST PARAMS : 
240718221400717 Response.sendData()	INFO: POST PAIRS MAP: {}
240718221400719 Response.sendData()	INFO: method: GET
240718221400720 Response.sendData()	INFO: path: /test02/index.html
240718221400743 Response.sendData()	INFO: fileContentType: text/html
240718221400746 Response.sendData()	INFO: extension: html
240718221400748 Response.sendData()	INFO: fileContentType: text/html
240718221400750 Response.sendData()	INFO: GET: []
240718221400752 Response.sendData()	INFO: GET MAP: {}
240718221400754 Response.sendData()	INFO: POST PARAMS: 
240718221400755 Response.sendData()	INFO: POST PARAMS MAP: {}
240718221400757 Response.sendData()	INFO: POST PARAMS MAP`KEYS: []
240718221400846 ThreadServer.run()	INFO: (43) > Thread :: Time: 100 milliseconds
240718221400848 ThreadServer.run()	INFO: (43) > END #
240718221405872 ThreadServer.run()	INFO: (43) > Thread waiting for new client....
