240718220600461 ThreadServer.run()	INFO: (43) > Thread waiting for new client....
240718220608623 ThreadServer.run()	INFO: (43) > Thread Accepting connection >
240718220608624 Request.getData()	INFO: (43) request: [POST /test02/displayFields.cc8 HTTP/1.1, Host: localhost:1000, Connection: keep-alive, Content-Length: 270, Cache-Control: max-age=0, sec-ch-ua: "Not/A)Brand";v="8", "Chromium";v="126", "Google Chrome";v="126", sec-ch-ua-mobile: ?0, sec-ch-ua-platform: "Windows", Upgrade-Insecure-Requests: 1, Origin: http://localhost:1000, Content-Type: multipart/form-data; boundary=----WebKitFormBoundaryMdNh6Q2SSNKSUjqv, User-Agent: Mozilla/5.0 (Windows NT 10.0; Win64; x64) AppleWebKit/537.36 (KHTML, like Gecko) Chrome/126.0.0.0 Safari/537.36, Accept: text/html,application/xhtml+xml,application/xml;q=0.9,image/avif,image/webp,image/apng,*/*;q=0.8,application/signed-exchange;v=b3;q=0.7, Sec-Fetch-Site: same-origin, Sec-Fetch-Mode: navigate, Sec-Fetch-User: ?1, Sec-Fetch-Dest: document, Referer: http://localhost:1000/test02, Accept-Encoding: gzip, deflate, br, zstd, Accept-Language: es-US,es;q=0.9,es-419;q=0.8,en;q=0.7, ------WebKitFormBoundaryMdNh6Q2SSNKSUjqv
Content-Disposition: form-data; name="name"

POST - multipart/form-data
------WebKitFormBoundaryMdNh6Q2SSNKSUjqv
Content-Disposition: form-data; name="email"

lab02@galileo.edu
------WebKitFormBoundaryMdNh6Q2SSNKSUjqv--
]
240718220608627 Response.sendData()	INFO: POST /test02/displayFields.cc8 HTTP/1.1 || Host: localhost:1000 || Connection: keep-alive || Content-Length: 270 || Cache-Control: max-age=0 || sec-ch-ua: "Not/A)Brand";v="8", "Chromium";v="126", "Google Chrome";v="126" || sec-ch-ua-mobile: ?0 || sec-ch-ua-platform: "Windows" || Upgrade-Insecure-Requests: 1 || Origin: http://localhost:1000 || Content-Type: multipart/form-data; boundary=----WebKitFormBoundaryMdNh6Q2SSNKSUjqv || User-Agent: Mozilla/5.0 (Windows NT 10.0; Win64; x64) AppleWebKit/537.36 (KHTML, like Gecko) Chrome/126.0.0.0 Safari/537.36 || Accept: text/html,application/xhtml+xml,application/xml;q=0.9,image/avif,image/webp,image/apng,*/*;q=0.8,application/signed-exchange;v=b3;q=0.7 || Sec-Fetch-Site: same-origin || Sec-Fetch-Mode: navigate || Sec-Fetch-User: ?1 || Sec-Fetch-Dest: document || Referer: http://localhost:1000/test02 || Accept-Encoding: gzip, deflate, br, zstd || Accept-Language: es-US,es;q=0.9,es-419;q=0.8,en;q=0.7 || ------WebKitFormBoundaryMdNh6Q2SSNKSUjqv
Content-Disposition: form-data; name="name"

POST - multipart/form-data
------WebKitFormBoundaryMdNh6Q2SSNKSUjqv
Content-Disposition: form-data; name="email"

lab02@galileo.edu
------WebKitFormBoundaryMdNh6Q2SSNKSUjqv--

240718220608630 Response.sendData()	INFO: requestContentType: multipart/form-data; boundary=----WebKitFormBoundaryMdNh6Q2SSNKSUjqv 
240718220608631 Response.sendData()	INFO: POST /test02/displayFields.cc8 HTTP/1.1 
240718220608632 Response.sendData()	INFO:  Host: localhost:1000 
240718220608633 Response.sendData()	INFO:  ------WebKitFormBoundaryMdNh6Q2SSNKSUjqv
Content-Disposition: form-data; name="name"

POST - multipart/form-data
------WebKitFormBoundaryMdNh6Q2SSNKSUjqv
Content-Disposition: form-data; name="email"

lab02@galileo.edu
------WebKitFormBoundaryMdNh6Q2SSNKSUjqv--

240718220608636 Response.sendData()	INFO: path: /test02/displayFields.cc8
240718220608637 Response.sendData()	INFO: POST PARAMS : ------WebKitFormBoundaryMdNh6Q2SSNKSUjqv
Content-Disposition: form-data; name="name"

POST - multipart/form-data
------WebKitFormBoundaryMdNh6Q2SSNKSUjqv
Content-Disposition: form-data; name="email"

lab02@galileo.edu
------WebKitFormBoundaryMdNh6Q2SSNKSUjqv--
240718220608640 Response.sendData()	INFO: 


 reqBoundary:------WebKitFormBoundaryMdNh6Q2SSNKSUjqv 




240718220608642 Response.sendData()	INFO: Post Params ARRAY: [------WebKitFormBoundaryMdNh6Q2SSNKSUjqv, Content-Disposition: form-data; name="name", , POST - multipart/form-data, ------WebKitFormBoundaryMdNh6Q2SSNKSUjqv, Content-Disposition: form-data; name="email", , lab02@galileo.edu, ------WebKitFormBoundaryMdNh6Q2SSNKSUjqv--]
240718220608643 Response.sendData()	INFO: Post Params ARRAY: 9
240718220608644 Response.sendData()	INFO: POST PAIRS MAP: {}
240718220608645 Response.sendData()	INFO: method: POST
240718220608645 Response.sendData()	INFO: path: /test02/displayFields.cc8
240718220608646 Response.sendData()	INFO: fileContentType: application/octet-stream
240718220608647 Response.sendData()	INFO: extension: cc8
240718220608648 Response.sendData()	INFO: fileContentType: text/html
240718220608649 Response.sendData()	INFO: GET: []
240718220608650 Response.sendData()	INFO: GET MAP: {}
240718220608652 Response.sendData()	INFO: POST PARAMS: ------WebKitFormBoundaryMdNh6Q2SSNKSUjqv
Content-Disposition: form-data; name="name"

POST - multipart/form-data
------WebKitFormBoundaryMdNh6Q2SSNKSUjqv
Content-Disposition: form-data; name="email"

lab02@galileo.edu
------WebKitFormBoundaryMdNh6Q2SSNKSUjqv--
240718220608654 Response.sendData()	INFO: POST PARAMS MAP: {}
240718220608654 Response.sendData()	INFO: POST PARAMS MAP`KEYS: []
240718220608655 ThreadServer.run()	INFO: (43) > Thread :: Time: 32 milliseconds
240718220608656 ThreadServer.run()	INFO: (43) > END #
240718220613670 ThreadServer.run()	INFO: (43) > Thread waiting for new client....
