240718183618718 ThreadServer.run()	INFO: (43) > Thread waiting for new client....
240718183624133 ThreadServer.run()	INFO: (43) > Thread Accepting connection >
240718183624148 Request.getData()	INFO: (43) request: [GET /favicon.ico HTTP/1.1, Host: localhost:1000, Connection: keep-alive, sec-ch-ua: "Not/A)Brand";v="8", "Chromium";v="126", "Google Chrome";v="126", sec-ch-ua-mobile: ?0, User-Agent: Mozilla/5.0 (Windows NT 10.0; Win64; x64) AppleWebKit/537.36 (KHTML, like Gecko) Chrome/126.0.0.0 Safari/537.36, sec-ch-ua-platform: "Windows", Accept: image/avif,image/webp,image/apng,image/svg+xml,image/*,*/*;q=0.8, Sec-Fetch-Site: same-origin, Sec-Fetch-Mode: no-cors, Sec-Fetch-Dest: image, Referer: http://localhost:1000/test02/, Accept-Encoding: gzip, deflate, br, zstd, Accept-Language: es-US,es;q=0.9,es-419;q=0.8,en;q=0.7, ]
240718183624153 Response.sendData()	INFO: GET /favicon.ico HTTP/1.1 || Host: localhost:1000 || Connection: keep-alive || sec-ch-ua: "Not/A)Brand";v="8", "Chromium";v="126", "Google Chrome";v="126" || sec-ch-ua-mobile: ?0 || User-Agent: Mozilla/5.0 (Windows NT 10.0; Win64; x64) AppleWebKit/537.36 (KHTML, like Gecko) Chrome/126.0.0.0 Safari/537.36 || sec-ch-ua-platform: "Windows" || Accept: image/avif,image/webp,image/apng,image/svg+xml,image/*,*/*;q=0.8 || Sec-Fetch-Site: same-origin || Sec-Fetch-Mode: no-cors || Sec-Fetch-Dest: image || Referer: http://localhost:1000/test02/ || Accept-Encoding: gzip, deflate, br, zstd || Accept-Language: es-US,es;q=0.9,es-419;q=0.8,en;q=0.7 || 
240718183624157 Response.sendData()	INFO: GET /favicon.ico HTTP/1.1 
240718183624158 Response.sendData()	INFO:  Host: localhost:1000 
240718183624160 Response.sendData()	INFO:  
240718183624161 Response.sendData()	INFO: path: /favicon.ico
240718183624163 Response.sendData()	INFO: POST PARAMS :  
240718183624164 Response.sendData()	INFO: POST PAIRS MAP: {}
240718183624165 Response.sendData()	INFO: method: GET
240718183624166 Response.sendData()	INFO: path: /favicon.ico
240718183624168 Response.sendData()	INFO: NO SE ENCONTRÓ EL ARCHIVO SOLICITADO. (/favicon.ico)
240718183624185 Response.sendData()	INFO: fileContentType: application/octet-stream
240718183624187 Response.sendData()	INFO: extension: ico
240718183624188 Response.sendData()	INFO: fileContentType: application/octet-stream
240718183624190 Response.sendData()	INFO: GET: []
240718183624191 Response.sendData()	INFO: GET MAP: {}
240718183624191 Response.sendData()	INFO: POST PARAMS:  
240718183624194 Response.sendData()	INFO: POST PARAMS MAP: {}
240718183624196 Response.sendData()	INFO: POST PARAMS MAP`KEYS: []
240718183624197 Response.sendData()	INFO: NO SE ENCONTRÓ EL ARCHIVO SOLICITADO. (/favicon.ico)
240718183624218 ThreadServer.run()	INFO: (43) > Thread :: Time: 74 milliseconds
240718183624219 ThreadServer.run()	INFO: (43) > END #
240718183629224 ThreadServer.run()	INFO: (43) > Thread waiting for new client....
