240718182739046 ThreadServer.run()	INFO: (43) > Thread waiting for new client....
240718183158784 ThreadServer.run()	INFO: (43) > Thread Accepting connection >
240718183158785 Request.getData()	INFO: (43) request: [GET /favicon.ico HTTP/1.1, Host: localhost:1000, Connection: keep-alive, sec-ch-ua: "Not/A)Brand";v="8", "Chromium";v="126", "Google Chrome";v="126", sec-ch-ua-mobile: ?0, User-Agent: Mozilla/5.0 (Windows NT 10.0; Win64; x64) AppleWebKit/537.36 (KHTML, like Gecko) Chrome/126.0.0.0 Safari/537.36, sec-ch-ua-platform: "Windows", Accept: */*, Sec-Fetch-Site: same-origin, Sec-Fetch-Mode: cors, Sec-Fetch-Dest: empty, Referer: http://localhost:1000/test02/displayFields.cc8, Accept-Encoding: gzip, deflate, br, zstd, Accept-Language: es-US,es;q=0.9,es-419;q=0.8,en;q=0.7, ]
240718183158786 Response.sendData()	INFO: GET /favicon.ico HTTP/1.1 || Host: localhost:1000 || Connection: keep-alive || sec-ch-ua: "Not/A)Brand";v="8", "Chromium";v="126", "Google Chrome";v="126" || sec-ch-ua-mobile: ?0 || User-Agent: Mozilla/5.0 (Windows NT 10.0; Win64; x64) AppleWebKit/537.36 (KHTML, like Gecko) Chrome/126.0.0.0 Safari/537.36 || sec-ch-ua-platform: "Windows" || Accept: */* || Sec-Fetch-Site: same-origin || Sec-Fetch-Mode: cors || Sec-Fetch-Dest: empty || Referer: http://localhost:1000/test02/displayFields.cc8 || Accept-Encoding: gzip, deflate, br, zstd || Accept-Language: es-US,es;q=0.9,es-419;q=0.8,en;q=0.7 || 
240718183158787 Response.sendData()	INFO: GET /favicon.ico HTTP/1.1 
240718183158788 Response.sendData()	INFO:  Host: localhost:1000 
240718183158788 Response.sendData()	INFO:  
240718183158789 Response.sendData()	INFO: path: /favicon.ico
240718183158789 Response.sendData()	INFO: POST PARAMS :  
240718183158790 Response.sendData()	INFO: POST PAIRS MAP: {}
240718183158790 Response.sendData()	INFO: method: GET
240718183158791 Response.sendData()	INFO: path: /favicon.ico
240718183158792 Response.sendData()	INFO: NO SE ENCONTRÓ EL ARCHIVO SOLICITADO. (/favicon.ico)
240718183158793 Response.sendData()	INFO: fileContentType: application/octet-stream
240718183158793 Response.sendData()	INFO: extension: ico
240718183158794 Response.sendData()	INFO: fileContentType: application/octet-stream
240718183158794 Response.sendData()	INFO: GET: []
240718183158795 Response.sendData()	INFO: GET MAP: {}
240718183158795 Response.sendData()	INFO: POST PARAMS:  
240718183158796 Response.sendData()	INFO: POST PARAMS MAP: {}
240718183158797 Response.sendData()	INFO: NO SE ENCONTRÓ EL ARCHIVO SOLICITADO. (/favicon.ico)
240718183158798 ThreadServer.run()	INFO: (43) > Thread :: Time: 13 milliseconds
240718183158799 ThreadServer.run()	INFO: (43) > END #
240718183203814 ThreadServer.run()	INFO: (43) > Thread waiting for new client....
