240718175955852 ThreadServer.run()	INFO: (44) > Thread waiting for new client....
240718180011778 ThreadServer.run()	INFO: (44) > Thread Accepting connection >
240718180011779 Request.getData()	INFO: (44) request: [GET /favicon.ico HTTP/1.1, Host: localhost:1000, Connection: keep-alive, sec-ch-ua: "Not/A)Brand";v="8", "Chromium";v="126", "Google Chrome";v="126", sec-ch-ua-mobile: ?0, User-Agent: Mozilla/5.0 (Windows NT 10.0; Win64; x64) AppleWebKit/537.36 (KHTML, like Gecko) Chrome/126.0.0.0 Safari/537.36, sec-ch-ua-platform: "Windows", Accept: */*, Sec-Fetch-Site: same-origin, Sec-Fetch-Mode: cors, Sec-Fetch-Dest: empty, Referer: http://localhost:1000/test02/, Accept-Encoding: gzip, deflate, br, zstd, Accept-Language: es-US,es;q=0.9,es-419;q=0.8,en;q=0.7, ]
240718180011781 Response.sendData()	INFO: GET /favicon.ico HTTP/1.1 || Host: localhost:1000 || Connection: keep-alive || sec-ch-ua: "Not/A)Brand";v="8", "Chromium";v="126", "Google Chrome";v="126" || sec-ch-ua-mobile: ?0 || User-Agent: Mozilla/5.0 (Windows NT 10.0; Win64; x64) AppleWebKit/537.36 (KHTML, like Gecko) Chrome/126.0.0.0 Safari/537.36 || sec-ch-ua-platform: "Windows" || Accept: */* || Sec-Fetch-Site: same-origin || Sec-Fetch-Mode: cors || Sec-Fetch-Dest: empty || Referer: http://localhost:1000/test02/ || Accept-Encoding: gzip, deflate, br, zstd || Accept-Language: es-US,es;q=0.9,es-419;q=0.8,en;q=0.7 || 
240718180011782 Response.sendData()	INFO: GET /favicon.ico HTTP/1.1 
240718180011783 Response.sendData()	INFO:  Host: localhost:1000 
240718180011784 Response.sendData()	INFO:  
240718180011785 Response.sendData()	INFO: path: /favicon.ico
240718180011785 Response.sendData()	INFO: method: GET
240718180011786 Response.sendData()	INFO: path: /favicon.ico
240718180011787 Response.sendData()	INFO: NO SE ENCONTRÓ EL ARCHIVO SOLICITADO. (/favicon.ico)
240718180011788 Response.sendData()	INFO: fileContentType: application/octet-stream
240718180011790 Response.sendData()	INFO: extension: ico
240718180011791 Response.sendData()	INFO: fileContentType: application/octet-stream
240718180011791 Response.sendData()	INFO: GET: []
240718180011792 Response.sendData()	INFO: GET MAP: {}
240718180011793 Response.sendData()	INFO: NO SE ENCONTRÓ EL ARCHIVO SOLICITADO. (/favicon.ico)
240718180011794 ThreadServer.run()	INFO: (44) > Thread :: Time: 15 milliseconds
240718180011795 ThreadServer.run()	INFO: (44) > END #
240718180016797 ThreadServer.run()	INFO: (44) > Thread waiting for new client....
