240718221434225 ThreadServer.run()	INFO: (44) > Thread waiting for new client....
240718221505170 ThreadServer.run()	INFO: (44) > Thread Accepting connection >
240718221505171 Request.getData()	INFO: (44) request: [GET /test03/contact.html HTTP/1.1, Host: localhost:1000, Connection: keep-alive, sec-ch-ua: "Not/A)Brand";v="8", "Chromium";v="126", "Google Chrome";v="126", sec-ch-ua-mobile: ?0, sec-ch-ua-platform: "Windows", Upgrade-Insecure-Requests: 1, User-Agent: Mozilla/5.0 (Windows NT 10.0; Win64; x64) AppleWebKit/537.36 (KHTML, like Gecko) Chrome/126.0.0.0 Safari/537.36, Accept: text/html,application/xhtml+xml,application/xml;q=0.9,image/avif,image/webp,image/apng,*/*;q=0.8,application/signed-exchange;v=b3;q=0.7, Sec-Fetch-Site: same-origin, Sec-Fetch-Mode: navigate, Sec-Fetch-User: ?1, Sec-Fetch-Dest: document, Referer: http://localhost:1000/test03/, Accept-Encoding: gzip, deflate, br, zstd, Accept-Language: es-US,es;q=0.9,es-419;q=0.8,en;q=0.7, ]
240718221505172 Response.sendData()	INFO: GET /test03/contact.html HTTP/1.1 || Host: localhost:1000 || Connection: keep-alive || sec-ch-ua: "Not/A)Brand";v="8", "Chromium";v="126", "Google Chrome";v="126" || sec-ch-ua-mobile: ?0 || sec-ch-ua-platform: "Windows" || Upgrade-Insecure-Requests: 1 || User-Agent: Mozilla/5.0 (Windows NT 10.0; Win64; x64) AppleWebKit/537.36 (KHTML, like Gecko) Chrome/126.0.0.0 Safari/537.36 || Accept: text/html,application/xhtml+xml,application/xml;q=0.9,image/avif,image/webp,image/apng,*/*;q=0.8,application/signed-exchange;v=b3;q=0.7 || Sec-Fetch-Site: same-origin || Sec-Fetch-Mode: navigate || Sec-Fetch-User: ?1 || Sec-Fetch-Dest: document || Referer: http://localhost:1000/test03/ || Accept-Encoding: gzip, deflate, br, zstd || Accept-Language: es-US,es;q=0.9,es-419;q=0.8,en;q=0.7 || 
240718221505173 Response.sendData()	INFO: requestContentType: 
240718221505173 Response.sendData()	INFO: GET /test03/contact.html HTTP/1.1 
240718221505174 Response.sendData()	INFO:  Host: localhost:1000 
240718221505174 Response.sendData()	INFO:  
240718221505174 Response.sendData()	INFO: path: /test03/contact.html
240718221505174 Response.sendData()	INFO: POST PARAMS : 
240718221505175 Response.sendData()	INFO: POST PAIRS MAP: {}
240718221505175 Response.sendData()	INFO: method: GET
240718221505175 Response.sendData()	INFO: path: /test03/contact.html
240718221505175 Response.sendData()	INFO: fileContentType: text/html
240718221505176 Response.sendData()	INFO: extension: html
240718221505176 Response.sendData()	INFO: fileContentType: text/html
240718221505176 Response.sendData()	INFO: GET: []
240718221505176 Response.sendData()	INFO: GET MAP: {}
240718221505177 Response.sendData()	INFO: POST PARAMS: 
240718221505177 Response.sendData()	INFO: POST PARAMS MAP: {}
240718221505177 Response.sendData()	INFO: POST PARAMS MAP`KEYS: []
240718221505178 ThreadServer.run()	INFO: (44) > Thread :: Time: 7 milliseconds
240718221505178 ThreadServer.run()	INFO: (44) > END #
240718221510180 ThreadServer.run()	INFO: (44) > Thread waiting for new client....
240718221541315 ThreadServer.run()	INFO: (44) > Thread Accepting connection >
240718221541315 Request.getData()	INFO: (44) request: [GET /test03/assets/img/blog/instagram/inst5.png HTTP/1.1, Host: localhost:1000, Connection: keep-alive, sec-ch-ua: "Not/A)Brand";v="8", "Chromium";v="126", "Google Chrome";v="126", sec-ch-ua-mobile: ?0, User-Agent: Mozilla/5.0 (Windows NT 10.0; Win64; x64) AppleWebKit/537.36 (KHTML, like Gecko) Chrome/126.0.0.0 Safari/537.36, sec-ch-ua-platform: "Windows", Accept: image/avif,image/webp,image/apng,image/svg+xml,image/*,*/*;q=0.8, Sec-Fetch-Site: same-origin, Sec-Fetch-Mode: no-cors, Sec-Fetch-Dest: image, Referer: http://localhost:1000/test03/blog.html, Accept-Encoding: gzip, deflate, br, zstd, Accept-Language: es-US,es;q=0.9,es-419;q=0.8,en;q=0.7, ]
240718221541316 Response.sendData()	INFO: GET /test03/assets/img/blog/instagram/inst5.png HTTP/1.1 || Host: localhost:1000 || Connection: keep-alive || sec-ch-ua: "Not/A)Brand";v="8", "Chromium";v="126", "Google Chrome";v="126" || sec-ch-ua-mobile: ?0 || User-Agent: Mozilla/5.0 (Windows NT 10.0; Win64; x64) AppleWebKit/537.36 (KHTML, like Gecko) Chrome/126.0.0.0 Safari/537.36 || sec-ch-ua-platform: "Windows" || Accept: image/avif,image/webp,image/apng,image/svg+xml,image/*,*/*;q=0.8 || Sec-Fetch-Site: same-origin || Sec-Fetch-Mode: no-cors || Sec-Fetch-Dest: image || Referer: http://localhost:1000/test03/blog.html || Accept-Encoding: gzip, deflate, br, zstd || Accept-Language: es-US,es;q=0.9,es-419;q=0.8,en;q=0.7 || 
240718221541317 Response.sendData()	INFO: requestContentType: 
240718221541317 Response.sendData()	INFO: GET /test03/assets/img/blog/instagram/inst5.png HTTP/1.1 
240718221541318 Response.sendData()	INFO:  Host: localhost:1000 
240718221541318 Response.sendData()	INFO:  
240718221541318 Response.sendData()	INFO: path: /test03/assets/img/blog/instagram/inst5.png
240718221541318 Response.sendData()	INFO: POST PARAMS : 
240718221541319 Response.sendData()	INFO: POST PAIRS MAP: {}
240718221541319 Response.sendData()	INFO: method: GET
240718221541320 Response.sendData()	INFO: path: /test03/assets/img/blog/instagram/inst5.png
240718221541321 Response.sendData()	INFO: fileContentType: image/png
240718221541322 Response.sendData()	INFO: extension: png
240718221541324 Response.sendData()	INFO: fileContentType: image/png
240718221541324 Response.sendData()	INFO: GET: []
240718221541326 Response.sendData()	INFO: GET MAP: {}
240718221541329 Response.sendData()	INFO: POST PARAMS: 
240718221541331 Response.sendData()	INFO: POST PARAMS MAP: {}
240718221541332 Response.sendData()	INFO: POST PARAMS MAP`KEYS: []
240718221541333 ThreadServer.run()	INFO: (44) > Thread :: Time: 18 milliseconds
240718221541334 ThreadServer.run()	INFO: (44) > END #
240718221546342 ThreadServer.run()	INFO: (44) > Thread waiting for new client....
240718221607670 ThreadServer.run()	INFO: (44) > Thread Accepting connection >
240718221607672 Request.getData()	INFO: (44) request: [GET /favicon.ico HTTP/1.1, Host: localhost:1000, Connection: keep-alive, sec-ch-ua: "Not/A)Brand";v="8", "Chromium";v="126", "Google Chrome";v="126", sec-ch-ua-mobile: ?0, User-Agent: Mozilla/5.0 (Windows NT 10.0; Win64; x64) AppleWebKit/537.36 (KHTML, like Gecko) Chrome/126.0.0.0 Safari/537.36, sec-ch-ua-platform: "Windows", Accept: */*, Sec-Fetch-Site: same-origin, Sec-Fetch-Mode: cors, Sec-Fetch-Dest: empty, Referer: http://localhost:1000/test02, Accept-Encoding: gzip, deflate, br, zstd, Accept-Language: es-US,es;q=0.9,es-419;q=0.8,en;q=0.7, ]
240718221607674 Response.sendData()	INFO: GET /favicon.ico HTTP/1.1 || Host: localhost:1000 || Connection: keep-alive || sec-ch-ua: "Not/A)Brand";v="8", "Chromium";v="126", "Google Chrome";v="126" || sec-ch-ua-mobile: ?0 || User-Agent: Mozilla/5.0 (Windows NT 10.0; Win64; x64) AppleWebKit/537.36 (KHTML, like Gecko) Chrome/126.0.0.0 Safari/537.36 || sec-ch-ua-platform: "Windows" || Accept: */* || Sec-Fetch-Site: same-origin || Sec-Fetch-Mode: cors || Sec-Fetch-Dest: empty || Referer: http://localhost:1000/test02 || Accept-Encoding: gzip, deflate, br, zstd || Accept-Language: es-US,es;q=0.9,es-419;q=0.8,en;q=0.7 || 
240718221607675 Response.sendData()	INFO: requestContentType: 
240718221607675 Response.sendData()	INFO: GET /favicon.ico HTTP/1.1 
240718221607675 Response.sendData()	INFO:  Host: localhost:1000 
240718221607676 Response.sendData()	INFO:  
240718221607676 Response.sendData()	INFO: path: /favicon.ico
240718221607676 Response.sendData()	INFO: POST PARAMS : 
240718221607677 Response.sendData()	INFO: POST PAIRS MAP: {}
240718221607677 Response.sendData()	INFO: method: GET
240718221607677 Response.sendData()	INFO: path: /favicon.ico
240718221607678 Response.sendData()	INFO: NO SE ENCONTRÓ EL ARCHIVO SOLICITADO. (/favicon.ico)
240718221607678 Response.sendData()	INFO: fileContentType: application/octet-stream
240718221607679 Response.sendData()	INFO: extension: ico
240718221607679 Response.sendData()	INFO: fileContentType: application/octet-stream
240718221607679 Response.sendData()	INFO: GET: []
240718221607680 Response.sendData()	INFO: GET MAP: {}
240718221607680 Response.sendData()	INFO: POST PARAMS: 
240718221607680 Response.sendData()	INFO: POST PARAMS MAP: {}
240718221607681 Response.sendData()	INFO: POST PARAMS MAP`KEYS: []
240718221607681 Response.sendData()	INFO: NO SE ENCONTRÓ EL ARCHIVO SOLICITADO. (/favicon.ico)
240718221607682 ThreadServer.run()	INFO: (44) > Thread :: Time: 12 milliseconds
240718221607682 ThreadServer.run()	INFO: (44) > END #
240718221612696 ThreadServer.run()	INFO: (44) > Thread waiting for new client....
