240718221031933 ThreadServer.run()	INFO: (45) > Thread waiting for new client....
240718221035981 ThreadServer.run()	INFO: (45) > Thread Accepting connection >
240718221035983 Request.getData()	INFO: (45) request: [GET /favicon.ico HTTP/1.1, Host: localhost:1000, Connection: keep-alive, sec-ch-ua: "Not/A)Brand";v="8", "Chromium";v="126", "Google Chrome";v="126", sec-ch-ua-mobile: ?0, User-Agent: Mozilla/5.0 (Windows NT 10.0; Win64; x64) AppleWebKit/537.36 (KHTML, like Gecko) Chrome/126.0.0.0 Safari/537.36, sec-ch-ua-platform: "Windows", Accept: */*, Sec-Fetch-Site: same-origin, Sec-Fetch-Mode: cors, Sec-Fetch-Dest: empty, Referer: http://localhost:1000/test02, Accept-Encoding: gzip, deflate, br, zstd, Accept-Language: es-US,es;q=0.9,es-419;q=0.8,en;q=0.7, ]
240718221035985 Response.sendData()	INFO: GET /favicon.ico HTTP/1.1 || Host: localhost:1000 || Connection: keep-alive || sec-ch-ua: "Not/A)Brand";v="8", "Chromium";v="126", "Google Chrome";v="126" || sec-ch-ua-mobile: ?0 || User-Agent: Mozilla/5.0 (Windows NT 10.0; Win64; x64) AppleWebKit/537.36 (KHTML, like Gecko) Chrome/126.0.0.0 Safari/537.36 || sec-ch-ua-platform: "Windows" || Accept: */* || Sec-Fetch-Site: same-origin || Sec-Fetch-Mode: cors || Sec-Fetch-Dest: empty || Referer: http://localhost:1000/test02 || Accept-Encoding: gzip, deflate, br, zstd || Accept-Language: es-US,es;q=0.9,es-419;q=0.8,en;q=0.7 || 
240718221035987 Response.sendData()	INFO: requestContentType: 
240718221035989 Response.sendData()	INFO: GET /favicon.ico HTTP/1.1 
240718221035990 Response.sendData()	INFO:  Host: localhost:1000 
240718221035991 Response.sendData()	INFO:  
240718221035992 Response.sendData()	INFO: path: /favicon.ico
240718221035993 Response.sendData()	INFO: POST PARAMS : 
240718221035994 Response.sendData()	INFO: POST PAIRS MAP: {}
240718221035995 Response.sendData()	INFO: method: GET
240718221035995 Response.sendData()	INFO: path: /favicon.ico
240718221035998 Response.sendData()	INFO: NO SE ENCONTRÓ EL ARCHIVO SOLICITADO. (/favicon.ico)
240718221035999 Response.sendData()	INFO: fileContentType: application/octet-stream
240718221036000 Response.sendData()	INFO: extension: ico
240718221036001 Response.sendData()	INFO: fileContentType: application/octet-stream
240718221036002 Response.sendData()	INFO: GET: []
240718221036003 Response.sendData()	INFO: GET MAP: {}
240718221036004 Response.sendData()	INFO: POST PARAMS: 
240718221036005 Response.sendData()	INFO: POST PARAMS MAP: {}
240718221036005 Response.sendData()	INFO: POST PARAMS MAP`KEYS: []
240718221036007 Response.sendData()	INFO: NO SE ENCONTRÓ EL ARCHIVO SOLICITADO. (/favicon.ico)
240718221036008 ThreadServer.run()	INFO: (45) > Thread :: Time: 26 milliseconds
240718221036009 ThreadServer.run()	INFO: (45) > END #
240718221041022 ThreadServer.run()	INFO: (45) > Thread waiting for new client....
