240718220600473 ThreadServer.run()	INFO: (45) > Thread waiting for new client....
240718220603082 ThreadServer.run()	INFO: (45) > Thread Accepting connection >
240718220603084 Request.getData()	INFO: (45) request: [GET /favicon.ico HTTP/1.1, Host: localhost:1000, Connection: keep-alive, sec-ch-ua: "Not/A)Brand";v="8", "Chromium";v="126", "Google Chrome";v="126", sec-ch-ua-mobile: ?0, User-Agent: Mozilla/5.0 (Windows NT 10.0; Win64; x64) AppleWebKit/537.36 (KHTML, like Gecko) Chrome/126.0.0.0 Safari/537.36, sec-ch-ua-platform: "Windows", Accept: */*, Sec-Fetch-Site: same-origin, Sec-Fetch-Mode: cors, Sec-Fetch-Dest: empty, Referer: http://localhost:1000/test02, Accept-Encoding: gzip, deflate, br, zstd, Accept-Language: es-US,es;q=0.9,es-419;q=0.8,en;q=0.7, ]
240718220603086 Response.sendData()	INFO: GET /favicon.ico HTTP/1.1 || Host: localhost:1000 || Connection: keep-alive || sec-ch-ua: "Not/A)Brand";v="8", "Chromium";v="126", "Google Chrome";v="126" || sec-ch-ua-mobile: ?0 || User-Agent: Mozilla/5.0 (Windows NT 10.0; Win64; x64) AppleWebKit/537.36 (KHTML, like Gecko) Chrome/126.0.0.0 Safari/537.36 || sec-ch-ua-platform: "Windows" || Accept: */* || Sec-Fetch-Site: same-origin || Sec-Fetch-Mode: cors || Sec-Fetch-Dest: empty || Referer: http://localhost:1000/test02 || Accept-Encoding: gzip, deflate, br, zstd || Accept-Language: es-US,es;q=0.9,es-419;q=0.8,en;q=0.7 || 
240718220603088 Response.sendData()	INFO: requestContentType: 
240718220603089 Response.sendData()	INFO: GET /favicon.ico HTTP/1.1 
240718220603091 Response.sendData()	INFO:  Host: localhost:1000 
240718220603092 Response.sendData()	INFO:  
240718220603093 Response.sendData()	INFO: path: /favicon.ico
240718220603094 Response.sendData()	INFO: POST PARAMS : 
240718220603095 Response.sendData()	INFO: POST PAIRS MAP: {}
240718220603097 Response.sendData()	INFO: method: GET
240718220603098 Response.sendData()	INFO: path: /favicon.ico
240718220603099 Response.sendData()	INFO: NO SE ENCONTRÓ EL ARCHIVO SOLICITADO. (/favicon.ico)
240718220603100 Response.sendData()	INFO: fileContentType: application/octet-stream
240718220603101 Response.sendData()	INFO: extension: ico
240718220603102 Response.sendData()	INFO: fileContentType: application/octet-stream
240718220603103 Response.sendData()	INFO: GET: []
240718220603104 Response.sendData()	INFO: GET MAP: {}
240718220603104 Response.sendData()	INFO: POST PARAMS: 
240718220603105 Response.sendData()	INFO: POST PARAMS MAP: {}
240718220603106 Response.sendData()	INFO: POST PARAMS MAP`KEYS: []
240718220603108 Response.sendData()	INFO: NO SE ENCONTRÓ EL ARCHIVO SOLICITADO. (/favicon.ico)
240718220603109 ThreadServer.run()	INFO: (45) > Thread :: Time: 26 milliseconds
240718220603111 ThreadServer.run()	INFO: (45) > END #
240718220608115 ThreadServer.run()	INFO: (45) > Thread waiting for new client....
