240718183618719 ThreadServer.run()	INFO: (45) > Thread waiting for new client....
240718183626184 ThreadServer.run()	INFO: (45) > Thread Accepting connection >
240718183626186 Request.getData()	INFO: (45) request: [POST /test02/displayFields.cc8 HTTP/1.1, Host: localhost:1000, Connection: keep-alive, Content-Length: 270, Cache-Control: max-age=0, sec-ch-ua: "Not/A)Brand";v="8", "Chromium";v="126", "Google Chrome";v="126", sec-ch-ua-mobile: ?0, sec-ch-ua-platform: "Windows", Upgrade-Insecure-Requests: 1, Origin: http://localhost:1000, Content-Type: multipart/form-data; boundary=----WebKitFormBoundaryZcnBz2g2JTk5WTwN, User-Agent: Mozilla/5.0 (Windows NT 10.0; Win64; x64) AppleWebKit/537.36 (KHTML, like Gecko) Chrome/126.0.0.0 Safari/537.36, Accept: text/html,application/xhtml+xml,application/xml;q=0.9,image/avif,image/webp,image/apng,*/*;q=0.8,application/signed-exchange;v=b3;q=0.7, Sec-Fetch-Site: same-origin, Sec-Fetch-Mode: navigate, Sec-Fetch-User: ?1, Sec-Fetch-Dest: document, Referer: http://localhost:1000/test02/, Accept-Encoding: gzip, deflate, br, zstd, Accept-Language: es-US,es;q=0.9,es-419;q=0.8,en;q=0.7, ------WebKitFormBoundaryZcnBz2g2JTk5WTwN
Content-Disposition: form-data; name="name"

POST - multipart/form-data
------WebKitFormBoundaryZcnBz2g2JTk5WTwN
Content-Disposition: form-data; name="email"

lab02@galileo.edu
------WebKitFormBoundaryZcnBz2g2JTk5WTwN--
]
240718183626188 Response.sendData()	INFO: POST /test02/displayFields.cc8 HTTP/1.1 || Host: localhost:1000 || Connection: keep-alive || Content-Length: 270 || Cache-Control: max-age=0 || sec-ch-ua: "Not/A)Brand";v="8", "Chromium";v="126", "Google Chrome";v="126" || sec-ch-ua-mobile: ?0 || sec-ch-ua-platform: "Windows" || Upgrade-Insecure-Requests: 1 || Origin: http://localhost:1000 || Content-Type: multipart/form-data; boundary=----WebKitFormBoundaryZcnBz2g2JTk5WTwN || User-Agent: Mozilla/5.0 (Windows NT 10.0; Win64; x64) AppleWebKit/537.36 (KHTML, like Gecko) Chrome/126.0.0.0 Safari/537.36 || Accept: text/html,application/xhtml+xml,application/xml;q=0.9,image/avif,image/webp,image/apng,*/*;q=0.8,application/signed-exchange;v=b3;q=0.7 || Sec-Fetch-Site: same-origin || Sec-Fetch-Mode: navigate || Sec-Fetch-User: ?1 || Sec-Fetch-Dest: document || Referer: http://localhost:1000/test02/ || Accept-Encoding: gzip, deflate, br, zstd || Accept-Language: es-US,es;q=0.9,es-419;q=0.8,en;q=0.7 || ------WebKitFormBoundaryZcnBz2g2JTk5WTwN
Content-Disposition: form-data; name="name"

POST - multipart/form-data
------WebKitFormBoundaryZcnBz2g2JTk5WTwN
Content-Disposition: form-data; name="email"

lab02@galileo.edu
------WebKitFormBoundaryZcnBz2g2JTk5WTwN--

240718183626190 Response.sendData()	INFO: POST /test02/displayFields.cc8 HTTP/1.1 
240718183626191 Response.sendData()	INFO:  Host: localhost:1000 
240718183626191 Response.sendData()	INFO:  ------WebKitFormBoundaryZcnBz2g2JTk5WTwN
Content-Disposition: form-data; name="name"

POST - multipart/form-data
------WebKitFormBoundaryZcnBz2g2JTk5WTwN
Content-Disposition: form-data; name="email"

lab02@galileo.edu
------WebKitFormBoundaryZcnBz2g2JTk5WTwN--

240718183626194 Response.sendData()	INFO: path: /test02/displayFields.cc8
240718183626195 Response.sendData()	INFO: POST PARAMS :  ------WebKitFormBoundaryZcnBz2g2JTk5WTwN
Content-Disposition: form-data; name="name"

POST - multipart/form-data
------WebKitFormBoundaryZcnBz2g2JTk5WTwN
Content-Disposition: form-data; name="email"

lab02@galileo.edu
------WebKitFormBoundaryZcnBz2g2JTk5WTwN--

240718183626197 Response.sendData()	INFO: POST PAIRS MAP: { ------WebKitFormBoundaryZcnBz2g2JTk5WTwN
Content-Disposition: form-data; name="name"

POST - multipart/form-data
------WebKitFormBoundaryZcnBz2g2JTk5WTwN
Content-Disposition: form-data; name="email"

lab02@galileo.edu
------WebKitFormBoundaryZcnBz2g2JTk5WTwN--
}
240718183626199 Response.sendData()	INFO: method: POST
240718183626200 Response.sendData()	INFO: path: /test02/displayFields.cc8
240718183626202 Response.sendData()	INFO: fileContentType: application/octet-stream
240718183626203 Response.sendData()	INFO: extension: cc8
240718183626204 Response.sendData()	INFO: fileContentType: text/html
240718183626204 Response.sendData()	INFO: GET: []
240718183626205 Response.sendData()	INFO: GET MAP: {}
240718183626205 Response.sendData()	INFO: POST PARAMS:  ------WebKitFormBoundaryZcnBz2g2JTk5WTwN
Content-Disposition: form-data; name="name"

POST - multipart/form-data
------WebKitFormBoundaryZcnBz2g2JTk5WTwN
Content-Disposition: form-data; name="email"

lab02@galileo.edu
------WebKitFormBoundaryZcnBz2g2JTk5WTwN--

240718183626207 Response.sendData()	INFO: POST PARAMS MAP: { ------WebKitFormBoundaryZcnBz2g2JTk5WTwN
Content-Disposition: form-data; name="name"

POST - multipart/form-data
------WebKitFormBoundaryZcnBz2g2JTk5WTwN
Content-Disposition: form-data; name="email"

lab02@galileo.edu
------WebKitFormBoundaryZcnBz2g2JTk5WTwN--
}
240718183626209 Response.sendData()	INFO: POST PARAMS MAP`KEYS: [ ------WebKitFormBoundaryZcnBz2g2JTk5WTwN
Content-Disposition: form-data; name]
240718183626211 ThreadServer.run()	INFO: (45) > Thread :: Time: 26 milliseconds
240718183626212 ThreadServer.run()	INFO: (45) > END #
240718183631228 ThreadServer.run()	INFO: (45) > Thread waiting for new client....
