240718183819528 ThreadServer.run()	INFO: (45) > Thread waiting for new client....
240718183843464 ThreadServer.run()	INFO: (45) > Thread Accepting connection >
240718183843465 Request.getData()	INFO: (45) request: [GET /favicon.ico HTTP/1.1, Host: localhost:1000, Connection: keep-alive, sec-ch-ua: "Not/A)Brand";v="8", "Chromium";v="126", "Google Chrome";v="126", sec-ch-ua-mobile: ?0, User-Agent: Mozilla/5.0 (Windows NT 10.0; Win64; x64) AppleWebKit/537.36 (KHTML, like Gecko) Chrome/126.0.0.0 Safari/537.36, sec-ch-ua-platform: "Windows", Accept: */*, Sec-Fetch-Site: same-origin, Sec-Fetch-Mode: cors, Sec-Fetch-Dest: empty, Referer: http://localhost:1000/test02/displayFields.cc8, Accept-Encoding: gzip, deflate, br, zstd, Accept-Language: es-US,es;q=0.9,es-419;q=0.8,en;q=0.7, ]
240718183843467 Response.sendData()	INFO: GET /favicon.ico HTTP/1.1 || Host: localhost:1000 || Connection: keep-alive || sec-ch-ua: "Not/A)Brand";v="8", "Chromium";v="126", "Google Chrome";v="126" || sec-ch-ua-mobile: ?0 || User-Agent: Mozilla/5.0 (Windows NT 10.0; Win64; x64) AppleWebKit/537.36 (KHTML, like Gecko) Chrome/126.0.0.0 Safari/537.36 || sec-ch-ua-platform: "Windows" || Accept: */* || Sec-Fetch-Site: same-origin || Sec-Fetch-Mode: cors || Sec-Fetch-Dest: empty || Referer: http://localhost:1000/test02/displayFields.cc8 || Accept-Encoding: gzip, deflate, br, zstd || Accept-Language: es-US,es;q=0.9,es-419;q=0.8,en;q=0.7 || 
240718183843468 Response.sendData()	INFO: GET /favicon.ico HTTP/1.1 
240718183843469 Response.sendData()	INFO:  Host: localhost:1000 
240718183843469 Response.sendData()	INFO:  
240718183843470 Response.sendData()	INFO: path: /favicon.ico
240718183843470 Response.sendData()	INFO: POST PARAMS : 
240718183843471 Response.sendData()	INFO: POST PAIRS MAP: {}
240718183843473 Response.sendData()	INFO: method: GET
240718183843474 Response.sendData()	INFO: path: /favicon.ico
240718183843475 Response.sendData()	INFO: NO SE ENCONTRÓ EL ARCHIVO SOLICITADO. (/favicon.ico)
240718183843475 Response.sendData()	INFO: fileContentType: application/octet-stream
240718183843476 Response.sendData()	INFO: extension: ico
240718183843476 Response.sendData()	INFO: fileContentType: application/octet-stream
240718183843477 Response.sendData()	INFO: GET: []
240718183843477 Response.sendData()	INFO: GET MAP: {}
240718183843478 Response.sendData()	INFO: POST PARAMS: 
240718183843478 Response.sendData()	INFO: POST PARAMS MAP: {}
240718183843479 Response.sendData()	INFO: POST PARAMS MAP`KEYS: []
240718183843480 Response.sendData()	INFO: NO SE ENCONTRÓ EL ARCHIVO SOLICITADO. (/favicon.ico)
240718183843481 ThreadServer.run()	INFO: (45) > Thread :: Time: 16 milliseconds
240718183843482 ThreadServer.run()	INFO: (45) > END #
240718183848494 ThreadServer.run()	INFO: (45) > Thread waiting for new client....
