240718214254369 ThreadServer.run()	INFO: (45) > Thread waiting for new client....
240718214259575 ThreadServer.run()	INFO: (45) > Thread Accepting connection >
240718214259584 Request.getData()	INFO: (45) request: [POST /test02/displayFields.cc8 HTTP/1.1, Host: localhost:1000, Connection: keep-alive, Content-Length: 73, Cache-Control: max-age=0, sec-ch-ua: "Not/A)Brand";v="8", "Chromium";v="126", "Google Chrome";v="126", sec-ch-ua-mobile: ?0, sec-ch-ua-platform: "Windows", Upgrade-Insecure-Requests: 1, Origin: http://localhost:1000, Content-Type: application/x-www-form-urlencoded, User-Agent: Mozilla/5.0 (Windows NT 10.0; Win64; x64) AppleWebKit/537.36 (KHTML, like Gecko) Chrome/126.0.0.0 Safari/537.36, Accept: text/html,application/xhtml+xml,application/xml;q=0.9,image/avif,image/webp,image/apng,*/*;q=0.8,application/signed-exchange;v=b3;q=0.7, Sec-Fetch-Site: same-origin, Sec-Fetch-Mode: navigate, Sec-Fetch-User: ?1, Sec-Fetch-Dest: document, Referer: http://localhost:1000/test02, Accept-Encoding: gzip, deflate, br, zstd, Accept-Language: es-US,es;q=0.9,es-419;q=0.8,en;q=0.7, name=POST+-+application%2Fx-www-form-urlencoded&email=lab02%40galileo.edu]
240718214259589 Response.sendData()	INFO: POST /test02/displayFields.cc8 HTTP/1.1 || Host: localhost:1000 || Connection: keep-alive || Content-Length: 73 || Cache-Control: max-age=0 || sec-ch-ua: "Not/A)Brand";v="8", "Chromium";v="126", "Google Chrome";v="126" || sec-ch-ua-mobile: ?0 || sec-ch-ua-platform: "Windows" || Upgrade-Insecure-Requests: 1 || Origin: http://localhost:1000 || Content-Type: application/x-www-form-urlencoded || User-Agent: Mozilla/5.0 (Windows NT 10.0; Win64; x64) AppleWebKit/537.36 (KHTML, like Gecko) Chrome/126.0.0.0 Safari/537.36 || Accept: text/html,application/xhtml+xml,application/xml;q=0.9,image/avif,image/webp,image/apng,*/*;q=0.8,application/signed-exchange;v=b3;q=0.7 || Sec-Fetch-Site: same-origin || Sec-Fetch-Mode: navigate || Sec-Fetch-User: ?1 || Sec-Fetch-Dest: document || Referer: http://localhost:1000/test02 || Accept-Encoding: gzip, deflate, br, zstd || Accept-Language: es-US,es;q=0.9,es-419;q=0.8,en;q=0.7 || name=POST+-+application%2Fx-www-form-urlencoded&email=lab02%40galileo.edu
240718214259593 Response.sendData()	INFO: POST /test02/displayFields.cc8 HTTP/1.1 
240718214259593 Response.sendData()	INFO:  Host: localhost:1000 
240718214259594 Response.sendData()	INFO:  name=POST+-+application%2Fx-www-form-urlencoded&email=lab02%40galileo.edu
240718214259595 Response.sendData()	INFO: path: /test02/displayFields.cc8
240718214259596 Response.sendData()	INFO: POST PARAMS : name=POST+-+application%2Fx-www-form-urlencoded&email=lab02%40galileo.edu
240718214259597 Response.sendData()	INFO: Post Params ARRAY: []
240718214259602 Response.sendData()	INFO: Post Params ARRAY: 0
240718214259603 Response.sendData()	INFO: POST PAIRS MAP: {}
240718214259604 Response.sendData()	INFO: method: POST
240718214259604 Response.sendData()	INFO: path: /test02/displayFields.cc8
240718214259618 Response.sendData()	INFO: fileContentType: application/octet-stream
240718214259620 Response.sendData()	INFO: extension: cc8
240718214259620 Response.sendData()	INFO: fileContentType: text/html
240718214259621 Response.sendData()	INFO: GET: []
240718214259621 Response.sendData()	INFO: GET MAP: {}
240718214259622 Response.sendData()	INFO: POST PARAMS: name=POST+-+application%2Fx-www-form-urlencoded&email=lab02%40galileo.edu
240718214259623 Response.sendData()	INFO: POST PARAMS MAP: {}
240718214259624 Response.sendData()	INFO: POST PARAMS MAP`KEYS: []
240718214259644 ThreadServer.run()	INFO: (45) > Thread :: Time: 55 milliseconds
240718214259645 ThreadServer.run()	INFO: (45) > END #
240718214304662 ThreadServer.run()	INFO: (45) > Thread waiting for new client....
