240718175955893 ThreadServer.run()	INFO: (45) > Thread waiting for new client....
240718180233933 ThreadServer.run()	INFO: (45) > Thread Accepting connection >
240718180233933 Request.getData()	INFO: (45) request: [GET /favicon.ico HTTP/1.1, Host: localhost:1000, Connection: keep-alive, sec-ch-ua: "Not/A)Brand";v="8", "Chromium";v="126", "Google Chrome";v="126", sec-ch-ua-mobile: ?0, User-Agent: Mozilla/5.0 (Windows NT 10.0; Win64; x64) AppleWebKit/537.36 (KHTML, like Gecko) Chrome/126.0.0.0 Safari/537.36, sec-ch-ua-platform: "Windows", Accept: */*, Sec-Fetch-Site: same-origin, Sec-Fetch-Mode: cors, Sec-Fetch-Dest: empty, Referer: http://localhost:1000/test02/displayFields.cc8, Accept-Encoding: gzip, deflate, br, zstd, Accept-Language: es-US,es;q=0.9,es-419;q=0.8,en;q=0.7, ]
240718180233934 Response.sendData()	INFO: GET /favicon.ico HTTP/1.1 || Host: localhost:1000 || Connection: keep-alive || sec-ch-ua: "Not/A)Brand";v="8", "Chromium";v="126", "Google Chrome";v="126" || sec-ch-ua-mobile: ?0 || User-Agent: Mozilla/5.0 (Windows NT 10.0; Win64; x64) AppleWebKit/537.36 (KHTML, like Gecko) Chrome/126.0.0.0 Safari/537.36 || sec-ch-ua-platform: "Windows" || Accept: */* || Sec-Fetch-Site: same-origin || Sec-Fetch-Mode: cors || Sec-Fetch-Dest: empty || Referer: http://localhost:1000/test02/displayFields.cc8 || Accept-Encoding: gzip, deflate, br, zstd || Accept-Language: es-US,es;q=0.9,es-419;q=0.8,en;q=0.7 || 
240718180233935 Response.sendData()	INFO: GET /favicon.ico HTTP/1.1 
240718180233935 Response.sendData()	INFO:  Host: localhost:1000 
240718180233935 Response.sendData()	INFO:  
240718180233935 Response.sendData()	INFO: path: /favicon.ico
240718180233936 Response.sendData()	INFO: method: GET
240718180233936 Response.sendData()	INFO: path: /favicon.ico
240718180233937 Response.sendData()	INFO: NO SE ENCONTRÓ EL ARCHIVO SOLICITADO. (/favicon.ico)
240718180233937 Response.sendData()	INFO: fileContentType: application/octet-stream
240718180233937 Response.sendData()	INFO: extension: ico
240718180233937 Response.sendData()	INFO: fileContentType: application/octet-stream
240718180233938 Response.sendData()	INFO: GET: []
240718180233938 Response.sendData()	INFO: GET MAP: {}
240718180233938 Response.sendData()	INFO: NO SE ENCONTRÓ EL ARCHIVO SOLICITADO. (/favicon.ico)
240718180233939 ThreadServer.run()	INFO: (45) > Thread :: Time: 6 milliseconds
240718180233940 ThreadServer.run()	INFO: (45) > END #
240718180238946 ThreadServer.run()	INFO: (45) > Thread waiting for new client....
