240718183819529 ThreadServer.run()	INFO: (46) > Thread waiting for new client....
240718183839561 ThreadServer.run()	INFO: (46) > Thread Accepting connection >
240718183839564 Request.getData()	INFO: (46) request: [POST /test02/displayFields.cc8 HTTP/1.1, Host: localhost:1000, Connection: keep-alive, Content-Length: 270, Cache-Control: max-age=0, sec-ch-ua: "Not/A)Brand";v="8", "Chromium";v="126", "Google Chrome";v="126", sec-ch-ua-mobile: ?0, sec-ch-ua-platform: "Windows", Upgrade-Insecure-Requests: 1, Origin: http://localhost:1000, Content-Type: multipart/form-data; boundary=----WebKitFormBoundaryB4PayBDMsL1P0FAn, User-Agent: Mozilla/5.0 (Windows NT 10.0; Win64; x64) AppleWebKit/537.36 (KHTML, like Gecko) Chrome/126.0.0.0 Safari/537.36, Accept: text/html,application/xhtml+xml,application/xml;q=0.9,image/avif,image/webp,image/apng,*/*;q=0.8,application/signed-exchange;v=b3;q=0.7, Sec-Fetch-Site: same-origin, Sec-Fetch-Mode: navigate, Sec-Fetch-User: ?1, Sec-Fetch-Dest: document, Referer: http://localhost:1000/test02/, Accept-Encoding: gzip, deflate, br, zstd, Accept-Language: es-US,es;q=0.9,es-419;q=0.8,en;q=0.7, ------WebKitFormBoundaryB4PayBDMsL1P0FAn
Content-Disposition: form-data; name="name"

POST - multipart/form-data
------WebKitFormBoundaryB4PayBDMsL1P0FAn
Content-Disposition: form-data; name="email"

lab02@galileo.edu
------WebKitFormBoundaryB4PayBDMsL1P0FAn--
]
240718183839567 Response.sendData()	INFO: POST /test02/displayFields.cc8 HTTP/1.1 || Host: localhost:1000 || Connection: keep-alive || Content-Length: 270 || Cache-Control: max-age=0 || sec-ch-ua: "Not/A)Brand";v="8", "Chromium";v="126", "Google Chrome";v="126" || sec-ch-ua-mobile: ?0 || sec-ch-ua-platform: "Windows" || Upgrade-Insecure-Requests: 1 || Origin: http://localhost:1000 || Content-Type: multipart/form-data; boundary=----WebKitFormBoundaryB4PayBDMsL1P0FAn || User-Agent: Mozilla/5.0 (Windows NT 10.0; Win64; x64) AppleWebKit/537.36 (KHTML, like Gecko) Chrome/126.0.0.0 Safari/537.36 || Accept: text/html,application/xhtml+xml,application/xml;q=0.9,image/avif,image/webp,image/apng,*/*;q=0.8,application/signed-exchange;v=b3;q=0.7 || Sec-Fetch-Site: same-origin || Sec-Fetch-Mode: navigate || Sec-Fetch-User: ?1 || Sec-Fetch-Dest: document || Referer: http://localhost:1000/test02/ || Accept-Encoding: gzip, deflate, br, zstd || Accept-Language: es-US,es;q=0.9,es-419;q=0.8,en;q=0.7 || ------WebKitFormBoundaryB4PayBDMsL1P0FAn
Content-Disposition: form-data; name="name"

POST - multipart/form-data
------WebKitFormBoundaryB4PayBDMsL1P0FAn
Content-Disposition: form-data; name="email"

lab02@galileo.edu
------WebKitFormBoundaryB4PayBDMsL1P0FAn--

240718183839571 Response.sendData()	INFO: POST /test02/displayFields.cc8 HTTP/1.1 
240718183839571 Response.sendData()	INFO:  Host: localhost:1000 
240718183839572 Response.sendData()	INFO:  ------WebKitFormBoundaryB4PayBDMsL1P0FAn
Content-Disposition: form-data; name="name"

POST - multipart/form-data
------WebKitFormBoundaryB4PayBDMsL1P0FAn
Content-Disposition: form-data; name="email"

lab02@galileo.edu
------WebKitFormBoundaryB4PayBDMsL1P0FAn--

240718183839575 Response.sendData()	INFO: path: /test02/displayFields.cc8
240718183839576 Response.sendData()	INFO: POST PARAMS : ------WebKitFormBoundaryB4PayBDMsL1P0FAn
Content-Disposition: form-data; name="name"

POST - multipart/form-data
------WebKitFormBoundaryB4PayBDMsL1P0FAn
Content-Disposition: form-data; name="email"

lab02@galileo.edu
------WebKitFormBoundaryB4PayBDMsL1P0FAn--
240718183839579 Response.sendData()	INFO: POST PAIRS MAP: {------WebKitFormBoundaryB4PayBDMsL1P0FAn
Content-Disposition: form-data; name="name"

POST - multipart/form-data
------WebKitFormBoundaryB4PayBDMsL1P0FAn
Content-Disposition: form-data; name="email"

lab02@galileo.edu
------WebKitFormBoundaryB4PayBDMsL1P0FAn--}
240718183839581 Response.sendData()	INFO: method: POST
240718183839582 Response.sendData()	INFO: path: /test02/displayFields.cc8
240718183839583 Response.sendData()	INFO: fileContentType: application/octet-stream
240718183839584 Response.sendData()	INFO: extension: cc8
240718183839585 Response.sendData()	INFO: fileContentType: text/html
240718183839585 Response.sendData()	INFO: GET: []
240718183839586 Response.sendData()	INFO: GET MAP: {}
240718183839587 Response.sendData()	INFO: POST PARAMS: ------WebKitFormBoundaryB4PayBDMsL1P0FAn
Content-Disposition: form-data; name="name"

POST - multipart/form-data
------WebKitFormBoundaryB4PayBDMsL1P0FAn
Content-Disposition: form-data; name="email"

lab02@galileo.edu
------WebKitFormBoundaryB4PayBDMsL1P0FAn--
240718183839589 Response.sendData()	INFO: POST PARAMS MAP: {------WebKitFormBoundaryB4PayBDMsL1P0FAn
Content-Disposition: form-data; name="name"

POST - multipart/form-data
------WebKitFormBoundaryB4PayBDMsL1P0FAn
Content-Disposition: form-data; name="email"

lab02@galileo.edu
------WebKitFormBoundaryB4PayBDMsL1P0FAn--}
240718183839591 Response.sendData()	INFO: POST PARAMS MAP`KEYS: [------WebKitFormBoundaryB4PayBDMsL1P0FAn
Content-Disposition: form-data; name]
240718183839593 ThreadServer.run()	INFO: (46) > Thread :: Time: 30 milliseconds
240718183839594 ThreadServer.run()	INFO: (46) > END #
240718183844609 ThreadServer.run()	INFO: (46) > Thread waiting for new client....
