240718221434258 ThreadServer.run()	INFO: (46) > Thread waiting for new client....
240718221454002 ThreadServer.run()	INFO: (46) > Thread Accepting connection >
240718221454003 Request.getData()	INFO: (46) request: [GET /test03/assets/fonts/fontawesome-webfont.woff2?v=4.7.0 HTTP/1.1, Host: localhost:1000, Connection: keep-alive, sec-ch-ua: "Not/A)Brand";v="8", "Chromium";v="126", "Google Chrome";v="126", Origin: http://localhost:1000, sec-ch-ua-mobile: ?0, User-Agent: Mozilla/5.0 (Windows NT 10.0; Win64; x64) AppleWebKit/537.36 (KHTML, like Gecko) Chrome/126.0.0.0 Safari/537.36, sec-ch-ua-platform: "Windows", Accept: */*, Sec-Fetch-Site: same-origin, Sec-Fetch-Mode: cors, Sec-Fetch-Dest: font, Referer: http://localhost:1000/test03/assets/css/font-awesome.min.css, Accept-Encoding: gzip, deflate, br, zstd, Accept-Language: es-US,es;q=0.9,es-419;q=0.8,en;q=0.7, ]
240718221454006 Response.sendData()	INFO: GET /test03/assets/fonts/fontawesome-webfont.woff2?v=4.7.0 HTTP/1.1 || Host: localhost:1000 || Connection: keep-alive || sec-ch-ua: "Not/A)Brand";v="8", "Chromium";v="126", "Google Chrome";v="126" || Origin: http://localhost:1000 || sec-ch-ua-mobile: ?0 || User-Agent: Mozilla/5.0 (Windows NT 10.0; Win64; x64) AppleWebKit/537.36 (KHTML, like Gecko) Chrome/126.0.0.0 Safari/537.36 || sec-ch-ua-platform: "Windows" || Accept: */* || Sec-Fetch-Site: same-origin || Sec-Fetch-Mode: cors || Sec-Fetch-Dest: font || Referer: http://localhost:1000/test03/assets/css/font-awesome.min.css || Accept-Encoding: gzip, deflate, br, zstd || Accept-Language: es-US,es;q=0.9,es-419;q=0.8,en;q=0.7 || 
240718221454007 Response.sendData()	INFO: requestContentType: 
240718221454008 Response.sendData()	INFO: GET /test03/assets/fonts/fontawesome-webfont.woff2?v=4.7.0 HTTP/1.1 
240718221454008 Response.sendData()	INFO:  Host: localhost:1000 
240718221454009 Response.sendData()	INFO:  
240718221454009 Response.sendData()	INFO: path: /test03/assets/fonts/fontawesome-webfont.woff2?v=4.7.0
240718221454010 Response.sendData()	INFO: POST PARAMS : 
240718221454010 Response.sendData()	INFO: POST PAIRS MAP: {}
240718221454011 Response.sendData()	INFO: method: GET
240718221454011 Response.sendData()	INFO: path: /test03/assets/fonts/fontawesome-webfont.woff2
240718221454013 Response.sendData()	INFO: fileContentType: application/octet-stream
240718221454014 Response.sendData()	INFO: extension: woff2
240718221454014 Response.sendData()	INFO: fileContentType: application/octet-stream
240718221454015 Response.sendData()	INFO: GET: [v=4.7.0]
240718221454015 Response.sendData()	INFO: GET MAP: {v=4.7.0}
240718221454016 Response.sendData()	INFO: POST PARAMS: 
240718221454017 Response.sendData()	INFO: POST PARAMS MAP: {}
240718221454017 Response.sendData()	INFO: POST PARAMS MAP`KEYS: []
240718221454019 ThreadServer.run()	INFO: (46) > Thread :: Time: 16 milliseconds
240718221454020 ThreadServer.run()	INFO: (46) > END #
240718221459025 ThreadServer.run()	INFO: (46) > Thread waiting for new client....
240718221541109 ThreadServer.run()	INFO: (46) > Thread Accepting connection >
240718221541111 Request.getData()	INFO: (46) request: [GET /test03/assets/css/slick.css HTTP/1.1, Host: localhost:1000, Connection: keep-alive, sec-ch-ua: "Not/A)Brand";v="8", "Chromium";v="126", "Google Chrome";v="126", sec-ch-ua-mobile: ?0, User-Agent: Mozilla/5.0 (Windows NT 10.0; Win64; x64) AppleWebKit/537.36 (KHTML, like Gecko) Chrome/126.0.0.0 Safari/537.36, sec-ch-ua-platform: "Windows", Accept: text/css,*/*;q=0.1, Sec-Fetch-Site: same-origin, Sec-Fetch-Mode: no-cors, Sec-Fetch-Dest: style, Referer: http://localhost:1000/test03/blog.html, Accept-Encoding: gzip, deflate, br, zstd, Accept-Language: es-US,es;q=0.9,es-419;q=0.8,en;q=0.7, ]
240718221541115 Response.sendData()	INFO: GET /test03/assets/css/slick.css HTTP/1.1 || Host: localhost:1000 || Connection: keep-alive || sec-ch-ua: "Not/A)Brand";v="8", "Chromium";v="126", "Google Chrome";v="126" || sec-ch-ua-mobile: ?0 || User-Agent: Mozilla/5.0 (Windows NT 10.0; Win64; x64) AppleWebKit/537.36 (KHTML, like Gecko) Chrome/126.0.0.0 Safari/537.36 || sec-ch-ua-platform: "Windows" || Accept: text/css,*/*;q=0.1 || Sec-Fetch-Site: same-origin || Sec-Fetch-Mode: no-cors || Sec-Fetch-Dest: style || Referer: http://localhost:1000/test03/blog.html || Accept-Encoding: gzip, deflate, br, zstd || Accept-Language: es-US,es;q=0.9,es-419;q=0.8,en;q=0.7 || 
240718221541121 Response.sendData()	INFO: requestContentType: 
240718221541125 Response.sendData()	INFO: GET /test03/assets/css/slick.css HTTP/1.1 
240718221541126 Response.sendData()	INFO:  Host: localhost:1000 
240718221541134 Response.sendData()	INFO:  
240718221541148 Response.sendData()	INFO: path: /test03/assets/css/slick.css
240718221541151 Response.sendData()	INFO: POST PARAMS : 
240718221541156 Response.sendData()	INFO: POST PAIRS MAP: {}
240718221541156 Response.sendData()	INFO: method: GET
240718221541159 Response.sendData()	INFO: path: /test03/assets/css/slick.css
240718221541161 Response.sendData()	INFO: fileContentType: text/css
240718221541161 Response.sendData()	INFO: extension: css
240718221541162 Response.sendData()	INFO: fileContentType: text/css
240718221541162 Response.sendData()	INFO: GET: []
240718221541163 Response.sendData()	INFO: GET MAP: {}
240718221541163 Response.sendData()	INFO: POST PARAMS: 
240718221541164 Response.sendData()	INFO: POST PARAMS MAP: {}
240718221541165 Response.sendData()	INFO: POST PARAMS MAP`KEYS: []
240718221541167 ThreadServer.run()	INFO: (46) > Thread :: Time: 56 milliseconds
240718221541168 ThreadServer.run()	INFO: (46) > END #
240718221546172 ThreadServer.run()	INFO: (46) > Thread waiting for new client....
240718221602275 ThreadServer.run()	INFO: (46) > Thread Accepting connection >
240718221602276 Request.getData()	INFO: (46) request: [GET /favicon.ico HTTP/1.1, Host: localhost:1000, Connection: keep-alive, sec-ch-ua: "Not/A)Brand";v="8", "Chromium";v="126", "Google Chrome";v="126", sec-ch-ua-mobile: ?0, User-Agent: Mozilla/5.0 (Windows NT 10.0; Win64; x64) AppleWebKit/537.36 (KHTML, like Gecko) Chrome/126.0.0.0 Safari/537.36, sec-ch-ua-platform: "Windows", Accept: */*, Sec-Fetch-Site: same-origin, Sec-Fetch-Mode: cors, Sec-Fetch-Dest: empty, Referer: http://localhost:1000/test02, Accept-Encoding: gzip, deflate, br, zstd, Accept-Language: es-US,es;q=0.9,es-419;q=0.8,en;q=0.7, ]
240718221602277 Response.sendData()	INFO: GET /favicon.ico HTTP/1.1 || Host: localhost:1000 || Connection: keep-alive || sec-ch-ua: "Not/A)Brand";v="8", "Chromium";v="126", "Google Chrome";v="126" || sec-ch-ua-mobile: ?0 || User-Agent: Mozilla/5.0 (Windows NT 10.0; Win64; x64) AppleWebKit/537.36 (KHTML, like Gecko) Chrome/126.0.0.0 Safari/537.36 || sec-ch-ua-platform: "Windows" || Accept: */* || Sec-Fetch-Site: same-origin || Sec-Fetch-Mode: cors || Sec-Fetch-Dest: empty || Referer: http://localhost:1000/test02 || Accept-Encoding: gzip, deflate, br, zstd || Accept-Language: es-US,es;q=0.9,es-419;q=0.8,en;q=0.7 || 
240718221602277 Response.sendData()	INFO: requestContentType: 
240718221602278 Response.sendData()	INFO: GET /favicon.ico HTTP/1.1 
240718221602278 Response.sendData()	INFO:  Host: localhost:1000 
240718221602278 Response.sendData()	INFO:  
240718221602279 Response.sendData()	INFO: path: /favicon.ico
240718221602279 Response.sendData()	INFO: POST PARAMS : 
240718221602279 Response.sendData()	INFO: POST PAIRS MAP: {}
240718221602280 Response.sendData()	INFO: method: GET
240718221602280 Response.sendData()	INFO: path: /favicon.ico
240718221602280 Response.sendData()	INFO: NO SE ENCONTRÓ EL ARCHIVO SOLICITADO. (/favicon.ico)
240718221602281 Response.sendData()	INFO: fileContentType: application/octet-stream
240718221602281 Response.sendData()	INFO: extension: ico
240718221602282 Response.sendData()	INFO: fileContentType: application/octet-stream
240718221602282 Response.sendData()	INFO: GET: []
240718221602283 Response.sendData()	INFO: GET MAP: {}
240718221602283 Response.sendData()	INFO: POST PARAMS: 
240718221602283 Response.sendData()	INFO: POST PARAMS MAP: {}
240718221602283 Response.sendData()	INFO: POST PARAMS MAP`KEYS: []
240718221602284 Response.sendData()	INFO: NO SE ENCONTRÓ EL ARCHIVO SOLICITADO. (/favicon.ico)
240718221602285 ThreadServer.run()	INFO: (46) > Thread :: Time: 9 milliseconds
240718221602285 ThreadServer.run()	INFO: (46) > END #
240718221607297 ThreadServer.run()	INFO: (46) > Thread waiting for new client....
