240718215741211 ThreadServer.run()	INFO: (46) > Thread waiting for new client....
240718215747266 ThreadServer.run()	INFO: (46) > Thread Accepting connection >
240718215747267 Request.getData()	INFO: (46) request: [GET /favicon.ico HTTP/1.1, Host: localhost:1000, Connection: keep-alive, sec-ch-ua: "Not/A)Brand";v="8", "Chromium";v="126", "Google Chrome";v="126", sec-ch-ua-mobile: ?0, User-Agent: Mozilla/5.0 (Windows NT 10.0; Win64; x64) AppleWebKit/537.36 (KHTML, like Gecko) Chrome/126.0.0.0 Safari/537.36, sec-ch-ua-platform: "Windows", Accept: */*, Sec-Fetch-Site: same-origin, Sec-Fetch-Mode: cors, Sec-Fetch-Dest: empty, Referer: http://localhost:1000/test02/displayFields.cc8, Accept-Encoding: gzip, deflate, br, zstd, Accept-Language: es-US,es;q=0.9,es-419;q=0.8,en;q=0.7, ]
240718215747269 Response.sendData()	INFO: GET /favicon.ico HTTP/1.1 || Host: localhost:1000 || Connection: keep-alive || sec-ch-ua: "Not/A)Brand";v="8", "Chromium";v="126", "Google Chrome";v="126" || sec-ch-ua-mobile: ?0 || User-Agent: Mozilla/5.0 (Windows NT 10.0; Win64; x64) AppleWebKit/537.36 (KHTML, like Gecko) Chrome/126.0.0.0 Safari/537.36 || sec-ch-ua-platform: "Windows" || Accept: */* || Sec-Fetch-Site: same-origin || Sec-Fetch-Mode: cors || Sec-Fetch-Dest: empty || Referer: http://localhost:1000/test02/displayFields.cc8 || Accept-Encoding: gzip, deflate, br, zstd || Accept-Language: es-US,es;q=0.9,es-419;q=0.8,en;q=0.7 || 
240718215747271 Response.sendData()	INFO: requestContentType: 
240718215747271 Response.sendData()	INFO: GET /favicon.ico HTTP/1.1 
240718215747272 Response.sendData()	INFO:  Host: localhost:1000 
240718215747273 Response.sendData()	INFO:  
240718215747274 Response.sendData()	INFO: path: /favicon.ico
240718215747274 Response.sendData()	INFO: POST PARAMS : 
240718215747275 Response.sendData()	INFO: POST PAIRS MAP: {}
240718215747276 Response.sendData()	INFO: method: GET
240718215747276 Response.sendData()	INFO: path: /favicon.ico
240718215747277 Response.sendData()	INFO: NO SE ENCONTRÓ EL ARCHIVO SOLICITADO. (/favicon.ico)
240718215747278 Response.sendData()	INFO: fileContentType: application/octet-stream
240718215747278 Response.sendData()	INFO: extension: ico
240718215747279 Response.sendData()	INFO: fileContentType: application/octet-stream
240718215747280 Response.sendData()	INFO: GET: []
240718215747282 Response.sendData()	INFO: GET MAP: {}
240718215747283 Response.sendData()	INFO: POST PARAMS: 
240718215747284 Response.sendData()	INFO: POST PARAMS MAP: {}
240718215747284 Response.sendData()	INFO: POST PARAMS MAP`KEYS: []
240718215747285 Response.sendData()	INFO: NO SE ENCONTRÓ EL ARCHIVO SOLICITADO. (/favicon.ico)
240718215747287 ThreadServer.run()	INFO: (46) > Thread :: Time: 19 milliseconds
240718215747287 ThreadServer.run()	INFO: (46) > END #
240718215752289 ThreadServer.run()	INFO: (46) > Thread waiting for new client....
