240718201530987 ThreadServer.run()	INFO: (46) > Thread waiting for new client....
240718201538832 ThreadServer.run()	INFO: (46) > Thread Accepting connection >
240718201538839 Request.getData()	INFO: (46) request: [GET /test02 HTTP/1.1, Host: localhost:1000, Connection: keep-alive, sec-ch-ua: "Not/A)Brand";v="8", "Chromium";v="126", "Google Chrome";v="126", sec-ch-ua-mobile: ?0, sec-ch-ua-platform: "Windows", Upgrade-Insecure-Requests: 1, User-Agent: Mozilla/5.0 (Windows NT 10.0; Win64; x64) AppleWebKit/537.36 (KHTML, like Gecko) Chrome/126.0.0.0 Safari/537.36, Accept: text/html,application/xhtml+xml,application/xml;q=0.9,image/avif,image/webp,image/apng,*/*;q=0.8,application/signed-exchange;v=b3;q=0.7, Sec-Fetch-Site: same-origin, Sec-Fetch-Mode: navigate, Sec-Fetch-User: ?1, Sec-Fetch-Dest: document, Referer: http://localhost:1000/test02/displayFields.cc8, Accept-Encoding: gzip, deflate, br, zstd, Accept-Language: es-US,es;q=0.9,es-419;q=0.8,en;q=0.7, ]
240718201538850 Response.sendData()	INFO: GET /test02 HTTP/1.1 || Host: localhost:1000 || Connection: keep-alive || sec-ch-ua: "Not/A)Brand";v="8", "Chromium";v="126", "Google Chrome";v="126" || sec-ch-ua-mobile: ?0 || sec-ch-ua-platform: "Windows" || Upgrade-Insecure-Requests: 1 || User-Agent: Mozilla/5.0 (Windows NT 10.0; Win64; x64) AppleWebKit/537.36 (KHTML, like Gecko) Chrome/126.0.0.0 Safari/537.36 || Accept: text/html,application/xhtml+xml,application/xml;q=0.9,image/avif,image/webp,image/apng,*/*;q=0.8,application/signed-exchange;v=b3;q=0.7 || Sec-Fetch-Site: same-origin || Sec-Fetch-Mode: navigate || Sec-Fetch-User: ?1 || Sec-Fetch-Dest: document || Referer: http://localhost:1000/test02/displayFields.cc8 || Accept-Encoding: gzip, deflate, br, zstd || Accept-Language: es-US,es;q=0.9,es-419;q=0.8,en;q=0.7 || 
240718201538853 Response.sendData()	INFO: GET /test02 HTTP/1.1 
240718201538854 Response.sendData()	INFO:  Host: localhost:1000 
240718201538855 Response.sendData()	INFO:  
240718201538857 Response.sendData()	INFO: path: /test02
240718201538858 Response.sendData()	INFO: POST PARAMS : 
240718201538860 Response.sendData()	INFO: POST PAIRS MAP: {}
240718201538861 Response.sendData()	INFO: method: GET
240718201538862 Response.sendData()	INFO: path: /test02/index.html
240718201538877 Response.sendData()	INFO: fileContentType: text/html
240718201538879 Response.sendData()	INFO: extension: html
240718201538880 Response.sendData()	INFO: fileContentType: text/html
240718201538882 Response.sendData()	INFO: GET: []
240718201538883 Response.sendData()	INFO: GET MAP: {}
240718201538884 Response.sendData()	INFO: POST PARAMS: 
240718201538886 Response.sendData()	INFO: POST PARAMS MAP: {}
240718201538888 Response.sendData()	INFO: POST PARAMS MAP`KEYS: []
240718201538912 ThreadServer.run()	INFO: (46) > Thread :: Time: 68 milliseconds
240718201538914 ThreadServer.run()	INFO: (46) > END #
240718201543925 ThreadServer.run()	INFO: (46) > Thread waiting for new client....
