240718213650272 ThreadServer.run()	INFO: (46) > Thread waiting for new client....
240718213659880 ThreadServer.run()	INFO: (46) > Thread Accepting connection >
240718213659883 Request.getData()	INFO: (46) request: [GET /favicon.ico HTTP/1.1, Host: localhost:1000, Connection: keep-alive, sec-ch-ua: "Not/A)Brand";v="8", "Chromium";v="126", "Google Chrome";v="126", sec-ch-ua-mobile: ?0, User-Agent: Mozilla/5.0 (Windows NT 10.0; Win64; x64) AppleWebKit/537.36 (KHTML, like Gecko) Chrome/126.0.0.0 Safari/537.36, sec-ch-ua-platform: "Windows", Accept: */*, Sec-Fetch-Site: same-origin, Sec-Fetch-Mode: cors, Sec-Fetch-Dest: empty, Referer: http://localhost:1000/test02/displayFields.cc8?name=GET+-+text%2Fplain&email=lab02%40galileo.edu, Accept-Encoding: gzip, deflate, br, zstd, Accept-Language: es-US,es;q=0.9,es-419;q=0.8,en;q=0.7, ]
240718213659886 Response.sendData()	INFO: GET /favicon.ico HTTP/1.1 || Host: localhost:1000 || Connection: keep-alive || sec-ch-ua: "Not/A)Brand";v="8", "Chromium";v="126", "Google Chrome";v="126" || sec-ch-ua-mobile: ?0 || User-Agent: Mozilla/5.0 (Windows NT 10.0; Win64; x64) AppleWebKit/537.36 (KHTML, like Gecko) Chrome/126.0.0.0 Safari/537.36 || sec-ch-ua-platform: "Windows" || Accept: */* || Sec-Fetch-Site: same-origin || Sec-Fetch-Mode: cors || Sec-Fetch-Dest: empty || Referer: http://localhost:1000/test02/displayFields.cc8?name=GET+-+text%2Fplain&email=lab02%40galileo.edu || Accept-Encoding: gzip, deflate, br, zstd || Accept-Language: es-US,es;q=0.9,es-419;q=0.8,en;q=0.7 || 
240718213659888 Response.sendData()	INFO: GET /favicon.ico HTTP/1.1 
240718213659889 Response.sendData()	INFO:  Host: localhost:1000 
240718213659890 Response.sendData()	INFO:  
240718213659891 Response.sendData()	INFO: path: /favicon.ico
240718213659892 Response.sendData()	INFO: POST PARAMS : 
240718213659893 Response.sendData()	INFO: POST PAIRS MAP: {}
240718213659893 Response.sendData()	INFO: method: GET
240718213659894 Response.sendData()	INFO: path: /favicon.ico
240718213659895 Response.sendData()	INFO: NO SE ENCONTRÓ EL ARCHIVO SOLICITADO. (/favicon.ico)
240718213659896 Response.sendData()	INFO: fileContentType: application/octet-stream
240718213659897 Response.sendData()	INFO: extension: ico
240718213659897 Response.sendData()	INFO: fileContentType: application/octet-stream
240718213659899 Response.sendData()	INFO: GET: []
240718213659900 Response.sendData()	INFO: GET MAP: {}
240718213659901 Response.sendData()	INFO: POST PARAMS: 
240718213659901 Response.sendData()	INFO: POST PARAMS MAP: {}
240718213659902 Response.sendData()	INFO: POST PARAMS MAP`KEYS: []
240718213659903 Response.sendData()	INFO: NO SE ENCONTRÓ EL ARCHIVO SOLICITADO. (/favicon.ico)
240718213659904 ThreadServer.run()	INFO: (46) > Thread :: Time: 23 milliseconds
240718213659904 ThreadServer.run()	INFO: (46) > END #
240718213704906 ThreadServer.run()	INFO: (46) > Thread waiting for new client....
