240718221434203 ThreadServer.run()	INFO: (47) > Thread waiting for new client....
240718221454347 ThreadServer.run()	INFO: (47) > Thread Accepting connection >
240718221454348 Request.getData()	INFO: (47) request: [GET /favicon.ico HTTP/1.1, Host: localhost:1000, Connection: keep-alive, sec-ch-ua: "Not/A)Brand";v="8", "Chromium";v="126", "Google Chrome";v="126", sec-ch-ua-mobile: ?0, User-Agent: Mozilla/5.0 (Windows NT 10.0; Win64; x64) AppleWebKit/537.36 (KHTML, like Gecko) Chrome/126.0.0.0 Safari/537.36, sec-ch-ua-platform: "Windows", Accept: */*, Sec-Fetch-Site: same-origin, Sec-Fetch-Mode: cors, Sec-Fetch-Dest: empty, Referer: http://localhost:1000/test03/, Accept-Encoding: gzip, deflate, br, zstd, Accept-Language: es-US,es;q=0.9,es-419;q=0.8,en;q=0.7, ]
240718221454348 Response.sendData()	INFO: GET /favicon.ico HTTP/1.1 || Host: localhost:1000 || Connection: keep-alive || sec-ch-ua: "Not/A)Brand";v="8", "Chromium";v="126", "Google Chrome";v="126" || sec-ch-ua-mobile: ?0 || User-Agent: Mozilla/5.0 (Windows NT 10.0; Win64; x64) AppleWebKit/537.36 (KHTML, like Gecko) Chrome/126.0.0.0 Safari/537.36 || sec-ch-ua-platform: "Windows" || Accept: */* || Sec-Fetch-Site: same-origin || Sec-Fetch-Mode: cors || Sec-Fetch-Dest: empty || Referer: http://localhost:1000/test03/ || Accept-Encoding: gzip, deflate, br, zstd || Accept-Language: es-US,es;q=0.9,es-419;q=0.8,en;q=0.7 || 
240718221454349 Response.sendData()	INFO: requestContentType: 
240718221454349 Response.sendData()	INFO: GET /favicon.ico HTTP/1.1 
240718221454350 Response.sendData()	INFO:  Host: localhost:1000 
240718221454350 Response.sendData()	INFO:  
240718221454350 Response.sendData()	INFO: path: /favicon.ico
240718221454351 Response.sendData()	INFO: POST PARAMS : 
240718221454351 Response.sendData()	INFO: POST PAIRS MAP: {}
240718221454352 Response.sendData()	INFO: method: GET
240718221454352 Response.sendData()	INFO: path: /favicon.ico
240718221454353 Response.sendData()	INFO: NO SE ENCONTRÓ EL ARCHIVO SOLICITADO. (/favicon.ico)
240718221454353 Response.sendData()	INFO: fileContentType: application/octet-stream
240718221454354 Response.sendData()	INFO: extension: ico
240718221454354 Response.sendData()	INFO: fileContentType: application/octet-stream
240718221454355 Response.sendData()	INFO: GET: []
240718221454355 Response.sendData()	INFO: GET MAP: {}
240718221454356 Response.sendData()	INFO: POST PARAMS: 
240718221454356 Response.sendData()	INFO: POST PARAMS MAP: {}
240718221454356 Response.sendData()	INFO: POST PARAMS MAP`KEYS: []
240718221454357 Response.sendData()	INFO: NO SE ENCONTRÓ EL ARCHIVO SOLICITADO. (/favicon.ico)
240718221454357 ThreadServer.run()	INFO: (47) > Thread :: Time: 10 milliseconds
240718221454358 ThreadServer.run()	INFO: (47) > END #
240718221459365 ThreadServer.run()	INFO: (47) > Thread waiting for new client....
240718221541304 ThreadServer.run()	INFO: (47) > Thread Accepting connection >
240718221541305 Request.getData()	INFO: (47) request: [GET /test03/assets/img/logo.png HTTP/1.1, Host: localhost:1000, Connection: keep-alive, sec-ch-ua: "Not/A)Brand";v="8", "Chromium";v="126", "Google Chrome";v="126", sec-ch-ua-mobile: ?0, User-Agent: Mozilla/5.0 (Windows NT 10.0; Win64; x64) AppleWebKit/537.36 (KHTML, like Gecko) Chrome/126.0.0.0 Safari/537.36, sec-ch-ua-platform: "Windows", Accept: image/avif,image/webp,image/apng,image/svg+xml,image/*,*/*;q=0.8, Sec-Fetch-Site: same-origin, Sec-Fetch-Mode: no-cors, Sec-Fetch-Dest: image, Referer: http://localhost:1000/test03/blog.html, Accept-Encoding: gzip, deflate, br, zstd, Accept-Language: es-US,es;q=0.9,es-419;q=0.8,en;q=0.7, ]
240718221541306 Response.sendData()	INFO: GET /test03/assets/img/logo.png HTTP/1.1 || Host: localhost:1000 || Connection: keep-alive || sec-ch-ua: "Not/A)Brand";v="8", "Chromium";v="126", "Google Chrome";v="126" || sec-ch-ua-mobile: ?0 || User-Agent: Mozilla/5.0 (Windows NT 10.0; Win64; x64) AppleWebKit/537.36 (KHTML, like Gecko) Chrome/126.0.0.0 Safari/537.36 || sec-ch-ua-platform: "Windows" || Accept: image/avif,image/webp,image/apng,image/svg+xml,image/*,*/*;q=0.8 || Sec-Fetch-Site: same-origin || Sec-Fetch-Mode: no-cors || Sec-Fetch-Dest: image || Referer: http://localhost:1000/test03/blog.html || Accept-Encoding: gzip, deflate, br, zstd || Accept-Language: es-US,es;q=0.9,es-419;q=0.8,en;q=0.7 || 
240718221541307 Response.sendData()	INFO: requestContentType: 
240718221541307 Response.sendData()	INFO: GET /test03/assets/img/logo.png HTTP/1.1 
240718221541308 Response.sendData()	INFO:  Host: localhost:1000 
240718221541308 Response.sendData()	INFO:  
240718221541308 Response.sendData()	INFO: path: /test03/assets/img/logo.png
240718221541309 Response.sendData()	INFO: POST PARAMS : 
240718221541309 Response.sendData()	INFO: POST PAIRS MAP: {}
240718221541309 Response.sendData()	INFO: method: GET
240718221541309 Response.sendData()	INFO: path: /test03/assets/img/logo.png
240718221541310 Response.sendData()	INFO: fileContentType: image/png
240718221541310 Response.sendData()	INFO: extension: png
240718221541310 Response.sendData()	INFO: fileContentType: image/png
240718221541311 Response.sendData()	INFO: GET: []
240718221541311 Response.sendData()	INFO: GET MAP: {}
240718221541311 Response.sendData()	INFO: POST PARAMS: 
240718221541311 Response.sendData()	INFO: POST PARAMS MAP: {}
240718221541312 Response.sendData()	INFO: POST PARAMS MAP`KEYS: []
240718221541313 ThreadServer.run()	INFO: (47) > Thread :: Time: 7 milliseconds
240718221541313 ThreadServer.run()	INFO: (47) > END #
240718221546327 ThreadServer.run()	INFO: (47) > Thread waiting for new client....
240718221607521 ThreadServer.run()	INFO: (47) > Thread Accepting connection >
240718221607521 Request.getData()	INFO: (47) request: [GET /test02 HTTP/1.1, Host: localhost:1000, Connection: keep-alive, sec-ch-ua: "Not/A)Brand";v="8", "Chromium";v="126", "Google Chrome";v="126", sec-ch-ua-mobile: ?0, sec-ch-ua-platform: "Windows", Upgrade-Insecure-Requests: 1, User-Agent: Mozilla/5.0 (Windows NT 10.0; Win64; x64) AppleWebKit/537.36 (KHTML, like Gecko) Chrome/126.0.0.0 Safari/537.36, Accept: text/html,application/xhtml+xml,application/xml;q=0.9,image/avif,image/webp,image/apng,*/*;q=0.8,application/signed-exchange;v=b3;q=0.7, Sec-Fetch-Site: same-origin, Sec-Fetch-Mode: navigate, Sec-Fetch-User: ?1, Sec-Fetch-Dest: document, Referer: http://localhost:1000/test02/displayFields.cc8, Accept-Encoding: gzip, deflate, br, zstd, Accept-Language: es-US,es;q=0.9,es-419;q=0.8,en;q=0.7, ]
240718221607521 Response.sendData()	INFO: GET /test02 HTTP/1.1 || Host: localhost:1000 || Connection: keep-alive || sec-ch-ua: "Not/A)Brand";v="8", "Chromium";v="126", "Google Chrome";v="126" || sec-ch-ua-mobile: ?0 || sec-ch-ua-platform: "Windows" || Upgrade-Insecure-Requests: 1 || User-Agent: Mozilla/5.0 (Windows NT 10.0; Win64; x64) AppleWebKit/537.36 (KHTML, like Gecko) Chrome/126.0.0.0 Safari/537.36 || Accept: text/html,application/xhtml+xml,application/xml;q=0.9,image/avif,image/webp,image/apng,*/*;q=0.8,application/signed-exchange;v=b3;q=0.7 || Sec-Fetch-Site: same-origin || Sec-Fetch-Mode: navigate || Sec-Fetch-User: ?1 || Sec-Fetch-Dest: document || Referer: http://localhost:1000/test02/displayFields.cc8 || Accept-Encoding: gzip, deflate, br, zstd || Accept-Language: es-US,es;q=0.9,es-419;q=0.8,en;q=0.7 || 
240718221607522 Response.sendData()	INFO: requestContentType: 
240718221607522 Response.sendData()	INFO: GET /test02 HTTP/1.1 
240718221607522 Response.sendData()	INFO:  Host: localhost:1000 
240718221607522 Response.sendData()	INFO:  
240718221607523 Response.sendData()	INFO: path: /test02
240718221607523 Response.sendData()	INFO: POST PARAMS : 
240718221607523 Response.sendData()	INFO: POST PAIRS MAP: {}
240718221607523 Response.sendData()	INFO: method: GET
240718221607523 Response.sendData()	INFO: path: /test02/index.html
240718221607524 Response.sendData()	INFO: fileContentType: text/html
240718221607524 Response.sendData()	INFO: extension: html
240718221607524 Response.sendData()	INFO: fileContentType: text/html
240718221607524 Response.sendData()	INFO: GET: []
240718221607524 Response.sendData()	INFO: GET MAP: {}
240718221607525 Response.sendData()	INFO: POST PARAMS: 
240718221607525 Response.sendData()	INFO: POST PARAMS MAP: {}
240718221607525 Response.sendData()	INFO: POST PARAMS MAP`KEYS: []
240718221607525 ThreadServer.run()	INFO: (47) > Thread :: Time: 4 milliseconds
240718221607526 ThreadServer.run()	INFO: (47) > END #
240718221612540 ThreadServer.run()	INFO: (47) > Thread waiting for new client....
