240718220012736 ThreadServer.run()	INFO: (47) > Thread waiting for new client....
240718220014596 ThreadServer.run()	INFO: (47) > Thread Accepting connection >
240718220014611 Request.getData()	INFO: (47) request: [GET /test02 HTTP/1.1, Host: localhost:1000, Connection: keep-alive, sec-ch-ua: "Not/A)Brand";v="8", "Chromium";v="126", "Google Chrome";v="126", sec-ch-ua-mobile: ?0, sec-ch-ua-platform: "Windows", Upgrade-Insecure-Requests: 1, User-Agent: Mozilla/5.0 (Windows NT 10.0; Win64; x64) AppleWebKit/537.36 (KHTML, like Gecko) Chrome/126.0.0.0 Safari/537.36, Accept: text/html,application/xhtml+xml,application/xml;q=0.9,image/avif,image/webp,image/apng,*/*;q=0.8,application/signed-exchange;v=b3;q=0.7, Sec-Fetch-Site: same-origin, Sec-Fetch-Mode: navigate, Sec-Fetch-User: ?1, Sec-Fetch-Dest: document, Referer: http://localhost:1000/test02/displayFields.cc8, Accept-Encoding: gzip, deflate, br, zstd, Accept-Language: es-US,es;q=0.9,es-419;q=0.8,en;q=0.7, ]
240718220014618 Response.sendData()	INFO: GET /test02 HTTP/1.1 || Host: localhost:1000 || Connection: keep-alive || sec-ch-ua: "Not/A)Brand";v="8", "Chromium";v="126", "Google Chrome";v="126" || sec-ch-ua-mobile: ?0 || sec-ch-ua-platform: "Windows" || Upgrade-Insecure-Requests: 1 || User-Agent: Mozilla/5.0 (Windows NT 10.0; Win64; x64) AppleWebKit/537.36 (KHTML, like Gecko) Chrome/126.0.0.0 Safari/537.36 || Accept: text/html,application/xhtml+xml,application/xml;q=0.9,image/avif,image/webp,image/apng,*/*;q=0.8,application/signed-exchange;v=b3;q=0.7 || Sec-Fetch-Site: same-origin || Sec-Fetch-Mode: navigate || Sec-Fetch-User: ?1 || Sec-Fetch-Dest: document || Referer: http://localhost:1000/test02/displayFields.cc8 || Accept-Encoding: gzip, deflate, br, zstd || Accept-Language: es-US,es;q=0.9,es-419;q=0.8,en;q=0.7 || 
240718220014620 Response.sendData()	INFO: requestContentType: 
240718220014622 Response.sendData()	INFO: GET /test02 HTTP/1.1 
240718220014624 Response.sendData()	INFO:  Host: localhost:1000 
240718220014625 Response.sendData()	INFO:  
240718220014626 Response.sendData()	INFO: path: /test02
240718220014628 Response.sendData()	INFO: POST PARAMS : 
240718220014630 Response.sendData()	INFO: POST PAIRS MAP: {}
240718220014632 Response.sendData()	INFO: method: GET
240718220014633 Response.sendData()	INFO: path: /test02/index.html
240718220014672 Response.sendData()	INFO: fileContentType: text/html
240718220014674 Response.sendData()	INFO: extension: html
240718220014676 Response.sendData()	INFO: fileContentType: text/html
240718220014679 Response.sendData()	INFO: GET: []
240718220014680 Response.sendData()	INFO: GET MAP: {}
240718220014683 Response.sendData()	INFO: POST PARAMS: 
240718220014684 Response.sendData()	INFO: POST PARAMS MAP: {}
240718220014687 Response.sendData()	INFO: POST PARAMS MAP`KEYS: []
240718220014723 ThreadServer.run()	INFO: (47) > Thread :: Time: 111 milliseconds
240718220014725 ThreadServer.run()	INFO: (47) > END #
240718220019740 ThreadServer.run()	INFO: (47) > Thread waiting for new client....
