240724182147388 ThreadServer.run()	INFO: (47) > Thread waiting for new client....
240724182746357 ThreadServer.run()	INFO: (47) > Thread Accepting connection >
240724182746359 Request.getData()	INFO: (47) request: [GET / HTTP/1.1, Host: localhost:1000, Connection: keep-alive, sec-ch-ua: "Not/A)Brand";v="8", "Chromium";v="126", "Google Chrome";v="126", sec-ch-ua-mobile: ?0, sec-ch-ua-platform: "Windows", Upgrade-Insecure-Requests: 1, User-Agent: Mozilla/5.0 (Windows NT 10.0; Win64; x64) AppleWebKit/537.36 (KHTML, like Gecko) Chrome/126.0.0.0 Safari/537.36, Accept: text/html,application/xhtml+xml,application/xml;q=0.9,image/avif,image/webp,image/apng,*/*;q=0.8,application/signed-exchange;v=b3;q=0.7, Sec-Fetch-Site: same-origin, Sec-Fetch-Mode: navigate, Sec-Fetch-User: ?1, Sec-Fetch-Dest: document, Referer: http://localhost:1000/test02, Accept-Encoding: gzip, deflate, br, zstd, Accept-Language: es-US,es;q=0.9,es-419;q=0.8,en;q=0.7, ]
240724182746363 Response.sendData()	INFO: GET / HTTP/1.1 || Host: localhost:1000 || Connection: keep-alive || sec-ch-ua: "Not/A)Brand";v="8", "Chromium";v="126", "Google Chrome";v="126" || sec-ch-ua-mobile: ?0 || sec-ch-ua-platform: "Windows" || Upgrade-Insecure-Requests: 1 || User-Agent: Mozilla/5.0 (Windows NT 10.0; Win64; x64) AppleWebKit/537.36 (KHTML, like Gecko) Chrome/126.0.0.0 Safari/537.36 || Accept: text/html,application/xhtml+xml,application/xml;q=0.9,image/avif,image/webp,image/apng,*/*;q=0.8,application/signed-exchange;v=b3;q=0.7 || Sec-Fetch-Site: same-origin || Sec-Fetch-Mode: navigate || Sec-Fetch-User: ?1 || Sec-Fetch-Dest: document || Referer: http://localhost:1000/test02 || Accept-Encoding: gzip, deflate, br, zstd || Accept-Language: es-US,es;q=0.9,es-419;q=0.8,en;q=0.7 || 
240724182746367 Response.sendData()	INFO: requestContentType: 
240724182746368 Response.sendData()	INFO: GET / HTTP/1.1 
240724182746369 Response.sendData()	INFO:  Host: localhost:1000 
240724182746370 Response.sendData()	INFO:  
240724182746371 Response.sendData()	INFO: path: /
240724182746372 Response.sendData()	INFO: POST PARAMS : 
240724182746373 Response.sendData()	INFO: POST PAIRS MAP: {}
240724182746375 Response.sendData()	INFO: method: GET
240724182746376 Response.sendData()	INFO: path: /index.html
240724182746377 Response.sendData()	INFO: fileContentType: text/html
240724182746378 Response.sendData()	INFO: extension: html
240724182746379 Response.sendData()	INFO: fileContentType: text/html
240724182746380 Response.sendData()	INFO: GET: []
240724182746382 Response.sendData()	INFO: GET MAP: {}
240724182746383 Response.sendData()	INFO: POST PARAMS: 
240724182746384 Response.sendData()	INFO: POST PARAMS MAP: {}
240724182746385 Response.sendData()	INFO: POST PARAMS MAP`KEYS: []
240724182746388 ThreadServer.run()	INFO: (47) > Thread :: Time: 30 milliseconds
240724182746390 ThreadServer.run()	INFO: (47) > END #
240724182751395 ThreadServer.run()	INFO: (47) > Thread waiting for new client....
240724182759396 ThreadServer.run()	INFO: (47) > Thread Accepting connection >
240724182759402 Request.getData()	INFO: (47) request: [GET /test03/assets/fonts/ionicons.ttf?v=2.0.0 HTTP/1.1, Host: localhost:1000, Connection: keep-alive, sec-ch-ua: "Not/A)Brand";v="8", "Chromium";v="126", "Google Chrome";v="126", Origin: http://localhost:1000, sec-ch-ua-mobile: ?0, User-Agent: Mozilla/5.0 (Windows NT 10.0; Win64; x64) AppleWebKit/537.36 (KHTML, like Gecko) Chrome/126.0.0.0 Safari/537.36, sec-ch-ua-platform: "Windows", Accept: */*, Sec-Fetch-Site: same-origin, Sec-Fetch-Mode: cors, Sec-Fetch-Dest: font, Referer: http://localhost:1000/test03/assets/css/ionicons.min.css, Accept-Encoding: gzip, deflate, br, zstd, Accept-Language: es-US,es;q=0.9,es-419;q=0.8,en;q=0.7, ]
240724182759408 Response.sendData()	INFO: GET /test03/assets/fonts/ionicons.ttf?v=2.0.0 HTTP/1.1 || Host: localhost:1000 || Connection: keep-alive || sec-ch-ua: "Not/A)Brand";v="8", "Chromium";v="126", "Google Chrome";v="126" || Origin: http://localhost:1000 || sec-ch-ua-mobile: ?0 || User-Agent: Mozilla/5.0 (Windows NT 10.0; Win64; x64) AppleWebKit/537.36 (KHTML, like Gecko) Chrome/126.0.0.0 Safari/537.36 || sec-ch-ua-platform: "Windows" || Accept: */* || Sec-Fetch-Site: same-origin || Sec-Fetch-Mode: cors || Sec-Fetch-Dest: font || Referer: http://localhost:1000/test03/assets/css/ionicons.min.css || Accept-Encoding: gzip, deflate, br, zstd || Accept-Language: es-US,es;q=0.9,es-419;q=0.8,en;q=0.7 || 
240724182759414 Response.sendData()	INFO: requestContentType: 
240724182759429 Response.sendData()	INFO: GET /test03/assets/fonts/ionicons.ttf?v=2.0.0 HTTP/1.1 
240724182759449 Response.sendData()	INFO:  Host: localhost:1000 
240724182759470 Response.sendData()	INFO:  
240724182759471 Response.sendData()	INFO: path: /test03/assets/fonts/ionicons.ttf?v=2.0.0
240724182759472 Response.sendData()	INFO: POST PARAMS : 
240724182759473 Response.sendData()	INFO: POST PAIRS MAP: {}
240724182759474 Response.sendData()	INFO: method: GET
240724182759475 Response.sendData()	INFO: path: /test03/assets/fonts/ionicons.ttf
240724182759479 Response.sendData()	INFO: fileContentType: application/octet-stream
240724182759510 Response.sendData()	INFO: extension: ttf
240724182759512 Response.sendData()	INFO: fileContentType: application/octet-stream
240724182759524 Response.sendData()	INFO: GET: [v=2.0.0]
240724182759531 Response.sendData()	INFO: GET MAP: {v=2.0.0}
240724182759570 Response.sendData()	INFO: POST PARAMS: 
240724182759576 Response.sendData()	INFO: POST PARAMS MAP: {}
240724182759594 Response.sendData()	INFO: POST PARAMS MAP`KEYS: []
240724182759610 ThreadServer.run()	INFO: (47) > Thread :: Time: 209 milliseconds
240724182759619 ThreadServer.run()	INFO: (47) > END #
240724182804647 ThreadServer.run()	INFO: (47) > Thread waiting for new client....
