240718182739070 ThreadServer.run()	INFO: (48) > Thread waiting for new client....
240718182746212 ThreadServer.run()	INFO: (48) > Thread Accepting connection >
240718182746213 Request.getData()	INFO: (48) request: [GET /favicon.ico HTTP/1.1, Host: localhost:1000, Connection: keep-alive, sec-ch-ua: "Not/A)Brand";v="8", "Chromium";v="126", "Google Chrome";v="126", sec-ch-ua-mobile: ?0, User-Agent: Mozilla/5.0 (Windows NT 10.0; Win64; x64) AppleWebKit/537.36 (KHTML, like Gecko) Chrome/126.0.0.0 Safari/537.36, sec-ch-ua-platform: "Windows", Accept: */*, Sec-Fetch-Site: same-origin, Sec-Fetch-Mode: cors, Sec-Fetch-Dest: empty, Referer: http://localhost:1000/test02/displayFields.cc8?name=GET+-+text%2Fplain&email=lab02%40galileo.edu, Accept-Encoding: gzip, deflate, br, zstd, Accept-Language: es-US,es;q=0.9,es-419;q=0.8,en;q=0.7, ]
240718182746215 Response.sendData()	INFO: GET /favicon.ico HTTP/1.1 || Host: localhost:1000 || Connection: keep-alive || sec-ch-ua: "Not/A)Brand";v="8", "Chromium";v="126", "Google Chrome";v="126" || sec-ch-ua-mobile: ?0 || User-Agent: Mozilla/5.0 (Windows NT 10.0; Win64; x64) AppleWebKit/537.36 (KHTML, like Gecko) Chrome/126.0.0.0 Safari/537.36 || sec-ch-ua-platform: "Windows" || Accept: */* || Sec-Fetch-Site: same-origin || Sec-Fetch-Mode: cors || Sec-Fetch-Dest: empty || Referer: http://localhost:1000/test02/displayFields.cc8?name=GET+-+text%2Fplain&email=lab02%40galileo.edu || Accept-Encoding: gzip, deflate, br, zstd || Accept-Language: es-US,es;q=0.9,es-419;q=0.8,en;q=0.7 || 
240718182746216 Response.sendData()	INFO: GET /favicon.ico HTTP/1.1 
240718182746217 Response.sendData()	INFO:  Host: localhost:1000 
240718182746217 Response.sendData()	INFO:  
240718182746218 Response.sendData()	INFO: path: /favicon.ico
240718182746219 Response.sendData()	INFO: POST PARAMS :  
240718182746220 Response.sendData()	INFO: POST PAIRS MAP: {}
240718182746221 Response.sendData()	INFO: method: GET
240718182746221 Response.sendData()	INFO: path: /favicon.ico
240718182746223 Response.sendData()	INFO: NO SE ENCONTRÓ EL ARCHIVO SOLICITADO. (/favicon.ico)
240718182746223 Response.sendData()	INFO: fileContentType: application/octet-stream
240718182746224 Response.sendData()	INFO: extension: ico
240718182746225 Response.sendData()	INFO: fileContentType: application/octet-stream
240718182746225 Response.sendData()	INFO: GET: []
240718182746225 Response.sendData()	INFO: GET MAP: {}
240718182746226 Response.sendData()	INFO: POST PARAMS:  
240718182746227 Response.sendData()	INFO: POST PARAMS MAP: {}
240718182746228 Response.sendData()	INFO: NO SE ENCONTRÓ EL ARCHIVO SOLICITADO. (/favicon.ico)
240718182746230 ThreadServer.run()	INFO: (48) > Thread :: Time: 17 milliseconds
240718182746231 ThreadServer.run()	INFO: (48) > END #
240718182751244 ThreadServer.run()	INFO: (48) > Thread waiting for new client....
