240718182506593 ThreadServer.run()	INFO: (49) > Thread waiting for new client....
240718182509121 ThreadServer.run()	INFO: (49) > Thread Accepting connection >
240718182509123 Request.getData()	INFO: (49) request: [GET /favicon.ico HTTP/1.1, Host: localhost:1000, Connection: keep-alive, sec-ch-ua: "Not/A)Brand";v="8", "Chromium";v="126", "Google Chrome";v="126", sec-ch-ua-mobile: ?0, User-Agent: Mozilla/5.0 (Windows NT 10.0; Win64; x64) AppleWebKit/537.36 (KHTML, like Gecko) Chrome/126.0.0.0 Safari/537.36, sec-ch-ua-platform: "Windows", Accept: image/avif,image/webp,image/apng,image/svg+xml,image/*,*/*;q=0.8, Sec-Fetch-Site: same-origin, Sec-Fetch-Mode: no-cors, Sec-Fetch-Dest: image, Referer: http://localhost:1000/test02/, Accept-Encoding: gzip, deflate, br, zstd, Accept-Language: es-US,es;q=0.9,es-419;q=0.8,en;q=0.7, ]
240718182509126 Response.sendData()	INFO: GET /favicon.ico HTTP/1.1 || Host: localhost:1000 || Connection: keep-alive || sec-ch-ua: "Not/A)Brand";v="8", "Chromium";v="126", "Google Chrome";v="126" || sec-ch-ua-mobile: ?0 || User-Agent: Mozilla/5.0 (Windows NT 10.0; Win64; x64) AppleWebKit/537.36 (KHTML, like Gecko) Chrome/126.0.0.0 Safari/537.36 || sec-ch-ua-platform: "Windows" || Accept: image/avif,image/webp,image/apng,image/svg+xml,image/*,*/*;q=0.8 || Sec-Fetch-Site: same-origin || Sec-Fetch-Mode: no-cors || Sec-Fetch-Dest: image || Referer: http://localhost:1000/test02/ || Accept-Encoding: gzip, deflate, br, zstd || Accept-Language: es-US,es;q=0.9,es-419;q=0.8,en;q=0.7 || 
240718182509128 Response.sendData()	INFO: GET /favicon.ico HTTP/1.1 
240718182509129 Response.sendData()	INFO:  Host: localhost:1000 
240718182509130 Response.sendData()	INFO:  
240718182509131 Response.sendData()	INFO: path: /favicon.ico
240718182509134 Response.sendData()	INFO: POST PARAMS :  
240718182509138 Response.sendData()	INFO: POST PAIRS MAP: {}
240718182509140 Response.sendData()	INFO: method: GET
240718182509141 Response.sendData()	INFO: path: /favicon.ico
240718182509142 Response.sendData()	INFO: NO SE ENCONTRÓ EL ARCHIVO SOLICITADO. (/favicon.ico)
240718182509143 Response.sendData()	INFO: fileContentType: application/octet-stream
240718182509144 Response.sendData()	INFO: extension: ico
240718182509145 Response.sendData()	INFO: fileContentType: application/octet-stream
240718182509146 Response.sendData()	INFO: GET: []
240718182509147 Response.sendData()	INFO: GET MAP: {}
240718182509149 Response.sendData()	INFO: POST PARAMS :  
240718182509151 Response.sendData()	INFO: NO SE ENCONTRÓ EL ARCHIVO SOLICITADO. (/favicon.ico)
240718182509153 ThreadServer.run()	INFO: (49) > Thread :: Time: 31 milliseconds
240718182509155 ThreadServer.run()	INFO: (49) > END #
240718182514165 ThreadServer.run()	INFO: (49) > Thread waiting for new client....
