240718221434228 ThreadServer.run()	INFO: (49) > Thread waiting for new client....
240718221453263 ThreadServer.run()	INFO: (49) > Thread Accepting connection >
240718221453267 Request.getData()	INFO: (49) request: [GET /test03/assets/css/magnific-popup.css HTTP/1.1, Host: localhost:1000, Connection: keep-alive, sec-ch-ua: "Not/A)Brand";v="8", "Chromium";v="126", "Google Chrome";v="126", sec-ch-ua-mobile: ?0, User-Agent: Mozilla/5.0 (Windows NT 10.0; Win64; x64) AppleWebKit/537.36 (KHTML, like Gecko) Chrome/126.0.0.0 Safari/537.36, sec-ch-ua-platform: "Windows", Accept: text/css,*/*;q=0.1, Sec-Fetch-Site: same-origin, Sec-Fetch-Mode: no-cors, Sec-Fetch-Dest: style, Referer: http://localhost:1000/test03/, Accept-Encoding: gzip, deflate, br, zstd, Accept-Language: es-US,es;q=0.9,es-419;q=0.8,en;q=0.7, ]
240718221453270 Response.sendData()	INFO: GET /test03/assets/css/magnific-popup.css HTTP/1.1 || Host: localhost:1000 || Connection: keep-alive || sec-ch-ua: "Not/A)Brand";v="8", "Chromium";v="126", "Google Chrome";v="126" || sec-ch-ua-mobile: ?0 || User-Agent: Mozilla/5.0 (Windows NT 10.0; Win64; x64) AppleWebKit/537.36 (KHTML, like Gecko) Chrome/126.0.0.0 Safari/537.36 || sec-ch-ua-platform: "Windows" || Accept: text/css,*/*;q=0.1 || Sec-Fetch-Site: same-origin || Sec-Fetch-Mode: no-cors || Sec-Fetch-Dest: style || Referer: http://localhost:1000/test03/ || Accept-Encoding: gzip, deflate, br, zstd || Accept-Language: es-US,es;q=0.9,es-419;q=0.8,en;q=0.7 || 
240718221453273 Response.sendData()	INFO: requestContentType: 
240718221453274 Response.sendData()	INFO: GET /test03/assets/css/magnific-popup.css HTTP/1.1 
240718221453274 Response.sendData()	INFO:  Host: localhost:1000 
240718221453275 Response.sendData()	INFO:  
240718221453276 Response.sendData()	INFO: path: /test03/assets/css/magnific-popup.css
240718221453276 Response.sendData()	INFO: POST PARAMS : 
240718221453277 Response.sendData()	INFO: POST PAIRS MAP: {}
240718221453278 Response.sendData()	INFO: method: GET
240718221453279 Response.sendData()	INFO: path: /test03/assets/css/magnific-popup.css
240718221453281 Response.sendData()	INFO: fileContentType: text/css
240718221453282 Response.sendData()	INFO: extension: css
240718221453283 Response.sendData()	INFO: fileContentType: text/css
240718221453284 Response.sendData()	INFO: GET: []
240718221453284 Response.sendData()	INFO: GET MAP: {}
240718221453285 Response.sendData()	INFO: POST PARAMS: 
240718221453286 Response.sendData()	INFO: POST PARAMS MAP: {}
240718221453289 Response.sendData()	INFO: POST PARAMS MAP`KEYS: []
240718221453290 ThreadServer.run()	INFO: (49) > Thread :: Time: 24 milliseconds
240718221453291 ThreadServer.run()	INFO: (49) > END #
240718221458296 ThreadServer.run()	INFO: (49) > Thread waiting for new client....
240718221505381 ThreadServer.run()	INFO: (49) > Thread Accepting connection >
240718221505383 Request.getData()	INFO: (49) request: [GET /test03/assets/js/imgloaded.js HTTP/1.1, Host: localhost:1000, Connection: keep-alive, sec-ch-ua: "Not/A)Brand";v="8", "Chromium";v="126", "Google Chrome";v="126", sec-ch-ua-mobile: ?0, User-Agent: Mozilla/5.0 (Windows NT 10.0; Win64; x64) AppleWebKit/537.36 (KHTML, like Gecko) Chrome/126.0.0.0 Safari/537.36, sec-ch-ua-platform: "Windows", Accept: */*, Sec-Fetch-Site: same-origin, Sec-Fetch-Mode: no-cors, Sec-Fetch-Dest: script, Referer: http://localhost:1000/test03/contact.html, Accept-Encoding: gzip, deflate, br, zstd, Accept-Language: es-US,es;q=0.9,es-419;q=0.8,en;q=0.7, ]
240718221505392 Response.sendData()	INFO: GET /test03/assets/js/imgloaded.js HTTP/1.1 || Host: localhost:1000 || Connection: keep-alive || sec-ch-ua: "Not/A)Brand";v="8", "Chromium";v="126", "Google Chrome";v="126" || sec-ch-ua-mobile: ?0 || User-Agent: Mozilla/5.0 (Windows NT 10.0; Win64; x64) AppleWebKit/537.36 (KHTML, like Gecko) Chrome/126.0.0.0 Safari/537.36 || sec-ch-ua-platform: "Windows" || Accept: */* || Sec-Fetch-Site: same-origin || Sec-Fetch-Mode: no-cors || Sec-Fetch-Dest: script || Referer: http://localhost:1000/test03/contact.html || Accept-Encoding: gzip, deflate, br, zstd || Accept-Language: es-US,es;q=0.9,es-419;q=0.8,en;q=0.7 || 
240718221505395 Response.sendData()	INFO: requestContentType: 
240718221505395 Response.sendData()	INFO: GET /test03/assets/js/imgloaded.js HTTP/1.1 
240718221505399 Response.sendData()	INFO:  Host: localhost:1000 
240718221505401 Response.sendData()	INFO:  
240718221505406 Response.sendData()	INFO: path: /test03/assets/js/imgloaded.js
240718221505412 Response.sendData()	INFO: POST PARAMS : 
240718221505414 Response.sendData()	INFO: POST PAIRS MAP: {}
240718221505414 Response.sendData()	INFO: method: GET
240718221505418 Response.sendData()	INFO: path: /test03/assets/js/imgloaded.js
240718221505422 Response.sendData()	INFO: fileContentType: text/javascript
240718221505424 Response.sendData()	INFO: extension: js
240718221505426 Response.sendData()	INFO: fileContentType: text/javascript
240718221505428 Response.sendData()	INFO: GET: []
240718221505429 Response.sendData()	INFO: GET MAP: {}
240718221505433 Response.sendData()	INFO: POST PARAMS: 
240718221505440 Response.sendData()	INFO: POST PARAMS MAP: {}
240718221505443 Response.sendData()	INFO: POST PARAMS MAP`KEYS: []
240718221505445 ThreadServer.run()	INFO: (49) > Thread :: Time: 63 milliseconds
240718221505459 ThreadServer.run()	INFO: (49) > END #
240718221510491 ThreadServer.run()	INFO: (49) > Thread waiting for new client....
240718221541527 ThreadServer.run()	INFO: (49) > Thread Accepting connection >
240718221541530 Request.getData()	INFO: (49) request: [GET /test03/assets/img/blog/blog3.png HTTP/1.1, Host: localhost:1000, Connection: keep-alive, sec-ch-ua: "Not/A)Brand";v="8", "Chromium";v="126", "Google Chrome";v="126", sec-ch-ua-mobile: ?0, User-Agent: Mozilla/5.0 (Windows NT 10.0; Win64; x64) AppleWebKit/537.36 (KHTML, like Gecko) Chrome/126.0.0.0 Safari/537.36, sec-ch-ua-platform: "Windows", Accept: image/avif,image/webp,image/apng,image/svg+xml,image/*,*/*;q=0.8, Sec-Fetch-Site: same-origin, Sec-Fetch-Mode: no-cors, Sec-Fetch-Dest: image, Referer: http://localhost:1000/test03/blog.html, Accept-Encoding: gzip, deflate, br, zstd, Accept-Language: es-US,es;q=0.9,es-419;q=0.8,en;q=0.7, ]
240718221541531 Response.sendData()	INFO: GET /test03/assets/img/blog/blog3.png HTTP/1.1 || Host: localhost:1000 || Connection: keep-alive || sec-ch-ua: "Not/A)Brand";v="8", "Chromium";v="126", "Google Chrome";v="126" || sec-ch-ua-mobile: ?0 || User-Agent: Mozilla/5.0 (Windows NT 10.0; Win64; x64) AppleWebKit/537.36 (KHTML, like Gecko) Chrome/126.0.0.0 Safari/537.36 || sec-ch-ua-platform: "Windows" || Accept: image/avif,image/webp,image/apng,image/svg+xml,image/*,*/*;q=0.8 || Sec-Fetch-Site: same-origin || Sec-Fetch-Mode: no-cors || Sec-Fetch-Dest: image || Referer: http://localhost:1000/test03/blog.html || Accept-Encoding: gzip, deflate, br, zstd || Accept-Language: es-US,es;q=0.9,es-419;q=0.8,en;q=0.7 || 
240718221541533 Response.sendData()	INFO: requestContentType: 
240718221541538 Response.sendData()	INFO: GET /test03/assets/img/blog/blog3.png HTTP/1.1 
240718221541543 Response.sendData()	INFO:  Host: localhost:1000 
240718221541545 Response.sendData()	INFO:  
240718221541548 Response.sendData()	INFO: path: /test03/assets/img/blog/blog3.png
240718221541549 Response.sendData()	INFO: POST PARAMS : 
240718221541553 Response.sendData()	INFO: POST PAIRS MAP: {}
240718221541560 Response.sendData()	INFO: method: GET
240718221541562 Response.sendData()	INFO: path: /test03/assets/img/blog/blog3.png
240718221541567 Response.sendData()	INFO: fileContentType: image/png
240718221541580 Response.sendData()	INFO: extension: png
240718221541583 Response.sendData()	INFO: fileContentType: image/png
240718221541584 Response.sendData()	INFO: GET: []
240718221541586 Response.sendData()	INFO: GET MAP: {}
240718221541588 Response.sendData()	INFO: POST PARAMS: 
240718221541598 Response.sendData()	INFO: POST PARAMS MAP: {}
240718221541600 Response.sendData()	INFO: POST PARAMS MAP`KEYS: []
240718221541603 ThreadServer.run()	INFO: (49) > Thread :: Time: 73 milliseconds
240718221541603 ThreadServer.run()	INFO: (49) > END #
240718221546606 ThreadServer.run()	INFO: (49) > Thread waiting for new client....
