240718174335173 ThreadServer.run()	INFO: (5) > Thread waiting for new client....
240718174341063 ThreadServer.run()	INFO: (5) > Thread Accepting connection >
240718174341065 Request.getData()	INFO: (5) request: [GET /favicon.ico HTTP/1.1, Host: localhost:1000, Connection: keep-alive, sec-ch-ua: "Not/A)Brand";v="8", "Chromium";v="126", "Google Chrome";v="126", sec-ch-ua-mobile: ?0, User-Agent: Mozilla/5.0 (Windows NT 10.0; Win64; x64) AppleWebKit/537.36 (KHTML, like Gecko) Chrome/126.0.0.0 Safari/537.36, sec-ch-ua-platform: "Windows", Accept: image/avif,image/webp,image/apng,image/svg+xml,image/*,*/*;q=0.8, Sec-Fetch-Site: same-origin, Sec-Fetch-Mode: no-cors, Sec-Fetch-Dest: image, Referer: http://localhost:1000/, Accept-Encoding: gzip, deflate, br, zstd, Accept-Language: es-US,es;q=0.9,es-419;q=0.8,en;q=0.7, ]
240718174341067 Response.sendData()	INFO: GET /favicon.ico HTTP/1.1 || Host: localhost:1000 || Connection: keep-alive || sec-ch-ua: "Not/A)Brand";v="8", "Chromium";v="126", "Google Chrome";v="126" || sec-ch-ua-mobile: ?0 || User-Agent: Mozilla/5.0 (Windows NT 10.0; Win64; x64) AppleWebKit/537.36 (KHTML, like Gecko) Chrome/126.0.0.0 Safari/537.36 || sec-ch-ua-platform: "Windows" || Accept: image/avif,image/webp,image/apng,image/svg+xml,image/*,*/*;q=0.8 || Sec-Fetch-Site: same-origin || Sec-Fetch-Mode: no-cors || Sec-Fetch-Dest: image || Referer: http://localhost:1000/ || Accept-Encoding: gzip, deflate, br, zstd || Accept-Language: es-US,es;q=0.9,es-419;q=0.8,en;q=0.7 || 
240718174341068 Response.sendData()	INFO: GET /favicon.ico HTTP/1.1 
240718174341070 Response.sendData()	INFO:  Host: localhost:1000 
240718174341070 Response.sendData()	INFO:  
240718174341071 Response.sendData()	INFO: path: /favicon.ico
240718174341072 Response.sendData()	INFO: method: GET
240718174341074 Response.sendData()	INFO: path: /favicon.ico
240718174341075 Response.sendData()	INFO: NO SE ENCONTRÓ EL ARCHIVO SOLICITADO. (/favicon.ico)
240718174341075 Response.sendData()	INFO: fileContentType: application/octet-stream
240718174341076 Response.sendData()	INFO: extension: ico
240718174341077 Response.sendData()	INFO: fileContentType: application/octet-stream
240718174341078 Response.sendData()	INFO: GET: []
240718174341079 Response.sendData()	INFO: GET MAP: {}
240718174341080 Response.sendData()	INFO: NO SE ENCONTRÓ EL ARCHIVO SOLICITADO. (/favicon.ico)
240718174341081 ThreadServer.run()	INFO: (5) > Thread :: Time: 17 milliseconds
240718174341082 ThreadServer.run()	INFO: (5) > END #
240718174346085 ThreadServer.run()	INFO: (5) > Thread waiting for new client....
