240718221434253 ThreadServer.run()	INFO: (5) > Thread waiting for new client....
240718221450428 ThreadServer.run()	INFO: (5) > Thread Accepting connection >
240718221450429 Request.getData()	INFO: (5) request: [GET /favicon.ico HTTP/1.1, Host: localhost:1000, Connection: keep-alive, sec-ch-ua: "Not/A)Brand";v="8", "Chromium";v="126", "Google Chrome";v="126", sec-ch-ua-mobile: ?0, User-Agent: Mozilla/5.0 (Windows NT 10.0; Win64; x64) AppleWebKit/537.36 (KHTML, like Gecko) Chrome/126.0.0.0 Safari/537.36, sec-ch-ua-platform: "Windows", Accept: */*, Sec-Fetch-Site: same-origin, Sec-Fetch-Mode: cors, Sec-Fetch-Dest: empty, Referer: http://localhost:1000/test02, Accept-Encoding: gzip, deflate, br, zstd, Accept-Language: es-US,es;q=0.9,es-419;q=0.8,en;q=0.7, ]
240718221450430 Response.sendData()	INFO: GET /favicon.ico HTTP/1.1 || Host: localhost:1000 || Connection: keep-alive || sec-ch-ua: "Not/A)Brand";v="8", "Chromium";v="126", "Google Chrome";v="126" || sec-ch-ua-mobile: ?0 || User-Agent: Mozilla/5.0 (Windows NT 10.0; Win64; x64) AppleWebKit/537.36 (KHTML, like Gecko) Chrome/126.0.0.0 Safari/537.36 || sec-ch-ua-platform: "Windows" || Accept: */* || Sec-Fetch-Site: same-origin || Sec-Fetch-Mode: cors || Sec-Fetch-Dest: empty || Referer: http://localhost:1000/test02 || Accept-Encoding: gzip, deflate, br, zstd || Accept-Language: es-US,es;q=0.9,es-419;q=0.8,en;q=0.7 || 
240718221450432 Response.sendData()	INFO: requestContentType: 
240718221450433 Response.sendData()	INFO: GET /favicon.ico HTTP/1.1 
240718221450433 Response.sendData()	INFO:  Host: localhost:1000 
240718221450434 Response.sendData()	INFO:  
240718221450435 Response.sendData()	INFO: path: /favicon.ico
240718221450435 Response.sendData()	INFO: POST PARAMS : 
240718221450436 Response.sendData()	INFO: POST PAIRS MAP: {}
240718221450436 Response.sendData()	INFO: method: GET
240718221450438 Response.sendData()	INFO: path: /favicon.ico
240718221450439 Response.sendData()	INFO: NO SE ENCONTRÓ EL ARCHIVO SOLICITADO. (/favicon.ico)
240718221450440 Response.sendData()	INFO: fileContentType: application/octet-stream
240718221450441 Response.sendData()	INFO: extension: ico
240718221450442 Response.sendData()	INFO: fileContentType: application/octet-stream
240718221450443 Response.sendData()	INFO: GET: []
240718221450444 Response.sendData()	INFO: GET MAP: {}
240718221450444 Response.sendData()	INFO: POST PARAMS: 
240718221450445 Response.sendData()	INFO: POST PARAMS MAP: {}
240718221450446 Response.sendData()	INFO: POST PARAMS MAP`KEYS: []
240718221450446 Response.sendData()	INFO: NO SE ENCONTRÓ EL ARCHIVO SOLICITADO. (/favicon.ico)
240718221450448 ThreadServer.run()	INFO: (5) > Thread :: Time: 19 milliseconds
240718221450449 ThreadServer.run()	INFO: (5) > END #
240718221455462 ThreadServer.run()	INFO: (5) > Thread waiting for new client....
240718221505322 ThreadServer.run()	INFO: (5) > Thread Accepting connection >
240718221505323 Request.getData()	INFO: (5) request: [GET /test03/assets/img/icons/scheme.png HTTP/1.1, Host: localhost:1000, Connection: keep-alive, sec-ch-ua: "Not/A)Brand";v="8", "Chromium";v="126", "Google Chrome";v="126", sec-ch-ua-mobile: ?0, User-Agent: Mozilla/5.0 (Windows NT 10.0; Win64; x64) AppleWebKit/537.36 (KHTML, like Gecko) Chrome/126.0.0.0 Safari/537.36, sec-ch-ua-platform: "Windows", Accept: image/avif,image/webp,image/apng,image/svg+xml,image/*,*/*;q=0.8, Sec-Fetch-Site: same-origin, Sec-Fetch-Mode: no-cors, Sec-Fetch-Dest: image, Referer: http://localhost:1000/test03/contact.html, Accept-Encoding: gzip, deflate, br, zstd, Accept-Language: es-US,es;q=0.9,es-419;q=0.8,en;q=0.7, ]
240718221505325 Response.sendData()	INFO: GET /test03/assets/img/icons/scheme.png HTTP/1.1 || Host: localhost:1000 || Connection: keep-alive || sec-ch-ua: "Not/A)Brand";v="8", "Chromium";v="126", "Google Chrome";v="126" || sec-ch-ua-mobile: ?0 || User-Agent: Mozilla/5.0 (Windows NT 10.0; Win64; x64) AppleWebKit/537.36 (KHTML, like Gecko) Chrome/126.0.0.0 Safari/537.36 || sec-ch-ua-platform: "Windows" || Accept: image/avif,image/webp,image/apng,image/svg+xml,image/*,*/*;q=0.8 || Sec-Fetch-Site: same-origin || Sec-Fetch-Mode: no-cors || Sec-Fetch-Dest: image || Referer: http://localhost:1000/test03/contact.html || Accept-Encoding: gzip, deflate, br, zstd || Accept-Language: es-US,es;q=0.9,es-419;q=0.8,en;q=0.7 || 
240718221505328 Response.sendData()	INFO: requestContentType: 
240718221505329 Response.sendData()	INFO: GET /test03/assets/img/icons/scheme.png HTTP/1.1 
240718221505331 Response.sendData()	INFO:  Host: localhost:1000 
240718221505332 Response.sendData()	INFO:  
240718221505334 Response.sendData()	INFO: path: /test03/assets/img/icons/scheme.png
240718221505335 Response.sendData()	INFO: POST PARAMS : 
240718221505337 Response.sendData()	INFO: POST PAIRS MAP: {}
240718221505340 Response.sendData()	INFO: method: GET
240718221505341 Response.sendData()	INFO: path: /test03/assets/img/icons/scheme.png
240718221505343 Response.sendData()	INFO: fileContentType: image/png
240718221505344 Response.sendData()	INFO: extension: png
240718221505346 Response.sendData()	INFO: fileContentType: image/png
240718221505348 Response.sendData()	INFO: GET: []
240718221505349 Response.sendData()	INFO: GET MAP: {}
240718221505349 Response.sendData()	INFO: POST PARAMS: 
240718221505350 Response.sendData()	INFO: POST PARAMS MAP: {}
240718221505358 Response.sendData()	INFO: POST PARAMS MAP`KEYS: []
240718221505364 ThreadServer.run()	INFO: (5) > Thread :: Time: 42 milliseconds
240718221505366 ThreadServer.run()	INFO: (5) > END #
240718221510381 ThreadServer.run()	INFO: (5) > Thread waiting for new client....
240718221541480 ThreadServer.run()	INFO: (5) > Thread Accepting connection >
240718221541481 Request.getData()	INFO: (5) request: [GET /test03/assets/js/main.js HTTP/1.1, Host: localhost:1000, Connection: keep-alive, sec-ch-ua: "Not/A)Brand";v="8", "Chromium";v="126", "Google Chrome";v="126", sec-ch-ua-mobile: ?0, User-Agent: Mozilla/5.0 (Windows NT 10.0; Win64; x64) AppleWebKit/537.36 (KHTML, like Gecko) Chrome/126.0.0.0 Safari/537.36, sec-ch-ua-platform: "Windows", Accept: */*, Sec-Fetch-Site: same-origin, Sec-Fetch-Mode: no-cors, Sec-Fetch-Dest: script, Referer: http://localhost:1000/test03/blog.html, Accept-Encoding: gzip, deflate, br, zstd, Accept-Language: es-US,es;q=0.9,es-419;q=0.8,en;q=0.7, ]
240718221541483 Response.sendData()	INFO: GET /test03/assets/js/main.js HTTP/1.1 || Host: localhost:1000 || Connection: keep-alive || sec-ch-ua: "Not/A)Brand";v="8", "Chromium";v="126", "Google Chrome";v="126" || sec-ch-ua-mobile: ?0 || User-Agent: Mozilla/5.0 (Windows NT 10.0; Win64; x64) AppleWebKit/537.36 (KHTML, like Gecko) Chrome/126.0.0.0 Safari/537.36 || sec-ch-ua-platform: "Windows" || Accept: */* || Sec-Fetch-Site: same-origin || Sec-Fetch-Mode: no-cors || Sec-Fetch-Dest: script || Referer: http://localhost:1000/test03/blog.html || Accept-Encoding: gzip, deflate, br, zstd || Accept-Language: es-US,es;q=0.9,es-419;q=0.8,en;q=0.7 || 
240718221541487 Response.sendData()	INFO: requestContentType: 
240718221541490 Response.sendData()	INFO: GET /test03/assets/js/main.js HTTP/1.1 
240718221541492 Response.sendData()	INFO:  Host: localhost:1000 
240718221541494 Response.sendData()	INFO:  
240718221541495 Response.sendData()	INFO: path: /test03/assets/js/main.js
240718221541497 Response.sendData()	INFO: POST PARAMS : 
240718221541499 Response.sendData()	INFO: POST PAIRS MAP: {}
240718221541500 Response.sendData()	INFO: method: GET
240718221541502 Response.sendData()	INFO: path: /test03/assets/js/main.js
240718221541505 Response.sendData()	INFO: fileContentType: text/javascript
240718221541506 Response.sendData()	INFO: extension: js
240718221541509 Response.sendData()	INFO: fileContentType: text/javascript
240718221541512 Response.sendData()	INFO: GET: []
240718221541513 Response.sendData()	INFO: GET MAP: {}
240718221541515 Response.sendData()	INFO: POST PARAMS: 
240718221541517 Response.sendData()	INFO: POST PARAMS MAP: {}
240718221541520 Response.sendData()	INFO: POST PARAMS MAP`KEYS: []
240718221541525 ThreadServer.run()	INFO: (5) > Thread :: Time: 44 milliseconds
240718221541526 ThreadServer.run()	INFO: (5) > END #
240718221546543 ThreadServer.run()	INFO: (5) > Thread waiting for new client....
