240718183618676 ThreadServer.run()	INFO: (5) > Thread waiting for new client....
240718183644449 ThreadServer.run()	INFO: (5) > Thread Accepting connection >
240718183644451 Request.getData()	INFO: (5) request: [GET /favicon.ico HTTP/1.1, Host: localhost:1000, Connection: keep-alive, sec-ch-ua: "Not/A)Brand";v="8", "Chromium";v="126", "Google Chrome";v="126", sec-ch-ua-mobile: ?0, User-Agent: Mozilla/5.0 (Windows NT 10.0; Win64; x64) AppleWebKit/537.36 (KHTML, like Gecko) Chrome/126.0.0.0 Safari/537.36, sec-ch-ua-platform: "Windows", Accept: image/avif,image/webp,image/apng,image/svg+xml,image/*,*/*;q=0.8, Sec-Fetch-Site: same-origin, Sec-Fetch-Mode: no-cors, Sec-Fetch-Dest: image, Referer: http://localhost:1000/test02/displayFields.cc8, Accept-Encoding: gzip, deflate, br, zstd, Accept-Language: es-US,es;q=0.9,es-419;q=0.8,en;q=0.7, ]
240718183644453 Response.sendData()	INFO: GET /favicon.ico HTTP/1.1 || Host: localhost:1000 || Connection: keep-alive || sec-ch-ua: "Not/A)Brand";v="8", "Chromium";v="126", "Google Chrome";v="126" || sec-ch-ua-mobile: ?0 || User-Agent: Mozilla/5.0 (Windows NT 10.0; Win64; x64) AppleWebKit/537.36 (KHTML, like Gecko) Chrome/126.0.0.0 Safari/537.36 || sec-ch-ua-platform: "Windows" || Accept: image/avif,image/webp,image/apng,image/svg+xml,image/*,*/*;q=0.8 || Sec-Fetch-Site: same-origin || Sec-Fetch-Mode: no-cors || Sec-Fetch-Dest: image || Referer: http://localhost:1000/test02/displayFields.cc8 || Accept-Encoding: gzip, deflate, br, zstd || Accept-Language: es-US,es;q=0.9,es-419;q=0.8,en;q=0.7 || 
240718183644454 Response.sendData()	INFO: GET /favicon.ico HTTP/1.1 
240718183644455 Response.sendData()	INFO:  Host: localhost:1000 
240718183644456 Response.sendData()	INFO:  
240718183644456 Response.sendData()	INFO: path: /favicon.ico
240718183644457 Response.sendData()	INFO: POST PARAMS :  
240718183644458 Response.sendData()	INFO: POST PAIRS MAP: {}
240718183644458 Response.sendData()	INFO: method: GET
240718183644459 Response.sendData()	INFO: path: /favicon.ico
240718183644463 Response.sendData()	INFO: NO SE ENCONTRÓ EL ARCHIVO SOLICITADO. (/favicon.ico)
240718183644464 Response.sendData()	INFO: fileContentType: application/octet-stream
240718183644465 Response.sendData()	INFO: extension: ico
240718183644465 Response.sendData()	INFO: fileContentType: application/octet-stream
240718183644466 Response.sendData()	INFO: GET: []
240718183644466 Response.sendData()	INFO: GET MAP: {}
240718183644467 Response.sendData()	INFO: POST PARAMS:  
240718183644468 Response.sendData()	INFO: POST PARAMS MAP: {}
240718183644468 Response.sendData()	INFO: POST PARAMS MAP`KEYS: []
240718183644469 Response.sendData()	INFO: NO SE ENCONTRÓ EL ARCHIVO SOLICITADO. (/favicon.ico)
240718183644470 ThreadServer.run()	INFO: (5) > Thread :: Time: 20 milliseconds
240718183644471 ThreadServer.run()	INFO: (5) > END #
240718183649476 ThreadServer.run()	INFO: (5) > Thread waiting for new client....
