240718220231664 ThreadServer.run()	INFO: (5) > Thread waiting for new client....
240718220235559 ThreadServer.run()	INFO: (5) > Thread Accepting connection >
240718220235561 Request.getData()	INFO: (5) request: [POST /test02/displayFields.cc8 HTTP/1.1, Host: localhost:1000, Connection: keep-alive, Content-Length: 270, Cache-Control: max-age=0, sec-ch-ua: "Not/A)Brand";v="8", "Chromium";v="126", "Google Chrome";v="126", sec-ch-ua-mobile: ?0, sec-ch-ua-platform: "Windows", Upgrade-Insecure-Requests: 1, Origin: http://localhost:1000, Content-Type: multipart/form-data; boundary=----WebKitFormBoundary99BLS8cE6Iw7WjUR, User-Agent: Mozilla/5.0 (Windows NT 10.0; Win64; x64) AppleWebKit/537.36 (KHTML, like Gecko) Chrome/126.0.0.0 Safari/537.36, Accept: text/html,application/xhtml+xml,application/xml;q=0.9,image/avif,image/webp,image/apng,*/*;q=0.8,application/signed-exchange;v=b3;q=0.7, Sec-Fetch-Site: same-origin, Sec-Fetch-Mode: navigate, Sec-Fetch-User: ?1, Sec-Fetch-Dest: document, Referer: http://localhost:1000/test02, Accept-Encoding: gzip, deflate, br, zstd, Accept-Language: es-US,es;q=0.9,es-419;q=0.8,en;q=0.7, ------WebKitFormBoundary99BLS8cE6Iw7WjUR
Content-Disposition: form-data; name="name"

POST - multipart/form-data
------WebKitFormBoundary99BLS8cE6Iw7WjUR
Content-Disposition: form-data; name="email"

lab02@galileo.edu
------WebKitFormBoundary99BLS8cE6Iw7WjUR--
]
240718220235564 Response.sendData()	INFO: POST /test02/displayFields.cc8 HTTP/1.1 || Host: localhost:1000 || Connection: keep-alive || Content-Length: 270 || Cache-Control: max-age=0 || sec-ch-ua: "Not/A)Brand";v="8", "Chromium";v="126", "Google Chrome";v="126" || sec-ch-ua-mobile: ?0 || sec-ch-ua-platform: "Windows" || Upgrade-Insecure-Requests: 1 || Origin: http://localhost:1000 || Content-Type: multipart/form-data; boundary=----WebKitFormBoundary99BLS8cE6Iw7WjUR || User-Agent: Mozilla/5.0 (Windows NT 10.0; Win64; x64) AppleWebKit/537.36 (KHTML, like Gecko) Chrome/126.0.0.0 Safari/537.36 || Accept: text/html,application/xhtml+xml,application/xml;q=0.9,image/avif,image/webp,image/apng,*/*;q=0.8,application/signed-exchange;v=b3;q=0.7 || Sec-Fetch-Site: same-origin || Sec-Fetch-Mode: navigate || Sec-Fetch-User: ?1 || Sec-Fetch-Dest: document || Referer: http://localhost:1000/test02 || Accept-Encoding: gzip, deflate, br, zstd || Accept-Language: es-US,es;q=0.9,es-419;q=0.8,en;q=0.7 || ------WebKitFormBoundary99BLS8cE6Iw7WjUR
Content-Disposition: form-data; name="name"

POST - multipart/form-data
------WebKitFormBoundary99BLS8cE6Iw7WjUR
Content-Disposition: form-data; name="email"

lab02@galileo.edu
------WebKitFormBoundary99BLS8cE6Iw7WjUR--

240718220235568 Response.sendData()	INFO: requestContentType: multipart/form-data; boundary=----WebKitFormBoundary99BLS8cE6Iw7WjUR 
240718220235569 Response.sendData()	INFO: POST /test02/displayFields.cc8 HTTP/1.1 
240718220235569 Response.sendData()	INFO:  Host: localhost:1000 
240718220235570 Response.sendData()	INFO:  ------WebKitFormBoundary99BLS8cE6Iw7WjUR
Content-Disposition: form-data; name="name"

POST - multipart/form-data
------WebKitFormBoundary99BLS8cE6Iw7WjUR
Content-Disposition: form-data; name="email"

lab02@galileo.edu
------WebKitFormBoundary99BLS8cE6Iw7WjUR--

240718220235572 Response.sendData()	INFO: path: /test02/displayFields.cc8
240718220235573 Response.sendData()	INFO: POST PARAMS : ------WebKitFormBoundary99BLS8cE6Iw7WjUR
Content-Disposition: form-data; name="name"

POST - multipart/form-data
------WebKitFormBoundary99BLS8cE6Iw7WjUR
Content-Disposition: form-data; name="email"

lab02@galileo.edu
------WebKitFormBoundary99BLS8cE6Iw7WjUR--
240718220235575 Response.sendData()	INFO: 


reqBoundary:----WebKitFormBoundary99BLS8cE6Iw7WjUR 



240718220235577 Response.sendData()	INFO: Post Params ARRAY: [------WebKitFormBoundary99BLS8cE6Iw7WjUR
Content-Disposition: form-data; name="name"

POST - multipart/form-data
------WebKitFormBoundary99BLS8cE6Iw7WjUR
Content-Disposition: form-data; name="email"

lab02@galileo.edu
------WebKitFormBoundary99BLS8cE6Iw7WjUR--]
240718220235578 Response.sendData()	INFO: Post Params ARRAY: 1
240718220235579 Response.sendData()	INFO: POST PAIRS MAP: {}
240718220235580 Response.sendData()	INFO: method: POST
240718220235581 Response.sendData()	INFO: path: /test02/displayFields.cc8
240718220235582 Response.sendData()	INFO: fileContentType: application/octet-stream
240718220235582 Response.sendData()	INFO: extension: cc8
240718220235583 Response.sendData()	INFO: fileContentType: text/html
240718220235583 Response.sendData()	INFO: GET: []
240718220235584 Response.sendData()	INFO: GET MAP: {}
240718220235585 Response.sendData()	INFO: POST PARAMS: ------WebKitFormBoundary99BLS8cE6Iw7WjUR
Content-Disposition: form-data; name="name"

POST - multipart/form-data
------WebKitFormBoundary99BLS8cE6Iw7WjUR
Content-Disposition: form-data; name="email"

lab02@galileo.edu
------WebKitFormBoundary99BLS8cE6Iw7WjUR--
240718220235586 Response.sendData()	INFO: POST PARAMS MAP: {}
240718220235587 Response.sendData()	INFO: POST PARAMS MAP`KEYS: []
240718220235589 ThreadServer.run()	INFO: (5) > Thread :: Time: 27 milliseconds
240718220235589 ThreadServer.run()	INFO: (5) > END #
240718220240593 ThreadServer.run()	INFO: (5) > Thread waiting for new client....
