240718221434243 ThreadServer.run()	INFO: (6) > Thread waiting for new client....
240718221453737 ThreadServer.run()	INFO: (6) > Thread Accepting connection >
240718221453738 Request.getData()	INFO: (6) request: [GET /test03/assets/js/wow.min.js HTTP/1.1, Host: localhost:1000, Connection: keep-alive, sec-ch-ua: "Not/A)Brand";v="8", "Chromium";v="126", "Google Chrome";v="126", sec-ch-ua-mobile: ?0, User-Agent: Mozilla/5.0 (Windows NT 10.0; Win64; x64) AppleWebKit/537.36 (KHTML, like Gecko) Chrome/126.0.0.0 Safari/537.36, sec-ch-ua-platform: "Windows", Accept: */*, Sec-Fetch-Site: same-origin, Sec-Fetch-Mode: no-cors, Sec-Fetch-Dest: script, Referer: http://localhost:1000/test03/, Accept-Encoding: gzip, deflate, br, zstd, Accept-Language: es-US,es;q=0.9,es-419;q=0.8,en;q=0.7, ]
240718221453739 Response.sendData()	INFO: GET /test03/assets/js/wow.min.js HTTP/1.1 || Host: localhost:1000 || Connection: keep-alive || sec-ch-ua: "Not/A)Brand";v="8", "Chromium";v="126", "Google Chrome";v="126" || sec-ch-ua-mobile: ?0 || User-Agent: Mozilla/5.0 (Windows NT 10.0; Win64; x64) AppleWebKit/537.36 (KHTML, like Gecko) Chrome/126.0.0.0 Safari/537.36 || sec-ch-ua-platform: "Windows" || Accept: */* || Sec-Fetch-Site: same-origin || Sec-Fetch-Mode: no-cors || Sec-Fetch-Dest: script || Referer: http://localhost:1000/test03/ || Accept-Encoding: gzip, deflate, br, zstd || Accept-Language: es-US,es;q=0.9,es-419;q=0.8,en;q=0.7 || 
240718221453740 Response.sendData()	INFO: requestContentType: 
240718221453740 Response.sendData()	INFO: GET /test03/assets/js/wow.min.js HTTP/1.1 
240718221453741 Response.sendData()	INFO:  Host: localhost:1000 
240718221453741 Response.sendData()	INFO:  
240718221453742 Response.sendData()	INFO: path: /test03/assets/js/wow.min.js
240718221453742 Response.sendData()	INFO: POST PARAMS : 
240718221453743 Response.sendData()	INFO: POST PAIRS MAP: {}
240718221453743 Response.sendData()	INFO: method: GET
240718221453743 Response.sendData()	INFO: path: /test03/assets/js/wow.min.js
240718221453745 Response.sendData()	INFO: fileContentType: text/javascript
240718221453745 Response.sendData()	INFO: extension: js
240718221453746 Response.sendData()	INFO: fileContentType: text/javascript
240718221453746 Response.sendData()	INFO: GET: []
240718221453746 Response.sendData()	INFO: GET MAP: {}
240718221453747 Response.sendData()	INFO: POST PARAMS: 
240718221453747 Response.sendData()	INFO: POST PARAMS MAP: {}
240718221453747 Response.sendData()	INFO: POST PARAMS MAP`KEYS: []
240718221453748 ThreadServer.run()	INFO: (6) > Thread :: Time: 11 milliseconds
240718221453748 ThreadServer.run()	INFO: (6) > END #
240718221458763 ThreadServer.run()	INFO: (6) > Thread waiting for new client....
240718221523587 ThreadServer.run()	INFO: (6) > Thread Accepting connection >
240718221523587 Request.getData()	INFO: (6) request: [GET /test03/assets/js/popper.min.js.map HTTP/1.1, Host: localhost:1000, Connection: keep-alive, Sec-Fetch-Site: same-origin, Sec-Fetch-Mode: no-cors, Sec-Fetch-Dest: empty, User-Agent: Mozilla/5.0 (Windows NT 10.0; Win64; x64) AppleWebKit/537.36 (KHTML, like Gecko) Chrome/126.0.0.0 Safari/537.36, Accept-Encoding: gzip, deflate, br, zstd, Accept-Language: es-US,es;q=0.9,es-419;q=0.8,en;q=0.7, ]
240718221523588 Response.sendData()	INFO: GET /test03/assets/js/popper.min.js.map HTTP/1.1 || Host: localhost:1000 || Connection: keep-alive || Sec-Fetch-Site: same-origin || Sec-Fetch-Mode: no-cors || Sec-Fetch-Dest: empty || User-Agent: Mozilla/5.0 (Windows NT 10.0; Win64; x64) AppleWebKit/537.36 (KHTML, like Gecko) Chrome/126.0.0.0 Safari/537.36 || Accept-Encoding: gzip, deflate, br, zstd || Accept-Language: es-US,es;q=0.9,es-419;q=0.8,en;q=0.7 || 
240718221523589 Response.sendData()	INFO: requestContentType: 
240718221523589 Response.sendData()	INFO: GET /test03/assets/js/popper.min.js.map HTTP/1.1 
240718221523590 Response.sendData()	INFO:  Host: localhost:1000 
240718221523590 Response.sendData()	INFO:  
240718221523591 Response.sendData()	INFO: path: /test03/assets/js/popper.min.js.map
240718221523591 Response.sendData()	INFO: POST PARAMS : 
240718221523591 Response.sendData()	INFO: POST PAIRS MAP: {}
240718221523592 Response.sendData()	INFO: method: GET
240718221523592 Response.sendData()	INFO: path: /test03/assets/js/popper.min.js.map
240718221523593 Response.sendData()	INFO: NO SE ENCONTRÓ EL ARCHIVO SOLICITADO. (/test03/assets/js/popper.min.js.map)
240718221523593 Response.sendData()	INFO: fileContentType: application/octet-stream
240718221523594 Response.sendData()	INFO: extension: map
240718221523594 Response.sendData()	INFO: fileContentType: application/octet-stream
240718221523594 Response.sendData()	INFO: GET: []
240718221523595 Response.sendData()	INFO: GET MAP: {}
240718221523595 Response.sendData()	INFO: POST PARAMS: 
240718221523595 Response.sendData()	INFO: POST PARAMS MAP: {}
240718221523596 Response.sendData()	INFO: POST PARAMS MAP`KEYS: []
240718221523596 Response.sendData()	INFO: NO SE ENCONTRÓ EL ARCHIVO SOLICITADO. (/test03/assets/js/popper.min.js.map)
240718221523597 ThreadServer.run()	INFO: (6) > Thread :: Time: 10 milliseconds
240718221523597 ThreadServer.run()	INFO: (6) > END #
240718221528612 ThreadServer.run()	INFO: (6) > Thread waiting for new client....
240718221556759 ThreadServer.run()	INFO: (6) > Thread Accepting connection >
240718221556759 Request.getData()	INFO: (6) request: [GET /test02 HTTP/1.1, Host: localhost:1000, Connection: keep-alive, sec-ch-ua: "Not/A)Brand";v="8", "Chromium";v="126", "Google Chrome";v="126", sec-ch-ua-mobile: ?0, sec-ch-ua-platform: "Windows", Upgrade-Insecure-Requests: 1, User-Agent: Mozilla/5.0 (Windows NT 10.0; Win64; x64) AppleWebKit/537.36 (KHTML, like Gecko) Chrome/126.0.0.0 Safari/537.36, Accept: text/html,application/xhtml+xml,application/xml;q=0.9,image/avif,image/webp,image/apng,*/*;q=0.8,application/signed-exchange;v=b3;q=0.7, Sec-Fetch-Site: same-origin, Sec-Fetch-Mode: navigate, Sec-Fetch-User: ?1, Sec-Fetch-Dest: document, Referer: http://localhost:1000/test02/displayFields.cc8?name=GET+-+multipart%2Fform-data&email=lab02%40galileo.edu, Accept-Encoding: gzip, deflate, br, zstd, Accept-Language: es-US,es;q=0.9,es-419;q=0.8,en;q=0.7, ]
240718221556760 Response.sendData()	INFO: GET /test02 HTTP/1.1 || Host: localhost:1000 || Connection: keep-alive || sec-ch-ua: "Not/A)Brand";v="8", "Chromium";v="126", "Google Chrome";v="126" || sec-ch-ua-mobile: ?0 || sec-ch-ua-platform: "Windows" || Upgrade-Insecure-Requests: 1 || User-Agent: Mozilla/5.0 (Windows NT 10.0; Win64; x64) AppleWebKit/537.36 (KHTML, like Gecko) Chrome/126.0.0.0 Safari/537.36 || Accept: text/html,application/xhtml+xml,application/xml;q=0.9,image/avif,image/webp,image/apng,*/*;q=0.8,application/signed-exchange;v=b3;q=0.7 || Sec-Fetch-Site: same-origin || Sec-Fetch-Mode: navigate || Sec-Fetch-User: ?1 || Sec-Fetch-Dest: document || Referer: http://localhost:1000/test02/displayFields.cc8?name=GET+-+multipart%2Fform-data&email=lab02%40galileo.edu || Accept-Encoding: gzip, deflate, br, zstd || Accept-Language: es-US,es;q=0.9,es-419;q=0.8,en;q=0.7 || 
240718221556761 Response.sendData()	INFO: requestContentType: 
240718221556762 Response.sendData()	INFO: GET /test02 HTTP/1.1 
240718221556763 Response.sendData()	INFO:  Host: localhost:1000 
240718221556763 Response.sendData()	INFO:  
240718221556763 Response.sendData()	INFO: path: /test02
240718221556763 Response.sendData()	INFO: POST PARAMS : 
240718221556763 Response.sendData()	INFO: POST PAIRS MAP: {}
240718221556763 Response.sendData()	INFO: method: GET
240718221556763 Response.sendData()	INFO: path: /test02/index.html
240718221556764 Response.sendData()	INFO: fileContentType: text/html
240718221556764 Response.sendData()	INFO: extension: html
240718221556765 Response.sendData()	INFO: fileContentType: text/html
240718221556765 Response.sendData()	INFO: GET: []
240718221556765 Response.sendData()	INFO: GET MAP: {}
240718221556766 Response.sendData()	INFO: POST PARAMS: 
240718221556766 Response.sendData()	INFO: POST PARAMS MAP: {}
240718221556766 Response.sendData()	INFO: POST PARAMS MAP`KEYS: []
240718221556767 ThreadServer.run()	INFO: (6) > Thread :: Time: 8 milliseconds
240718221556767 ThreadServer.run()	INFO: (6) > END #
240718221601781 ThreadServer.run()	INFO: (6) > Thread waiting for new client....
