240718213650248 ThreadServer.run()	INFO: (7) > Thread waiting for new client....
240718213710406 ThreadServer.run()	INFO: (7) > Thread Accepting connection >
240718213710409 Request.getData()	INFO: (7) request: [GET /favicon.ico HTTP/1.1, Host: localhost:1000, Connection: keep-alive, sec-ch-ua: "Not/A)Brand";v="8", "Chromium";v="126", "Google Chrome";v="126", sec-ch-ua-mobile: ?0, User-Agent: Mozilla/5.0 (Windows NT 10.0; Win64; x64) AppleWebKit/537.36 (KHTML, like Gecko) Chrome/126.0.0.0 Safari/537.36, sec-ch-ua-platform: "Windows", Accept: */*, Sec-Fetch-Site: same-origin, Sec-Fetch-Mode: cors, Sec-Fetch-Dest: empty, Referer: http://localhost:1000/test02/displayFields.cc8, Accept-Encoding: gzip, deflate, br, zstd, Accept-Language: es-US,es;q=0.9,es-419;q=0.8,en;q=0.7, ]
240718213710411 Response.sendData()	INFO: GET /favicon.ico HTTP/1.1 || Host: localhost:1000 || Connection: keep-alive || sec-ch-ua: "Not/A)Brand";v="8", "Chromium";v="126", "Google Chrome";v="126" || sec-ch-ua-mobile: ?0 || User-Agent: Mozilla/5.0 (Windows NT 10.0; Win64; x64) AppleWebKit/537.36 (KHTML, like Gecko) Chrome/126.0.0.0 Safari/537.36 || sec-ch-ua-platform: "Windows" || Accept: */* || Sec-Fetch-Site: same-origin || Sec-Fetch-Mode: cors || Sec-Fetch-Dest: empty || Referer: http://localhost:1000/test02/displayFields.cc8 || Accept-Encoding: gzip, deflate, br, zstd || Accept-Language: es-US,es;q=0.9,es-419;q=0.8,en;q=0.7 || 
240718213710412 Response.sendData()	INFO: GET /favicon.ico HTTP/1.1 
240718213710413 Response.sendData()	INFO:  Host: localhost:1000 
240718213710414 Response.sendData()	INFO:  
240718213710415 Response.sendData()	INFO: path: /favicon.ico
240718213710416 Response.sendData()	INFO: POST PARAMS : 
240718213710417 Response.sendData()	INFO: POST PAIRS MAP: {}
240718213710418 Response.sendData()	INFO: method: GET
240718213710419 Response.sendData()	INFO: path: /favicon.ico
240718213710420 Response.sendData()	INFO: NO SE ENCONTRÓ EL ARCHIVO SOLICITADO. (/favicon.ico)
240718213710420 Response.sendData()	INFO: fileContentType: application/octet-stream
240718213710421 Response.sendData()	INFO: extension: ico
240718213710421 Response.sendData()	INFO: fileContentType: application/octet-stream
240718213710422 Response.sendData()	INFO: GET: []
240718213710422 Response.sendData()	INFO: GET MAP: {}
240718213710423 Response.sendData()	INFO: POST PARAMS: 
240718213710424 Response.sendData()	INFO: POST PARAMS MAP: {}
240718213710424 Response.sendData()	INFO: POST PARAMS MAP`KEYS: []
240718213710425 Response.sendData()	INFO: NO SE ENCONTRÓ EL ARCHIVO SOLICITADO. (/favicon.ico)
240718213710426 ThreadServer.run()	INFO: (7) > Thread :: Time: 17 milliseconds
240718213710427 ThreadServer.run()	INFO: (7) > END #
240718213715430 ThreadServer.run()	INFO: (7) > Thread waiting for new client....
