240718221434259 ThreadServer.run()	INFO: (7) > Thread waiting for new client....
240718221454024 ThreadServer.run()	INFO: (7) > Thread Accepting connection >
240718221454025 Request.getData()	INFO: (7) request: [GET /test03/assets/js/jquery.min.map HTTP/1.1, Host: localhost:1000, Connection: keep-alive, Sec-Fetch-Site: same-origin, Sec-Fetch-Mode: no-cors, Sec-Fetch-Dest: empty, User-Agent: Mozilla/5.0 (Windows NT 10.0; Win64; x64) AppleWebKit/537.36 (KHTML, like Gecko) Chrome/126.0.0.0 Safari/537.36, Accept-Encoding: gzip, deflate, br, zstd, Accept-Language: es-US,es;q=0.9,es-419;q=0.8,en;q=0.7, ]
240718221454026 Response.sendData()	INFO: GET /test03/assets/js/jquery.min.map HTTP/1.1 || Host: localhost:1000 || Connection: keep-alive || Sec-Fetch-Site: same-origin || Sec-Fetch-Mode: no-cors || Sec-Fetch-Dest: empty || User-Agent: Mozilla/5.0 (Windows NT 10.0; Win64; x64) AppleWebKit/537.36 (KHTML, like Gecko) Chrome/126.0.0.0 Safari/537.36 || Accept-Encoding: gzip, deflate, br, zstd || Accept-Language: es-US,es;q=0.9,es-419;q=0.8,en;q=0.7 || 
240718221454027 Response.sendData()	INFO: requestContentType: 
240718221454028 Response.sendData()	INFO: GET /test03/assets/js/jquery.min.map HTTP/1.1 
240718221454028 Response.sendData()	INFO:  Host: localhost:1000 
240718221454029 Response.sendData()	INFO:  
240718221454029 Response.sendData()	INFO: path: /test03/assets/js/jquery.min.map
240718221454030 Response.sendData()	INFO: POST PARAMS : 
240718221454060 Response.sendData()	INFO: POST PAIRS MAP: {}
240718221454061 Response.sendData()	INFO: method: GET
240718221454062 Response.sendData()	INFO: path: /test03/assets/js/jquery.min.map
240718221454063 Response.sendData()	INFO: NO SE ENCONTRÓ EL ARCHIVO SOLICITADO. (/test03/assets/js/jquery.min.map)
240718221454067 Response.sendData()	INFO: fileContentType: application/octet-stream
240718221454069 Response.sendData()	INFO: extension: map
240718221454069 Response.sendData()	INFO: fileContentType: application/octet-stream
240718221454090 Response.sendData()	INFO: GET: []
240718221454091 Response.sendData()	INFO: GET MAP: {}
240718221454094 Response.sendData()	INFO: POST PARAMS: 
240718221454095 Response.sendData()	INFO: POST PARAMS MAP: {}
240718221454096 Response.sendData()	INFO: POST PARAMS MAP`KEYS: []
240718221454097 Response.sendData()	INFO: NO SE ENCONTRÓ EL ARCHIVO SOLICITADO. (/test03/assets/js/jquery.min.map)
240718221454100 ThreadServer.run()	INFO: (7) > Thread :: Time: 75 milliseconds
240718221454101 ThreadServer.run()	INFO: (7) > END #
240718221459102 ThreadServer.run()	INFO: (7) > Thread waiting for new client....
240718221541129 ThreadServer.run()	INFO: (7) > Thread Accepting connection >
240718221541133 Request.getData()	INFO: (7) request: [GET /test03/assets/css/animate.min.css HTTP/1.1, Host: localhost:1000, Connection: keep-alive, sec-ch-ua: "Not/A)Brand";v="8", "Chromium";v="126", "Google Chrome";v="126", sec-ch-ua-mobile: ?0, User-Agent: Mozilla/5.0 (Windows NT 10.0; Win64; x64) AppleWebKit/537.36 (KHTML, like Gecko) Chrome/126.0.0.0 Safari/537.36, sec-ch-ua-platform: "Windows", Accept: text/css,*/*;q=0.1, Sec-Fetch-Site: same-origin, Sec-Fetch-Mode: no-cors, Sec-Fetch-Dest: style, Referer: http://localhost:1000/test03/blog.html, Accept-Encoding: gzip, deflate, br, zstd, Accept-Language: es-US,es;q=0.9,es-419;q=0.8,en;q=0.7, ]
240718221541135 Response.sendData()	INFO: GET /test03/assets/css/animate.min.css HTTP/1.1 || Host: localhost:1000 || Connection: keep-alive || sec-ch-ua: "Not/A)Brand";v="8", "Chromium";v="126", "Google Chrome";v="126" || sec-ch-ua-mobile: ?0 || User-Agent: Mozilla/5.0 (Windows NT 10.0; Win64; x64) AppleWebKit/537.36 (KHTML, like Gecko) Chrome/126.0.0.0 Safari/537.36 || sec-ch-ua-platform: "Windows" || Accept: text/css,*/*;q=0.1 || Sec-Fetch-Site: same-origin || Sec-Fetch-Mode: no-cors || Sec-Fetch-Dest: style || Referer: http://localhost:1000/test03/blog.html || Accept-Encoding: gzip, deflate, br, zstd || Accept-Language: es-US,es;q=0.9,es-419;q=0.8,en;q=0.7 || 
240718221541136 Response.sendData()	INFO: requestContentType: 
240718221541143 Response.sendData()	INFO: GET /test03/assets/css/animate.min.css HTTP/1.1 
240718221541149 Response.sendData()	INFO:  Host: localhost:1000 
240718221541152 Response.sendData()	INFO:  
240718221541156 Response.sendData()	INFO: path: /test03/assets/css/animate.min.css
240718221541157 Response.sendData()	INFO: POST PARAMS : 
240718221541160 Response.sendData()	INFO: POST PAIRS MAP: {}
240718221541161 Response.sendData()	INFO: method: GET
240718221541163 Response.sendData()	INFO: path: /test03/assets/css/animate.min.css
240718221541164 Response.sendData()	INFO: fileContentType: text/css
240718221541166 Response.sendData()	INFO: extension: css
240718221541166 Response.sendData()	INFO: fileContentType: text/css
240718221541167 Response.sendData()	INFO: GET: []
240718221541168 Response.sendData()	INFO: GET MAP: {}
240718221541168 Response.sendData()	INFO: POST PARAMS: 
240718221541169 Response.sendData()	INFO: POST PARAMS MAP: {}
240718221541169 Response.sendData()	INFO: POST PARAMS MAP`KEYS: []
240718221541172 ThreadServer.run()	INFO: (7) > Thread :: Time: 39 milliseconds
240718221541173 ThreadServer.run()	INFO: (7) > END #
240718221546187 ThreadServer.run()	INFO: (7) > Thread waiting for new client....
240718221604301 ThreadServer.run()	INFO: (7) > Thread Accepting connection >
240718221604302 Request.getData()	INFO: (7) request: [POST /test02/displayFields.cc8 HTTP/1.1, Host: localhost:1000, Connection: keep-alive, Content-Length: 270, Cache-Control: max-age=0, sec-ch-ua: "Not/A)Brand";v="8", "Chromium";v="126", "Google Chrome";v="126", sec-ch-ua-mobile: ?0, sec-ch-ua-platform: "Windows", Upgrade-Insecure-Requests: 1, Origin: http://localhost:1000, Content-Type: multipart/form-data; boundary=----WebKitFormBoundaryR7SSfCUBhV21tctv, User-Agent: Mozilla/5.0 (Windows NT 10.0; Win64; x64) AppleWebKit/537.36 (KHTML, like Gecko) Chrome/126.0.0.0 Safari/537.36, Accept: text/html,application/xhtml+xml,application/xml;q=0.9,image/avif,image/webp,image/apng,*/*;q=0.8,application/signed-exchange;v=b3;q=0.7, Sec-Fetch-Site: same-origin, Sec-Fetch-Mode: navigate, Sec-Fetch-User: ?1, Sec-Fetch-Dest: document, Referer: http://localhost:1000/test02, Accept-Encoding: gzip, deflate, br, zstd, Accept-Language: es-US,es;q=0.9,es-419;q=0.8,en;q=0.7, ------WebKitFormBoundaryR7SSfCUBhV21tctv
Content-Disposition: form-data; name="name"

POST - multipart/form-data
------WebKitFormBoundaryR7SSfCUBhV21tctv
Content-Disposition: form-data; name="email"

lab02@galileo.edu
------WebKitFormBoundaryR7SSfCUBhV21tctv--
]
240718221604304 Response.sendData()	INFO: POST /test02/displayFields.cc8 HTTP/1.1 || Host: localhost:1000 || Connection: keep-alive || Content-Length: 270 || Cache-Control: max-age=0 || sec-ch-ua: "Not/A)Brand";v="8", "Chromium";v="126", "Google Chrome";v="126" || sec-ch-ua-mobile: ?0 || sec-ch-ua-platform: "Windows" || Upgrade-Insecure-Requests: 1 || Origin: http://localhost:1000 || Content-Type: multipart/form-data; boundary=----WebKitFormBoundaryR7SSfCUBhV21tctv || User-Agent: Mozilla/5.0 (Windows NT 10.0; Win64; x64) AppleWebKit/537.36 (KHTML, like Gecko) Chrome/126.0.0.0 Safari/537.36 || Accept: text/html,application/xhtml+xml,application/xml;q=0.9,image/avif,image/webp,image/apng,*/*;q=0.8,application/signed-exchange;v=b3;q=0.7 || Sec-Fetch-Site: same-origin || Sec-Fetch-Mode: navigate || Sec-Fetch-User: ?1 || Sec-Fetch-Dest: document || Referer: http://localhost:1000/test02 || Accept-Encoding: gzip, deflate, br, zstd || Accept-Language: es-US,es;q=0.9,es-419;q=0.8,en;q=0.7 || ------WebKitFormBoundaryR7SSfCUBhV21tctv
Content-Disposition: form-data; name="name"

POST - multipart/form-data
------WebKitFormBoundaryR7SSfCUBhV21tctv
Content-Disposition: form-data; name="email"

lab02@galileo.edu
------WebKitFormBoundaryR7SSfCUBhV21tctv--

240718221604306 Response.sendData()	INFO: requestContentType: multipart/form-data; boundary=----WebKitFormBoundaryR7SSfCUBhV21tctv 
240718221604307 Response.sendData()	INFO: POST /test02/displayFields.cc8 HTTP/1.1 
240718221604307 Response.sendData()	INFO:  Host: localhost:1000 
240718221604307 Response.sendData()	INFO:  ------WebKitFormBoundaryR7SSfCUBhV21tctv
Content-Disposition: form-data; name="name"

POST - multipart/form-data
------WebKitFormBoundaryR7SSfCUBhV21tctv
Content-Disposition: form-data; name="email"

lab02@galileo.edu
------WebKitFormBoundaryR7SSfCUBhV21tctv--

240718221604309 Response.sendData()	INFO: path: /test02/displayFields.cc8
240718221604309 Response.sendData()	INFO: POST PARAMS : ------WebKitFormBoundaryR7SSfCUBhV21tctv
Content-Disposition: form-data; name="name"

POST - multipart/form-data
------WebKitFormBoundaryR7SSfCUBhV21tctv
Content-Disposition: form-data; name="email"

lab02@galileo.edu
------WebKitFormBoundaryR7SSfCUBhV21tctv--
240718221604311 Response.sendData()	INFO: 


 reqBoundary:----WebKitFormBoundaryR7SSfCUBhV21tctv 



240718221604312 Response.sendData()	INFO: Post Params ARRAY: [------WebKitFormBoundaryR7SSfCUBhV21tctv, Content-Disposition: form-data; name="name", , POST - multipart/form-data, ------WebKitFormBoundaryR7SSfCUBhV21tctv, Content-Disposition: form-data; name="email", , lab02@galileo.edu, ------WebKitFormBoundaryR7SSfCUBhV21tctv--]
240718221604312 Response.sendData()	INFO: Post Params ARRAY: 9
240718221604312 Response.sendData()	INFO: POST PAIRS MAP: {name=POST - multipart/form-data, email=lab02@galileo.edu}
240718221604313 Response.sendData()	INFO: method: POST
240718221604313 Response.sendData()	INFO: path: /test02/displayFields.cc8
240718221604313 Response.sendData()	INFO: fileContentType: application/octet-stream
240718221604314 Response.sendData()	INFO: extension: cc8
240718221604314 Response.sendData()	INFO: fileContentType: text/html
240718221604314 Response.sendData()	INFO: GET: []
240718221604314 Response.sendData()	INFO: GET MAP: {}
240718221604315 Response.sendData()	INFO: POST PARAMS: ------WebKitFormBoundaryR7SSfCUBhV21tctv
Content-Disposition: form-data; name="name"

POST - multipart/form-data
------WebKitFormBoundaryR7SSfCUBhV21tctv
Content-Disposition: form-data; name="email"

lab02@galileo.edu
------WebKitFormBoundaryR7SSfCUBhV21tctv--
240718221604316 Response.sendData()	INFO: POST PARAMS MAP: {name=POST - multipart/form-data, email=lab02@galileo.edu}
240718221604316 Response.sendData()	INFO: POST PARAMS MAP`KEYS: [name, email]
240718221604317 ThreadServer.run()	INFO: (7) > Thread :: Time: 16 milliseconds
240718221604317 ThreadServer.run()	INFO: (7) > END #
240718221609330 ThreadServer.run()	INFO: (7) > Thread waiting for new client....
