240718220012746 ThreadServer.run()	INFO: (7) > Thread waiting for new client....
240718220018260 ThreadServer.run()	INFO: (7) > Thread Accepting connection >
240718220018261 Request.getData()	INFO: (7) request: [GET /favicon.ico HTTP/1.1, Host: localhost:1000, Connection: keep-alive, sec-ch-ua: "Not/A)Brand";v="8", "Chromium";v="126", "Google Chrome";v="126", sec-ch-ua-mobile: ?0, User-Agent: Mozilla/5.0 (Windows NT 10.0; Win64; x64) AppleWebKit/537.36 (KHTML, like Gecko) Chrome/126.0.0.0 Safari/537.36, sec-ch-ua-platform: "Windows", Accept: */*, Sec-Fetch-Site: same-origin, Sec-Fetch-Mode: cors, Sec-Fetch-Dest: empty, Referer: http://localhost:1000/test02/displayFields.cc8, Accept-Encoding: gzip, deflate, br, zstd, Accept-Language: es-US,es;q=0.9,es-419;q=0.8,en;q=0.7, ]
240718220018263 Response.sendData()	INFO: GET /favicon.ico HTTP/1.1 || Host: localhost:1000 || Connection: keep-alive || sec-ch-ua: "Not/A)Brand";v="8", "Chromium";v="126", "Google Chrome";v="126" || sec-ch-ua-mobile: ?0 || User-Agent: Mozilla/5.0 (Windows NT 10.0; Win64; x64) AppleWebKit/537.36 (KHTML, like Gecko) Chrome/126.0.0.0 Safari/537.36 || sec-ch-ua-platform: "Windows" || Accept: */* || Sec-Fetch-Site: same-origin || Sec-Fetch-Mode: cors || Sec-Fetch-Dest: empty || Referer: http://localhost:1000/test02/displayFields.cc8 || Accept-Encoding: gzip, deflate, br, zstd || Accept-Language: es-US,es;q=0.9,es-419;q=0.8,en;q=0.7 || 
240718220018265 Response.sendData()	INFO: requestContentType: 
240718220018266 Response.sendData()	INFO: GET /favicon.ico HTTP/1.1 
240718220018266 Response.sendData()	INFO:  Host: localhost:1000 
240718220018267 Response.sendData()	INFO:  
240718220018267 Response.sendData()	INFO: path: /favicon.ico
240718220018269 Response.sendData()	INFO: POST PARAMS : 
240718220018269 Response.sendData()	INFO: POST PAIRS MAP: {}
240718220018270 Response.sendData()	INFO: method: GET
240718220018271 Response.sendData()	INFO: path: /favicon.ico
240718220018272 Response.sendData()	INFO: NO SE ENCONTRÓ EL ARCHIVO SOLICITADO. (/favicon.ico)
240718220018272 Response.sendData()	INFO: fileContentType: application/octet-stream
240718220018273 Response.sendData()	INFO: extension: ico
240718220018273 Response.sendData()	INFO: fileContentType: application/octet-stream
240718220018274 Response.sendData()	INFO: GET: []
240718220018275 Response.sendData()	INFO: GET MAP: {}
240718220018276 Response.sendData()	INFO: POST PARAMS: 
240718220018276 Response.sendData()	INFO: POST PARAMS MAP: {}
240718220018277 Response.sendData()	INFO: POST PARAMS MAP`KEYS: []
240718220018278 Response.sendData()	INFO: NO SE ENCONTRÓ EL ARCHIVO SOLICITADO. (/favicon.ico)
240718220018279 ThreadServer.run()	INFO: (7) > Thread :: Time: 18 milliseconds
240718220018280 ThreadServer.run()	INFO: (7) > END #
240718220023283 ThreadServer.run()	INFO: (7) > Thread waiting for new client....
