240718220600450 ThreadServer.run()	INFO: (7) > Thread waiting for new client....
240718220602383 ThreadServer.run()	INFO: (7) > Thread Accepting connection >
240718220602399 Request.getData()	INFO: (7) request: [GET /test02 HTTP/1.1, Host: localhost:1000, Connection: keep-alive, sec-ch-ua: "Not/A)Brand";v="8", "Chromium";v="126", "Google Chrome";v="126", sec-ch-ua-mobile: ?0, sec-ch-ua-platform: "Windows", Upgrade-Insecure-Requests: 1, User-Agent: Mozilla/5.0 (Windows NT 10.0; Win64; x64) AppleWebKit/537.36 (KHTML, like Gecko) Chrome/126.0.0.0 Safari/537.36, Accept: text/html,application/xhtml+xml,application/xml;q=0.9,image/avif,image/webp,image/apng,*/*;q=0.8,application/signed-exchange;v=b3;q=0.7, Sec-Fetch-Site: same-origin, Sec-Fetch-Mode: navigate, Sec-Fetch-User: ?1, Sec-Fetch-Dest: document, Referer: http://localhost:1000/test02/displayFields.cc8, Accept-Encoding: gzip, deflate, br, zstd, Accept-Language: es-US,es;q=0.9,es-419;q=0.8,en;q=0.7, ]
240718220602404 Response.sendData()	INFO: GET /test02 HTTP/1.1 || Host: localhost:1000 || Connection: keep-alive || sec-ch-ua: "Not/A)Brand";v="8", "Chromium";v="126", "Google Chrome";v="126" || sec-ch-ua-mobile: ?0 || sec-ch-ua-platform: "Windows" || Upgrade-Insecure-Requests: 1 || User-Agent: Mozilla/5.0 (Windows NT 10.0; Win64; x64) AppleWebKit/537.36 (KHTML, like Gecko) Chrome/126.0.0.0 Safari/537.36 || Accept: text/html,application/xhtml+xml,application/xml;q=0.9,image/avif,image/webp,image/apng,*/*;q=0.8,application/signed-exchange;v=b3;q=0.7 || Sec-Fetch-Site: same-origin || Sec-Fetch-Mode: navigate || Sec-Fetch-User: ?1 || Sec-Fetch-Dest: document || Referer: http://localhost:1000/test02/displayFields.cc8 || Accept-Encoding: gzip, deflate, br, zstd || Accept-Language: es-US,es;q=0.9,es-419;q=0.8,en;q=0.7 || 
240718220602410 Response.sendData()	INFO: requestContentType: 
240718220602411 Response.sendData()	INFO: GET /test02 HTTP/1.1 
240718220602412 Response.sendData()	INFO:  Host: localhost:1000 
240718220602413 Response.sendData()	INFO:  
240718220602414 Response.sendData()	INFO: path: /test02
240718220602415 Response.sendData()	INFO: POST PARAMS : 
240718220602416 Response.sendData()	INFO: POST PAIRS MAP: {}
240718220602417 Response.sendData()	INFO: method: GET
240718220602418 Response.sendData()	INFO: path: /test02/index.html
240718220602433 Response.sendData()	INFO: fileContentType: text/html
240718220602436 Response.sendData()	INFO: extension: html
240718220602439 Response.sendData()	INFO: fileContentType: text/html
240718220602440 Response.sendData()	INFO: GET: []
240718220602442 Response.sendData()	INFO: GET MAP: {}
240718220602444 Response.sendData()	INFO: POST PARAMS: 
240718220602445 Response.sendData()	INFO: POST PARAMS MAP: {}
240718220602448 Response.sendData()	INFO: POST PARAMS MAP`KEYS: []
240718220602505 ThreadServer.run()	INFO: (7) > Thread :: Time: 91 milliseconds
240718220602507 ThreadServer.run()	INFO: (7) > END #
240718220607512 ThreadServer.run()	INFO: (7) > Thread waiting for new client....
