240718174335161 ThreadServer.run()	INFO: (77) > Thread waiting for new client....
240718174349452 ThreadServer.run()	INFO: (77) > Thread Accepting connection >
240718174349453 Request.getData()	INFO: (77) request: [GET /favicon.ico HTTP/1.1, Host: localhost:1000, Connection: keep-alive, sec-ch-ua: "Not/A)Brand";v="8", "Chromium";v="126", "Google Chrome";v="126", sec-ch-ua-mobile: ?0, User-Agent: Mozilla/5.0 (Windows NT 10.0; Win64; x64) AppleWebKit/537.36 (KHTML, like Gecko) Chrome/126.0.0.0 Safari/537.36, sec-ch-ua-platform: "Windows", Accept: image/avif,image/webp,image/apng,image/svg+xml,image/*,*/*;q=0.8, Sec-Fetch-Site: same-origin, Sec-Fetch-Mode: no-cors, Sec-Fetch-Dest: image, Referer: http://localhost:1000/test02/displayFields.cc8?name=GET+-+application%2Fx-www-form-urlencoded&email=lab02%40galileo.edu, Accept-Encoding: gzip, deflate, br, zstd, Accept-Language: es-US,es;q=0.9,es-419;q=0.8,en;q=0.7, ]
240718174349455 Response.sendData()	INFO: GET /favicon.ico HTTP/1.1 || Host: localhost:1000 || Connection: keep-alive || sec-ch-ua: "Not/A)Brand";v="8", "Chromium";v="126", "Google Chrome";v="126" || sec-ch-ua-mobile: ?0 || User-Agent: Mozilla/5.0 (Windows NT 10.0; Win64; x64) AppleWebKit/537.36 (KHTML, like Gecko) Chrome/126.0.0.0 Safari/537.36 || sec-ch-ua-platform: "Windows" || Accept: image/avif,image/webp,image/apng,image/svg+xml,image/*,*/*;q=0.8 || Sec-Fetch-Site: same-origin || Sec-Fetch-Mode: no-cors || Sec-Fetch-Dest: image || Referer: http://localhost:1000/test02/displayFields.cc8?name=GET+-+application%2Fx-www-form-urlencoded&email=lab02%40galileo.edu || Accept-Encoding: gzip, deflate, br, zstd || Accept-Language: es-US,es;q=0.9,es-419;q=0.8,en;q=0.7 || 
240718174349457 Response.sendData()	INFO: GET /favicon.ico HTTP/1.1 
240718174349457 Response.sendData()	INFO:  Host: localhost:1000 
240718174349457 Response.sendData()	INFO:  
240718174349458 Response.sendData()	INFO: path: /favicon.ico
240718174349459 Response.sendData()	INFO: method: GET
240718174349459 Response.sendData()	INFO: path: /favicon.ico
240718174349460 Response.sendData()	INFO: NO SE ENCONTRÓ EL ARCHIVO SOLICITADO. (/favicon.ico)
240718174349460 Response.sendData()	INFO: fileContentType: application/octet-stream
240718174349461 Response.sendData()	INFO: extension: ico
240718174349461 Response.sendData()	INFO: fileContentType: application/octet-stream
240718174349462 Response.sendData()	INFO: GET: []
240718174349463 Response.sendData()	INFO: GET MAP: {}
240718174349464 Response.sendData()	INFO: NO SE ENCONTRÓ EL ARCHIVO SOLICITADO. (/favicon.ico)
240718174349465 ThreadServer.run()	INFO: (77) > Thread :: Time: 12 milliseconds
240718174349465 ThreadServer.run()	INFO: (77) > END #
240718174354468 ThreadServer.run()	INFO: (77) > Thread waiting for new client....
