240718221434225 ThreadServer.run()	INFO: (8) > Thread waiting for new client....
240718221505239 ThreadServer.run()	INFO: (8) > Thread Accepting connection >
240718221505240 Request.getData()	INFO: (8) request: [GET /test03/assets/css/bootstrap.min.css HTTP/1.1, Host: localhost:1000, Connection: keep-alive, sec-ch-ua: "Not/A)Brand";v="8", "Chromium";v="126", "Google Chrome";v="126", sec-ch-ua-mobile: ?0, User-Agent: Mozilla/5.0 (Windows NT 10.0; Win64; x64) AppleWebKit/537.36 (KHTML, like Gecko) Chrome/126.0.0.0 Safari/537.36, sec-ch-ua-platform: "Windows", Accept: text/css,*/*;q=0.1, Sec-Fetch-Site: same-origin, Sec-Fetch-Mode: no-cors, Sec-Fetch-Dest: style, Referer: http://localhost:1000/test03/contact.html, Accept-Encoding: gzip, deflate, br, zstd, Accept-Language: es-US,es;q=0.9,es-419;q=0.8,en;q=0.7, ]
240718221505241 Response.sendData()	INFO: GET /test03/assets/css/bootstrap.min.css HTTP/1.1 || Host: localhost:1000 || Connection: keep-alive || sec-ch-ua: "Not/A)Brand";v="8", "Chromium";v="126", "Google Chrome";v="126" || sec-ch-ua-mobile: ?0 || User-Agent: Mozilla/5.0 (Windows NT 10.0; Win64; x64) AppleWebKit/537.36 (KHTML, like Gecko) Chrome/126.0.0.0 Safari/537.36 || sec-ch-ua-platform: "Windows" || Accept: text/css,*/*;q=0.1 || Sec-Fetch-Site: same-origin || Sec-Fetch-Mode: no-cors || Sec-Fetch-Dest: style || Referer: http://localhost:1000/test03/contact.html || Accept-Encoding: gzip, deflate, br, zstd || Accept-Language: es-US,es;q=0.9,es-419;q=0.8,en;q=0.7 || 
240718221505242 Response.sendData()	INFO: requestContentType: 
240718221505242 Response.sendData()	INFO: GET /test03/assets/css/bootstrap.min.css HTTP/1.1 
240718221505242 Response.sendData()	INFO:  Host: localhost:1000 
240718221505242 Response.sendData()	INFO:  
240718221505243 Response.sendData()	INFO: path: /test03/assets/css/bootstrap.min.css
240718221505243 Response.sendData()	INFO: POST PARAMS : 
240718221505243 Response.sendData()	INFO: POST PAIRS MAP: {}
240718221505243 Response.sendData()	INFO: method: GET
240718221505244 Response.sendData()	INFO: path: /test03/assets/css/bootstrap.min.css
240718221505245 Response.sendData()	INFO: fileContentType: text/css
240718221505246 Response.sendData()	INFO: extension: css
240718221505246 Response.sendData()	INFO: fileContentType: text/css
240718221505247 Response.sendData()	INFO: GET: []
240718221505247 Response.sendData()	INFO: GET MAP: {}
240718221505248 Response.sendData()	INFO: POST PARAMS: 
240718221505248 Response.sendData()	INFO: POST PARAMS MAP: {}
240718221505248 Response.sendData()	INFO: POST PARAMS MAP`KEYS: []
240718221505249 ThreadServer.run()	INFO: (8) > Thread :: Time: 9 milliseconds
240718221505250 ThreadServer.run()	INFO: (8) > END #
240718221510256 ThreadServer.run()	INFO: (8) > Thread waiting for new client....
240718221541321 ThreadServer.run()	INFO: (8) > Thread Accepting connection >
240718221541324 Request.getData()	INFO: (8) request: [GET /test03/assets/img/blog/instagram/inst2.png HTTP/1.1, Host: localhost:1000, Connection: keep-alive, sec-ch-ua: "Not/A)Brand";v="8", "Chromium";v="126", "Google Chrome";v="126", sec-ch-ua-mobile: ?0, User-Agent: Mozilla/5.0 (Windows NT 10.0; Win64; x64) AppleWebKit/537.36 (KHTML, like Gecko) Chrome/126.0.0.0 Safari/537.36, sec-ch-ua-platform: "Windows", Accept: image/avif,image/webp,image/apng,image/svg+xml,image/*,*/*;q=0.8, Sec-Fetch-Site: same-origin, Sec-Fetch-Mode: no-cors, Sec-Fetch-Dest: image, Referer: http://localhost:1000/test03/blog.html, Accept-Encoding: gzip, deflate, br, zstd, Accept-Language: es-US,es;q=0.9,es-419;q=0.8,en;q=0.7, ]
240718221541325 Response.sendData()	INFO: GET /test03/assets/img/blog/instagram/inst2.png HTTP/1.1 || Host: localhost:1000 || Connection: keep-alive || sec-ch-ua: "Not/A)Brand";v="8", "Chromium";v="126", "Google Chrome";v="126" || sec-ch-ua-mobile: ?0 || User-Agent: Mozilla/5.0 (Windows NT 10.0; Win64; x64) AppleWebKit/537.36 (KHTML, like Gecko) Chrome/126.0.0.0 Safari/537.36 || sec-ch-ua-platform: "Windows" || Accept: image/avif,image/webp,image/apng,image/svg+xml,image/*,*/*;q=0.8 || Sec-Fetch-Site: same-origin || Sec-Fetch-Mode: no-cors || Sec-Fetch-Dest: image || Referer: http://localhost:1000/test03/blog.html || Accept-Encoding: gzip, deflate, br, zstd || Accept-Language: es-US,es;q=0.9,es-419;q=0.8,en;q=0.7 || 
240718221541328 Response.sendData()	INFO: requestContentType: 
240718221541330 Response.sendData()	INFO: GET /test03/assets/img/blog/instagram/inst2.png HTTP/1.1 
240718221541330 Response.sendData()	INFO:  Host: localhost:1000 
240718221541331 Response.sendData()	INFO:  
240718221541332 Response.sendData()	INFO: path: /test03/assets/img/blog/instagram/inst2.png
240718221541333 Response.sendData()	INFO: POST PARAMS : 
240718221541334 Response.sendData()	INFO: POST PAIRS MAP: {}
240718221541336 Response.sendData()	INFO: method: GET
240718221541337 Response.sendData()	INFO: path: /test03/assets/img/blog/instagram/inst2.png
240718221541338 Response.sendData()	INFO: fileContentType: image/png
240718221541338 Response.sendData()	INFO: extension: png
240718221541339 Response.sendData()	INFO: fileContentType: image/png
240718221541340 Response.sendData()	INFO: GET: []
240718221541341 Response.sendData()	INFO: GET MAP: {}
240718221541341 Response.sendData()	INFO: POST PARAMS: 
240718221541342 Response.sendData()	INFO: POST PARAMS MAP: {}
240718221541342 Response.sendData()	INFO: POST PARAMS MAP`KEYS: []
240718221541345 ThreadServer.run()	INFO: (8) > Thread :: Time: 21 milliseconds
240718221541345 ThreadServer.run()	INFO: (8) > END #
240718221546358 ThreadServer.run()	INFO: (8) > Thread waiting for new client....
240718221611963 ThreadServer.run()	INFO: (8) > Thread Accepting connection >
240718221611964 Request.getData()	INFO: (8) request: [GET /test02 HTTP/1.1, Host: localhost:1000, Connection: keep-alive, sec-ch-ua: "Not/A)Brand";v="8", "Chromium";v="126", "Google Chrome";v="126", sec-ch-ua-mobile: ?0, sec-ch-ua-platform: "Windows", Upgrade-Insecure-Requests: 1, User-Agent: Mozilla/5.0 (Windows NT 10.0; Win64; x64) AppleWebKit/537.36 (KHTML, like Gecko) Chrome/126.0.0.0 Safari/537.36, Accept: text/html,application/xhtml+xml,application/xml;q=0.9,image/avif,image/webp,image/apng,*/*;q=0.8,application/signed-exchange;v=b3;q=0.7, Sec-Fetch-Site: same-origin, Sec-Fetch-Mode: navigate, Sec-Fetch-User: ?1, Sec-Fetch-Dest: document, Referer: http://localhost:1000/test02/displayFields.cc8, Accept-Encoding: gzip, deflate, br, zstd, Accept-Language: es-US,es;q=0.9,es-419;q=0.8,en;q=0.7, ]
240718221611965 Response.sendData()	INFO: GET /test02 HTTP/1.1 || Host: localhost:1000 || Connection: keep-alive || sec-ch-ua: "Not/A)Brand";v="8", "Chromium";v="126", "Google Chrome";v="126" || sec-ch-ua-mobile: ?0 || sec-ch-ua-platform: "Windows" || Upgrade-Insecure-Requests: 1 || User-Agent: Mozilla/5.0 (Windows NT 10.0; Win64; x64) AppleWebKit/537.36 (KHTML, like Gecko) Chrome/126.0.0.0 Safari/537.36 || Accept: text/html,application/xhtml+xml,application/xml;q=0.9,image/avif,image/webp,image/apng,*/*;q=0.8,application/signed-exchange;v=b3;q=0.7 || Sec-Fetch-Site: same-origin || Sec-Fetch-Mode: navigate || Sec-Fetch-User: ?1 || Sec-Fetch-Dest: document || Referer: http://localhost:1000/test02/displayFields.cc8 || Accept-Encoding: gzip, deflate, br, zstd || Accept-Language: es-US,es;q=0.9,es-419;q=0.8,en;q=0.7 || 
240718221611965 Response.sendData()	INFO: requestContentType: 
240718221611966 Response.sendData()	INFO: GET /test02 HTTP/1.1 
240718221611966 Response.sendData()	INFO:  Host: localhost:1000 
240718221611966 Response.sendData()	INFO:  
240718221611967 Response.sendData()	INFO: path: /test02
240718221611967 Response.sendData()	INFO: POST PARAMS : 
240718221611967 Response.sendData()	INFO: POST PAIRS MAP: {}
240718221611967 Response.sendData()	INFO: method: GET
240718221611968 Response.sendData()	INFO: path: /test02/index.html
240718221611968 Response.sendData()	INFO: fileContentType: text/html
240718221611968 Response.sendData()	INFO: extension: html
240718221611969 Response.sendData()	INFO: fileContentType: text/html
240718221611969 Response.sendData()	INFO: GET: []
240718221611969 Response.sendData()	INFO: GET MAP: {}
240718221611969 Response.sendData()	INFO: POST PARAMS: 
240718221611970 Response.sendData()	INFO: POST PARAMS MAP: {}
240718221611970 Response.sendData()	INFO: POST PARAMS MAP`KEYS: []
240718221611970 ThreadServer.run()	INFO: (8) > Thread :: Time: 6 milliseconds
240718221611971 ThreadServer.run()	INFO: (8) > END #
