240718213650237 ThreadServer.run()	INFO: (8) > Thread waiting for new client....
240718213900162 ThreadServer.run()	INFO: (8) > Thread Accepting connection >
240718213900164 Request.getData()	INFO: (8) request: [GET /favicon.ico HTTP/1.1, Host: localhost:1000, Connection: keep-alive, sec-ch-ua: "Not/A)Brand";v="8", "Chromium";v="126", "Google Chrome";v="126", sec-ch-ua-mobile: ?0, User-Agent: Mozilla/5.0 (Windows NT 10.0; Win64; x64) AppleWebKit/537.36 (KHTML, like Gecko) Chrome/126.0.0.0 Safari/537.36, sec-ch-ua-platform: "Windows", Accept: */*, Sec-Fetch-Site: same-origin, Sec-Fetch-Mode: cors, Sec-Fetch-Dest: empty, Referer: http://localhost:1000/test02/displayFields.cc8, Accept-Encoding: gzip, deflate, br, zstd, Accept-Language: es-US,es;q=0.9,es-419;q=0.8,en;q=0.7, ]
240718213900166 Response.sendData()	INFO: GET /favicon.ico HTTP/1.1 || Host: localhost:1000 || Connection: keep-alive || sec-ch-ua: "Not/A)Brand";v="8", "Chromium";v="126", "Google Chrome";v="126" || sec-ch-ua-mobile: ?0 || User-Agent: Mozilla/5.0 (Windows NT 10.0; Win64; x64) AppleWebKit/537.36 (KHTML, like Gecko) Chrome/126.0.0.0 Safari/537.36 || sec-ch-ua-platform: "Windows" || Accept: */* || Sec-Fetch-Site: same-origin || Sec-Fetch-Mode: cors || Sec-Fetch-Dest: empty || Referer: http://localhost:1000/test02/displayFields.cc8 || Accept-Encoding: gzip, deflate, br, zstd || Accept-Language: es-US,es;q=0.9,es-419;q=0.8,en;q=0.7 || 
240718213900168 Response.sendData()	INFO: GET /favicon.ico HTTP/1.1 
240718213900168 Response.sendData()	INFO:  Host: localhost:1000 
240718213900169 Response.sendData()	INFO:  
240718213900169 Response.sendData()	INFO: path: /favicon.ico
240718213900170 Response.sendData()	INFO: POST PARAMS : 
240718213900170 Response.sendData()	INFO: POST PAIRS MAP: {}
240718213900170 Response.sendData()	INFO: method: GET
240718213900171 Response.sendData()	INFO: path: /favicon.ico
240718213900171 Response.sendData()	INFO: NO SE ENCONTRÓ EL ARCHIVO SOLICITADO. (/favicon.ico)
240718213900172 Response.sendData()	INFO: fileContentType: application/octet-stream
240718213900172 Response.sendData()	INFO: extension: ico
240718213900173 Response.sendData()	INFO: fileContentType: application/octet-stream
240718213900173 Response.sendData()	INFO: GET: []
240718213900173 Response.sendData()	INFO: GET MAP: {}
240718213900174 Response.sendData()	INFO: POST PARAMS: 
240718213900174 Response.sendData()	INFO: POST PARAMS MAP: {}
240718213900175 Response.sendData()	INFO: POST PARAMS MAP`KEYS: []
240718213900176 Response.sendData()	INFO: NO SE ENCONTRÓ EL ARCHIVO SOLICITADO. (/favicon.ico)
240718213900177 ThreadServer.run()	INFO: (8) > Thread :: Time: 14 milliseconds
240718213900177 ThreadServer.run()	INFO: (8) > END #
240718213905185 ThreadServer.run()	INFO: (8) > Thread waiting for new client....
