240718202130516 ThreadServer.run()	INFO: (8) > Thread waiting for new client....
240718202133124 ThreadServer.run()	INFO: (8) > Thread Accepting connection >
240718202133128 Request.getData()	INFO: (8) request: [GET /favicon.ico HTTP/1.1, Host: localhost:1000, Connection: keep-alive, sec-ch-ua: "Not/A)Brand";v="8", "Chromium";v="126", "Google Chrome";v="126", sec-ch-ua-mobile: ?0, User-Agent: Mozilla/5.0 (Windows NT 10.0; Win64; x64) AppleWebKit/537.36 (KHTML, like Gecko) Chrome/126.0.0.0 Safari/537.36, sec-ch-ua-platform: "Windows", Accept: */*, Sec-Fetch-Site: same-origin, Sec-Fetch-Mode: cors, Sec-Fetch-Dest: empty, Referer: http://localhost:1000/test02/displayFields.cc8, Accept-Encoding: gzip, deflate, br, zstd, Accept-Language: es-US,es;q=0.9,es-419;q=0.8,en;q=0.7, ]
240718202133130 Response.sendData()	INFO: GET /favicon.ico HTTP/1.1 || Host: localhost:1000 || Connection: keep-alive || sec-ch-ua: "Not/A)Brand";v="8", "Chromium";v="126", "Google Chrome";v="126" || sec-ch-ua-mobile: ?0 || User-Agent: Mozilla/5.0 (Windows NT 10.0; Win64; x64) AppleWebKit/537.36 (KHTML, like Gecko) Chrome/126.0.0.0 Safari/537.36 || sec-ch-ua-platform: "Windows" || Accept: */* || Sec-Fetch-Site: same-origin || Sec-Fetch-Mode: cors || Sec-Fetch-Dest: empty || Referer: http://localhost:1000/test02/displayFields.cc8 || Accept-Encoding: gzip, deflate, br, zstd || Accept-Language: es-US,es;q=0.9,es-419;q=0.8,en;q=0.7 || 
240718202133132 Response.sendData()	INFO: GET /favicon.ico HTTP/1.1 
240718202133133 Response.sendData()	INFO:  Host: localhost:1000 
240718202133134 Response.sendData()	INFO:  
240718202133135 Response.sendData()	INFO: path: /favicon.ico
240718202133136 Response.sendData()	INFO: POST PARAMS : 
240718202133141 Response.sendData()	INFO: POST PAIRS MAP: {}
240718202133145 Response.sendData()	INFO: method: GET
240718202133146 Response.sendData()	INFO: path: /favicon.ico
240718202133148 Response.sendData()	INFO: NO SE ENCONTRÓ EL ARCHIVO SOLICITADO. (/favicon.ico)
240718202133149 Response.sendData()	INFO: fileContentType: application/octet-stream
240718202133149 Response.sendData()	INFO: extension: ico
240718202133150 Response.sendData()	INFO: fileContentType: application/octet-stream
240718202133150 Response.sendData()	INFO: GET: []
240718202133151 Response.sendData()	INFO: GET MAP: {}
240718202133152 Response.sendData()	INFO: POST PARAMS: 
240718202133153 Response.sendData()	INFO: POST PARAMS MAP: {}
240718202133154 Response.sendData()	INFO: POST PARAMS MAP`KEYS: []
240718202133162 Response.sendData()	INFO: NO SE ENCONTRÓ EL ARCHIVO SOLICITADO. (/favicon.ico)
240718202133165 ThreadServer.run()	INFO: (8) > Thread :: Time: 38 milliseconds
240718202133166 ThreadServer.run()	INFO: (8) > END #
240718202138175 ThreadServer.run()	INFO: (8) > Thread waiting for new client....
