240718182739063 ThreadServer.run()	INFO: (8) > Thread waiting for new client....
240718182743249 ThreadServer.run()	INFO: (8) > Thread Accepting connection >
240718182743261 Request.getData()	INFO: (8) request: [GET /test02/ HTTP/1.1, Host: localhost:1000, Connection: keep-alive, Cache-Control: max-age=0, sec-ch-ua: "Not/A)Brand";v="8", "Chromium";v="126", "Google Chrome";v="126", sec-ch-ua-mobile: ?0, sec-ch-ua-platform: "Windows", Upgrade-Insecure-Requests: 1, User-Agent: Mozilla/5.0 (Windows NT 10.0; Win64; x64) AppleWebKit/537.36 (KHTML, like Gecko) Chrome/126.0.0.0 Safari/537.36, Accept: text/html,application/xhtml+xml,application/xml;q=0.9,image/avif,image/webp,image/apng,*/*;q=0.8,application/signed-exchange;v=b3;q=0.7, Sec-Fetch-Site: same-origin, Sec-Fetch-Mode: navigate, Sec-Fetch-User: ?1, Sec-Fetch-Dest: document, Referer: http://localhost:1000/, Accept-Encoding: gzip, deflate, br, zstd, Accept-Language: es-US,es;q=0.9,es-419;q=0.8,en;q=0.7, ]
240718182743269 Response.sendData()	INFO: GET /test02/ HTTP/1.1 || Host: localhost:1000 || Connection: keep-alive || Cache-Control: max-age=0 || sec-ch-ua: "Not/A)Brand";v="8", "Chromium";v="126", "Google Chrome";v="126" || sec-ch-ua-mobile: ?0 || sec-ch-ua-platform: "Windows" || Upgrade-Insecure-Requests: 1 || User-Agent: Mozilla/5.0 (Windows NT 10.0; Win64; x64) AppleWebKit/537.36 (KHTML, like Gecko) Chrome/126.0.0.0 Safari/537.36 || Accept: text/html,application/xhtml+xml,application/xml;q=0.9,image/avif,image/webp,image/apng,*/*;q=0.8,application/signed-exchange;v=b3;q=0.7 || Sec-Fetch-Site: same-origin || Sec-Fetch-Mode: navigate || Sec-Fetch-User: ?1 || Sec-Fetch-Dest: document || Referer: http://localhost:1000/ || Accept-Encoding: gzip, deflate, br, zstd || Accept-Language: es-US,es;q=0.9,es-419;q=0.8,en;q=0.7 || 
240718182743272 Response.sendData()	INFO: GET /test02/ HTTP/1.1 
240718182743273 Response.sendData()	INFO:  Host: localhost:1000 
240718182743275 Response.sendData()	INFO:  
240718182743276 Response.sendData()	INFO: path: /test02/
240718182743278 Response.sendData()	INFO: POST PARAMS :  
240718182743279 Response.sendData()	INFO: POST PAIRS MAP: {}
240718182743283 Response.sendData()	INFO: method: GET
240718182743284 Response.sendData()	INFO: path: /test02/index.html
240718182743303 Response.sendData()	INFO: fileContentType: text/html
240718182743305 Response.sendData()	INFO: extension: html
240718182743305 Response.sendData()	INFO: fileContentType: text/html
240718182743320 Response.sendData()	INFO: GET: []
240718182743327 Response.sendData()	INFO: GET MAP: {}
240718182743339 Response.sendData()	INFO: POST PARAMS:  
240718182743341 Response.sendData()	INFO: POST PARAMS MAP: {}
240718182743387 ThreadServer.run()	INFO: (8) > Thread :: Time: 108 milliseconds
240718182743390 ThreadServer.run()	INFO: (8) > END #
240718182748399 ThreadServer.run()	INFO: (8) > Thread waiting for new client....
