240718174335161 ThreadServer.run()	INFO: (82) > Thread waiting for new client....
240718174349427 ThreadServer.run()	INFO: (82) > Thread Accepting connection >
240718174349428 Request.getData()	INFO: (82) request: [GET /favicon.ico HTTP/1.1, Host: localhost:1000, Connection: keep-alive, sec-ch-ua: "Not/A)Brand";v="8", "Chromium";v="126", "Google Chrome";v="126", sec-ch-ua-mobile: ?0, User-Agent: Mozilla/5.0 (Windows NT 10.0; Win64; x64) AppleWebKit/537.36 (KHTML, like Gecko) Chrome/126.0.0.0 Safari/537.36, sec-ch-ua-platform: "Windows", Accept: */*, Sec-Fetch-Site: same-origin, Sec-Fetch-Mode: cors, Sec-Fetch-Dest: empty, Referer: http://localhost:1000/test02/displayFields.cc8?name=GET+-+application%2Fx-www-form-urlencoded&email=lab02%40galileo.edu, Accept-Encoding: gzip, deflate, br, zstd, Accept-Language: es-US,es;q=0.9,es-419;q=0.8,en;q=0.7, ]
240718174349430 Response.sendData()	INFO: GET /favicon.ico HTTP/1.1 || Host: localhost:1000 || Connection: keep-alive || sec-ch-ua: "Not/A)Brand";v="8", "Chromium";v="126", "Google Chrome";v="126" || sec-ch-ua-mobile: ?0 || User-Agent: Mozilla/5.0 (Windows NT 10.0; Win64; x64) AppleWebKit/537.36 (KHTML, like Gecko) Chrome/126.0.0.0 Safari/537.36 || sec-ch-ua-platform: "Windows" || Accept: */* || Sec-Fetch-Site: same-origin || Sec-Fetch-Mode: cors || Sec-Fetch-Dest: empty || Referer: http://localhost:1000/test02/displayFields.cc8?name=GET+-+application%2Fx-www-form-urlencoded&email=lab02%40galileo.edu || Accept-Encoding: gzip, deflate, br, zstd || Accept-Language: es-US,es;q=0.9,es-419;q=0.8,en;q=0.7 || 
240718174349431 Response.sendData()	INFO: GET /favicon.ico HTTP/1.1 
240718174349432 Response.sendData()	INFO:  Host: localhost:1000 
240718174349432 Response.sendData()	INFO:  
240718174349433 Response.sendData()	INFO: path: /favicon.ico
240718174349433 Response.sendData()	INFO: method: GET
240718174349434 Response.sendData()	INFO: path: /favicon.ico
240718174349435 Response.sendData()	INFO: NO SE ENCONTRÓ EL ARCHIVO SOLICITADO. (/favicon.ico)
240718174349435 Response.sendData()	INFO: fileContentType: application/octet-stream
240718174349436 Response.sendData()	INFO: extension: ico
240718174349436 Response.sendData()	INFO: fileContentType: application/octet-stream
240718174349437 Response.sendData()	INFO: GET: []
240718174349438 Response.sendData()	INFO: GET MAP: {}
240718174349439 Response.sendData()	INFO: NO SE ENCONTRÓ EL ARCHIVO SOLICITADO. (/favicon.ico)
240718174349440 ThreadServer.run()	INFO: (82) > Thread :: Time: 12 milliseconds
240718174349441 ThreadServer.run()	INFO: (82) > END #
240718174354452 ThreadServer.run()	INFO: (82) > Thread waiting for new client....
