240718174335180 ThreadServer.run()	INFO: (88) > Thread waiting for new client....
240718175815418 ThreadServer.run()	INFO: (88) > Thread Accepting connection >
240718175815418 Request.getData()	INFO: (88) request: [GET /favicon.ico HTTP/1.1, Host: localhost:1000, Connection: keep-alive, sec-ch-ua: "Not/A)Brand";v="8", "Chromium";v="126", "Google Chrome";v="126", sec-ch-ua-mobile: ?0, User-Agent: Mozilla/5.0 (Windows NT 10.0; Win64; x64) AppleWebKit/537.36 (KHTML, like Gecko) Chrome/126.0.0.0 Safari/537.36, sec-ch-ua-platform: "Windows", Accept: image/avif,image/webp,image/apng,image/svg+xml,image/*,*/*;q=0.8, Sec-Fetch-Site: same-origin, Sec-Fetch-Mode: no-cors, Sec-Fetch-Dest: image, Referer: http://localhost:1000/test02/displayFields.cc8?name=GET+-+application%2Fx-www-form-urlencoded&email=lab02%40galileo.edu, Accept-Encoding: gzip, deflate, br, zstd, Accept-Language: es-US,es;q=0.9,es-419;q=0.8,en;q=0.7, ]
240718175815420 Response.sendData()	INFO: GET /favicon.ico HTTP/1.1 || Host: localhost:1000 || Connection: keep-alive || sec-ch-ua: "Not/A)Brand";v="8", "Chromium";v="126", "Google Chrome";v="126" || sec-ch-ua-mobile: ?0 || User-Agent: Mozilla/5.0 (Windows NT 10.0; Win64; x64) AppleWebKit/537.36 (KHTML, like Gecko) Chrome/126.0.0.0 Safari/537.36 || sec-ch-ua-platform: "Windows" || Accept: image/avif,image/webp,image/apng,image/svg+xml,image/*,*/*;q=0.8 || Sec-Fetch-Site: same-origin || Sec-Fetch-Mode: no-cors || Sec-Fetch-Dest: image || Referer: http://localhost:1000/test02/displayFields.cc8?name=GET+-+application%2Fx-www-form-urlencoded&email=lab02%40galileo.edu || Accept-Encoding: gzip, deflate, br, zstd || Accept-Language: es-US,es;q=0.9,es-419;q=0.8,en;q=0.7 || 
240718175815421 Response.sendData()	INFO: GET /favicon.ico HTTP/1.1 
240718175815421 Response.sendData()	INFO:  Host: localhost:1000 
240718175815421 Response.sendData()	INFO:  
240718175815422 Response.sendData()	INFO: path: /favicon.ico
240718175815422 Response.sendData()	INFO: method: GET
240718175815423 Response.sendData()	INFO: path: /favicon.ico
240718175815423 Response.sendData()	INFO: NO SE ENCONTRÓ EL ARCHIVO SOLICITADO. (/favicon.ico)
240718175815424 Response.sendData()	INFO: fileContentType: application/octet-stream
240718175815425 Response.sendData()	INFO: extension: ico
240718175815426 Response.sendData()	INFO: fileContentType: application/octet-stream
240718175815426 Response.sendData()	INFO: GET: []
240718175815426 Response.sendData()	INFO: GET MAP: {}
240718175815427 Response.sendData()	INFO: NO SE ENCONTRÓ EL ARCHIVO SOLICITADO. (/favicon.ico)
240718175815428 ThreadServer.run()	INFO: (88) > Thread :: Time: 10 milliseconds
240718175815429 ThreadServer.run()	INFO: (88) > END #
240718175820431 ThreadServer.run()	INFO: (88) > Thread waiting for new client....
