240718215741202 ThreadServer.run()	INFO: (9) > Thread waiting for new client....
240718215803890 ThreadServer.run()	INFO: (9) > Thread Accepting connection >
240718215803891 Request.getData()	INFO: (9) request: [GET /favicon.ico HTTP/1.1, Host: localhost:1000, Connection: keep-alive, sec-ch-ua: "Not/A)Brand";v="8", "Chromium";v="126", "Google Chrome";v="126", sec-ch-ua-mobile: ?0, User-Agent: Mozilla/5.0 (Windows NT 10.0; Win64; x64) AppleWebKit/537.36 (KHTML, like Gecko) Chrome/126.0.0.0 Safari/537.36, sec-ch-ua-platform: "Windows", Accept: */*, Sec-Fetch-Site: same-origin, Sec-Fetch-Mode: cors, Sec-Fetch-Dest: empty, Referer: http://localhost:1000/test02/displayFields.cc8, Accept-Encoding: gzip, deflate, br, zstd, Accept-Language: es-US,es;q=0.9,es-419;q=0.8,en;q=0.7, ]
240718215803892 Response.sendData()	INFO: GET /favicon.ico HTTP/1.1 || Host: localhost:1000 || Connection: keep-alive || sec-ch-ua: "Not/A)Brand";v="8", "Chromium";v="126", "Google Chrome";v="126" || sec-ch-ua-mobile: ?0 || User-Agent: Mozilla/5.0 (Windows NT 10.0; Win64; x64) AppleWebKit/537.36 (KHTML, like Gecko) Chrome/126.0.0.0 Safari/537.36 || sec-ch-ua-platform: "Windows" || Accept: */* || Sec-Fetch-Site: same-origin || Sec-Fetch-Mode: cors || Sec-Fetch-Dest: empty || Referer: http://localhost:1000/test02/displayFields.cc8 || Accept-Encoding: gzip, deflate, br, zstd || Accept-Language: es-US,es;q=0.9,es-419;q=0.8,en;q=0.7 || 
240718215803893 Response.sendData()	INFO: requestContentType: 
240718215803893 Response.sendData()	INFO: GET /favicon.ico HTTP/1.1 
240718215803894 Response.sendData()	INFO:  Host: localhost:1000 
240718215803894 Response.sendData()	INFO:  
240718215803894 Response.sendData()	INFO: path: /favicon.ico
240718215803895 Response.sendData()	INFO: POST PARAMS : 
240718215803895 Response.sendData()	INFO: POST PAIRS MAP: {}
240718215803896 Response.sendData()	INFO: method: GET
240718215803896 Response.sendData()	INFO: path: /favicon.ico
240718215803897 Response.sendData()	INFO: NO SE ENCONTRÓ EL ARCHIVO SOLICITADO. (/favicon.ico)
240718215803897 Response.sendData()	INFO: fileContentType: application/octet-stream
240718215803897 Response.sendData()	INFO: extension: ico
240718215803898 Response.sendData()	INFO: fileContentType: application/octet-stream
240718215803898 Response.sendData()	INFO: GET: []
240718215803898 Response.sendData()	INFO: GET MAP: {}
240718215803899 Response.sendData()	INFO: POST PARAMS: 
240718215803899 Response.sendData()	INFO: POST PARAMS MAP: {}
240718215803899 Response.sendData()	INFO: POST PARAMS MAP`KEYS: []
240718215803900 Response.sendData()	INFO: NO SE ENCONTRÓ EL ARCHIVO SOLICITADO. (/favicon.ico)
240718215803900 ThreadServer.run()	INFO: (9) > Thread :: Time: 9 milliseconds
240718215803901 ThreadServer.run()	INFO: (9) > END #
240718215808916 ThreadServer.run()	INFO: (9) > Thread waiting for new client....
