240718201912290 ThreadServer.run()	INFO: (9) > Thread waiting for new client....
240718201918504 ThreadServer.run()	INFO: (9) > Thread Accepting connection >
240718201918514 Request.getData()	INFO: (9) request: [GET /test02/ HTTP/1.1, Host: localhost:1000, Connection: keep-alive, Cache-Control: max-age=0, sec-ch-ua: "Not/A)Brand";v="8", "Chromium";v="126", "Google Chrome";v="126", sec-ch-ua-mobile: ?0, sec-ch-ua-platform: "Windows", Upgrade-Insecure-Requests: 1, User-Agent: Mozilla/5.0 (Windows NT 10.0; Win64; x64) AppleWebKit/537.36 (KHTML, like Gecko) Chrome/126.0.0.0 Safari/537.36, Accept: text/html,application/xhtml+xml,application/xml;q=0.9,image/avif,image/webp,image/apng,*/*;q=0.8,application/signed-exchange;v=b3;q=0.7, Sec-Fetch-Site: same-origin, Sec-Fetch-Mode: navigate, Sec-Fetch-User: ?1, Sec-Fetch-Dest: document, Referer: http://localhost:1000/, Accept-Encoding: gzip, deflate, br, zstd, Accept-Language: es-US,es;q=0.9,es-419;q=0.8,en;q=0.7, ]
240718201918539 Response.sendData()	INFO: GET /test02/ HTTP/1.1 || Host: localhost:1000 || Connection: keep-alive || Cache-Control: max-age=0 || sec-ch-ua: "Not/A)Brand";v="8", "Chromium";v="126", "Google Chrome";v="126" || sec-ch-ua-mobile: ?0 || sec-ch-ua-platform: "Windows" || Upgrade-Insecure-Requests: 1 || User-Agent: Mozilla/5.0 (Windows NT 10.0; Win64; x64) AppleWebKit/537.36 (KHTML, like Gecko) Chrome/126.0.0.0 Safari/537.36 || Accept: text/html,application/xhtml+xml,application/xml;q=0.9,image/avif,image/webp,image/apng,*/*;q=0.8,application/signed-exchange;v=b3;q=0.7 || Sec-Fetch-Site: same-origin || Sec-Fetch-Mode: navigate || Sec-Fetch-User: ?1 || Sec-Fetch-Dest: document || Referer: http://localhost:1000/ || Accept-Encoding: gzip, deflate, br, zstd || Accept-Language: es-US,es;q=0.9,es-419;q=0.8,en;q=0.7 || 
240718201918541 Response.sendData()	INFO: GET /test02/ HTTP/1.1 
240718201918543 Response.sendData()	INFO:  Host: localhost:1000 
240718201918544 Response.sendData()	INFO:  
240718201918545 Response.sendData()	INFO: path: /test02/
240718201918547 Response.sendData()	INFO: POST PARAMS : 
240718201918548 Response.sendData()	INFO: POST PAIRS MAP: {}
240718201918549 Response.sendData()	INFO: method: GET
240718201918550 Response.sendData()	INFO: path: /test02/index.html
240718201918563 Response.sendData()	INFO: fileContentType: text/html
240718201918564 Response.sendData()	INFO: extension: html
240718201918565 Response.sendData()	INFO: fileContentType: text/html
240718201918566 Response.sendData()	INFO: GET: []
240718201918567 Response.sendData()	INFO: GET MAP: {}
240718201918568 Response.sendData()	INFO: POST PARAMS: 
240718201918568 Response.sendData()	INFO: POST PARAMS MAP: {}
240718201918570 Response.sendData()	INFO: POST PARAMS MAP`KEYS: []
240718201918599 ThreadServer.run()	INFO: (9) > Thread :: Time: 80 milliseconds
240718201918601 ThreadServer.run()	INFO: (9) > END #
240718201923604 ThreadServer.run()	INFO: (9) > Thread waiting for new client....
