240718181725314 ThreadServer.run()	INFO: (9) > Thread waiting for new client....
240718181729280 ThreadServer.run()	INFO: (9) > Thread Accepting connection >
240718181729284 Request.getData()	INFO: (9) request: [GET /favicon.ico HTTP/1.1, Host: localhost:1000, Connection: keep-alive, sec-ch-ua: "Not/A)Brand";v="8", "Chromium";v="126", "Google Chrome";v="126", sec-ch-ua-mobile: ?0, User-Agent: Mozilla/5.0 (Windows NT 10.0; Win64; x64) AppleWebKit/537.36 (KHTML, like Gecko) Chrome/126.0.0.0 Safari/537.36, sec-ch-ua-platform: "Windows", Accept: image/avif,image/webp,image/apng,image/svg+xml,image/*,*/*;q=0.8, Sec-Fetch-Site: same-origin, Sec-Fetch-Mode: no-cors, Sec-Fetch-Dest: image, Referer: http://localhost:1000/test02/, Accept-Encoding: gzip, deflate, br, zstd, Accept-Language: es-US,es;q=0.9,es-419;q=0.8,en;q=0.7, ]
240718181729286 Response.sendData()	INFO: GET /favicon.ico HTTP/1.1 || Host: localhost:1000 || Connection: keep-alive || sec-ch-ua: "Not/A)Brand";v="8", "Chromium";v="126", "Google Chrome";v="126" || sec-ch-ua-mobile: ?0 || User-Agent: Mozilla/5.0 (Windows NT 10.0; Win64; x64) AppleWebKit/537.36 (KHTML, like Gecko) Chrome/126.0.0.0 Safari/537.36 || sec-ch-ua-platform: "Windows" || Accept: image/avif,image/webp,image/apng,image/svg+xml,image/*,*/*;q=0.8 || Sec-Fetch-Site: same-origin || Sec-Fetch-Mode: no-cors || Sec-Fetch-Dest: image || Referer: http://localhost:1000/test02/ || Accept-Encoding: gzip, deflate, br, zstd || Accept-Language: es-US,es;q=0.9,es-419;q=0.8,en;q=0.7 || 
240718181729288 Response.sendData()	INFO: GET /favicon.ico HTTP/1.1 
240718181729289 Response.sendData()	INFO:  Host: localhost:1000 
240718181729290 Response.sendData()	INFO:  
240718181729291 Response.sendData()	INFO: path: /favicon.ico
240718181729292 Response.sendData()	INFO: POST PARAMS :  
240718181729293 Response.sendData()	INFO: POST PAIRS MAP: {}
240718181729294 Response.sendData()	INFO: method: GET
240718181729295 Response.sendData()	INFO: path: /favicon.ico
240718181729296 Response.sendData()	INFO: NO SE ENCONTRÓ EL ARCHIVO SOLICITADO. (/favicon.ico)
240718181729297 Response.sendData()	INFO: fileContentType: application/octet-stream
240718181729298 Response.sendData()	INFO: extension: ico
240718181729299 Response.sendData()	INFO: fileContentType: application/octet-stream
240718181729301 Response.sendData()	INFO: GET: []
240718181729302 Response.sendData()	INFO: GET MAP: {}
240718181729303 Response.sendData()	INFO: POST PARAMS :  
240718181729304 Response.sendData()	INFO: NO SE ENCONTRÓ EL ARCHIVO SOLICITADO. (/favicon.ico)
240718181729305 ThreadServer.run()	INFO: (9) > Thread :: Time: 22 milliseconds
240718181729306 ThreadServer.run()	INFO: (9) > END #
240718181734308 ThreadServer.run()	INFO: (9) > Thread waiting for new client....
