240718181534560 ThreadServer.run()	INFO: (9) > Thread waiting for new client....
240718181543155 ThreadServer.run()	INFO: (9) > Thread Accepting connection >
240718181543156 Request.getData()	INFO: (9) request: [GET /favicon.ico HTTP/1.1, Host: localhost:1000, Connection: keep-alive, sec-ch-ua: "Not/A)Brand";v="8", "Chromium";v="126", "Google Chrome";v="126", sec-ch-ua-mobile: ?0, User-Agent: Mozilla/5.0 (Windows NT 10.0; Win64; x64) AppleWebKit/537.36 (KHTML, like Gecko) Chrome/126.0.0.0 Safari/537.36, sec-ch-ua-platform: "Windows", Accept: */*, Sec-Fetch-Site: same-origin, Sec-Fetch-Mode: cors, Sec-Fetch-Dest: empty, Referer: http://localhost:1000/test02/displayFields.cc8, Accept-Encoding: gzip, deflate, br, zstd, Accept-Language: es-US,es;q=0.9,es-419;q=0.8,en;q=0.7, ]
240718181543158 Response.sendData()	INFO: GET /favicon.ico HTTP/1.1 || Host: localhost:1000 || Connection: keep-alive || sec-ch-ua: "Not/A)Brand";v="8", "Chromium";v="126", "Google Chrome";v="126" || sec-ch-ua-mobile: ?0 || User-Agent: Mozilla/5.0 (Windows NT 10.0; Win64; x64) AppleWebKit/537.36 (KHTML, like Gecko) Chrome/126.0.0.0 Safari/537.36 || sec-ch-ua-platform: "Windows" || Accept: */* || Sec-Fetch-Site: same-origin || Sec-Fetch-Mode: cors || Sec-Fetch-Dest: empty || Referer: http://localhost:1000/test02/displayFields.cc8 || Accept-Encoding: gzip, deflate, br, zstd || Accept-Language: es-US,es;q=0.9,es-419;q=0.8,en;q=0.7 || 
240718181543159 Response.sendData()	INFO: GET /favicon.ico HTTP/1.1 
240718181543160 Response.sendData()	INFO:  Host: localhost:1000 
240718181543161 Response.sendData()	INFO:  
240718181543162 Response.sendData()	INFO: path: /favicon.ico
240718181543163 Response.sendData()	INFO: POST PARAMS :  
240718181543163 Response.sendData()	INFO: method: GET
240718181543164 Response.sendData()	INFO: path: /favicon.ico
240718181543165 Response.sendData()	INFO: NO SE ENCONTRÓ EL ARCHIVO SOLICITADO. (/favicon.ico)
240718181543165 Response.sendData()	INFO: fileContentType: application/octet-stream
240718181543166 Response.sendData()	INFO: extension: ico
240718181543167 Response.sendData()	INFO: fileContentType: application/octet-stream
240718181543167 Response.sendData()	INFO: GET: []
240718181543168 Response.sendData()	INFO: GET MAP: {}
240718181543169 Response.sendData()	INFO: POST PARAMS :  
240718181543170 Response.sendData()	INFO: NO SE ENCONTRÓ EL ARCHIVO SOLICITADO. (/favicon.ico)
240718181543172 ThreadServer.run()	INFO: (9) > Thread :: Time: 17 milliseconds
240718181543173 ThreadServer.run()	INFO: (9) > END #
240718181548187 ThreadServer.run()	INFO: (9) > Thread waiting for new client....
