240718220352710 ThreadServer.run()	INFO: (9) > Thread waiting for new client....
240718220357410 ThreadServer.run()	INFO: (9) > Thread Accepting connection >
240718220357412 Request.getData()	INFO: (9) request: [POST /test02/displayFields.cc8 HTTP/1.1, Host: localhost:1000, Connection: keep-alive, Content-Length: 270, Cache-Control: max-age=0, sec-ch-ua: "Not/A)Brand";v="8", "Chromium";v="126", "Google Chrome";v="126", sec-ch-ua-mobile: ?0, sec-ch-ua-platform: "Windows", Upgrade-Insecure-Requests: 1, Origin: http://localhost:1000, Content-Type: multipart/form-data; boundary=----WebKitFormBoundaryA3t6zVxMnIc3Um9Y, User-Agent: Mozilla/5.0 (Windows NT 10.0; Win64; x64) AppleWebKit/537.36 (KHTML, like Gecko) Chrome/126.0.0.0 Safari/537.36, Accept: text/html,application/xhtml+xml,application/xml;q=0.9,image/avif,image/webp,image/apng,*/*;q=0.8,application/signed-exchange;v=b3;q=0.7, Sec-Fetch-Site: same-origin, Sec-Fetch-Mode: navigate, Sec-Fetch-User: ?1, Sec-Fetch-Dest: document, Referer: http://localhost:1000/test02, Accept-Encoding: gzip, deflate, br, zstd, Accept-Language: es-US,es;q=0.9,es-419;q=0.8,en;q=0.7, ------WebKitFormBoundaryA3t6zVxMnIc3Um9Y
Content-Disposition: form-data; name="name"

POST - multipart/form-data
------WebKitFormBoundaryA3t6zVxMnIc3Um9Y
Content-Disposition: form-data; name="email"

lab02@galileo.edu
------WebKitFormBoundaryA3t6zVxMnIc3Um9Y--
]
240718220357416 Response.sendData()	INFO: POST /test02/displayFields.cc8 HTTP/1.1 || Host: localhost:1000 || Connection: keep-alive || Content-Length: 270 || Cache-Control: max-age=0 || sec-ch-ua: "Not/A)Brand";v="8", "Chromium";v="126", "Google Chrome";v="126" || sec-ch-ua-mobile: ?0 || sec-ch-ua-platform: "Windows" || Upgrade-Insecure-Requests: 1 || Origin: http://localhost:1000 || Content-Type: multipart/form-data; boundary=----WebKitFormBoundaryA3t6zVxMnIc3Um9Y || User-Agent: Mozilla/5.0 (Windows NT 10.0; Win64; x64) AppleWebKit/537.36 (KHTML, like Gecko) Chrome/126.0.0.0 Safari/537.36 || Accept: text/html,application/xhtml+xml,application/xml;q=0.9,image/avif,image/webp,image/apng,*/*;q=0.8,application/signed-exchange;v=b3;q=0.7 || Sec-Fetch-Site: same-origin || Sec-Fetch-Mode: navigate || Sec-Fetch-User: ?1 || Sec-Fetch-Dest: document || Referer: http://localhost:1000/test02 || Accept-Encoding: gzip, deflate, br, zstd || Accept-Language: es-US,es;q=0.9,es-419;q=0.8,en;q=0.7 || ------WebKitFormBoundaryA3t6zVxMnIc3Um9Y
Content-Disposition: form-data; name="name"

POST - multipart/form-data
------WebKitFormBoundaryA3t6zVxMnIc3Um9Y
Content-Disposition: form-data; name="email"

lab02@galileo.edu
------WebKitFormBoundaryA3t6zVxMnIc3Um9Y--

240718220357420 Response.sendData()	INFO: requestContentType: multipart/form-data; boundary=----WebKitFormBoundaryA3t6zVxMnIc3Um9Y 
240718220357421 Response.sendData()	INFO: POST /test02/displayFields.cc8 HTTP/1.1 
240718220357421 Response.sendData()	INFO:  Host: localhost:1000 
240718220357422 Response.sendData()	INFO:  ------WebKitFormBoundaryA3t6zVxMnIc3Um9Y
Content-Disposition: form-data; name="name"

POST - multipart/form-data
------WebKitFormBoundaryA3t6zVxMnIc3Um9Y
Content-Disposition: form-data; name="email"

lab02@galileo.edu
------WebKitFormBoundaryA3t6zVxMnIc3Um9Y--

240718220357424 Response.sendData()	INFO: path: /test02/displayFields.cc8
240718220357425 Response.sendData()	INFO: POST PARAMS : ------WebKitFormBoundaryA3t6zVxMnIc3Um9Y
Content-Disposition: form-data; name="name"

POST - multipart/form-data
------WebKitFormBoundaryA3t6zVxMnIc3Um9Y
Content-Disposition: form-data; name="email"

lab02@galileo.edu
------WebKitFormBoundaryA3t6zVxMnIc3Um9Y--
240718220357427 Response.sendData()	INFO: 


 reqBoundary:----WebKitFormBoundaryA3t6zVxMnIc3Um9Y 



240718220357429 Response.sendData()	INFO: Post Params ARRAY: [------WebKitFormBoundaryA3t6zVxMnIc3Um9Y
Content-Disposition: form-data; name="name"

POST - multipart/form-data
------WebKitFormBoundaryA3t6zVxMnIc3Um9Y
Content-Disposition: form-data; name="email"

lab02@galileo.edu
------WebKitFormBoundaryA3t6zVxMnIc3Um9Y--]
240718220357432 Response.sendData()	INFO: Post Params ARRAY: 1
240718220357432 Response.sendData()	INFO: POST PAIRS MAP: {}
240718220357433 Response.sendData()	INFO: method: POST
240718220357434 Response.sendData()	INFO: path: /test02/displayFields.cc8
240718220357435 Response.sendData()	INFO: fileContentType: application/octet-stream
240718220357436 Response.sendData()	INFO: extension: cc8
240718220357436 Response.sendData()	INFO: fileContentType: text/html
240718220357438 Response.sendData()	INFO: GET: []
240718220357438 Response.sendData()	INFO: GET MAP: {}
240718220357439 Response.sendData()	INFO: POST PARAMS: ------WebKitFormBoundaryA3t6zVxMnIc3Um9Y
Content-Disposition: form-data; name="name"

POST - multipart/form-data
------WebKitFormBoundaryA3t6zVxMnIc3Um9Y
Content-Disposition: form-data; name="email"

lab02@galileo.edu
------WebKitFormBoundaryA3t6zVxMnIc3Um9Y--
240718220357441 Response.sendData()	INFO: POST PARAMS MAP: {}
240718220357442 Response.sendData()	INFO: POST PARAMS MAP`KEYS: []
240718220357444 ThreadServer.run()	INFO: (9) > Thread :: Time: 33 milliseconds
240718220357445 ThreadServer.run()	INFO: (9) > END #
240718220402450 ThreadServer.run()	INFO: (9) > Thread waiting for new client....
