240803232013056 IMAPServer$ClientHandler.run()	INFO: < * OK [CAPABILITY IMAP4rev1] IMAP Server Ready
240803232013070 IMAPServer$ClientHandler.run()	INFO: > 38 login "julio2@julio.com" "admin"
240803232013074 IMAPServer$ClientHandler.run()	INFO: < 38 OK LOGIN completed
240803232013076 IMAPServer$ClientHandler.run()	INFO: > 39 capability
240803232013078 IMAPServer$ClientHandler.run()	INFO: < 39 OK [CAPABILITY IMAP4rev1 LITERAL+ SASL-IR LOGIN-REFERRALS ID ENABLE IDLE SORT SORT=DISPLAY THREAD=REFERENCES THREAD=REFS THREAD=ORDEREDSUBJECT MULTIAPPEND URL-PARTIAL CATENATE UNSELECT CHILDREN NAMESPACE UIDPLUS LIST-EXTENDED I18NLEVEL=1 CONDSTORE QRESYNC ESEARCH ESORT SEARCHRES WITHIN CONTEXT=SEARCH LIST-STATUS BINARY MOVE NOTIFY SPECIAL-USE QUOTA]
240803232013080 IMAPServer$ClientHandler.run()	INFO: > 40 namespace
240803232013085 IMAPServer$ClientHandler.run()	INFO: < 40 OK namespace completed
240803232013087 IMAPServer$ClientHandler.run()	INFO: > 41 ID ("name" "Thunderbird" "version" "128.0.1")
240803232013088 IMAPServer$ClientHandler.run()	INFO: < 41 OK ID completed
240803232013091 IMAPServer$ClientHandler.run()	INFO: > 42 select "INBOX"
240803232013241 IMAPServer$ClientHandler.run()	INFO: < * 2 EXISTS
240803232013242 IMAPServer$ClientHandler.run()	INFO: < * 2 RECENT
240803232013243 IMAPServer$ClientHandler.run()	INFO: < * OK [UNSEEN 15] First unseen.
240803232013244 IMAPServer$ClientHandler.run()	INFO: < 42 OK [READ-WRITE] SELECT completed
240803232013245 IMAPServer$ClientHandler.run()	INFO: > 43 getquotaroot "INBOX"
240803232013246 IMAPServer$ClientHandler.run()	INFO: < 43 OK getquotaroot completed
240803232013247 IMAPServer$ClientHandler.run()	INFO: > 44 UID fetch 1:* (FLAGS)
240803232013248 IMAPServer$ClientHandler.run()	INFO:  ---------- PARTS: [44, UID, fetch, 1:*, (FLAGS)]
240803232013258 IMAPServer$ClientHandler.run()	INFO: < * 1 FETCH (UID 15 FLAGS (\Recent))
240803232013259 IMAPServer$ClientHandler.run()	INFO: < * 2 FETCH (UID 16 FLAGS (\Recent))
240803232013260 IMAPServer$ClientHandler.run()	INFO: < 44 OK FETCH completed
240803232013280 IMAPServer$ClientHandler.run()	INFO: > 45 UID fetch 16 (UID RFC822.SIZE BODY[])
240803232013281 IMAPServer$ClientHandler.run()	INFO:  ---------- PARTS: [45, UID, fetch, 16, (UID, RFC822.SIZE, BODY[])]
240803232013284 IMAPServer$ClientHandler.run()	INFO: >>>>>> mailsInfo.length: 1
240803232013292 IMAPServer$ClientHandler.run()	INFO: < * 1 FETCH (UID 16 BODY[] {389}
Message-ID: <a6d15232-6c34-49c8-b494-e41b028969a9@julio.com>
Date: Sat, 3 Aug 2024 23:09:53 -0600
MIME-Version: 1.0
User-Agent: Mozilla Thunderbird
Content-Language: en-US
To: julio2@julio.com
From: Julio Test <julio@julio.com>
Subject: =?UTF-8?Q?Mensaje_=C3=BAnicamente_para_Julio2?=
Content-Type: text/plain; charset=UTF-8; format=flowed
Content-Transfer-Encoding: 7bit

Hola julio2.

.)
240803232013295 IMAPServer$ClientHandler.run()	INFO: < 45 OK UID FETCH completed
240803232013329 IMAPServer$ClientHandler.run()	INFO: > 46 logout
240803232013329 IMAPServer$ClientHandler.run()	INFO: < 46 OK logout completed
