240803230611516 IMAPServer$ClientHandler.run()	INFO: < * OK [CAPABILITY IMAP4rev1] IMAP Server Ready
240803230611517 IMAPServer$ClientHandler.run()	INFO: > 62 login "julio@julio.com" "admin"
240803230611517 IMAPServer$ClientHandler.run()	INFO: < 62 OK LOGIN completed
240803230611518 IMAPServer$ClientHandler.run()	INFO: > 63 capability
240803230611518 IMAPServer$ClientHandler.run()	INFO: < 63 OK [CAPABILITY IMAP4rev1 LITERAL+ SASL-IR LOGIN-REFERRALS ID ENABLE IDLE SORT SORT=DISPLAY THREAD=REFERENCES THREAD=REFS THREAD=ORDEREDSUBJECT MULTIAPPEND URL-PARTIAL CATENATE UNSELECT CHILDREN NAMESPACE UIDPLUS LIST-EXTENDED I18NLEVEL=1 CONDSTORE QRESYNC ESEARCH ESORT SEARCHRES WITHIN CONTEXT=SEARCH LIST-STATUS BINARY MOVE NOTIFY SPECIAL-USE QUOTA]
240803230611519 IMAPServer$ClientHandler.run()	INFO: > 64 namespace
240803230611520 IMAPServer$ClientHandler.run()	INFO: < 64 OK namespace completed
240803230611520 IMAPServer$ClientHandler.run()	INFO: > 65 ID ("name" "Thunderbird" "version" "128.0.1")
240803230611521 IMAPServer$ClientHandler.run()	INFO: < 65 OK ID completed
240803230611528 IMAPServer$ClientHandler.run()	INFO: > 66 select "INBOX"
240803230611531 IMAPServer$ClientHandler.run()	INFO: < * 8 EXISTS
240803230611531 IMAPServer$ClientHandler.run()	INFO: < * 3 RECENT
240803230611532 IMAPServer$ClientHandler.run()	INFO: < * OK [UNSEEN 3] First unseen.
240803230611533 IMAPServer$ClientHandler.run()	INFO: < 66 OK [READ-WRITE] SELECT completed
240803230611537 IMAPServer$ClientHandler.run()	INFO: > 67 getquotaroot "INBOX"
240803230611538 IMAPServer$ClientHandler.run()	INFO: < 67 OK getquotaroot completed
240803230611543 IMAPServer$ClientHandler.run()	INFO: > 68 UID fetch 1:* (FLAGS)
240803230611544 IMAPServer$ClientHandler.run()	INFO: < * 1 FETCH (UID 3 FLAGS ())
240803230611545 IMAPServer$ClientHandler.run()	INFO: < * 2 FETCH (UID 5 FLAGS ())
240803230611546 IMAPServer$ClientHandler.run()	INFO: < * 3 FETCH (UID 8 FLAGS ())
240803230611546 IMAPServer$ClientHandler.run()	INFO: < * 4 FETCH (UID 10 FLAGS ())
240803230611547 IMAPServer$ClientHandler.run()	INFO: < * 5 FETCH (UID 11 FLAGS ())
240803230611548 IMAPServer$ClientHandler.run()	INFO: < * 6 FETCH (UID 12 FLAGS (\Recent))
240803230611548 IMAPServer$ClientHandler.run()	INFO: < * 7 FETCH (UID 13 FLAGS (\Recent))
240803230611549 IMAPServer$ClientHandler.run()	INFO: < * 8 FETCH (UID 14 FLAGS (\Recent))
240803230611549 IMAPServer$ClientHandler.run()	INFO: < 68 OK FETCH completed
240803230613597 IMAPServer$ClientHandler.run()	INFO: > 69 IDLE
240803230613597 IMAPServer$ClientHandler.run()	INFO: < 69 OK IDLE completed
240803230636752 IMAPServer$ClientHandler.run()	INFO: > DONE
