240804004732484 IMAPServer$ClientHandler.run()	INFO: < * OK [CAPABILITY IMAP4rev1] IMAP Server Ready
240804004732498 IMAPServer$ClientHandler.run()	INFO: > 92 login "julio@julio.com" "admin"
240804004732503 IMAPServer$ClientHandler.run()	INFO: < 92 OK LOGIN completed
240804004732509 IMAPServer$ClientHandler.run()	INFO: > 93 capability
240804004732511 IMAPServer$ClientHandler.run()	INFO: < 93 OK [CAPABILITY IMAP4rev1 LITERAL+ SASL-IR LOGIN-REFERRALS ID ENABLE IDLE SORT SORT=DISPLAY THREAD=REFERENCES THREAD=REFS THREAD=ORDEREDSUBJECT MULTIAPPEND URL-PARTIAL CATENATE UNSELECT CHILDREN NAMESPACE UIDPLUS LIST-EXTENDED I18NLEVEL=1 CONDSTORE QRESYNC ESEARCH ESORT SEARCHRES WITHIN CONTEXT=SEARCH LIST-STATUS BINARY MOVE NOTIFY SPECIAL-USE QUOTA]
240804004732513 IMAPServer$ClientHandler.run()	INFO: > 94 namespace
240804004732520 IMAPServer$ClientHandler.run()	INFO: < 94 OK namespace completed
240804004732522 IMAPServer$ClientHandler.run()	INFO: > 95 ID ("name" "Thunderbird" "version" "128.0.1")
240804004732523 IMAPServer$ClientHandler.run()	INFO: < 95 OK ID completed
240804004732525 IMAPServer$ClientHandler.run()	INFO: > 96 select "INBOX"
240804004732707 IMAPServer$ClientHandler.run()	INFO: < * 14 EXISTS
240804004732708 IMAPServer$ClientHandler.run()	INFO: < * 9 RECENT
240804004732709 IMAPServer$ClientHandler.run()	INFO: < * OK [UNSEEN 3] First unseen.
240804004732710 IMAPServer$ClientHandler.run()	INFO: < 96 OK [READ-WRITE] SELECT completed
240804004732711 IMAPServer$ClientHandler.run()	INFO: > 97 getquotaroot "INBOX"
240804004732712 IMAPServer$ClientHandler.run()	INFO: < 97 OK getquotaroot completed
240804004732713 IMAPServer$ClientHandler.run()	INFO: > 98 UID fetch 1:* (FLAGS)
240804004732714 IMAPServer$ClientHandler.run()	INFO: < 98 NO FETCH failed
240804004734731 IMAPServer$ClientHandler.run()	INFO: > 99 IDLE
240804004734732 IMAPServer$ClientHandler.run()	INFO: < 99 OK IDLE completed
240804004831998 IMAPServer$ClientHandler.run()	INFO: > DONE
