240804024953375 IMAPServer$ClientHandler.run()	INFO: < * OK [CAPABILITY IMAP4rev1] IMAP Server Ready
240804024953386 IMAPServer$ClientHandler.run()	INFO: > 23 login "julio@julio.com" "admin"
240804024953389 IMAPServer$ClientHandler.run()	INFO: < 23 OK LOGIN completed
240804024953393 IMAPServer$ClientHandler.run()	INFO: > 24 capability
240804024953394 IMAPServer$ClientHandler.run()	INFO: < 24 OK [CAPABILITY IMAP4rev1 LITERAL+ SASL-IR LOGIN-REFERRALS ID ENABLE IDLE SORT SORT=DISPLAY THREAD=REFERENCES THREAD=REFS THREAD=ORDEREDSUBJECT MULTIAPPEND URL-PARTIAL CATENATE UNSELECT CHILDREN NAMESPACE UIDPLUS LIST-EXTENDED I18NLEVEL=1 CONDSTORE QRESYNC ESEARCH ESORT SEARCHRES WITHIN CONTEXT=SEARCH LIST-STATUS BINARY MOVE NOTIFY SPECIAL-USE QUOTA]
240804024953396 IMAPServer$ClientHandler.run()	INFO: > 25 namespace
240804024953403 IMAPServer$ClientHandler.run()	INFO: < 25 OK namespace completed
240804024953405 IMAPServer$ClientHandler.run()	INFO: > 26 ID ("name" "Thunderbird" "version" "128.0.1")
240804024953406 IMAPServer$ClientHandler.run()	INFO: < 26 OK ID completed
240804024953412 IMAPServer$ClientHandler.run()	INFO: > 27 select "INBOX"
240804024953628 IMAPServer$ClientHandler.run()	INFO: < * 14 EXISTS
240804024953630 IMAPServer$ClientHandler.run()	INFO: < * 9 RECENT
240804024953631 IMAPServer$ClientHandler.run()	INFO: < * OK [UNSEEN 3] First unseen.
240804024953632 IMAPServer$ClientHandler.run()	INFO: < 27 OK [READ-WRITE] SELECT completed
240804024953635 IMAPServer$ClientHandler.run()	INFO: > 28 getquotaroot "INBOX"
240804024953636 IMAPServer$ClientHandler.run()	INFO: < 28 OK getquotaroot completed
240804024953641 IMAPServer$ClientHandler.run()	INFO: > 29 UID fetch 1:* (FLAGS)
240804024953656 IMAPServer$ClientHandler.run()	INFO: < * 1 FETCH (UID 3 FLAGS ())
240804024953657 IMAPServer$ClientHandler.run()	INFO: < * 2 FETCH (UID 5 FLAGS ())
240804024953658 IMAPServer$ClientHandler.run()	INFO: < * 3 FETCH (UID 8 FLAGS ())
240804024953659 IMAPServer$ClientHandler.run()	INFO: < * 4 FETCH (UID 10 FLAGS ())
240804024953660 IMAPServer$ClientHandler.run()	INFO: < * 5 FETCH (UID 11 FLAGS ())
240804024953661 IMAPServer$ClientHandler.run()	INFO: < * 6 FETCH (UID 12 FLAGS (\Recent))
240804024953662 IMAPServer$ClientHandler.run()	INFO: < * 7 FETCH (UID 13 FLAGS (\Recent))
240804024953664 IMAPServer$ClientHandler.run()	INFO: < * 8 FETCH (UID 14 FLAGS (\Recent))
240804024953665 IMAPServer$ClientHandler.run()	INFO: < * 9 FETCH (UID 19 FLAGS (\Recent))
240804024953665 IMAPServer$ClientHandler.run()	INFO: < * 10 FETCH (UID 20 FLAGS (\Recent))
240804024953666 IMAPServer$ClientHandler.run()	INFO: < * 11 FETCH (UID 21 FLAGS (\Recent))
240804024953667 IMAPServer$ClientHandler.run()	INFO: < * 12 FETCH (UID 22 FLAGS (\Recent))
240804024953668 IMAPServer$ClientHandler.run()	INFO: < * 13 FETCH (UID 23 FLAGS (\Recent))
240804024953669 IMAPServer$ClientHandler.run()	INFO: < * 14 FETCH (UID 24 FLAGS (\Recent))
240804024953670 IMAPServer$ClientHandler.run()	INFO: < 29 OK FETCH completed
240804024955721 IMAPServer$ClientHandler.run()	INFO: > 30 IDLE
240804024955723 IMAPServer$ClientHandler.run()	INFO: < 30 OK IDLE completed
240804024956068 IMAPServer$ClientHandler.run()	INFO: > DONE
240804024956070 IMAPServer$ClientHandler.run()	INFO: < DONE OK completed
240804024956121 IMAPServer$ClientHandler.run()	INFO: > 32 login "julio@julio.com" "admin"
240804024956122 IMAPServer$ClientHandler.run()	INFO: < 32 OK LOGIN completed
240804024956124 IMAPServer$ClientHandler.run()	INFO: > 33 capability
240804024956125 IMAPServer$ClientHandler.run()	INFO: < 33 OK [CAPABILITY IMAP4rev1 LITERAL+ SASL-IR LOGIN-REFERRALS ID ENABLE IDLE SORT SORT=DISPLAY THREAD=REFERENCES THREAD=REFS THREAD=ORDEREDSUBJECT MULTIAPPEND URL-PARTIAL CATENATE UNSELECT CHILDREN NAMESPACE UIDPLUS LIST-EXTENDED I18NLEVEL=1 CONDSTORE QRESYNC ESEARCH ESORT SEARCHRES WITHIN CONTEXT=SEARCH LIST-STATUS BINARY MOVE NOTIFY SPECIAL-USE QUOTA]
240804024956126 IMAPServer$ClientHandler.run()	INFO: > 34 namespace
240804024956126 IMAPServer$ClientHandler.run()	INFO: < 34 OK namespace completed
240804024956127 IMAPServer$ClientHandler.run()	INFO: > 35 ID ("name" "Thunderbird" "version" "128.0.1")
240804024956128 IMAPServer$ClientHandler.run()	INFO: < 35 OK ID completed
240804024956130 IMAPServer$ClientHandler.run()	INFO: > 36 select "INBOX"
240804024956133 IMAPServer$ClientHandler.run()	INFO: < * 14 EXISTS
240804024956133 IMAPServer$ClientHandler.run()	INFO: < * 9 RECENT
240804024956135 IMAPServer$ClientHandler.run()	INFO: < * OK [UNSEEN 3] First unseen.
240804024956135 IMAPServer$ClientHandler.run()	INFO: < 36 OK [READ-WRITE] SELECT completed
240804024956139 IMAPServer$ClientHandler.run()	INFO: > 37 getquotaroot "INBOX"
240804024956140 IMAPServer$ClientHandler.run()	INFO: < 37 OK getquotaroot completed
240804024956147 IMAPServer$ClientHandler.run()	INFO: > 38 UID fetch 1:* (FLAGS)
240804024956150 IMAPServer$ClientHandler.run()	INFO: < * 1 FETCH (UID 3 FLAGS ())
240804024956151 IMAPServer$ClientHandler.run()	INFO: < * 2 FETCH (UID 5 FLAGS ())
240804024956152 IMAPServer$ClientHandler.run()	INFO: < * 3 FETCH (UID 8 FLAGS ())
240804024956153 IMAPServer$ClientHandler.run()	INFO: < * 4 FETCH (UID 10 FLAGS ())
240804024956154 IMAPServer$ClientHandler.run()	INFO: < * 5 FETCH (UID 11 FLAGS ())
240804024956155 IMAPServer$ClientHandler.run()	INFO: < * 6 FETCH (UID 12 FLAGS (\Recent))
240804024956156 IMAPServer$ClientHandler.run()	INFO: < * 7 FETCH (UID 13 FLAGS (\Recent))
240804024956157 IMAPServer$ClientHandler.run()	INFO: < * 8 FETCH (UID 14 FLAGS (\Recent))
240804024956158 IMAPServer$ClientHandler.run()	INFO: < * 9 FETCH (UID 19 FLAGS (\Recent))
240804024956160 IMAPServer$ClientHandler.run()	INFO: < * 10 FETCH (UID 20 FLAGS (\Recent))
240804024956161 IMAPServer$ClientHandler.run()	INFO: < * 11 FETCH (UID 21 FLAGS (\Recent))
240804024956162 IMAPServer$ClientHandler.run()	INFO: < * 12 FETCH (UID 22 FLAGS (\Recent))
240804024956163 IMAPServer$ClientHandler.run()	INFO: < * 13 FETCH (UID 23 FLAGS (\Recent))
240804024956164 IMAPServer$ClientHandler.run()	INFO: < * 14 FETCH (UID 24 FLAGS (\Recent))
240804024956165 IMAPServer$ClientHandler.run()	INFO: < 38 OK FETCH completed
240804024958189 IMAPServer$ClientHandler.run()	INFO: > 39 IDLE
240804024958190 IMAPServer$ClientHandler.run()	INFO: < 39 OK IDLE completed
240804025004726 IMAPServer$ClientHandler.run()	INFO: > DONE
240804025004727 IMAPServer$ClientHandler.run()	INFO: < DONE OK completed
240804025004745 IMAPServer$ClientHandler.run()	INFO: > 41 login "julio@julio.com" "admin"
240804025004746 IMAPServer$ClientHandler.run()	INFO: < 41 OK LOGIN completed
240804025004747 IMAPServer$ClientHandler.run()	INFO: > 42 capability
240804025004748 IMAPServer$ClientHandler.run()	INFO: < 42 OK [CAPABILITY IMAP4rev1 LITERAL+ SASL-IR LOGIN-REFERRALS ID ENABLE IDLE SORT SORT=DISPLAY THREAD=REFERENCES THREAD=REFS THREAD=ORDEREDSUBJECT MULTIAPPEND URL-PARTIAL CATENATE UNSELECT CHILDREN NAMESPACE UIDPLUS LIST-EXTENDED I18NLEVEL=1 CONDSTORE QRESYNC ESEARCH ESORT SEARCHRES WITHIN CONTEXT=SEARCH LIST-STATUS BINARY MOVE NOTIFY SPECIAL-USE QUOTA]
240804025004749 IMAPServer$ClientHandler.run()	INFO: > 43 namespace
240804025004750 IMAPServer$ClientHandler.run()	INFO: < 43 OK namespace completed
240804025004751 IMAPServer$ClientHandler.run()	INFO: > 44 ID ("name" "Thunderbird" "version" "128.0.1")
240804025004751 IMAPServer$ClientHandler.run()	INFO: < 44 OK ID completed
240804025004752 IMAPServer$ClientHandler.run()	INFO: > 45 select "INBOX"
240804025004754 IMAPServer$ClientHandler.run()	INFO: < * 14 EXISTS
240804025004755 IMAPServer$ClientHandler.run()	INFO: < * 9 RECENT
240804025004756 IMAPServer$ClientHandler.run()	INFO: < * OK [UNSEEN 3] First unseen.
240804025004756 IMAPServer$ClientHandler.run()	INFO: < 45 OK [READ-WRITE] SELECT completed
240804025004758 IMAPServer$ClientHandler.run()	INFO: > 46 getquotaroot "INBOX"
240804025004759 IMAPServer$ClientHandler.run()	INFO: < 46 OK getquotaroot completed
240804025004764 IMAPServer$ClientHandler.run()	INFO: > 47 UID fetch 1:* (FLAGS)
240804025004768 IMAPServer$ClientHandler.run()	INFO: < * 1 FETCH (UID 3 FLAGS ())
240804025004769 IMAPServer$ClientHandler.run()	INFO: < * 2 FETCH (UID 5 FLAGS ())
240804025004769 IMAPServer$ClientHandler.run()	INFO: < * 3 FETCH (UID 8 FLAGS ())
240804025004770 IMAPServer$ClientHandler.run()	INFO: < * 4 FETCH (UID 10 FLAGS ())
240804025004771 IMAPServer$ClientHandler.run()	INFO: < * 5 FETCH (UID 11 FLAGS ())
240804025004772 IMAPServer$ClientHandler.run()	INFO: < * 6 FETCH (UID 12 FLAGS (\Recent))
240804025004773 IMAPServer$ClientHandler.run()	INFO: < * 7 FETCH (UID 13 FLAGS (\Recent))
240804025004774 IMAPServer$ClientHandler.run()	INFO: < * 8 FETCH (UID 14 FLAGS (\Recent))
240804025004775 IMAPServer$ClientHandler.run()	INFO: < * 9 FETCH (UID 19 FLAGS (\Recent))
240804025004775 IMAPServer$ClientHandler.run()	INFO: < * 10 FETCH (UID 20 FLAGS (\Recent))
240804025004776 IMAPServer$ClientHandler.run()	INFO: < * 11 FETCH (UID 21 FLAGS (\Recent))
240804025004776 IMAPServer$ClientHandler.run()	INFO: < * 12 FETCH (UID 22 FLAGS (\Recent))
240804025004777 IMAPServer$ClientHandler.run()	INFO: < * 13 FETCH (UID 23 FLAGS (\Recent))
240804025004778 IMAPServer$ClientHandler.run()	INFO: < * 14 FETCH (UID 24 FLAGS (\Recent))
240804025004779 IMAPServer$ClientHandler.run()	INFO: < 47 OK FETCH completed
240804025004781 IMAPServer$ClientHandler.run()	INFO: > 48 UID fetch 3 (UID RFC822.SIZE BODY[])
240804025004792 IMAPServer$ClientHandler.run()	INFO: < * 1 FETCH (UID 3 RFC822.SIZE 382 BODY[] {382}
Message-ID: <02696520-d721-458c-b0c6-9f5fa555a3f5@julio.com>
Date: Wed, 31 Jul 2024 17:40:01 -0600
MIME-Version: 1.0
User-Agent: Mozilla Thunderbird
Content-Language: en-US
To: test@test.ug, julio@julio.com
From: Julio Test <julio@julio.com>
Subject: Test 1 a UG
Content-Type: text/plain; charset=UTF-8; format=flowed
Content-Transfer-Encoding: 8bit

Prueba de envío


aaa


bb


.
)
240804025008169 IMAPServer$ClientHandler.run()	INFO: < 48 OK UID FETCH completed
