240804005003535 IMAPServer$ClientHandler.run()	INFO: < * OK [CAPABILITY IMAP4rev1] IMAP Server Ready
240804005003545 IMAPServer$ClientHandler.run()	INFO: > 35 login "julio@julio.com" "admin"
240804005003549 IMAPServer$ClientHandler.run()	INFO: < 35 OK LOGIN completed
240804005003550 IMAPServer$ClientHandler.run()	INFO: > 36 capability
240804005003552 IMAPServer$ClientHandler.run()	INFO: < 36 OK [CAPABILITY IMAP4rev1 LITERAL+ SASL-IR LOGIN-REFERRALS ID ENABLE IDLE SORT SORT=DISPLAY THREAD=REFERENCES THREAD=REFS THREAD=ORDEREDSUBJECT MULTIAPPEND URL-PARTIAL CATENATE UNSELECT CHILDREN NAMESPACE UIDPLUS LIST-EXTENDED I18NLEVEL=1 CONDSTORE QRESYNC ESEARCH ESORT SEARCHRES WITHIN CONTEXT=SEARCH LIST-STATUS BINARY MOVE NOTIFY SPECIAL-USE QUOTA]
240804005003553 IMAPServer$ClientHandler.run()	INFO: > 37 namespace
240804005003557 IMAPServer$ClientHandler.run()	INFO: < 37 OK namespace completed
240804005003558 IMAPServer$ClientHandler.run()	INFO: > 38 ID ("name" "Thunderbird" "version" "128.0.1")
240804005003560 IMAPServer$ClientHandler.run()	INFO: < 38 OK ID completed
240804005003562 IMAPServer$ClientHandler.run()	INFO: > 39 select "INBOX"
240804005003698 IMAPServer$ClientHandler.run()	INFO: < * 14 EXISTS
240804005003699 IMAPServer$ClientHandler.run()	INFO: < * 9 RECENT
240804005003700 IMAPServer$ClientHandler.run()	INFO: < * OK [UNSEEN 3] First unseen.
240804005003700 IMAPServer$ClientHandler.run()	INFO: < 39 OK [READ-WRITE] SELECT completed
240804005003702 IMAPServer$ClientHandler.run()	INFO: > 40 getquotaroot "INBOX"
240804005003703 IMAPServer$ClientHandler.run()	INFO: < 40 OK getquotaroot completed
240804005003704 IMAPServer$ClientHandler.run()	INFO: > 41 UID fetch 1:* (FLAGS)
240804005003715 IMAPServer$ClientHandler.run()	INFO: < * 1 FETCH (UID 3 FLAGS ())
240804005003717 IMAPServer$ClientHandler.run()	INFO: < * 2 FETCH (UID 5 FLAGS ())
240804005003717 IMAPServer$ClientHandler.run()	INFO: < * 3 FETCH (UID 8 FLAGS ())
240804005003718 IMAPServer$ClientHandler.run()	INFO: < * 4 FETCH (UID 10 FLAGS ())
240804005003718 IMAPServer$ClientHandler.run()	INFO: < * 5 FETCH (UID 11 FLAGS ())
240804005003719 IMAPServer$ClientHandler.run()	INFO: < * 6 FETCH (UID 12 FLAGS (\Recent))
240804005003719 IMAPServer$ClientHandler.run()	INFO: < * 7 FETCH (UID 13 FLAGS (\Recent))
240804005003720 IMAPServer$ClientHandler.run()	INFO: < * 8 FETCH (UID 14 FLAGS (\Recent))
240804005003720 IMAPServer$ClientHandler.run()	INFO: < * 9 FETCH (UID 19 FLAGS (\Recent))
240804005003720 IMAPServer$ClientHandler.run()	INFO: < * 10 FETCH (UID 20 FLAGS (\Recent))
240804005003721 IMAPServer$ClientHandler.run()	INFO: < * 11 FETCH (UID 21 FLAGS (\Recent))
240804005003722 IMAPServer$ClientHandler.run()	INFO: < * 12 FETCH (UID 22 FLAGS (\Recent))
240804005003722 IMAPServer$ClientHandler.run()	INFO: < * 13 FETCH (UID 23 FLAGS (\Recent))
240804005003723 IMAPServer$ClientHandler.run()	INFO: < * 14 FETCH (UID 24 FLAGS (\Recent))
240804005003724 IMAPServer$ClientHandler.run()	INFO: < 41 OK FETCH completed
240804005005727 IMAPServer$ClientHandler.run()	INFO: > 42 IDLE
240804005005728 IMAPServer$ClientHandler.run()	INFO: < 42 OK IDLE completed
240804005009745 IMAPServer$ClientHandler.run()	INFO: > DONE
