240804034524120 IMAPServer$ClientHandler.run()	INFO: < * OK [CAPABILITY IMAP4rev1] IMAP Server Ready
240804034524134 IMAPServer$ClientHandler.run()	INFO: > 49 login "julio@julio.com" "admin"
240804034524137 IMAPServer$ClientHandler.run()	INFO: < 49 OK LOGIN completed
240804034524140 IMAPServer$ClientHandler.run()	INFO: > 50 capability
240804034524141 IMAPServer$ClientHandler.run()	INFO: < 50 OK [CAPABILITY IMAP4rev1 LITERAL+ SASL-IR LOGIN-REFERRALS ID ENABLE IDLE SORT SORT=DISPLAY THREAD=REFERENCES THREAD=REFS THREAD=ORDEREDSUBJECT MULTIAPPEND URL-PARTIAL CATENATE UNSELECT CHILDREN NAMESPACE UIDPLUS LIST-EXTENDED I18NLEVEL=1 CONDSTORE QRESYNC ESEARCH ESORT SEARCHRES WITHIN CONTEXT=SEARCH LIST-STATUS BINARY MOVE NOTIFY SPECIAL-USE QUOTA]
240804034524144 IMAPServer$ClientHandler.run()	INFO: > 51 namespace
240804034524150 IMAPServer$ClientHandler.run()	INFO: < 51 OK namespace completed
240804034524152 IMAPServer$ClientHandler.run()	INFO: > 52 ID ("name" "Thunderbird" "version" "128.0.1")
240804034524153 IMAPServer$ClientHandler.run()	INFO: < 52 OK ID completed
240804034524157 IMAPServer$ClientHandler.run()	INFO: > 53 select "INBOX"
240804034524319 IMAPServer$ClientHandler.run()	INFO: < * 22 EXISTS
240804034524320 IMAPServer$ClientHandler.run()	INFO: < * 17 RECENT
240804034524322 IMAPServer$ClientHandler.run()	INFO: < * OK [UNSEEN 3] First unseen.
240804034524323 IMAPServer$ClientHandler.run()	INFO: < 53 OK [READ-WRITE] SELECT completed
240804034524334 IMAPServer$ClientHandler.run()	INFO: > 54 getquotaroot "INBOX"
240804034524335 IMAPServer$ClientHandler.run()	INFO: < 54 OK getquotaroot completed
240804034524528 IMAPServer$ClientHandler.run()	INFO: > 55 UID fetch 1:* (FLAGS)
240804034524542 IMAPServer$ClientHandler.run()	INFO: < * 1 FETCH (UID 3 FLAGS ())
240804034524544 IMAPServer$ClientHandler.run()	INFO: < * 2 FETCH (UID 5 FLAGS ())
240804034524545 IMAPServer$ClientHandler.run()	INFO: < * 3 FETCH (UID 8 FLAGS ())
240804034524547 IMAPServer$ClientHandler.run()	INFO: < * 4 FETCH (UID 10 FLAGS ())
240804034524548 IMAPServer$ClientHandler.run()	INFO: < * 5 FETCH (UID 11 FLAGS ())
240804034524549 IMAPServer$ClientHandler.run()	INFO: < * 6 FETCH (UID 12 FLAGS ( \Recent))
240804034524550 IMAPServer$ClientHandler.run()	INFO: < * 7 FETCH (UID 13 FLAGS ( \Recent \Seen))
240804034524551 IMAPServer$ClientHandler.run()	INFO: < * 8 FETCH (UID 14 FLAGS ( \Recent \Seen))
240804034524552 IMAPServer$ClientHandler.run()	INFO: < * 9 FETCH (UID 19 FLAGS ( \Recent \Seen))
240804034524553 IMAPServer$ClientHandler.run()	INFO: < * 10 FETCH (UID 20 FLAGS ( \Recent))
240804034524554 IMAPServer$ClientHandler.run()	INFO: < * 11 FETCH (UID 21 FLAGS ( \Recent))
240804034524556 IMAPServer$ClientHandler.run()	INFO: < * 12 FETCH (UID 22 FLAGS ( \Recent))
240804034524557 IMAPServer$ClientHandler.run()	INFO: < * 13 FETCH (UID 23 FLAGS ( \Recent))
240804034524558 IMAPServer$ClientHandler.run()	INFO: < * 14 FETCH (UID 24 FLAGS ( \Recent))
240804034524558 IMAPServer$ClientHandler.run()	INFO: < * 15 FETCH (UID 26 FLAGS ( \Recent \Seen))
240804034524559 IMAPServer$ClientHandler.run()	INFO: < * 16 FETCH (UID 27 FLAGS ( \Recent))
240804034524560 IMAPServer$ClientHandler.run()	INFO: < * 17 FETCH (UID 28 FLAGS ( \Recent))
240804034524561 IMAPServer$ClientHandler.run()	INFO: < * 18 FETCH (UID 29 FLAGS ( \Recent))
240804034524563 IMAPServer$ClientHandler.run()	INFO: < * 19 FETCH (UID 30 FLAGS ( \Recent))
240804034524564 IMAPServer$ClientHandler.run()	INFO: < * 20 FETCH (UID 31 FLAGS ( \Recent))
240804034524564 IMAPServer$ClientHandler.run()	INFO: < * 21 FETCH (UID 32 FLAGS ( \Recent))
240804034524565 IMAPServer$ClientHandler.run()	INFO: < * 22 FETCH (UID 33 FLAGS ( \Recent))
240804034524567 IMAPServer$ClientHandler.run()	INFO: < 55 OK FETCH completed
240804034526637 IMAPServer$ClientHandler.run()	INFO: > 56 UID fetch 28 (UID RFC822.SIZE BODY[])
240804034526646 IMAPServer$ClientHandler.run()	INFO: < * 1 FETCH (UID 28 RFC822.SIZE 365 BODY[] {365}
Message-ID: <3c04687c-9d5a-4c7c-91d2-e2fefb4138bd@julio.com>
Date: Sun, 4 Aug 2024 03:09:42 -0600
MIME-Version: 1.0
User-Agent: Mozilla Thunderbird
Content-Language: en-US
To: julio@julio.com
From: Julio2 <julio2@julio.com>
Subject: sent 2?
Content-Type: text/plain; charset=UTF-8; format=flowed
Content-Transfer-Encoding: 8bit

Debería meterse a sent de julio2

.
)
240804034526658 IMAPServer$ClientHandler.run()	INFO: < 56 OK UID FETCH completed
240804034526704 IMAPServer$ClientHandler.run()	INFO: > 57 logout
240804034526706 IMAPServer$ClientHandler.run()	INFO: < 57 OK logout completed
