240804012024837 IMAPServer$ClientHandler.run()	INFO: < * OK [CAPABILITY IMAP4rev1] IMAP Server Ready
240804012024838 IMAPServer$ClientHandler.run()	INFO: > 35 login "julio2@julio.com" "admin"
240804012024838 IMAPServer$ClientHandler.run()	INFO: < 35 OK LOGIN completed
240804012024839 IMAPServer$ClientHandler.run()	INFO: > 36 capability
240804012024839 IMAPServer$ClientHandler.run()	INFO: < 36 OK [CAPABILITY IMAP4rev1 LITERAL+ SASL-IR LOGIN-REFERRALS ID ENABLE IDLE SORT SORT=DISPLAY THREAD=REFERENCES THREAD=REFS THREAD=ORDEREDSUBJECT MULTIAPPEND URL-PARTIAL CATENATE UNSELECT CHILDREN NAMESPACE UIDPLUS LIST-EXTENDED I18NLEVEL=1 CONDSTORE QRESYNC ESEARCH ESORT SEARCHRES WITHIN CONTEXT=SEARCH LIST-STATUS BINARY MOVE NOTIFY SPECIAL-USE QUOTA]
240804012024840 IMAPServer$ClientHandler.run()	INFO: > 37 namespace
240804012024841 IMAPServer$ClientHandler.run()	INFO: < 37 OK namespace completed
240804012024841 IMAPServer$ClientHandler.run()	INFO: > 38 ID ("name" "Thunderbird" "version" "128.0.1")
240804012024842 IMAPServer$ClientHandler.run()	INFO: < 38 OK ID completed
240804012024843 IMAPServer$ClientHandler.run()	INFO: > 39 select "INBOX"
240804012024845 IMAPServer$ClientHandler.run()	INFO: < * 5 EXISTS
240804012024845 IMAPServer$ClientHandler.run()	INFO: < * 5 RECENT
240804012024845 IMAPServer$ClientHandler.run()	INFO: < * OK [UNSEEN 15] First unseen.
240804012024846 IMAPServer$ClientHandler.run()	INFO: < 39 OK [READ-WRITE] SELECT completed
240804012024846 IMAPServer$ClientHandler.run()	INFO: > 40 getquotaroot "INBOX"
240804012024847 IMAPServer$ClientHandler.run()	INFO: < 40 OK getquotaroot completed
240804012024847 IMAPServer$ClientHandler.run()	INFO: > 41 UID fetch 1:* (FLAGS)
240804012024848 IMAPServer$ClientHandler.run()	INFO: < * 1 FETCH (UID 15 FLAGS (\Recent))
240804012024849 IMAPServer$ClientHandler.run()	INFO: < * 2 FETCH (UID 16 FLAGS (\Recent))
240804012024849 IMAPServer$ClientHandler.run()	INFO: < * 3 FETCH (UID 17 FLAGS (\Recent))
240804012024849 IMAPServer$ClientHandler.run()	INFO: < * 4 FETCH (UID 18 FLAGS (\Recent))
240804012024850 IMAPServer$ClientHandler.run()	INFO: < * 5 FETCH (UID 25 FLAGS (\Recent))
240804012024850 IMAPServer$ClientHandler.run()	INFO: < 41 OK FETCH completed
240804012026856 IMAPServer$ClientHandler.run()	INFO: > 42 IDLE
240804012026857 IMAPServer$ClientHandler.run()	INFO: < 42 OK IDLE completed
240804013024846 IMAPServer$ClientHandler.run()	INFO: > DONE
