240805220802972 IMAPServer$ClientHandler.run()	INFO: < * OK [CAPABILITY IMAP4rev1] IMAP Server Ready
240805220802983 IMAPServer$ClientHandler.run()	INFO: > 76 login "julio2@julio.com" "admin"
240805220802986 IMAPServer$ClientHandler.run()	INFO: < 76 OK LOGIN completed
240805220802990 IMAPServer$ClientHandler.run()	INFO: > 77 capability
240805220802992 IMAPServer$ClientHandler.run()	INFO: < 77 OK [CAPABILITY IMAP4rev1 LITERAL+ SASL-IR LOGIN-REFERRALS ID ENABLE IDLE SORT SORT=DISPLAY THREAD=REFERENCES THREAD=REFS THREAD=ORDEREDSUBJECT MULTIAPPEND URL-PARTIAL CATENATE UNSELECT CHILDREN NAMESPACE UIDPLUS LIST-EXTENDED I18NLEVEL=1 CONDSTORE QRESYNC ESEARCH ESORT SEARCHRES WITHIN CONTEXT=SEARCH LIST-STATUS BINARY MOVE NOTIFY SPECIAL-USE QUOTA]
240805220802993 IMAPServer$ClientHandler.run()	INFO: > 78 namespace
240805220802999 IMAPServer$ClientHandler.run()	INFO: < 78 OK namespace completed
240805220803000 IMAPServer$ClientHandler.run()	INFO: > 79 ID ("name" "Thunderbird" "version" "128.0.1")
240805220803001 IMAPServer$ClientHandler.run()	INFO: < 79 OK ID completed
240805220803002 IMAPServer$ClientHandler.run()	INFO: > 80 select "INBOX"
240805220803126 IMAPServer$ClientHandler.run()	INFO: < * 5 EXISTS
240805220803127 IMAPServer$ClientHandler.run()	INFO: < * 0 RECENT
240805220803131 IMAPServer$ClientHandler.run()	INFO: < * OK [UNSEEN 15] First unseen.
240805220803133 IMAPServer$ClientHandler.run()	INFO: < 80 OK [READ-WRITE] SELECT completed
240805220803134 IMAPServer$ClientHandler.run()	INFO: > 81 getquotaroot "INBOX"
240805220803135 IMAPServer$ClientHandler.run()	INFO: < 81 OK getquotaroot completed
240805220803136 IMAPServer$ClientHandler.run()	INFO: > 82 UID fetch 1:* (FLAGS)
240805220803144 IMAPServer$ClientHandler.run()	INFO: < * 1 FETCH (UID 15 FLAGS ())
240805220803146 IMAPServer$ClientHandler.run()	INFO: < * 2 FETCH (UID 16 FLAGS ())
240805220803147 IMAPServer$ClientHandler.run()	INFO: < * 3 FETCH (UID 17 FLAGS ())
240805220803148 IMAPServer$ClientHandler.run()	INFO: < * 4 FETCH (UID 18 FLAGS ( \Seen))
240805220803149 IMAPServer$ClientHandler.run()	INFO: < * 5 FETCH (UID 25 FLAGS ( \Seen))
240805220803150 IMAPServer$ClientHandler.run()	INFO: < 82 OK FETCH completed
240805220805257 IMAPServer$ClientHandler.run()	INFO: > 83 IDLE
240805220805258 IMAPServer$ClientHandler.run()	INFO: < 83 OK IDLE completed
240806141229775 IMAPServer$ClientHandler.run()	INFO: > DONE
240806141229787 IMAPServer$ClientHandler.run()	INFO: < DONE OK completed
240806141229793 IMAPServer$ClientHandler.run()	INFO: > 84 close
240806141229807 IMAPServer$ClientHandler.run()	INFO: < 84 OK close completed
240806141229811 IMAPServer$ClientHandler.run()	INFO: > 85 logout
240806141229816 IMAPServer$ClientHandler.run()	INFO: < 85 OK logout completed
