240804000451723 IMAPServer$ClientHandler.run()	INFO: < * OK [CAPABILITY IMAP4rev1] IMAP Server Ready
240804000451766 IMAPServer$ClientHandler.run()	INFO: > 67 login "julio2@julio.com" "admin"
240804000451773 IMAPServer$ClientHandler.run()	INFO: < 67 OK LOGIN completed
240804000451805 IMAPServer$ClientHandler.run()	INFO: > 68 capability
240804000451808 IMAPServer$ClientHandler.run()	INFO: < 68 OK [CAPABILITY IMAP4rev1 LITERAL+ SASL-IR LOGIN-REFERRALS ID ENABLE IDLE SORT SORT=DISPLAY THREAD=REFERENCES THREAD=REFS THREAD=ORDEREDSUBJECT MULTIAPPEND URL-PARTIAL CATENATE UNSELECT CHILDREN NAMESPACE UIDPLUS LIST-EXTENDED I18NLEVEL=1 CONDSTORE QRESYNC ESEARCH ESORT SEARCHRES WITHIN CONTEXT=SEARCH LIST-STATUS BINARY MOVE NOTIFY SPECIAL-USE QUOTA]
240804000451812 IMAPServer$ClientHandler.run()	INFO: > 69 namespace
240804000451818 IMAPServer$ClientHandler.run()	INFO: < 69 OK namespace completed
240804000451820 IMAPServer$ClientHandler.run()	INFO: > 70 ID ("name" "Thunderbird" "version" "128.0.1")
240804000451821 IMAPServer$ClientHandler.run()	INFO: < 70 OK ID completed
240804000451833 IMAPServer$ClientHandler.run()	INFO: > 71 select "INBOX"
240804000452061 IMAPServer$ClientHandler.run()	INFO: < * 3 EXISTS
240804000452064 IMAPServer$ClientHandler.run()	INFO: < * 3 RECENT
240804000452066 IMAPServer$ClientHandler.run()	INFO: < * OK [UNSEEN 15] First unseen.
240804000452067 IMAPServer$ClientHandler.run()	INFO: < 71 OK [READ-WRITE] SELECT completed
240804000452071 IMAPServer$ClientHandler.run()	INFO: > 72 getquotaroot "INBOX"
240804000452072 IMAPServer$ClientHandler.run()	INFO: < 72 OK getquotaroot completed
240804000452077 IMAPServer$ClientHandler.run()	INFO: > 73 UID fetch 1:* (FLAGS)
240804000452102 IMAPServer$ClientHandler.run()	INFO: < * 1 FETCH (UID 15 FLAGS (\Recent))
240804000452105 IMAPServer$ClientHandler.run()	INFO: < * 2 FETCH (UID 16 FLAGS (\Recent))
240804000452107 IMAPServer$ClientHandler.run()	INFO: < * 3 FETCH (UID 17 FLAGS (\Recent))
240804000452109 IMAPServer$ClientHandler.run()	INFO: < 73 OK FETCH completed
240804000452533 IMAPServer$ClientHandler.run()	INFO: > 74 UID fetch 15:17 (UID RFC822.SIZE FLAGS BODY.PEEK[HEADER.FIELDS (From To Cc Bcc Subject Date Message-ID Priority X-Priority References Newsgroups In-Reply-To Content-Type Reply-To)])
240804000452547 IMAPServer$ClientHandler.run()	INFO: < * 1 FETCH (UID 15 FLAGS (\Recent) BODY[HEADER.FIELDS (From To Cc Bcc Subject Date Message-ID Priority X-Priority References Newsgroups In-Reply-To Content-Type Reply-To)] {370}
Message-ID: <9dee7988-5a43-423b-bd96-ebea14b2b2d2@julio.com>
Date: Sat, 3 Aug 2024 22:57:14 -0600
MIME-Version: 1.0
User-Agent: Mozilla Thunderbird
Content-Language: en-US
To: julio@julio.com, julio2@julio.com
From: Julio2 <julio2@julio.com>
Subject: NUEVO CORREO! para probar fetch
Content-Type: text/plain; charset=UTF-8; format=flowed
Content-Transfer-Encoding: 7bit
)
240804000452551 IMAPServer$ClientHandler.run()	INFO: < * 2 FETCH (UID 16 FLAGS (\Recent) BODY[HEADER.FIELDS (From To Cc Bcc Subject Date Message-ID Priority X-Priority References Newsgroups In-Reply-To Content-Type Reply-To)] {372}
Message-ID: <a6d15232-6c34-49c8-b494-e41b028969a9@julio.com>
Date: Sat, 3 Aug 2024 23:09:53 -0600
MIME-Version: 1.0
User-Agent: Mozilla Thunderbird
Content-Language: en-US
To: julio2@julio.com
From: Julio Test <julio@julio.com>
Subject: =?UTF-8?Q?Mensaje_=C3=BAnicamente_para_Julio2?=
Content-Type: text/plain; charset=UTF-8; format=flowed
Content-Transfer-Encoding: 7bit
)
240804000452554 IMAPServer$ClientHandler.run()	INFO: < * 3 FETCH (UID 17 FLAGS (\Recent) BODY[HEADER.FIELDS (From To Cc Bcc Subject Date Message-ID Priority X-Priority References Newsgroups In-Reply-To Content-Type Reply-To)] {335}
Message-ID: <aecb9852-da52-421c-96e9-ee079b6eb6c8@julio.com>
Date: Sat, 3 Aug 2024 23:45:44 -0600
MIME-Version: 1.0
User-Agent: Mozilla Thunderbird
Content-Language: en-US
To: julio2@julio.com
From: Julio Test <julio@julio.com>
Subject: Hola nuevo
Content-Type: text/plain; charset=UTF-8; format=flowed
Content-Transfer-Encoding: 7bit
)
240804000452558 IMAPServer$ClientHandler.run()	INFO: < 74 OK UID FETCH completed
240804000453040 IMAPServer$ClientHandler.run()	INFO: > 75 UID fetch 16 (UID BODY.PEEK[HEADER.FIELDS (Content-Type Content-Transfer-Encoding)] BODY.PEEK[TEXT]<0.2048>)
240804000453044 IMAPServer$ClientHandler.run()	INFO: < * 1 FETCH (UID 16 FLAGS (\Recent) BODY[HEADER.FIELDS (From To Cc Bcc Subject Date Message-ID Priority X-Priority References Newsgroups In-Reply-To Content-Type Reply-To)] {372}
Message-ID: <a6d15232-6c34-49c8-b494-e41b028969a9@julio.com>
Date: Sat, 3 Aug 2024 23:09:53 -0600
MIME-Version: 1.0
User-Agent: Mozilla Thunderbird
Content-Language: en-US
To: julio2@julio.com
From: Julio Test <julio@julio.com>
Subject: =?UTF-8?Q?Mensaje_=C3=BAnicamente_para_Julio2?=
Content-Type: text/plain; charset=UTF-8; format=flowed
Content-Transfer-Encoding: 7bit
)
240804000453049 IMAPServer$ClientHandler.run()	INFO: < 75 OK UID FETCH completed
240804000455077 IMAPServer$ClientHandler.run()	INFO: > 76 IDLE
240804000455078 IMAPServer$ClientHandler.run()	INFO: < 76 OK IDLE completed
240804000535837 IMAPServer$ClientHandler.run()	INFO: > DONE
