240803230031205 IMAPServer$ClientHandler.run()	INFO: < * OK [CAPABILITY IMAP4rev1] IMAP Server Ready
240803230031220 IMAPServer$ClientHandler.run()	INFO: > 13 login "julio2@julio.com" "admin"
240803230031226 IMAPServer$ClientHandler.run()	INFO: < 13 OK LOGIN completed
240803230031229 IMAPServer$ClientHandler.run()	INFO: > 14 capability
240803230031232 IMAPServer$ClientHandler.run()	INFO: < 14 OK [CAPABILITY IMAP4rev1 LITERAL+ SASL-IR LOGIN-REFERRALS ID ENABLE IDLE SORT SORT=DISPLAY THREAD=REFERENCES THREAD=REFS THREAD=ORDEREDSUBJECT MULTIAPPEND URL-PARTIAL CATENATE UNSELECT CHILDREN NAMESPACE UIDPLUS LIST-EXTENDED I18NLEVEL=1 CONDSTORE QRESYNC ESEARCH ESORT SEARCHRES WITHIN CONTEXT=SEARCH LIST-STATUS BINARY MOVE NOTIFY SPECIAL-USE QUOTA]
240803230031233 IMAPServer$ClientHandler.run()	INFO: > 15 namespace
240803230031240 IMAPServer$ClientHandler.run()	INFO: < 15 OK namespace completed
240803230031242 IMAPServer$ClientHandler.run()	INFO: > 16 ID ("name" "Thunderbird" "version" "128.0.1")
240803230031244 IMAPServer$ClientHandler.run()	INFO: < 16 OK ID completed
240803230031247 IMAPServer$ClientHandler.run()	INFO: > 17 select "INBOX"
240803230031421 IMAPServer$ClientHandler.run()	INFO: < * 1 EXISTS
240803230031423 IMAPServer$ClientHandler.run()	INFO: < * 1 RECENT
240803230031424 IMAPServer$ClientHandler.run()	INFO: < * OK [UNSEEN 15] First unseen.
240803230031425 IMAPServer$ClientHandler.run()	INFO: < 17 OK [READ-WRITE] SELECT completed
240803230031427 IMAPServer$ClientHandler.run()	INFO: > 18 getquotaroot "INBOX"
240803230031428 IMAPServer$ClientHandler.run()	INFO: < 18 OK getquotaroot completed
240803230031429 IMAPServer$ClientHandler.run()	INFO: > 19 UID fetch 1:* (FLAGS)
240803230031439 IMAPServer$ClientHandler.run()	INFO: < * 1 FETCH (UID 15 FLAGS (\Recent))
240803230031440 IMAPServer$ClientHandler.run()	INFO: < 19 OK FETCH completed
240803230031442 IMAPServer$ClientHandler.run()	INFO: > 20 UID fetch 15 (UID RFC822.SIZE FLAGS BODY.PEEK[HEADER.FIELDS (From To Cc Bcc Subject Date Message-ID Priority X-Priority References Newsgroups In-Reply-To Content-Type Reply-To)])
240803230031445 IMAPServer$ClientHandler.run()	INFO: >>>>>> mailsInfo.length: 1
240803230031456 IMAPServer$ClientHandler.run()	INFO: < * 1 FETCH (UID 15 FLAGS (\Recent) BODY[HEADER.FIELDS (From To Cc Bcc Subject Date Message-ID Priority X-Priority References Newsgroups In-Reply-To Content-Type Reply-To)] {370}
Message-ID: <9dee7988-5a43-423b-bd96-ebea14b2b2d2@julio.com>
Date: Sat, 3 Aug 2024 22:57:14 -0600
MIME-Version: 1.0
User-Agent: Mozilla Thunderbird
Content-Language: en-US
To: julio@julio.com, julio2@julio.com
From: Julio2 <julio2@julio.com>
Subject: NUEVO CORREO! para probar fetch
Content-Type: text/plain; charset=UTF-8; format=flowed
Content-Transfer-Encoding: 7bit)
240803230031459 IMAPServer$ClientHandler.run()	INFO: < 20 OK UID FETCH completed
240803230031552 IMAPServer$ClientHandler.run()	INFO: > 21 logout
240803230031553 IMAPServer$ClientHandler.run()	INFO: < 21 OK logout completed
