240803231108493 IMAPServer$ClientHandler.run()	INFO: < * OK [CAPABILITY IMAP4rev1] IMAP Server Ready
240803231108495 IMAPServer$ClientHandler.run()	INFO: > 58 login "julio2@julio.com" "admin"
240803231108495 IMAPServer$ClientHandler.run()	INFO: < 58 OK LOGIN completed
240803231108496 IMAPServer$ClientHandler.run()	INFO: > 59 capability
240803231108497 IMAPServer$ClientHandler.run()	INFO: < 59 OK [CAPABILITY IMAP4rev1 LITERAL+ SASL-IR LOGIN-REFERRALS ID ENABLE IDLE SORT SORT=DISPLAY THREAD=REFERENCES THREAD=REFS THREAD=ORDEREDSUBJECT MULTIAPPEND URL-PARTIAL CATENATE UNSELECT CHILDREN NAMESPACE UIDPLUS LIST-EXTENDED I18NLEVEL=1 CONDSTORE QRESYNC ESEARCH ESORT SEARCHRES WITHIN CONTEXT=SEARCH LIST-STATUS BINARY MOVE NOTIFY SPECIAL-USE QUOTA]
240803231108497 IMAPServer$ClientHandler.run()	INFO: > 60 namespace
240803231108498 IMAPServer$ClientHandler.run()	INFO: < 60 OK namespace completed
240803231108499 IMAPServer$ClientHandler.run()	INFO: > 61 ID ("name" "Thunderbird" "version" "128.0.1")
240803231108500 IMAPServer$ClientHandler.run()	INFO: < 61 OK ID completed
240803231108501 IMAPServer$ClientHandler.run()	INFO: > 62 select "INBOX"
240803231108503 IMAPServer$ClientHandler.run()	INFO: < * 2 EXISTS
240803231108504 IMAPServer$ClientHandler.run()	INFO: < * 2 RECENT
240803231108504 IMAPServer$ClientHandler.run()	INFO: < * OK [UNSEEN 15] First unseen.
240803231108505 IMAPServer$ClientHandler.run()	INFO: < 62 OK [READ-WRITE] SELECT completed
240803231108506 IMAPServer$ClientHandler.run()	INFO: > 63 getquotaroot "INBOX"
240803231108507 IMAPServer$ClientHandler.run()	INFO: < 63 OK getquotaroot completed
240803231108508 IMAPServer$ClientHandler.run()	INFO: > 64 UID fetch 1:* (FLAGS)
240803231108508 IMAPServer$ClientHandler.run()	INFO:  ---------- PARTS: [64, UID, fetch, 1:*, (FLAGS)]
240803231108510 IMAPServer$ClientHandler.run()	INFO: < * 1 FETCH (UID 15 FLAGS (\Recent))
240803231108510 IMAPServer$ClientHandler.run()	INFO: < * 2 FETCH (UID 16 FLAGS (\Recent))
240803231108511 IMAPServer$ClientHandler.run()	INFO: < 64 OK FETCH completed
240803231108512 IMAPServer$ClientHandler.run()	INFO: > 65 UID fetch 16 (UID RFC822.SIZE FLAGS BODY.PEEK[HEADER.FIELDS (From To Cc Bcc Subject Date Message-ID Priority X-Priority References Newsgroups In-Reply-To Content-Type Reply-To)])
240803231108513 IMAPServer$ClientHandler.run()	INFO:  ---------- PARTS: [65, UID, fetch, 16, (UID, RFC822.SIZE, FLAGS, BODY.PEEK[HEADER.FIELDS, (From, To, Cc, Bcc, Subject, Date, Message-ID, Priority, X-Priority, References, Newsgroups, In-Reply-To, Content-Type, Reply-To)])]
240803231108515 IMAPServer$ClientHandler.run()	INFO: >>>>>> mailsInfo.length: 1
240803231108516 IMAPServer$ClientHandler.run()	INFO: < * 1 FETCH (UID 16 FLAGS (\Recent) BODY[HEADER.FIELDS (From To Cc Bcc Subject Date Message-ID Priority X-Priority References Newsgroups In-Reply-To Content-Type Reply-To)] {372}
Message-ID: <a6d15232-6c34-49c8-b494-e41b028969a9@julio.com>
Date: Sat, 3 Aug 2024 23:09:53 -0600
MIME-Version: 1.0
User-Agent: Mozilla Thunderbird
Content-Language: en-US
To: julio2@julio.com
From: Julio Test <julio@julio.com>
Subject: =?UTF-8?Q?Mensaje_=C3=BAnicamente_para_Julio2?=
Content-Type: text/plain; charset=UTF-8; format=flowed
Content-Transfer-Encoding: 7bit)
240803231108518 IMAPServer$ClientHandler.run()	INFO: < 65 OK UID FETCH completed
