240804030714985 IMAPServer$ClientHandler.run()	INFO: < * OK [CAPABILITY IMAP4rev1] IMAP Server Ready
240804030714997 IMAPServer$ClientHandler.run()	INFO: > 60 login "julio2@julio.com" "admin"
240804030715000 IMAPServer$ClientHandler.run()	INFO: < 60 OK LOGIN completed
240804030715002 IMAPServer$ClientHandler.run()	INFO: > 61 capability
240804030715003 IMAPServer$ClientHandler.run()	INFO: < 61 OK [CAPABILITY IMAP4rev1 LITERAL+ SASL-IR LOGIN-REFERRALS ID ENABLE IDLE SORT SORT=DISPLAY THREAD=REFERENCES THREAD=REFS THREAD=ORDEREDSUBJECT MULTIAPPEND URL-PARTIAL CATENATE UNSELECT CHILDREN NAMESPACE UIDPLUS LIST-EXTENDED I18NLEVEL=1 CONDSTORE QRESYNC ESEARCH ESORT SEARCHRES WITHIN CONTEXT=SEARCH LIST-STATUS BINARY MOVE NOTIFY SPECIAL-USE QUOTA]
240804030715007 IMAPServer$ClientHandler.run()	INFO: > 62 namespace
240804030715012 IMAPServer$ClientHandler.run()	INFO: < 62 OK namespace completed
240804030715014 IMAPServer$ClientHandler.run()	INFO: > 63 ID ("name" "Thunderbird" "version" "128.0.1")
240804030715015 IMAPServer$ClientHandler.run()	INFO: < 63 OK ID completed
240804030715017 IMAPServer$ClientHandler.run()	INFO: > 64 select "INBOX"
240804030715155 IMAPServer$ClientHandler.run()	INFO: < * 5 EXISTS
240804030715156 IMAPServer$ClientHandler.run()	INFO: < * 5 RECENT
240804030715157 IMAPServer$ClientHandler.run()	INFO: < * OK [UNSEEN 15] First unseen.
240804030715158 IMAPServer$ClientHandler.run()	INFO: < 64 OK [READ-WRITE] SELECT completed
240804030715166 IMAPServer$ClientHandler.run()	INFO: > 65 getquotaroot "INBOX"
240804030715167 IMAPServer$ClientHandler.run()	INFO: < 65 OK getquotaroot completed
240804030715170 IMAPServer$ClientHandler.run()	INFO: > 66 UID fetch 1:* (FLAGS)
240804030715181 IMAPServer$ClientHandler.run()	INFO: < * 1 FETCH (UID 15 FLAGS ( \Recent))
240804030715183 IMAPServer$ClientHandler.run()	INFO: < * 2 FETCH (UID 16 FLAGS ( \Recent))
240804030715184 IMAPServer$ClientHandler.run()	INFO: < * 3 FETCH (UID 17 FLAGS ( \Recent))
240804030715185 IMAPServer$ClientHandler.run()	INFO: < * 4 FETCH (UID 18 FLAGS ( \Recent \Seen))
240804030715185 IMAPServer$ClientHandler.run()	INFO: < * 5 FETCH (UID 25 FLAGS ( \Recent))
240804030715186 IMAPServer$ClientHandler.run()	INFO: < 66 OK FETCH completed
240804030717246 IMAPServer$ClientHandler.run()	INFO: > 67 IDLE
240804030717247 IMAPServer$ClientHandler.run()	INFO: < 67 OK IDLE completed
240804030731553 IMAPServer$ClientHandler.run()	INFO: > DONE
240804030731554 IMAPServer$ClientHandler.run()	INFO: < DONE OK completed
240804030731561 IMAPServer$ClientHandler.run()	INFO: > 69 login "julio2@julio.com" "admin"
240804030731562 IMAPServer$ClientHandler.run()	INFO: < 69 OK LOGIN completed
240804030731563 IMAPServer$ClientHandler.run()	INFO: > 70 capability
240804030731565 IMAPServer$ClientHandler.run()	INFO: < 70 OK [CAPABILITY IMAP4rev1 LITERAL+ SASL-IR LOGIN-REFERRALS ID ENABLE IDLE SORT SORT=DISPLAY THREAD=REFERENCES THREAD=REFS THREAD=ORDEREDSUBJECT MULTIAPPEND URL-PARTIAL CATENATE UNSELECT CHILDREN NAMESPACE UIDPLUS LIST-EXTENDED I18NLEVEL=1 CONDSTORE QRESYNC ESEARCH ESORT SEARCHRES WITHIN CONTEXT=SEARCH LIST-STATUS BINARY MOVE NOTIFY SPECIAL-USE QUOTA]
240804030731567 IMAPServer$ClientHandler.run()	INFO: > 71 namespace
240804030731568 IMAPServer$ClientHandler.run()	INFO: < 71 OK namespace completed
240804030731570 IMAPServer$ClientHandler.run()	INFO: > 72 ID ("name" "Thunderbird" "version" "128.0.1")
240804030731571 IMAPServer$ClientHandler.run()	INFO: < 72 OK ID completed
240804030731572 IMAPServer$ClientHandler.run()	INFO: > 73 list "" "Sent"
240804030731572 IMAPServer$ClientHandler.run()	INFO: < 73 OK list completed
240804030731573 IMAPServer$ClientHandler.run()	INFO: > 74 create "Sent"
240804030731573 IMAPServer$ClientHandler.run()	INFO: < 74 OK create completed
240804030731575 IMAPServer$ClientHandler.run()	INFO: > 75 subscribe "Sent"
240804030731576 IMAPServer$ClientHandler.run()	INFO: < 75 OK subscribe completed
240804030731578 IMAPServer$ClientHandler.run()	INFO: > 76 list "" "Sent"
240804030731578 IMAPServer$ClientHandler.run()	INFO: < 76 OK list completed
240804030731587 IMAPServer$ClientHandler.run()	INFO: > 77 append "Sent" (\Seen) {361+}
240804030731588 IMAPServer$ClientHandler.run()	INFO: < 77 OK append completed
240804030731588 IMAPServer$ClientHandler.run()	INFO: > Message-ID: <905bd724-e763-46c9-b08d-d2f38f1fbafa@julio.com>
240804030731589 IMAPServer$ClientHandler.run()	INFO: < Message-ID: OK <905bd724-e763-46c9-b08d-d2f38f1fbafa@julio.com> completed
240804030731590 IMAPServer$ClientHandler.run()	INFO: > Date: Sun, 4 Aug 2024 03:07:31 -0600
240804030731590 IMAPServer$ClientHandler.run()	INFO: < Date: OK Sun, completed
240804030731590 IMAPServer$ClientHandler.run()	INFO: > MIME-Version: 1.0
240804030731591 IMAPServer$ClientHandler.run()	INFO: < MIME-Version: OK 1.0 completed
240804030731592 IMAPServer$ClientHandler.run()	INFO: > User-Agent: Mozilla Thunderbird
240804030731593 IMAPServer$ClientHandler.run()	INFO: < User-Agent: OK Mozilla completed
240804030731594 IMAPServer$ClientHandler.run()	INFO: > Content-Language: en-US
240804030731595 IMAPServer$ClientHandler.run()	INFO: < Content-Language: OK en-US completed
240804030731596 IMAPServer$ClientHandler.run()	INFO: > To: julio@julio.com
240804030731598 IMAPServer$ClientHandler.run()	INFO: < To: OK julio@julio.com completed
240804030731599 IMAPServer$ClientHandler.run()	INFO: > From: Julio2 <julio2@julio.com>
240804030731599 IMAPServer$ClientHandler.run()	INFO: < From: OK Julio2 completed
240804030731601 IMAPServer$ClientHandler.run()	INFO: > Subject: Se mete a sent?
240804030731603 IMAPServer$ClientHandler.run()	INFO: < Subject: OK Se completed
240804030731604 IMAPServer$ClientHandler.run()	INFO: > Content-Type: text/plain; charset=UTF-8; format=flowed
240804030731605 IMAPServer$ClientHandler.run()	INFO: < Content-Type: OK text/plain; completed
240804030731605 IMAPServer$ClientHandler.run()	INFO: > Content-Transfer-Encoding: 7bit
240804030731606 IMAPServer$ClientHandler.run()	INFO: < Content-Transfer-Encoding: OK 7bit completed
240804030731607 IMAPServer$ClientHandler.run()	INFO: > 
240804030731608 IMAPServer$ClientHandler.run()	INFO: <  OK completed
240804030731609 IMAPServer$ClientHandler.run()	INFO: > Ya veremos.
240804030731610 IMAPServer$ClientHandler.run()	INFO: < Ya OK veremos. completed
240804030731611 IMAPServer$ClientHandler.run()	INFO: > 
240804030731612 IMAPServer$ClientHandler.run()	INFO: <  OK completed
