240803234056235 IMAPServer$ClientHandler.run()	INFO: < * OK [CAPABILITY IMAP4rev1] IMAP Server Ready
240803234056245 IMAPServer$ClientHandler.run()	INFO: > 46 login "julio2@julio.com" "admin"
240803234056248 IMAPServer$ClientHandler.run()	INFO: < 46 OK LOGIN completed
240803234056250 IMAPServer$ClientHandler.run()	INFO: > 47 capability
240803234056251 IMAPServer$ClientHandler.run()	INFO: < 47 OK [CAPABILITY IMAP4rev1 LITERAL+ SASL-IR LOGIN-REFERRALS ID ENABLE IDLE SORT SORT=DISPLAY THREAD=REFERENCES THREAD=REFS THREAD=ORDEREDSUBJECT MULTIAPPEND URL-PARTIAL CATENATE UNSELECT CHILDREN NAMESPACE UIDPLUS LIST-EXTENDED I18NLEVEL=1 CONDSTORE QRESYNC ESEARCH ESORT SEARCHRES WITHIN CONTEXT=SEARCH LIST-STATUS BINARY MOVE NOTIFY SPECIAL-USE QUOTA]
240803234056253 IMAPServer$ClientHandler.run()	INFO: > 48 namespace
240803234056257 IMAPServer$ClientHandler.run()	INFO: < 48 OK namespace completed
240803234056258 IMAPServer$ClientHandler.run()	INFO: > 49 ID ("name" "Thunderbird" "version" "128.0.1")
240803234056260 IMAPServer$ClientHandler.run()	INFO: < 49 OK ID completed
240803234056262 IMAPServer$ClientHandler.run()	INFO: > 50 select "INBOX"
240803234056385 IMAPServer$ClientHandler.run()	INFO: < * 2 EXISTS
240803234056387 IMAPServer$ClientHandler.run()	INFO: < * 2 RECENT
240803234056389 IMAPServer$ClientHandler.run()	INFO: < * OK [UNSEEN 15] First unseen.
240803234056390 IMAPServer$ClientHandler.run()	INFO: < 50 OK [READ-WRITE] SELECT completed
240803234056391 IMAPServer$ClientHandler.run()	INFO: > 51 getquotaroot "INBOX"
240803234056392 IMAPServer$ClientHandler.run()	INFO: < 51 OK getquotaroot completed
240803234056395 IMAPServer$ClientHandler.run()	INFO: > 52 UID fetch 1:* (FLAGS)
240803234056405 IMAPServer$ClientHandler.run()	INFO: < * 1 FETCH (UID 15 FLAGS (\Recent))
240803234056407 IMAPServer$ClientHandler.run()	INFO: < * 2 FETCH (UID 16 FLAGS (\Recent))
240803234056409 IMAPServer$ClientHandler.run()	INFO: < 52 OK FETCH completed
240803234058442 IMAPServer$ClientHandler.run()	INFO: > 53 IDLE
240803234058443 IMAPServer$ClientHandler.run()	INFO: < 53 OK IDLE completed
