240804031615950 IMAPServer$ClientHandler.run()	INFO: < * OK [CAPABILITY IMAP4rev1] IMAP Server Ready
240804031615959 IMAPServer$ClientHandler.run()	INFO: > 39 login "julio2@julio.com" "admin"
240804031615962 IMAPServer$ClientHandler.run()	INFO: < 39 OK LOGIN completed
240804031615965 IMAPServer$ClientHandler.run()	INFO: > 40 capability
240804031615967 IMAPServer$ClientHandler.run()	INFO: < 40 OK [CAPABILITY IMAP4rev1 LITERAL+ SASL-IR LOGIN-REFERRALS ID ENABLE IDLE SORT SORT=DISPLAY THREAD=REFERENCES THREAD=REFS THREAD=ORDEREDSUBJECT MULTIAPPEND URL-PARTIAL CATENATE UNSELECT CHILDREN NAMESPACE UIDPLUS LIST-EXTENDED I18NLEVEL=1 CONDSTORE QRESYNC ESEARCH ESORT SEARCHRES WITHIN CONTEXT=SEARCH LIST-STATUS BINARY MOVE NOTIFY SPECIAL-USE QUOTA]
240804031615968 IMAPServer$ClientHandler.run()	INFO: > 41 namespace
240804031615972 IMAPServer$ClientHandler.run()	INFO: < 41 OK namespace completed
240804031615973 IMAPServer$ClientHandler.run()	INFO: > 42 ID ("name" "Thunderbird" "version" "128.0.1")
240804031615974 IMAPServer$ClientHandler.run()	INFO: < 42 OK ID completed
240804031615978 IMAPServer$ClientHandler.run()	INFO: > 43 select "INBOX"
240804031616090 IMAPServer$ClientHandler.run()	INFO: < * 5 EXISTS
240804031616091 IMAPServer$ClientHandler.run()	INFO: < * 5 RECENT
240804031616093 IMAPServer$ClientHandler.run()	INFO: < * OK [UNSEEN 15] First unseen.
240804031616094 IMAPServer$ClientHandler.run()	INFO: < 43 OK [READ-WRITE] SELECT completed
240804031616094 IMAPServer$ClientHandler.run()	INFO: > 44 getquotaroot "INBOX"
240804031616095 IMAPServer$ClientHandler.run()	INFO: < 44 OK getquotaroot completed
240804031616098 IMAPServer$ClientHandler.run()	INFO: > 45 UID fetch 1:* (FLAGS)
240804031616109 IMAPServer$ClientHandler.run()	INFO: < * 1 FETCH (UID 15 FLAGS ( \Recent))
240804031616111 IMAPServer$ClientHandler.run()	INFO: < * 2 FETCH (UID 16 FLAGS ( \Recent))
240804031616111 IMAPServer$ClientHandler.run()	INFO: < * 3 FETCH (UID 17 FLAGS ( \Recent))
240804031616112 IMAPServer$ClientHandler.run()	INFO: < * 4 FETCH (UID 18 FLAGS ( \Recent \Seen))
240804031616112 IMAPServer$ClientHandler.run()	INFO: < * 5 FETCH (UID 25 FLAGS ( \Recent))
240804031616113 IMAPServer$ClientHandler.run()	INFO: < 45 OK FETCH completed
240804031618146 IMAPServer$ClientHandler.run()	INFO: > 46 IDLE
240804031618147 IMAPServer$ClientHandler.run()	INFO: < 46 OK IDLE completed
240804031645379 IMAPServer$ClientHandler.run()	INFO: > DONE
240804031645380 IMAPServer$ClientHandler.run()	INFO: < DONE OK completed
240804031645385 IMAPServer$ClientHandler.run()	INFO: > 48 login "julio2@julio.com" "admin"
240804031645385 IMAPServer$ClientHandler.run()	INFO: < 48 OK LOGIN completed
240804031645387 IMAPServer$ClientHandler.run()	INFO: > 49 capability
240804031645388 IMAPServer$ClientHandler.run()	INFO: < 49 OK [CAPABILITY IMAP4rev1 LITERAL+ SASL-IR LOGIN-REFERRALS ID ENABLE IDLE SORT SORT=DISPLAY THREAD=REFERENCES THREAD=REFS THREAD=ORDEREDSUBJECT MULTIAPPEND URL-PARTIAL CATENATE UNSELECT CHILDREN NAMESPACE UIDPLUS LIST-EXTENDED I18NLEVEL=1 CONDSTORE QRESYNC ESEARCH ESORT SEARCHRES WITHIN CONTEXT=SEARCH LIST-STATUS BINARY MOVE NOTIFY SPECIAL-USE QUOTA]
240804031645389 IMAPServer$ClientHandler.run()	INFO: > 50 namespace
240804031645389 IMAPServer$ClientHandler.run()	INFO: < 50 OK namespace completed
240804031645390 IMAPServer$ClientHandler.run()	INFO: > 51 ID ("name" "Thunderbird" "version" "128.0.1")
240804031645391 IMAPServer$ClientHandler.run()	INFO: < 51 OK ID completed
240804031645397 IMAPServer$ClientHandler.run()	INFO: > 52 select "INBOX"
240804031645399 IMAPServer$ClientHandler.run()	INFO: < * 5 EXISTS
240804031645400 IMAPServer$ClientHandler.run()	INFO: < * 5 RECENT
240804031645400 IMAPServer$ClientHandler.run()	INFO: < * OK [UNSEEN 15] First unseen.
240804031645401 IMAPServer$ClientHandler.run()	INFO: < 52 OK [READ-WRITE] SELECT completed
240804031645402 IMAPServer$ClientHandler.run()	INFO: > 53 getquotaroot "INBOX"
240804031645403 IMAPServer$ClientHandler.run()	INFO: < 53 OK getquotaroot completed
240804031645404 IMAPServer$ClientHandler.run()	INFO: > 54 UID fetch 1:* (FLAGS)
240804031645405 IMAPServer$ClientHandler.run()	INFO: < * 1 FETCH (UID 15 FLAGS ( \Recent))
240804031645406 IMAPServer$ClientHandler.run()	INFO: < * 2 FETCH (UID 16 FLAGS ( \Recent))
240804031645407 IMAPServer$ClientHandler.run()	INFO: < * 3 FETCH (UID 17 FLAGS ( \Recent))
240804031645408 IMAPServer$ClientHandler.run()	INFO: < * 4 FETCH (UID 18 FLAGS ( \Recent \Seen))
240804031645409 IMAPServer$ClientHandler.run()	INFO: < * 5 FETCH (UID 25 FLAGS ( \Recent \Seen))
240804031645409 IMAPServer$ClientHandler.run()	INFO: < 54 OK FETCH completed
240804031647423 IMAPServer$ClientHandler.run()	INFO: > 55 IDLE
240804031647424 IMAPServer$ClientHandler.run()	INFO: < 55 OK IDLE completed
240804031701130 IMAPServer$ClientHandler.run()	INFO: > DONE
240804031701138 IMAPServer$ClientHandler.run()	INFO: < DONE OK completed
240804031701139 IMAPServer$ClientHandler.run()	INFO: > 56 close
240804031701141 IMAPServer$ClientHandler.run()	INFO: < 56 OK close completed
240804031701144 IMAPServer$ClientHandler.run()	INFO: > 57 logout
240804031701145 IMAPServer$ClientHandler.run()	INFO: < 57 OK logout completed
