240804023854845 IMAPServer$ClientHandler.run()	INFO: < * OK [CAPABILITY IMAP4rev1] IMAP Server Ready
240804023855423 IMAPServer$ClientHandler.run()	INFO: > 49 login "julio2@julio.com" "admin"
240804023855424 IMAPServer$ClientHandler.run()	INFO: < 49 OK LOGIN completed
240804023855434 IMAPServer$ClientHandler.run()	INFO: > 50 capability
240804023855436 IMAPServer$ClientHandler.run()	INFO: < 50 OK [CAPABILITY IMAP4rev1 LITERAL+ SASL-IR LOGIN-REFERRALS ID ENABLE IDLE SORT SORT=DISPLAY THREAD=REFERENCES THREAD=REFS THREAD=ORDEREDSUBJECT MULTIAPPEND URL-PARTIAL CATENATE UNSELECT CHILDREN NAMESPACE UIDPLUS LIST-EXTENDED I18NLEVEL=1 CONDSTORE QRESYNC ESEARCH ESORT SEARCHRES WITHIN CONTEXT=SEARCH LIST-STATUS BINARY MOVE NOTIFY SPECIAL-USE QUOTA]
240804023855437 IMAPServer$ClientHandler.run()	INFO: > 51 namespace
240804023855438 IMAPServer$ClientHandler.run()	INFO: < 51 OK namespace completed
240804023855440 IMAPServer$ClientHandler.run()	INFO: > 52 ID ("name" "Thunderbird" "version" "128.0.1")
240804023855442 IMAPServer$ClientHandler.run()	INFO: < 52 OK ID completed
240804023856121 IMAPServer$ClientHandler.run()	INFO: > 53 select "INBOX"
240804023856321 IMAPServer$ClientHandler.run()	INFO: < * 5 EXISTS
240804023856322 IMAPServer$ClientHandler.run()	INFO: < * 5 RECENT
240804023856323 IMAPServer$ClientHandler.run()	INFO: < * OK [UNSEEN 15] First unseen.
240804023856323 IMAPServer$ClientHandler.run()	INFO: < 53 OK [READ-WRITE] SELECT completed
240804023856551 IMAPServer$ClientHandler.run()	INFO: > 54 getquotaroot "INBOX"
240804023856552 IMAPServer$ClientHandler.run()	INFO: < 54 OK getquotaroot completed
240804023856553 IMAPServer$ClientHandler.run()	INFO: > 55 UID fetch 1:* (FLAGS)
240804023856560 IMAPServer$ClientHandler.run()	INFO: < * 1 FETCH (UID 15 FLAGS (\Recent))
240804023856561 IMAPServer$ClientHandler.run()	INFO: < * 2 FETCH (UID 16 FLAGS (\Recent))
240804023856562 IMAPServer$ClientHandler.run()	INFO: < * 3 FETCH (UID 17 FLAGS (\Recent))
240804023856562 IMAPServer$ClientHandler.run()	INFO: < * 4 FETCH (UID 18 FLAGS (\Recent))
240804023856563 IMAPServer$ClientHandler.run()	INFO: < * 5 FETCH (UID 25 FLAGS (\Recent))
240804023856563 IMAPServer$ClientHandler.run()	INFO: < 55 OK FETCH completed
240804023856626 IMAPServer$ClientHandler.run()	INFO: > 56 UID fetch 15:18,25 (UID RFC822.SIZE FLAGS BODY.PEEK[HEADER.FIELDS (From To Cc Bcc Subject Date Message-ID Priority X-Priority References Newsgroups In-Reply-To Content-Type Reply-To)])
240804023856627 IMAPServer$ClientHandler.run()	INFO: < 56 NO FETCH failed
240804023859089 IMAPServer$ClientHandler.run()	INFO: > 57 IDLE
240804023859090 IMAPServer$ClientHandler.run()	INFO: < 57 OK IDLE completed
240804023915239 IMAPServer$ClientHandler.run()	INFO: > DONE
240804023915240 IMAPServer$ClientHandler.run()	INFO: < DONE OK completed
240804023915257 IMAPServer$ClientHandler.run()	INFO: > 59 login "julio2@julio.com" "admin"
240804023915258 IMAPServer$ClientHandler.run()	INFO: < 59 OK LOGIN completed
240804023915259 IMAPServer$ClientHandler.run()	INFO: > 60 capability
240804023915260 IMAPServer$ClientHandler.run()	INFO: < 60 OK [CAPABILITY IMAP4rev1 LITERAL+ SASL-IR LOGIN-REFERRALS ID ENABLE IDLE SORT SORT=DISPLAY THREAD=REFERENCES THREAD=REFS THREAD=ORDEREDSUBJECT MULTIAPPEND URL-PARTIAL CATENATE UNSELECT CHILDREN NAMESPACE UIDPLUS LIST-EXTENDED I18NLEVEL=1 CONDSTORE QRESYNC ESEARCH ESORT SEARCHRES WITHIN CONTEXT=SEARCH LIST-STATUS BINARY MOVE NOTIFY SPECIAL-USE QUOTA]
240804023915261 IMAPServer$ClientHandler.run()	INFO: > 61 namespace
240804023915261 IMAPServer$ClientHandler.run()	INFO: < 61 OK namespace completed
240804023915262 IMAPServer$ClientHandler.run()	INFO: > 62 ID ("name" "Thunderbird" "version" "128.0.1")
240804023915263 IMAPServer$ClientHandler.run()	INFO: < 62 OK ID completed
240804023915264 IMAPServer$ClientHandler.run()	INFO: > 63 select "INBOX"
240804023915268 IMAPServer$ClientHandler.run()	INFO: < * 5 EXISTS
240804023915268 IMAPServer$ClientHandler.run()	INFO: < * 5 RECENT
240804023915269 IMAPServer$ClientHandler.run()	INFO: < * OK [UNSEEN 15] First unseen.
240804023915270 IMAPServer$ClientHandler.run()	INFO: < 63 OK [READ-WRITE] SELECT completed
240804023915276 IMAPServer$ClientHandler.run()	INFO: > 64 getquotaroot "INBOX"
240804023915277 IMAPServer$ClientHandler.run()	INFO: < 64 OK getquotaroot completed
240804023915279 IMAPServer$ClientHandler.run()	INFO: > 65 UID fetch 1:* (FLAGS)
240804023915281 IMAPServer$ClientHandler.run()	INFO: < * 1 FETCH (UID 15 FLAGS (\Recent))
240804023915282 IMAPServer$ClientHandler.run()	INFO: < * 2 FETCH (UID 16 FLAGS (\Recent))
240804023915283 IMAPServer$ClientHandler.run()	INFO: < * 3 FETCH (UID 17 FLAGS (\Recent))
240804023915283 IMAPServer$ClientHandler.run()	INFO: < * 4 FETCH (UID 18 FLAGS (\Recent))
240804023915283 IMAPServer$ClientHandler.run()	INFO: < * 5 FETCH (UID 25 FLAGS (\Recent))
240804023915284 IMAPServer$ClientHandler.run()	INFO: < 65 OK FETCH completed
240804023915285 IMAPServer$ClientHandler.run()	INFO: > 66 UID fetch 15:18,25 (UID RFC822.SIZE FLAGS BODY.PEEK[HEADER.FIELDS (From To Cc Bcc Subject Date Message-ID Priority X-Priority References Newsgroups In-Reply-To Content-Type Reply-To)])
240804023915285 IMAPServer$ClientHandler.run()	INFO: < 66 NO FETCH failed
240804023917299 IMAPServer$ClientHandler.run()	INFO: > 67 IDLE
240804023917299 IMAPServer$ClientHandler.run()	INFO: < 67 OK IDLE completed
240804023920331 IMAPServer$ClientHandler.run()	INFO: > DONE
240804023920332 IMAPServer$ClientHandler.run()	INFO: < DONE OK completed
240804023920333 IMAPServer$ClientHandler.run()	INFO: > 69 login "julio2@julio.com" "admin"
240804023920334 IMAPServer$ClientHandler.run()	INFO: < 69 OK LOGIN completed
240804023920335 IMAPServer$ClientHandler.run()	INFO: > 70 capability
240804023920335 IMAPServer$ClientHandler.run()	INFO: < 70 OK [CAPABILITY IMAP4rev1 LITERAL+ SASL-IR LOGIN-REFERRALS ID ENABLE IDLE SORT SORT=DISPLAY THREAD=REFERENCES THREAD=REFS THREAD=ORDEREDSUBJECT MULTIAPPEND URL-PARTIAL CATENATE UNSELECT CHILDREN NAMESPACE UIDPLUS LIST-EXTENDED I18NLEVEL=1 CONDSTORE QRESYNC ESEARCH ESORT SEARCHRES WITHIN CONTEXT=SEARCH LIST-STATUS BINARY MOVE NOTIFY SPECIAL-USE QUOTA]
240804023920336 IMAPServer$ClientHandler.run()	INFO: > 71 namespace
240804023920336 IMAPServer$ClientHandler.run()	INFO: < 71 OK namespace completed
240804023920337 IMAPServer$ClientHandler.run()	INFO: > 72 ID ("name" "Thunderbird" "version" "128.0.1")
240804023920337 IMAPServer$ClientHandler.run()	INFO: < 72 OK ID completed
240804023920341 IMAPServer$ClientHandler.run()	INFO: > 73 select "INBOX"
240804023920344 IMAPServer$ClientHandler.run()	INFO: < * 5 EXISTS
240804023920345 IMAPServer$ClientHandler.run()	INFO: < * 5 RECENT
240804023920346 IMAPServer$ClientHandler.run()	INFO: < * OK [UNSEEN 15] First unseen.
240804023920346 IMAPServer$ClientHandler.run()	INFO: < 73 OK [READ-WRITE] SELECT completed
240804023920347 IMAPServer$ClientHandler.run()	INFO: > 74 getquotaroot "INBOX"
240804023920348 IMAPServer$ClientHandler.run()	INFO: < 74 OK getquotaroot completed
240804023920350 IMAPServer$ClientHandler.run()	INFO: > 75 UID fetch 1:* (FLAGS)
240804023920352 IMAPServer$ClientHandler.run()	INFO: < * 1 FETCH (UID 15 FLAGS (\Recent))
240804023920353 IMAPServer$ClientHandler.run()	INFO: < * 2 FETCH (UID 16 FLAGS (\Recent))
240804023920353 IMAPServer$ClientHandler.run()	INFO: < * 3 FETCH (UID 17 FLAGS (\Recent))
240804023920354 IMAPServer$ClientHandler.run()	INFO: < * 4 FETCH (UID 18 FLAGS (\Recent))
240804023920354 IMAPServer$ClientHandler.run()	INFO: < * 5 FETCH (UID 25 FLAGS (\Recent))
240804023920354 IMAPServer$ClientHandler.run()	INFO: < 75 OK FETCH completed
240804023920356 IMAPServer$ClientHandler.run()	INFO: > 76 UID fetch 15:18,25 (UID RFC822.SIZE FLAGS BODY.PEEK[HEADER.FIELDS (From To Cc Bcc Subject Date Message-ID Priority X-Priority References Newsgroups In-Reply-To Content-Type Reply-To)])
240804023920357 IMAPServer$ClientHandler.run()	INFO: < 76 NO FETCH failed
240804023922372 IMAPServer$ClientHandler.run()	INFO: > 77 IDLE
240804023922373 IMAPServer$ClientHandler.run()	INFO: < 77 OK IDLE completed
