240804034229554 IMAPServer$ClientHandler.run()	INFO: < * OK [CAPABILITY IMAP4rev1] IMAP Server Ready
240804034229586 IMAPServer$ClientHandler.run()	INFO: > 91 login "julio2@julio.com" "admin"
240804034229587 IMAPServer$ClientHandler.run()	INFO: < 91 OK LOGIN completed
240804034229590 IMAPServer$ClientHandler.run()	INFO: > 92 capability
240804034229591 IMAPServer$ClientHandler.run()	INFO: < 92 OK [CAPABILITY IMAP4rev1 LITERAL+ SASL-IR LOGIN-REFERRALS ID ENABLE IDLE SORT SORT=DISPLAY THREAD=REFERENCES THREAD=REFS THREAD=ORDEREDSUBJECT MULTIAPPEND URL-PARTIAL CATENATE UNSELECT CHILDREN NAMESPACE UIDPLUS LIST-EXTENDED I18NLEVEL=1 CONDSTORE QRESYNC ESEARCH ESORT SEARCHRES WITHIN CONTEXT=SEARCH LIST-STATUS BINARY MOVE NOTIFY SPECIAL-USE QUOTA]
240804034229592 IMAPServer$ClientHandler.run()	INFO: > 93 namespace
240804034229592 IMAPServer$ClientHandler.run()	INFO: < 93 OK namespace completed
240804034229593 IMAPServer$ClientHandler.run()	INFO: > 94 ID ("name" "Thunderbird" "version" "128.0.1")
240804034229593 IMAPServer$ClientHandler.run()	INFO: < 94 OK ID completed
240804034229597 IMAPServer$ClientHandler.run()	INFO: > 95 select "Sent"
240804034229600 IMAPServer$ClientHandler.run()	INFO: < * 8 EXISTS
240804034229601 IMAPServer$ClientHandler.run()	INFO: < * 8 RECENT
240804034229602 IMAPServer$ClientHandler.run()	INFO: < 95 OK [READ-WRITE] SELECT completed
240804034229607 IMAPServer$ClientHandler.run()	INFO: > 96 getquotaroot "Sent"
240804034229608 IMAPServer$ClientHandler.run()	INFO: < 96 OK getquotaroot completed
240804034229608 IMAPServer$ClientHandler.run()	INFO: > 97 UID fetch 1:* (FLAGS)
240804034229610 IMAPServer$ClientHandler.run()	INFO: < * 1 FETCH (UID 26 FLAGS ( \Recent \Seen))
240804034229611 IMAPServer$ClientHandler.run()	INFO: < * 2 FETCH (UID 27 FLAGS ( \Recent))
240804034229612 IMAPServer$ClientHandler.run()	INFO: < * 3 FETCH (UID 28 FLAGS ( \Recent))
240804034229613 IMAPServer$ClientHandler.run()	INFO: < * 4 FETCH (UID 29 FLAGS ( \Recent))
240804034229613 IMAPServer$ClientHandler.run()	INFO: < * 5 FETCH (UID 30 FLAGS ( \Recent))
240804034229614 IMAPServer$ClientHandler.run()	INFO: < * 6 FETCH (UID 31 FLAGS ( \Recent))
240804034229614 IMAPServer$ClientHandler.run()	INFO: < * 7 FETCH (UID 32 FLAGS ( \Recent))
240804034229615 IMAPServer$ClientHandler.run()	INFO: < * 8 FETCH (UID 33 FLAGS ( \Recent))
240804034229615 IMAPServer$ClientHandler.run()	INFO: < 97 OK FETCH completed
240804034230745 IMAPServer$ClientHandler.run()	INFO: > 98 UID fetch 31 (UID RFC822.SIZE BODY[])
240804034230747 IMAPServer$ClientHandler.run()	INFO: < * 1 FETCH (UID 31 RFC822.SIZE 378 BODY[] {378}
Message-ID: <8a1e6f8b-2753-4fb3-8fce-a9a971c88235@julio.com>
Date: Sun, 4 Aug 2024 03:28:31 -0600
MIME-Version: 1.0
User-Agent: Mozilla Thunderbird
Content-Language: en-US
To: julio@julio.com
From: Julio2 <julio2@julio.com>
Subject: Sent prueba como 5000
Content-Type: text/plain; charset=UTF-8; format=flowed
Content-Transfer-Encoding: 7bit

Prueba 5 le voy a llamar a est.

.
)
240804034230750 IMAPServer$ClientHandler.run()	INFO: < 98 OK UID FETCH completed
240804034232806 IMAPServer$ClientHandler.run()	INFO: > 99 IDLE
240804034232807 IMAPServer$ClientHandler.run()	INFO: < 99 OK IDLE completed
240804034233423 IMAPServer$ClientHandler.run()	INFO: > DONE
240804034233424 IMAPServer$ClientHandler.run()	INFO: < DONE OK completed
240804034233454 IMAPServer$ClientHandler.run()	INFO: > 101 login "julio2@julio.com" "admin"
240804034233455 IMAPServer$ClientHandler.run()	INFO: < 101 OK LOGIN completed
240804034233459 IMAPServer$ClientHandler.run()	INFO: > 102 capability
240804034233460 IMAPServer$ClientHandler.run()	INFO: < 102 OK [CAPABILITY IMAP4rev1 LITERAL+ SASL-IR LOGIN-REFERRALS ID ENABLE IDLE SORT SORT=DISPLAY THREAD=REFERENCES THREAD=REFS THREAD=ORDEREDSUBJECT MULTIAPPEND URL-PARTIAL CATENATE UNSELECT CHILDREN NAMESPACE UIDPLUS LIST-EXTENDED I18NLEVEL=1 CONDSTORE QRESYNC ESEARCH ESORT SEARCHRES WITHIN CONTEXT=SEARCH LIST-STATUS BINARY MOVE NOTIFY SPECIAL-USE QUOTA]
240804034233461 IMAPServer$ClientHandler.run()	INFO: > 103 namespace
240804034233462 IMAPServer$ClientHandler.run()	INFO: < 103 OK namespace completed
240804034233463 IMAPServer$ClientHandler.run()	INFO: > 104 ID ("name" "Thunderbird" "version" "128.0.1")
240804034233464 IMAPServer$ClientHandler.run()	INFO: < 104 OK ID completed
240804034233465 IMAPServer$ClientHandler.run()	INFO: > 105 select "Sent"
240804034233469 IMAPServer$ClientHandler.run()	INFO: < * 8 EXISTS
240804034233470 IMAPServer$ClientHandler.run()	INFO: < * 8 RECENT
240804034233471 IMAPServer$ClientHandler.run()	INFO: < 105 OK [READ-WRITE] SELECT completed
240804034233472 IMAPServer$ClientHandler.run()	INFO: > 106 getquotaroot "Sent"
240804034233473 IMAPServer$ClientHandler.run()	INFO: < 106 OK getquotaroot completed
240804034233474 IMAPServer$ClientHandler.run()	INFO: > 107 UID fetch 1:* (FLAGS)
240804034233477 IMAPServer$ClientHandler.run()	INFO: < * 1 FETCH (UID 26 FLAGS ( \Recent \Seen))
240804034233478 IMAPServer$ClientHandler.run()	INFO: < * 2 FETCH (UID 27 FLAGS ( \Recent))
240804034233479 IMAPServer$ClientHandler.run()	INFO: < * 3 FETCH (UID 28 FLAGS ( \Recent))
240804034233479 IMAPServer$ClientHandler.run()	INFO: < * 4 FETCH (UID 29 FLAGS ( \Recent))
240804034233480 IMAPServer$ClientHandler.run()	INFO: < * 5 FETCH (UID 30 FLAGS ( \Recent))
240804034233481 IMAPServer$ClientHandler.run()	INFO: < * 6 FETCH (UID 31 FLAGS ( \Recent))
240804034233481 IMAPServer$ClientHandler.run()	INFO: < * 7 FETCH (UID 32 FLAGS ( \Recent))
240804034233482 IMAPServer$ClientHandler.run()	INFO: < * 8 FETCH (UID 33 FLAGS ( \Recent))
240804034233482 IMAPServer$ClientHandler.run()	INFO: < 107 OK FETCH completed
240804034235506 IMAPServer$ClientHandler.run()	INFO: > 108 IDLE
240804034235507 IMAPServer$ClientHandler.run()	INFO: < 108 OK IDLE completed
