240806175202531 IMAPServer$ClientHandler.run()	INFO: < * OK [CAPABILITY IMAP4rev1] IMAP Server Ready
240806175202548 IMAPServer$ClientHandler.run()	INFO: > 30 login "julio@julio.com" "admin"
240806175202551 IMAPServer$ClientHandler.run()	INFO: < 30 OK LOGIN completed
240806175202553 IMAPServer$ClientHandler.run()	INFO: > 31 capability
240806175202554 IMAPServer$ClientHandler.run()	INFO: < 31 OK [CAPABILITY IMAP4rev1 LITERAL+ SASL-IR LOGIN-REFERRALS ID ENABLE IDLE SORT SORT=DISPLAY THREAD=REFERENCES THREAD=REFS THREAD=ORDEREDSUBJECT MULTIAPPEND URL-PARTIAL CATENATE UNSELECT CHILDREN NAMESPACE UIDPLUS LIST-EXTENDED I18NLEVEL=1 CONDSTORE QRESYNC ESEARCH ESORT SEARCHRES WITHIN CONTEXT=SEARCH LIST-STATUS BINARY MOVE NOTIFY SPECIAL-USE QUOTA]
240806175202556 IMAPServer$ClientHandler.run()	INFO: > 32 namespace
240806175202561 IMAPServer$ClientHandler.run()	INFO: < 32 OK namespace completed
240806175202562 IMAPServer$ClientHandler.run()	INFO: > 33 ID ("name" "Thunderbird" "version" "128.0.1")
240806175202563 IMAPServer$ClientHandler.run()	INFO: < 33 OK ID completed
240806175202564 IMAPServer$ClientHandler.run()	INFO: > 34 select "INBOX"
240806175202702 IMAPServer$ClientHandler.run()	INFO: < * 37 EXISTS
240806175202703 IMAPServer$ClientHandler.run()	INFO: < * 13 RECENT
240806175202704 IMAPServer$ClientHandler.run()	INFO: < * OK [UNSEEN 3] First unseen.
240806175202705 IMAPServer$ClientHandler.run()	INFO: < 34 OK [READ-WRITE] SELECT completed
240806175202706 IMAPServer$ClientHandler.run()	INFO: > 35 getquotaroot "INBOX"
240806175202707 IMAPServer$ClientHandler.run()	INFO: < 35 OK getquotaroot completed
240806175202708 IMAPServer$ClientHandler.run()	INFO: > 36 UID fetch 1:* (FLAGS)
240806175202717 IMAPServer$ClientHandler.run()	INFO: < * 3 FETCH (UID 3 FLAGS ())
240806175202718 IMAPServer$ClientHandler.run()	INFO: < * 5 FETCH (UID 5 FLAGS ())
240806175202718 IMAPServer$ClientHandler.run()	INFO: < * 8 FETCH (UID 8 FLAGS ())
240806175202719 IMAPServer$ClientHandler.run()	INFO: < * 10 FETCH (UID 10 FLAGS ())
240806175202720 IMAPServer$ClientHandler.run()	INFO: < * 11 FETCH (UID 11 FLAGS ())
240806175202721 IMAPServer$ClientHandler.run()	INFO: < * 12 FETCH (UID 12 FLAGS ())
240806175202721 IMAPServer$ClientHandler.run()	INFO: < * 13 FETCH (UID 13 FLAGS ( \Seen))
240806175202722 IMAPServer$ClientHandler.run()	INFO: < * 14 FETCH (UID 14 FLAGS ( \Seen))
240806175202723 IMAPServer$ClientHandler.run()	INFO: < * 19 FETCH (UID 19 FLAGS ( \Seen))
240806175202724 IMAPServer$ClientHandler.run()	INFO: < * 20 FETCH (UID 20 FLAGS ())
240806175202724 IMAPServer$ClientHandler.run()	INFO: < * 21 FETCH (UID 21 FLAGS ())
240806175202725 IMAPServer$ClientHandler.run()	INFO: < * 22 FETCH (UID 22 FLAGS ())
240806175202726 IMAPServer$ClientHandler.run()	INFO: < * 23 FETCH (UID 23 FLAGS ())
240806175202726 IMAPServer$ClientHandler.run()	INFO: < * 24 FETCH (UID 24 FLAGS ())
240806175202727 IMAPServer$ClientHandler.run()	INFO: < * 26 FETCH (UID 26 FLAGS ( \Seen))
240806175202727 IMAPServer$ClientHandler.run()	INFO: < * 27 FETCH (UID 27 FLAGS ( \Seen))
240806175202727 IMAPServer$ClientHandler.run()	INFO: < * 28 FETCH (UID 28 FLAGS ( \Seen))
240806175202728 IMAPServer$ClientHandler.run()	INFO: < * 29 FETCH (UID 29 FLAGS ())
240806175202729 IMAPServer$ClientHandler.run()	INFO: < * 30 FETCH (UID 30 FLAGS ())
240806175202729 IMAPServer$ClientHandler.run()	INFO: < * 31 FETCH (UID 31 FLAGS ())
240806175202730 IMAPServer$ClientHandler.run()	INFO: < * 32 FETCH (UID 32 FLAGS ( \Seen))
240806175202731 IMAPServer$ClientHandler.run()	INFO: < * 33 FETCH (UID 33 FLAGS ( \Seen))
240806175202731 IMAPServer$ClientHandler.run()	INFO: < * 35 FETCH (UID 35 FLAGS ( \Seen))
240806175202732 IMAPServer$ClientHandler.run()	INFO: < * 36 FETCH (UID 36 FLAGS ( \Seen))
240806175202733 IMAPServer$ClientHandler.run()	INFO: < * 49 FETCH (UID 49 FLAGS ( \Recent \Seen))
240806175202733 IMAPServer$ClientHandler.run()	INFO: < * 51 FETCH (UID 51 FLAGS ( \Recent \Seen))
240806175202734 IMAPServer$ClientHandler.run()	INFO: < * 53 FETCH (UID 53 FLAGS ( \Recent \Seen))
240806175202734 IMAPServer$ClientHandler.run()	INFO: < * 54 FETCH (UID 54 FLAGS ( \Recent \Seen))
240806175202735 IMAPServer$ClientHandler.run()	INFO: < * 55 FETCH (UID 55 FLAGS ( \Recent \Seen))
240806175202736 IMAPServer$ClientHandler.run()	INFO: < * 59 FETCH (UID 59 FLAGS ( \Recent \Seen))
240806175202736 IMAPServer$ClientHandler.run()	INFO: < * 64 FETCH (UID 64 FLAGS ( \Recent \Seen))
240806175202737 IMAPServer$ClientHandler.run()	INFO: < * 65 FETCH (UID 65 FLAGS ( \Recent \Seen))
240806175202737 IMAPServer$ClientHandler.run()	INFO: < * 66 FETCH (UID 66 FLAGS ( \Recent \Seen))
240806175202738 IMAPServer$ClientHandler.run()	INFO: < * 67 FETCH (UID 67 FLAGS ( \Recent \Seen))
240806175202738 IMAPServer$ClientHandler.run()	INFO: < * 70 FETCH (UID 70 FLAGS ( \Recent \Seen))
240806175202739 IMAPServer$ClientHandler.run()	INFO: < * 71 FETCH (UID 71 FLAGS ( \Recent \Seen))
240806175202739 IMAPServer$ClientHandler.run()	INFO: < * 73 FETCH (UID 73 FLAGS ( \Recent))
240806175202740 IMAPServer$ClientHandler.run()	INFO: < 36 OK FETCH completed
240806175202741 IMAPServer$ClientHandler.run()	INFO: > 37 UID fetch 73 (UID RFC822.SIZE FLAGS BODY.PEEK[HEADER.FIELDS (From To Cc Bcc Subject Date Message-ID Priority X-Priority References Newsgroups In-Reply-To Content-Type Reply-To)])
240806175202745 IMAPServer$ClientHandler.run()	INFO: ME PIDIERON EL CORREO 73
240806175202747 IMAPServer$ClientHandler.run()	INFO: OBTUVE EL CORREO {id=73, body=
Subject: hola man
From: pablo01@pablo.com
To: julio@julio.com


hoy es martes


., recent=1, seen=0}
240806175202755 IMAPServer$ClientHandler.run()	INFO: < * 73 FETCH (UID 73 FLAGS ( \Recent) BODY[HEADER.FIELDS (From To Cc Bcc Subject Date Message-ID Priority X-Priority References Newsgroups In-Reply-To Content-Type Reply-To)] {62}
Subject: hola man
From: pablo01@pablo.com
To: julio@julio.com

)
240806175202757 IMAPServer$ClientHandler.run()	INFO: < 37 OK UID FETCH completed
240806175202861 IMAPServer$ClientHandler.run()	INFO: > 38 logout
240806175202863 IMAPServer$ClientHandler.run()	INFO: < 38 OK logout completed
