240806153311937 IMAPServer$ClientHandler.run()	INFO: < * OK [CAPABILITY IMAP4rev1] IMAP Server Ready
240806153311949 IMAPServer$ClientHandler.run()	INFO: > 48 login "julio@julio.com" "admin"
240806153311953 IMAPServer$ClientHandler.run()	INFO: < 48 OK LOGIN completed
240806153311954 IMAPServer$ClientHandler.run()	INFO: > 49 capability
240806153311955 IMAPServer$ClientHandler.run()	INFO: < 49 OK [CAPABILITY IMAP4rev1 LITERAL+ SASL-IR LOGIN-REFERRALS ID ENABLE IDLE SORT SORT=DISPLAY THREAD=REFERENCES THREAD=REFS THREAD=ORDEREDSUBJECT MULTIAPPEND URL-PARTIAL CATENATE UNSELECT CHILDREN NAMESPACE UIDPLUS LIST-EXTENDED I18NLEVEL=1 CONDSTORE QRESYNC ESEARCH ESORT SEARCHRES WITHIN CONTEXT=SEARCH LIST-STATUS BINARY MOVE NOTIFY SPECIAL-USE QUOTA]
240806153311957 IMAPServer$ClientHandler.run()	INFO: > 50 namespace
240806153311961 IMAPServer$ClientHandler.run()	INFO: < 50 OK namespace completed
240806153311963 IMAPServer$ClientHandler.run()	INFO: > 51 ID ("name" "Thunderbird" "version" "128.0.1")
240806153311964 IMAPServer$ClientHandler.run()	INFO: < 51 OK ID completed
240806153311965 IMAPServer$ClientHandler.run()	INFO: > 52 select "INBOX"
240806153312092 IMAPServer$ClientHandler.run()	INFO: < * 29 EXISTS
240806153312093 IMAPServer$ClientHandler.run()	INFO: < * 7 RECENT
240806153312094 IMAPServer$ClientHandler.run()	INFO: < * OK [UNSEEN 3] First unseen.
240806153312095 IMAPServer$ClientHandler.run()	INFO: < 52 OK [READ-WRITE] SELECT completed
240806153312096 IMAPServer$ClientHandler.run()	INFO: > 53 getquotaroot "INBOX"
240806153312096 IMAPServer$ClientHandler.run()	INFO: < 53 OK getquotaroot completed
240806153312097 IMAPServer$ClientHandler.run()	INFO: > 54 UID fetch 1:* (FLAGS)
240806153312107 IMAPServer$ClientHandler.run()	INFO: < * 1 FETCH (UID 3 FLAGS ())
240806153312108 IMAPServer$ClientHandler.run()	INFO: < * 2 FETCH (UID 5 FLAGS ())
240806153312108 IMAPServer$ClientHandler.run()	INFO: < * 3 FETCH (UID 8 FLAGS ())
240806153312109 IMAPServer$ClientHandler.run()	INFO: < * 4 FETCH (UID 10 FLAGS ())
240806153312109 IMAPServer$ClientHandler.run()	INFO: < * 5 FETCH (UID 11 FLAGS ())
240806153312110 IMAPServer$ClientHandler.run()	INFO: < * 6 FETCH (UID 12 FLAGS ())
240806153312111 IMAPServer$ClientHandler.run()	INFO: < * 7 FETCH (UID 13 FLAGS ( \Seen))
240806153312111 IMAPServer$ClientHandler.run()	INFO: < * 8 FETCH (UID 14 FLAGS ( \Seen))
240806153312111 IMAPServer$ClientHandler.run()	INFO: < * 9 FETCH (UID 19 FLAGS ( \Seen))
240806153312112 IMAPServer$ClientHandler.run()	INFO: < * 10 FETCH (UID 20 FLAGS ())
240806153312112 IMAPServer$ClientHandler.run()	INFO: < * 11 FETCH (UID 21 FLAGS ())
240806153312113 IMAPServer$ClientHandler.run()	INFO: < * 12 FETCH (UID 22 FLAGS ())
240806153312113 IMAPServer$ClientHandler.run()	INFO: < * 13 FETCH (UID 23 FLAGS ())
240806153312114 IMAPServer$ClientHandler.run()	INFO: < * 14 FETCH (UID 24 FLAGS ())
240806153312115 IMAPServer$ClientHandler.run()	INFO: < * 15 FETCH (UID 26 FLAGS ( \Seen))
240806153312115 IMAPServer$ClientHandler.run()	INFO: < * 16 FETCH (UID 27 FLAGS ( \Seen))
240806153312116 IMAPServer$ClientHandler.run()	INFO: < * 17 FETCH (UID 28 FLAGS ( \Seen))
240806153312117 IMAPServer$ClientHandler.run()	INFO: < * 18 FETCH (UID 29 FLAGS ())
240806153312118 IMAPServer$ClientHandler.run()	INFO: < * 19 FETCH (UID 30 FLAGS ())
240806153312119 IMAPServer$ClientHandler.run()	INFO: < * 20 FETCH (UID 31 FLAGS ())
240806153312119 IMAPServer$ClientHandler.run()	INFO: < * 21 FETCH (UID 32 FLAGS ())
240806153312120 IMAPServer$ClientHandler.run()	INFO: < * 22 FETCH (UID 33 FLAGS ())
240806153312121 IMAPServer$ClientHandler.run()	INFO: < * 23 FETCH (UID 35 FLAGS ( \Seen))
240806153312121 IMAPServer$ClientHandler.run()	INFO: < * 24 FETCH (UID 36 FLAGS ( \Seen))
240806153312122 IMAPServer$ClientHandler.run()	INFO: < * 25 FETCH (UID 49 FLAGS ( \Seen))
240806153312122 IMAPServer$ClientHandler.run()	INFO: < * 26 FETCH (UID 51 FLAGS ( \Seen))
240806153312123 IMAPServer$ClientHandler.run()	INFO: < * 27 FETCH (UID 53 FLAGS ( \Seen))
240806153312123 IMAPServer$ClientHandler.run()	INFO: < * 28 FETCH (UID 54 FLAGS ( \Seen))
240806153312124 IMAPServer$ClientHandler.run()	INFO: < * 29 FETCH (UID 55 FLAGS ( \Seen))
240806153312125 IMAPServer$ClientHandler.run()	INFO: < 54 OK FETCH completed
240806153314131 IMAPServer$ClientHandler.run()	INFO: > 55 IDLE
240806153314132 IMAPServer$ClientHandler.run()	INFO: < 55 OK IDLE completed
240806153314568 IMAPServer$ClientHandler.run()	INFO: > DONE
240806153314571 IMAPServer$ClientHandler.run()	INFO: < DONE OK completed
240806153314573 IMAPServer$ClientHandler.run()	INFO: > 56 close
240806153314575 IMAPServer$ClientHandler.run()	INFO: < 56 OK close completed
240806153314579 IMAPServer$ClientHandler.run()	INFO: > 57 logout
240806153314581 IMAPServer$ClientHandler.run()	INFO: < 57 OK logout completed
