240803234918703 IMAPServer$ClientHandler.run()	INFO: < * OK [CAPABILITY IMAP4rev1] IMAP Server Ready
240803234918704 IMAPServer$ClientHandler.run()	INFO: > 7 login "julio@julio.com" "admin"
240803234918705 IMAPServer$ClientHandler.run()	INFO: < 7 OK LOGIN completed
240803234918706 IMAPServer$ClientHandler.run()	INFO: > 8 capability
240803234918706 IMAPServer$ClientHandler.run()	INFO: < 8 OK [CAPABILITY IMAP4rev1 LITERAL+ SASL-IR LOGIN-REFERRALS ID ENABLE IDLE SORT SORT=DISPLAY THREAD=REFERENCES THREAD=REFS THREAD=ORDEREDSUBJECT MULTIAPPEND URL-PARTIAL CATENATE UNSELECT CHILDREN NAMESPACE UIDPLUS LIST-EXTENDED I18NLEVEL=1 CONDSTORE QRESYNC ESEARCH ESORT SEARCHRES WITHIN CONTEXT=SEARCH LIST-STATUS BINARY MOVE NOTIFY SPECIAL-USE QUOTA]
240803234918707 IMAPServer$ClientHandler.run()	INFO: > 9 namespace
240803234918707 IMAPServer$ClientHandler.run()	INFO: < 9 OK namespace completed
240803234918708 IMAPServer$ClientHandler.run()	INFO: > 10 ID ("name" "Thunderbird" "version" "128.0.1")
240803234918708 IMAPServer$ClientHandler.run()	INFO: < 10 OK ID completed
240803234918709 IMAPServer$ClientHandler.run()	INFO: > 11 select "INBOX"
240803234918711 IMAPServer$ClientHandler.run()	INFO: < * 8 EXISTS
240803234918712 IMAPServer$ClientHandler.run()	INFO: < * 3 RECENT
240803234918712 IMAPServer$ClientHandler.run()	INFO: < * OK [UNSEEN 3] First unseen.
240803234918712 IMAPServer$ClientHandler.run()	INFO: < 11 OK [READ-WRITE] SELECT completed
240803234918713 IMAPServer$ClientHandler.run()	INFO: > 12 getquotaroot "INBOX"
240803234918713 IMAPServer$ClientHandler.run()	INFO: < 12 OK getquotaroot completed
240803234918714 IMAPServer$ClientHandler.run()	INFO: > 13 UID fetch 1:* (FLAGS)
240803234918715 IMAPServer$ClientHandler.run()	INFO: < * 1 FETCH (UID 3 FLAGS ())
240803234918716 IMAPServer$ClientHandler.run()	INFO: < * 2 FETCH (UID 5 FLAGS ())
240803234918716 IMAPServer$ClientHandler.run()	INFO: < * 3 FETCH (UID 8 FLAGS ())
240803234918716 IMAPServer$ClientHandler.run()	INFO: < * 4 FETCH (UID 10 FLAGS ())
240803234918717 IMAPServer$ClientHandler.run()	INFO: < * 5 FETCH (UID 11 FLAGS ())
240803234918717 IMAPServer$ClientHandler.run()	INFO: < * 6 FETCH (UID 12 FLAGS (\Recent))
240803234918717 IMAPServer$ClientHandler.run()	INFO: < * 7 FETCH (UID 13 FLAGS (\Recent))
240803234918718 IMAPServer$ClientHandler.run()	INFO: < * 8 FETCH (UID 14 FLAGS (\Recent))
240803234918718 IMAPServer$ClientHandler.run()	INFO: < 13 OK FETCH completed
240803234918719 IMAPServer$ClientHandler.run()	INFO: > 14 UID fetch 12:14 (UID RFC822.SIZE FLAGS BODY.PEEK[HEADER.FIELDS (From To Cc Bcc Subject Date Message-ID Priority X-Priority References Newsgroups In-Reply-To Content-Type Reply-To)])
240803234918721 IMAPServer$ClientHandler.run()	INFO: < * 1 FETCH (UID 12 FLAGS (\Recent) BODY[HEADER.FIELDS (From To Cc Bcc Subject Date Message-ID Priority X-Priority References Newsgroups In-Reply-To Content-Type Reply-To)] {332}
Message-ID: <41d85044-f8c1-4326-872b-aeecd8f0505b@julio.com>
Date: Sat, 3 Aug 2024 20:53:06 -0600
MIME-Version: 1.0
User-Agent: Mozilla Thunderbird
Content-Language: en-US
To: julio@julio.com
From: Julio Test <julio@julio.com>
Subject: Test new
Content-Type: text/plain; charset=UTF-8; format=flowed
Content-Transfer-Encoding: 8bit)
240803234918722 IMAPServer$ClientHandler.run()	INFO: < * 2 FETCH (UID 13 FLAGS (\Recent) BODY[HEADER.FIELDS (From To Cc Bcc Subject Date Message-ID Priority X-Priority References Newsgroups In-Reply-To Content-Type Reply-To)] {337}
Message-ID: <1b3c7bd9-2f6f-4a1a-9215-d6c8b2999f52@julio.com>
Date: Sat, 3 Aug 2024 22:06:56 -0600
MIME-Version: 1.0
User-Agent: Mozilla Thunderbird
Content-Language: en-US
To: julio@julio.com
From: Julio Test <julio@julio.com>
Subject: Nuevo mensaje
Content-Type: text/plain; charset=UTF-8; format=flowed
Content-Transfer-Encoding: 8bit)
240803234918724 IMAPServer$ClientHandler.run()	INFO: < * 3 FETCH (UID 14 FLAGS (\Recent) BODY[HEADER.FIELDS (From To Cc Bcc Subject Date Message-ID Priority X-Priority References Newsgroups In-Reply-To Content-Type Reply-To)] {370}
Message-ID: <9dee7988-5a43-423b-bd96-ebea14b2b2d2@julio.com>
Date: Sat, 3 Aug 2024 22:57:14 -0600
MIME-Version: 1.0
User-Agent: Mozilla Thunderbird
Content-Language: en-US
To: julio@julio.com, julio2@julio.com
From: Julio2 <julio2@julio.com>
Subject: NUEVO CORREO! para probar fetch
Content-Type: text/plain; charset=UTF-8; format=flowed
Content-Transfer-Encoding: 7bit)
240803234918725 IMAPServer$ClientHandler.run()	INFO: < 14 OK UID FETCH completed
240803234918740 IMAPServer$ClientHandler.run()	INFO: > 15 logout
240803234918741 IMAPServer$ClientHandler.run()	INFO: < 15 OK logout completed
