240803232911053 IMAPServer$ClientHandler.run()	INFO: < * OK [CAPABILITY IMAP4rev1] IMAP Server Ready
240803232928009 IMAPServer$ClientHandler.run()	INFO: > 50 login "julio@julio.com" "julio"
240803232928010 IMAPServer$ClientHandler.run()	INFO: < 50 NO LOGIN incorrect password
240803232936489 IMAPServer$ClientHandler.run()	INFO: > 53 login "julio@julio.com" "admin"
240803232936490 IMAPServer$ClientHandler.run()	INFO: < 53 OK LOGIN completed
240803232936520 IMAPServer$ClientHandler.run()	INFO: > 54 capability
240803232936521 IMAPServer$ClientHandler.run()	INFO: < 54 OK [CAPABILITY IMAP4rev1 LITERAL+ SASL-IR LOGIN-REFERRALS ID ENABLE IDLE SORT SORT=DISPLAY THREAD=REFERENCES THREAD=REFS THREAD=ORDEREDSUBJECT MULTIAPPEND URL-PARTIAL CATENATE UNSELECT CHILDREN NAMESPACE UIDPLUS LIST-EXTENDED I18NLEVEL=1 CONDSTORE QRESYNC ESEARCH ESORT SEARCHRES WITHIN CONTEXT=SEARCH LIST-STATUS BINARY MOVE NOTIFY SPECIAL-USE QUOTA]
240803232936522 IMAPServer$ClientHandler.run()	INFO: > 55 namespace
240803232936522 IMAPServer$ClientHandler.run()	INFO: < 55 OK namespace completed
240803232936523 IMAPServer$ClientHandler.run()	INFO: > 56 ID ("name" "Thunderbird" "version" "128.0.1")
240803232936523 IMAPServer$ClientHandler.run()	INFO: < 56 OK ID completed
240803232936524 IMAPServer$ClientHandler.run()	INFO: > 57 select "INBOX"
240803232936526 IMAPServer$ClientHandler.run()	INFO: < * 8 EXISTS
240803232936526 IMAPServer$ClientHandler.run()	INFO: < * 3 RECENT
240803232936527 IMAPServer$ClientHandler.run()	INFO: < * OK [UNSEEN 3] First unseen.
240803232936527 IMAPServer$ClientHandler.run()	INFO: < 57 OK [READ-WRITE] SELECT completed
240803232936528 IMAPServer$ClientHandler.run()	INFO: > 58 getquotaroot "INBOX"
240803232936529 IMAPServer$ClientHandler.run()	INFO: < 58 OK getquotaroot completed
240803232936529 IMAPServer$ClientHandler.run()	INFO: > 59 UID fetch 1:* (FLAGS)
240803232936530 IMAPServer$ClientHandler.run()	INFO:  ---------- PARTS: [59, UID, fetch, 1:*, (FLAGS)]
240803232936531 IMAPServer$ClientHandler.run()	INFO: < * 1 FETCH (UID 3 FLAGS ())
240803232936531 IMAPServer$ClientHandler.run()	INFO: < * 2 FETCH (UID 5 FLAGS ())
240803232936532 IMAPServer$ClientHandler.run()	INFO: < * 3 FETCH (UID 8 FLAGS ())
240803232936532 IMAPServer$ClientHandler.run()	INFO: < * 4 FETCH (UID 10 FLAGS ())
240803232936533 IMAPServer$ClientHandler.run()	INFO: < * 5 FETCH (UID 11 FLAGS ())
240803232936534 IMAPServer$ClientHandler.run()	INFO: < * 6 FETCH (UID 12 FLAGS (\Recent))
240803232936535 IMAPServer$ClientHandler.run()	INFO: < * 7 FETCH (UID 13 FLAGS (\Recent))
240803232936536 IMAPServer$ClientHandler.run()	INFO: < * 8 FETCH (UID 14 FLAGS (\Recent))
240803232936536 IMAPServer$ClientHandler.run()	INFO: < 59 OK FETCH completed
240803232936552 IMAPServer$ClientHandler.run()	INFO: > 60 UID fetch 3:14 (UID RFC822.SIZE FLAGS BODY.PEEK[HEADER.FIELDS (From To Cc Bcc Subject Date Message-ID Priority X-Priority References Newsgroups In-Reply-To Content-Type Reply-To)])
240803232936553 IMAPServer$ClientHandler.run()	INFO:  ---------- PARTS: [60, UID, fetch, 3:14, (UID, RFC822.SIZE, FLAGS, BODY.PEEK[HEADER.FIELDS, (From, To, Cc, Bcc, Subject, Date, Message-ID, Priority, X-Priority, References, Newsgroups, In-Reply-To, Content-Type, Reply-To)])]
240803232936555 IMAPServer$ClientHandler.run()	INFO: >>>>>> mailsInfo.length: 8
240803232936555 IMAPServer$ClientHandler.run()	INFO: < * 1 FETCH (UID 3 FLAGS () BODY[HEADER.FIELDS (From To Cc Bcc Subject Date Message-ID Priority X-Priority References Newsgroups In-Reply-To Content-Type Reply-To)] {350}
Message-ID: <02696520-d721-458c-b0c6-9f5fa555a3f5@julio.com>
Date: Wed, 31 Jul 2024 17:40:01 -0600
MIME-Version: 1.0
User-Agent: Mozilla Thunderbird
Content-Language: en-US
To: test@test.ug, julio@julio.com
From: Julio Test <julio@julio.com>
Subject: Test 1 a UG
Content-Type: text/plain; charset=UTF-8; format=flowed
Content-Transfer-Encoding: 8bit)
240803232936557 IMAPServer$ClientHandler.run()	INFO: < * 2 FETCH (UID 5 FLAGS () BODY[HEADER.FIELDS (From To Cc Bcc Subject Date Message-ID Priority X-Priority References Newsgroups In-Reply-To Content-Type Reply-To)] {350}
Message-ID: <780d97b3-11aa-44bc-94d8-3a6f48f69fbc@julio.com>
Date: Wed, 31 Jul 2024 20:10:58 -0600
MIME-Version: 1.0
User-Agent: Mozilla Thunderbird
Content-Language: en-US
To: test@test.ug, julio@julio.com
From: Julio Test <julio@julio.com>
Subject: Test 1 a UG
Content-Type: text/plain; charset=UTF-8; format=flowed
Content-Transfer-Encoding: 7bit)
240803232936559 IMAPServer$ClientHandler.run()	INFO: < * 3 FETCH (UID 8 FLAGS () BODY[HEADER.FIELDS (From To Cc Bcc Subject Date Message-ID Priority X-Priority References Newsgroups In-Reply-To Content-Type Reply-To)] {350}
Message-ID: <1fd36192-9a08-485a-a7d9-b8cb29c8672d@julio.com>
Date: Wed, 31 Jul 2024 20:48:32 -0600
MIME-Version: 1.0
User-Agent: Mozilla Thunderbird
Content-Language: en-US
To: test@test.ug, julio@julio.com
From: Julio Test <julio@julio.com>
Subject: Test 1 a UG
Content-Type: text/plain; charset=UTF-8; format=flowed
Content-Transfer-Encoding: 7bit)
240803232936561 IMAPServer$ClientHandler.run()	INFO: < * 4 FETCH (UID 10 FLAGS () BODY[HEADER.FIELDS (From To Cc Bcc Subject Date Message-ID Priority X-Priority References Newsgroups In-Reply-To Content-Type Reply-To)] {350}
Message-ID: <12289011-1690-4f19-ad0a-b11de249bd12@julio.com>
Date: Wed, 31 Jul 2024 20:50:54 -0600
MIME-Version: 1.0
User-Agent: Mozilla Thunderbird
Content-Language: en-US
To: test@test.ug, julio@julio.com
From: Julio Test <julio@julio.com>
Subject: Test 1 a UG
Content-Type: text/plain; charset=UTF-8; format=flowed
Content-Transfer-Encoding: 7bit)
240803232936563 IMAPServer$ClientHandler.run()	INFO: < * 5 FETCH (UID 11 FLAGS () BODY[HEADER.FIELDS (From To Cc Bcc Subject Date Message-ID Priority X-Priority References Newsgroups In-Reply-To Content-Type Reply-To)] {329}
Message-ID: <2e78efe8-a9a1-4903-80d5-e26e4dfc37eb@julio.com>
Date: Wed, 31 Jul 2024 21:38:37 -0600
MIME-Version: 1.0
User-Agent: Mozilla Thunderbird
Content-Language: en-US
To: julio@julio.com
From: Julio Test <julio@julio.com>
Subject: Test
Content-Type: text/plain; charset=UTF-8; format=flowed
Content-Transfer-Encoding: 7bit)
240803232936567 IMAPServer$ClientHandler.run()	INFO: < * 6 FETCH (UID 12 FLAGS (\Recent) BODY[HEADER.FIELDS (From To Cc Bcc Subject Date Message-ID Priority X-Priority References Newsgroups In-Reply-To Content-Type Reply-To)] {332}
Message-ID: <41d85044-f8c1-4326-872b-aeecd8f0505b@julio.com>
Date: Sat, 3 Aug 2024 20:53:06 -0600
MIME-Version: 1.0
User-Agent: Mozilla Thunderbird
Content-Language: en-US
To: julio@julio.com
From: Julio Test <julio@julio.com>
Subject: Test new
Content-Type: text/plain; charset=UTF-8; format=flowed
Content-Transfer-Encoding: 8bit)
240803232936569 IMAPServer$ClientHandler.run()	INFO: < * 7 FETCH (UID 13 FLAGS (\Recent) BODY[HEADER.FIELDS (From To Cc Bcc Subject Date Message-ID Priority X-Priority References Newsgroups In-Reply-To Content-Type Reply-To)] {337}
Message-ID: <1b3c7bd9-2f6f-4a1a-9215-d6c8b2999f52@julio.com>
Date: Sat, 3 Aug 2024 22:06:56 -0600
MIME-Version: 1.0
User-Agent: Mozilla Thunderbird
Content-Language: en-US
To: julio@julio.com
From: Julio Test <julio@julio.com>
Subject: Nuevo mensaje
Content-Type: text/plain; charset=UTF-8; format=flowed
Content-Transfer-Encoding: 8bit)
240803232936571 IMAPServer$ClientHandler.run()	INFO: < * 8 FETCH (UID 14 FLAGS (\Recent) BODY[HEADER.FIELDS (From To Cc Bcc Subject Date Message-ID Priority X-Priority References Newsgroups In-Reply-To Content-Type Reply-To)] {370}
Message-ID: <9dee7988-5a43-423b-bd96-ebea14b2b2d2@julio.com>
Date: Sat, 3 Aug 2024 22:57:14 -0600
MIME-Version: 1.0
User-Agent: Mozilla Thunderbird
Content-Language: en-US
To: julio@julio.com, julio2@julio.com
From: Julio2 <julio2@julio.com>
Subject: NUEVO CORREO! para probar fetch
Content-Type: text/plain; charset=UTF-8; format=flowed
Content-Transfer-Encoding: 7bit)
240803232936573 IMAPServer$ClientHandler.run()	INFO: < 60 OK UID FETCH completed
240803232936593 IMAPServer$ClientHandler.run()	INFO: > 61 logout
240803232936594 IMAPServer$ClientHandler.run()	INFO: < 61 OK logout completed
