240803234104909 IMAPServer$ClientHandler.run()	INFO: < * OK [CAPABILITY IMAP4rev1] IMAP Server Ready
240803234104922 IMAPServer$ClientHandler.run()	INFO: > 27 login "julio@julio.com" "admin"
240803234104923 IMAPServer$ClientHandler.run()	INFO: < 27 OK LOGIN completed
240803234104924 IMAPServer$ClientHandler.run()	INFO: > 28 capability
240803234104926 IMAPServer$ClientHandler.run()	INFO: < 28 OK [CAPABILITY IMAP4rev1 LITERAL+ SASL-IR LOGIN-REFERRALS ID ENABLE IDLE SORT SORT=DISPLAY THREAD=REFERENCES THREAD=REFS THREAD=ORDEREDSUBJECT MULTIAPPEND URL-PARTIAL CATENATE UNSELECT CHILDREN NAMESPACE UIDPLUS LIST-EXTENDED I18NLEVEL=1 CONDSTORE QRESYNC ESEARCH ESORT SEARCHRES WITHIN CONTEXT=SEARCH LIST-STATUS BINARY MOVE NOTIFY SPECIAL-USE QUOTA]
240803234104931 IMAPServer$ClientHandler.run()	INFO: > 29 namespace
240803234104932 IMAPServer$ClientHandler.run()	INFO: < 29 OK namespace completed
240803234104934 IMAPServer$ClientHandler.run()	INFO: > 30 ID ("name" "Thunderbird" "version" "128.0.1")
240803234104935 IMAPServer$ClientHandler.run()	INFO: < 30 OK ID completed
240803234104937 IMAPServer$ClientHandler.run()	INFO: > 31 select "INBOX"
240803234104941 IMAPServer$ClientHandler.run()	INFO: < * 8 EXISTS
240803234104942 IMAPServer$ClientHandler.run()	INFO: < * 3 RECENT
240803234104943 IMAPServer$ClientHandler.run()	INFO: < * OK [UNSEEN 3] First unseen.
240803234104944 IMAPServer$ClientHandler.run()	INFO: < 31 OK [READ-WRITE] SELECT completed
240803234104955 IMAPServer$ClientHandler.run()	INFO: > 32 getquotaroot "INBOX"
240803234104956 IMAPServer$ClientHandler.run()	INFO: < 32 OK getquotaroot completed
240803234104960 IMAPServer$ClientHandler.run()	INFO: > 33 UID fetch 1:* (FLAGS)
240803234104963 IMAPServer$ClientHandler.run()	INFO: < * 1 FETCH (UID 3 FLAGS ())
240803234104964 IMAPServer$ClientHandler.run()	INFO: < * 2 FETCH (UID 5 FLAGS ())
240803234104965 IMAPServer$ClientHandler.run()	INFO: < * 3 FETCH (UID 8 FLAGS ())
240803234104966 IMAPServer$ClientHandler.run()	INFO: < * 4 FETCH (UID 10 FLAGS ())
240803234104967 IMAPServer$ClientHandler.run()	INFO: < * 5 FETCH (UID 11 FLAGS ())
240803234104968 IMAPServer$ClientHandler.run()	INFO: < * 6 FETCH (UID 12 FLAGS (\Recent))
240803234104969 IMAPServer$ClientHandler.run()	INFO: < * 7 FETCH (UID 13 FLAGS (\Recent))
240803234104970 IMAPServer$ClientHandler.run()	INFO: < * 8 FETCH (UID 14 FLAGS (\Recent))
240803234104971 IMAPServer$ClientHandler.run()	INFO: < 33 OK FETCH completed
240803234104973 IMAPServer$ClientHandler.run()	INFO: > 34 UID fetch 8:14 (UID RFC822.SIZE FLAGS BODY.PEEK[HEADER.FIELDS (From To Cc Bcc Subject Date Message-ID Priority X-Priority References Newsgroups In-Reply-To Content-Type Reply-To)])
240803234104986 IMAPServer$ClientHandler.run()	INFO: < * 1 FETCH (UID 8 FLAGS () BODY[HEADER.FIELDS (From To Cc Bcc Subject Date Message-ID Priority X-Priority References Newsgroups In-Reply-To Content-Type Reply-To)] {350}
Message-ID: <1fd36192-9a08-485a-a7d9-b8cb29c8672d@julio.com>
Date: Wed, 31 Jul 2024 20:48:32 -0600
MIME-Version: 1.0
User-Agent: Mozilla Thunderbird
Content-Language: en-US
To: test@test.ug, julio@julio.com
From: Julio Test <julio@julio.com>
Subject: Test 1 a UG
Content-Type: text/plain; charset=UTF-8; format=flowed
Content-Transfer-Encoding: 7bit)
240803234104990 IMAPServer$ClientHandler.run()	INFO: < * 2 FETCH (UID 10 FLAGS () BODY[HEADER.FIELDS (From To Cc Bcc Subject Date Message-ID Priority X-Priority References Newsgroups In-Reply-To Content-Type Reply-To)] {350}
Message-ID: <12289011-1690-4f19-ad0a-b11de249bd12@julio.com>
Date: Wed, 31 Jul 2024 20:50:54 -0600
MIME-Version: 1.0
User-Agent: Mozilla Thunderbird
Content-Language: en-US
To: test@test.ug, julio@julio.com
From: Julio Test <julio@julio.com>
Subject: Test 1 a UG
Content-Type: text/plain; charset=UTF-8; format=flowed
Content-Transfer-Encoding: 7bit)
240803234104993 IMAPServer$ClientHandler.run()	INFO: < * 3 FETCH (UID 11 FLAGS () BODY[HEADER.FIELDS (From To Cc Bcc Subject Date Message-ID Priority X-Priority References Newsgroups In-Reply-To Content-Type Reply-To)] {329}
Message-ID: <2e78efe8-a9a1-4903-80d5-e26e4dfc37eb@julio.com>
Date: Wed, 31 Jul 2024 21:38:37 -0600
MIME-Version: 1.0
User-Agent: Mozilla Thunderbird
Content-Language: en-US
To: julio@julio.com
From: Julio Test <julio@julio.com>
Subject: Test
Content-Type: text/plain; charset=UTF-8; format=flowed
Content-Transfer-Encoding: 7bit)
240803234104996 IMAPServer$ClientHandler.run()	INFO: < * 4 FETCH (UID 12 FLAGS (\Recent) BODY[HEADER.FIELDS (From To Cc Bcc Subject Date Message-ID Priority X-Priority References Newsgroups In-Reply-To Content-Type Reply-To)] {332}
Message-ID: <41d85044-f8c1-4326-872b-aeecd8f0505b@julio.com>
Date: Sat, 3 Aug 2024 20:53:06 -0600
MIME-Version: 1.0
User-Agent: Mozilla Thunderbird
Content-Language: en-US
To: julio@julio.com
From: Julio Test <julio@julio.com>
Subject: Test new
Content-Type: text/plain; charset=UTF-8; format=flowed
Content-Transfer-Encoding: 8bit)
240803234105000 IMAPServer$ClientHandler.run()	INFO: < * 5 FETCH (UID 13 FLAGS (\Recent) BODY[HEADER.FIELDS (From To Cc Bcc Subject Date Message-ID Priority X-Priority References Newsgroups In-Reply-To Content-Type Reply-To)] {337}
Message-ID: <1b3c7bd9-2f6f-4a1a-9215-d6c8b2999f52@julio.com>
Date: Sat, 3 Aug 2024 22:06:56 -0600
MIME-Version: 1.0
User-Agent: Mozilla Thunderbird
Content-Language: en-US
To: julio@julio.com
From: Julio Test <julio@julio.com>
Subject: Nuevo mensaje
Content-Type: text/plain; charset=UTF-8; format=flowed
Content-Transfer-Encoding: 8bit)
240803234105003 IMAPServer$ClientHandler.run()	INFO: < * 6 FETCH (UID 14 FLAGS (\Recent) BODY[HEADER.FIELDS (From To Cc Bcc Subject Date Message-ID Priority X-Priority References Newsgroups In-Reply-To Content-Type Reply-To)] {370}
Message-ID: <9dee7988-5a43-423b-bd96-ebea14b2b2d2@julio.com>
Date: Sat, 3 Aug 2024 22:57:14 -0600
MIME-Version: 1.0
User-Agent: Mozilla Thunderbird
Content-Language: en-US
To: julio@julio.com, julio2@julio.com
From: Julio2 <julio2@julio.com>
Subject: NUEVO CORREO! para probar fetch
Content-Type: text/plain; charset=UTF-8; format=flowed
Content-Transfer-Encoding: 7bit)
240803234105006 IMAPServer$ClientHandler.run()	INFO: < 34 OK UID FETCH completed
240803234105042 IMAPServer$ClientHandler.run()	INFO: > 35 logout
240803234105043 IMAPServer$ClientHandler.run()	INFO: < 35 OK logout completed
