240804025148149 IMAPServer$ClientHandler.run()	INFO: < * OK [CAPABILITY IMAP4rev1] IMAP Server Ready
240804025148160 IMAPServer$ClientHandler.run()	INFO: > 56 login "julio@julio.com" "admin"
240804025148164 IMAPServer$ClientHandler.run()	INFO: < 56 OK LOGIN completed
240804025148166 IMAPServer$ClientHandler.run()	INFO: > 57 capability
240804025148168 IMAPServer$ClientHandler.run()	INFO: < 57 OK [CAPABILITY IMAP4rev1 LITERAL+ SASL-IR LOGIN-REFERRALS ID ENABLE IDLE SORT SORT=DISPLAY THREAD=REFERENCES THREAD=REFS THREAD=ORDEREDSUBJECT MULTIAPPEND URL-PARTIAL CATENATE UNSELECT CHILDREN NAMESPACE UIDPLUS LIST-EXTENDED I18NLEVEL=1 CONDSTORE QRESYNC ESEARCH ESORT SEARCHRES WITHIN CONTEXT=SEARCH LIST-STATUS BINARY MOVE NOTIFY SPECIAL-USE QUOTA]
240804025148173 IMAPServer$ClientHandler.run()	INFO: > 58 namespace
240804025148179 IMAPServer$ClientHandler.run()	INFO: < 58 OK namespace completed
240804025148181 IMAPServer$ClientHandler.run()	INFO: > 59 ID ("name" "Thunderbird" "version" "128.0.1")
240804025148183 IMAPServer$ClientHandler.run()	INFO: < 59 OK ID completed
240804025148287 IMAPServer$ClientHandler.run()	INFO: > 60 select "INBOX"
240804025148417 IMAPServer$ClientHandler.run()	INFO: < * 14 EXISTS
240804025148418 IMAPServer$ClientHandler.run()	INFO: < * 9 RECENT
240804025148420 IMAPServer$ClientHandler.run()	INFO: < * OK [UNSEEN 3] First unseen.
240804025148421 IMAPServer$ClientHandler.run()	INFO: < 60 OK [READ-WRITE] SELECT completed
240804025148425 IMAPServer$ClientHandler.run()	INFO: > 61 getquotaroot "INBOX"
240804025148426 IMAPServer$ClientHandler.run()	INFO: < 61 OK getquotaroot completed
240804025148439 IMAPServer$ClientHandler.run()	INFO: > 62 UID fetch 1:* (FLAGS)
240804025148451 IMAPServer$ClientHandler.run()	INFO: < * 1 FETCH (UID 3 FLAGS ())
240804025148453 IMAPServer$ClientHandler.run()	INFO: < * 2 FETCH (UID 5 FLAGS ())
240804025148455 IMAPServer$ClientHandler.run()	INFO: < * 3 FETCH (UID 8 FLAGS ())
240804025148456 IMAPServer$ClientHandler.run()	INFO: < * 4 FETCH (UID 10 FLAGS ())
240804025148457 IMAPServer$ClientHandler.run()	INFO: < * 5 FETCH (UID 11 FLAGS ())
240804025148458 IMAPServer$ClientHandler.run()	INFO: < * 6 FETCH (UID 12 FLAGS ( \Recent))
240804025148459 IMAPServer$ClientHandler.run()	INFO: < * 7 FETCH (UID 13 FLAGS ( \Recent))
240804025148460 IMAPServer$ClientHandler.run()	INFO: < * 8 FETCH (UID 14 FLAGS ( \Recent))
240804025148461 IMAPServer$ClientHandler.run()	INFO: < * 9 FETCH (UID 19 FLAGS ( \Recent \Seen))
240804025148462 IMAPServer$ClientHandler.run()	INFO: < * 10 FETCH (UID 20 FLAGS ( \Recent))
240804025148463 IMAPServer$ClientHandler.run()	INFO: < * 11 FETCH (UID 21 FLAGS ( \Recent))
240804025148464 IMAPServer$ClientHandler.run()	INFO: < * 12 FETCH (UID 22 FLAGS ( \Recent))
240804025148465 IMAPServer$ClientHandler.run()	INFO: < * 13 FETCH (UID 23 FLAGS ( \Recent))
240804025148467 IMAPServer$ClientHandler.run()	INFO: < * 14 FETCH (UID 24 FLAGS ( \Recent))
240804025148468 IMAPServer$ClientHandler.run()	INFO: < 62 OK FETCH completed
240804025148506 IMAPServer$ClientHandler.run()	INFO: > 63 UID fetch 14 (UID RFC822.SIZE BODY[])
240804025148519 IMAPServer$ClientHandler.run()	INFO: < * 1 FETCH (UID 14 RFC822.SIZE 422 BODY[] {422}
Message-ID: <9dee7988-5a43-423b-bd96-ebea14b2b2d2@julio.com>
Date: Sat, 3 Aug 2024 22:57:14 -0600
MIME-Version: 1.0
User-Agent: Mozilla Thunderbird
Content-Language: en-US
To: julio@julio.com, julio2@julio.com
From: Julio2 <julio2@julio.com>
Subject: NUEVO CORREO! para probar fetch
Content-Type: text/plain; charset=UTF-8; format=flowed
Content-Transfer-Encoding: 7bit

Hola JULIO y JULIO 2 YA ME FUNCIONA EL FETCH!!!

.
)
240804025148530 IMAPServer$ClientHandler.run()	INFO: < 63 OK UID FETCH completed
240804025150696 IMAPServer$ClientHandler.run()	INFO: > 64 IDLE
240804025150697 IMAPServer$ClientHandler.run()	INFO: < 64 OK IDLE completed
240804025152028 IMAPServer$ClientHandler.run()	INFO: > DONE
240804025152029 IMAPServer$ClientHandler.run()	INFO: < DONE OK completed
240804025152050 IMAPServer$ClientHandler.run()	INFO: > 66 login "julio@julio.com" "admin"
240804025152051 IMAPServer$ClientHandler.run()	INFO: < 66 OK LOGIN completed
240804025152053 IMAPServer$ClientHandler.run()	INFO: > 67 capability
240804025152054 IMAPServer$ClientHandler.run()	INFO: < 67 OK [CAPABILITY IMAP4rev1 LITERAL+ SASL-IR LOGIN-REFERRALS ID ENABLE IDLE SORT SORT=DISPLAY THREAD=REFERENCES THREAD=REFS THREAD=ORDEREDSUBJECT MULTIAPPEND URL-PARTIAL CATENATE UNSELECT CHILDREN NAMESPACE UIDPLUS LIST-EXTENDED I18NLEVEL=1 CONDSTORE QRESYNC ESEARCH ESORT SEARCHRES WITHIN CONTEXT=SEARCH LIST-STATUS BINARY MOVE NOTIFY SPECIAL-USE QUOTA]
240804025152061 IMAPServer$ClientHandler.run()	INFO: > 68 namespace
240804025152062 IMAPServer$ClientHandler.run()	INFO: < 68 OK namespace completed
240804025152064 IMAPServer$ClientHandler.run()	INFO: > 69 ID ("name" "Thunderbird" "version" "128.0.1")
240804025152065 IMAPServer$ClientHandler.run()	INFO: < 69 OK ID completed
240804025152073 IMAPServer$ClientHandler.run()	INFO: > 70 select "INBOX"
240804025152076 IMAPServer$ClientHandler.run()	INFO: < * 14 EXISTS
240804025152077 IMAPServer$ClientHandler.run()	INFO: < * 9 RECENT
240804025152078 IMAPServer$ClientHandler.run()	INFO: < * OK [UNSEEN 3] First unseen.
240804025152079 IMAPServer$ClientHandler.run()	INFO: < 70 OK [READ-WRITE] SELECT completed
240804025152080 IMAPServer$ClientHandler.run()	INFO: > 71 getquotaroot "INBOX"
240804025152081 IMAPServer$ClientHandler.run()	INFO: < 71 OK getquotaroot completed
240804025152088 IMAPServer$ClientHandler.run()	INFO: > 72 UID fetch 1:* (FLAGS)
240804025152091 IMAPServer$ClientHandler.run()	INFO: < * 1 FETCH (UID 3 FLAGS ())
240804025152092 IMAPServer$ClientHandler.run()	INFO: < * 2 FETCH (UID 5 FLAGS ())
240804025152094 IMAPServer$ClientHandler.run()	INFO: < * 3 FETCH (UID 8 FLAGS ())
240804025152095 IMAPServer$ClientHandler.run()	INFO: < * 4 FETCH (UID 10 FLAGS ())
240804025152097 IMAPServer$ClientHandler.run()	INFO: < * 5 FETCH (UID 11 FLAGS ())
240804025152098 IMAPServer$ClientHandler.run()	INFO: < * 6 FETCH (UID 12 FLAGS ( \Recent))
240804025152099 IMAPServer$ClientHandler.run()	INFO: < * 7 FETCH (UID 13 FLAGS ( \Recent))
240804025152100 IMAPServer$ClientHandler.run()	INFO: < * 8 FETCH (UID 14 FLAGS ( \Recent \Seen))
240804025152101 IMAPServer$ClientHandler.run()	INFO: < * 9 FETCH (UID 19 FLAGS ( \Recent \Seen))
240804025152102 IMAPServer$ClientHandler.run()	INFO: < * 10 FETCH (UID 20 FLAGS ( \Recent))
240804025152103 IMAPServer$ClientHandler.run()	INFO: < * 11 FETCH (UID 21 FLAGS ( \Recent))
240804025152104 IMAPServer$ClientHandler.run()	INFO: < * 12 FETCH (UID 22 FLAGS ( \Recent))
240804025152105 IMAPServer$ClientHandler.run()	INFO: < * 13 FETCH (UID 23 FLAGS ( \Recent))
240804025152107 IMAPServer$ClientHandler.run()	INFO: < * 14 FETCH (UID 24 FLAGS ( \Recent))
240804025152108 IMAPServer$ClientHandler.run()	INFO: < 72 OK FETCH completed
240804025152112 IMAPServer$ClientHandler.run()	INFO: > 73 UID fetch 13 (UID RFC822.SIZE BODY[])
240804025152116 IMAPServer$ClientHandler.run()	INFO: < * 1 FETCH (UID 13 RFC822.SIZE 393 BODY[] {393}
Message-ID: <1b3c7bd9-2f6f-4a1a-9215-d6c8b2999f52@julio.com>
Date: Sat, 3 Aug 2024 22:06:56 -0600
MIME-Version: 1.0
User-Agent: Mozilla Thunderbird
Content-Language: en-US
To: julio@julio.com
From: Julio Test <julio@julio.com>
Subject: Nuevo mensaje
Content-Type: text/plain; charset=UTF-8; format=flowed
Content-Transfer-Encoding: 8bit

Test después de primera implementación de fetch 1:*

.
)
240804025152129 IMAPServer$ClientHandler.run()	INFO: < 73 OK UID FETCH completed
240804025152430 IMAPServer$ClientHandler.run()	INFO: > 74 logout
240804025152431 IMAPServer$ClientHandler.run()	INFO: < 74 OK logout completed
