240804000910994 IMAPServer$ClientHandler.run()	INFO: < * OK [CAPABILITY IMAP4rev1] IMAP Server Ready
240804000910999 IMAPServer$ClientHandler.run()	INFO: > 57 login "julio@julio.com" "admin"
240804000910999 IMAPServer$ClientHandler.run()	INFO: < 57 OK LOGIN completed
240804000911004 IMAPServer$ClientHandler.run()	INFO: > 58 capability
240804000911004 IMAPServer$ClientHandler.run()	INFO: < 58 OK [CAPABILITY IMAP4rev1 LITERAL+ SASL-IR LOGIN-REFERRALS ID ENABLE IDLE SORT SORT=DISPLAY THREAD=REFERENCES THREAD=REFS THREAD=ORDEREDSUBJECT MULTIAPPEND URL-PARTIAL CATENATE UNSELECT CHILDREN NAMESPACE UIDPLUS LIST-EXTENDED I18NLEVEL=1 CONDSTORE QRESYNC ESEARCH ESORT SEARCHRES WITHIN CONTEXT=SEARCH LIST-STATUS BINARY MOVE NOTIFY SPECIAL-USE QUOTA]
240804000911005 IMAPServer$ClientHandler.run()	INFO: > 59 namespace
240804000911005 IMAPServer$ClientHandler.run()	INFO: < 59 OK namespace completed
240804000911006 IMAPServer$ClientHandler.run()	INFO: > 60 ID ("name" "Thunderbird" "version" "128.0.1")
240804000911007 IMAPServer$ClientHandler.run()	INFO: < 60 OK ID completed
240804000911010 IMAPServer$ClientHandler.run()	INFO: > 61 select "INBOX"
240804000911013 IMAPServer$ClientHandler.run()	INFO: < * 8 EXISTS
240804000911013 IMAPServer$ClientHandler.run()	INFO: < * 3 RECENT
240804000911014 IMAPServer$ClientHandler.run()	INFO: < * OK [UNSEEN 3] First unseen.
240804000911014 IMAPServer$ClientHandler.run()	INFO: < 61 OK [READ-WRITE] SELECT completed
240804000911015 IMAPServer$ClientHandler.run()	INFO: > 62 getquotaroot "INBOX"
240804000911015 IMAPServer$ClientHandler.run()	INFO: < 62 OK getquotaroot completed
240804000911016 IMAPServer$ClientHandler.run()	INFO: > 63 UID fetch 1:* (FLAGS)
240804000911017 IMAPServer$ClientHandler.run()	INFO: < * 1 FETCH (UID 3 FLAGS ())
240804000911018 IMAPServer$ClientHandler.run()	INFO: < * 2 FETCH (UID 5 FLAGS ())
240804000911019 IMAPServer$ClientHandler.run()	INFO: < * 3 FETCH (UID 8 FLAGS ())
240804000911019 IMAPServer$ClientHandler.run()	INFO: < * 4 FETCH (UID 10 FLAGS ())
240804000911020 IMAPServer$ClientHandler.run()	INFO: < * 5 FETCH (UID 11 FLAGS ())
240804000911020 IMAPServer$ClientHandler.run()	INFO: < * 6 FETCH (UID 12 FLAGS (\Recent))
240804000911021 IMAPServer$ClientHandler.run()	INFO: < * 7 FETCH (UID 13 FLAGS (\Recent))
240804000911021 IMAPServer$ClientHandler.run()	INFO: < * 8 FETCH (UID 14 FLAGS (\Recent))
240804000911021 IMAPServer$ClientHandler.run()	INFO: < 63 OK FETCH completed
240804000911025 IMAPServer$ClientHandler.run()	INFO: > 64 UID fetch 5 (UID RFC822.SIZE BODY[])
240804000911026 IMAPServer$ClientHandler.run()	INFO: < * 1 FETCH (UID 5 RFC822.SIZE 358 BODY[] {358}
Message-ID: <780d97b3-11aa-44bc-94d8-3a6f48f69fbc@julio.com>
Date: Wed, 31 Jul 2024 20:10:58 -0600
MIME-Version: 1.0
User-Agent: Mozilla Thunderbird
Content-Language: en-US
To: test@test.ug, julio@julio.com
From: Julio Test <julio@julio.com>
Subject: Test 1 a UG
Content-Type: text/plain; charset=UTF-8; format=flowed
Content-Transfer-Encoding: 7bit

AAAA
.
)
240804000911029 IMAPServer$ClientHandler.run()	INFO: < 64 OK UID FETCH completed
240804000913062 IMAPServer$ClientHandler.run()	INFO: > 65 IDLE
240804000913063 IMAPServer$ClientHandler.run()	INFO: < 65 OK IDLE completed
240804000913201 IMAPServer$ClientHandler.run()	INFO: > DONE
