240806164500430 IMAPServer$ClientHandler.run()	INFO: < * OK [CAPABILITY IMAP4rev1] IMAP Server Ready
240806164500432 IMAPServer$ClientHandler.run()	INFO: > 88 login "julio2@julio.com" "admin"
240806164500433 IMAPServer$ClientHandler.run()	INFO: < 88 OK LOGIN completed
240806164500439 IMAPServer$ClientHandler.run()	INFO: > 89 capability
240806164500440 IMAPServer$ClientHandler.run()	INFO: < 89 OK [CAPABILITY IMAP4rev1 LITERAL+ SASL-IR LOGIN-REFERRALS ID ENABLE IDLE SORT SORT=DISPLAY THREAD=REFERENCES THREAD=REFS THREAD=ORDEREDSUBJECT MULTIAPPEND URL-PARTIAL CATENATE UNSELECT CHILDREN NAMESPACE UIDPLUS LIST-EXTENDED I18NLEVEL=1 CONDSTORE QRESYNC ESEARCH ESORT SEARCHRES WITHIN CONTEXT=SEARCH LIST-STATUS BINARY MOVE NOTIFY SPECIAL-USE QUOTA]
240806164500441 IMAPServer$ClientHandler.run()	INFO: > 90 namespace
240806164500442 IMAPServer$ClientHandler.run()	INFO: < 90 OK namespace completed
240806164500442 IMAPServer$ClientHandler.run()	INFO: > 91 ID ("name" "Thunderbird" "version" "128.0.1")
240806164500443 IMAPServer$ClientHandler.run()	INFO: < 91 OK ID completed
240806164500444 IMAPServer$ClientHandler.run()	INFO: > 92 select "INBOX"
240806164500447 IMAPServer$ClientHandler.run()	INFO: < * 8 EXISTS
240806164500448 IMAPServer$ClientHandler.run()	INFO: < * 3 RECENT
240806164500448 IMAPServer$ClientHandler.run()	INFO: < * OK [UNSEEN 15] First unseen.
240806164500449 IMAPServer$ClientHandler.run()	INFO: < 92 OK [READ-WRITE] SELECT completed
240806164500451 IMAPServer$ClientHandler.run()	INFO: > 93 getquotaroot "INBOX"
240806164500452 IMAPServer$ClientHandler.run()	INFO: < 93 OK getquotaroot completed
240806164500458 IMAPServer$ClientHandler.run()	INFO: > 94 UID fetch 1:* (FLAGS)
240806164500460 IMAPServer$ClientHandler.run()	INFO: < * 15 FETCH (UID 15 FLAGS ())
240806164500461 IMAPServer$ClientHandler.run()	INFO: < * 16 FETCH (UID 16 FLAGS ())
240806164500462 IMAPServer$ClientHandler.run()	INFO: < * 17 FETCH (UID 17 FLAGS ())
240806164500463 IMAPServer$ClientHandler.run()	INFO: < * 18 FETCH (UID 18 FLAGS ( \Seen))
240806164500464 IMAPServer$ClientHandler.run()	INFO: < * 25 FETCH (UID 25 FLAGS ( \Seen))
240806164500465 IMAPServer$ClientHandler.run()	INFO: < * 62 FETCH (UID 62 FLAGS ( \Recent \Seen))
240806164500466 IMAPServer$ClientHandler.run()	INFO: < * 69 FETCH (UID 69 FLAGS ( \Recent \Seen))
240806164500467 IMAPServer$ClientHandler.run()	INFO: < * 72 FETCH (UID 72 FLAGS ( \Recent))
240806164500467 IMAPServer$ClientHandler.run()	INFO: < 94 OK FETCH completed
240806164500473 IMAPServer$ClientHandler.run()	INFO: > 95 UID fetch 72 (UID RFC822.SIZE BODY[])
240806164500474 IMAPServer$ClientHandler.run()	INFO: ME PIDIERON EL CORREO 72
240806164500477 IMAPServer$ClientHandler.run()	INFO: OBTUVE EL CORREO {id=72, body=
Message-ID: <915b67cb-f22f-4570-b667-955596cfb594@julio.com>
Date: Tue, 6 Aug 2024 16:44:56 -0600
MIME-Version: 1.0
User-Agent: Mozilla Thunderbird
Content-Language: en-US
To: julio@julio.com, julio2@julio.com
From: Julio2 <julio2@julio.com>
Subject: =?UTF-8?Q?Test_de_env=C3=ADo_doble?=
Content-Type: text/plain; charset=UTF-8; format=flowed
Content-Transfer-Encoding: 8bit

Este correo es de Julio2 a julio y julio2.


Debería yo recibirlo de vuelta.

., recent=1, seen=0}
240806164500488 IMAPServer$ClientHandler.run()	INFO: < * 72 FETCH (UID 72 RFC822.SIZE 456 BODY[] {456}
Message-ID: <915b67cb-f22f-4570-b667-955596cfb594@julio.com>
Date: Tue, 6 Aug 2024 16:44:56 -0600
MIME-Version: 1.0
User-Agent: Mozilla Thunderbird
Content-Language: en-US
To: julio@julio.com, julio2@julio.com
From: Julio2 <julio2@julio.com>
Subject: =?UTF-8?Q?Test_de_env=C3=ADo_doble?=
Content-Type: text/plain; charset=UTF-8; format=flowed
Content-Transfer-Encoding: 8bit

Este correo es de Julio2 a julio y julio2.


Debería yo recibirlo de vuelta.

.
)
240806164500499 IMAPServer$ClientHandler.run()	INFO: < 95 OK UID FETCH completed
240806164500583 IMAPServer$ClientHandler.run()	INFO: > 96 logout
240806164500584 IMAPServer$ClientHandler.run()	INFO: < 96 OK logout completed
