240804010321702 IMAPServer$ClientHandler.run()	INFO: < * OK [CAPABILITY IMAP4rev1] IMAP Server Ready
240804010321716 IMAPServer$ClientHandler.run()	INFO: > 32 login "julio2@julio.com" "admin"
240804010321716 IMAPServer$ClientHandler.run()	INFO: < 32 OK LOGIN completed
240804010321717 IMAPServer$ClientHandler.run()	INFO: > 33 capability
240804010321717 IMAPServer$ClientHandler.run()	INFO: < 33 OK [CAPABILITY IMAP4rev1 LITERAL+ SASL-IR LOGIN-REFERRALS ID ENABLE IDLE SORT SORT=DISPLAY THREAD=REFERENCES THREAD=REFS THREAD=ORDEREDSUBJECT MULTIAPPEND URL-PARTIAL CATENATE UNSELECT CHILDREN NAMESPACE UIDPLUS LIST-EXTENDED I18NLEVEL=1 CONDSTORE QRESYNC ESEARCH ESORT SEARCHRES WITHIN CONTEXT=SEARCH LIST-STATUS BINARY MOVE NOTIFY SPECIAL-USE QUOTA]
240804010321718 IMAPServer$ClientHandler.run()	INFO: > 34 namespace
240804010321718 IMAPServer$ClientHandler.run()	INFO: < 34 OK namespace completed
240804010321718 IMAPServer$ClientHandler.run()	INFO: > 35 ID ("name" "Thunderbird" "version" "128.0.1")
240804010321719 IMAPServer$ClientHandler.run()	INFO: < 35 OK ID completed
240804010321719 IMAPServer$ClientHandler.run()	INFO: > 36 select "INBOX"
240804010321721 IMAPServer$ClientHandler.run()	INFO: < * 5 EXISTS
240804010321721 IMAPServer$ClientHandler.run()	INFO: < * 5 RECENT
240804010321722 IMAPServer$ClientHandler.run()	INFO: < * OK [UNSEEN 15] First unseen.
240804010321722 IMAPServer$ClientHandler.run()	INFO: < 36 OK [READ-WRITE] SELECT completed
240804010321722 IMAPServer$ClientHandler.run()	INFO: > 37 getquotaroot "INBOX"
240804010321723 IMAPServer$ClientHandler.run()	INFO: < 37 OK getquotaroot completed
240804010321727 IMAPServer$ClientHandler.run()	INFO: > 38 UID fetch 1:* (FLAGS)
240804010321728 IMAPServer$ClientHandler.run()	INFO: < * 1 FETCH (UID 15 FLAGS (\Recent))
240804010321728 IMAPServer$ClientHandler.run()	INFO: < * 2 FETCH (UID 16 FLAGS (\Recent))
240804010321729 IMAPServer$ClientHandler.run()	INFO: < * 3 FETCH (UID 17 FLAGS (\Recent))
240804010321729 IMAPServer$ClientHandler.run()	INFO: < * 4 FETCH (UID 18 FLAGS (\Recent))
240804010321729 IMAPServer$ClientHandler.run()	INFO: < * 5 FETCH (UID 25 FLAGS (\Recent))
240804010321729 IMAPServer$ClientHandler.run()	INFO: < 38 OK FETCH completed
240804010323763 IMAPServer$ClientHandler.run()	INFO: > 39 IDLE
240804010323764 IMAPServer$ClientHandler.run()	INFO: < 39 OK IDLE completed
240804011021313 IMAPServer$ClientHandler.run()	INFO: > DONE
