240803235922550 IMAPServer$ClientHandler.run()	INFO: < * OK [CAPABILITY IMAP4rev1] IMAP Server Ready
240803235926593 IMAPServer$ClientHandler.run()	INFO: > 9 login "julio@julio.com" "admin"
240803235926596 IMAPServer$ClientHandler.run()	INFO: < 9 OK LOGIN completed
240803235926637 IMAPServer$ClientHandler.run()	INFO: > 10 capability
240803235926640 IMAPServer$ClientHandler.run()	INFO: < 10 OK [CAPABILITY IMAP4rev1 LITERAL+ SASL-IR LOGIN-REFERRALS ID ENABLE IDLE SORT SORT=DISPLAY THREAD=REFERENCES THREAD=REFS THREAD=ORDEREDSUBJECT MULTIAPPEND URL-PARTIAL CATENATE UNSELECT CHILDREN NAMESPACE UIDPLUS LIST-EXTENDED I18NLEVEL=1 CONDSTORE QRESYNC ESEARCH ESORT SEARCHRES WITHIN CONTEXT=SEARCH LIST-STATUS BINARY MOVE NOTIFY SPECIAL-USE QUOTA]
240803235926643 IMAPServer$ClientHandler.run()	INFO: > 11 namespace
240803235926647 IMAPServer$ClientHandler.run()	INFO: < 11 OK namespace completed
240803235926651 IMAPServer$ClientHandler.run()	INFO: > 12 ID ("name" "Thunderbird" "version" "128.0.1")
240803235926656 IMAPServer$ClientHandler.run()	INFO: < 12 OK ID completed
240803235926704 IMAPServer$ClientHandler.run()	INFO: > 13 list (subscribed) "" "*" return (special-use)
240803235926706 IMAPServer$ClientHandler.run()	INFO: < 13 OK list completed
240803235926708 IMAPServer$ClientHandler.run()	INFO: > 14 list "" "INBOX"
240803235926709 IMAPServer$ClientHandler.run()	INFO: < 14 OK list completed
240803235926714 IMAPServer$ClientHandler.run()	INFO: > 15 list "" "Trash"
240803235926718 IMAPServer$ClientHandler.run()	INFO: < 15 OK list completed
240803235926732 IMAPServer$ClientHandler.run()	INFO: > 16 create "Trash"
240803235926735 IMAPServer$ClientHandler.run()	INFO: < 16 OK create completed
240803235926747 IMAPServer$ClientHandler.run()	INFO: > 17 subscribe "Trash"
240803235926750 IMAPServer$ClientHandler.run()	INFO: < 17 OK subscribe completed
240803235926755 IMAPServer$ClientHandler.run()	INFO: > 18 list "" "Trash"
240803235926758 IMAPServer$ClientHandler.run()	INFO: < 18 OK list completed
240804000430897 IMAPServer$ClientHandler.run()	INFO: > 19 logout
240804000430899 IMAPServer$ClientHandler.run()	INFO: < 19 OK logout completed
