240804005429448 IMAPServer$ClientHandler.run()	INFO: < * OK [CAPABILITY IMAP4rev1] IMAP Server Ready
240804005429467 IMAPServer$ClientHandler.run()	INFO: > 86 login "julio@julio.com" "admin"
240804005429468 IMAPServer$ClientHandler.run()	INFO: < 86 OK LOGIN completed
240804005429478 IMAPServer$ClientHandler.run()	INFO: > 87 capability
240804005429478 IMAPServer$ClientHandler.run()	INFO: < 87 OK [CAPABILITY IMAP4rev1 LITERAL+ SASL-IR LOGIN-REFERRALS ID ENABLE IDLE SORT SORT=DISPLAY THREAD=REFERENCES THREAD=REFS THREAD=ORDEREDSUBJECT MULTIAPPEND URL-PARTIAL CATENATE UNSELECT CHILDREN NAMESPACE UIDPLUS LIST-EXTENDED I18NLEVEL=1 CONDSTORE QRESYNC ESEARCH ESORT SEARCHRES WITHIN CONTEXT=SEARCH LIST-STATUS BINARY MOVE NOTIFY SPECIAL-USE QUOTA]
240804005429482 IMAPServer$ClientHandler.run()	INFO: > 88 namespace
240804005429482 IMAPServer$ClientHandler.run()	INFO: < 88 OK namespace completed
240804005429483 IMAPServer$ClientHandler.run()	INFO: > 89 ID ("name" "Thunderbird" "version" "128.0.1")
240804005429483 IMAPServer$ClientHandler.run()	INFO: < 89 OK ID completed
240804005429484 IMAPServer$ClientHandler.run()	INFO: > 90 select "INBOX"
240804005429487 IMAPServer$ClientHandler.run()	INFO: < * 14 EXISTS
240804005429487 IMAPServer$ClientHandler.run()	INFO: < * 9 RECENT
240804005429488 IMAPServer$ClientHandler.run()	INFO: < * OK [UNSEEN 3] First unseen.
240804005429488 IMAPServer$ClientHandler.run()	INFO: < 90 OK [READ-WRITE] SELECT completed
240804005429499 IMAPServer$ClientHandler.run()	INFO: > 91 getquotaroot "INBOX"
240804005429500 IMAPServer$ClientHandler.run()	INFO: < 91 OK getquotaroot completed
240804005429501 IMAPServer$ClientHandler.run()	INFO: > 92 UID fetch 1:* (FLAGS)
240804005429503 IMAPServer$ClientHandler.run()	INFO: < * 1 FETCH (UID 3 FLAGS ())
240804005429504 IMAPServer$ClientHandler.run()	INFO: < * 2 FETCH (UID 5 FLAGS ())
240804005429504 IMAPServer$ClientHandler.run()	INFO: < * 3 FETCH (UID 8 FLAGS ())
240804005429505 IMAPServer$ClientHandler.run()	INFO: < * 4 FETCH (UID 10 FLAGS ())
240804005429505 IMAPServer$ClientHandler.run()	INFO: < * 5 FETCH (UID 11 FLAGS ())
240804005429506 IMAPServer$ClientHandler.run()	INFO: < * 6 FETCH (UID 12 FLAGS (\Recent))
240804005429506 IMAPServer$ClientHandler.run()	INFO: < * 7 FETCH (UID 13 FLAGS (\Recent))
240804005429507 IMAPServer$ClientHandler.run()	INFO: < * 8 FETCH (UID 14 FLAGS (\Recent))
240804005429507 IMAPServer$ClientHandler.run()	INFO: < * 9 FETCH (UID 19 FLAGS (\Recent))
240804005429507 IMAPServer$ClientHandler.run()	INFO: < * 10 FETCH (UID 20 FLAGS (\Recent))
240804005429508 IMAPServer$ClientHandler.run()	INFO: < * 11 FETCH (UID 21 FLAGS (\Recent))
240804005429508 IMAPServer$ClientHandler.run()	INFO: < * 12 FETCH (UID 22 FLAGS (\Recent))
240804005429508 IMAPServer$ClientHandler.run()	INFO: < * 13 FETCH (UID 23 FLAGS (\Recent))
240804005429509 IMAPServer$ClientHandler.run()	INFO: < * 14 FETCH (UID 24 FLAGS (\Recent))
240804005429509 IMAPServer$ClientHandler.run()	INFO: < 92 OK FETCH completed
240804005431559 IMAPServer$ClientHandler.run()	INFO: > 93 IDLE
240804005431560 IMAPServer$ClientHandler.run()	INFO: < 93 OK IDLE completed
240804005437387 IMAPServer$ClientHandler.run()	INFO: > DONE
