240803232546978 IMAPServer$ClientHandler.run()	INFO: < * OK [CAPABILITY IMAP4rev1] IMAP Server Ready
240803232546979 IMAPServer$ClientHandler.run()	INFO: > 21 login "julio@julio.com" "admin"
240803232546980 IMAPServer$ClientHandler.run()	INFO: < 21 OK LOGIN completed
240803232546981 IMAPServer$ClientHandler.run()	INFO: > 22 capability
240803232546982 IMAPServer$ClientHandler.run()	INFO: < 22 OK [CAPABILITY IMAP4rev1 LITERAL+ SASL-IR LOGIN-REFERRALS ID ENABLE IDLE SORT SORT=DISPLAY THREAD=REFERENCES THREAD=REFS THREAD=ORDEREDSUBJECT MULTIAPPEND URL-PARTIAL CATENATE UNSELECT CHILDREN NAMESPACE UIDPLUS LIST-EXTENDED I18NLEVEL=1 CONDSTORE QRESYNC ESEARCH ESORT SEARCHRES WITHIN CONTEXT=SEARCH LIST-STATUS BINARY MOVE NOTIFY SPECIAL-USE QUOTA]
240803232546983 IMAPServer$ClientHandler.run()	INFO: > 23 namespace
240803232546984 IMAPServer$ClientHandler.run()	INFO: < 23 OK namespace completed
240803232546984 IMAPServer$ClientHandler.run()	INFO: > 24 ID ("name" "Thunderbird" "version" "128.0.1")
240803232546985 IMAPServer$ClientHandler.run()	INFO: < 24 OK ID completed
240803232546986 IMAPServer$ClientHandler.run()	INFO: > 25 select "INBOX"
240803232546988 IMAPServer$ClientHandler.run()	INFO: < * 8 EXISTS
240803232546988 IMAPServer$ClientHandler.run()	INFO: < * 3 RECENT
240803232546989 IMAPServer$ClientHandler.run()	INFO: < * OK [UNSEEN 3] First unseen.
240803232546989 IMAPServer$ClientHandler.run()	INFO: < 25 OK [READ-WRITE] SELECT completed
240803232546990 IMAPServer$ClientHandler.run()	INFO: > 26 getquotaroot "INBOX"
240803232546990 IMAPServer$ClientHandler.run()	INFO: < 26 OK getquotaroot completed
240803232546991 IMAPServer$ClientHandler.run()	INFO: > 27 UID fetch 1:* (FLAGS)
240803232546991 IMAPServer$ClientHandler.run()	INFO:  ---------- PARTS: [27, UID, fetch, 1:*, (FLAGS)]
240803232546993 IMAPServer$ClientHandler.run()	INFO: < * 1 FETCH (UID 3 FLAGS ())
240803232546994 IMAPServer$ClientHandler.run()	INFO: < * 2 FETCH (UID 5 FLAGS ())
240803232546995 IMAPServer$ClientHandler.run()	INFO: < * 3 FETCH (UID 8 FLAGS ())
240803232546995 IMAPServer$ClientHandler.run()	INFO: < * 4 FETCH (UID 10 FLAGS ())
240803232546996 IMAPServer$ClientHandler.run()	INFO: < * 5 FETCH (UID 11 FLAGS ())
240803232546996 IMAPServer$ClientHandler.run()	INFO: < * 6 FETCH (UID 12 FLAGS (\Recent))
240803232546996 IMAPServer$ClientHandler.run()	INFO: < * 7 FETCH (UID 13 FLAGS (\Recent))
240803232546997 IMAPServer$ClientHandler.run()	INFO: < * 8 FETCH (UID 14 FLAGS (\Recent))
240803232546997 IMAPServer$ClientHandler.run()	INFO: < 27 OK FETCH completed
240803232549006 IMAPServer$ClientHandler.run()	INFO: > 28 IDLE
240803232549007 IMAPServer$ClientHandler.run()	INFO: < 28 OK IDLE completed
240803232848187 IMAPServer$ClientHandler.run()	INFO: > DONE
