240804005201560 IMAPServer$ClientHandler.run()	INFO: < * OK [CAPABILITY IMAP4rev1] IMAP Server Ready
240804005201572 IMAPServer$ClientHandler.run()	INFO: > 46 login "julio2@julio.com" "admin"
240804005201572 IMAPServer$ClientHandler.run()	INFO: < 46 OK LOGIN completed
240804005201573 IMAPServer$ClientHandler.run()	INFO: > 47 capability
240804005201574 IMAPServer$ClientHandler.run()	INFO: < 47 OK [CAPABILITY IMAP4rev1 LITERAL+ SASL-IR LOGIN-REFERRALS ID ENABLE IDLE SORT SORT=DISPLAY THREAD=REFERENCES THREAD=REFS THREAD=ORDEREDSUBJECT MULTIAPPEND URL-PARTIAL CATENATE UNSELECT CHILDREN NAMESPACE UIDPLUS LIST-EXTENDED I18NLEVEL=1 CONDSTORE QRESYNC ESEARCH ESORT SEARCHRES WITHIN CONTEXT=SEARCH LIST-STATUS BINARY MOVE NOTIFY SPECIAL-USE QUOTA]
240804005201575 IMAPServer$ClientHandler.run()	INFO: > 48 namespace
240804005201575 IMAPServer$ClientHandler.run()	INFO: < 48 OK namespace completed
240804005201576 IMAPServer$ClientHandler.run()	INFO: > 49 ID ("name" "Thunderbird" "version" "128.0.1")
240804005201576 IMAPServer$ClientHandler.run()	INFO: < 49 OK ID completed
240804005201577 IMAPServer$ClientHandler.run()	INFO: > 50 select "INBOX"
240804005201580 IMAPServer$ClientHandler.run()	INFO: < * 4 EXISTS
240804005201580 IMAPServer$ClientHandler.run()	INFO: < * 4 RECENT
240804005201580 IMAPServer$ClientHandler.run()	INFO: < * OK [UNSEEN 15] First unseen.
240804005201581 IMAPServer$ClientHandler.run()	INFO: < 50 OK [READ-WRITE] SELECT completed
240804005201584 IMAPServer$ClientHandler.run()	INFO: > 51 getquotaroot "INBOX"
240804005201584 IMAPServer$ClientHandler.run()	INFO: < 51 OK getquotaroot completed
240804005201589 IMAPServer$ClientHandler.run()	INFO: > 52 UID fetch 1:* (FLAGS)
240804005201591 IMAPServer$ClientHandler.run()	INFO: < * 1 FETCH (UID 15 FLAGS (\Recent))
240804005201591 IMAPServer$ClientHandler.run()	INFO: < * 2 FETCH (UID 16 FLAGS (\Recent))
240804005201592 IMAPServer$ClientHandler.run()	INFO: < * 3 FETCH (UID 17 FLAGS (\Recent))
240804005201592 IMAPServer$ClientHandler.run()	INFO: < * 4 FETCH (UID 18 FLAGS (\Recent))
240804005201593 IMAPServer$ClientHandler.run()	INFO: < 52 OK FETCH completed
240804005203621 IMAPServer$ClientHandler.run()	INFO: > 53 IDLE
240804005203622 IMAPServer$ClientHandler.run()	INFO: < 53 OK IDLE completed
240804005216106 IMAPServer$ClientHandler.run()	INFO: > DONE
