240806154126000 IMAPServer$ClientHandler.run()	INFO: < * OK [CAPABILITY IMAP4rev1] IMAP Server Ready
240806154126000 IMAPServer$ClientHandler.run()	INFO: > 71 login "julio@julio.com" "admin"
240806154126001 IMAPServer$ClientHandler.run()	INFO: < 71 OK LOGIN completed
240806154126001 IMAPServer$ClientHandler.run()	INFO: > 72 capability
240806154126002 IMAPServer$ClientHandler.run()	INFO: < 72 OK [CAPABILITY IMAP4rev1 LITERAL+ SASL-IR LOGIN-REFERRALS ID ENABLE IDLE SORT SORT=DISPLAY THREAD=REFERENCES THREAD=REFS THREAD=ORDEREDSUBJECT MULTIAPPEND URL-PARTIAL CATENATE UNSELECT CHILDREN NAMESPACE UIDPLUS LIST-EXTENDED I18NLEVEL=1 CONDSTORE QRESYNC ESEARCH ESORT SEARCHRES WITHIN CONTEXT=SEARCH LIST-STATUS BINARY MOVE NOTIFY SPECIAL-USE QUOTA]
240806154126002 IMAPServer$ClientHandler.run()	INFO: > 73 namespace
240806154126003 IMAPServer$ClientHandler.run()	INFO: < 73 OK namespace completed
240806154126003 IMAPServer$ClientHandler.run()	INFO: > 74 ID ("name" "Thunderbird" "version" "128.0.1")
240806154126003 IMAPServer$ClientHandler.run()	INFO: < 74 OK ID completed
240806154126004 IMAPServer$ClientHandler.run()	INFO: > 75 select "INBOX"
240806154126007 IMAPServer$ClientHandler.run()	INFO: < * 30 EXISTS
240806154126007 IMAPServer$ClientHandler.run()	INFO: < * 7 RECENT
240806154126008 IMAPServer$ClientHandler.run()	INFO: < * OK [UNSEEN 3] First unseen.
240806154126008 IMAPServer$ClientHandler.run()	INFO: < 75 OK [READ-WRITE] SELECT completed
240806154126009 IMAPServer$ClientHandler.run()	INFO: > 76 getquotaroot "INBOX"
240806154126009 IMAPServer$ClientHandler.run()	INFO: < 76 OK getquotaroot completed
240806154126018 IMAPServer$ClientHandler.run()	INFO: > 77 UID fetch 1:* (FLAGS)
240806154126020 IMAPServer$ClientHandler.run()	INFO: < * 1 FETCH (UID 3 FLAGS ())
240806154126021 IMAPServer$ClientHandler.run()	INFO: < * 2 FETCH (UID 5 FLAGS ())
240806154126021 IMAPServer$ClientHandler.run()	INFO: < * 3 FETCH (UID 8 FLAGS ())
240806154126021 IMAPServer$ClientHandler.run()	INFO: < * 4 FETCH (UID 10 FLAGS ())
240806154126022 IMAPServer$ClientHandler.run()	INFO: < * 5 FETCH (UID 11 FLAGS ())
240806154126022 IMAPServer$ClientHandler.run()	INFO: < * 6 FETCH (UID 12 FLAGS ())
240806154126022 IMAPServer$ClientHandler.run()	INFO: < * 7 FETCH (UID 13 FLAGS ( \Seen))
240806154126023 IMAPServer$ClientHandler.run()	INFO: < * 8 FETCH (UID 14 FLAGS ( \Seen))
240806154126023 IMAPServer$ClientHandler.run()	INFO: < * 9 FETCH (UID 19 FLAGS ( \Seen))
240806154126023 IMAPServer$ClientHandler.run()	INFO: < * 10 FETCH (UID 20 FLAGS ())
240806154126023 IMAPServer$ClientHandler.run()	INFO: < * 11 FETCH (UID 21 FLAGS ())
240806154126024 IMAPServer$ClientHandler.run()	INFO: < * 12 FETCH (UID 22 FLAGS ())
240806154126024 IMAPServer$ClientHandler.run()	INFO: < * 13 FETCH (UID 23 FLAGS ())
240806154126024 IMAPServer$ClientHandler.run()	INFO: < * 14 FETCH (UID 24 FLAGS ())
240806154126025 IMAPServer$ClientHandler.run()	INFO: < * 15 FETCH (UID 26 FLAGS ( \Seen))
240806154126025 IMAPServer$ClientHandler.run()	INFO: < * 16 FETCH (UID 27 FLAGS ( \Seen))
240806154126025 IMAPServer$ClientHandler.run()	INFO: < * 17 FETCH (UID 28 FLAGS ( \Seen))
240806154126026 IMAPServer$ClientHandler.run()	INFO: < * 18 FETCH (UID 29 FLAGS ())
240806154126026 IMAPServer$ClientHandler.run()	INFO: < * 19 FETCH (UID 30 FLAGS ())
240806154126026 IMAPServer$ClientHandler.run()	INFO: < * 20 FETCH (UID 31 FLAGS ())
240806154126027 IMAPServer$ClientHandler.run()	INFO: < * 21 FETCH (UID 32 FLAGS ())
240806154126028 IMAPServer$ClientHandler.run()	INFO: < * 22 FETCH (UID 33 FLAGS ())
240806154126028 IMAPServer$ClientHandler.run()	INFO: < * 23 FETCH (UID 35 FLAGS ( \Seen))
240806154126030 IMAPServer$ClientHandler.run()	INFO: < * 24 FETCH (UID 36 FLAGS ( \Seen))
240806154126030 IMAPServer$ClientHandler.run()	INFO: < * 25 FETCH (UID 49 FLAGS ( \Seen))
240806154126031 IMAPServer$ClientHandler.run()	INFO: < * 26 FETCH (UID 51 FLAGS ( \Seen))
240806154126031 IMAPServer$ClientHandler.run()	INFO: < * 27 FETCH (UID 53 FLAGS ( \Seen))
240806154126032 IMAPServer$ClientHandler.run()	INFO: < * 28 FETCH (UID 54 FLAGS ( \Seen))
240806154126032 IMAPServer$ClientHandler.run()	INFO: < * 29 FETCH (UID 55 FLAGS ( \Seen))
240806154126033 IMAPServer$ClientHandler.run()	INFO: < * 30 FETCH (UID 59 FLAGS ( \Seen))
240806154126033 IMAPServer$ClientHandler.run()	INFO: < 77 OK FETCH completed
240806154128046 IMAPServer$ClientHandler.run()	INFO: > 78 IDLE
240806154128047 IMAPServer$ClientHandler.run()	INFO: < 78 OK IDLE completed
240806154216758 IMAPServer$ClientHandler.run()	INFO: > DONE
240806154216759 IMAPServer$ClientHandler.run()	INFO: < DONE OK completed
240806154216760 IMAPServer$ClientHandler.run()	INFO: > 80 login "julio@julio.com" "admin"
240806154216760 IMAPServer$ClientHandler.run()	INFO: < 80 OK LOGIN completed
240806154216761 IMAPServer$ClientHandler.run()	INFO: > 81 capability
240806154216761 IMAPServer$ClientHandler.run()	INFO: < 81 OK [CAPABILITY IMAP4rev1 LITERAL+ SASL-IR LOGIN-REFERRALS ID ENABLE IDLE SORT SORT=DISPLAY THREAD=REFERENCES THREAD=REFS THREAD=ORDEREDSUBJECT MULTIAPPEND URL-PARTIAL CATENATE UNSELECT CHILDREN NAMESPACE UIDPLUS LIST-EXTENDED I18NLEVEL=1 CONDSTORE QRESYNC ESEARCH ESORT SEARCHRES WITHIN CONTEXT=SEARCH LIST-STATUS BINARY MOVE NOTIFY SPECIAL-USE QUOTA]
240806154216762 IMAPServer$ClientHandler.run()	INFO: > 82 namespace
240806154216762 IMAPServer$ClientHandler.run()	INFO: < 82 OK namespace completed
240806154216763 IMAPServer$ClientHandler.run()	INFO: > 83 ID ("name" "Thunderbird" "version" "128.0.1")
240806154216763 IMAPServer$ClientHandler.run()	INFO: < 83 OK ID completed
240806154216764 IMAPServer$ClientHandler.run()	INFO: > 84 select "INBOX"
240806154216766 IMAPServer$ClientHandler.run()	INFO: < * 30 EXISTS
240806154216766 IMAPServer$ClientHandler.run()	INFO: < * 7 RECENT
240806154216766 IMAPServer$ClientHandler.run()	INFO: < * OK [UNSEEN 3] First unseen.
240806154216767 IMAPServer$ClientHandler.run()	INFO: < 84 OK [READ-WRITE] SELECT completed
240806154216774 IMAPServer$ClientHandler.run()	INFO: > 85 getquotaroot "INBOX"
240806154216774 IMAPServer$ClientHandler.run()	INFO: < 85 OK getquotaroot completed
240806154216775 IMAPServer$ClientHandler.run()	INFO: > 86 UID fetch 1:* (FLAGS)
240806154216776 IMAPServer$ClientHandler.run()	INFO: < * 1 FETCH (UID 3 FLAGS ())
240806154216777 IMAPServer$ClientHandler.run()	INFO: < * 2 FETCH (UID 5 FLAGS ())
240806154216777 IMAPServer$ClientHandler.run()	INFO: < * 3 FETCH (UID 8 FLAGS ())
240806154216777 IMAPServer$ClientHandler.run()	INFO: < * 4 FETCH (UID 10 FLAGS ())
240806154216778 IMAPServer$ClientHandler.run()	INFO: < * 5 FETCH (UID 11 FLAGS ())
240806154216778 IMAPServer$ClientHandler.run()	INFO: < * 6 FETCH (UID 12 FLAGS ())
240806154216778 IMAPServer$ClientHandler.run()	INFO: < * 7 FETCH (UID 13 FLAGS ( \Seen))
240806154216778 IMAPServer$ClientHandler.run()	INFO: < * 8 FETCH (UID 14 FLAGS ( \Seen))
240806154216779 IMAPServer$ClientHandler.run()	INFO: < * 9 FETCH (UID 19 FLAGS ( \Seen))
240806154216779 IMAPServer$ClientHandler.run()	INFO: < * 10 FETCH (UID 20 FLAGS ())
240806154216779 IMAPServer$ClientHandler.run()	INFO: < * 11 FETCH (UID 21 FLAGS ())
240806154216779 IMAPServer$ClientHandler.run()	INFO: < * 12 FETCH (UID 22 FLAGS ())
240806154216780 IMAPServer$ClientHandler.run()	INFO: < * 13 FETCH (UID 23 FLAGS ())
240806154216780 IMAPServer$ClientHandler.run()	INFO: < * 14 FETCH (UID 24 FLAGS ())
240806154216780 IMAPServer$ClientHandler.run()	INFO: < * 15 FETCH (UID 26 FLAGS ( \Seen))
240806154216780 IMAPServer$ClientHandler.run()	INFO: < * 16 FETCH (UID 27 FLAGS ( \Seen))
240806154216781 IMAPServer$ClientHandler.run()	INFO: < * 17 FETCH (UID 28 FLAGS ( \Seen))
240806154216781 IMAPServer$ClientHandler.run()	INFO: < * 18 FETCH (UID 29 FLAGS ())
240806154216781 IMAPServer$ClientHandler.run()	INFO: < * 19 FETCH (UID 30 FLAGS ())
240806154216781 IMAPServer$ClientHandler.run()	INFO: < * 20 FETCH (UID 31 FLAGS ())
240806154216782 IMAPServer$ClientHandler.run()	INFO: < * 21 FETCH (UID 32 FLAGS ())
240806154216782 IMAPServer$ClientHandler.run()	INFO: < * 22 FETCH (UID 33 FLAGS ())
240806154216782 IMAPServer$ClientHandler.run()	INFO: < * 23 FETCH (UID 35 FLAGS ( \Seen))
240806154216783 IMAPServer$ClientHandler.run()	INFO: < * 24 FETCH (UID 36 FLAGS ( \Seen))
240806154216784 IMAPServer$ClientHandler.run()	INFO: < * 25 FETCH (UID 49 FLAGS ( \Seen))
240806154216784 IMAPServer$ClientHandler.run()	INFO: < * 26 FETCH (UID 51 FLAGS ( \Seen))
240806154216784 IMAPServer$ClientHandler.run()	INFO: < * 27 FETCH (UID 53 FLAGS ( \Seen))
240806154216785 IMAPServer$ClientHandler.run()	INFO: < * 28 FETCH (UID 54 FLAGS ( \Seen))
240806154216785 IMAPServer$ClientHandler.run()	INFO: < * 29 FETCH (UID 55 FLAGS ( \Seen))
240806154216786 IMAPServer$ClientHandler.run()	INFO: < * 30 FETCH (UID 59 FLAGS ( \Seen))
240806154216786 IMAPServer$ClientHandler.run()	INFO: < 86 OK FETCH completed
240806154218803 IMAPServer$ClientHandler.run()	INFO: > 87 IDLE
240806154218803 IMAPServer$ClientHandler.run()	INFO: < 87 OK IDLE completed
240806154250706 IMAPServer$ClientHandler.run()	INFO: > DONE
240806154250707 IMAPServer$ClientHandler.run()	INFO: < DONE OK completed
240806154250707 IMAPServer$ClientHandler.run()	INFO: > 88 close
240806154250708 IMAPServer$ClientHandler.run()	INFO: < 88 OK close completed
240806154250709 IMAPServer$ClientHandler.run()	INFO: > 89 logout
240806154250711 IMAPServer$ClientHandler.run()	INFO: < 89 OK logout completed
