240806141344222 IMAPServer$ClientHandler.run()	INFO: < * OK [CAPABILITY IMAP4rev1] IMAP Server Ready
240806141401742 IMAPServer$ClientHandler.run()	INFO: > 94 login "julio2@julio.com" "admin"
240806141401745 IMAPServer$ClientHandler.run()	INFO: < 94 OK LOGIN completed
240806141401764 IMAPServer$ClientHandler.run()	INFO: > 95 capability
240806141401958 IMAPServer$ClientHandler.run()	INFO: < 95 OK [CAPABILITY IMAP4rev1 LITERAL+ SASL-IR LOGIN-REFERRALS ID ENABLE IDLE SORT SORT=DISPLAY THREAD=REFERENCES THREAD=REFS THREAD=ORDEREDSUBJECT MULTIAPPEND URL-PARTIAL CATENATE UNSELECT CHILDREN NAMESPACE UIDPLUS LIST-EXTENDED I18NLEVEL=1 CONDSTORE QRESYNC ESEARCH ESORT SEARCHRES WITHIN CONTEXT=SEARCH LIST-STATUS BINARY MOVE NOTIFY SPECIAL-USE QUOTA]
240806141401964 IMAPServer$ClientHandler.run()	INFO: > 96 namespace
240806141401972 IMAPServer$ClientHandler.run()	INFO: < 96 OK namespace completed
240806141401976 IMAPServer$ClientHandler.run()	INFO: > 97 ID ("name" "Thunderbird" "version" "128.0.1")
240806141401979 IMAPServer$ClientHandler.run()	INFO: < 97 OK ID completed
240806141402006 IMAPServer$ClientHandler.run()	INFO: > 98 select "INBOX"
240806141402017 IMAPServer$ClientHandler.run()	INFO: < * 5 EXISTS
240806141402019 IMAPServer$ClientHandler.run()	INFO: < * 0 RECENT
240806141402021 IMAPServer$ClientHandler.run()	INFO: < * OK [UNSEEN 15] First unseen.
240806141402024 IMAPServer$ClientHandler.run()	INFO: < 98 OK [READ-WRITE] SELECT completed
240806141402031 IMAPServer$ClientHandler.run()	INFO: > 99 getquotaroot "INBOX"
240806141402034 IMAPServer$ClientHandler.run()	INFO: < 99 OK getquotaroot completed
240806141402045 IMAPServer$ClientHandler.run()	INFO: > 100 UID fetch 1:* (FLAGS)
240806141402055 IMAPServer$ClientHandler.run()	INFO: < * 1 FETCH (UID 15 FLAGS ())
240806141402059 IMAPServer$ClientHandler.run()	INFO: < * 2 FETCH (UID 16 FLAGS ())
240806141402063 IMAPServer$ClientHandler.run()	INFO: < * 3 FETCH (UID 17 FLAGS ())
240806141402065 IMAPServer$ClientHandler.run()	INFO: < * 4 FETCH (UID 18 FLAGS ( \Seen))
240806141402067 IMAPServer$ClientHandler.run()	INFO: < * 5 FETCH (UID 25 FLAGS ( \Seen))
240806141402070 IMAPServer$ClientHandler.run()	INFO: < 100 OK FETCH completed
240806141404577 IMAPServer$ClientHandler.run()	INFO: > 101 IDLE
240806141404580 IMAPServer$ClientHandler.run()	INFO: < 101 OK IDLE completed
