240804031905968 IMAPServer$ClientHandler.run()	INFO: < * OK [CAPABILITY IMAP4rev1] IMAP Server Ready
240804031905972 IMAPServer$ClientHandler.run()	INFO: > 24 login "julio2@julio.com" "admin"
240804031905973 IMAPServer$ClientHandler.run()	INFO: < 24 OK LOGIN completed
240804031905976 IMAPServer$ClientHandler.run()	INFO: > 25 capability
240804031905977 IMAPServer$ClientHandler.run()	INFO: < 25 OK [CAPABILITY IMAP4rev1 LITERAL+ SASL-IR LOGIN-REFERRALS ID ENABLE IDLE SORT SORT=DISPLAY THREAD=REFERENCES THREAD=REFS THREAD=ORDEREDSUBJECT MULTIAPPEND URL-PARTIAL CATENATE UNSELECT CHILDREN NAMESPACE UIDPLUS LIST-EXTENDED I18NLEVEL=1 CONDSTORE QRESYNC ESEARCH ESORT SEARCHRES WITHIN CONTEXT=SEARCH LIST-STATUS BINARY MOVE NOTIFY SPECIAL-USE QUOTA]
240804031905978 IMAPServer$ClientHandler.run()	INFO: > 26 namespace
240804031905978 IMAPServer$ClientHandler.run()	INFO: < 26 OK namespace completed
240804031905979 IMAPServer$ClientHandler.run()	INFO: > 27 ID ("name" "Thunderbird" "version" "128.0.1")
240804031905979 IMAPServer$ClientHandler.run()	INFO: < 27 OK ID completed
240804031905983 IMAPServer$ClientHandler.run()	INFO: > 28 select "Sent"
240804031905985 IMAPServer$ClientHandler.run()	INFO: < * 7 EXISTS
240804031905987 IMAPServer$ClientHandler.run()	INFO: < * 7 RECENT
240804031905988 IMAPServer$ClientHandler.run()	INFO: < 28 OK [READ-WRITE] SELECT completed
240804031905989 IMAPServer$ClientHandler.run()	INFO: > 29 getquotaroot "Sent"
240804031905989 IMAPServer$ClientHandler.run()	INFO: < 29 OK getquotaroot completed
240804031905990 IMAPServer$ClientHandler.run()	INFO: > 30 UID fetch 1:* (FLAGS)
240804031905992 IMAPServer$ClientHandler.run()	INFO: < * 1 FETCH (UID 15 FLAGS ( \Recent))
240804031905993 IMAPServer$ClientHandler.run()	INFO: < * 2 FETCH (UID 16 FLAGS ( \Recent))
240804031905994 IMAPServer$ClientHandler.run()	INFO: < * 3 FETCH (UID 17 FLAGS ( \Recent))
240804031905995 IMAPServer$ClientHandler.run()	INFO: < * 4 FETCH (UID 18 FLAGS ( \Recent \Seen))
240804031905995 IMAPServer$ClientHandler.run()	INFO: < * 5 FETCH (UID 25 FLAGS ( \Recent \Seen))
240804031905996 IMAPServer$ClientHandler.run()	INFO: < 30 OK FETCH completed
240804031906015 IMAPServer$ClientHandler.run()	INFO: > 31 UID fetch 15:18,25 (UID RFC822.SIZE FLAGS BODY.PEEK[HEADER.FIELDS (From To Cc Bcc Subject Date Message-ID Priority X-Priority References Newsgroups In-Reply-To Content-Type Reply-To)])
240804031906018 IMAPServer$ClientHandler.run()	INFO: < * 1 FETCH (UID 15 FLAGS ( \Recent) BODY[HEADER.FIELDS (From To Cc Bcc Subject Date Message-ID Priority X-Priority References Newsgroups In-Reply-To Content-Type Reply-To)] {370}
Message-ID: <9dee7988-5a43-423b-bd96-ebea14b2b2d2@julio.com>
Date: Sat, 3 Aug 2024 22:57:14 -0600
MIME-Version: 1.0
User-Agent: Mozilla Thunderbird
Content-Language: en-US
To: julio@julio.com, julio2@julio.com
From: Julio2 <julio2@julio.com>
Subject: NUEVO CORREO! para probar fetch
Content-Type: text/plain; charset=UTF-8; format=flowed
Content-Transfer-Encoding: 7bit
)
240804031906020 IMAPServer$ClientHandler.run()	INFO: < * 2 FETCH (UID 16 FLAGS ( \Recent) BODY[HEADER.FIELDS (From To Cc Bcc Subject Date Message-ID Priority X-Priority References Newsgroups In-Reply-To Content-Type Reply-To)] {372}
Message-ID: <a6d15232-6c34-49c8-b494-e41b028969a9@julio.com>
Date: Sat, 3 Aug 2024 23:09:53 -0600
MIME-Version: 1.0
User-Agent: Mozilla Thunderbird
Content-Language: en-US
To: julio2@julio.com
From: Julio Test <julio@julio.com>
Subject: =?UTF-8?Q?Mensaje_=C3=BAnicamente_para_Julio2?=
Content-Type: text/plain; charset=UTF-8; format=flowed
Content-Transfer-Encoding: 7bit
)
240804031906021 IMAPServer$ClientHandler.run()	INFO: < * 3 FETCH (UID 17 FLAGS ( \Recent) BODY[HEADER.FIELDS (From To Cc Bcc Subject Date Message-ID Priority X-Priority References Newsgroups In-Reply-To Content-Type Reply-To)] {335}
Message-ID: <aecb9852-da52-421c-96e9-ee079b6eb6c8@julio.com>
Date: Sat, 3 Aug 2024 23:45:44 -0600
MIME-Version: 1.0
User-Agent: Mozilla Thunderbird
Content-Language: en-US
To: julio2@julio.com
From: Julio Test <julio@julio.com>
Subject: Hola nuevo
Content-Type: text/plain; charset=UTF-8; format=flowed
Content-Transfer-Encoding: 7bit
)
240804031906023 IMAPServer$ClientHandler.run()	INFO: < * 4 FETCH (UID 18 FLAGS ( \Recent \Seen) BODY[HEADER.FIELDS (From To Cc Bcc Subject Date Message-ID Priority X-Priority References Newsgroups In-Reply-To Content-Type Reply-To)] {335}
Content-Type: multipart/alternative;
 boundary="------------Hp43xHCkexFfWonHAfHOuOYf"
Message-ID: <4b20d992-79a7-4865-a54f-1d062d53560f@julio.com>
Date: Sun, 4 Aug 2024 00:30:02 -0600
MIME-Version: 1.0
User-Agent: Mozilla Thunderbird
Content-Language: en-US
To: julio2@julio.com
From: Julio Test <julio@julio.com>
Subject: HOLA JULIO!
)
240804031906025 IMAPServer$ClientHandler.run()	INFO: < * 5 FETCH (UID 25 FLAGS ( \Recent \Seen) BODY[HEADER.FIELDS (From To Cc Bcc Subject Date Message-ID Priority X-Priority References Newsgroups In-Reply-To Content-Type Reply-To)] {348}
Content-Type: multipart/alternative;
 boundary="------------YqyIgGCVWOihwQIGB0R32d7Y"
Message-ID: <fb3b638d-5400-4392-b700-e1f78cda9b43@julio.com>
Date: Sun, 4 Aug 2024 01:01:23 -0600
MIME-Version: 1.0
User-Agent: Mozilla Thunderbird
Content-Language: en-US
To: julio2@julio.com
From: Julio Test <julio@julio.com>
Subject: Y si mando uno con foto?
)
240804031906027 IMAPServer$ClientHandler.run()	INFO: < 31 OK UID FETCH completed
240804031908141 IMAPServer$ClientHandler.run()	INFO: > 32 IDLE
240804031908142 IMAPServer$ClientHandler.run()	INFO: < 32 OK IDLE completed
