240804011021318 IMAPServer$ClientHandler.run()	INFO: < * OK [CAPABILITY IMAP4rev1] IMAP Server Ready
240804011021319 IMAPServer$ClientHandler.run()	INFO: > 56 login "julio@julio.com" "admin"
240804011021320 IMAPServer$ClientHandler.run()	INFO: < 56 OK LOGIN completed
240804011021321 IMAPServer$ClientHandler.run()	INFO: > 57 capability
240804011021322 IMAPServer$ClientHandler.run()	INFO: < 57 OK [CAPABILITY IMAP4rev1 LITERAL+ SASL-IR LOGIN-REFERRALS ID ENABLE IDLE SORT SORT=DISPLAY THREAD=REFERENCES THREAD=REFS THREAD=ORDEREDSUBJECT MULTIAPPEND URL-PARTIAL CATENATE UNSELECT CHILDREN NAMESPACE UIDPLUS LIST-EXTENDED I18NLEVEL=1 CONDSTORE QRESYNC ESEARCH ESORT SEARCHRES WITHIN CONTEXT=SEARCH LIST-STATUS BINARY MOVE NOTIFY SPECIAL-USE QUOTA]
240804011021323 IMAPServer$ClientHandler.run()	INFO: > 58 namespace
240804011021323 IMAPServer$ClientHandler.run()	INFO: < 58 OK namespace completed
240804011021324 IMAPServer$ClientHandler.run()	INFO: > 59 ID ("name" "Thunderbird" "version" "128.0.1")
240804011021324 IMAPServer$ClientHandler.run()	INFO: < 59 OK ID completed
240804011021326 IMAPServer$ClientHandler.run()	INFO: > 60 select "INBOX"
240804011021328 IMAPServer$ClientHandler.run()	INFO: < * 14 EXISTS
240804011021329 IMAPServer$ClientHandler.run()	INFO: < * 9 RECENT
240804011021329 IMAPServer$ClientHandler.run()	INFO: < * OK [UNSEEN 3] First unseen.
240804011021330 IMAPServer$ClientHandler.run()	INFO: < 60 OK [READ-WRITE] SELECT completed
240804011021330 IMAPServer$ClientHandler.run()	INFO: > 61 getquotaroot "INBOX"
240804011021331 IMAPServer$ClientHandler.run()	INFO: < 61 OK getquotaroot completed
240804011021331 IMAPServer$ClientHandler.run()	INFO: > 62 UID fetch 1:* (FLAGS)
240804011021332 IMAPServer$ClientHandler.run()	INFO: < * 1 FETCH (UID 3 FLAGS ())
240804011021333 IMAPServer$ClientHandler.run()	INFO: < * 2 FETCH (UID 5 FLAGS ())
240804011021333 IMAPServer$ClientHandler.run()	INFO: < * 3 FETCH (UID 8 FLAGS ())
240804011021333 IMAPServer$ClientHandler.run()	INFO: < * 4 FETCH (UID 10 FLAGS ())
240804011021334 IMAPServer$ClientHandler.run()	INFO: < * 5 FETCH (UID 11 FLAGS ())
240804011021334 IMAPServer$ClientHandler.run()	INFO: < * 6 FETCH (UID 12 FLAGS (\Recent))
240804011021334 IMAPServer$ClientHandler.run()	INFO: < * 7 FETCH (UID 13 FLAGS (\Recent))
240804011021335 IMAPServer$ClientHandler.run()	INFO: < * 8 FETCH (UID 14 FLAGS (\Recent))
240804011021335 IMAPServer$ClientHandler.run()	INFO: < * 9 FETCH (UID 19 FLAGS (\Recent))
240804011021335 IMAPServer$ClientHandler.run()	INFO: < * 10 FETCH (UID 20 FLAGS (\Recent))
240804011021336 IMAPServer$ClientHandler.run()	INFO: < * 11 FETCH (UID 21 FLAGS (\Recent))
240804011021336 IMAPServer$ClientHandler.run()	INFO: < * 12 FETCH (UID 22 FLAGS (\Recent))
240804011021336 IMAPServer$ClientHandler.run()	INFO: < * 13 FETCH (UID 23 FLAGS (\Recent))
240804011021336 IMAPServer$ClientHandler.run()	INFO: < * 14 FETCH (UID 24 FLAGS (\Recent))
240804011021337 IMAPServer$ClientHandler.run()	INFO: < 62 OK FETCH completed
240804011023340 IMAPServer$ClientHandler.run()	INFO: > 63 IDLE
240804011023341 IMAPServer$ClientHandler.run()	INFO: < 63 OK IDLE completed
240804012024831 IMAPServer$ClientHandler.run()	INFO: > DONE
