240806152141170 IMAPServer$ClientHandler.run()	INFO: < * OK [CAPABILITY IMAP4rev1] IMAP Server Ready
240806152148417 IMAPServer$ClientHandler.run()	INFO: > 84 login "julio2@julio.com" "admin"
240806152148421 IMAPServer$ClientHandler.run()	INFO: < 84 OK LOGIN completed
240806152148449 IMAPServer$ClientHandler.run()	INFO: > 85 capability
240806152148452 IMAPServer$ClientHandler.run()	INFO: < 85 OK [CAPABILITY IMAP4rev1 LITERAL+ SASL-IR LOGIN-REFERRALS ID ENABLE IDLE SORT SORT=DISPLAY THREAD=REFERENCES THREAD=REFS THREAD=ORDEREDSUBJECT MULTIAPPEND URL-PARTIAL CATENATE UNSELECT CHILDREN NAMESPACE UIDPLUS LIST-EXTENDED I18NLEVEL=1 CONDSTORE QRESYNC ESEARCH ESORT SEARCHRES WITHIN CONTEXT=SEARCH LIST-STATUS BINARY MOVE NOTIFY SPECIAL-USE QUOTA]
240806152148455 IMAPServer$ClientHandler.run()	INFO: > 86 namespace
240806152148484 IMAPServer$ClientHandler.run()	INFO: < 86 OK namespace completed
240806152148489 IMAPServer$ClientHandler.run()	INFO: > 87 ID ("name" "Thunderbird" "version" "128.0.1")
240806152148494 IMAPServer$ClientHandler.run()	INFO: < 87 OK ID completed
240806152148604 IMAPServer$ClientHandler.run()	INFO: > 88 select "INBOX"
240806152149354 IMAPServer$ClientHandler.run()	INFO: < * 5 EXISTS
240806152149362 IMAPServer$ClientHandler.run()	INFO: < * 0 RECENT
240806152149367 IMAPServer$ClientHandler.run()	INFO: < * OK [UNSEEN 15] First unseen.
240806152149372 IMAPServer$ClientHandler.run()	INFO: < 88 OK [READ-WRITE] SELECT completed
240806152149377 IMAPServer$ClientHandler.run()	INFO: > 89 getquotaroot "INBOX"
240806152149380 IMAPServer$ClientHandler.run()	INFO: < 89 OK getquotaroot completed
240806152149383 IMAPServer$ClientHandler.run()	INFO: > 90 UID fetch 1:* (FLAGS)
240806152149444 IMAPServer$ClientHandler.run()	INFO: < * 1 FETCH (UID 15 FLAGS ())
240806152149460 IMAPServer$ClientHandler.run()	INFO: < * 2 FETCH (UID 16 FLAGS ())
240806152149473 IMAPServer$ClientHandler.run()	INFO: < * 3 FETCH (UID 17 FLAGS ())
240806152149477 IMAPServer$ClientHandler.run()	INFO: < * 4 FETCH (UID 18 FLAGS ( \Seen))
240806152149484 IMAPServer$ClientHandler.run()	INFO: < * 5 FETCH (UID 25 FLAGS ( \Seen))
240806152149489 IMAPServer$ClientHandler.run()	INFO: < 90 OK FETCH completed
240806152149624 IMAPServer$ClientHandler.run()	INFO: > 91 UID fetch 15:18,25 (UID RFC822.SIZE FLAGS BODY.PEEK[HEADER.FIELDS (From To Cc Bcc Subject Date Message-ID Priority X-Priority References Newsgroups In-Reply-To Content-Type Reply-To)])
240806152149672 IMAPServer$ClientHandler.run()	INFO: < * 1 FETCH (UID 15 FLAGS () BODY[HEADER.FIELDS (From To Cc Bcc Subject Date Message-ID Priority X-Priority References Newsgroups In-Reply-To Content-Type Reply-To)] {370}
Message-ID: <9dee7988-5a43-423b-bd96-ebea14b2b2d2@julio.com>
Date: Sat, 3 Aug 2024 22:57:14 -0600
MIME-Version: 1.0
User-Agent: Mozilla Thunderbird
Content-Language: en-US
To: julio@julio.com, julio2@julio.com
From: Julio2 <julio2@julio.com>
Subject: NUEVO CORREO! para probar fetch
Content-Type: text/plain; charset=UTF-8; format=flowed
Content-Transfer-Encoding: 7bit
)
240806152149685 IMAPServer$ClientHandler.run()	INFO: < * 2 FETCH (UID 16 FLAGS () BODY[HEADER.FIELDS (From To Cc Bcc Subject Date Message-ID Priority X-Priority References Newsgroups In-Reply-To Content-Type Reply-To)] {372}
Message-ID: <a6d15232-6c34-49c8-b494-e41b028969a9@julio.com>
Date: Sat, 3 Aug 2024 23:09:53 -0600
MIME-Version: 1.0
User-Agent: Mozilla Thunderbird
Content-Language: en-US
To: julio2@julio.com
From: Julio Test <julio@julio.com>
Subject: =?UTF-8?Q?Mensaje_=C3=BAnicamente_para_Julio2?=
Content-Type: text/plain; charset=UTF-8; format=flowed
Content-Transfer-Encoding: 7bit
)
240806152149697 IMAPServer$ClientHandler.run()	INFO: < * 3 FETCH (UID 17 FLAGS () BODY[HEADER.FIELDS (From To Cc Bcc Subject Date Message-ID Priority X-Priority References Newsgroups In-Reply-To Content-Type Reply-To)] {335}
Message-ID: <aecb9852-da52-421c-96e9-ee079b6eb6c8@julio.com>
Date: Sat, 3 Aug 2024 23:45:44 -0600
MIME-Version: 1.0
User-Agent: Mozilla Thunderbird
Content-Language: en-US
To: julio2@julio.com
From: Julio Test <julio@julio.com>
Subject: Hola nuevo
Content-Type: text/plain; charset=UTF-8; format=flowed
Content-Transfer-Encoding: 7bit
)
240806152149717 IMAPServer$ClientHandler.run()	INFO: < * 4 FETCH (UID 18 FLAGS ( \Seen) BODY[HEADER.FIELDS (From To Cc Bcc Subject Date Message-ID Priority X-Priority References Newsgroups In-Reply-To Content-Type Reply-To)] {335}
Content-Type: multipart/alternative;
 boundary="------------Hp43xHCkexFfWonHAfHOuOYf"
Message-ID: <4b20d992-79a7-4865-a54f-1d062d53560f@julio.com>
Date: Sun, 4 Aug 2024 00:30:02 -0600
MIME-Version: 1.0
User-Agent: Mozilla Thunderbird
Content-Language: en-US
To: julio2@julio.com
From: Julio Test <julio@julio.com>
Subject: HOLA JULIO!
)
240806152149727 IMAPServer$ClientHandler.run()	INFO: < * 5 FETCH (UID 25 FLAGS ( \Seen) BODY[HEADER.FIELDS (From To Cc Bcc Subject Date Message-ID Priority X-Priority References Newsgroups In-Reply-To Content-Type Reply-To)] {348}
Content-Type: multipart/alternative;
 boundary="------------YqyIgGCVWOihwQIGB0R32d7Y"
Message-ID: <fb3b638d-5400-4392-b700-e1f78cda9b43@julio.com>
Date: Sun, 4 Aug 2024 01:01:23 -0600
MIME-Version: 1.0
User-Agent: Mozilla Thunderbird
Content-Language: en-US
To: julio2@julio.com
From: Julio Test <julio@julio.com>
Subject: Y si mando uno con foto?
)
240806152149736 IMAPServer$ClientHandler.run()	INFO: < 91 OK UID FETCH completed
240806152150247 IMAPServer$ClientHandler.run()	INFO: > 92 UID fetch 16 (UID BODY.PEEK[HEADER.FIELDS (Content-Type Content-Transfer-Encoding)] BODY.PEEK[TEXT]<0.2048>)
240806152150261 IMAPServer$ClientHandler.run()	INFO: < * 1 FETCH (UID 16 FLAGS () BODY[HEADER.FIELDS (From To Cc Bcc Subject Date Message-ID Priority X-Priority References Newsgroups In-Reply-To Content-Type Reply-To)] {372}
Message-ID: <a6d15232-6c34-49c8-b494-e41b028969a9@julio.com>
Date: Sat, 3 Aug 2024 23:09:53 -0600
MIME-Version: 1.0
User-Agent: Mozilla Thunderbird
Content-Language: en-US
To: julio2@julio.com
From: Julio Test <julio@julio.com>
Subject: =?UTF-8?Q?Mensaje_=C3=BAnicamente_para_Julio2?=
Content-Type: text/plain; charset=UTF-8; format=flowed
Content-Transfer-Encoding: 7bit
)
240806152150276 IMAPServer$ClientHandler.run()	INFO: < 92 OK UID FETCH completed
240806152152297 IMAPServer$ClientHandler.run()	INFO: > 93 IDLE
240806152152300 IMAPServer$ClientHandler.run()	INFO: < 93 OK IDLE completed
