240803235305155 IMAPServer$ClientHandler.run()	INFO: < * OK [CAPABILITY IMAP4rev1] IMAP Server Ready
240803235305160 IMAPServer$ClientHandler.run()	INFO: > 101 login "julio@julio.com" "admin"
240803235305160 IMAPServer$ClientHandler.run()	INFO: < 101 OK LOGIN completed
240803235305161 IMAPServer$ClientHandler.run()	INFO: > 102 capability
240803235305162 IMAPServer$ClientHandler.run()	INFO: < 102 OK [CAPABILITY IMAP4rev1 LITERAL+ SASL-IR LOGIN-REFERRALS ID ENABLE IDLE SORT SORT=DISPLAY THREAD=REFERENCES THREAD=REFS THREAD=ORDEREDSUBJECT MULTIAPPEND URL-PARTIAL CATENATE UNSELECT CHILDREN NAMESPACE UIDPLUS LIST-EXTENDED I18NLEVEL=1 CONDSTORE QRESYNC ESEARCH ESORT SEARCHRES WITHIN CONTEXT=SEARCH LIST-STATUS BINARY MOVE NOTIFY SPECIAL-USE QUOTA]
240803235305165 IMAPServer$ClientHandler.run()	INFO: > 103 namespace
240803235305165 IMAPServer$ClientHandler.run()	INFO: < 103 OK namespace completed
240803235305166 IMAPServer$ClientHandler.run()	INFO: > 104 ID ("name" "Thunderbird" "version" "128.0.1")
240803235305166 IMAPServer$ClientHandler.run()	INFO: < 104 OK ID completed
240803235305171 IMAPServer$ClientHandler.run()	INFO: > 105 select "INBOX"
240803235305172 IMAPServer$ClientHandler.run()	INFO: < * 8 EXISTS
240803235305173 IMAPServer$ClientHandler.run()	INFO: < * 3 RECENT
240803235305173 IMAPServer$ClientHandler.run()	INFO: < * OK [UNSEEN 3] First unseen.
240803235305174 IMAPServer$ClientHandler.run()	INFO: < 105 OK [READ-WRITE] SELECT completed
240803235305177 IMAPServer$ClientHandler.run()	INFO: > 106 getquotaroot "INBOX"
240803235305177 IMAPServer$ClientHandler.run()	INFO: < 106 OK getquotaroot completed
240803235305178 IMAPServer$ClientHandler.run()	INFO: > 107 UID fetch 1:* (FLAGS)
240803235305180 IMAPServer$ClientHandler.run()	INFO: < * 1 FETCH (UID 3 FLAGS ())
240803235305181 IMAPServer$ClientHandler.run()	INFO: < * 2 FETCH (UID 5 FLAGS ())
240803235305181 IMAPServer$ClientHandler.run()	INFO: < * 3 FETCH (UID 8 FLAGS ())
240803235305181 IMAPServer$ClientHandler.run()	INFO: < * 4 FETCH (UID 10 FLAGS ())
240803235305182 IMAPServer$ClientHandler.run()	INFO: < * 5 FETCH (UID 11 FLAGS ())
240803235305182 IMAPServer$ClientHandler.run()	INFO: < * 6 FETCH (UID 12 FLAGS (\Recent))
240803235305182 IMAPServer$ClientHandler.run()	INFO: < * 7 FETCH (UID 13 FLAGS (\Recent))
240803235305183 IMAPServer$ClientHandler.run()	INFO: < * 8 FETCH (UID 14 FLAGS (\Recent))
240803235305183 IMAPServer$ClientHandler.run()	INFO: < 107 OK FETCH completed
240803235305194 IMAPServer$ClientHandler.run()	INFO: > 108 UID fetch 5 (UID RFC822.SIZE BODY[])
240803235305196 IMAPServer$ClientHandler.run()	INFO: >>>>>> mailsInfo.length: 1
240803235305196 IMAPServer$ClientHandler.run()	INFO: < * 1 FETCH (UID 5 RFC822.SIZE 358 BODY[] {358}
Message-ID: <780d97b3-11aa-44bc-94d8-3a6f48f69fbc@julio.com>
Date: Wed, 31 Jul 2024 20:10:58 -0600
MIME-Version: 1.0
User-Agent: Mozilla Thunderbird
Content-Language: en-US
To: test@test.ug, julio@julio.com
From: Julio Test <julio@julio.com>
Subject: Test 1 a UG
Content-Type: text/plain; charset=UTF-8; format=flowed
Content-Transfer-Encoding: 7bit

AAAA
.)
240803235305198 IMAPServer$ClientHandler.run()	INFO: < 108 OK UID FETCH completed
240803235305263 IMAPServer$ClientHandler.run()	INFO: > 109 logout
240803235305264 IMAPServer$ClientHandler.run()	INFO: < 109 OK logout completed
