240805154533002 IMAPServer$ClientHandler.run()	INFO: < * OK [CAPABILITY IMAP4rev1] IMAP Server Ready
240805154533020 IMAPServer$ClientHandler.run()	INFO: > 79 login "julio@julio.com" "admin"
240805154533021 IMAPServer$ClientHandler.run()	INFO: < 79 OK LOGIN completed
240805154533023 IMAPServer$ClientHandler.run()	INFO: > 80 capability
240805154533024 IMAPServer$ClientHandler.run()	INFO: < 80 OK [CAPABILITY IMAP4rev1 LITERAL+ SASL-IR LOGIN-REFERRALS ID ENABLE IDLE SORT SORT=DISPLAY THREAD=REFERENCES THREAD=REFS THREAD=ORDEREDSUBJECT MULTIAPPEND URL-PARTIAL CATENATE UNSELECT CHILDREN NAMESPACE UIDPLUS LIST-EXTENDED I18NLEVEL=1 CONDSTORE QRESYNC ESEARCH ESORT SEARCHRES WITHIN CONTEXT=SEARCH LIST-STATUS BINARY MOVE NOTIFY SPECIAL-USE QUOTA]
240805154533026 IMAPServer$ClientHandler.run()	INFO: > 81 namespace
240805154533027 IMAPServer$ClientHandler.run()	INFO: < 81 OK namespace completed
240805154533029 IMAPServer$ClientHandler.run()	INFO: > 82 ID ("name" "Thunderbird" "version" "128.0.1")
240805154533031 IMAPServer$ClientHandler.run()	INFO: < 82 OK ID completed
240805154533036 IMAPServer$ClientHandler.run()	INFO: > 83 select "Sent"
240805154533043 IMAPServer$ClientHandler.run()	INFO: < * 27 EXISTS
240805154533045 IMAPServer$ClientHandler.run()	INFO: < * 2 RECENT
240805154533046 IMAPServer$ClientHandler.run()	INFO: < 83 OK [READ-WRITE] SELECT completed
240805154533053 IMAPServer$ClientHandler.run()	INFO: > 84 getquotaroot "Sent"
240805154533055 IMAPServer$ClientHandler.run()	INFO: < 84 OK getquotaroot completed
240805154533057 IMAPServer$ClientHandler.run()	INFO: > 85 UID fetch 1:* (FLAGS)
240805154533061 IMAPServer$ClientHandler.run()	INFO: < * 1 FETCH (UID 2 FLAGS ())
240805154533062 IMAPServer$ClientHandler.run()	INFO: < * 2 FETCH (UID 3 FLAGS ())
240805154533064 IMAPServer$ClientHandler.run()	INFO: < * 3 FETCH (UID 4 FLAGS ())
240805154533065 IMAPServer$ClientHandler.run()	INFO: < * 4 FETCH (UID 5 FLAGS ())
240805154533067 IMAPServer$ClientHandler.run()	INFO: < * 5 FETCH (UID 6 FLAGS ())
240805154533068 IMAPServer$ClientHandler.run()	INFO: < * 6 FETCH (UID 7 FLAGS ())
240805154533069 IMAPServer$ClientHandler.run()	INFO: < * 7 FETCH (UID 8 FLAGS ())
240805154533070 IMAPServer$ClientHandler.run()	INFO: < * 8 FETCH (UID 9 FLAGS ())
240805154533071 IMAPServer$ClientHandler.run()	INFO: < * 9 FETCH (UID 10 FLAGS ())
240805154533072 IMAPServer$ClientHandler.run()	INFO: < * 10 FETCH (UID 11 FLAGS ())
240805154533072 IMAPServer$ClientHandler.run()	INFO: < * 11 FETCH (UID 12 FLAGS ())
240805154533073 IMAPServer$ClientHandler.run()	INFO: < * 12 FETCH (UID 13 FLAGS ( \Seen))
240805154533075 IMAPServer$ClientHandler.run()	INFO: < * 13 FETCH (UID 14 FLAGS ( \Seen))
240805154533075 IMAPServer$ClientHandler.run()	INFO: < * 14 FETCH (UID 15 FLAGS ())
240805154533076 IMAPServer$ClientHandler.run()	INFO: < * 15 FETCH (UID 16 FLAGS ())
240805154533077 IMAPServer$ClientHandler.run()	INFO: < * 16 FETCH (UID 17 FLAGS ())
240805154533078 IMAPServer$ClientHandler.run()	INFO: < * 17 FETCH (UID 18 FLAGS ( \Seen))
240805154533079 IMAPServer$ClientHandler.run()	INFO: < * 18 FETCH (UID 19 FLAGS ( \Seen))
240805154533081 IMAPServer$ClientHandler.run()	INFO: < * 19 FETCH (UID 20 FLAGS ())
240805154533082 IMAPServer$ClientHandler.run()	INFO: < * 20 FETCH (UID 21 FLAGS ())
240805154533083 IMAPServer$ClientHandler.run()	INFO: < * 21 FETCH (UID 22 FLAGS ())
240805154533084 IMAPServer$ClientHandler.run()	INFO: < * 22 FETCH (UID 23 FLAGS ())
240805154533085 IMAPServer$ClientHandler.run()	INFO: < * 23 FETCH (UID 24 FLAGS ())
240805154533086 IMAPServer$ClientHandler.run()	INFO: < * 24 FETCH (UID 25 FLAGS ( \Seen))
240805154533087 IMAPServer$ClientHandler.run()	INFO: < * 25 FETCH (UID 34 FLAGS ( \Recent))
240805154533088 IMAPServer$ClientHandler.run()	INFO: < * 26 FETCH (UID 37 FLAGS ( \Recent))
240805154533089 IMAPServer$ClientHandler.run()	INFO: < 85 OK FETCH completed
240805154533123 IMAPServer$ClientHandler.run()	INFO: > 86 UID fetch 2:25,34:37 (UID RFC822.SIZE FLAGS BODY.PEEK[HEADER.FIELDS (From To Cc Bcc Subject Date Message-ID Priority X-Priority References Newsgroups In-Reply-To Content-Type Reply-To)])
240805154533129 IMAPServer$ClientHandler.run()	INFO: < * 1 FETCH (UID 2 FLAGS () BODY[HEADER.FIELDS (From To Cc Bcc Subject Date Message-ID Priority X-Priority References Newsgroups In-Reply-To Content-Type Reply-To)] {350}
Message-ID: <02696520-d721-458c-b0c6-9f5fa555a3f5@julio.com>
Date: Wed, 31 Jul 2024 17:40:01 -0600
MIME-Version: 1.0
User-Agent: Mozilla Thunderbird
Content-Language: en-US
To: test@test.ug, julio@julio.com
From: Julio Test <julio@julio.com>
Subject: Test 1 a UG
Content-Type: text/plain; charset=UTF-8; format=flowed
Content-Transfer-Encoding: 8bit
)
240805154533136 IMAPServer$ClientHandler.run()	INFO: < * 2 FETCH (UID 3 FLAGS () BODY[HEADER.FIELDS (From To Cc Bcc Subject Date Message-ID Priority X-Priority References Newsgroups In-Reply-To Content-Type Reply-To)] {350}
Message-ID: <02696520-d721-458c-b0c6-9f5fa555a3f5@julio.com>
Date: Wed, 31 Jul 2024 17:40:01 -0600
MIME-Version: 1.0
User-Agent: Mozilla Thunderbird
Content-Language: en-US
To: test@test.ug, julio@julio.com
From: Julio Test <julio@julio.com>
Subject: Test 1 a UG
Content-Type: text/plain; charset=UTF-8; format=flowed
Content-Transfer-Encoding: 8bit
)
240805154533142 IMAPServer$ClientHandler.run()	INFO: < * 3 FETCH (UID 4 FLAGS () BODY[HEADER.FIELDS (From To Cc Bcc Subject Date Message-ID Priority X-Priority References Newsgroups In-Reply-To Content-Type Reply-To)] {350}
Message-ID: <780d97b3-11aa-44bc-94d8-3a6f48f69fbc@julio.com>
Date: Wed, 31 Jul 2024 20:10:58 -0600
MIME-Version: 1.0
User-Agent: Mozilla Thunderbird
Content-Language: en-US
To: test@test.ug, julio@julio.com
From: Julio Test <julio@julio.com>
Subject: Test 1 a UG
Content-Type: text/plain; charset=UTF-8; format=flowed
Content-Transfer-Encoding: 7bit
)
240805154533147 IMAPServer$ClientHandler.run()	INFO: < * 4 FETCH (UID 5 FLAGS () BODY[HEADER.FIELDS (From To Cc Bcc Subject Date Message-ID Priority X-Priority References Newsgroups In-Reply-To Content-Type Reply-To)] {350}
Message-ID: <780d97b3-11aa-44bc-94d8-3a6f48f69fbc@julio.com>
Date: Wed, 31 Jul 2024 20:10:58 -0600
MIME-Version: 1.0
User-Agent: Mozilla Thunderbird
Content-Language: en-US
To: test@test.ug, julio@julio.com
From: Julio Test <julio@julio.com>
Subject: Test 1 a UG
Content-Type: text/plain; charset=UTF-8; format=flowed
Content-Transfer-Encoding: 7bit
)
240805154533154 IMAPServer$ClientHandler.run()	INFO: < * 5 FETCH (UID 6 FLAGS () BODY[HEADER.FIELDS (From To Cc Bcc Subject Date Message-ID Priority X-Priority References Newsgroups In-Reply-To Content-Type Reply-To)] {342}
Message-ID: <8a92d8f9-7283-4a58-be1c-5a009c0e54c8@julio.com>
Date: Wed, 31 Jul 2024 20:13:07 -0600
MIME-Version: 1.0
User-Agent: Mozilla Thunderbird
Content-Language: en-US
To: test@julio.com
From: Julio Test <julio@julio.com>
Subject: Test 1 Thunderbird
Content-Type: text/plain; charset=UTF-8; format=flowed
Content-Transfer-Encoding: 7bit
)
240805154533158 IMAPServer$ClientHandler.run()	INFO: < * 6 FETCH (UID 7 FLAGS () BODY[HEADER.FIELDS (From To Cc Bcc Subject Date Message-ID Priority X-Priority References Newsgroups In-Reply-To Content-Type Reply-To)] {350}
Message-ID: <1fd36192-9a08-485a-a7d9-b8cb29c8672d@julio.com>
Date: Wed, 31 Jul 2024 20:48:32 -0600
MIME-Version: 1.0
User-Agent: Mozilla Thunderbird
Content-Language: en-US
To: test@test.ug, julio@julio.com
From: Julio Test <julio@julio.com>
Subject: Test 1 a UG
Content-Type: text/plain; charset=UTF-8; format=flowed
Content-Transfer-Encoding: 7bit
)
240805154533162 IMAPServer$ClientHandler.run()	INFO: < * 7 FETCH (UID 8 FLAGS () BODY[HEADER.FIELDS (From To Cc Bcc Subject Date Message-ID Priority X-Priority References Newsgroups In-Reply-To Content-Type Reply-To)] {350}
Message-ID: <1fd36192-9a08-485a-a7d9-b8cb29c8672d@julio.com>
Date: Wed, 31 Jul 2024 20:48:32 -0600
MIME-Version: 1.0
User-Agent: Mozilla Thunderbird
Content-Language: en-US
To: test@test.ug, julio@julio.com
From: Julio Test <julio@julio.com>
Subject: Test 1 a UG
Content-Type: text/plain; charset=UTF-8; format=flowed
Content-Transfer-Encoding: 7bit
)
240805154533167 IMAPServer$ClientHandler.run()	INFO: < * 8 FETCH (UID 9 FLAGS () BODY[HEADER.FIELDS (From To Cc Bcc Subject Date Message-ID Priority X-Priority References Newsgroups In-Reply-To Content-Type Reply-To)] {350}
Message-ID: <12289011-1690-4f19-ad0a-b11de249bd12@julio.com>
Date: Wed, 31 Jul 2024 20:50:54 -0600
MIME-Version: 1.0
User-Agent: Mozilla Thunderbird
Content-Language: en-US
To: test@test.ug, julio@julio.com
From: Julio Test <julio@julio.com>
Subject: Test 1 a UG
Content-Type: text/plain; charset=UTF-8; format=flowed
Content-Transfer-Encoding: 7bit
)
240805154533173 IMAPServer$ClientHandler.run()	INFO: < * 9 FETCH (UID 10 FLAGS () BODY[HEADER.FIELDS (From To Cc Bcc Subject Date Message-ID Priority X-Priority References Newsgroups In-Reply-To Content-Type Reply-To)] {350}
Message-ID: <12289011-1690-4f19-ad0a-b11de249bd12@julio.com>
Date: Wed, 31 Jul 2024 20:50:54 -0600
MIME-Version: 1.0
User-Agent: Mozilla Thunderbird
Content-Language: en-US
To: test@test.ug, julio@julio.com
From: Julio Test <julio@julio.com>
Subject: Test 1 a UG
Content-Type: text/plain; charset=UTF-8; format=flowed
Content-Transfer-Encoding: 7bit
)
240805154533178 IMAPServer$ClientHandler.run()	INFO: < * 10 FETCH (UID 11 FLAGS () BODY[HEADER.FIELDS (From To Cc Bcc Subject Date Message-ID Priority X-Priority References Newsgroups In-Reply-To Content-Type Reply-To)] {329}
Message-ID: <2e78efe8-a9a1-4903-80d5-e26e4dfc37eb@julio.com>
Date: Wed, 31 Jul 2024 21:38:37 -0600
MIME-Version: 1.0
User-Agent: Mozilla Thunderbird
Content-Language: en-US
To: julio@julio.com
From: Julio Test <julio@julio.com>
Subject: Test
Content-Type: text/plain; charset=UTF-8; format=flowed
Content-Transfer-Encoding: 7bit
)
240805154533182 IMAPServer$ClientHandler.run()	INFO: < * 11 FETCH (UID 12 FLAGS () BODY[HEADER.FIELDS (From To Cc Bcc Subject Date Message-ID Priority X-Priority References Newsgroups In-Reply-To Content-Type Reply-To)] {332}
Message-ID: <41d85044-f8c1-4326-872b-aeecd8f0505b@julio.com>
Date: Sat, 3 Aug 2024 20:53:06 -0600
MIME-Version: 1.0
User-Agent: Mozilla Thunderbird
Content-Language: en-US
To: julio@julio.com
From: Julio Test <julio@julio.com>
Subject: Test new
Content-Type: text/plain; charset=UTF-8; format=flowed
Content-Transfer-Encoding: 8bit
)
240805154533187 IMAPServer$ClientHandler.run()	INFO: < * 12 FETCH (UID 13 FLAGS ( \Seen) BODY[HEADER.FIELDS (From To Cc Bcc Subject Date Message-ID Priority X-Priority References Newsgroups In-Reply-To Content-Type Reply-To)] {337}
Message-ID: <1b3c7bd9-2f6f-4a1a-9215-d6c8b2999f52@julio.com>
Date: Sat, 3 Aug 2024 22:06:56 -0600
MIME-Version: 1.0
User-Agent: Mozilla Thunderbird
Content-Language: en-US
To: julio@julio.com
From: Julio Test <julio@julio.com>
Subject: Nuevo mensaje
Content-Type: text/plain; charset=UTF-8; format=flowed
Content-Transfer-Encoding: 8bit
)
240805154533192 IMAPServer$ClientHandler.run()	INFO: < * 13 FETCH (UID 14 FLAGS ( \Seen) BODY[HEADER.FIELDS (From To Cc Bcc Subject Date Message-ID Priority X-Priority References Newsgroups In-Reply-To Content-Type Reply-To)] {370}
Message-ID: <9dee7988-5a43-423b-bd96-ebea14b2b2d2@julio.com>
Date: Sat, 3 Aug 2024 22:57:14 -0600
MIME-Version: 1.0
User-Agent: Mozilla Thunderbird
Content-Language: en-US
To: julio@julio.com, julio2@julio.com
From: Julio2 <julio2@julio.com>
Subject: NUEVO CORREO! para probar fetch
Content-Type: text/plain; charset=UTF-8; format=flowed
Content-Transfer-Encoding: 7bit
)
240805154533198 IMAPServer$ClientHandler.run()	INFO: < * 14 FETCH (UID 15 FLAGS () BODY[HEADER.FIELDS (From To Cc Bcc Subject Date Message-ID Priority X-Priority References Newsgroups In-Reply-To Content-Type Reply-To)] {370}
Message-ID: <9dee7988-5a43-423b-bd96-ebea14b2b2d2@julio.com>
Date: Sat, 3 Aug 2024 22:57:14 -0600
MIME-Version: 1.0
User-Agent: Mozilla Thunderbird
Content-Language: en-US
To: julio@julio.com, julio2@julio.com
From: Julio2 <julio2@julio.com>
Subject: NUEVO CORREO! para probar fetch
Content-Type: text/plain; charset=UTF-8; format=flowed
Content-Transfer-Encoding: 7bit
)
240805154533204 IMAPServer$ClientHandler.run()	INFO: < * 15 FETCH (UID 16 FLAGS () BODY[HEADER.FIELDS (From To Cc Bcc Subject Date Message-ID Priority X-Priority References Newsgroups In-Reply-To Content-Type Reply-To)] {372}
Message-ID: <a6d15232-6c34-49c8-b494-e41b028969a9@julio.com>
Date: Sat, 3 Aug 2024 23:09:53 -0600
MIME-Version: 1.0
User-Agent: Mozilla Thunderbird
Content-Language: en-US
To: julio2@julio.com
From: Julio Test <julio@julio.com>
Subject: =?UTF-8?Q?Mensaje_=C3=BAnicamente_para_Julio2?=
Content-Type: text/plain; charset=UTF-8; format=flowed
Content-Transfer-Encoding: 7bit
)
240805154533209 IMAPServer$ClientHandler.run()	INFO: < * 16 FETCH (UID 17 FLAGS () BODY[HEADER.FIELDS (From To Cc Bcc Subject Date Message-ID Priority X-Priority References Newsgroups In-Reply-To Content-Type Reply-To)] {335}
Message-ID: <aecb9852-da52-421c-96e9-ee079b6eb6c8@julio.com>
Date: Sat, 3 Aug 2024 23:45:44 -0600
MIME-Version: 1.0
User-Agent: Mozilla Thunderbird
Content-Language: en-US
To: julio2@julio.com
From: Julio Test <julio@julio.com>
Subject: Hola nuevo
Content-Type: text/plain; charset=UTF-8; format=flowed
Content-Transfer-Encoding: 7bit
)
240805154533216 IMAPServer$ClientHandler.run()	INFO: < * 17 FETCH (UID 18 FLAGS ( \Seen) BODY[HEADER.FIELDS (From To Cc Bcc Subject Date Message-ID Priority X-Priority References Newsgroups In-Reply-To Content-Type Reply-To)] {335}
Content-Type: multipart/alternative;
 boundary="------------Hp43xHCkexFfWonHAfHOuOYf"
Message-ID: <4b20d992-79a7-4865-a54f-1d062d53560f@julio.com>
Date: Sun, 4 Aug 2024 00:30:02 -0600
MIME-Version: 1.0
User-Agent: Mozilla Thunderbird
Content-Language: en-US
To: julio2@julio.com
From: Julio Test <julio@julio.com>
Subject: HOLA JULIO!
)
240805154533223 IMAPServer$ClientHandler.run()	INFO: < * 18 FETCH (UID 19 FLAGS ( \Seen) BODY[HEADER.FIELDS (From To Cc Bcc Subject Date Message-ID Priority X-Priority References Newsgroups In-Reply-To Content-Type Reply-To)] {330}
Message-ID: <96d2dbdf-2a26-418c-b988-ddf989517ecc@julio.com>
Date: Sun, 4 Aug 2024 00:40:19 -0600
MIME-Version: 1.0
User-Agent: Mozilla Thunderbird
Content-Language: en-US
To: julio@julio.com
From: Julio Test <julio@julio.com>
Subject: Test 2
Content-Type: text/plain; charset=UTF-8; format=flowed
Content-Transfer-Encoding: 7bit
)
240805154533228 IMAPServer$ClientHandler.run()	INFO: < * 19 FETCH (UID 20 FLAGS () BODY[HEADER.FIELDS (From To Cc Bcc Subject Date Message-ID Priority X-Priority References Newsgroups In-Reply-To Content-Type Reply-To)] {330}
Message-ID: <625a55e7-a12c-4f54-b806-dd4bc562c731@julio.com>
Date: Sun, 4 Aug 2024 00:40:40 -0600
MIME-Version: 1.0
User-Agent: Mozilla Thunderbird
Content-Language: en-US
To: julio@julio.com
From: Julio Test <julio@julio.com>
Subject: Test 3
Content-Type: text/plain; charset=UTF-8; format=flowed
Content-Transfer-Encoding: 8bit
)
240805154533235 IMAPServer$ClientHandler.run()	INFO: < * 20 FETCH (UID 21 FLAGS () BODY[HEADER.FIELDS (From To Cc Bcc Subject Date Message-ID Priority X-Priority References Newsgroups In-Reply-To Content-Type Reply-To)] {330}
Message-ID: <2348c2f1-9560-4284-8869-c52bf21c25c1@julio.com>
Date: Sun, 4 Aug 2024 00:40:48 -0600
MIME-Version: 1.0
User-Agent: Mozilla Thunderbird
Content-Language: en-US
To: julio@julio.com
From: Julio Test <julio@julio.com>
Subject: Test 4
Content-Type: text/plain; charset=UTF-8; format=flowed
Content-Transfer-Encoding: 8bit
)
240805154533241 IMAPServer$ClientHandler.run()	INFO: < * 21 FETCH (UID 22 FLAGS () BODY[HEADER.FIELDS (From To Cc Bcc Subject Date Message-ID Priority X-Priority References Newsgroups In-Reply-To Content-Type Reply-To)] {330}
Message-ID: <537a5baf-931a-42a0-8b0d-08e5e51bb77d@julio.com>
Date: Sun, 4 Aug 2024 00:40:57 -0600
MIME-Version: 1.0
User-Agent: Mozilla Thunderbird
Content-Language: en-US
To: julio@julio.com
From: Julio Test <julio@julio.com>
Subject: Test 5
Content-Type: text/plain; charset=UTF-8; format=flowed
Content-Transfer-Encoding: 8bit
)
240805154533246 IMAPServer$ClientHandler.run()	INFO: < * 22 FETCH (UID 23 FLAGS () BODY[HEADER.FIELDS (From To Cc Bcc Subject Date Message-ID Priority X-Priority References Newsgroups In-Reply-To Content-Type Reply-To)] {330}
Message-ID: <e0ee84be-3917-4b1c-84ed-7bae0fa22c3f@julio.com>
Date: Sun, 4 Aug 2024 00:41:04 -0600
MIME-Version: 1.0
User-Agent: Mozilla Thunderbird
Content-Language: en-US
To: julio@julio.com
From: Julio Test <julio@julio.com>
Subject: Test 6
Content-Type: text/plain; charset=UTF-8; format=flowed
Content-Transfer-Encoding: 8bit
)
240805154533254 IMAPServer$ClientHandler.run()	INFO: < * 23 FETCH (UID 24 FLAGS () BODY[HEADER.FIELDS (From To Cc Bcc Subject Date Message-ID Priority X-Priority References Newsgroups In-Reply-To Content-Type Reply-To)] {330}
Message-ID: <11919dcd-315f-4fd9-b542-2e1c6341284b@julio.com>
Date: Sun, 4 Aug 2024 00:44:08 -0600
MIME-Version: 1.0
User-Agent: Mozilla Thunderbird
Content-Language: en-US
To: julio@julio.com
From: Julio Test <julio@julio.com>
Subject: Test 7
Content-Type: text/plain; charset=UTF-8; format=flowed
Content-Transfer-Encoding: 8bit
)
240805154533260 IMAPServer$ClientHandler.run()	INFO: < * 24 FETCH (UID 25 FLAGS ( \Seen) BODY[HEADER.FIELDS (From To Cc Bcc Subject Date Message-ID Priority X-Priority References Newsgroups In-Reply-To Content-Type Reply-To)] {348}
Content-Type: multipart/alternative;
 boundary="------------YqyIgGCVWOihwQIGB0R32d7Y"
Message-ID: <fb3b638d-5400-4392-b700-e1f78cda9b43@julio.com>
Date: Sun, 4 Aug 2024 01:01:23 -0600
MIME-Version: 1.0
User-Agent: Mozilla Thunderbird
Content-Language: en-US
To: julio2@julio.com
From: Julio Test <julio@julio.com>
Subject: Y si mando uno con foto?
)
240805154533267 IMAPServer$ClientHandler.run()	INFO: < * 25 FETCH (UID 34 FLAGS ( \Recent) BODY[HEADER.FIELDS (From To Cc Bcc Subject Date Message-ID Priority X-Priority References Newsgroups In-Reply-To Content-Type Reply-To)] {336}
Message-ID: <d37f2d5f-b042-4a70-9dac-669e879dedc9@julio.com>
Date: Mon, 5 Aug 2024 15:28:54 -0600
MIME-Version: 1.0
User-Agent: Mozilla Thunderbird
Content-Language: en-US
To: pablo01@pablo.com
From: Julio Test <julio@julio.com>
Subject: Hola Pablo
Content-Type: text/plain; charset=UTF-8; format=flowed
Content-Transfer-Encoding: 7bit
)
240805154533274 IMAPServer$ClientHandler.run()	INFO: < * 26 FETCH (UID 37 FLAGS ( \Recent) BODY[HEADER.FIELDS (From To Cc Bcc Subject Date Message-ID Priority X-Priority References Newsgroups In-Reply-To Content-Type Reply-To)] {330}
Message-ID: <3445692e-b626-4b7d-a46f-f36a6ef1e444@julio.com>
Date: Mon, 5 Aug 2024 15:43:52 -0600
MIME-Version: 1.0
User-Agent: Mozilla Thunderbird
Content-Language: en-US
To: puta@motomoto.com
From: Julio Test <julio@julio.com>
Subject: Puto
Content-Type: text/plain; charset=UTF-8; format=flowed
Content-Transfer-Encoding: 7bit
)
240805154533282 IMAPServer$ClientHandler.run()	INFO: < 86 OK UID FETCH completed
240805154536142 IMAPServer$ClientHandler.run()	INFO: > 87 IDLE
240805154536144 IMAPServer$ClientHandler.run()	INFO: < 87 OK IDLE completed
240805154602837 IMAPServer$ClientHandler.run()	INFO: > DONE
240805154602838 IMAPServer$ClientHandler.run()	INFO: < DONE OK completed
240805154602849 IMAPServer$ClientHandler.run()	INFO: > 89 login "julio@julio.com" "admin"
240805154602850 IMAPServer$ClientHandler.run()	INFO: < 89 OK LOGIN completed
240805154602853 IMAPServer$ClientHandler.run()	INFO: > 90 capability
240805154602854 IMAPServer$ClientHandler.run()	INFO: < 90 OK [CAPABILITY IMAP4rev1 LITERAL+ SASL-IR LOGIN-REFERRALS ID ENABLE IDLE SORT SORT=DISPLAY THREAD=REFERENCES THREAD=REFS THREAD=ORDEREDSUBJECT MULTIAPPEND URL-PARTIAL CATENATE UNSELECT CHILDREN NAMESPACE UIDPLUS LIST-EXTENDED I18NLEVEL=1 CONDSTORE QRESYNC ESEARCH ESORT SEARCHRES WITHIN CONTEXT=SEARCH LIST-STATUS BINARY MOVE NOTIFY SPECIAL-USE QUOTA]
240805154602862 IMAPServer$ClientHandler.run()	INFO: > 91 namespace
240805154602862 IMAPServer$ClientHandler.run()	INFO: < 91 OK namespace completed
240805154602864 IMAPServer$ClientHandler.run()	INFO: > 92 ID ("name" "Thunderbird" "version" "128.0.1")
240805154602865 IMAPServer$ClientHandler.run()	INFO: < 92 OK ID completed
240805154602868 IMAPServer$ClientHandler.run()	INFO: > 93 append "Sent" (\Seen) {368+}
240805154602869 IMAPServer$ClientHandler.run()	INFO: < 93 OK append completed
240805154602871 IMAPServer$ClientHandler.run()	INFO: > Message-ID: <d42aa267-26cf-472b-b1eb-e3ca2ef3a2ea@julio.com>
240805154602872 IMAPServer$ClientHandler.run()	INFO: < Message-ID: OK <d42aa267-26cf-472b-b1eb-e3ca2ef3a2ea@julio.com> completed
240805154602874 IMAPServer$ClientHandler.run()	INFO: > Date: Mon, 5 Aug 2024 15:46:02 -0600
240805154602876 IMAPServer$ClientHandler.run()	INFO: < Date: OK Mon, completed
240805154602877 IMAPServer$ClientHandler.run()	INFO: > MIME-Version: 1.0
240805154602878 IMAPServer$ClientHandler.run()	INFO: < MIME-Version: OK 1.0 completed
240805154602880 IMAPServer$ClientHandler.run()	INFO: > User-Agent: Mozilla Thunderbird
240805154602881 IMAPServer$ClientHandler.run()	INFO: < User-Agent: OK Mozilla completed
240805154602882 IMAPServer$ClientHandler.run()	INFO: > Content-Language: en-US
240805154602883 IMAPServer$ClientHandler.run()	INFO: < Content-Language: OK en-US completed
240805154602884 IMAPServer$ClientHandler.run()	INFO: > To: puta@motomoto.com
240805154602885 IMAPServer$ClientHandler.run()	INFO: < To: OK puta@motomoto.com completed
240805154602886 IMAPServer$ClientHandler.run()	INFO: > From: Julio Test <julio@julio.com>
240805154602886 IMAPServer$ClientHandler.run()	INFO: < From: OK Julio completed
240805154602888 IMAPServer$ClientHandler.run()	INFO: > Subject: HOla mariano
240805154602889 IMAPServer$ClientHandler.run()	INFO: < Subject: OK HOla completed
240805154602890 IMAPServer$ClientHandler.run()	INFO: > Content-Type: text/plain; charset=UTF-8; format=flowed
240805154602892 IMAPServer$ClientHandler.run()	INFO: < Content-Type: OK text/plain; completed
240805154602894 IMAPServer$ClientHandler.run()	INFO: > Content-Transfer-Encoding: 7bit
240805154602895 IMAPServer$ClientHandler.run()	INFO: < Content-Transfer-Encoding: OK 7bit completed
240805154602896 IMAPServer$ClientHandler.run()	INFO: > 
240805154602898 IMAPServer$ClientHandler.run()	INFO: <  OK completed
240805154602899 IMAPServer$ClientHandler.run()	INFO: > test
240805154602900 IMAPServer$ClientHandler.run()	INFO: < test OK completed
240805154602901 IMAPServer$ClientHandler.run()	INFO: > 
240805154602903 IMAPServer$ClientHandler.run()	INFO: <  OK completed
240805154602904 IMAPServer$ClientHandler.run()	INFO: > 
240805154602906 IMAPServer$ClientHandler.run()	INFO: <  OK completed
240805154602908 IMAPServer$ClientHandler.run()	INFO: > aaaa
240805154602910 IMAPServer$ClientHandler.run()	INFO: < aaaa OK completed
240805154602912 IMAPServer$ClientHandler.run()	INFO: > 
240805154602914 IMAPServer$ClientHandler.run()	INFO: <  OK completed
240805154602915 IMAPServer$ClientHandler.run()	INFO: > 
240805154602917 IMAPServer$ClientHandler.run()	INFO: <  OK completed
240805154603104 IMAPServer$ClientHandler.run()	INFO: > 94 logout
240805154603106 IMAPServer$ClientHandler.run()	INFO: < 94 OK logout completed
