240803225329617 IMAPServer$ClientHandler.run()	INFO: < * OK [CAPABILITY IMAP4rev1] IMAP Server Ready
240803225329626 IMAPServer$ClientHandler.run()	INFO: > 75 login "julio@julio.com" "admin"
240803225329629 IMAPServer$ClientHandler.run()	INFO: < 75 OK LOGIN completed
240803225329630 IMAPServer$ClientHandler.run()	INFO: > 76 capability
240803225329632 IMAPServer$ClientHandler.run()	INFO: < 76 OK [CAPABILITY IMAP4rev1 LITERAL+ SASL-IR LOGIN-REFERRALS ID ENABLE IDLE SORT SORT=DISPLAY THREAD=REFERENCES THREAD=REFS THREAD=ORDEREDSUBJECT MULTIAPPEND URL-PARTIAL CATENATE UNSELECT CHILDREN NAMESPACE UIDPLUS LIST-EXTENDED I18NLEVEL=1 CONDSTORE QRESYNC ESEARCH ESORT SEARCHRES WITHIN CONTEXT=SEARCH LIST-STATUS BINARY MOVE NOTIFY SPECIAL-USE QUOTA]
240803225329633 IMAPServer$ClientHandler.run()	INFO: > 77 namespace
240803225329637 IMAPServer$ClientHandler.run()	INFO: < 77 OK namespace completed
240803225329639 IMAPServer$ClientHandler.run()	INFO: > 78 ID ("name" "Thunderbird" "version" "128.0.1")
240803225329640 IMAPServer$ClientHandler.run()	INFO: < 78 OK ID completed
240803225329641 IMAPServer$ClientHandler.run()	INFO: > 79 select "INBOX"
240803225329756 IMAPServer$ClientHandler.run()	INFO: < * 7 EXISTS
240803225329757 IMAPServer$ClientHandler.run()	INFO: < * 2 RECENT
240803225329757 IMAPServer$ClientHandler.run()	INFO: < * OK [UNSEEN 3] First unseen.
240803225329758 IMAPServer$ClientHandler.run()	INFO: < 79 OK [READ-WRITE] SELECT completed
240803225329759 IMAPServer$ClientHandler.run()	INFO: > 80 getquotaroot "INBOX"
240803225329760 IMAPServer$ClientHandler.run()	INFO: < 80 OK getquotaroot completed
240803225329760 IMAPServer$ClientHandler.run()	INFO: > 81 UID fetch 1:* (FLAGS)
240803225329768 IMAPServer$ClientHandler.run()	INFO: < * 1 FETCH (UID 3 FLAGS ())
240803225329769 IMAPServer$ClientHandler.run()	INFO: < * 2 FETCH (UID 5 FLAGS ())
240803225329770 IMAPServer$ClientHandler.run()	INFO: < * 3 FETCH (UID 8 FLAGS ())
240803225329770 IMAPServer$ClientHandler.run()	INFO: < * 4 FETCH (UID 10 FLAGS ())
240803225329771 IMAPServer$ClientHandler.run()	INFO: < * 5 FETCH (UID 11 FLAGS ())
240803225329771 IMAPServer$ClientHandler.run()	INFO: < * 6 FETCH (UID 12 FLAGS (\Recent))
240803225329772 IMAPServer$ClientHandler.run()	INFO: < * 7 FETCH (UID 13 FLAGS (\Recent))
240803225329772 IMAPServer$ClientHandler.run()	INFO: < 81 OK FETCH completed
240803225329775 IMAPServer$ClientHandler.run()	INFO: > 82 UID fetch 3:13 (UID RFC822.SIZE FLAGS BODY.PEEK[HEADER.FIELDS (From To Cc Bcc Subject Date Message-ID Priority X-Priority References Newsgroups In-Reply-To Content-Type Reply-To)])
240803225329777 IMAPServer$ClientHandler.run()	INFO: >>>>>> mailsInfo.length: 1
240803225329784 IMAPServer$ClientHandler.run()	INFO: < * 1 FETCH (UID 3 FLAGS () BODY[HEADER.FIELDS (From To Cc Bcc Subject Date Message-ID Priority X-Priority References Newsgroups In-Reply-To Content-Type Reply-To)]) {350}
Message-ID: <02696520-d721-458c-b0c6-9f5fa555a3f5@julio.com>
Date: Wed, 31 Jul 2024 17:40:01 -0600
MIME-Version: 1.0
User-Agent: Mozilla Thunderbird
Content-Language: en-US
To: test@test.ug, julio@julio.com
From: Julio Test <julio@julio.com>
Subject: Test 1 a UG
Content-Type: text/plain; charset=UTF-8; format=flowed
Content-Transfer-Encoding: 8bit)
240803225329787 IMAPServer$ClientHandler.run()	INFO: < 82 OK UID FETCH completed
