240804034605637 IMAPServer$ClientHandler.run()	INFO: < * OK [CAPABILITY IMAP4rev1] IMAP Server Ready
240804034605653 IMAPServer$ClientHandler.run()	INFO: > 24 login "julio2@julio.com" "admin"
240804034605654 IMAPServer$ClientHandler.run()	INFO: < 24 OK LOGIN completed
240804034605655 IMAPServer$ClientHandler.run()	INFO: > 25 capability
240804034605655 IMAPServer$ClientHandler.run()	INFO: < 25 OK [CAPABILITY IMAP4rev1 LITERAL+ SASL-IR LOGIN-REFERRALS ID ENABLE IDLE SORT SORT=DISPLAY THREAD=REFERENCES THREAD=REFS THREAD=ORDEREDSUBJECT MULTIAPPEND URL-PARTIAL CATENATE UNSELECT CHILDREN NAMESPACE UIDPLUS LIST-EXTENDED I18NLEVEL=1 CONDSTORE QRESYNC ESEARCH ESORT SEARCHRES WITHIN CONTEXT=SEARCH LIST-STATUS BINARY MOVE NOTIFY SPECIAL-USE QUOTA]
240804034605658 IMAPServer$ClientHandler.run()	INFO: > 26 namespace
240804034605658 IMAPServer$ClientHandler.run()	INFO: < 26 OK namespace completed
240804034605659 IMAPServer$ClientHandler.run()	INFO: > 27 ID ("name" "Thunderbird" "version" "128.0.1")
240804034605659 IMAPServer$ClientHandler.run()	INFO: < 27 OK ID completed
240804034605660 IMAPServer$ClientHandler.run()	INFO: > 28 select "INBOX"
240804034605662 IMAPServer$ClientHandler.run()	INFO: < * 5 EXISTS
240804034605663 IMAPServer$ClientHandler.run()	INFO: < * 5 RECENT
240804034605663 IMAPServer$ClientHandler.run()	INFO: < * OK [UNSEEN 15] First unseen.
240804034605664 IMAPServer$ClientHandler.run()	INFO: < 28 OK [READ-WRITE] SELECT completed
240804034605664 IMAPServer$ClientHandler.run()	INFO: > 29 getquotaroot "INBOX"
240804034605665 IMAPServer$ClientHandler.run()	INFO: < 29 OK getquotaroot completed
240804034605665 IMAPServer$ClientHandler.run()	INFO: > 30 UID fetch 1:* (FLAGS)
240804034605667 IMAPServer$ClientHandler.run()	INFO: < * 1 FETCH (UID 15 FLAGS ( \Recent))
240804034605667 IMAPServer$ClientHandler.run()	INFO: < * 2 FETCH (UID 16 FLAGS ( \Recent))
240804034605668 IMAPServer$ClientHandler.run()	INFO: < * 3 FETCH (UID 17 FLAGS ( \Recent))
240804034605668 IMAPServer$ClientHandler.run()	INFO: < * 4 FETCH (UID 18 FLAGS ( \Recent \Seen))
240804034605669 IMAPServer$ClientHandler.run()	INFO: < * 5 FETCH (UID 25 FLAGS ( \Recent \Seen))
240804034605669 IMAPServer$ClientHandler.run()	INFO: < 30 OK FETCH completed
240804034607713 IMAPServer$ClientHandler.run()	INFO: > 31 IDLE
240804034607714 IMAPServer$ClientHandler.run()	INFO: < 31 OK IDLE completed
240804034607938 IMAPServer$ClientHandler.run()	INFO: > DONE
240804034607939 IMAPServer$ClientHandler.run()	INFO: < DONE OK completed
240804034607948 IMAPServer$ClientHandler.run()	INFO: > 33 login "julio2@julio.com" "admin"
240804034607949 IMAPServer$ClientHandler.run()	INFO: < 33 OK LOGIN completed
240804034607954 IMAPServer$ClientHandler.run()	INFO: > 34 capability
240804034607954 IMAPServer$ClientHandler.run()	INFO: < 34 OK [CAPABILITY IMAP4rev1 LITERAL+ SASL-IR LOGIN-REFERRALS ID ENABLE IDLE SORT SORT=DISPLAY THREAD=REFERENCES THREAD=REFS THREAD=ORDEREDSUBJECT MULTIAPPEND URL-PARTIAL CATENATE UNSELECT CHILDREN NAMESPACE UIDPLUS LIST-EXTENDED I18NLEVEL=1 CONDSTORE QRESYNC ESEARCH ESORT SEARCHRES WITHIN CONTEXT=SEARCH LIST-STATUS BINARY MOVE NOTIFY SPECIAL-USE QUOTA]
240804034607955 IMAPServer$ClientHandler.run()	INFO: > 35 namespace
240804034607956 IMAPServer$ClientHandler.run()	INFO: < 35 OK namespace completed
240804034607957 IMAPServer$ClientHandler.run()	INFO: > 36 ID ("name" "Thunderbird" "version" "128.0.1")
240804034607957 IMAPServer$ClientHandler.run()	INFO: < 36 OK ID completed
240804034607958 IMAPServer$ClientHandler.run()	INFO: > 37 select "INBOX"
240804034607960 IMAPServer$ClientHandler.run()	INFO: < * 5 EXISTS
240804034607961 IMAPServer$ClientHandler.run()	INFO: < * 5 RECENT
240804034607962 IMAPServer$ClientHandler.run()	INFO: < * OK [UNSEEN 15] First unseen.
240804034607962 IMAPServer$ClientHandler.run()	INFO: < 37 OK [READ-WRITE] SELECT completed
240804034607963 IMAPServer$ClientHandler.run()	INFO: > 38 getquotaroot "INBOX"
240804034607963 IMAPServer$ClientHandler.run()	INFO: < 38 OK getquotaroot completed
240804034607964 IMAPServer$ClientHandler.run()	INFO: > 39 UID fetch 1:* (FLAGS)
240804034607966 IMAPServer$ClientHandler.run()	INFO: < * 1 FETCH (UID 15 FLAGS ( \Recent))
240804034607967 IMAPServer$ClientHandler.run()	INFO: < * 2 FETCH (UID 16 FLAGS ( \Recent))
240804034607968 IMAPServer$ClientHandler.run()	INFO: < * 3 FETCH (UID 17 FLAGS ( \Recent))
240804034607969 IMAPServer$ClientHandler.run()	INFO: < * 4 FETCH (UID 18 FLAGS ( \Recent \Seen))
240804034607969 IMAPServer$ClientHandler.run()	INFO: < * 5 FETCH (UID 25 FLAGS ( \Recent \Seen))
240804034607970 IMAPServer$ClientHandler.run()	INFO: < 39 OK FETCH completed
240804034607974 IMAPServer$ClientHandler.run()	INFO: > 40 UID fetch 18 (UID RFC822.SIZE BODY[])
240804034607977 IMAPServer$ClientHandler.run()	INFO: < * 1 FETCH (UID 18 RFC822.SIZE 1111 BODY[] {1111}
Content-Type: multipart/alternative;
 boundary="------------Hp43xHCkexFfWonHAfHOuOYf"
Message-ID: <4b20d992-79a7-4865-a54f-1d062d53560f@julio.com>
Date: Sun, 4 Aug 2024 00:30:02 -0600
MIME-Version: 1.0
User-Agent: Mozilla Thunderbird
Content-Language: en-US
To: julio2@julio.com
From: Julio Test <julio@julio.com>
Subject: HOLA JULIO!

This is a multi-part message in MIME format.
--------------Hp43xHCkexFfWonHAfHOuOYf
Content-Type: text/plain; charset=UTF-8; format=flowed
Content-Transfer-Encoding: 8bit

*Te mando un correo con /diferentesletras _AAAAAAA_/*


  */_Header 1_/*

Hola.


🙂

--------------Hp43xHCkexFfWonHAfHOuOYf
Content-Type: text/html; charset=UTF-8
Content-Transfer-Encoding: 8bit

<!DOCTYPE html>
<html>
  <head>

    <meta http-equiv="content-type" content="text/html; charset=UTF-8">
  </head>
  <body>
    <p><b>Te mando un correo con <i>diferentes<font size="1"> letras <u>AAAAAAA</u></font></i></b></p>
    <h1><b><i><font size="1"><u>Header 1</u></font></i></b></h1>
    <p>Hola.</p>
    <p><br>
    </p>
    <p>🙂</p>
  </body>
</html>

--------------Hp43xHCkexFfWonHAfHOuOYf--
.
)
240804034607992 IMAPServer$ClientHandler.run()	INFO: < 40 OK UID FETCH completed
240804034608088 IMAPServer$ClientHandler.run()	INFO: > 41 logout
240804034608089 IMAPServer$ClientHandler.run()	INFO: < 41 OK logout completed
