240803232113254 IMAPServer$ClientHandler.run()	INFO: < * OK [CAPABILITY IMAP4rev1] IMAP Server Ready
240803232113264 IMAPServer$ClientHandler.run()	INFO: > 27 login "julio2@julio.com" "admin"
240803232113269 IMAPServer$ClientHandler.run()	INFO: < 27 OK LOGIN completed
240803232113276 IMAPServer$ClientHandler.run()	INFO: > 28 capability
240803232113278 IMAPServer$ClientHandler.run()	INFO: < 28 OK [CAPABILITY IMAP4rev1 LITERAL+ SASL-IR LOGIN-REFERRALS ID ENABLE IDLE SORT SORT=DISPLAY THREAD=REFERENCES THREAD=REFS THREAD=ORDEREDSUBJECT MULTIAPPEND URL-PARTIAL CATENATE UNSELECT CHILDREN NAMESPACE UIDPLUS LIST-EXTENDED I18NLEVEL=1 CONDSTORE QRESYNC ESEARCH ESORT SEARCHRES WITHIN CONTEXT=SEARCH LIST-STATUS BINARY MOVE NOTIFY SPECIAL-USE QUOTA]
240803232113281 IMAPServer$ClientHandler.run()	INFO: > 29 namespace
240803232113286 IMAPServer$ClientHandler.run()	INFO: < 29 OK namespace completed
240803232113287 IMAPServer$ClientHandler.run()	INFO: > 30 ID ("name" "Thunderbird" "version" "128.0.1")
240803232113288 IMAPServer$ClientHandler.run()	INFO: < 30 OK ID completed
240803232113292 IMAPServer$ClientHandler.run()	INFO: > 31 select "INBOX"
240803232113433 IMAPServer$ClientHandler.run()	INFO: < * 2 EXISTS
240803232113434 IMAPServer$ClientHandler.run()	INFO: < * 2 RECENT
240803232113436 IMAPServer$ClientHandler.run()	INFO: < * OK [UNSEEN 15] First unseen.
240803232113437 IMAPServer$ClientHandler.run()	INFO: < 31 OK [READ-WRITE] SELECT completed
240803232113438 IMAPServer$ClientHandler.run()	INFO: > 32 getquotaroot "INBOX"
240803232113438 IMAPServer$ClientHandler.run()	INFO: < 32 OK getquotaroot completed
240803232113439 IMAPServer$ClientHandler.run()	INFO: > 33 UID fetch 1:* (FLAGS)
240803232113440 IMAPServer$ClientHandler.run()	INFO:  ---------- PARTS: [33, UID, fetch, 1:*, (FLAGS)]
240803232113450 IMAPServer$ClientHandler.run()	INFO: < * 1 FETCH (UID 15 FLAGS (\Recent))
240803232113451 IMAPServer$ClientHandler.run()	INFO: < * 2 FETCH (UID 16 FLAGS (\Recent))
240803232113451 IMAPServer$ClientHandler.run()	INFO: < 33 OK FETCH completed
240803232113462 IMAPServer$ClientHandler.run()	INFO: > 34 UID fetch 15 (UID RFC822.SIZE BODY[])
240803232113463 IMAPServer$ClientHandler.run()	INFO:  ---------- PARTS: [34, UID, fetch, 15, (UID, RFC822.SIZE, BODY[])]
240803232113464 IMAPServer$ClientHandler.run()	INFO: >>>>>> mailsInfo.length: 1
240803232113473 IMAPServer$ClientHandler.run()	INFO: < * 1 FETCH (UID 15 RFC822.SIZE 422 BODY[] {422}
Message-ID: <9dee7988-5a43-423b-bd96-ebea14b2b2d2@julio.com>
Date: Sat, 3 Aug 2024 22:57:14 -0600
MIME-Version: 1.0
User-Agent: Mozilla Thunderbird
Content-Language: en-US
To: julio@julio.com, julio2@julio.com
From: Julio2 <julio2@julio.com>
Subject: NUEVO CORREO! para probar fetch
Content-Type: text/plain; charset=UTF-8; format=flowed
Content-Transfer-Encoding: 7bit

Hola JULIO y JULIO 2 YA ME FUNCIONA EL FETCH!!!

.)
240803232113475 IMAPServer$ClientHandler.run()	INFO: < 34 OK UID FETCH completed
240803232113718 IMAPServer$ClientHandler.run()	INFO: > 35 logout
240803232113719 IMAPServer$ClientHandler.run()	INFO: < 35 OK logout completed
