240803230854251 IMAPServer$ClientHandler.run()	INFO: < * OK [CAPABILITY IMAP4rev1] IMAP Server Ready
240803230854274 IMAPServer$ClientHandler.run()	INFO: > 99 login "julio@julio.com" "admin"
240803230854278 IMAPServer$ClientHandler.run()	INFO: < 99 OK LOGIN completed
240803230854280 IMAPServer$ClientHandler.run()	INFO: > 100 capability
240803230854281 IMAPServer$ClientHandler.run()	INFO: < 100 OK [CAPABILITY IMAP4rev1 LITERAL+ SASL-IR LOGIN-REFERRALS ID ENABLE IDLE SORT SORT=DISPLAY THREAD=REFERENCES THREAD=REFS THREAD=ORDEREDSUBJECT MULTIAPPEND URL-PARTIAL CATENATE UNSELECT CHILDREN NAMESPACE UIDPLUS LIST-EXTENDED I18NLEVEL=1 CONDSTORE QRESYNC ESEARCH ESORT SEARCHRES WITHIN CONTEXT=SEARCH LIST-STATUS BINARY MOVE NOTIFY SPECIAL-USE QUOTA]
240803230854283 IMAPServer$ClientHandler.run()	INFO: > 101 namespace
240803230854287 IMAPServer$ClientHandler.run()	INFO: < 101 OK namespace completed
240803230854288 IMAPServer$ClientHandler.run()	INFO: > 102 ID ("name" "Thunderbird" "version" "128.0.1")
240803230854289 IMAPServer$ClientHandler.run()	INFO: < 102 OK ID completed
240803230854294 IMAPServer$ClientHandler.run()	INFO: > 103 select "INBOX"
240803230854419 IMAPServer$ClientHandler.run()	INFO: < * 8 EXISTS
240803230854421 IMAPServer$ClientHandler.run()	INFO: < * 3 RECENT
240803230854423 IMAPServer$ClientHandler.run()	INFO: < * OK [UNSEEN 3] First unseen.
240803230854424 IMAPServer$ClientHandler.run()	INFO: < 103 OK [READ-WRITE] SELECT completed
240803230854425 IMAPServer$ClientHandler.run()	INFO: > 104 getquotaroot "INBOX"
240803230854427 IMAPServer$ClientHandler.run()	INFO: < 104 OK getquotaroot completed
240803230854432 IMAPServer$ClientHandler.run()	INFO: > 105 UID fetch 1:* (FLAGS)
240803230854433 IMAPServer$ClientHandler.run()	INFO:  ---------- PARTS: [105, UID, fetch, 1:*, (FLAGS)]
240803230854449 IMAPServer$ClientHandler.run()	INFO: < * 1 FETCH (UID 3 FLAGS ())
240803230854451 IMAPServer$ClientHandler.run()	INFO: < * 2 FETCH (UID 5 FLAGS ())
240803230854452 IMAPServer$ClientHandler.run()	INFO: < * 3 FETCH (UID 8 FLAGS ())
240803230854454 IMAPServer$ClientHandler.run()	INFO: < * 4 FETCH (UID 10 FLAGS ())
240803230854455 IMAPServer$ClientHandler.run()	INFO: < * 5 FETCH (UID 11 FLAGS ())
240803230854456 IMAPServer$ClientHandler.run()	INFO: < * 6 FETCH (UID 12 FLAGS (\Recent))
240803230854457 IMAPServer$ClientHandler.run()	INFO: < * 7 FETCH (UID 13 FLAGS (\Recent))
240803230854458 IMAPServer$ClientHandler.run()	INFO: < * 8 FETCH (UID 14 FLAGS (\Recent))
240803230854460 IMAPServer$ClientHandler.run()	INFO: < 105 OK FETCH completed
240803230854470 IMAPServer$ClientHandler.run()	INFO: > 106 UID fetch 5 (UID RFC822.SIZE BODY[])
240803230854471 IMAPServer$ClientHandler.run()	INFO:  ---------- PARTS: [106, UID, fetch, 5, (UID, RFC822.SIZE, BODY[])]
240803230854474 IMAPServer$ClientHandler.run()	INFO: >>>>>> mailsInfo.length: 1
240803230854484 IMAPServer$ClientHandler.run()	INFO: < * 1 FETCH (UID 5 FLAGS () BODY[HEADER.FIELDS (From To Cc Bcc Subject Date Message-ID Priority X-Priority References Newsgroups In-Reply-To Content-Type Reply-To)] {350}
Message-ID: <780d97b3-11aa-44bc-94d8-3a6f48f69fbc@julio.com>
Date: Wed, 31 Jul 2024 20:10:58 -0600
MIME-Version: 1.0
User-Agent: Mozilla Thunderbird
Content-Language: en-US
To: test@test.ug, julio@julio.com
From: Julio Test <julio@julio.com>
Subject: Test 1 a UG
Content-Type: text/plain; charset=UTF-8; format=flowed
Content-Transfer-Encoding: 7bit)
240803230854486 IMAPServer$ClientHandler.run()	INFO: < 106 OK UID FETCH completed
240803230854529 IMAPServer$ClientHandler.run()	INFO: > 107 logout
240803230854530 IMAPServer$ClientHandler.run()	INFO: < 107 OK logout completed
