240804032246932 IMAPServer$ClientHandler.run()	INFO: < * OK [CAPABILITY IMAP4rev1] IMAP Server Ready
240804032246948 IMAPServer$ClientHandler.run()	INFO: > 3 login "julio2@julio.com" "admin"
240804032246953 IMAPServer$ClientHandler.run()	INFO: < 3 OK LOGIN completed
240804032246958 IMAPServer$ClientHandler.run()	INFO: > 4 capability
240804032246960 IMAPServer$ClientHandler.run()	INFO: < 4 OK [CAPABILITY IMAP4rev1 LITERAL+ SASL-IR LOGIN-REFERRALS ID ENABLE IDLE SORT SORT=DISPLAY THREAD=REFERENCES THREAD=REFS THREAD=ORDEREDSUBJECT MULTIAPPEND URL-PARTIAL CATENATE UNSELECT CHILDREN NAMESPACE UIDPLUS LIST-EXTENDED I18NLEVEL=1 CONDSTORE QRESYNC ESEARCH ESORT SEARCHRES WITHIN CONTEXT=SEARCH LIST-STATUS BINARY MOVE NOTIFY SPECIAL-USE QUOTA]
240804032246961 IMAPServer$ClientHandler.run()	INFO: > 5 namespace
240804032246968 IMAPServer$ClientHandler.run()	INFO: < 5 OK namespace completed
240804032246970 IMAPServer$ClientHandler.run()	INFO: > 6 ID ("name" "Thunderbird" "version" "128.0.1")
240804032246970 IMAPServer$ClientHandler.run()	INFO: < 6 OK ID completed
240804032246979 IMAPServer$ClientHandler.run()	INFO: > 7 select "INBOX"
240804032247108 IMAPServer$ClientHandler.run()	INFO: < * 5 EXISTS
240804032247109 IMAPServer$ClientHandler.run()	INFO: < * 5 RECENT
240804032247110 IMAPServer$ClientHandler.run()	INFO: < * OK [UNSEEN 15] First unseen.
240804032247111 IMAPServer$ClientHandler.run()	INFO: < 7 OK [READ-WRITE] SELECT completed
240804032247112 IMAPServer$ClientHandler.run()	INFO: > 8 getquotaroot "INBOX"
240804032247113 IMAPServer$ClientHandler.run()	INFO: < 8 OK getquotaroot completed
240804032247114 IMAPServer$ClientHandler.run()	INFO: > 9 UID fetch 1:* (FLAGS)
240804032247124 IMAPServer$ClientHandler.run()	INFO: < * 1 FETCH (UID 15 FLAGS ( \Recent))
240804032247125 IMAPServer$ClientHandler.run()	INFO: < * 2 FETCH (UID 16 FLAGS ( \Recent))
240804032247126 IMAPServer$ClientHandler.run()	INFO: < * 3 FETCH (UID 17 FLAGS ( \Recent))
240804032247127 IMAPServer$ClientHandler.run()	INFO: < * 4 FETCH (UID 18 FLAGS ( \Recent \Seen))
240804032247127 IMAPServer$ClientHandler.run()	INFO: < * 5 FETCH (UID 25 FLAGS ( \Recent \Seen))
240804032247128 IMAPServer$ClientHandler.run()	INFO: < 9 OK FETCH completed
240804032249141 IMAPServer$ClientHandler.run()	INFO: > 10 IDLE
240804032249142 IMAPServer$ClientHandler.run()	INFO: < 10 OK IDLE completed
240804032259191 IMAPServer$ClientHandler.run()	INFO: > DONE
240804032259193 IMAPServer$ClientHandler.run()	INFO: < DONE OK completed
240804032259220 IMAPServer$ClientHandler.run()	INFO: > 12 login "julio2@julio.com" "admin"
240804032259221 IMAPServer$ClientHandler.run()	INFO: < 12 OK LOGIN completed
240804032259228 IMAPServer$ClientHandler.run()	INFO: > 13 capability
240804032259230 IMAPServer$ClientHandler.run()	INFO: < 13 OK [CAPABILITY IMAP4rev1 LITERAL+ SASL-IR LOGIN-REFERRALS ID ENABLE IDLE SORT SORT=DISPLAY THREAD=REFERENCES THREAD=REFS THREAD=ORDEREDSUBJECT MULTIAPPEND URL-PARTIAL CATENATE UNSELECT CHILDREN NAMESPACE UIDPLUS LIST-EXTENDED I18NLEVEL=1 CONDSTORE QRESYNC ESEARCH ESORT SEARCHRES WITHIN CONTEXT=SEARCH LIST-STATUS BINARY MOVE NOTIFY SPECIAL-USE QUOTA]
240804032259232 IMAPServer$ClientHandler.run()	INFO: > 14 namespace
240804032259232 IMAPServer$ClientHandler.run()	INFO: < 14 OK namespace completed
240804032259233 IMAPServer$ClientHandler.run()	INFO: > 15 ID ("name" "Thunderbird" "version" "128.0.1")
240804032259234 IMAPServer$ClientHandler.run()	INFO: < 15 OK ID completed
240804032259236 IMAPServer$ClientHandler.run()	INFO: > 16 select "INBOX"
240804032259238 IMAPServer$ClientHandler.run()	INFO: < * 5 EXISTS
240804032259239 IMAPServer$ClientHandler.run()	INFO: < * 5 RECENT
240804032259239 IMAPServer$ClientHandler.run()	INFO: < * OK [UNSEEN 15] First unseen.
240804032259240 IMAPServer$ClientHandler.run()	INFO: < 16 OK [READ-WRITE] SELECT completed
240804032259244 IMAPServer$ClientHandler.run()	INFO: > 17 getquotaroot "INBOX"
240804032259244 IMAPServer$ClientHandler.run()	INFO: < 17 OK getquotaroot completed
240804032259245 IMAPServer$ClientHandler.run()	INFO: > 18 UID fetch 1:* (FLAGS)
240804032259249 IMAPServer$ClientHandler.run()	INFO: < * 1 FETCH (UID 15 FLAGS ( \Recent))
240804032259250 IMAPServer$ClientHandler.run()	INFO: < * 2 FETCH (UID 16 FLAGS ( \Recent))
240804032259251 IMAPServer$ClientHandler.run()	INFO: < * 3 FETCH (UID 17 FLAGS ( \Recent))
240804032259251 IMAPServer$ClientHandler.run()	INFO: < * 4 FETCH (UID 18 FLAGS ( \Recent \Seen))
240804032259252 IMAPServer$ClientHandler.run()	INFO: < * 5 FETCH (UID 25 FLAGS ( \Recent \Seen))
240804032259253 IMAPServer$ClientHandler.run()	INFO: < 18 OK FETCH completed
240804032301297 IMAPServer$ClientHandler.run()	INFO: > 19 IDLE
240804032301298 IMAPServer$ClientHandler.run()	INFO: < 19 OK IDLE completed
