240804001448931 IMAPServer$ClientHandler.run()	INFO: < * OK [CAPABILITY IMAP4rev1] IMAP Server Ready
240804001448932 IMAPServer$ClientHandler.run()	INFO: > 99 login "julio2@julio.com" "admin"
240804001448933 IMAPServer$ClientHandler.run()	INFO: < 99 OK LOGIN completed
240804001448934 IMAPServer$ClientHandler.run()	INFO: > 100 capability
240804001448934 IMAPServer$ClientHandler.run()	INFO: < 100 OK [CAPABILITY IMAP4rev1 LITERAL+ SASL-IR LOGIN-REFERRALS ID ENABLE IDLE SORT SORT=DISPLAY THREAD=REFERENCES THREAD=REFS THREAD=ORDEREDSUBJECT MULTIAPPEND URL-PARTIAL CATENATE UNSELECT CHILDREN NAMESPACE UIDPLUS LIST-EXTENDED I18NLEVEL=1 CONDSTORE QRESYNC ESEARCH ESORT SEARCHRES WITHIN CONTEXT=SEARCH LIST-STATUS BINARY MOVE NOTIFY SPECIAL-USE QUOTA]
240804001448935 IMAPServer$ClientHandler.run()	INFO: > 101 namespace
240804001448935 IMAPServer$ClientHandler.run()	INFO: < 101 OK namespace completed
240804001448936 IMAPServer$ClientHandler.run()	INFO: > 102 ID ("name" "Thunderbird" "version" "128.0.1")
240804001448936 IMAPServer$ClientHandler.run()	INFO: < 102 OK ID completed
240804001448937 IMAPServer$ClientHandler.run()	INFO: > 103 select "INBOX"
240804001448940 IMAPServer$ClientHandler.run()	INFO: < * 3 EXISTS
240804001448940 IMAPServer$ClientHandler.run()	INFO: < * 3 RECENT
240804001448940 IMAPServer$ClientHandler.run()	INFO: < * OK [UNSEEN 15] First unseen.
240804001448941 IMAPServer$ClientHandler.run()	INFO: < 103 OK [READ-WRITE] SELECT completed
240804001448943 IMAPServer$ClientHandler.run()	INFO: > 104 getquotaroot "INBOX"
240804001448943 IMAPServer$ClientHandler.run()	INFO: < 104 OK getquotaroot completed
240804001448944 IMAPServer$ClientHandler.run()	INFO: > 105 UID fetch 1:* (FLAGS)
240804001448946 IMAPServer$ClientHandler.run()	INFO: < * 1 FETCH (UID 15 FLAGS (\Recent))
240804001448946 IMAPServer$ClientHandler.run()	INFO: < * 2 FETCH (UID 16 FLAGS (\Recent))
240804001448947 IMAPServer$ClientHandler.run()	INFO: < * 3 FETCH (UID 17 FLAGS (\Recent))
240804001448947 IMAPServer$ClientHandler.run()	INFO: < 105 OK FETCH completed
240804001450950 IMAPServer$ClientHandler.run()	INFO: > 106 IDLE
240804001450951 IMAPServer$ClientHandler.run()	INFO: < 106 OK IDLE completed
240804002449257 IMAPServer$ClientHandler.run()	INFO: > DONE
