240807164100160 IMAPServer$ClientHandler.run()	INFO: < * OK [CAPABILITY IMAP4rev1] IMAP Server Ready
240807164106512 IMAPServer$ClientHandler.run()	INFO: > 12 login "julio@julio.com" "admin"
240807164106513 IMAPServer$ClientHandler.run()	INFO: < 12 OK LOGIN completed
240807164106561 IMAPServer$ClientHandler.run()	INFO: > 13 capability
240807164106562 IMAPServer$ClientHandler.run()	INFO: < 13 OK [CAPABILITY IMAP4rev1 LITERAL+ SASL-IR LOGIN-REFERRALS ID ENABLE IDLE SORT SORT=DISPLAY THREAD=REFERENCES THREAD=REFS THREAD=ORDEREDSUBJECT MULTIAPPEND URL-PARTIAL CATENATE UNSELECT CHILDREN NAMESPACE UIDPLUS LIST-EXTENDED I18NLEVEL=1 CONDSTORE QRESYNC ESEARCH ESORT SEARCHRES WITHIN CONTEXT=SEARCH LIST-STATUS BINARY MOVE NOTIFY SPECIAL-USE QUOTA]
240807164106567 IMAPServer$ClientHandler.run()	INFO: > 14 namespace
240807164106568 IMAPServer$ClientHandler.run()	INFO: < 14 OK namespace completed
240807164106570 IMAPServer$ClientHandler.run()	INFO: > 15 ID ("name" "Thunderbird" "version" "128.1.0")
240807164106572 IMAPServer$ClientHandler.run()	INFO: < 15 OK ID completed
240807164106596 IMAPServer$ClientHandler.run()	INFO: > 16 select "Sent"
240807164106599 IMAPServer$ClientHandler.run()	INFO: < * 4 EXISTS
240807164106600 IMAPServer$ClientHandler.run()	INFO: < * 4 RECENT
240807164106601 IMAPServer$ClientHandler.run()	INFO: < 16 OK [READ-WRITE] SELECT completed
240807164106607 IMAPServer$ClientHandler.run()	INFO: > 17 getquotaroot "Sent"
240807164106608 IMAPServer$ClientHandler.run()	INFO: < 17 OK getquotaroot completed
240807164106625 IMAPServer$ClientHandler.run()	INFO: > 18 UID fetch 1:* (FLAGS)
240807164106628 IMAPServer$ClientHandler.run()	INFO: < * 4 FETCH (UID 4 FLAGS ( \Recent \Seen))
240807164106629 IMAPServer$ClientHandler.run()	INFO: < * 5 FETCH (UID 5 FLAGS ( \Recent))
240807164106630 IMAPServer$ClientHandler.run()	INFO: < * 6 FETCH (UID 6 FLAGS ( \Recent \Seen))
240807164106631 IMAPServer$ClientHandler.run()	INFO: < 18 OK FETCH completed
240807164106666 IMAPServer$ClientHandler.run()	INFO: > 19 UID fetch 4:6 (UID RFC822.SIZE FLAGS BODY.PEEK[HEADER.FIELDS (From To Cc Bcc Subject Date Message-ID Priority X-Priority References Newsgroups In-Reply-To Content-Type Reply-To)])
240807164106669 IMAPServer$ClientHandler.run()	INFO: < * 4 FETCH (UID 4 FLAGS ( \Recent \Seen) BODY[HEADER.FIELDS (From To Cc Bcc Subject Date Message-ID Priority X-Priority References Newsgroups In-Reply-To Content-Type Reply-To)] {334}
Content-Type: multipart/alternative;
 boundary="------------o508IDZRGajBG0WmnfcnLVsC"
Message-ID: <56dc4a45-3de2-450e-acab-7876ed387e68@julio.com>
Date: Wed, 7 Aug 2024 16:32:12 -0600
MIME-Version: 1.0
User-Agent: Mozilla Thunderbird
Content-Language: en-US
To: julio2@julio.com
From: Julio Test <julio@julio.com>
Subject: Con imagen

)
240807164106673 IMAPServer$ClientHandler.run()	INFO: < * 5 FETCH (UID 5 FLAGS ( \Recent) BODY[HEADER.FIELDS (From To Cc Bcc Subject Date Message-ID Priority X-Priority References Newsgroups In-Reply-To Content-Type Reply-To)] {342}
Message-ID: <b35fb99f-9a85-4d1f-add1-cc7cf3b342aa@julio.com>
Date: Wed, 7 Aug 2024 16:32:55 -0600
MIME-Version: 1.0
User-Agent: Mozilla Thunderbird
Content-Language: en-US
To: pablo01@pablo.com
From: Julio Test <julio@julio.com>
Subject: Este con caritas
Content-Type: text/plain; charset=UTF-8; format=flowed
Content-Transfer-Encoding: 8bit

)
240807164106677 IMAPServer$ClientHandler.run()	INFO: < * 6 FETCH (UID 6 FLAGS ( \Recent \Seen) BODY[HEADER.FIELDS (From To Cc Bcc Subject Date Message-ID Priority X-Priority References Newsgroups In-Reply-To Content-Type Reply-To)] {331}
Message-ID: <44c08b3f-65b3-4e7d-ac9c-057eeca14584@julio.com>
Date: Wed, 7 Aug 2024 16:33:22 -0600
MIME-Version: 1.0
User-Agent: Mozilla Thunderbird
Content-Language: en-US
To: pablo01@pablo.com
From: Julio Test <julio@julio.com>
Subject: Emoji
Content-Type: text/plain; charset=UTF-8; format=flowed
Content-Transfer-Encoding: 8bit

)
240807164106680 IMAPServer$ClientHandler.run()	INFO: < 19 OK UID FETCH completed
