240804014024877 IMAPServer$ClientHandler.run()	INFO: < * OK [CAPABILITY IMAP4rev1] IMAP Server Ready
240804014024878 IMAPServer$ClientHandler.run()	INFO: > 2 login "julio2@julio.com" "admin"
240804014024878 IMAPServer$ClientHandler.run()	INFO: < 2 OK LOGIN completed
240804014024879 IMAPServer$ClientHandler.run()	INFO: > 3 capability
240804014024880 IMAPServer$ClientHandler.run()	INFO: < 3 OK [CAPABILITY IMAP4rev1 LITERAL+ SASL-IR LOGIN-REFERRALS ID ENABLE IDLE SORT SORT=DISPLAY THREAD=REFERENCES THREAD=REFS THREAD=ORDEREDSUBJECT MULTIAPPEND URL-PARTIAL CATENATE UNSELECT CHILDREN NAMESPACE UIDPLUS LIST-EXTENDED I18NLEVEL=1 CONDSTORE QRESYNC ESEARCH ESORT SEARCHRES WITHIN CONTEXT=SEARCH LIST-STATUS BINARY MOVE NOTIFY SPECIAL-USE QUOTA]
240804014024880 IMAPServer$ClientHandler.run()	INFO: > 4 namespace
240804014024881 IMAPServer$ClientHandler.run()	INFO: < 4 OK namespace completed
240804014024881 IMAPServer$ClientHandler.run()	INFO: > 5 ID ("name" "Thunderbird" "version" "128.0.1")
240804014024882 IMAPServer$ClientHandler.run()	INFO: < 5 OK ID completed
240804014024883 IMAPServer$ClientHandler.run()	INFO: > 6 select "INBOX"
240804014024884 IMAPServer$ClientHandler.run()	INFO: < * 5 EXISTS
240804014024884 IMAPServer$ClientHandler.run()	INFO: < * 5 RECENT
240804014024885 IMAPServer$ClientHandler.run()	INFO: < * OK [UNSEEN 15] First unseen.
240804014024885 IMAPServer$ClientHandler.run()	INFO: < 6 OK [READ-WRITE] SELECT completed
240804014024886 IMAPServer$ClientHandler.run()	INFO: > 7 getquotaroot "INBOX"
240804014024886 IMAPServer$ClientHandler.run()	INFO: < 7 OK getquotaroot completed
240804014024887 IMAPServer$ClientHandler.run()	INFO: > 8 UID fetch 1:* (FLAGS)
240804014024888 IMAPServer$ClientHandler.run()	INFO: < * 1 FETCH (UID 15 FLAGS (\Recent))
240804014024889 IMAPServer$ClientHandler.run()	INFO: < * 2 FETCH (UID 16 FLAGS (\Recent))
240804014024889 IMAPServer$ClientHandler.run()	INFO: < * 3 FETCH (UID 17 FLAGS (\Recent))
240804014024889 IMAPServer$ClientHandler.run()	INFO: < * 4 FETCH (UID 18 FLAGS (\Recent))
240804014024890 IMAPServer$ClientHandler.run()	INFO: < * 5 FETCH (UID 25 FLAGS (\Recent))
240804014024890 IMAPServer$ClientHandler.run()	INFO: < 8 OK FETCH completed
240804014026893 IMAPServer$ClientHandler.run()	INFO: > 9 IDLE
240804014026893 IMAPServer$ClientHandler.run()	INFO: < 9 OK IDLE completed
240804015024908 IMAPServer$ClientHandler.run()	INFO: > DONE
