240804003449251 IMAPServer$ClientHandler.run()	INFO: < * OK [CAPABILITY IMAP4rev1] IMAP Server Ready
240804003449273 IMAPServer$ClientHandler.run()	INFO: > 97 login "julio@julio.com" "admin"
240804003449274 IMAPServer$ClientHandler.run()	INFO: < 97 OK LOGIN completed
240804003449281 IMAPServer$ClientHandler.run()	INFO: > 98 capability
240804003449282 IMAPServer$ClientHandler.run()	INFO: < 98 OK [CAPABILITY IMAP4rev1 LITERAL+ SASL-IR LOGIN-REFERRALS ID ENABLE IDLE SORT SORT=DISPLAY THREAD=REFERENCES THREAD=REFS THREAD=ORDEREDSUBJECT MULTIAPPEND URL-PARTIAL CATENATE UNSELECT CHILDREN NAMESPACE UIDPLUS LIST-EXTENDED I18NLEVEL=1 CONDSTORE QRESYNC ESEARCH ESORT SEARCHRES WITHIN CONTEXT=SEARCH LIST-STATUS BINARY MOVE NOTIFY SPECIAL-USE QUOTA]
240804003449295 IMAPServer$ClientHandler.run()	INFO: > 99 namespace
240804003449297 IMAPServer$ClientHandler.run()	INFO: < 99 OK namespace completed
240804003449298 IMAPServer$ClientHandler.run()	INFO: > 100 ID ("name" "Thunderbird" "version" "128.0.1")
240804003449299 IMAPServer$ClientHandler.run()	INFO: < 100 OK ID completed
240804003449300 IMAPServer$ClientHandler.run()	INFO: > 101 select "INBOX"
240804003449304 IMAPServer$ClientHandler.run()	INFO: < * 8 EXISTS
240804003449305 IMAPServer$ClientHandler.run()	INFO: < * 3 RECENT
240804003449306 IMAPServer$ClientHandler.run()	INFO: < * OK [UNSEEN 3] First unseen.
240804003449306 IMAPServer$ClientHandler.run()	INFO: < 101 OK [READ-WRITE] SELECT completed
240804003449308 IMAPServer$ClientHandler.run()	INFO: > 102 getquotaroot "INBOX"
240804003449309 IMAPServer$ClientHandler.run()	INFO: < 102 OK getquotaroot completed
240804003449311 IMAPServer$ClientHandler.run()	INFO: > 103 UID fetch 1:* (FLAGS)
240804003449313 IMAPServer$ClientHandler.run()	INFO: < * 1 FETCH (UID 3 FLAGS ())
240804003449314 IMAPServer$ClientHandler.run()	INFO: < * 2 FETCH (UID 5 FLAGS ())
240804003449315 IMAPServer$ClientHandler.run()	INFO: < * 3 FETCH (UID 8 FLAGS ())
240804003449316 IMAPServer$ClientHandler.run()	INFO: < * 4 FETCH (UID 10 FLAGS ())
240804003449317 IMAPServer$ClientHandler.run()	INFO: < * 5 FETCH (UID 11 FLAGS ())
240804003449318 IMAPServer$ClientHandler.run()	INFO: < * 6 FETCH (UID 12 FLAGS (\Recent))
240804003449319 IMAPServer$ClientHandler.run()	INFO: < * 7 FETCH (UID 13 FLAGS (\Recent))
240804003449319 IMAPServer$ClientHandler.run()	INFO: < * 8 FETCH (UID 14 FLAGS (\Recent))
240804003449320 IMAPServer$ClientHandler.run()	INFO: < 103 OK FETCH completed
240804003451328 IMAPServer$ClientHandler.run()	INFO: > 104 IDLE
240804003451330 IMAPServer$ClientHandler.run()	INFO: < 104 OK IDLE completed
240804003743258 IMAPServer$ClientHandler.run()	INFO: > DONE
