240803235721566 IMAPServer$ClientHandler.run()	INFO: < * OK [CAPABILITY IMAP4rev1] IMAP Server Ready
240803235721569 IMAPServer$ClientHandler.run()	INFO: > 81 login "julio2@julio.com" "admin"
240803235721570 IMAPServer$ClientHandler.run()	INFO: < 81 OK LOGIN completed
240803235721571 IMAPServer$ClientHandler.run()	INFO: > 82 capability
240803235721571 IMAPServer$ClientHandler.run()	INFO: < 82 OK [CAPABILITY IMAP4rev1 LITERAL+ SASL-IR LOGIN-REFERRALS ID ENABLE IDLE SORT SORT=DISPLAY THREAD=REFERENCES THREAD=REFS THREAD=ORDEREDSUBJECT MULTIAPPEND URL-PARTIAL CATENATE UNSELECT CHILDREN NAMESPACE UIDPLUS LIST-EXTENDED I18NLEVEL=1 CONDSTORE QRESYNC ESEARCH ESORT SEARCHRES WITHIN CONTEXT=SEARCH LIST-STATUS BINARY MOVE NOTIFY SPECIAL-USE QUOTA]
240803235721571 IMAPServer$ClientHandler.run()	INFO: > 83 namespace
240803235721572 IMAPServer$ClientHandler.run()	INFO: < 83 OK namespace completed
240803235721572 IMAPServer$ClientHandler.run()	INFO: > 84 ID ("name" "Thunderbird" "version" "128.0.1")
240803235721573 IMAPServer$ClientHandler.run()	INFO: < 84 OK ID completed
240803235721573 IMAPServer$ClientHandler.run()	INFO: > 85 select "INBOX"
240803235721575 IMAPServer$ClientHandler.run()	INFO: < * 3 EXISTS
240803235721576 IMAPServer$ClientHandler.run()	INFO: < * 3 RECENT
240803235721576 IMAPServer$ClientHandler.run()	INFO: < * OK [UNSEEN 15] First unseen.
240803235721576 IMAPServer$ClientHandler.run()	INFO: < 85 OK [READ-WRITE] SELECT completed
240803235721577 IMAPServer$ClientHandler.run()	INFO: > 86 getquotaroot "INBOX"
240803235721577 IMAPServer$ClientHandler.run()	INFO: < 86 OK getquotaroot completed
240803235721578 IMAPServer$ClientHandler.run()	INFO: > 87 UID fetch 1:* (FLAGS)
240803235721579 IMAPServer$ClientHandler.run()	INFO: < * 1 FETCH (UID 15 FLAGS (\Recent))
240803235721580 IMAPServer$ClientHandler.run()	INFO: < * 2 FETCH (UID 16 FLAGS (\Recent))
240803235721580 IMAPServer$ClientHandler.run()	INFO: < * 3 FETCH (UID 17 FLAGS (\Recent))
240803235721580 IMAPServer$ClientHandler.run()	INFO: < 87 OK FETCH completed
240803235721581 IMAPServer$ClientHandler.run()	INFO: > 88 UID fetch 16:17 (UID RFC822.SIZE FLAGS BODY.PEEK[HEADER.FIELDS (From To Cc Bcc Subject Date Message-ID Priority X-Priority References Newsgroups In-Reply-To Content-Type Reply-To)])
240803235721582 IMAPServer$ClientHandler.run()	INFO: < * 1 FETCH (UID 16 FLAGS (\Recent) BODY[HEADER.FIELDS (From To Cc Bcc Subject Date Message-ID Priority X-Priority References Newsgroups In-Reply-To Content-Type Reply-To)] {372}
Message-ID: <a6d15232-6c34-49c8-b494-e41b028969a9@julio.com>
Date: Sat, 3 Aug 2024 23:09:53 -0600
MIME-Version: 1.0
User-Agent: Mozilla Thunderbird
Content-Language: en-US
To: julio2@julio.com
From: Julio Test <julio@julio.com>
Subject: =?UTF-8?Q?Mensaje_=C3=BAnicamente_para_Julio2?=
Content-Type: text/plain; charset=UTF-8; format=flowed
Content-Transfer-Encoding: 7bit)
240803235721583 IMAPServer$ClientHandler.run()	INFO: < * 2 FETCH (UID 17 FLAGS (\Recent) BODY[HEADER.FIELDS (From To Cc Bcc Subject Date Message-ID Priority X-Priority References Newsgroups In-Reply-To Content-Type Reply-To)] {335}
Message-ID: <aecb9852-da52-421c-96e9-ee079b6eb6c8@julio.com>
Date: Sat, 3 Aug 2024 23:45:44 -0600
MIME-Version: 1.0
User-Agent: Mozilla Thunderbird
Content-Language: en-US
To: julio2@julio.com
From: Julio Test <julio@julio.com>
Subject: Hola nuevo
Content-Type: text/plain; charset=UTF-8; format=flowed
Content-Transfer-Encoding: 7bit)
240803235721585 IMAPServer$ClientHandler.run()	INFO: < 88 OK UID FETCH completed
240803235722186 IMAPServer$ClientHandler.run()	INFO: > 89 logout
240803235722187 IMAPServer$ClientHandler.run()	INFO: < 89 OK logout completed
