240803231643564 IMAPServer$ClientHandler.run()	INFO: < * OK [CAPABILITY IMAP4rev1] IMAP Server Ready
240803231643577 IMAPServer$ClientHandler.run()	INFO: > 86 login "julio2@julio.com" "admin"
240803231643583 IMAPServer$ClientHandler.run()	INFO: < 86 OK LOGIN completed
240803231643585 IMAPServer$ClientHandler.run()	INFO: > 87 capability
240803231643587 IMAPServer$ClientHandler.run()	INFO: < 87 OK [CAPABILITY IMAP4rev1 LITERAL+ SASL-IR LOGIN-REFERRALS ID ENABLE IDLE SORT SORT=DISPLAY THREAD=REFERENCES THREAD=REFS THREAD=ORDEREDSUBJECT MULTIAPPEND URL-PARTIAL CATENATE UNSELECT CHILDREN NAMESPACE UIDPLUS LIST-EXTENDED I18NLEVEL=1 CONDSTORE QRESYNC ESEARCH ESORT SEARCHRES WITHIN CONTEXT=SEARCH LIST-STATUS BINARY MOVE NOTIFY SPECIAL-USE QUOTA]
240803231643589 IMAPServer$ClientHandler.run()	INFO: > 88 namespace
240803231643595 IMAPServer$ClientHandler.run()	INFO: < 88 OK namespace completed
240803231643597 IMAPServer$ClientHandler.run()	INFO: > 89 ID ("name" "Thunderbird" "version" "128.0.1")
240803231643598 IMAPServer$ClientHandler.run()	INFO: < 89 OK ID completed
240803231643600 IMAPServer$ClientHandler.run()	INFO: > 90 select "INBOX"
240803231643762 IMAPServer$ClientHandler.run()	INFO: < * 2 EXISTS
240803231643763 IMAPServer$ClientHandler.run()	INFO: < * 2 RECENT
240803231643765 IMAPServer$ClientHandler.run()	INFO: < * OK [UNSEEN 15] First unseen.
240803231643766 IMAPServer$ClientHandler.run()	INFO: < 90 OK [READ-WRITE] SELECT completed
240803231643785 IMAPServer$ClientHandler.run()	INFO: > 91 getquotaroot "INBOX"
240803231643786 IMAPServer$ClientHandler.run()	INFO: < 91 OK getquotaroot completed
240803231643791 IMAPServer$ClientHandler.run()	INFO: > 92 UID fetch 1:* (FLAGS)
240803231643792 IMAPServer$ClientHandler.run()	INFO:  ---------- PARTS: [92, UID, fetch, 1:*, (FLAGS)]
240803231643803 IMAPServer$ClientHandler.run()	INFO: < * 1 FETCH (UID 15 FLAGS (\Recent))
240803231643805 IMAPServer$ClientHandler.run()	INFO: < * 2 FETCH (UID 16 FLAGS (\Recent))
240803231643807 IMAPServer$ClientHandler.run()	INFO: < 92 OK FETCH completed
240803231643815 IMAPServer$ClientHandler.run()	INFO: > 93 UID fetch 15 (UID RFC822.SIZE BODY[])
240803231643817 IMAPServer$ClientHandler.run()	INFO:  ---------- PARTS: [93, UID, fetch, 15, (UID, RFC822.SIZE, BODY[])]
240803231643820 IMAPServer$ClientHandler.run()	INFO: >>>>>> mailsInfo.length: 1
240803231643835 IMAPServer$ClientHandler.run()	INFO: < * 1 FETCH (UID 15 FLAGS (\Recent) BODY[HEADER.FIELDS (From To Cc Bcc Subject Date Message-ID Priority X-Priority References Newsgroups In-Reply-To Content-Type Reply-To)] {370}
Message-ID: <9dee7988-5a43-423b-bd96-ebea14b2b2d2@julio.com>
Date: Sat, 3 Aug 2024 22:57:14 -0600
MIME-Version: 1.0
User-Agent: Mozilla Thunderbird
Content-Language: en-US
To: julio@julio.com, julio2@julio.com
From: Julio2 <julio2@julio.com>
Subject: NUEVO CORREO! para probar fetch
Content-Type: text/plain; charset=UTF-8; format=flowed
Content-Transfer-Encoding: 7bit)
240803231643838 IMAPServer$ClientHandler.run()	INFO: < 93 OK UID FETCH completed
240803231643969 IMAPServer$ClientHandler.run()	INFO: > 94 logout
240803231643970 IMAPServer$ClientHandler.run()	INFO: < 94 OK logout completed
