240806162122887 IMAPServer$ClientHandler.run()	INFO: < * OK [CAPABILITY IMAP4rev1] IMAP Server Ready
240806162122897 IMAPServer$ClientHandler.run()	INFO: > 24 login "julio@julio.com" "admin"
240806162122900 IMAPServer$ClientHandler.run()	INFO: < 24 OK LOGIN completed
240806162122901 IMAPServer$ClientHandler.run()	INFO: > 25 capability
240806162122902 IMAPServer$ClientHandler.run()	INFO: < 25 OK [CAPABILITY IMAP4rev1 LITERAL+ SASL-IR LOGIN-REFERRALS ID ENABLE IDLE SORT SORT=DISPLAY THREAD=REFERENCES THREAD=REFS THREAD=ORDEREDSUBJECT MULTIAPPEND URL-PARTIAL CATENATE UNSELECT CHILDREN NAMESPACE UIDPLUS LIST-EXTENDED I18NLEVEL=1 CONDSTORE QRESYNC ESEARCH ESORT SEARCHRES WITHIN CONTEXT=SEARCH LIST-STATUS BINARY MOVE NOTIFY SPECIAL-USE QUOTA]
240806162122903 IMAPServer$ClientHandler.run()	INFO: > 26 namespace
240806162122910 IMAPServer$ClientHandler.run()	INFO: < 26 OK namespace completed
240806162122911 IMAPServer$ClientHandler.run()	INFO: > 27 ID ("name" "Thunderbird" "version" "128.0.1")
240806162122912 IMAPServer$ClientHandler.run()	INFO: < 27 OK ID completed
240806162122914 IMAPServer$ClientHandler.run()	INFO: > 28 select "Sent"
240806162123045 IMAPServer$ClientHandler.run()	INFO: < * 48 EXISTS
240806162123046 IMAPServer$ClientHandler.run()	INFO: < * 12 RECENT
240806162123047 IMAPServer$ClientHandler.run()	INFO: < 28 OK [READ-WRITE] SELECT completed
240806162123048 IMAPServer$ClientHandler.run()	INFO: > 29 getquotaroot "Sent"
240806162123048 IMAPServer$ClientHandler.run()	INFO: < 29 OK getquotaroot completed
240806162123049 IMAPServer$ClientHandler.run()	INFO: > 30 UID fetch 1:* (FLAGS)
240806162123055 IMAPServer$ClientHandler.run()	INFO: < * 2 FETCH (UID 2 FLAGS ())
240806162123057 IMAPServer$ClientHandler.run()	INFO: < * 3 FETCH (UID 3 FLAGS ())
240806162123057 IMAPServer$ClientHandler.run()	INFO: < * 4 FETCH (UID 4 FLAGS ())
240806162123058 IMAPServer$ClientHandler.run()	INFO: < * 5 FETCH (UID 5 FLAGS ())
240806162123059 IMAPServer$ClientHandler.run()	INFO: < * 6 FETCH (UID 6 FLAGS ())
240806162123060 IMAPServer$ClientHandler.run()	INFO: < * 7 FETCH (UID 7 FLAGS ())
240806162123060 IMAPServer$ClientHandler.run()	INFO: < * 8 FETCH (UID 8 FLAGS ())
240806162123061 IMAPServer$ClientHandler.run()	INFO: < * 9 FETCH (UID 9 FLAGS ())
240806162123061 IMAPServer$ClientHandler.run()	INFO: < * 10 FETCH (UID 10 FLAGS ())
240806162123062 IMAPServer$ClientHandler.run()	INFO: < * 11 FETCH (UID 11 FLAGS ())
240806162123062 IMAPServer$ClientHandler.run()	INFO: < * 12 FETCH (UID 12 FLAGS ())
240806162123063 IMAPServer$ClientHandler.run()	INFO: < * 13 FETCH (UID 13 FLAGS ( \Seen))
240806162123064 IMAPServer$ClientHandler.run()	INFO: < * 14 FETCH (UID 14 FLAGS ( \Seen))
240806162123064 IMAPServer$ClientHandler.run()	INFO: < * 15 FETCH (UID 15 FLAGS ())
240806162123066 IMAPServer$ClientHandler.run()	INFO: < * 16 FETCH (UID 16 FLAGS ())
240806162123066 IMAPServer$ClientHandler.run()	INFO: < * 17 FETCH (UID 17 FLAGS ())
240806162123067 IMAPServer$ClientHandler.run()	INFO: < * 18 FETCH (UID 18 FLAGS ( \Seen))
240806162123067 IMAPServer$ClientHandler.run()	INFO: < * 19 FETCH (UID 19 FLAGS ( \Seen))
240806162123067 IMAPServer$ClientHandler.run()	INFO: < * 20 FETCH (UID 20 FLAGS ())
240806162123068 IMAPServer$ClientHandler.run()	INFO: < * 21 FETCH (UID 21 FLAGS ())
240806162123068 IMAPServer$ClientHandler.run()	INFO: < * 22 FETCH (UID 22 FLAGS ())
240806162123069 IMAPServer$ClientHandler.run()	INFO: < * 23 FETCH (UID 23 FLAGS ())
240806162123069 IMAPServer$ClientHandler.run()	INFO: < * 24 FETCH (UID 24 FLAGS ())
240806162123070 IMAPServer$ClientHandler.run()	INFO: < * 25 FETCH (UID 25 FLAGS ( \Seen))
240806162123071 IMAPServer$ClientHandler.run()	INFO: < * 34 FETCH (UID 34 FLAGS ())
240806162123072 IMAPServer$ClientHandler.run()	INFO: < * 37 FETCH (UID 37 FLAGS ())
240806162123074 IMAPServer$ClientHandler.run()	INFO: < * 38 FETCH (UID 38 FLAGS ())
240806162123075 IMAPServer$ClientHandler.run()	INFO: < * 39 FETCH (UID 39 FLAGS ())
240806162123076 IMAPServer$ClientHandler.run()	INFO: < * 40 FETCH (UID 40 FLAGS ())
240806162123077 IMAPServer$ClientHandler.run()	INFO: < * 41 FETCH (UID 41 FLAGS ())
240806162123078 IMAPServer$ClientHandler.run()	INFO: < * 42 FETCH (UID 42 FLAGS ())
240806162123079 IMAPServer$ClientHandler.run()	INFO: < * 43 FETCH (UID 43 FLAGS ())
240806162123080 IMAPServer$ClientHandler.run()	INFO: < * 44 FETCH (UID 44 FLAGS ())
240806162123081 IMAPServer$ClientHandler.run()	INFO: < * 45 FETCH (UID 45 FLAGS ())
240806162123082 IMAPServer$ClientHandler.run()	INFO: < * 46 FETCH (UID 46 FLAGS ())
240806162123082 IMAPServer$ClientHandler.run()	INFO: < * 47 FETCH (UID 47 FLAGS ())
240806162123083 IMAPServer$ClientHandler.run()	INFO: < * 48 FETCH (UID 48 FLAGS ())
240806162123083 IMAPServer$ClientHandler.run()	INFO: < * 50 FETCH (UID 50 FLAGS ())
240806162123084 IMAPServer$ClientHandler.run()	INFO: < * 52 FETCH (UID 52 FLAGS ())
240806162123084 IMAPServer$ClientHandler.run()	INFO: < * 56 FETCH (UID 56 FLAGS ())
240806162123085 IMAPServer$ClientHandler.run()	INFO: < * 57 FETCH (UID 57 FLAGS ())
240806162123085 IMAPServer$ClientHandler.run()	INFO: < * 58 FETCH (UID 58 FLAGS ())
240806162123085 IMAPServer$ClientHandler.run()	INFO: < * 60 FETCH (UID 60 FLAGS ())
240806162123086 IMAPServer$ClientHandler.run()	INFO: < * 61 FETCH (UID 61 FLAGS ())
240806162123087 IMAPServer$ClientHandler.run()	INFO: < * 62 FETCH (UID 62 FLAGS ( \Seen))
240806162123088 IMAPServer$ClientHandler.run()	INFO: < * 63 FETCH (UID 63 FLAGS ())
240806162123089 IMAPServer$ClientHandler.run()	INFO: < * 68 FETCH (UID 68 FLAGS ())
240806162123091 IMAPServer$ClientHandler.run()	INFO: < 30 OK FETCH completed
240806162123097 IMAPServer$ClientHandler.run()	INFO: > 31 UID fetch 2 (UID RFC822.SIZE FLAGS BODY.PEEK[HEADER.FIELDS (From To Cc Bcc Subject Date Message-ID Priority X-Priority References Newsgroups In-Reply-To Content-Type Reply-To)])
240806162123103 IMAPServer$ClientHandler.run()	INFO: ME PIDIERON EL CORREO 2
240806162123106 IMAPServer$ClientHandler.run()	INFO: OBTUVE EL CORREO {id=2, body=
Message-ID: <02696520-d721-458c-b0c6-9f5fa555a3f5@julio.com>
Date: Wed, 31 Jul 2024 17:40:01 -0600
MIME-Version: 1.0
User-Agent: Mozilla Thunderbird
Content-Language: en-US
To: test@test.ug, julio@julio.com
From: Julio Test <julio@julio.com>
Subject: Test 1 a UG
Content-Type: text/plain; charset=UTF-8; format=flowed
Content-Transfer-Encoding: 8bit

Prueba de envío


aaa


bb


., recent=0, seen=0}
240806162123117 IMAPServer$ClientHandler.run()	INFO: < * 2 FETCH (UID 2 FLAGS () BODY[HEADER.FIELDS (From To Cc Bcc Subject Date Message-ID Priority X-Priority References Newsgroups In-Reply-To Content-Type Reply-To)] {350}
Message-ID: <02696520-d721-458c-b0c6-9f5fa555a3f5@julio.com>
Date: Wed, 31 Jul 2024 17:40:01 -0600
MIME-Version: 1.0
User-Agent: Mozilla Thunderbird
Content-Language: en-US
To: test@test.ug, julio@julio.com
From: Julio Test <julio@julio.com>
Subject: Test 1 a UG
Content-Type: text/plain; charset=UTF-8; format=flowed
Content-Transfer-Encoding: 8bit

)
240806162123119 IMAPServer$ClientHandler.run()	INFO: < 31 OK UID FETCH completed
240806162123162 IMAPServer$ClientHandler.run()	INFO: > 32 logout
240806162123163 IMAPServer$ClientHandler.run()	INFO: < 32 OK logout completed
