240804034004136 IMAPServer$ClientHandler.run()	INFO: < * OK [CAPABILITY IMAP4rev1] IMAP Server Ready
240804034004137 IMAPServer$ClientHandler.run()	INFO: > 96 login "julio@julio.com" "admin"
240804034004138 IMAPServer$ClientHandler.run()	INFO: < 96 OK LOGIN completed
240804034004156 IMAPServer$ClientHandler.run()	INFO: > 97 capability
240804034004157 IMAPServer$ClientHandler.run()	INFO: < 97 OK [CAPABILITY IMAP4rev1 LITERAL+ SASL-IR LOGIN-REFERRALS ID ENABLE IDLE SORT SORT=DISPLAY THREAD=REFERENCES THREAD=REFS THREAD=ORDEREDSUBJECT MULTIAPPEND URL-PARTIAL CATENATE UNSELECT CHILDREN NAMESPACE UIDPLUS LIST-EXTENDED I18NLEVEL=1 CONDSTORE QRESYNC ESEARCH ESORT SEARCHRES WITHIN CONTEXT=SEARCH LIST-STATUS BINARY MOVE NOTIFY SPECIAL-USE QUOTA]
240804034004173 IMAPServer$ClientHandler.run()	INFO: > 98 namespace
240804034004174 IMAPServer$ClientHandler.run()	INFO: < 98 OK namespace completed
240804034004176 IMAPServer$ClientHandler.run()	INFO: > 99 ID ("name" "Thunderbird" "version" "128.0.1")
240804034004177 IMAPServer$ClientHandler.run()	INFO: < 99 OK ID completed
240804034004180 IMAPServer$ClientHandler.run()	INFO: > 100 select "INBOX"
240804034004184 IMAPServer$ClientHandler.run()	INFO: < * 22 EXISTS
240804034004185 IMAPServer$ClientHandler.run()	INFO: < * 17 RECENT
240804034004186 IMAPServer$ClientHandler.run()	INFO: < * OK [UNSEEN 3] First unseen.
240804034004187 IMAPServer$ClientHandler.run()	INFO: < 100 OK [READ-WRITE] SELECT completed
240804034004189 IMAPServer$ClientHandler.run()	INFO: > 101 getquotaroot "INBOX"
240804034004190 IMAPServer$ClientHandler.run()	INFO: < 101 OK getquotaroot completed
240804034004194 IMAPServer$ClientHandler.run()	INFO: > 102 UID fetch 1:* (FLAGS)
240804034004197 IMAPServer$ClientHandler.run()	INFO: < * 1 FETCH (UID 3 FLAGS ())
240804034004198 IMAPServer$ClientHandler.run()	INFO: < * 2 FETCH (UID 5 FLAGS ())
240804034004199 IMAPServer$ClientHandler.run()	INFO: < * 3 FETCH (UID 8 FLAGS ())
240804034004200 IMAPServer$ClientHandler.run()	INFO: < * 4 FETCH (UID 10 FLAGS ())
240804034004200 IMAPServer$ClientHandler.run()	INFO: < * 5 FETCH (UID 11 FLAGS ())
240804034004201 IMAPServer$ClientHandler.run()	INFO: < * 6 FETCH (UID 12 FLAGS ( \Recent))
240804034004202 IMAPServer$ClientHandler.run()	INFO: < * 7 FETCH (UID 13 FLAGS ( \Recent \Seen))
240804034004204 IMAPServer$ClientHandler.run()	INFO: < * 8 FETCH (UID 14 FLAGS ( \Recent \Seen))
240804034004204 IMAPServer$ClientHandler.run()	INFO: < * 9 FETCH (UID 19 FLAGS ( \Recent \Seen))
240804034004205 IMAPServer$ClientHandler.run()	INFO: < * 10 FETCH (UID 20 FLAGS ( \Recent))
240804034004206 IMAPServer$ClientHandler.run()	INFO: < * 11 FETCH (UID 21 FLAGS ( \Recent))
240804034004206 IMAPServer$ClientHandler.run()	INFO: < * 12 FETCH (UID 22 FLAGS ( \Recent))
240804034004207 IMAPServer$ClientHandler.run()	INFO: < * 13 FETCH (UID 23 FLAGS ( \Recent))
240804034004207 IMAPServer$ClientHandler.run()	INFO: < * 14 FETCH (UID 24 FLAGS ( \Recent))
240804034004208 IMAPServer$ClientHandler.run()	INFO: < * 15 FETCH (UID 26 FLAGS ( \Recent \Seen))
240804034004209 IMAPServer$ClientHandler.run()	INFO: < * 16 FETCH (UID 27 FLAGS ( \Recent))
240804034004210 IMAPServer$ClientHandler.run()	INFO: < * 17 FETCH (UID 28 FLAGS ( \Recent))
240804034004211 IMAPServer$ClientHandler.run()	INFO: < * 18 FETCH (UID 29 FLAGS ( \Recent))
240804034004211 IMAPServer$ClientHandler.run()	INFO: < * 19 FETCH (UID 30 FLAGS ( \Recent))
240804034004212 IMAPServer$ClientHandler.run()	INFO: < * 20 FETCH (UID 31 FLAGS ( \Recent))
240804034004213 IMAPServer$ClientHandler.run()	INFO: < * 21 FETCH (UID 32 FLAGS ( \Recent))
240804034004214 IMAPServer$ClientHandler.run()	INFO: < * 22 FETCH (UID 33 FLAGS ( \Recent))
240804034004215 IMAPServer$ClientHandler.run()	INFO: < 102 OK FETCH completed
240804034004248 IMAPServer$ClientHandler.run()	INFO: > 103 UID fetch 20 (UID RFC822.SIZE BODY[])
240804034004254 IMAPServer$ClientHandler.run()	INFO: < * 1 FETCH (UID 20 RFC822.SIZE 385 BODY[] {385}
Message-ID: <625a55e7-a12c-4f54-b806-dd4bc562c731@julio.com>
Date: Sun, 4 Aug 2024 00:40:40 -0600
MIME-Version: 1.0
User-Agent: Mozilla Thunderbird
Content-Language: en-US
To: julio@julio.com
From: Julio Test <julio@julio.com>
Subject: Test 3
Content-Type: text/plain; charset=UTF-8; format=flowed
Content-Transfer-Encoding: 8bit

Me voy a mandar un montón de correos sin recargar.

.
)
240804034004257 IMAPServer$ClientHandler.run()	INFO: < 103 OK UID FETCH completed
240804034004433 IMAPServer$ClientHandler.run()	INFO: > 104 logout
240804034004434 IMAPServer$ClientHandler.run()	INFO: < 104 OK logout completed
