240804000514171 IMAPServer$ClientHandler.run()	INFO: < * OK [CAPABILITY IMAP4rev1] IMAP Server Ready
240804000514174 IMAPServer$ClientHandler.run()	INFO: > 91 login "julio@julio.com" "admin"
240804000514175 IMAPServer$ClientHandler.run()	INFO: < 91 OK LOGIN completed
240804000514177 IMAPServer$ClientHandler.run()	INFO: > 92 capability
240804000514178 IMAPServer$ClientHandler.run()	INFO: < 92 OK [CAPABILITY IMAP4rev1 LITERAL+ SASL-IR LOGIN-REFERRALS ID ENABLE IDLE SORT SORT=DISPLAY THREAD=REFERENCES THREAD=REFS THREAD=ORDEREDSUBJECT MULTIAPPEND URL-PARTIAL CATENATE UNSELECT CHILDREN NAMESPACE UIDPLUS LIST-EXTENDED I18NLEVEL=1 CONDSTORE QRESYNC ESEARCH ESORT SEARCHRES WITHIN CONTEXT=SEARCH LIST-STATUS BINARY MOVE NOTIFY SPECIAL-USE QUOTA]
240804000514179 IMAPServer$ClientHandler.run()	INFO: > 93 namespace
240804000514180 IMAPServer$ClientHandler.run()	INFO: < 93 OK namespace completed
240804000514181 IMAPServer$ClientHandler.run()	INFO: > 94 ID ("name" "Thunderbird" "version" "128.0.1")
240804000514181 IMAPServer$ClientHandler.run()	INFO: < 94 OK ID completed
240804000514186 IMAPServer$ClientHandler.run()	INFO: > 95 select "INBOX"
240804000514189 IMAPServer$ClientHandler.run()	INFO: < * 8 EXISTS
240804000514190 IMAPServer$ClientHandler.run()	INFO: < * 3 RECENT
240804000514190 IMAPServer$ClientHandler.run()	INFO: < * OK [UNSEEN 3] First unseen.
240804000514191 IMAPServer$ClientHandler.run()	INFO: < 95 OK [READ-WRITE] SELECT completed
240804000514192 IMAPServer$ClientHandler.run()	INFO: > 96 getquotaroot "INBOX"
240804000514192 IMAPServer$ClientHandler.run()	INFO: < 96 OK getquotaroot completed
240804000514195 IMAPServer$ClientHandler.run()	INFO: > 97 UID fetch 1:* (FLAGS)
240804000514197 IMAPServer$ClientHandler.run()	INFO: < * 1 FETCH (UID 3 FLAGS ())
240804000514198 IMAPServer$ClientHandler.run()	INFO: < * 2 FETCH (UID 5 FLAGS ())
240804000514199 IMAPServer$ClientHandler.run()	INFO: < * 3 FETCH (UID 8 FLAGS ())
240804000514200 IMAPServer$ClientHandler.run()	INFO: < * 4 FETCH (UID 10 FLAGS ())
240804000514200 IMAPServer$ClientHandler.run()	INFO: < * 5 FETCH (UID 11 FLAGS ())
240804000514201 IMAPServer$ClientHandler.run()	INFO: < * 6 FETCH (UID 12 FLAGS (\Recent))
240804000514202 IMAPServer$ClientHandler.run()	INFO: < * 7 FETCH (UID 13 FLAGS (\Recent))
240804000514202 IMAPServer$ClientHandler.run()	INFO: < * 8 FETCH (UID 14 FLAGS (\Recent))
240804000514203 IMAPServer$ClientHandler.run()	INFO: < 97 OK FETCH completed
240804000514207 IMAPServer$ClientHandler.run()	INFO: > 98 UID fetch 3 (UID RFC822.SIZE FLAGS BODY.PEEK[HEADER.FIELDS (From To Cc Bcc Subject Date Message-ID Priority X-Priority References Newsgroups In-Reply-To Content-Type Reply-To)])
240804000514209 IMAPServer$ClientHandler.run()	INFO: < * 1 FETCH (UID 3 FLAGS () BODY[HEADER.FIELDS (From To Cc Bcc Subject Date Message-ID Priority X-Priority References Newsgroups In-Reply-To Content-Type Reply-To)] {350}
Message-ID: <02696520-d721-458c-b0c6-9f5fa555a3f5@julio.com>
Date: Wed, 31 Jul 2024 17:40:01 -0600
MIME-Version: 1.0
User-Agent: Mozilla Thunderbird
Content-Language: en-US
To: test@test.ug, julio@julio.com
From: Julio Test <julio@julio.com>
Subject: Test 1 a UG
Content-Type: text/plain; charset=UTF-8; format=flowed
Content-Transfer-Encoding: 8bit
)
240804000514211 IMAPServer$ClientHandler.run()	INFO: < 98 OK UID FETCH completed
240804000516244 IMAPServer$ClientHandler.run()	INFO: > 99 IDLE
240804000516245 IMAPServer$ClientHandler.run()	INFO: < 99 OK IDLE completed
240804000517352 IMAPServer$ClientHandler.run()	INFO: > DONE
