240803232706018 IMAPServer$ClientHandler.run()	INFO: < * OK [CAPABILITY IMAP4rev1] IMAP Server Ready
240803232706019 IMAPServer$ClientHandler.run()	INFO: > 32 login "julio2@julio.com" "admin"
240803232706020 IMAPServer$ClientHandler.run()	INFO: < 32 OK LOGIN completed
240803232706021 IMAPServer$ClientHandler.run()	INFO: > 33 capability
240803232706023 IMAPServer$ClientHandler.run()	INFO: < 33 OK [CAPABILITY IMAP4rev1 LITERAL+ SASL-IR LOGIN-REFERRALS ID ENABLE IDLE SORT SORT=DISPLAY THREAD=REFERENCES THREAD=REFS THREAD=ORDEREDSUBJECT MULTIAPPEND URL-PARTIAL CATENATE UNSELECT CHILDREN NAMESPACE UIDPLUS LIST-EXTENDED I18NLEVEL=1 CONDSTORE QRESYNC ESEARCH ESORT SEARCHRES WITHIN CONTEXT=SEARCH LIST-STATUS BINARY MOVE NOTIFY SPECIAL-USE QUOTA]
240803232706023 IMAPServer$ClientHandler.run()	INFO: > 34 namespace
240803232706024 IMAPServer$ClientHandler.run()	INFO: < 34 OK namespace completed
240803232706024 IMAPServer$ClientHandler.run()	INFO: > 35 ID ("name" "Thunderbird" "version" "128.0.1")
240803232706025 IMAPServer$ClientHandler.run()	INFO: < 35 OK ID completed
240803232706026 IMAPServer$ClientHandler.run()	INFO: > 36 select "INBOX"
240803232706028 IMAPServer$ClientHandler.run()	INFO: < * 2 EXISTS
240803232706028 IMAPServer$ClientHandler.run()	INFO: < * 2 RECENT
240803232706028 IMAPServer$ClientHandler.run()	INFO: < * OK [UNSEEN 15] First unseen.
240803232706028 IMAPServer$ClientHandler.run()	INFO: < 36 OK [READ-WRITE] SELECT completed
240803232706029 IMAPServer$ClientHandler.run()	INFO: > 37 getquotaroot "INBOX"
240803232706029 IMAPServer$ClientHandler.run()	INFO: < 37 OK getquotaroot completed
240803232706030 IMAPServer$ClientHandler.run()	INFO: > 38 UID fetch 1:* (FLAGS)
240803232706030 IMAPServer$ClientHandler.run()	INFO:  ---------- PARTS: [38, UID, fetch, 1:*, (FLAGS)]
240803232706032 IMAPServer$ClientHandler.run()	INFO: < * 1 FETCH (UID 15 FLAGS (\Recent))
240803232706032 IMAPServer$ClientHandler.run()	INFO: < * 2 FETCH (UID 16 FLAGS (\Recent))
240803232706033 IMAPServer$ClientHandler.run()	INFO: < 38 OK FETCH completed
240803232706041 IMAPServer$ClientHandler.run()	INFO: > 39 UID fetch 16 (UID RFC822.SIZE BODY[])
240803232706041 IMAPServer$ClientHandler.run()	INFO:  ---------- PARTS: [39, UID, fetch, 16, (UID, RFC822.SIZE, BODY[])]
240803232706043 IMAPServer$ClientHandler.run()	INFO: >>>>>> mailsInfo.length: 1
240803232706043 IMAPServer$ClientHandler.run()	INFO: < * 1 FETCH (UID 16 RFC822.SIZE 389 BODY[] {389}
Message-ID: <a6d15232-6c34-49c8-b494-e41b028969a9@julio.com>
Date: Sat, 3 Aug 2024 23:09:53 -0600
MIME-Version: 1.0
User-Agent: Mozilla Thunderbird
Content-Language: en-US
To: julio2@julio.com
From: Julio Test <julio@julio.com>
Subject: =?UTF-8?Q?Mensaje_=C3=BAnicamente_para_Julio2?=
Content-Type: text/plain; charset=UTF-8; format=flowed
Content-Transfer-Encoding: 7bit

Hola julio2.

.)
240803232706045 IMAPServer$ClientHandler.run()	INFO: < 39 OK UID FETCH completed
240803232706050 IMAPServer$ClientHandler.run()	INFO: > 40 logout
240803232706051 IMAPServer$ClientHandler.run()	INFO: < 40 OK logout completed
