240804000631585 IMAPServer$ClientHandler.run()	INFO: < * OK [CAPABILITY IMAP4rev1] IMAP Server Ready
240804000631596 IMAPServer$ClientHandler.run()	INFO: > 20 login "julio2@julio.com" "admin"
240804000631596 IMAPServer$ClientHandler.run()	INFO: < 20 OK LOGIN completed
240804000631598 IMAPServer$ClientHandler.run()	INFO: > 21 capability
240804000631599 IMAPServer$ClientHandler.run()	INFO: < 21 OK [CAPABILITY IMAP4rev1 LITERAL+ SASL-IR LOGIN-REFERRALS ID ENABLE IDLE SORT SORT=DISPLAY THREAD=REFERENCES THREAD=REFS THREAD=ORDEREDSUBJECT MULTIAPPEND URL-PARTIAL CATENATE UNSELECT CHILDREN NAMESPACE UIDPLUS LIST-EXTENDED I18NLEVEL=1 CONDSTORE QRESYNC ESEARCH ESORT SEARCHRES WITHIN CONTEXT=SEARCH LIST-STATUS BINARY MOVE NOTIFY SPECIAL-USE QUOTA]
240804000631601 IMAPServer$ClientHandler.run()	INFO: > 22 namespace
240804000631601 IMAPServer$ClientHandler.run()	INFO: < 22 OK namespace completed
240804000631602 IMAPServer$ClientHandler.run()	INFO: > 23 ID ("name" "Thunderbird" "version" "128.0.1")
240804000631603 IMAPServer$ClientHandler.run()	INFO: < 23 OK ID completed
240804000631604 IMAPServer$ClientHandler.run()	INFO: > 24 select "INBOX"
240804000631606 IMAPServer$ClientHandler.run()	INFO: < * 3 EXISTS
240804000631607 IMAPServer$ClientHandler.run()	INFO: < * 3 RECENT
240804000631607 IMAPServer$ClientHandler.run()	INFO: < * OK [UNSEEN 15] First unseen.
240804000631607 IMAPServer$ClientHandler.run()	INFO: < 24 OK [READ-WRITE] SELECT completed
240804000631612 IMAPServer$ClientHandler.run()	INFO: > 25 getquotaroot "INBOX"
240804000631613 IMAPServer$ClientHandler.run()	INFO: < 25 OK getquotaroot completed
240804000631617 IMAPServer$ClientHandler.run()	INFO: > 26 UID fetch 1:* (FLAGS)
240804000631618 IMAPServer$ClientHandler.run()	INFO: < * 1 FETCH (UID 15 FLAGS (\Recent))
240804000631619 IMAPServer$ClientHandler.run()	INFO: < * 2 FETCH (UID 16 FLAGS (\Recent))
240804000631620 IMAPServer$ClientHandler.run()	INFO: < * 3 FETCH (UID 17 FLAGS (\Recent))
240804000631620 IMAPServer$ClientHandler.run()	INFO: < 26 OK FETCH completed
240804000633684 IMAPServer$ClientHandler.run()	INFO: > 27 IDLE
240804000633686 IMAPServer$ClientHandler.run()	INFO: < 27 OK IDLE completed
240804000636241 IMAPServer$ClientHandler.run()	INFO: > DONE
