240803230219263 IMAPServer$ClientHandler.run()	INFO: < * OK [CAPABILITY IMAP4rev1] IMAP Server Ready
240803230219266 IMAPServer$ClientHandler.run()	INFO: > 31 login "julio2@julio.com" "admin"
240803230219267 IMAPServer$ClientHandler.run()	INFO: < 31 OK LOGIN completed
240803230219270 IMAPServer$ClientHandler.run()	INFO: > 32 capability
240803230219271 IMAPServer$ClientHandler.run()	INFO: < 32 OK [CAPABILITY IMAP4rev1 LITERAL+ SASL-IR LOGIN-REFERRALS ID ENABLE IDLE SORT SORT=DISPLAY THREAD=REFERENCES THREAD=REFS THREAD=ORDEREDSUBJECT MULTIAPPEND URL-PARTIAL CATENATE UNSELECT CHILDREN NAMESPACE UIDPLUS LIST-EXTENDED I18NLEVEL=1 CONDSTORE QRESYNC ESEARCH ESORT SEARCHRES WITHIN CONTEXT=SEARCH LIST-STATUS BINARY MOVE NOTIFY SPECIAL-USE QUOTA]
240803230219272 IMAPServer$ClientHandler.run()	INFO: > 33 namespace
240803230219272 IMAPServer$ClientHandler.run()	INFO: < 33 OK namespace completed
240803230219273 IMAPServer$ClientHandler.run()	INFO: > 34 ID ("name" "Thunderbird" "version" "128.0.1")
240803230219274 IMAPServer$ClientHandler.run()	INFO: < 34 OK ID completed
240803230219276 IMAPServer$ClientHandler.run()	INFO: > 35 select "INBOX"
240803230219278 IMAPServer$ClientHandler.run()	INFO: < * 1 EXISTS
240803230219279 IMAPServer$ClientHandler.run()	INFO: < * 1 RECENT
240803230219280 IMAPServer$ClientHandler.run()	INFO: < * OK [UNSEEN 15] First unseen.
240803230219281 IMAPServer$ClientHandler.run()	INFO: < 35 OK [READ-WRITE] SELECT completed
240803230219283 IMAPServer$ClientHandler.run()	INFO: > 36 getquotaroot "INBOX"
240803230219284 IMAPServer$ClientHandler.run()	INFO: < 36 OK getquotaroot completed
240803230219287 IMAPServer$ClientHandler.run()	INFO: > 37 UID fetch 1:* (FLAGS)
240803230219289 IMAPServer$ClientHandler.run()	INFO: < * 1 FETCH (UID 15 FLAGS (\Recent))
240803230219290 IMAPServer$ClientHandler.run()	INFO: < 37 OK FETCH completed
240803230221316 IMAPServer$ClientHandler.run()	INFO: > 38 IDLE
240803230221317 IMAPServer$ClientHandler.run()	INFO: < 38 OK IDLE completed
240803230545251 IMAPServer$ClientHandler.run()	INFO: > DONE
