240803225519302 IMAPServer$ClientHandler.run()	INFO: < * OK [CAPABILITY IMAP4rev1] IMAP Server Ready
240803225519311 IMAPServer$ClientHandler.run()	INFO: > 93 login "julio@julio.com" "admin"
240803225519314 IMAPServer$ClientHandler.run()	INFO: < 93 OK LOGIN completed
240803225519315 IMAPServer$ClientHandler.run()	INFO: > 94 capability
240803225519317 IMAPServer$ClientHandler.run()	INFO: < 94 OK [CAPABILITY IMAP4rev1 LITERAL+ SASL-IR LOGIN-REFERRALS ID ENABLE IDLE SORT SORT=DISPLAY THREAD=REFERENCES THREAD=REFS THREAD=ORDEREDSUBJECT MULTIAPPEND URL-PARTIAL CATENATE UNSELECT CHILDREN NAMESPACE UIDPLUS LIST-EXTENDED I18NLEVEL=1 CONDSTORE QRESYNC ESEARCH ESORT SEARCHRES WITHIN CONTEXT=SEARCH LIST-STATUS BINARY MOVE NOTIFY SPECIAL-USE QUOTA]
240803225519318 IMAPServer$ClientHandler.run()	INFO: > 95 namespace
240803225519322 IMAPServer$ClientHandler.run()	INFO: < 95 OK namespace completed
240803225519323 IMAPServer$ClientHandler.run()	INFO: > 96 ID ("name" "Thunderbird" "version" "128.0.1")
240803225519324 IMAPServer$ClientHandler.run()	INFO: < 96 OK ID completed
240803225519326 IMAPServer$ClientHandler.run()	INFO: > 97 select "INBOX"
240803225519438 IMAPServer$ClientHandler.run()	INFO: < * 7 EXISTS
240803225519439 IMAPServer$ClientHandler.run()	INFO: < * 2 RECENT
240803225519441 IMAPServer$ClientHandler.run()	INFO: < * OK [UNSEEN 3] First unseen.
240803225519441 IMAPServer$ClientHandler.run()	INFO: < 97 OK [READ-WRITE] SELECT completed
240803225519442 IMAPServer$ClientHandler.run()	INFO: > 98 getquotaroot "INBOX"
240803225519443 IMAPServer$ClientHandler.run()	INFO: < 98 OK getquotaroot completed
240803225519446 IMAPServer$ClientHandler.run()	INFO: > 99 UID fetch 1:* (FLAGS)
240803225519456 IMAPServer$ClientHandler.run()	INFO: < * 1 FETCH (UID 3 FLAGS ())
240803225519457 IMAPServer$ClientHandler.run()	INFO: < * 2 FETCH (UID 5 FLAGS ())
240803225519458 IMAPServer$ClientHandler.run()	INFO: < * 3 FETCH (UID 8 FLAGS ())
240803225519459 IMAPServer$ClientHandler.run()	INFO: < * 4 FETCH (UID 10 FLAGS ())
240803225519460 IMAPServer$ClientHandler.run()	INFO: < * 5 FETCH (UID 11 FLAGS ())
240803225519460 IMAPServer$ClientHandler.run()	INFO: < * 6 FETCH (UID 12 FLAGS (\Recent))
240803225519461 IMAPServer$ClientHandler.run()	INFO: < * 7 FETCH (UID 13 FLAGS (\Recent))
240803225519462 IMAPServer$ClientHandler.run()	INFO: < 99 OK FETCH completed
240803225519468 IMAPServer$ClientHandler.run()	INFO: > 100 UID fetch 3:13 (UID RFC822.SIZE FLAGS BODY.PEEK[HEADER.FIELDS (From To Cc Bcc Subject Date Message-ID Priority X-Priority References Newsgroups In-Reply-To Content-Type Reply-To)])
240803225519475 IMAPServer$ClientHandler.run()	INFO: >>>>>> mailsInfo.length: 1
240803225519484 IMAPServer$ClientHandler.run()	INFO: < * 1 FETCH (UID 3 FLAGS () BODY[HEADER.FIELDS (From To Cc Bcc Subject Date Message-ID Priority X-Priority References Newsgroups In-Reply-To Content-Type Reply-To)] {350}
Message-ID: <02696520-d721-458c-b0c6-9f5fa555a3f5@julio.com>
Date: Wed, 31 Jul 2024 17:40:01 -0600
MIME-Version: 1.0
User-Agent: Mozilla Thunderbird
Content-Language: en-US
To: test@test.ug, julio@julio.com
From: Julio Test <julio@julio.com>
Subject: Test 1 a UG
Content-Type: text/plain; charset=UTF-8; format=flowed
Content-Transfer-Encoding: 8bit)
240803225519487 IMAPServer$ClientHandler.run()	INFO: < 100 OK UID FETCH completed
240803225519677 IMAPServer$ClientHandler.run()	INFO: > 101 logout
240803225519678 IMAPServer$ClientHandler.run()	INFO: < 101 OK logout completed
