240803231536401 IMAPServer$ClientHandler.run()	INFO: < * OK [CAPABILITY IMAP4rev1] IMAP Server Ready
240803231536412 IMAPServer$ClientHandler.run()	INFO: > 15 login "julio2@julio.com" "admin"
240803231536416 IMAPServer$ClientHandler.run()	INFO: < 15 OK LOGIN completed
240803231536417 IMAPServer$ClientHandler.run()	INFO: > 16 capability
240803231536419 IMAPServer$ClientHandler.run()	INFO: < 16 OK [CAPABILITY IMAP4rev1 LITERAL+ SASL-IR LOGIN-REFERRALS ID ENABLE IDLE SORT SORT=DISPLAY THREAD=REFERENCES THREAD=REFS THREAD=ORDEREDSUBJECT MULTIAPPEND URL-PARTIAL CATENATE UNSELECT CHILDREN NAMESPACE UIDPLUS LIST-EXTENDED I18NLEVEL=1 CONDSTORE QRESYNC ESEARCH ESORT SEARCHRES WITHIN CONTEXT=SEARCH LIST-STATUS BINARY MOVE NOTIFY SPECIAL-USE QUOTA]
240803231536420 IMAPServer$ClientHandler.run()	INFO: > 17 namespace
240803231536425 IMAPServer$ClientHandler.run()	INFO: < 17 OK namespace completed
240803231536426 IMAPServer$ClientHandler.run()	INFO: > 18 ID ("name" "Thunderbird" "version" "128.0.1")
240803231536428 IMAPServer$ClientHandler.run()	INFO: < 18 OK ID completed
240803231536429 IMAPServer$ClientHandler.run()	INFO: > 19 select "INBOX"
240803231536562 IMAPServer$ClientHandler.run()	INFO: < * 2 EXISTS
240803231536563 IMAPServer$ClientHandler.run()	INFO: < * 2 RECENT
240803231536564 IMAPServer$ClientHandler.run()	INFO: < * OK [UNSEEN 15] First unseen.
240803231536565 IMAPServer$ClientHandler.run()	INFO: < 19 OK [READ-WRITE] SELECT completed
240803231536567 IMAPServer$ClientHandler.run()	INFO: > 20 getquotaroot "INBOX"
240803231536568 IMAPServer$ClientHandler.run()	INFO: < 20 OK getquotaroot completed
240803231536569 IMAPServer$ClientHandler.run()	INFO: > 21 UID fetch 1:* (FLAGS)
240803231536581 IMAPServer$ClientHandler.run()	INFO: < * 1 FETCH (UID 15 FLAGS (\Recent))
240803231536582 IMAPServer$ClientHandler.run()	INFO: < * 2 FETCH (UID 16 FLAGS (\Recent))
240803231536583 IMAPServer$ClientHandler.run()	INFO: < 21 OK FETCH completed
240803231536588 IMAPServer$ClientHandler.run()	INFO: > 22 UID fetch 15 (UID RFC822.SIZE BODY[])
240803231536591 IMAPServer$ClientHandler.run()	INFO: >>>>>> mailsInfo.length: 1
240803231536601 IMAPServer$ClientHandler.run()	INFO: < * 1 FETCH (UID 15 FLAGS (\Recent) BODY[HEADER.FIELDS (From To Cc Bcc Subject Date Message-ID Priority X-Priority References Newsgroups In-Reply-To Content-Type Reply-To)] {370}
Message-ID: <9dee7988-5a43-423b-bd96-ebea14b2b2d2@julio.com>
Date: Sat, 3 Aug 2024 22:57:14 -0600
MIME-Version: 1.0
User-Agent: Mozilla Thunderbird
Content-Language: en-US
To: julio@julio.com, julio2@julio.com
From: Julio2 <julio2@julio.com>
Subject: NUEVO CORREO! para probar fetch
Content-Type: text/plain; charset=UTF-8; format=flowed
Content-Transfer-Encoding: 7bit)
240803231536604 IMAPServer$ClientHandler.run()	INFO: < 22 OK UID FETCH completed
240803231536636 IMAPServer$ClientHandler.run()	INFO: > 23 logout
240803231536637 IMAPServer$ClientHandler.run()	INFO: < 23 OK logout completed
