240803231745013 IMAPServer$ClientHandler.run()	INFO: < * OK [CAPABILITY IMAP4rev1] IMAP Server Ready
240803231745029 IMAPServer$ClientHandler.run()	INFO: > 67 login "julio2@julio.com" "admin"
240803231745034 IMAPServer$ClientHandler.run()	INFO: < 67 OK LOGIN completed
240803231745036 IMAPServer$ClientHandler.run()	INFO: > 68 capability
240803231745038 IMAPServer$ClientHandler.run()	INFO: < 68 OK [CAPABILITY IMAP4rev1 LITERAL+ SASL-IR LOGIN-REFERRALS ID ENABLE IDLE SORT SORT=DISPLAY THREAD=REFERENCES THREAD=REFS THREAD=ORDEREDSUBJECT MULTIAPPEND URL-PARTIAL CATENATE UNSELECT CHILDREN NAMESPACE UIDPLUS LIST-EXTENDED I18NLEVEL=1 CONDSTORE QRESYNC ESEARCH ESORT SEARCHRES WITHIN CONTEXT=SEARCH LIST-STATUS BINARY MOVE NOTIFY SPECIAL-USE QUOTA]
240803231745041 IMAPServer$ClientHandler.run()	INFO: > 69 namespace
240803231745046 IMAPServer$ClientHandler.run()	INFO: < 69 OK namespace completed
240803231745048 IMAPServer$ClientHandler.run()	INFO: > 70 ID ("name" "Thunderbird" "version" "128.0.1")
240803231745050 IMAPServer$ClientHandler.run()	INFO: < 70 OK ID completed
240803231745052 IMAPServer$ClientHandler.run()	INFO: > 71 select "INBOX"
240803231745236 IMAPServer$ClientHandler.run()	INFO: < * 2 EXISTS
240803231745239 IMAPServer$ClientHandler.run()	INFO: < * 2 RECENT
240803231745240 IMAPServer$ClientHandler.run()	INFO: < * OK [UNSEEN 15] First unseen.
240803231745240 IMAPServer$ClientHandler.run()	INFO: < 71 OK [READ-WRITE] SELECT completed
240803231745245 IMAPServer$ClientHandler.run()	INFO: > 72 getquotaroot "INBOX"
240803231745246 IMAPServer$ClientHandler.run()	INFO: < 72 OK getquotaroot completed
240803231745250 IMAPServer$ClientHandler.run()	INFO: > 73 UID fetch 1:* (FLAGS)
240803231745252 IMAPServer$ClientHandler.run()	INFO:  ---------- PARTS: [73, UID, fetch, 1:*, (FLAGS)]
240803231745269 IMAPServer$ClientHandler.run()	INFO: < * 1 FETCH (UID 15 FLAGS (\Recent))
240803231745271 IMAPServer$ClientHandler.run()	INFO: < * 2 FETCH (UID 16 FLAGS (\Recent))
240803231745273 IMAPServer$ClientHandler.run()	INFO: < 73 OK FETCH completed
240803231745287 IMAPServer$ClientHandler.run()	INFO: > 74 UID fetch 15 (UID RFC822.SIZE BODY[])
240803231745289 IMAPServer$ClientHandler.run()	INFO:  ---------- PARTS: [74, UID, fetch, 15, (UID, RFC822.SIZE, BODY[])]
240803231745292 IMAPServer$ClientHandler.run()	INFO: >>>>>> mailsInfo.length: 1
240803231745303 IMAPServer$ClientHandler.run()	INFO: < * 1 FETCH (UID 15 FLAGS (\Recent) BODY[HEADER.FIELDS (From To Cc Bcc Subject Date Message-ID Priority X-Priority References Newsgroups In-Reply-To Content-Type Reply-To)] {422}
Message-ID: <9dee7988-5a43-423b-bd96-ebea14b2b2d2@julio.com>
Date: Sat, 3 Aug 2024 22:57:14 -0600
MIME-Version: 1.0
User-Agent: Mozilla Thunderbird
Content-Language: en-US
To: julio@julio.com, julio2@julio.com
From: Julio2 <julio2@julio.com>
Subject: NUEVO CORREO! para probar fetch
Content-Type: text/plain; charset=UTF-8; format=flowed
Content-Transfer-Encoding: 7bit

Hola JULIO y JULIO 2 YA ME FUNCIONA EL FETCH!!!

.)
240803231745308 IMAPServer$ClientHandler.run()	INFO: < 74 OK UID FETCH completed
240803231745360 IMAPServer$ClientHandler.run()	INFO: > 75 logout
240803231745361 IMAPServer$ClientHandler.run()	INFO: < 75 OK logout completed
