240803224810828 IMAPServer$ClientHandler.run()	INFO: < * OK [CAPABILITY IMAP4rev1] IMAP Server Ready
240803224810837 IMAPServer$ClientHandler.run()	INFO: > 68 login "julio@julio.com" "admin"
240803224810840 IMAPServer$ClientHandler.run()	INFO: < 68 OK LOGIN completed
240803224810842 IMAPServer$ClientHandler.run()	INFO: > 69 capability
240803224810843 IMAPServer$ClientHandler.run()	INFO: < 69 OK [CAPABILITY IMAP4rev1 LITERAL+ SASL-IR LOGIN-REFERRALS ID ENABLE IDLE SORT SORT=DISPLAY THREAD=REFERENCES THREAD=REFS THREAD=ORDEREDSUBJECT MULTIAPPEND URL-PARTIAL CATENATE UNSELECT CHILDREN NAMESPACE UIDPLUS LIST-EXTENDED I18NLEVEL=1 CONDSTORE QRESYNC ESEARCH ESORT SEARCHRES WITHIN CONTEXT=SEARCH LIST-STATUS BINARY MOVE NOTIFY SPECIAL-USE QUOTA]
240803224810844 IMAPServer$ClientHandler.run()	INFO: > 70 namespace
240803224810847 IMAPServer$ClientHandler.run()	INFO: < 70 OK namespace completed
240803224810849 IMAPServer$ClientHandler.run()	INFO: > 71 ID ("name" "Thunderbird" "version" "128.0.1")
240803224810850 IMAPServer$ClientHandler.run()	INFO: < 71 OK ID completed
240803224810851 IMAPServer$ClientHandler.run()	INFO: > 72 select "INBOX"
240803224810978 IMAPServer$ClientHandler.run()	INFO: < * 7 EXISTS
240803224810979 IMAPServer$ClientHandler.run()	INFO: < * 2 RECENT
240803224810981 IMAPServer$ClientHandler.run()	INFO: < * OK [UNSEEN 3] First unseen.
240803224810981 IMAPServer$ClientHandler.run()	INFO: < 72 OK [READ-WRITE] SELECT completed
240803224810982 IMAPServer$ClientHandler.run()	INFO: > 73 getquotaroot "INBOX"
240803224810983 IMAPServer$ClientHandler.run()	INFO: < 73 OK getquotaroot completed
240803224810984 IMAPServer$ClientHandler.run()	INFO: > 74 UID fetch 1:* (FLAGS)
240803224810993 IMAPServer$ClientHandler.run()	INFO: < * 1 FETCH (UID 3 FLAGS ())
240803224810993 IMAPServer$ClientHandler.run()	INFO: < * 2 FETCH (UID 5 FLAGS ())
240803224810994 IMAPServer$ClientHandler.run()	INFO: < * 3 FETCH (UID 8 FLAGS ())
240803224810995 IMAPServer$ClientHandler.run()	INFO: < * 4 FETCH (UID 10 FLAGS ())
240803224810995 IMAPServer$ClientHandler.run()	INFO: < * 5 FETCH (UID 11 FLAGS ())
240803224810996 IMAPServer$ClientHandler.run()	INFO: < * 6 FETCH (UID 12 FLAGS (\Recent))
240803224810997 IMAPServer$ClientHandler.run()	INFO: < * 7 FETCH (UID 13 FLAGS (\Recent))
240803224810998 IMAPServer$ClientHandler.run()	INFO: < 74 OK FETCH completed
240803224810999 IMAPServer$ClientHandler.run()	INFO: > 75 UID fetch 3:13 (UID RFC822.SIZE FLAGS BODY.PEEK[HEADER.FIELDS (From To Cc Bcc Subject Date Message-ID Priority X-Priority References Newsgroups In-Reply-To Content-Type Reply-To)])
240803224811007 IMAPServer$ClientHandler.run()	INFO: < * 1 FETCH (UID 3 FLAGS () BODY[HEADER.FIELDS (From To Cc Bcc Subject Date Message-ID Priority X-Priority References Newsgroups In-Reply-To Content-Type Reply-To)]) {382} 

Message-ID: <02696520-d721-458c-b0c6-9f5fa555a3f5@julio.com>
Date: Wed, 31 Jul 2024 17:40:01 -0600
MIME-Version: 1.0
User-Agent: Mozilla Thunderbird
Content-Language: en-US
To: test@test.ug, julio@julio.com
From: Julio Test <julio@julio.com>
Subject: Test 1 a UG
Content-Type: text/plain; charset=UTF-8; format=flowed
Content-Transfer-Encoding: 8bit

Prueba de envío


aaa


bb


.
)
240803224811011 IMAPServer$ClientHandler.run()	INFO: < 75 OK UID FETCH completed
