240804033955505 IMAPServer$ClientHandler.run()	INFO: < * OK [CAPABILITY IMAP4rev1] IMAP Server Ready
240804033955514 IMAPServer$ClientHandler.run()	INFO: > 7 login "julio@julio.com" "admin"
240804033955517 IMAPServer$ClientHandler.run()	INFO: < 7 OK LOGIN completed
240804033955519 IMAPServer$ClientHandler.run()	INFO: > 8 capability
240804033955520 IMAPServer$ClientHandler.run()	INFO: < 8 OK [CAPABILITY IMAP4rev1 LITERAL+ SASL-IR LOGIN-REFERRALS ID ENABLE IDLE SORT SORT=DISPLAY THREAD=REFERENCES THREAD=REFS THREAD=ORDEREDSUBJECT MULTIAPPEND URL-PARTIAL CATENATE UNSELECT CHILDREN NAMESPACE UIDPLUS LIST-EXTENDED I18NLEVEL=1 CONDSTORE QRESYNC ESEARCH ESORT SEARCHRES WITHIN CONTEXT=SEARCH LIST-STATUS BINARY MOVE NOTIFY SPECIAL-USE QUOTA]
240804033955521 IMAPServer$ClientHandler.run()	INFO: > 9 namespace
240804033955525 IMAPServer$ClientHandler.run()	INFO: < 9 OK namespace completed
240804033955526 IMAPServer$ClientHandler.run()	INFO: > 10 ID ("name" "Thunderbird" "version" "128.0.1")
240804033955527 IMAPServer$ClientHandler.run()	INFO: < 10 OK ID completed
240804033955533 IMAPServer$ClientHandler.run()	INFO: > 11 select "INBOX"
240804033955668 IMAPServer$ClientHandler.run()	INFO: < * 22 EXISTS
240804033955670 IMAPServer$ClientHandler.run()	INFO: < * 17 RECENT
240804033955671 IMAPServer$ClientHandler.run()	INFO: < * OK [UNSEEN 3] First unseen.
240804033955671 IMAPServer$ClientHandler.run()	INFO: < 11 OK [READ-WRITE] SELECT completed
240804033955677 IMAPServer$ClientHandler.run()	INFO: > 12 getquotaroot "INBOX"
240804033955678 IMAPServer$ClientHandler.run()	INFO: < 12 OK getquotaroot completed
240804033955684 IMAPServer$ClientHandler.run()	INFO: > 13 UID fetch 1:* (FLAGS)
240804033955698 IMAPServer$ClientHandler.run()	INFO: < * 1 FETCH (UID 3 FLAGS ())
240804033955699 IMAPServer$ClientHandler.run()	INFO: < * 2 FETCH (UID 5 FLAGS ())
240804033955700 IMAPServer$ClientHandler.run()	INFO: < * 3 FETCH (UID 8 FLAGS ())
240804033955701 IMAPServer$ClientHandler.run()	INFO: < * 4 FETCH (UID 10 FLAGS ())
240804033955702 IMAPServer$ClientHandler.run()	INFO: < * 5 FETCH (UID 11 FLAGS ())
240804033955702 IMAPServer$ClientHandler.run()	INFO: < * 6 FETCH (UID 12 FLAGS ( \Recent))
240804033955703 IMAPServer$ClientHandler.run()	INFO: < * 7 FETCH (UID 13 FLAGS ( \Recent \Seen))
240804033955703 IMAPServer$ClientHandler.run()	INFO: < * 8 FETCH (UID 14 FLAGS ( \Recent \Seen))
240804033955704 IMAPServer$ClientHandler.run()	INFO: < * 9 FETCH (UID 19 FLAGS ( \Recent \Seen))
240804033955705 IMAPServer$ClientHandler.run()	INFO: < * 10 FETCH (UID 20 FLAGS ( \Recent))
240804033955705 IMAPServer$ClientHandler.run()	INFO: < * 11 FETCH (UID 21 FLAGS ( \Recent))
240804033955706 IMAPServer$ClientHandler.run()	INFO: < * 12 FETCH (UID 22 FLAGS ( \Recent))
240804033955707 IMAPServer$ClientHandler.run()	INFO: < * 13 FETCH (UID 23 FLAGS ( \Recent))
240804033955707 IMAPServer$ClientHandler.run()	INFO: < * 14 FETCH (UID 24 FLAGS ( \Recent))
240804033955708 IMAPServer$ClientHandler.run()	INFO: < * 15 FETCH (UID 26 FLAGS ( \Recent \Seen))
240804033955709 IMAPServer$ClientHandler.run()	INFO: < * 16 FETCH (UID 27 FLAGS ( \Recent))
240804033955709 IMAPServer$ClientHandler.run()	INFO: < * 17 FETCH (UID 28 FLAGS ( \Recent))
240804033955711 IMAPServer$ClientHandler.run()	INFO: < * 18 FETCH (UID 29 FLAGS ( \Recent))
240804033955711 IMAPServer$ClientHandler.run()	INFO: < * 19 FETCH (UID 30 FLAGS ( \Recent))
240804033955712 IMAPServer$ClientHandler.run()	INFO: < * 20 FETCH (UID 31 FLAGS ( \Recent))
240804033955713 IMAPServer$ClientHandler.run()	INFO: < * 21 FETCH (UID 32 FLAGS ( \Recent))
240804033955713 IMAPServer$ClientHandler.run()	INFO: < * 22 FETCH (UID 33 FLAGS ( \Recent))
240804033955714 IMAPServer$ClientHandler.run()	INFO: < 13 OK FETCH completed
240804033955749 IMAPServer$ClientHandler.run()	INFO: > 14 UID fetch 3 (UID RFC822.SIZE FLAGS BODY.PEEK[HEADER.FIELDS (From To Cc Bcc Subject Date Message-ID Priority X-Priority References Newsgroups In-Reply-To Content-Type Reply-To)])
240804033955759 IMAPServer$ClientHandler.run()	INFO: < * 1 FETCH (UID 3 FLAGS () BODY[HEADER.FIELDS (From To Cc Bcc Subject Date Message-ID Priority X-Priority References Newsgroups In-Reply-To Content-Type Reply-To)] {350}
Message-ID: <02696520-d721-458c-b0c6-9f5fa555a3f5@julio.com>
Date: Wed, 31 Jul 2024 17:40:01 -0600
MIME-Version: 1.0
User-Agent: Mozilla Thunderbird
Content-Language: en-US
To: test@test.ug, julio@julio.com
From: Julio Test <julio@julio.com>
Subject: Test 1 a UG
Content-Type: text/plain; charset=UTF-8; format=flowed
Content-Transfer-Encoding: 8bit
)
240804033955761 IMAPServer$ClientHandler.run()	INFO: < 14 OK UID FETCH completed
240804033957820 IMAPServer$ClientHandler.run()	INFO: > 15 IDLE
240804033957821 IMAPServer$ClientHandler.run()	INFO: < 15 OK IDLE completed
240804033958052 IMAPServer$ClientHandler.run()	INFO: > DONE
240804033958053 IMAPServer$ClientHandler.run()	INFO: < DONE OK completed
240804033958096 IMAPServer$ClientHandler.run()	INFO: > 17 login "julio@julio.com" "admin"
240804033958097 IMAPServer$ClientHandler.run()	INFO: < 17 OK LOGIN completed
240804033958101 IMAPServer$ClientHandler.run()	INFO: > 18 capability
240804033958102 IMAPServer$ClientHandler.run()	INFO: < 18 OK [CAPABILITY IMAP4rev1 LITERAL+ SASL-IR LOGIN-REFERRALS ID ENABLE IDLE SORT SORT=DISPLAY THREAD=REFERENCES THREAD=REFS THREAD=ORDEREDSUBJECT MULTIAPPEND URL-PARTIAL CATENATE UNSELECT CHILDREN NAMESPACE UIDPLUS LIST-EXTENDED I18NLEVEL=1 CONDSTORE QRESYNC ESEARCH ESORT SEARCHRES WITHIN CONTEXT=SEARCH LIST-STATUS BINARY MOVE NOTIFY SPECIAL-USE QUOTA]
240804033958103 IMAPServer$ClientHandler.run()	INFO: > 19 namespace
240804033958104 IMAPServer$ClientHandler.run()	INFO: < 19 OK namespace completed
240804033958106 IMAPServer$ClientHandler.run()	INFO: > 20 ID ("name" "Thunderbird" "version" "128.0.1")
240804033958106 IMAPServer$ClientHandler.run()	INFO: < 20 OK ID completed
240804033958108 IMAPServer$ClientHandler.run()	INFO: > 21 select "INBOX"
240804033958110 IMAPServer$ClientHandler.run()	INFO: < * 22 EXISTS
240804033958111 IMAPServer$ClientHandler.run()	INFO: < * 17 RECENT
240804033958111 IMAPServer$ClientHandler.run()	INFO: < * OK [UNSEEN 3] First unseen.
240804033958112 IMAPServer$ClientHandler.run()	INFO: < 21 OK [READ-WRITE] SELECT completed
240804033958116 IMAPServer$ClientHandler.run()	INFO: > 22 getquotaroot "INBOX"
240804033958117 IMAPServer$ClientHandler.run()	INFO: < 22 OK getquotaroot completed
240804033958118 IMAPServer$ClientHandler.run()	INFO: > 23 UID fetch 1:* (FLAGS)
240804033958120 IMAPServer$ClientHandler.run()	INFO: < * 1 FETCH (UID 3 FLAGS ())
240804033958120 IMAPServer$ClientHandler.run()	INFO: < * 2 FETCH (UID 5 FLAGS ())
240804033958121 IMAPServer$ClientHandler.run()	INFO: < * 3 FETCH (UID 8 FLAGS ())
240804033958122 IMAPServer$ClientHandler.run()	INFO: < * 4 FETCH (UID 10 FLAGS ())
240804033958122 IMAPServer$ClientHandler.run()	INFO: < * 5 FETCH (UID 11 FLAGS ())
240804033958123 IMAPServer$ClientHandler.run()	INFO: < * 6 FETCH (UID 12 FLAGS ( \Recent))
240804033958124 IMAPServer$ClientHandler.run()	INFO: < * 7 FETCH (UID 13 FLAGS ( \Recent \Seen))
240804033958124 IMAPServer$ClientHandler.run()	INFO: < * 8 FETCH (UID 14 FLAGS ( \Recent \Seen))
240804033958125 IMAPServer$ClientHandler.run()	INFO: < * 9 FETCH (UID 19 FLAGS ( \Recent \Seen))
240804033958126 IMAPServer$ClientHandler.run()	INFO: < * 10 FETCH (UID 20 FLAGS ( \Recent))
240804033958126 IMAPServer$ClientHandler.run()	INFO: < * 11 FETCH (UID 21 FLAGS ( \Recent))
240804033958127 IMAPServer$ClientHandler.run()	INFO: < * 12 FETCH (UID 22 FLAGS ( \Recent))
240804033958127 IMAPServer$ClientHandler.run()	INFO: < * 13 FETCH (UID 23 FLAGS ( \Recent))
240804033958128 IMAPServer$ClientHandler.run()	INFO: < * 14 FETCH (UID 24 FLAGS ( \Recent))
240804033958128 IMAPServer$ClientHandler.run()	INFO: < * 15 FETCH (UID 26 FLAGS ( \Recent \Seen))
240804033958129 IMAPServer$ClientHandler.run()	INFO: < * 16 FETCH (UID 27 FLAGS ( \Recent))
240804033958130 IMAPServer$ClientHandler.run()	INFO: < * 17 FETCH (UID 28 FLAGS ( \Recent))
240804033958130 IMAPServer$ClientHandler.run()	INFO: < * 18 FETCH (UID 29 FLAGS ( \Recent))
240804033958131 IMAPServer$ClientHandler.run()	INFO: < * 19 FETCH (UID 30 FLAGS ( \Recent))
240804033958131 IMAPServer$ClientHandler.run()	INFO: < * 20 FETCH (UID 31 FLAGS ( \Recent))
240804033958132 IMAPServer$ClientHandler.run()	INFO: < * 21 FETCH (UID 32 FLAGS ( \Recent))
240804033958132 IMAPServer$ClientHandler.run()	INFO: < * 22 FETCH (UID 33 FLAGS ( \Recent))
240804033958133 IMAPServer$ClientHandler.run()	INFO: < 23 OK FETCH completed
240804033958135 IMAPServer$ClientHandler.run()	INFO: > 24 UID fetch 13 (UID RFC822.SIZE BODY[])
240804033958145 IMAPServer$ClientHandler.run()	INFO: < * 1 FETCH (UID 13 RFC822.SIZE 393 BODY[] {393}
Message-ID: <1b3c7bd9-2f6f-4a1a-9215-d6c8b2999f52@julio.com>
Date: Sat, 3 Aug 2024 22:06:56 -0600
MIME-Version: 1.0
User-Agent: Mozilla Thunderbird
Content-Language: en-US
To: julio@julio.com
From: Julio Test <julio@julio.com>
Subject: Nuevo mensaje
Content-Type: text/plain; charset=UTF-8; format=flowed
Content-Transfer-Encoding: 8bit

Test después de primera implementación de fetch 1:*

.
)
240804033958148 IMAPServer$ClientHandler.run()	INFO: < 24 OK UID FETCH completed
240804033958214 IMAPServer$ClientHandler.run()	INFO: > 25 logout
240804033958215 IMAPServer$ClientHandler.run()	INFO: < 25 OK logout completed
