240804010017564 IMAPServer$ClientHandler.run()	INFO: < * OK [CAPABILITY IMAP4rev1] IMAP Server Ready
240804010017573 IMAPServer$ClientHandler.run()	INFO: > 101 login "julio2@julio.com" "admin"
240804010017574 IMAPServer$ClientHandler.run()	INFO: < 101 OK LOGIN completed
240804010017576 IMAPServer$ClientHandler.run()	INFO: > 102 capability
240804010017578 IMAPServer$ClientHandler.run()	INFO: < 102 OK [CAPABILITY IMAP4rev1 LITERAL+ SASL-IR LOGIN-REFERRALS ID ENABLE IDLE SORT SORT=DISPLAY THREAD=REFERENCES THREAD=REFS THREAD=ORDEREDSUBJECT MULTIAPPEND URL-PARTIAL CATENATE UNSELECT CHILDREN NAMESPACE UIDPLUS LIST-EXTENDED I18NLEVEL=1 CONDSTORE QRESYNC ESEARCH ESORT SEARCHRES WITHIN CONTEXT=SEARCH LIST-STATUS BINARY MOVE NOTIFY SPECIAL-USE QUOTA]
240804010017579 IMAPServer$ClientHandler.run()	INFO: > 103 namespace
240804010017579 IMAPServer$ClientHandler.run()	INFO: < 103 OK namespace completed
240804010017580 IMAPServer$ClientHandler.run()	INFO: > 104 ID ("name" "Thunderbird" "version" "128.0.1")
240804010017581 IMAPServer$ClientHandler.run()	INFO: < 104 OK ID completed
240804010017584 IMAPServer$ClientHandler.run()	INFO: > 105 select "INBOX"
240804010017587 IMAPServer$ClientHandler.run()	INFO: < * 4 EXISTS
240804010017587 IMAPServer$ClientHandler.run()	INFO: < * 4 RECENT
240804010017588 IMAPServer$ClientHandler.run()	INFO: < * OK [UNSEEN 15] First unseen.
240804010017588 IMAPServer$ClientHandler.run()	INFO: < 105 OK [READ-WRITE] SELECT completed
240804010017589 IMAPServer$ClientHandler.run()	INFO: > 106 getquotaroot "INBOX"
240804010017589 IMAPServer$ClientHandler.run()	INFO: < 106 OK getquotaroot completed
240804010017590 IMAPServer$ClientHandler.run()	INFO: > 107 UID fetch 1:* (FLAGS)
240804010017593 IMAPServer$ClientHandler.run()	INFO: < * 1 FETCH (UID 15 FLAGS (\Recent))
240804010017594 IMAPServer$ClientHandler.run()	INFO: < * 2 FETCH (UID 16 FLAGS (\Recent))
240804010017595 IMAPServer$ClientHandler.run()	INFO: < * 3 FETCH (UID 17 FLAGS (\Recent))
240804010017595 IMAPServer$ClientHandler.run()	INFO: < * 4 FETCH (UID 18 FLAGS (\Recent))
240804010017596 IMAPServer$ClientHandler.run()	INFO: < 107 OK FETCH completed
240804010019629 IMAPServer$ClientHandler.run()	INFO: > 108 IDLE
240804010019630 IMAPServer$ClientHandler.run()	INFO: < 108 OK IDLE completed
240804010229788 IMAPServer$ClientHandler.run()	INFO: > DONE
