240806155012132 IMAPServer$ClientHandler.run()	INFO: < * OK [CAPABILITY IMAP4rev1] IMAP Server Ready
240806155012134 IMAPServer$ClientHandler.run()	INFO: > 30 login "julio2@julio.com" "admin"
240806155012134 IMAPServer$ClientHandler.run()	INFO: < 30 OK LOGIN completed
240806155012135 IMAPServer$ClientHandler.run()	INFO: > 31 capability
240806155012135 IMAPServer$ClientHandler.run()	INFO: < 31 OK [CAPABILITY IMAP4rev1 LITERAL+ SASL-IR LOGIN-REFERRALS ID ENABLE IDLE SORT SORT=DISPLAY THREAD=REFERENCES THREAD=REFS THREAD=ORDEREDSUBJECT MULTIAPPEND URL-PARTIAL CATENATE UNSELECT CHILDREN NAMESPACE UIDPLUS LIST-EXTENDED I18NLEVEL=1 CONDSTORE QRESYNC ESEARCH ESORT SEARCHRES WITHIN CONTEXT=SEARCH LIST-STATUS BINARY MOVE NOTIFY SPECIAL-USE QUOTA]
240806155012136 IMAPServer$ClientHandler.run()	INFO: > 32 namespace
240806155012136 IMAPServer$ClientHandler.run()	INFO: < 32 OK namespace completed
240806155012136 IMAPServer$ClientHandler.run()	INFO: > 33 ID ("name" "Thunderbird" "version" "128.0.1")
240806155012137 IMAPServer$ClientHandler.run()	INFO: < 33 OK ID completed
240806155012140 IMAPServer$ClientHandler.run()	INFO: > 34 select "INBOX"
240806155012142 IMAPServer$ClientHandler.run()	INFO: < * 6 EXISTS
240806155012142 IMAPServer$ClientHandler.run()	INFO: < * 1 RECENT
240806155012143 IMAPServer$ClientHandler.run()	INFO: < * OK [UNSEEN 15] First unseen.
240806155012143 IMAPServer$ClientHandler.run()	INFO: < 34 OK [READ-WRITE] SELECT completed
240806155012143 IMAPServer$ClientHandler.run()	INFO: > 35 getquotaroot "INBOX"
240806155012144 IMAPServer$ClientHandler.run()	INFO: < 35 OK getquotaroot completed
240806155012144 IMAPServer$ClientHandler.run()	INFO: > 36 UID fetch 1:* (FLAGS)
240806155012145 IMAPServer$ClientHandler.run()	INFO: < * 1 FETCH (UID 15 FLAGS ())
240806155012146 IMAPServer$ClientHandler.run()	INFO: < * 2 FETCH (UID 16 FLAGS ())
240806155012146 IMAPServer$ClientHandler.run()	INFO: < * 3 FETCH (UID 17 FLAGS ())
240806155012146 IMAPServer$ClientHandler.run()	INFO: < * 4 FETCH (UID 18 FLAGS ( \Seen))
240806155012146 IMAPServer$ClientHandler.run()	INFO: < * 5 FETCH (UID 25 FLAGS ( \Seen))
240806155012147 IMAPServer$ClientHandler.run()	INFO: < * 6 FETCH (UID 62 FLAGS ( \Seen))
240806155012147 IMAPServer$ClientHandler.run()	INFO: < 36 OK FETCH completed
240806155012148 IMAPServer$ClientHandler.run()	INFO: > 37 UID fetch 18 (UID RFC822.SIZE BODY[])
240806155012148 IMAPServer$ClientHandler.run()	INFO: ME PIDIERON EL CORREO 18
240806155012150 IMAPServer$ClientHandler.run()	INFO: OBTUVE EL CORREO {id=18, body=
Content-Type: multipart/alternative;
 boundary="------------Hp43xHCkexFfWonHAfHOuOYf"
Message-ID: <4b20d992-79a7-4865-a54f-1d062d53560f@julio.com>
Date: Sun, 4 Aug 2024 00:30:02 -0600
MIME-Version: 1.0
User-Agent: Mozilla Thunderbird
Content-Language: en-US
To: julio2@julio.com
From: Julio Test <julio@julio.com>
Subject: HOLA JULIO!

This is a multi-part message in MIME format.
--------------Hp43xHCkexFfWonHAfHOuOYf
Content-Type: text/plain; charset=UTF-8; format=flowed
Content-Transfer-Encoding: 8bit

*Te mando un correo con /diferentesletras _AAAAAAA_/*


  */_Header 1_/*

Hola.


🙂

--------------Hp43xHCkexFfWonHAfHOuOYf
Content-Type: text/html; charset=UTF-8
Content-Transfer-Encoding: 8bit

<!DOCTYPE html>
<html>
  <head>

    <meta http-equiv="content-type" content="text/html; charset=UTF-8">
  </head>
  <body>
    <p><b>Te mando un correo con <i>diferentes<font size="1"> letras <u>AAAAAAA</u></font></i></b></p>
    <h1><b><i><font size="1"><u>Header 1</u></font></i></b></h1>
    <p>Hola.</p>
    <p><br>
    </p>
    <p>🙂</p>
  </body>
</html>

--------------Hp43xHCkexFfWonHAfHOuOYf--
., recent=0, seen=1}
240806155012156 IMAPServer$ClientHandler.run()	INFO: < * 1 FETCH (UID 18 RFC822.SIZE 1111 BODY[] {1111}
Content-Type: multipart/alternative;
 boundary="------------Hp43xHCkexFfWonHAfHOuOYf"
Message-ID: <4b20d992-79a7-4865-a54f-1d062d53560f@julio.com>
Date: Sun, 4 Aug 2024 00:30:02 -0600
MIME-Version: 1.0
User-Agent: Mozilla Thunderbird
Content-Language: en-US
To: julio2@julio.com
From: Julio Test <julio@julio.com>
Subject: HOLA JULIO!

This is a multi-part message in MIME format.
--------------Hp43xHCkexFfWonHAfHOuOYf
Content-Type: text/plain; charset=UTF-8; format=flowed
Content-Transfer-Encoding: 8bit

*Te mando un correo con /diferentesletras _AAAAAAA_/*


  */_Header 1_/*

Hola.


🙂

--------------Hp43xHCkexFfWonHAfHOuOYf
Content-Type: text/html; charset=UTF-8
Content-Transfer-Encoding: 8bit

<!DOCTYPE html>
<html>
  <head>

    <meta http-equiv="content-type" content="text/html; charset=UTF-8">
  </head>
  <body>
    <p><b>Te mando un correo con <i>diferentes<font size="1"> letras <u>AAAAAAA</u></font></i></b></p>
    <h1><b><i><font size="1"><u>Header 1</u></font></i></b></h1>
    <p>Hola.</p>
    <p><br>
    </p>
    <p>🙂</p>
  </body>
</html>

--------------Hp43xHCkexFfWonHAfHOuOYf--
.
)
240806155012170 IMAPServer$ClientHandler.run()	INFO: < 37 OK UID FETCH completed
240806155012235 IMAPServer$ClientHandler.run()	INFO: > 38 logout
240806155012236 IMAPServer$ClientHandler.run()	INFO: < 38 OK logout completed
