240806174937973 IMAPServer$ClientHandler.run()	INFO: < * OK [CAPABILITY IMAP4rev1] IMAP Server Ready
240806174937981 IMAPServer$ClientHandler.run()	INFO: > 56 login "julio2@julio.com" "admin"
240806174937984 IMAPServer$ClientHandler.run()	INFO: < 56 OK LOGIN completed
240806174937986 IMAPServer$ClientHandler.run()	INFO: > 57 capability
240806174937987 IMAPServer$ClientHandler.run()	INFO: < 57 OK [CAPABILITY IMAP4rev1 LITERAL+ SASL-IR LOGIN-REFERRALS ID ENABLE IDLE SORT SORT=DISPLAY THREAD=REFERENCES THREAD=REFS THREAD=ORDEREDSUBJECT MULTIAPPEND URL-PARTIAL CATENATE UNSELECT CHILDREN NAMESPACE UIDPLUS LIST-EXTENDED I18NLEVEL=1 CONDSTORE QRESYNC ESEARCH ESORT SEARCHRES WITHIN CONTEXT=SEARCH LIST-STATUS BINARY MOVE NOTIFY SPECIAL-USE QUOTA]
240806174937988 IMAPServer$ClientHandler.run()	INFO: > 58 namespace
240806174937991 IMAPServer$ClientHandler.run()	INFO: < 58 OK namespace completed
240806174937992 IMAPServer$ClientHandler.run()	INFO: > 59 ID ("name" "Thunderbird" "version" "128.0.1")
240806174937993 IMAPServer$ClientHandler.run()	INFO: < 59 OK ID completed
240806174937994 IMAPServer$ClientHandler.run()	INFO: > 60 select "INBOX"
240806174938122 IMAPServer$ClientHandler.run()	INFO: < * 8 EXISTS
240806174938122 IMAPServer$ClientHandler.run()	INFO: < * 3 RECENT
240806174938123 IMAPServer$ClientHandler.run()	INFO: < * OK [UNSEEN 15] First unseen.
240806174938124 IMAPServer$ClientHandler.run()	INFO: < 60 OK [READ-WRITE] SELECT completed
240806174938124 IMAPServer$ClientHandler.run()	INFO: > 61 getquotaroot "INBOX"
240806174938125 IMAPServer$ClientHandler.run()	INFO: < 61 OK getquotaroot completed
240806174938126 IMAPServer$ClientHandler.run()	INFO: > 62 UID fetch 1:* (FLAGS)
240806174938131 IMAPServer$ClientHandler.run()	INFO: < * 15 FETCH (UID 15 FLAGS ())
240806174938131 IMAPServer$ClientHandler.run()	INFO: < * 16 FETCH (UID 16 FLAGS ())
240806174938132 IMAPServer$ClientHandler.run()	INFO: < * 17 FETCH (UID 17 FLAGS ())
240806174938132 IMAPServer$ClientHandler.run()	INFO: < * 18 FETCH (UID 18 FLAGS ( \Seen))
240806174938133 IMAPServer$ClientHandler.run()	INFO: < * 25 FETCH (UID 25 FLAGS ( \Seen))
240806174938133 IMAPServer$ClientHandler.run()	INFO: < * 62 FETCH (UID 62 FLAGS ( \Recent \Seen))
240806174938134 IMAPServer$ClientHandler.run()	INFO: < * 69 FETCH (UID 69 FLAGS ( \Recent \Seen))
240806174938134 IMAPServer$ClientHandler.run()	INFO: < * 72 FETCH (UID 72 FLAGS ( \Recent \Seen))
240806174938135 IMAPServer$ClientHandler.run()	INFO: < 62 OK FETCH completed
240806174940152 IMAPServer$ClientHandler.run()	INFO: > 63 IDLE
240806174940153 IMAPServer$ClientHandler.run()	INFO: < 63 OK IDLE completed
