240803235257889 IMAPServer$ClientHandler.run()	INFO: < * OK [CAPABILITY IMAP4rev1] IMAP Server Ready
240803235257902 IMAPServer$ClientHandler.run()	INFO: > 27 login "julio@julio.com" "admin"
240803235257902 IMAPServer$ClientHandler.run()	INFO: < 27 OK LOGIN completed
240803235257904 IMAPServer$ClientHandler.run()	INFO: > 28 capability
240803235257905 IMAPServer$ClientHandler.run()	INFO: < 28 OK [CAPABILITY IMAP4rev1 LITERAL+ SASL-IR LOGIN-REFERRALS ID ENABLE IDLE SORT SORT=DISPLAY THREAD=REFERENCES THREAD=REFS THREAD=ORDEREDSUBJECT MULTIAPPEND URL-PARTIAL CATENATE UNSELECT CHILDREN NAMESPACE UIDPLUS LIST-EXTENDED I18NLEVEL=1 CONDSTORE QRESYNC ESEARCH ESORT SEARCHRES WITHIN CONTEXT=SEARCH LIST-STATUS BINARY MOVE NOTIFY SPECIAL-USE QUOTA]
240803235257906 IMAPServer$ClientHandler.run()	INFO: > 29 namespace
240803235257906 IMAPServer$ClientHandler.run()	INFO: < 29 OK namespace completed
240803235257907 IMAPServer$ClientHandler.run()	INFO: > 30 ID ("name" "Thunderbird" "version" "128.0.1")
240803235257908 IMAPServer$ClientHandler.run()	INFO: < 30 OK ID completed
240803235257910 IMAPServer$ClientHandler.run()	INFO: > 31 select "INBOX"
240803235257913 IMAPServer$ClientHandler.run()	INFO: < * 8 EXISTS
240803235257914 IMAPServer$ClientHandler.run()	INFO: < * 3 RECENT
240803235257914 IMAPServer$ClientHandler.run()	INFO: < * OK [UNSEEN 3] First unseen.
240803235257915 IMAPServer$ClientHandler.run()	INFO: < 31 OK [READ-WRITE] SELECT completed
240803235257916 IMAPServer$ClientHandler.run()	INFO: > 32 getquotaroot "INBOX"
240803235257916 IMAPServer$ClientHandler.run()	INFO: < 32 OK getquotaroot completed
240803235257920 IMAPServer$ClientHandler.run()	INFO: > 33 UID fetch 1:* (FLAGS)
240803235257923 IMAPServer$ClientHandler.run()	INFO: < * 1 FETCH (UID 3 FLAGS ())
240803235257924 IMAPServer$ClientHandler.run()	INFO: < * 2 FETCH (UID 5 FLAGS ())
240803235257924 IMAPServer$ClientHandler.run()	INFO: < * 3 FETCH (UID 8 FLAGS ())
240803235257925 IMAPServer$ClientHandler.run()	INFO: < * 4 FETCH (UID 10 FLAGS ())
240803235257925 IMAPServer$ClientHandler.run()	INFO: < * 5 FETCH (UID 11 FLAGS ())
240803235257926 IMAPServer$ClientHandler.run()	INFO: < * 6 FETCH (UID 12 FLAGS (\Recent))
240803235257926 IMAPServer$ClientHandler.run()	INFO: < * 7 FETCH (UID 13 FLAGS (\Recent))
240803235257927 IMAPServer$ClientHandler.run()	INFO: < * 8 FETCH (UID 14 FLAGS (\Recent))
240803235257927 IMAPServer$ClientHandler.run()	INFO: < 33 OK FETCH completed
240803235257928 IMAPServer$ClientHandler.run()	INFO: > 34 UID fetch 13:14 (UID RFC822.SIZE FLAGS BODY.PEEK[HEADER.FIELDS (From To Cc Bcc Subject Date Message-ID Priority X-Priority References Newsgroups In-Reply-To Content-Type Reply-To)])
240803235257930 IMAPServer$ClientHandler.run()	INFO: < * 1 FETCH (UID 13 FLAGS (\Recent) BODY[HEADER.FIELDS (From To Cc Bcc Subject Date Message-ID Priority X-Priority References Newsgroups In-Reply-To Content-Type Reply-To)] {337}
Message-ID: <1b3c7bd9-2f6f-4a1a-9215-d6c8b2999f52@julio.com>
Date: Sat, 3 Aug 2024 22:06:56 -0600
MIME-Version: 1.0
User-Agent: Mozilla Thunderbird
Content-Language: en-US
To: julio@julio.com
From: Julio Test <julio@julio.com>
Subject: Nuevo mensaje
Content-Type: text/plain; charset=UTF-8; format=flowed
Content-Transfer-Encoding: 8bit)
240803235257933 IMAPServer$ClientHandler.run()	INFO: < * 2 FETCH (UID 14 FLAGS (\Recent) BODY[HEADER.FIELDS (From To Cc Bcc Subject Date Message-ID Priority X-Priority References Newsgroups In-Reply-To Content-Type Reply-To)] {370}
Message-ID: <9dee7988-5a43-423b-bd96-ebea14b2b2d2@julio.com>
Date: Sat, 3 Aug 2024 22:57:14 -0600
MIME-Version: 1.0
User-Agent: Mozilla Thunderbird
Content-Language: en-US
To: julio@julio.com, julio2@julio.com
From: Julio2 <julio2@julio.com>
Subject: NUEVO CORREO! para probar fetch
Content-Type: text/plain; charset=UTF-8; format=flowed
Content-Transfer-Encoding: 7bit)
240803235257935 IMAPServer$ClientHandler.run()	INFO: < 34 OK UID FETCH completed
240803235258008 IMAPServer$ClientHandler.run()	INFO: > 35 logout
240803235258009 IMAPServer$ClientHandler.run()	INFO: < 35 OK logout completed
