240804034113828 IMAPServer$ClientHandler.run()	INFO: < * OK [CAPABILITY IMAP4rev1] IMAP Server Ready
240804034113838 IMAPServer$ClientHandler.run()	INFO: > 28 login "julio@julio.com" "admin"
240804034113842 IMAPServer$ClientHandler.run()	INFO: < 28 OK LOGIN completed
240804034113843 IMAPServer$ClientHandler.run()	INFO: > 29 capability
240804034113845 IMAPServer$ClientHandler.run()	INFO: < 29 OK [CAPABILITY IMAP4rev1 LITERAL+ SASL-IR LOGIN-REFERRALS ID ENABLE IDLE SORT SORT=DISPLAY THREAD=REFERENCES THREAD=REFS THREAD=ORDEREDSUBJECT MULTIAPPEND URL-PARTIAL CATENATE UNSELECT CHILDREN NAMESPACE UIDPLUS LIST-EXTENDED I18NLEVEL=1 CONDSTORE QRESYNC ESEARCH ESORT SEARCHRES WITHIN CONTEXT=SEARCH LIST-STATUS BINARY MOVE NOTIFY SPECIAL-USE QUOTA]
240804034113847 IMAPServer$ClientHandler.run()	INFO: > 30 namespace
240804034113853 IMAPServer$ClientHandler.run()	INFO: < 30 OK namespace completed
240804034113854 IMAPServer$ClientHandler.run()	INFO: > 31 ID ("name" "Thunderbird" "version" "128.0.1")
240804034113855 IMAPServer$ClientHandler.run()	INFO: < 31 OK ID completed
240804034113860 IMAPServer$ClientHandler.run()	INFO: > 32 select "INBOX"
240804034113988 IMAPServer$ClientHandler.run()	INFO: < * 22 EXISTS
240804034113989 IMAPServer$ClientHandler.run()	INFO: < * 17 RECENT
240804034113991 IMAPServer$ClientHandler.run()	INFO: < * OK [UNSEEN 3] First unseen.
240804034113992 IMAPServer$ClientHandler.run()	INFO: < 32 OK [READ-WRITE] SELECT completed
240804034113993 IMAPServer$ClientHandler.run()	INFO: > 33 getquotaroot "INBOX"
240804034113994 IMAPServer$ClientHandler.run()	INFO: < 33 OK getquotaroot completed
240804034113996 IMAPServer$ClientHandler.run()	INFO: > 34 UID fetch 1:* (FLAGS)
240804034114006 IMAPServer$ClientHandler.run()	INFO: < * 1 FETCH (UID 3 FLAGS ())
240804034114007 IMAPServer$ClientHandler.run()	INFO: < * 2 FETCH (UID 5 FLAGS ())
240804034114008 IMAPServer$ClientHandler.run()	INFO: < * 3 FETCH (UID 8 FLAGS ())
240804034114009 IMAPServer$ClientHandler.run()	INFO: < * 4 FETCH (UID 10 FLAGS ())
240804034114010 IMAPServer$ClientHandler.run()	INFO: < * 5 FETCH (UID 11 FLAGS ())
240804034114011 IMAPServer$ClientHandler.run()	INFO: < * 6 FETCH (UID 12 FLAGS ( \Recent))
240804034114011 IMAPServer$ClientHandler.run()	INFO: < * 7 FETCH (UID 13 FLAGS ( \Recent \Seen))
240804034114012 IMAPServer$ClientHandler.run()	INFO: < * 8 FETCH (UID 14 FLAGS ( \Recent \Seen))
240804034114013 IMAPServer$ClientHandler.run()	INFO: < * 9 FETCH (UID 19 FLAGS ( \Recent \Seen))
240804034114013 IMAPServer$ClientHandler.run()	INFO: < * 10 FETCH (UID 20 FLAGS ( \Recent))
240804034114014 IMAPServer$ClientHandler.run()	INFO: < * 11 FETCH (UID 21 FLAGS ( \Recent))
240804034114015 IMAPServer$ClientHandler.run()	INFO: < * 12 FETCH (UID 22 FLAGS ( \Recent))
240804034114016 IMAPServer$ClientHandler.run()	INFO: < * 13 FETCH (UID 23 FLAGS ( \Recent))
240804034114016 IMAPServer$ClientHandler.run()	INFO: < * 14 FETCH (UID 24 FLAGS ( \Recent))
240804034114017 IMAPServer$ClientHandler.run()	INFO: < * 15 FETCH (UID 26 FLAGS ( \Recent \Seen))
240804034114018 IMAPServer$ClientHandler.run()	INFO: < * 16 FETCH (UID 27 FLAGS ( \Recent))
240804034114018 IMAPServer$ClientHandler.run()	INFO: < * 17 FETCH (UID 28 FLAGS ( \Recent))
240804034114019 IMAPServer$ClientHandler.run()	INFO: < * 18 FETCH (UID 29 FLAGS ( \Recent))
240804034114020 IMAPServer$ClientHandler.run()	INFO: < * 19 FETCH (UID 30 FLAGS ( \Recent))
240804034114021 IMAPServer$ClientHandler.run()	INFO: < * 20 FETCH (UID 31 FLAGS ( \Recent))
240804034114021 IMAPServer$ClientHandler.run()	INFO: < * 21 FETCH (UID 32 FLAGS ( \Recent))
240804034114022 IMAPServer$ClientHandler.run()	INFO: < * 22 FETCH (UID 33 FLAGS ( \Recent))
240804034114022 IMAPServer$ClientHandler.run()	INFO: < 34 OK FETCH completed
240804034116050 IMAPServer$ClientHandler.run()	INFO: > 35 IDLE
240804034116051 IMAPServer$ClientHandler.run()	INFO: < 35 OK IDLE completed
240804034119867 IMAPServer$ClientHandler.run()	INFO: > DONE
240804034119868 IMAPServer$ClientHandler.run()	INFO: < DONE OK completed
240804034119896 IMAPServer$ClientHandler.run()	INFO: > 37 login "julio@julio.com" "admin"
240804034119897 IMAPServer$ClientHandler.run()	INFO: < 37 OK LOGIN completed
240804034119904 IMAPServer$ClientHandler.run()	INFO: > 38 capability
240804034119906 IMAPServer$ClientHandler.run()	INFO: < 38 OK [CAPABILITY IMAP4rev1 LITERAL+ SASL-IR LOGIN-REFERRALS ID ENABLE IDLE SORT SORT=DISPLAY THREAD=REFERENCES THREAD=REFS THREAD=ORDEREDSUBJECT MULTIAPPEND URL-PARTIAL CATENATE UNSELECT CHILDREN NAMESPACE UIDPLUS LIST-EXTENDED I18NLEVEL=1 CONDSTORE QRESYNC ESEARCH ESORT SEARCHRES WITHIN CONTEXT=SEARCH LIST-STATUS BINARY MOVE NOTIFY SPECIAL-USE QUOTA]
240804034119907 IMAPServer$ClientHandler.run()	INFO: > 39 namespace
240804034119908 IMAPServer$ClientHandler.run()	INFO: < 39 OK namespace completed
240804034119909 IMAPServer$ClientHandler.run()	INFO: > 40 ID ("name" "Thunderbird" "version" "128.0.1")
240804034119911 IMAPServer$ClientHandler.run()	INFO: < 40 OK ID completed
240804034119930 IMAPServer$ClientHandler.run()	INFO: > 41 select "INBOX"
240804034119934 IMAPServer$ClientHandler.run()	INFO: < * 22 EXISTS
240804034119935 IMAPServer$ClientHandler.run()	INFO: < * 17 RECENT
240804034119936 IMAPServer$ClientHandler.run()	INFO: < * OK [UNSEEN 3] First unseen.
240804034119937 IMAPServer$ClientHandler.run()	INFO: < 41 OK [READ-WRITE] SELECT completed
240804034119939 IMAPServer$ClientHandler.run()	INFO: > 42 getquotaroot "INBOX"
240804034119940 IMAPServer$ClientHandler.run()	INFO: < 42 OK getquotaroot completed
240804034119940 IMAPServer$ClientHandler.run()	INFO: > 43 UID fetch 1:* (FLAGS)
240804034119944 IMAPServer$ClientHandler.run()	INFO: < * 1 FETCH (UID 3 FLAGS ())
240804034119945 IMAPServer$ClientHandler.run()	INFO: < * 2 FETCH (UID 5 FLAGS ())
240804034119946 IMAPServer$ClientHandler.run()	INFO: < * 3 FETCH (UID 8 FLAGS ())
240804034119947 IMAPServer$ClientHandler.run()	INFO: < * 4 FETCH (UID 10 FLAGS ())
240804034119948 IMAPServer$ClientHandler.run()	INFO: < * 5 FETCH (UID 11 FLAGS ())
240804034119949 IMAPServer$ClientHandler.run()	INFO: < * 6 FETCH (UID 12 FLAGS ( \Recent))
240804034119950 IMAPServer$ClientHandler.run()	INFO: < * 7 FETCH (UID 13 FLAGS ( \Recent \Seen))
240804034119951 IMAPServer$ClientHandler.run()	INFO: < * 8 FETCH (UID 14 FLAGS ( \Recent \Seen))
240804034119952 IMAPServer$ClientHandler.run()	INFO: < * 9 FETCH (UID 19 FLAGS ( \Recent \Seen))
240804034119952 IMAPServer$ClientHandler.run()	INFO: < * 10 FETCH (UID 20 FLAGS ( \Recent))
240804034119953 IMAPServer$ClientHandler.run()	INFO: < * 11 FETCH (UID 21 FLAGS ( \Recent))
240804034119954 IMAPServer$ClientHandler.run()	INFO: < * 12 FETCH (UID 22 FLAGS ( \Recent))
240804034119954 IMAPServer$ClientHandler.run()	INFO: < * 13 FETCH (UID 23 FLAGS ( \Recent))
240804034119955 IMAPServer$ClientHandler.run()	INFO: < * 14 FETCH (UID 24 FLAGS ( \Recent))
240804034119956 IMAPServer$ClientHandler.run()	INFO: < * 15 FETCH (UID 26 FLAGS ( \Recent \Seen))
240804034119956 IMAPServer$ClientHandler.run()	INFO: < * 16 FETCH (UID 27 FLAGS ( \Recent))
240804034119957 IMAPServer$ClientHandler.run()	INFO: < * 17 FETCH (UID 28 FLAGS ( \Recent))
240804034119958 IMAPServer$ClientHandler.run()	INFO: < * 18 FETCH (UID 29 FLAGS ( \Recent))
240804034119958 IMAPServer$ClientHandler.run()	INFO: < * 19 FETCH (UID 30 FLAGS ( \Recent))
240804034119959 IMAPServer$ClientHandler.run()	INFO: < * 20 FETCH (UID 31 FLAGS ( \Recent))
240804034119960 IMAPServer$ClientHandler.run()	INFO: < * 21 FETCH (UID 32 FLAGS ( \Recent))
240804034119960 IMAPServer$ClientHandler.run()	INFO: < * 22 FETCH (UID 33 FLAGS ( \Recent))
240804034119961 IMAPServer$ClientHandler.run()	INFO: < 43 OK FETCH completed
240804034121986 IMAPServer$ClientHandler.run()	INFO: > 44 IDLE
240804034121988 IMAPServer$ClientHandler.run()	INFO: < 44 OK IDLE completed
240804034142847 IMAPServer$ClientHandler.run()	INFO: > DONE
240804034142848 IMAPServer$ClientHandler.run()	INFO: < DONE OK completed
240804034142850 IMAPServer$ClientHandler.run()	INFO: > 46 login "julio@julio.com" "admin"
240804034142850 IMAPServer$ClientHandler.run()	INFO: < 46 OK LOGIN completed
240804034142851 IMAPServer$ClientHandler.run()	INFO: > 47 capability
240804034142852 IMAPServer$ClientHandler.run()	INFO: < 47 OK [CAPABILITY IMAP4rev1 LITERAL+ SASL-IR LOGIN-REFERRALS ID ENABLE IDLE SORT SORT=DISPLAY THREAD=REFERENCES THREAD=REFS THREAD=ORDEREDSUBJECT MULTIAPPEND URL-PARTIAL CATENATE UNSELECT CHILDREN NAMESPACE UIDPLUS LIST-EXTENDED I18NLEVEL=1 CONDSTORE QRESYNC ESEARCH ESORT SEARCHRES WITHIN CONTEXT=SEARCH LIST-STATUS BINARY MOVE NOTIFY SPECIAL-USE QUOTA]
240804034142855 IMAPServer$ClientHandler.run()	INFO: > 48 namespace
240804034142856 IMAPServer$ClientHandler.run()	INFO: < 48 OK namespace completed
240804034142857 IMAPServer$ClientHandler.run()	INFO: > 49 ID ("name" "Thunderbird" "version" "128.0.1")
240804034142858 IMAPServer$ClientHandler.run()	INFO: < 49 OK ID completed
240804034142860 IMAPServer$ClientHandler.run()	INFO: > 50 select "INBOX"
240804034142862 IMAPServer$ClientHandler.run()	INFO: < * 22 EXISTS
240804034142862 IMAPServer$ClientHandler.run()	INFO: < * 17 RECENT
240804034142863 IMAPServer$ClientHandler.run()	INFO: < * OK [UNSEEN 3] First unseen.
240804034142863 IMAPServer$ClientHandler.run()	INFO: < 50 OK [READ-WRITE] SELECT completed
240804034142864 IMAPServer$ClientHandler.run()	INFO: > 51 getquotaroot "INBOX"
240804034142864 IMAPServer$ClientHandler.run()	INFO: < 51 OK getquotaroot completed
240804034142865 IMAPServer$ClientHandler.run()	INFO: > 52 UID fetch 1:* (FLAGS)
240804034142867 IMAPServer$ClientHandler.run()	INFO: < * 1 FETCH (UID 3 FLAGS ())
240804034142867 IMAPServer$ClientHandler.run()	INFO: < * 2 FETCH (UID 5 FLAGS ())
240804034142868 IMAPServer$ClientHandler.run()	INFO: < * 3 FETCH (UID 8 FLAGS ())
240804034142868 IMAPServer$ClientHandler.run()	INFO: < * 4 FETCH (UID 10 FLAGS ())
240804034142869 IMAPServer$ClientHandler.run()	INFO: < * 5 FETCH (UID 11 FLAGS ())
240804034142869 IMAPServer$ClientHandler.run()	INFO: < * 6 FETCH (UID 12 FLAGS ( \Recent))
240804034142870 IMAPServer$ClientHandler.run()	INFO: < * 7 FETCH (UID 13 FLAGS ( \Recent \Seen))
240804034142871 IMAPServer$ClientHandler.run()	INFO: < * 8 FETCH (UID 14 FLAGS ( \Recent \Seen))
240804034142871 IMAPServer$ClientHandler.run()	INFO: < * 9 FETCH (UID 19 FLAGS ( \Recent \Seen))
240804034142871 IMAPServer$ClientHandler.run()	INFO: < * 10 FETCH (UID 20 FLAGS ( \Recent))
240804034142872 IMAPServer$ClientHandler.run()	INFO: < * 11 FETCH (UID 21 FLAGS ( \Recent))
240804034142872 IMAPServer$ClientHandler.run()	INFO: < * 12 FETCH (UID 22 FLAGS ( \Recent))
240804034142872 IMAPServer$ClientHandler.run()	INFO: < * 13 FETCH (UID 23 FLAGS ( \Recent))
240804034142873 IMAPServer$ClientHandler.run()	INFO: < * 14 FETCH (UID 24 FLAGS ( \Recent))
240804034142873 IMAPServer$ClientHandler.run()	INFO: < * 15 FETCH (UID 26 FLAGS ( \Recent \Seen))
240804034142874 IMAPServer$ClientHandler.run()	INFO: < * 16 FETCH (UID 27 FLAGS ( \Recent))
240804034142874 IMAPServer$ClientHandler.run()	INFO: < * 17 FETCH (UID 28 FLAGS ( \Recent))
240804034142874 IMAPServer$ClientHandler.run()	INFO: < * 18 FETCH (UID 29 FLAGS ( \Recent))
240804034142875 IMAPServer$ClientHandler.run()	INFO: < * 19 FETCH (UID 30 FLAGS ( \Recent))
240804034142875 IMAPServer$ClientHandler.run()	INFO: < * 20 FETCH (UID 31 FLAGS ( \Recent))
240804034142876 IMAPServer$ClientHandler.run()	INFO: < * 21 FETCH (UID 32 FLAGS ( \Recent))
240804034142876 IMAPServer$ClientHandler.run()	INFO: < * 22 FETCH (UID 33 FLAGS ( \Recent))
240804034142877 IMAPServer$ClientHandler.run()	INFO: < 52 OK FETCH completed
240804034144894 IMAPServer$ClientHandler.run()	INFO: > 53 IDLE
240804034144895 IMAPServer$ClientHandler.run()	INFO: < 53 OK IDLE completed
