240804032524636 IMAPServer$ClientHandler.run()	INFO: < * OK [CAPABILITY IMAP4rev1] IMAP Server Ready
240804032524647 IMAPServer$ClientHandler.run()	INFO: > 81 login "julio2@julio.com" "admin"
240804032524650 IMAPServer$ClientHandler.run()	INFO: < 81 OK LOGIN completed
240804032524652 IMAPServer$ClientHandler.run()	INFO: > 82 capability
240804032524653 IMAPServer$ClientHandler.run()	INFO: < 82 OK [CAPABILITY IMAP4rev1 LITERAL+ SASL-IR LOGIN-REFERRALS ID ENABLE IDLE SORT SORT=DISPLAY THREAD=REFERENCES THREAD=REFS THREAD=ORDEREDSUBJECT MULTIAPPEND URL-PARTIAL CATENATE UNSELECT CHILDREN NAMESPACE UIDPLUS LIST-EXTENDED I18NLEVEL=1 CONDSTORE QRESYNC ESEARCH ESORT SEARCHRES WITHIN CONTEXT=SEARCH LIST-STATUS BINARY MOVE NOTIFY SPECIAL-USE QUOTA]
240804032524654 IMAPServer$ClientHandler.run()	INFO: > 83 namespace
240804032524659 IMAPServer$ClientHandler.run()	INFO: < 83 OK namespace completed
240804032524660 IMAPServer$ClientHandler.run()	INFO: > 84 ID ("name" "Thunderbird" "version" "128.0.1")
240804032524662 IMAPServer$ClientHandler.run()	INFO: < 84 OK ID completed
240804032524665 IMAPServer$ClientHandler.run()	INFO: > 85 select "INBOX"
240804032524784 IMAPServer$ClientHandler.run()	INFO: < * 5 EXISTS
240804032524785 IMAPServer$ClientHandler.run()	INFO: < * 5 RECENT
240804032524786 IMAPServer$ClientHandler.run()	INFO: < * OK [UNSEEN 15] First unseen.
240804032524787 IMAPServer$ClientHandler.run()	INFO: < 85 OK [READ-WRITE] SELECT completed
240804032524787 IMAPServer$ClientHandler.run()	INFO: > 86 getquotaroot "INBOX"
240804032524788 IMAPServer$ClientHandler.run()	INFO: < 86 OK getquotaroot completed
240804032524789 IMAPServer$ClientHandler.run()	INFO: > 87 UID fetch 1:* (FLAGS)
240804032524800 IMAPServer$ClientHandler.run()	INFO: < * 1 FETCH (UID 15 FLAGS ( \Recent))
240804032524801 IMAPServer$ClientHandler.run()	INFO: < * 2 FETCH (UID 16 FLAGS ( \Recent))
240804032524802 IMAPServer$ClientHandler.run()	INFO: < * 3 FETCH (UID 17 FLAGS ( \Recent))
240804032524803 IMAPServer$ClientHandler.run()	INFO: < * 4 FETCH (UID 18 FLAGS ( \Recent \Seen))
240804032524804 IMAPServer$ClientHandler.run()	INFO: < * 5 FETCH (UID 25 FLAGS ( \Recent \Seen))
240804032524804 IMAPServer$ClientHandler.run()	INFO: < 87 OK FETCH completed
240804032526813 IMAPServer$ClientHandler.run()	INFO: > 88 IDLE
240804032526814 IMAPServer$ClientHandler.run()	INFO: < 88 OK IDLE completed
240804032530547 IMAPServer$ClientHandler.run()	INFO: > DONE
240804032530549 IMAPServer$ClientHandler.run()	INFO: < DONE OK completed
240804032530592 IMAPServer$ClientHandler.run()	INFO: > 90 login "julio2@julio.com" "admin"
240804032530594 IMAPServer$ClientHandler.run()	INFO: < 90 OK LOGIN completed
240804032530603 IMAPServer$ClientHandler.run()	INFO: > 91 capability
240804032530605 IMAPServer$ClientHandler.run()	INFO: < 91 OK [CAPABILITY IMAP4rev1 LITERAL+ SASL-IR LOGIN-REFERRALS ID ENABLE IDLE SORT SORT=DISPLAY THREAD=REFERENCES THREAD=REFS THREAD=ORDEREDSUBJECT MULTIAPPEND URL-PARTIAL CATENATE UNSELECT CHILDREN NAMESPACE UIDPLUS LIST-EXTENDED I18NLEVEL=1 CONDSTORE QRESYNC ESEARCH ESORT SEARCHRES WITHIN CONTEXT=SEARCH LIST-STATUS BINARY MOVE NOTIFY SPECIAL-USE QUOTA]
240804032530609 IMAPServer$ClientHandler.run()	INFO: > 92 namespace
240804032530611 IMAPServer$ClientHandler.run()	INFO: < 92 OK namespace completed
240804032530612 IMAPServer$ClientHandler.run()	INFO: > 93 ID ("name" "Thunderbird" "version" "128.0.1")
240804032530613 IMAPServer$ClientHandler.run()	INFO: < 93 OK ID completed
240804032530615 IMAPServer$ClientHandler.run()	INFO: > 94 select "INBOX"
240804032530619 IMAPServer$ClientHandler.run()	INFO: < * 5 EXISTS
240804032530620 IMAPServer$ClientHandler.run()	INFO: < * 5 RECENT
240804032530621 IMAPServer$ClientHandler.run()	INFO: < * OK [UNSEEN 15] First unseen.
240804032530622 IMAPServer$ClientHandler.run()	INFO: < 94 OK [READ-WRITE] SELECT completed
240804032530625 IMAPServer$ClientHandler.run()	INFO: > 95 getquotaroot "INBOX"
240804032530626 IMAPServer$ClientHandler.run()	INFO: < 95 OK getquotaroot completed
240804032530630 IMAPServer$ClientHandler.run()	INFO: > 96 UID fetch 1:* (FLAGS)
240804032530634 IMAPServer$ClientHandler.run()	INFO: < * 1 FETCH (UID 15 FLAGS ( \Recent))
240804032530635 IMAPServer$ClientHandler.run()	INFO: < * 2 FETCH (UID 16 FLAGS ( \Recent))
240804032530636 IMAPServer$ClientHandler.run()	INFO: < * 3 FETCH (UID 17 FLAGS ( \Recent))
240804032530637 IMAPServer$ClientHandler.run()	INFO: < * 4 FETCH (UID 18 FLAGS ( \Recent \Seen))
240804032530638 IMAPServer$ClientHandler.run()	INFO: < * 5 FETCH (UID 25 FLAGS ( \Recent \Seen))
240804032530639 IMAPServer$ClientHandler.run()	INFO: < 96 OK FETCH completed
240804032532687 IMAPServer$ClientHandler.run()	INFO: > 97 IDLE
240804032532688 IMAPServer$ClientHandler.run()	INFO: < 97 OK IDLE completed
240804032536871 IMAPServer$ClientHandler.run()	INFO: > DONE
240804032536872 IMAPServer$ClientHandler.run()	INFO: < DONE OK completed
240804032536898 IMAPServer$ClientHandler.run()	INFO: > 99 login "julio2@julio.com" "admin"
240804032536899 IMAPServer$ClientHandler.run()	INFO: < 99 OK LOGIN completed
240804032536901 IMAPServer$ClientHandler.run()	INFO: > 100 capability
240804032536901 IMAPServer$ClientHandler.run()	INFO: < 100 OK [CAPABILITY IMAP4rev1 LITERAL+ SASL-IR LOGIN-REFERRALS ID ENABLE IDLE SORT SORT=DISPLAY THREAD=REFERENCES THREAD=REFS THREAD=ORDEREDSUBJECT MULTIAPPEND URL-PARTIAL CATENATE UNSELECT CHILDREN NAMESPACE UIDPLUS LIST-EXTENDED I18NLEVEL=1 CONDSTORE QRESYNC ESEARCH ESORT SEARCHRES WITHIN CONTEXT=SEARCH LIST-STATUS BINARY MOVE NOTIFY SPECIAL-USE QUOTA]
240804032536902 IMAPServer$ClientHandler.run()	INFO: > 101 namespace
240804032536903 IMAPServer$ClientHandler.run()	INFO: < 101 OK namespace completed
240804032536903 IMAPServer$ClientHandler.run()	INFO: > 102 ID ("name" "Thunderbird" "version" "128.0.1")
240804032536904 IMAPServer$ClientHandler.run()	INFO: < 102 OK ID completed
240804032536910 IMAPServer$ClientHandler.run()	INFO: > 103 select "INBOX"
240804032536913 IMAPServer$ClientHandler.run()	INFO: < * 5 EXISTS
240804032536914 IMAPServer$ClientHandler.run()	INFO: < * 5 RECENT
240804032536914 IMAPServer$ClientHandler.run()	INFO: < * OK [UNSEEN 15] First unseen.
240804032536915 IMAPServer$ClientHandler.run()	INFO: < 103 OK [READ-WRITE] SELECT completed
240804032536915 IMAPServer$ClientHandler.run()	INFO: > 104 getquotaroot "INBOX"
240804032536916 IMAPServer$ClientHandler.run()	INFO: < 104 OK getquotaroot completed
240804032536920 IMAPServer$ClientHandler.run()	INFO: > 105 UID fetch 1:* (FLAGS)
240804032536922 IMAPServer$ClientHandler.run()	INFO: < * 1 FETCH (UID 15 FLAGS ( \Recent))
240804032536923 IMAPServer$ClientHandler.run()	INFO: < * 2 FETCH (UID 16 FLAGS ( \Recent))
240804032536924 IMAPServer$ClientHandler.run()	INFO: < * 3 FETCH (UID 17 FLAGS ( \Recent))
240804032536925 IMAPServer$ClientHandler.run()	INFO: < * 4 FETCH (UID 18 FLAGS ( \Recent \Seen))
240804032536925 IMAPServer$ClientHandler.run()	INFO: < * 5 FETCH (UID 25 FLAGS ( \Recent \Seen))
240804032536926 IMAPServer$ClientHandler.run()	INFO: < 105 OK FETCH completed
240804032538951 IMAPServer$ClientHandler.run()	INFO: > 106 IDLE
240804032538951 IMAPServer$ClientHandler.run()	INFO: < 106 OK IDLE completed
