240804004653792 IMAPServer$ClientHandler.run()	INFO: < * OK [CAPABILITY IMAP4rev1] IMAP Server Ready
240804004653801 IMAPServer$ClientHandler.run()	INFO: > 41 login "julio2@julio.com" "admin"
240804004653804 IMAPServer$ClientHandler.run()	INFO: < 41 OK LOGIN completed
240804004653805 IMAPServer$ClientHandler.run()	INFO: > 42 capability
240804004653807 IMAPServer$ClientHandler.run()	INFO: < 42 OK [CAPABILITY IMAP4rev1 LITERAL+ SASL-IR LOGIN-REFERRALS ID ENABLE IDLE SORT SORT=DISPLAY THREAD=REFERENCES THREAD=REFS THREAD=ORDEREDSUBJECT MULTIAPPEND URL-PARTIAL CATENATE UNSELECT CHILDREN NAMESPACE UIDPLUS LIST-EXTENDED I18NLEVEL=1 CONDSTORE QRESYNC ESEARCH ESORT SEARCHRES WITHIN CONTEXT=SEARCH LIST-STATUS BINARY MOVE NOTIFY SPECIAL-USE QUOTA]
240804004653808 IMAPServer$ClientHandler.run()	INFO: > 43 namespace
240804004653812 IMAPServer$ClientHandler.run()	INFO: < 43 OK namespace completed
240804004653813 IMAPServer$ClientHandler.run()	INFO: > 44 ID ("name" "Thunderbird" "version" "128.0.1")
240804004653814 IMAPServer$ClientHandler.run()	INFO: < 44 OK ID completed
240804004653816 IMAPServer$ClientHandler.run()	INFO: > 45 select "INBOX"
240804004653931 IMAPServer$ClientHandler.run()	INFO: < * 4 EXISTS
240804004653932 IMAPServer$ClientHandler.run()	INFO: < * 4 RECENT
240804004653933 IMAPServer$ClientHandler.run()	INFO: < * OK [UNSEEN 15] First unseen.
240804004653934 IMAPServer$ClientHandler.run()	INFO: < 45 OK [READ-WRITE] SELECT completed
240804004653935 IMAPServer$ClientHandler.run()	INFO: > 46 getquotaroot "INBOX"
240804004653935 IMAPServer$ClientHandler.run()	INFO: < 46 OK getquotaroot completed
240804004653936 IMAPServer$ClientHandler.run()	INFO: > 47 UID fetch 1:* (FLAGS)
240804004653937 IMAPServer$ClientHandler.run()	INFO: < 47 NO FETCH failed
240804004655944 IMAPServer$ClientHandler.run()	INFO: > 48 IDLE
240804004655945 IMAPServer$ClientHandler.run()	INFO: < 48 OK IDLE completed
