240805220647941 IMAPServer$ClientHandler.run()	INFO: < * OK [CAPABILITY IMAP4rev1] IMAP Server Ready
240805220648144 IMAPServer$ClientHandler.run()	INFO: > 95 login "julio@julio.com" "admin"
240805220648147 IMAPServer$ClientHandler.run()	INFO: < 95 OK LOGIN completed
240805220648148 IMAPServer$ClientHandler.run()	INFO: > 96 capability
240805220648150 IMAPServer$ClientHandler.run()	INFO: < 96 OK [CAPABILITY IMAP4rev1 LITERAL+ SASL-IR LOGIN-REFERRALS ID ENABLE IDLE SORT SORT=DISPLAY THREAD=REFERENCES THREAD=REFS THREAD=ORDEREDSUBJECT MULTIAPPEND URL-PARTIAL CATENATE UNSELECT CHILDREN NAMESPACE UIDPLUS LIST-EXTENDED I18NLEVEL=1 CONDSTORE QRESYNC ESEARCH ESORT SEARCHRES WITHIN CONTEXT=SEARCH LIST-STATUS BINARY MOVE NOTIFY SPECIAL-USE QUOTA]
240805220648151 IMAPServer$ClientHandler.run()	INFO: > 97 namespace
240805220648154 IMAPServer$ClientHandler.run()	INFO: < 97 OK namespace completed
240805220648155 IMAPServer$ClientHandler.run()	INFO: > 98 ID ("name" "Thunderbird" "version" "128.0.1")
240805220648156 IMAPServer$ClientHandler.run()	INFO: < 98 OK ID completed
240805220648220 IMAPServer$ClientHandler.run()	INFO: > 99 select "INBOX"
240805220648355 IMAPServer$ClientHandler.run()	INFO: < * 26 EXISTS
240805220648355 IMAPServer$ClientHandler.run()	INFO: < * 4 RECENT
240805220648356 IMAPServer$ClientHandler.run()	INFO: < * OK [UNSEEN 3] First unseen.
240805220648356 IMAPServer$ClientHandler.run()	INFO: < 99 OK [READ-WRITE] SELECT completed
240805220648374 IMAPServer$ClientHandler.run()	INFO: > 100 getquotaroot "INBOX"
240805220648374 IMAPServer$ClientHandler.run()	INFO: < 100 OK getquotaroot completed
240805220648451 IMAPServer$ClientHandler.run()	INFO: > 101 UID fetch 1:* (FLAGS)
240805220648463 IMAPServer$ClientHandler.run()	INFO: < * 1 FETCH (UID 3 FLAGS ())
240805220648464 IMAPServer$ClientHandler.run()	INFO: < * 2 FETCH (UID 5 FLAGS ())
240805220648464 IMAPServer$ClientHandler.run()	INFO: < * 3 FETCH (UID 8 FLAGS ())
240805220648465 IMAPServer$ClientHandler.run()	INFO: < * 4 FETCH (UID 10 FLAGS ())
240805220648465 IMAPServer$ClientHandler.run()	INFO: < * 5 FETCH (UID 11 FLAGS ())
240805220648466 IMAPServer$ClientHandler.run()	INFO: < * 6 FETCH (UID 12 FLAGS ())
240805220648466 IMAPServer$ClientHandler.run()	INFO: < * 7 FETCH (UID 13 FLAGS ( \Seen))
240805220648466 IMAPServer$ClientHandler.run()	INFO: < * 8 FETCH (UID 14 FLAGS ( \Seen))
240805220648467 IMAPServer$ClientHandler.run()	INFO: < * 9 FETCH (UID 19 FLAGS ( \Seen))
240805220648467 IMAPServer$ClientHandler.run()	INFO: < * 10 FETCH (UID 20 FLAGS ())
240805220648468 IMAPServer$ClientHandler.run()	INFO: < * 11 FETCH (UID 21 FLAGS ())
240805220648468 IMAPServer$ClientHandler.run()	INFO: < * 12 FETCH (UID 22 FLAGS ())
240805220648468 IMAPServer$ClientHandler.run()	INFO: < * 13 FETCH (UID 23 FLAGS ())
240805220648469 IMAPServer$ClientHandler.run()	INFO: < * 14 FETCH (UID 24 FLAGS ())
240805220648469 IMAPServer$ClientHandler.run()	INFO: < * 15 FETCH (UID 26 FLAGS ( \Seen))
240805220648469 IMAPServer$ClientHandler.run()	INFO: < * 16 FETCH (UID 27 FLAGS ( \Seen))
240805220648470 IMAPServer$ClientHandler.run()	INFO: < * 17 FETCH (UID 28 FLAGS ( \Seen))
240805220648470 IMAPServer$ClientHandler.run()	INFO: < * 18 FETCH (UID 29 FLAGS ())
240805220648471 IMAPServer$ClientHandler.run()	INFO: < * 19 FETCH (UID 30 FLAGS ())
240805220648471 IMAPServer$ClientHandler.run()	INFO: < * 20 FETCH (UID 31 FLAGS ())
240805220648472 IMAPServer$ClientHandler.run()	INFO: < * 21 FETCH (UID 32 FLAGS ())
240805220648472 IMAPServer$ClientHandler.run()	INFO: < * 22 FETCH (UID 33 FLAGS ())
240805220648472 IMAPServer$ClientHandler.run()	INFO: < * 23 FETCH (UID 35 FLAGS ( \Recent \Seen))
240805220648473 IMAPServer$ClientHandler.run()	INFO: < * 24 FETCH (UID 36 FLAGS ( \Recent \Seen))
240805220648473 IMAPServer$ClientHandler.run()	INFO: < * 25 FETCH (UID 49 FLAGS ( \Recent \Seen))
240805220648474 IMAPServer$ClientHandler.run()	INFO: < * 26 FETCH (UID 51 FLAGS ( \Recent \Seen))
240805220648474 IMAPServer$ClientHandler.run()	INFO: < 101 OK FETCH completed
240805220650671 IMAPServer$ClientHandler.run()	INFO: > 102 IDLE
240805220650672 IMAPServer$ClientHandler.run()	INFO: < 102 OK IDLE completed
