240804032802985 IMAPServer$ClientHandler.run()	INFO: < * OK [CAPABILITY IMAP4rev1] IMAP Server Ready
240804032806543 IMAPServer$ClientHandler.run()	INFO: > 24 login "julio@julio.com" "admin"
240804032806544 IMAPServer$ClientHandler.run()	INFO: < 24 OK LOGIN completed
240804032806577 IMAPServer$ClientHandler.run()	INFO: > 25 capability
240804032806578 IMAPServer$ClientHandler.run()	INFO: < 25 OK [CAPABILITY IMAP4rev1 LITERAL+ SASL-IR LOGIN-REFERRALS ID ENABLE IDLE SORT SORT=DISPLAY THREAD=REFERENCES THREAD=REFS THREAD=ORDEREDSUBJECT MULTIAPPEND URL-PARTIAL CATENATE UNSELECT CHILDREN NAMESPACE UIDPLUS LIST-EXTENDED I18NLEVEL=1 CONDSTORE QRESYNC ESEARCH ESORT SEARCHRES WITHIN CONTEXT=SEARCH LIST-STATUS BINARY MOVE NOTIFY SPECIAL-USE QUOTA]
240804032806595 IMAPServer$ClientHandler.run()	INFO: > 26 namespace
240804032806596 IMAPServer$ClientHandler.run()	INFO: < 26 OK namespace completed
240804032806598 IMAPServer$ClientHandler.run()	INFO: > 27 ID ("name" "Thunderbird" "version" "128.0.1")
240804032806600 IMAPServer$ClientHandler.run()	INFO: < 27 OK ID completed
240804032806602 IMAPServer$ClientHandler.run()	INFO: > 28 list (subscribed) "" "*" return (special-use)
240804032806603 IMAPServer$ClientHandler.run()	INFO: < 28 OK list completed
240804032806606 IMAPServer$ClientHandler.run()	INFO: > 29 list "" "INBOX"
240804032806608 IMAPServer$ClientHandler.run()	INFO: ------------ RECIBÍ: rf1:  rf2:INBOX
240804032806609 IMAPServer$ClientHandler.run()	INFO: < 29 OK LIST completed
240804032806611 IMAPServer$ClientHandler.run()	INFO: > 30 list "" "Trash"
240804032806612 IMAPServer$ClientHandler.run()	INFO: ------------ RECIBÍ: rf1:  rf2:Trash
240804032806613 IMAPServer$ClientHandler.run()	INFO: < 30 OK LIST completed
240804032806616 IMAPServer$ClientHandler.run()	INFO: > 31 create "Trash"
240804032806618 IMAPServer$ClientHandler.run()	INFO: < 31 OK create completed
240804032806619 IMAPServer$ClientHandler.run()	INFO: > 32 subscribe "Trash"
240804032806621 IMAPServer$ClientHandler.run()	INFO: < 32 OK subscribe completed
240804032806625 IMAPServer$ClientHandler.run()	INFO: > 33 list "" "Trash"
240804032806626 IMAPServer$ClientHandler.run()	INFO: ------------ RECIBÍ: rf1:  rf2:Trash
240804032806626 IMAPServer$ClientHandler.run()	INFO: < 33 OK LIST completed
