240724204212761 ThreadServer.run()	INFO: (0) > Thread waiting for new client....
240724204247481 ThreadServer.run()	INFO: (0) > Thread Accepting connection >
240724204247486 Request.getData()	INFO: (0) request: [POST /sendSMTP HTTP/1.1, Host: localhost:1000, Connection: keep-alive, Content-Length: 142, sec-ch-ua: "Not/A)Brand";v="8", "Chromium";v="126", "Google Chrome";v="126", sec-ch-ua-platform: "Windows", sec-ch-ua-mobile: ?0, User-Agent: Mozilla/5.0 (Windows NT 10.0; Win64; x64) AppleWebKit/537.36 (KHTML, like Gecko) Chrome/126.0.0.0 Safari/537.36, Content-Type: text/experiment; charset=UTF-8, Accept: */*, Origin: http://localhost:1000, Sec-Fetch-Site: same-origin, Sec-Fetch-Mode: cors, Sec-Fetch-Dest: empty, Referer: http://localhost:1000/, Accept-Encoding: gzip, deflate, br, zstd, Accept-Language: es-US,es;q=0.9,es-419;q=0.8,en;q=0.7, "from:curso_cc8@julio.com;|;to:correo_externo@julio.com, test@farfan.com;|;subject:Lab 03 - SMTP;|;body:que onda farfan\n\nAAAAAAAAA\n....;|;"]
240724204247502 Response.sendData()	INFO: SERVER START?: true
240724204247502 Response.sendData()	INFO: (0) HTTP_request.getLast() : "from:curso_cc8@julio.com;|;to:correo_externo@julio.com, test@farfan.com;|;subject:Lab 03 - SMTP;|;body:que onda farfan\n\nAAAAAAAAA\n....;|;"
240724204247503 Response.sendData()	INFO: DENTRO DE APPLICATION
240724204247504 Response.sendData()	INFO: from:curso_cc8@julio.com
240724204247505 Response.sendData()	INFO: to:correo_externo@julio.com, test@farfan.com
240724204247506 Response.sendData()	INFO: subject:Lab 03 - SMTP
240724204247506 Response.sendData()	INFO: body:que onda farfan\n\nAAAAAAAAA\n....
240724204247507 Response.sendData()	INFO: POST PAIRS MAP: {from=curso_cc8@julio.com, to=correo_externo@julio.com, test@farfan.com, subject=Lab 03 - SMTP, body=que onda farfan\n\nAAAAAAAAA\n....}
240724204247508 Response.sendData()	INFO: POST PAIRS KEYS: [from, to, subject, body]
240724204247539 Response.sendData()	INFO: (0) response: [HTTP/1.1 200 OK]
240724204247546 ThreadServer.run()	INFO: (0) > Thread :: Time: 58 milliseconds
240724204247547 ThreadServer.run()	INFO: (0) > END #
240724204252551 ThreadServer.run()	INFO: (0) > Thread waiting for new client....
240724205023210 ThreadServer.run()	INFO: (0) > Thread Accepting connection >
240724205023211 Request.getData()	INFO: (0) request: [POST /sendSMTP HTTP/1.1, Host: localhost:1000, Connection: keep-alive, Content-Length: 223, sec-ch-ua: "Not/A)Brand";v="8", "Chromium";v="126", "Google Chrome";v="126", sec-ch-ua-platform: "Windows", sec-ch-ua-mobile: ?0, User-Agent: Mozilla/5.0 (Windows NT 10.0; Win64; x64) AppleWebKit/537.36 (KHTML, like Gecko) Chrome/126.0.0.0 Safari/537.36, Content-Type: text/experiment; charset=UTF-8, Accept: */*, Origin: http://localhost:1000, Sec-Fetch-Site: same-origin, Sec-Fetch-Mode: cors, Sec-Fetch-Dest: empty, Referer: http://localhost:1000/, Accept-Encoding: gzip, deflate, br, zstd, Accept-Language: es-US,es;q=0.9,es-419;q=0.8,en;q=0.7, "from:curso_cc8@julio.com;|;to:correo_externo@julio.com, test@farfan.com, testing@pablo.com;|;subject:HOLA PABLO;|;body:QUE ONDA PABLO\n\nBBBBBBBBBBBB\n....\n\n74125853698521369874126987425654564898789889545625121545848;|;"]
240724205023213 Response.sendData()	INFO: SERVER START?: true
240724205023214 Response.sendData()	INFO: (0) HTTP_request.getLast() : "from:curso_cc8@julio.com;|;to:correo_externo@julio.com, test@farfan.com, testing@pablo.com;|;subject:HOLA PABLO;|;body:QUE ONDA PABLO\n\nBBBBBBBBBBBB\n....\n\n74125853698521369874126987425654564898789889545625121545848;|;"
240724205023215 Response.sendData()	INFO: DENTRO DE APPLICATION
240724205023215 Response.sendData()	INFO: from:curso_cc8@julio.com
240724205023215 Response.sendData()	INFO: to:correo_externo@julio.com, test@farfan.com, testing@pablo.com
240724205023216 Response.sendData()	INFO: subject:HOLA PABLO
240724205023216 Response.sendData()	INFO: body:QUE ONDA PABLO\n\nBBBBBBBBBBBB\n....\n\n74125853698521369874126987425654564898789889545625121545848
240724205023217 Response.sendData()	INFO: POST PAIRS MAP: {from=curso_cc8@julio.com, to=correo_externo@julio.com, test@farfan.com, testing@pablo.com, subject=HOLA PABLO, body=QUE ONDA PABLO\n\nBBBBBBBBBBBB\n....\n\n74125853698521369874126987425654564898789889545625121545848}
240724205023218 Response.sendData()	INFO: POST PAIRS KEYS: [from, to, subject, body]
240724205023265 Response.sendData()	INFO: (0) response: [HTTP/1.1 200 OK]
240724205023266 ThreadServer.run()	INFO: (0) > Thread :: Time: 55 milliseconds
240724205023266 ThreadServer.run()	INFO: (0) > END #
240724205028275 ThreadServer.run()	INFO: (0) > Thread waiting for new client....
