240724212346498 ThreadServer.run()	INFO: (1) > Thread waiting for new client....
240724212356488 ThreadServer.run()	INFO: (1) > Thread Accepting connection >
240724212356493 Request.getData()	INFO: (1) request: [POST /sendSMTP HTTP/1.1, Host: localhost:1000, Connection: keep-alive, Content-Length: 196, sec-ch-ua: "Not/A)Brand";v="8", "Chromium";v="126", "Google Chrome";v="126", sec-ch-ua-platform: "Windows", sec-ch-ua-mobile: ?0, User-Agent: Mozilla/5.0 (Windows NT 10.0; Win64; x64) AppleWebKit/537.36 (KHTML, like Gecko) Chrome/126.0.0.0 Safari/537.36, Content-Type: text/experiment; charset=UTF-8, Accept: */*, Origin: http://localhost:1000, Sec-Fetch-Site: same-origin, Sec-Fetch-Mode: cors, Sec-Fetch-Dest: empty, Referer: http://localhost:1000/, Accept-Encoding: gzip, deflate, br, zstd, Accept-Language: es-US,es;q=0.9,es-419;q=0.8,en;q=0.7, "from:curso_cc8@julio.com;|;to:correo_externo@julio.com, test@test.ug;|;subject:TESTING AAAA;|;body:TESTING TESGINT\n\nAAAA\n....\n\n74125853698521369874126987425654564898789889545625121545848;|;"]
240724212356508 Response.sendData()	INFO: SERVER START?: true
240724212356508 Response.sendData()	INFO: (1) HTTP_request.getLast() : "from:curso_cc8@julio.com;|;to:correo_externo@julio.com, test@test.ug;|;subject:TESTING AAAA;|;body:TESTING TESGINT\n\nAAAA\n....\n\n74125853698521369874126987425654564898789889545625121545848;|;"
240724212356509 Response.sendData()	INFO: DENTRO DE APPLICATION
240724212356510 Response.sendData()	INFO: from:curso_cc8@julio.com
240724212356511 Response.sendData()	INFO: to:correo_externo@julio.com, test@test.ug
240724212356512 Response.sendData()	INFO: subject:TESTING AAAA
240724212356512 Response.sendData()	INFO: body:TESTING TESGINT\n\nAAAA\n....\n\n74125853698521369874126987425654564898789889545625121545848
240724212356513 Response.sendData()	INFO: POST PAIRS MAP: {from=curso_cc8@julio.com, to=correo_externo@julio.com, test@test.ug, subject=TESTING AAAA, body=TESTING TESGINT\n\nAAAA\n....\n\n74125853698521369874126987425654564898789889545625121545848}
240724212356514 Response.sendData()	INFO: POST PAIRS KEYS: [from, to, subject, body]
240724212356679 Response.sendData()	INFO: (1) response: [HTTP/1.1 200 OK]
240724212356687 ThreadServer.run()	INFO: (1) > Thread :: Time: 192 milliseconds
240724212356688 ThreadServer.run()	INFO: (1) > END #
240724212401697 ThreadServer.run()	INFO: (1) > Thread waiting for new client....
240724212735032 ThreadServer.run()	INFO: (1) > Thread Accepting connection >
240724212735033 Request.getData()	INFO: (1) request: [POST /sendSMTP HTTP/1.1, Host: localhost:1000, Connection: keep-alive, Content-Length: 203, sec-ch-ua: "Not/A)Brand";v="8", "Chromium";v="126", "Google Chrome";v="126", sec-ch-ua-platform: "Windows", sec-ch-ua-mobile: ?0, User-Agent: Mozilla/5.0 (Windows NT 10.0; Win64; x64) AppleWebKit/537.36 (KHTML, like Gecko) Chrome/126.0.0.0 Safari/537.36, Content-Type: text/experiment; charset=UTF-8, Accept: */*, Origin: http://localhost:1000, Sec-Fetch-Site: same-origin, Sec-Fetch-Mode: cors, Sec-Fetch-Dest: empty, Referer: http://localhost:1000/, Accept-Encoding: gzip, deflate, br, zstd, Accept-Language: es-US,es;q=0.9,es-419;q=0.8,en;q=0.7, "from:curso_cc8@julio.com;|;to:correo_externo@julio.com, test@galileofake.gt;|;subject:TESTING AAAA;|;body:TESTING TESGINT\n\nAAAA\n....\n\n74125853698521369874126987425654564898789889545625121545848;|;"]
240724212735035 Response.sendData()	INFO: SERVER START?: true
240724212735058 Response.sendData()	INFO: (1) HTTP_request.getLast() : "from:curso_cc8@julio.com;|;to:correo_externo@julio.com, test@galileofake.gt;|;subject:TESTING AAAA;|;body:TESTING TESGINT\n\nAAAA\n....\n\n74125853698521369874126987425654564898789889545625121545848;|;"
240724212735058 Response.sendData()	INFO: DENTRO DE APPLICATION
240724212735059 Response.sendData()	INFO: from:curso_cc8@julio.com
240724212735059 Response.sendData()	INFO: to:correo_externo@julio.com, test@galileofake.gt
240724212735059 Response.sendData()	INFO: subject:TESTING AAAA
240724212735060 Response.sendData()	INFO: body:TESTING TESGINT\n\nAAAA\n....\n\n74125853698521369874126987425654564898789889545625121545848
240724212735060 Response.sendData()	INFO: POST PAIRS MAP: {from=curso_cc8@julio.com, to=correo_externo@julio.com, test@galileofake.gt, subject=TESTING AAAA, body=TESTING TESGINT\n\nAAAA\n....\n\n74125853698521369874126987425654564898789889545625121545848}
240724212735061 Response.sendData()	INFO: POST PAIRS KEYS: [from, to, subject, body]
240724212740048 Response.sendData()	INFO: (1) response: [HTTP/1.1 200 OK]
240724212740048 ThreadServer.run()	INFO: (1) > Thread :: Time: 5015 milliseconds
240724212740049 ThreadServer.run()	INFO: (1) > END #
240724212745052 ThreadServer.run()	INFO: (1) > Thread waiting for new client....
