240731143859488 ThreadServer.run()	INFO: (1) > Thread waiting for new client....
240731143904954 ThreadServer.run()	INFO: (1) > Thread Accepting connection >
240731143904955 Request.getData()	INFO: (1) request: [GET /favicon.ico HTTP/1.1, Host: localhost:1000, Connection: keep-alive, sec-ch-ua: "Not)A;Brand";v="99", "Google Chrome";v="127", "Chromium";v="127", sec-ch-ua-mobile: ?0, User-Agent: Mozilla/5.0 (Windows NT 10.0; Win64; x64) AppleWebKit/537.36 (KHTML, like Gecko) Chrome/127.0.0.0 Safari/537.36, sec-ch-ua-platform: "Windows", Accept: */*, Sec-Fetch-Site: same-origin, Sec-Fetch-Mode: cors, Sec-Fetch-Dest: empty, Referer: http://localhost:1000/, Accept-Encoding: gzip, deflate, br, zstd, Accept-Language: es-US,es;q=0.9,es-419;q=0.8,en;q=0.7, ]
240731143904957 Response.sendData()	INFO: (1) HTTP_request.get(0) : GET /favicon.ico HTTP/1.1
240731143904958 Response.sendData()	INFO: (1) response: [HTTP/1.1 200 OK, Content-Type: text/html, Content-Length: 3011, , <!DOCTYPE html>
<html lang="es">
<head>
    <meta charset="UTF-8">
    <meta name="viewport" content="width=device-width, initial-scale=1.0">
    <title>Enviar Correo Electrónico</title>
    <style>
        body {
            font-family: Arial, sans-serif;
            margin: 20px;
        }
        form {
            max-width: 600px;
            margin: 0 auto;
            padding: 20px;
            border: 1px solid #ccc;
            border-radius: 10px;
        }
        div {
            margin-bottom: 15px;
        }
        label {
            display: block;
            margin-bottom: 5px;
            font-weight: bold;
        }
        input[type="text"],
        input[type="email"],
        textarea {
            width: 90%;
            padding: 10px;
            border: 1px solid #ccc;
            border-radius: 5px;
        }
        input[type="submit"] {
            padding: 10px 20px;
            background-color: #28a745;
            color: white;
            border: none;
            border-radius: 5px;
            cursor: pointer;
        }
        input[type="submit"]:hover {
            background-color: #218838;
        }
    </style>
    <title>Formularios DEMO</title>
    <script type="text/javascript">
        function submitForm(event) {
            event.preventDefault();
            var form = event.target;
            var formData = new FormData(form);
            var jsonObject = "";
            formData.forEach(function(value, key){jsonObject = jsonObject+key+":"+value+";|;";});
            var xhr = new XMLHttpRequest();
            xhr.open(form.method, form.action, true);
            xhr.setRequestHeader('Content-Type', 'text/experiment; charset=UTF-8');
            xhr.onreadystatechange = function () {
                if (xhr.readyState === 4 && xhr.status === 200) {
                    window.alert("Mensaje Enviado!");
                } else if(xhr.readyState === 4) {
                    window.alert("Error o Time Out, " + xhr.statusText );
                }
            };
            xhr.send(JSON.stringify(jsonObject));
        }
    </script>
</head>
<body>
    <h1>Enviar Correo Electrónico</h1>
    <form action="/sendSMTP" method="post" onsubmit="submitForm(event)">
        <div>
            <label for="from">De:</label>
            <input type="email" id="from" name="from" value="curso_cc8@lab03.edu" required>
        </div>
        <div>
            <label for="to">Para:</label>
            <input type="text" id="to" name="to" value="correo_externo@galileo.edu" required>
        </div>
        <div>
            <label for="subject">Asunto:</label>
            <input type="text" id="subject" name="subject" value="Lab 03 - SMTP" required>
        </div>
        <div>
            <label for="body">Mensaje:</label>
            <textarea id="body" name="body" rows="10" required>Hola Mundo!</textarea>
        </div>
        <div>
            <input type="submit" value="Enviar">
        </div>
    </form>
</body>
</html>]
240731143904972 ThreadServer.run()	INFO: (1) > Thread :: Time: 17 milliseconds
240731143904973 ThreadServer.run()	INFO: (1) > END #
240731143909989 ThreadServer.run()	INFO: (1) > Thread waiting for new client....
240731143957810 ThreadServer.run()	INFO: (1) > Thread Accepting connection >
240731143957811 Request.getData()	INFO: (1) request: [POST /sendSMTP HTTP/1.1, Host: localhost:1000, Connection: keep-alive, Content-Length: 120, sec-ch-ua: "Not)A;Brand";v="99", "Google Chrome";v="127", "Chromium";v="127", Content-Type: text/experiment; charset=UTF-8, sec-ch-ua-mobile: ?0, User-Agent: Mozilla/5.0 (Windows NT 10.0; Win64; x64) AppleWebKit/537.36 (KHTML, like Gecko) Chrome/127.0.0.0 Safari/537.36, sec-ch-ua-platform: "Windows", Accept: */*, Origin: http://localhost:1000, Sec-Fetch-Site: same-origin, Sec-Fetch-Mode: cors, Sec-Fetch-Dest: empty, Referer: http://localhost:1000/, Accept-Encoding: gzip, deflate, br, zstd, Accept-Language: es-US,es;q=0.9,es-419;q=0.8,en;q=0.7, "from:curso_cc8@lab03.edu;|;to:test@julio.com, test@test.ug;|;subject:Test1;|;body:Hola Mundo!\n\n... hasdf\n.. .\n.;|;"]
240731143957828 Response.sendData()	INFO: SERVER START?: true
240731143957829 Response.sendData()	INFO: (1) HTTP_request.getLast() : "from:curso_cc8@lab03.edu;|;to:test@julio.com, test@test.ug;|;subject:Test1;|;body:Hola Mundo!\n\n... hasdf\n.. .\n.;|;"
240731143957830 Response.sendData()	INFO: DENTRO DE APPLICATION
240731143957830 Response.sendData()	INFO: from:curso_cc8@lab03.edu
240731143957831 Response.sendData()	INFO: to:test@julio.com, test@test.ug
240731143957832 Response.sendData()	INFO: subject:Test1
240731143957832 Response.sendData()	INFO: body:Hola Mundo!\n\n... hasdf\n.. .\n.
240731143957833 Response.sendData()	INFO: POST PAIRS MAP: {from=curso_cc8@lab03.edu, to=test@julio.com, test@test.ug, subject=Test1, body=Hola Mundo!\n\n... hasdf\n.. .\n.}
240731143957835 Response.sendData()	INFO: POST PAIRS KEYS: [from, to, subject, body]
240731143958116 Response.sendData()	INFO: (1) response: [HTTP/1.1 200 OK]
240731143958117 ThreadServer.run()	INFO: (1) > Thread :: Time: 306 milliseconds
240731143958118 ThreadServer.run()	INFO: (1) > END #
240731144003126 ThreadServer.run()	INFO: (1) > Thread waiting for new client....
