240904171329585 Main.main()	INFO: Textos de Don Quijote: 
240904171329597 Main.main()	INFO:  (17 caracteres) : En un lugar de la
240904171329598 Main.main()	INFO:  (25 caracteres) : Mancha, de cuyo nombre no
240904171329598 Main.main()	INFO:  (29 caracteres) : quiero acordarme, no ha mucho
240904171329599 Main.main()	INFO:  (46 caracteres) : tiempo que vivía un hidalgo de los de lanza en
240904171329599 Main.main()	INFO:  (38 caracteres) : astillero, adarga antigua, rocín flaco
240904171329600 Main.main()	INFO:  (21 caracteres) : y galgo corredor. Una
240904171329601 Main.main()	INFO:  (12 caracteres) : olla de algo
240904171329602 Main.main()	INFO:  (30 caracteres) : más vaca que carnero, salpicón
240904171329603 Main.main()	INFO:  (35 caracteres) : las más noches, duelos y quebrantos
240904171329603 Main.main()	INFO:  (76 caracteres) : los sábados, lentejas los viernes, algún palomino de añadidura los domingos,
240904171329604 Main.main()	INFO:  (56 caracteres) : consumían las tres partes de su hacienda. El resto della
240904171329604 Main.main()	INFO:  (44 caracteres) : concluían sayo de velarte, calzas de velludo
240904171329604 Main.main()	INFO:  (40 caracteres) : para las fiestas con sus pantuflos de lo
240904171329605 Main.main()	INFO:  (57 caracteres) : mismo, los días de entre semana se honraba con su vellori
240904171329605 Main.main()	INFO:  (15 caracteres) : de lo más fino.
240904171329606 Main.main()	INFO: MODA de longitud de palabras Don Quijote: 0
240904171329606 Main.main()	INFO: Textos de Los Mosqueteros: 
240904171329607 Main.main()	INFO:  (32 caracteres) : El primer lunes del mes de abril
240904171329607 Main.main()	INFO:  (48 caracteres) : de 1625, el burgo de Meung, donde nació el autor
240904171329608 Main.main()	INFO:  (29 caracteres) : del Roman de la Rose, parecía
240904171329608 Main.main()	INFO:  (41 caracteres) : estar en una revolución tan completa como
240904171329609 Main.main()	INFO:  (25 caracteres) : si los hugonotes hubieran
240904171329609 Main.main()	INFO:  (51 caracteres) : venido a hacer de ella una segunda Rochelle. Muchos
240904171329610 Main.main()	INFO:  (43 caracteres) : burgueses, al ver huir a las mujeres por la
240904171329610 Main.main()	INFO:  (19 caracteres) : calle Mayor, al oír
240904171329611 Main.main()	INFO:  (24 caracteres) : gritar a los niños en el
240904171329611 Main.main()	INFO:  (52 caracteres) : umbral de las puertas, se apresuraban a endosarse la
240904171329612 Main.main()	INFO:  (61 caracteres) : coraza y, respaldando su aplomo algo incierto con un mosquete
240904171329612 Main.main()	INFO:  (37 caracteres) : o una partesana, se dirigían hacia la
240904171329612 Main.main()	INFO:  (12 caracteres) : hostería del
240904171329613 Main.main()	INFO:  (58 caracteres) : Franc Meunier, ante la cual bullía, creciendo de minuto en
240904171329613 Main.main()	INFO:  (34 caracteres) : minuto, un grupo compacto, ruidoso
240904171329613 Main.main()	INFO:  (10 caracteres) : y lleno de
240904171329614 Main.main()	INFO:  (12 caracteres) : curiosidad. 
240904171329614 Main.main()	INFO: MODA de longitud de palabras Los mosqueteros: 12
