241008025109643 NTPClient.main()	INFO: Hello, CLIENT NTP!


241008025131750 NTPClient.main()	INFO: 
===== Se enviará paquete NTP con los siguientes valores: =====

241008025131751 NTPClient.main()	INFO: Server: time.asdfsdf.com
241008025131755 NTPClient.main()	INFO: Leap Indicator: 0 (00)
241008025131756 NTPClient.main()	INFO: Version Number: 3 (011)
241008025131757 NTPClient.main()	INFO: Mode: 3 (011)
241008025131759 NTPClient.main()	INFO: Stratum: 1
241008025131760 NTPClient.main()	INFO: Poll Interval: 10
241008025131760 NTPClient.main()	INFO: Precision: -10
241008025131761 NTPClient.main()	INFO: 
============================================================

241008025131763 NTPClient.main()	INFO: 1b010af60000000000000000000000000000000000000000000000000000000000000000000000000000000000000000
241008025136855 NTPClient.main()	WARNING: El servidor tardó mucho en responder. Cambiando de servidor.
241008025136856 NTPClient.main()	INFO: 
===== Se enviará paquete NTP con los siguientes valores: =====

241008025136857 NTPClient.main()	INFO: Server: time.google.com
241008025136857 NTPClient.main()	INFO: Leap Indicator: 0 (00)
241008025136858 NTPClient.main()	INFO: Version Number: 3 (011)
241008025136858 NTPClient.main()	INFO: Mode: 3 (011)
241008025136859 NTPClient.main()	INFO: Stratum: 1
241008025136859 NTPClient.main()	INFO: Poll Interval: 10
241008025136860 NTPClient.main()	INFO: Precision: -10
241008025136861 NTPClient.main()	INFO: 
============================================================

241008025136864 NTPClient.main()	INFO: 1b010af60000000000000000000000000000000000000000000000000000000000000000000000000000000000000000
241008025136932 NTPClient.main()	INFO: time.google.com > 1c010aec0000000000000005474f4f47eaaf7118f3e9ee740000000000000000eaaf7118f3e9ee75eaaf7118f3e9ee77
