241008023529182 NTPClient.main()	INFO: Hello, CLIENT NTP!
241008023530963 NTPClient.main()	INFO: 
===== Se enviar치 paquete NTP con los siguientes valores: =====

241008023530964 NTPClient.main()	INFO: Server: time.asdfsdf.com
241008023530968 NTPClient.main()	INFO: Leap Indicator: 0 (00)
241008023530969 NTPClient.main()	INFO: Version Number: 3 (011)
241008023530970 NTPClient.main()	INFO: Mode: 3 (011)
241008023530972 NTPClient.main()	INFO: Stratum: 0
241008023530973 NTPClient.main()	INFO: Poll Interval: 10
241008023530974 NTPClient.main()	INFO: Precision: -10
241008023530974 NTPClient.main()	INFO: 
============================================================

241008023530976 NTPClient.main()	INFO: 1b000af60000000000000000000000000000000000000000000000000000000000000000000000000000000000000000
241008023536075 NTPClient.main()	WARNING: El servidor tard칩 mucho en responder. Cambiando de servidor.
241008023536076 NTPClient.main()	INFO: 
===== Se enviar치 paquete NTP con los siguientes valores: =====

241008023536076 NTPClient.main()	INFO: Server: time.google.com
241008023536077 NTPClient.main()	INFO: Leap Indicator: 0 (00)
241008023536077 NTPClient.main()	INFO: Version Number: 3 (011)
241008023536078 NTPClient.main()	INFO: Mode: 3 (011)
241008023536078 NTPClient.main()	INFO: Stratum: 0
241008023536079 NTPClient.main()	INFO: Poll Interval: 10
241008023536079 NTPClient.main()	INFO: Precision: -10
241008023536079 NTPClient.main()	INFO: 
============================================================

241008023536081 NTPClient.main()	INFO: 1b000af60000000000000000000000000000000000000000000000000000000000000000000000000000000000000000
241008023536155 NTPClient.main()	INFO: time.google.com > 1c010aec0000000000000005474f4f47eaaf6d582a72fea80000000000000000eaaf6d582a72fea9eaaf6d582a72feab
241008024636557 NTPClient.main()	INFO: 
===== Se enviar치 paquete NTP con los siguientes valores: =====

241008024636558 NTPClient.main()	INFO: Server: time.google.com
241008024636559 NTPClient.main()	INFO: Leap Indicator: 0 (00)
